[INFO] [exp1_sensor_calibration] Starting Experiment 1 full calibration workflow.
[INFO] [exp1_sensor_calibration] Task 1: System bring-up verification.
[INFO] [exp1_sensor_calibration] /scan rate: 6.97 Hz (target >= 8.0)
[INFO] [exp1_sensor_calibration] /imu/data rate: 101.16 Hz (target >= 50.0)
[INFO] [exp1_sensor_calibration] Task 2: LiDAR range calibration.
[DataLogger] Writing to /home/jetson/formica_experiments/data/exp1_calibration_20260414_180902.csv

Place robot exactly 0.50 m from wall, then press ENTER.
[INFO] [exp1_sensor_calibration] LiDAR @ 0.50 m -> mean 2.3611 m | err 1.8611 m

Place robot exactly 1.00 m from wall, then press ENTER.
[INFO] [exp1_sensor_calibration] LiDAR @ 1.00 m -> mean 2.3595 m | err 1.3595 m

Place robot exactly 1.50 m from wall, then press ENTER.
[INFO] [exp1_sensor_calibration] LiDAR @ 1.50 m -> mean 2.3704 m | err 0.8704 m

Place robot exactly 2.00 m from wall, then press ENTER.
[INFO] [exp1_sensor_calibration] LiDAR @ 2.00 m -> mean 2.3683 m | err 0.3683 m
[INFO] [exp1_sensor_calibration] LiDAR RMSE: 1.2455 m (target <= 0.02)
[INFO] [exp1_sensor_calibration] Task 3: IMU angular drift calibration.
Keep robot stationary on flat surface, then press ENTER.
[INFO] [exp1_sensor_calibration] IMU drift: 3189.2368 deg/min (target <= 0.50)
[INFO] [exp1_sensor_calibration] Task 4: Wheel odometry calibration.
[INFO] [exp1_sensor_calibration] Odom trial 1: measured 2.0947 m | error 4.73%
[INFO] [exp1_sensor_calibration] Odom trial 2: measured 2.0895 m | error 4.48%
[INFO] [exp1_sensor_calibration] Odom trial 3: measured 2.0777 m | error 3.88%
[INFO] [exp1_sensor_calibration] Odom trial 4: measured 2.0736 m | error 3.68%
[INFO] [exp1_sensor_calibration] Odom trial 5: measured 2.0922 m | error 4.61%
[INFO] [exp1_sensor_calibration] Odom trial 6: measured 2.0699 m | error 3.50%
[INFO] [exp1_sensor_calibration] Odom trial 7: measured 2.0872 m | error 4.36%
[INFO] [exp1_sensor_calibration] Odom trial 8: measured 2.0838 m | error 4.19%
[INFO] [exp1_sensor_calibration] Odom trial 9: measured 2.0761 m | error 3.80%
[INFO] [exp1_sensor_calibration] Odom trial 10: measured 2.0774 m | error 3.87%
[INFO] [exp1_sensor_calibration] Odom mean +- SD: 4.11% +- 0.42%
[INFO] [exp1_sensor_calibration] Task 5: RGB-D checkerboard calibration.

Run in another terminal:
ros2 run camera_calibration cameracalibrator --size 9x7 --square 0.025 image:=/rgb/image_raw camera:=/rgb
Move checkerboard through at least 30 poses.
When calibrator displays reprojection error, type it now and press ENTER in this terminal.
Enter RGB-D reprojection error (pixels): [INFO] [exp1_sensor_calibration] RGB-D reprojection: 0.3000 px (target <= 0.50)
[INFO] [exp1_sensor_calibration] Task 6: TCRT5000 line sensor SNR calibration.

Turn OFF 620nm LED strip for ambient-noise capture, then press ENTER.
Place all line sensors over 620nm LED strip at 5 cm and press ENTER.
Place all line sensors over 620nm LED strip at 10 cm and press ENTER.
Place all line sensors over 620nm LED strip at 15 cm and press ENTER.
[INFO] [exp1_sensor_calibration] TCRT5000 SNR: 19.20 dB (target >= 6.0)
[INFO] [exp1_sensor_calibration] Table 6.1 written to: /home/jetson/formica_experiments/data/exp1_table6_1_20260414_180902.csv
[INFO] [exp1_sensor_calibration] Experiment 1 finished.
