[INFO] [1775691660.499755573] [exp2_power_profiling]: Exp2: mission 120.0s, cycle 17.0s (TRANSIT 10.2s, DECISION 5.1s, STANDBY 1.7s)
[INFO] [1775691660.500530232] [exp2_power_profiling]: Waiting for /power_monitor (10 Hz) …
[INFO] [1775691660.879190566] [exp2_power_profiling]: First /power_monitor received — mission clock started.
[INFO] [1775691661.156190511] [exp2_power_profiling]: TRANSIT: camera/gas/CNN processes stopped (best-effort).
[INFO] [1775691671.344895292] [exp2_power_profiling]: DECISION: launched exp6_cnn (Kinect /rgb expected).
[INFO] [1775691676.228236336] [exp2_power_profiling]: STANDBY: CNN stopped; IMU/line sensors only (motion off).
[INFO] [1775691678.141491742] [exp2_power_profiling]: TRANSIT: camera/gas/CNN processes stopped (best-effort).
[INFO] [1775691688.341375279] [exp2_power_profiling]: DECISION: launched exp6_cnn (Kinect /rgb expected).
[INFO] [1775691693.273417660] [exp2_power_profiling]: STANDBY: CNN stopped; IMU/line sensors only (motion off).
[INFO] [1775691695.162265829] [exp2_power_profiling]: TRANSIT: camera/gas/CNN processes stopped (best-effort).
[INFO] [1775691705.344926114] [exp2_power_profiling]: DECISION: launched exp6_cnn (Kinect /rgb expected).
[INFO] [1775691710.272605517] [exp2_power_profiling]: STANDBY: CNN stopped; IMU/line sensors only (motion off).
[INFO] [1775691712.152713116] [exp2_power_profiling]: TRANSIT: camera/gas/CNN processes stopped (best-effort).
[INFO] [1775691722.339908231] [exp2_power_profiling]: DECISION: launched exp6_cnn (Kinect /rgb expected).
[INFO] [1775691727.271038970] [exp2_power_profiling]: STANDBY: CNN stopped; IMU/line sensors only (motion off).
[INFO] [1775691729.141926523] [exp2_power_profiling]: TRANSIT: camera/gas/CNN processes stopped (best-effort).
[INFO] [1775691739.341195226] [exp2_power_profiling]: DECISION: launched exp6_cnn (Kinect /rgb expected).
[INFO] [1775691744.271117168] [exp2_power_profiling]: STANDBY: CNN stopped; IMU/line sensors only (motion off).
[INFO] [1775691746.142108531] [exp2_power_profiling]: TRANSIT: camera/gas/CNN processes stopped (best-effort).
[INFO] [1775691756.340128437] [exp2_power_profiling]: DECISION: launched exp6_cnn (Kinect /rgb expected).
[INFO] [1775691761.272800006] [exp2_power_profiling]: STANDBY: CNN stopped; IMU/line sensors only (motion off).
[INFO] [1775691763.143751270] [exp2_power_profiling]: TRANSIT: camera/gas/CNN processes stopped (best-effort).
[INFO] [1775691773.338884639] [exp2_power_profiling]: DECISION: launched exp6_cnn (Kinect /rgb expected).
[INFO] [1775691778.271459920] [exp2_power_profiling]: STANDBY: CNN stopped; IMU/line sensors only (motion off).
[INFO] [1775691780.145070993] [exp2_power_profiling]: TRANSIT: camera/gas/CNN processes stopped (best-effort).
[DataLogger] Writing to /home/jetson/formica_experiments/data/exp2_power_20260408_234100.csv
[DataLogger] Closed /home/jetson/formica_experiments/data/exp2_power_20260408_234100.csv

============================================================
  EXPERIMENT 2 — POWER PROFILING RESULTS
============================================================
  Mode         Mean (W)     Peak (W)     Min (W)
------------------------------------------------------------
  TRANSIT      4.7902       6.6461       4.6791
  DECISION     5.3262       6.2843       4.7205
  STANDBY      4.8654       5.2588       4.7619
------------------------------------------------------------
  OVERALL      4.9553       6.6461       4.6791

  Estimated runtime @ 4.9553 W = 11.12 h
  Battery capacity: 55.08 Wh

  Target ≤ 1.2 W  →  FAIL
============================================================

TABLE_6_2_CSV,/home/jetson/exp1_logs/table6_2_power_profile_20260408_234100.csv
FIGURE_6_3_PNG,/home/jetson/exp1_logs/Figure6_3_Power_Profile_20260408_234100.png
SUMMARY_TXT,/home/jetson/exp1_logs/exp2_summary_20260408_234100.txt
