[INFO] [1776187763.023113560] [exp2_power_profiling]: Exp2: mission 21600.0s, cycle 17.0s (TRANSIT 10.2s, DECISION 5.1s, STANDBY 1.7s)
[INFO] [1776187763.023895144] [exp2_power_profiling]: Waiting for /power_monitor (10 Hz) …
[INFO] [1776187763.025838450] [exp2_power_profiling]: First /power_monitor received — mission clock started.
[INFO] [1776187763.277297690] [exp2_power_profiling]: TRANSIT: camera/gas/CNN processes stopped (best-effort).
[INFO] [1776187773.455519602] [exp2_power_profiling]: DECISION: launched exp6_cnn (Kinect /rgb expected).
[INFO] [1776187778.398138446] [exp2_power_profiling]: STANDBY: CNN stopped; IMU/line sensors only (motion off).
[INFO] [1776187780.276238937] [exp2_power_profiling]: TRANSIT: camera/gas/CNN processes stopped (best-effort).
[INFO] [1776187790.455047981] [exp2_power_profiling]: DECISION: launched exp6_cnn (Kinect /rgb expected).
[INFO] [1776187795.398380439] [exp2_power_profiling]: STANDBY: CNN stopped; IMU/line sensors only (motion off).
[INFO] [1776187797.265166819] [exp2_power_profiling]: TRANSIT: camera/gas/CNN processes stopped (best-effort).
[INFO] [1776187807.439046755] [exp2_power_profiling]: DECISION: launched exp6_cnn (Kinect /rgb expected).
[INFO] [1776187812.395397889] [exp2_power_profiling]: STANDBY: CNN stopped; IMU/line sensors only (motion off).
[INFO] [1776187814.235895374] [exp2_power_profiling]: TRANSIT: camera/gas/CNN processes stopped (best-effort).
[INFO] [1776187824.451062276] [exp2_power_profiling]: DECISION: launched exp6_cnn (Kinect /rgb expected).
[INFO] [1776187829.396882539] [exp2_power_profiling]: STANDBY: CNN stopped; IMU/line sensors only (motion off).
[INFO] [1776187831.244927024] [exp2_power_profiling]: TRANSIT: camera/gas/CNN processes stopped (best-effort).
[INFO] [1776187841.443617750] [exp2_power_profiling]: DECISION: launched exp6_cnn (Kinect /rgb expected).
[INFO] [1776187846.394675388] [exp2_power_profiling]: STANDBY: CNN stopped; IMU/line sensors only (motion off).
[INFO] [1776187848.233653848] [exp2_power_profiling]: TRANSIT: camera/gas/CNN processes stopped (best-effort).
[INFO] [1776187858.452966590] [exp2_power_profiling]: DECISION: launched exp6_cnn (Kinect /rgb expected).
[INFO] [1776187863.392577703] [exp2_power_profiling]: STANDBY: CNN stopped; IMU/line sensors only (motion off).
[INFO] [1776187865.248764478] [exp2_power_profiling]: TRANSIT: camera/gas/CNN processes stopped (best-effort).
[INFO] [1776187875.446750919] [exp2_power_profiling]: DECISION: launched exp6_cnn (Kinect /rgb expected).
[INFO] [1776187880.408286566] [exp2_power_profiling]: STANDBY: CNN stopped; IMU/line sensors only (motion off).
[INFO] [1776187882.266765179] [exp2_power_profiling]: TRANSIT: camera/gas/CNN processes stopped (best-effort).
[INFO] [1776187892.439637952] [exp2_power_profiling]: DECISION: launched exp6_cnn (Kinect /rgb expected).
[INFO] [1776187897.396939870] [exp2_power_profiling]: STANDBY: CNN stopped; IMU/line sensors only (motion off).
[INFO] [1776187899.234293801] [exp2_power_profiling]: TRANSIT: camera/gas/CNN processes stopped (best-effort).
[INFO] [1776187909.440331869] [exp2_power_profiling]: DECISION: launched exp6_cnn (Kinect /rgb expected).
[INFO] [1776187914.394076136] [exp2_power_profiling]: STANDBY: CNN stopped; IMU/line sensors only (motion off).
[INFO] [1776187916.258805694] [exp2_power_profiling]: TRANSIT: camera/gas/CNN processes stopped (best-effort).
[INFO] [1776187926.450000013] [exp2_power_profiling]: DECISION: launched exp6_cnn (Kinect /rgb expected).
[INFO] [1776187931.406828575] [exp2_power_profiling]: STANDBY: CNN stopped; IMU/line sensors only (motion off).
[INFO] [1776187933.268621335] [exp2_power_profiling]: TRANSIT: camera/gas/CNN processes stopped (best-effort).
[INFO] [1776187943.447591701] [exp2_power_profiling]: DECISION: launched exp6_cnn (Kinect /rgb expected).
[INFO] [1776187948.396590989] [exp2_power_profiling]: STANDBY: CNN stopped; IMU/line sensors only (motion off).
[INFO] [1776187950.247031154] [exp2_power_profiling]: TRANSIT: camera/gas/CNN processes stopped (best-effort).
[INFO] [1776187960.463343125] [exp2_power_profiling]: DECISION: launched exp6_cnn (Kinect /rgb expected).
[INFO] [1776187965.401892468] [exp2_power_profiling]: STANDBY: CNN stopped; IMU/line sensors only (motion off).
[INFO] [1776187967.268663179] [exp2_power_profiling]: TRANSIT: camera/gas/CNN processes stopped (best-effort).
[INFO] [1776187977.489333713] [exp2_power_profiling]: DECISION: launched exp6_cnn (Kinect /rgb expected).
[INFO] [1776187982.409122128] [exp2_power_profiling]: STANDBY: CNN stopped; IMU/line sensors only (motion off).
[INFO] [1776187984.253809592] [exp2_power_profiling]: TRANSIT: camera/gas/CNN processes stopped (best-effort).
[INFO] [1776187994.486987815] [exp2_power_profiling]: DECISION: launched exp6_cnn (Kinect /rgb expected).
[INFO] [1776187999.394596512] [exp2_power_profiling]: STANDBY: CNN stopped; IMU/line sensors only (motion off).
[INFO] [1776188001.256897897] [exp2_power_profiling]: TRANSIT: camera/gas/CNN processes stopped (best-effort).
[INFO] [1776188011.490820272] [exp2_power_profiling]: DECISION: launched exp6_cnn (Kinect /rgb expected).
[INFO] [1776188016.404703430] [exp2_power_profiling]: STANDBY: CNN stopped; IMU/line sensors only (motion off).
[INFO] [1776188018.260278874] [exp2_power_profiling]: TRANSIT: camera/gas/CNN processes stopped (best-effort).
[INFO] [1776188028.456861181] [exp2_power_profiling]: DECISION: launched exp6_cnn (Kinect /rgb expected).
[INFO] [1776188033.418964571] [exp2_power_profiling]: STANDBY: CNN stopped; IMU/line sensors only (motion off).
[INFO] [1776188035.255027573] [exp2_power_profiling]: TRANSIT: camera/gas/CNN processes stopped (best-effort).
[INFO] [1776188045.459677937] [exp2_power_profiling]: DECISION: launched exp6_cnn (Kinect /rgb expected).
[INFO] [1776188050.414481458] [exp2_power_profiling]: STANDBY: CNN stopped; IMU/line sensors only (motion off).
[INFO] [1776188052.300893343] [exp2_power_profiling]: TRANSIT: camera/gas/CNN processes stopped (best-effort).
[INFO] [1776188062.459049695] [exp2_power_profiling]: DECISION: launched exp6_cnn (Kinect /rgb expected).
[INFO] [1776188067.407180601] [exp2_power_profiling]: STANDBY: CNN stopped; IMU/line sensors only (motion off).
[INFO] [1776188069.262638171] [exp2_power_profiling]: TRANSIT: camera/gas/CNN processes stopped (best-effort).
[INFO] [1776188079.477273310] [exp2_power_profiling]: DECISION: launched exp6_cnn (Kinect /rgb expected).
[INFO] [1776188084.396262087] [exp2_power_profiling]: STANDBY: CNN stopped; IMU/line sensors only (motion off).
[INFO] [1776188086.258961446] [exp2_power_profiling]: TRANSIT: camera/gas/CNN processes stopped (best-effort).
[INFO] [1776188096.455411775] [exp2_power_profiling]: DECISION: launched exp6_cnn (Kinect /rgb expected).
[INFO] [1776188101.398545360] [exp2_power_profiling]: STANDBY: CNN stopped; IMU/line sensors only (motion off).
[INFO] [1776188103.310397411] [exp2_power_profiling]: TRANSIT: camera/gas/CNN processes stopped (best-effort).
[INFO] [1776188113.469028723] [exp2_power_profiling]: DECISION: launched exp6_cnn (Kinect /rgb expected).
[INFO] [1776188118.448981278] [exp2_power_profiling]: STANDBY: CNN stopped; IMU/line sensors only (motion off).
[INFO] [1776188120.257295129] [exp2_power_profiling]: TRANSIT: camera/gas/CNN processes stopped (best-effort).
[INFO] [1776188130.502935836] [exp2_power_profiling]: DECISION: launched exp6_cnn (Kinect /rgb expected).
[INFO] [1776188135.431116525] [exp2_power_profiling]: STANDBY: CNN stopped; IMU/line sensors only (motion off).
[INFO] [1776188137.253537623] [exp2_power_profiling]: TRANSIT: camera/gas/CNN processes stopped (best-effort).
[INFO] [1776188147.491770743] [exp2_power_profiling]: DECISION: launched exp6_cnn (Kinect /rgb expected).
[INFO] [1776188152.415695622] [exp2_power_profiling]: STANDBY: CNN stopped; IMU/line sensors only (motion off).
[INFO] [1776188154.282063636] [exp2_power_profiling]: TRANSIT: camera/gas/CNN processes stopped (best-effort).
[INFO] [1776188164.473248433] [exp2_power_profiling]: DECISION: launched exp6_cnn (Kinect /rgb expected).
[INFO] [1776188169.409373902] [exp2_power_profiling]: STANDBY: CNN stopped; IMU/line sensors only (motion off).
[INFO] [1776188171.273570118] [exp2_power_profiling]: TRANSIT: camera/gas/CNN processes stopped (best-effort).
[INFO] [1776188181.766768371] [exp2_power_profiling]: DECISION: launched exp6_cnn (Kinect /rgb expected).
[INFO] [1776188186.404336026] [exp2_power_profiling]: STANDBY: CNN stopped; IMU/line sensors only (motion off).
[INFO] [1776188188.295935789] [exp2_power_profiling]: TRANSIT: camera/gas/CNN processes stopped (best-effort).
[INFO] [1776188198.473743976] [exp2_power_profiling]: DECISION: launched exp6_cnn (Kinect /rgb expected).
[INFO] [1776188203.408298706] [exp2_power_profiling]: STANDBY: CNN stopped; IMU/line sensors only (motion off).
[INFO] [1776188205.262008774] [exp2_power_profiling]: TRANSIT: camera/gas/CNN processes stopped (best-effort).
[INFO] [1776188215.497340002] [exp2_power_profiling]: DECISION: launched exp6_cnn (Kinect /rgb expected).
[INFO] [1776188220.408826068] [exp2_power_profiling]: STANDBY: CNN stopped; IMU/line sensors only (motion off).
[INFO] [1776188222.261532825] [exp2_power_profiling]: TRANSIT: camera/gas/CNN processes stopped (best-effort).
[INFO] [1776188232.479498721] [exp2_power_profiling]: DECISION: launched exp6_cnn (Kinect /rgb expected).
[INFO] [1776188237.519319021] [exp2_power_profiling]: STANDBY: CNN stopped; IMU/line sensors only (motion off).
[INFO] [1776188239.262257225] [exp2_power_profiling]: TRANSIT: camera/gas/CNN processes stopped (best-effort).
[INFO] [1776188249.476184787] [exp2_power_profiling]: DECISION: launched exp6_cnn (Kinect /rgb expected).
[INFO] [1776188254.406562870] [exp2_power_profiling]: STANDBY: CNN stopped; IMU/line sensors only (motion off).
[INFO] [1776188256.294682363] [exp2_power_profiling]: TRANSIT: camera/gas/CNN processes stopped (best-effort).
[INFO] [1776188266.473577655] [exp2_power_profiling]: DECISION: launched exp6_cnn (Kinect /rgb expected).
[INFO] [1776188271.406693196] [exp2_power_profiling]: STANDBY: CNN stopped; IMU/line sensors only (motion off).
[INFO] [1776188273.283605766] [exp2_power_profiling]: TRANSIT: camera/gas/CNN processes stopped (best-effort).
[INFO] [1776188283.466604143] [exp2_power_profiling]: DECISION: launched exp6_cnn (Kinect /rgb expected).
[INFO] [1776188288.425093148] [exp2_power_profiling]: STANDBY: CNN stopped; IMU/line sensors only (motion off).
[INFO] [1776188290.275893273] [exp2_power_profiling]: TRANSIT: camera/gas/CNN processes stopped (best-effort).
[INFO] [1776188300.460905433] [exp2_power_profiling]: DECISION: launched exp6_cnn (Kinect /rgb expected).
[INFO] [1776188305.399603624] [exp2_power_profiling]: STANDBY: CNN stopped; IMU/line sensors only (motion off).
[INFO] [1776188307.289351894] [exp2_power_profiling]: TRANSIT: camera/gas/CNN processes stopped (best-effort).
[INFO] [1776188317.479418337] [exp2_power_profiling]: DECISION: launched exp6_cnn (Kinect /rgb expected).
[INFO] [1776188322.398347712] [exp2_power_profiling]: STANDBY: CNN stopped; IMU/line sensors only (motion off).
[INFO] [1776188324.294380926] [exp2_power_profiling]: TRANSIT: camera/gas/CNN processes stopped (best-effort).
[INFO] [1776188334.484866521] [exp2_power_profiling]: DECISION: launched exp6_cnn (Kinect /rgb expected).
[INFO] [1776188339.397964074] [exp2_power_profiling]: STANDBY: CNN stopped; IMU/line sensors only (motion off).
[INFO] [1776188341.262184701] [exp2_power_profiling]: TRANSIT: camera/gas/CNN processes stopped (best-effort).
[INFO] [1776188351.521602765] [exp2_power_profiling]: DECISION: launched exp6_cnn (Kinect /rgb expected).
[INFO] [1776188356.396750663] [exp2_power_profiling]: STANDBY: CNN stopped; IMU/line sensors only (motion off).
[INFO] [1776188358.363517514] [exp2_power_profiling]: TRANSIT: camera/gas/CNN processes stopped (best-effort).
[INFO] [1776188368.857726046] [exp2_power_profiling]: DECISION: launched exp6_cnn (Kinect /rgb expected).
[INFO] [1776188373.403850333] [exp2_power_profiling]: STANDBY: CNN stopped; IMU/line sensors only (motion off).
[INFO] [1776188375.265497758] [exp2_power_profiling]: TRANSIT: camera/gas/CNN processes stopped (best-effort).
[INFO] [1776188385.580087198] [exp2_power_profiling]: DECISION: launched exp6_cnn (Kinect /rgb expected).
[INFO] [1776188390.405681779] [exp2_power_profiling]: STANDBY: CNN stopped; IMU/line sensors only (motion off).
[INFO] [1776188392.565085514] [exp2_power_profiling]: TRANSIT: camera/gas/CNN processes stopped (best-effort).
[INFO] [1776188402.472845323] [exp2_power_profiling]: DECISION: launched exp6_cnn (Kinect /rgb expected).
[INFO] [1776188407.547897201] [exp2_power_profiling]: STANDBY: CNN stopped; IMU/line sensors only (motion off).
[INFO] [1776188409.316316801] [exp2_power_profiling]: TRANSIT: camera/gas/CNN processes stopped (best-effort).
[INFO] [1776188419.475093078] [exp2_power_profiling]: DECISION: launched exp6_cnn (Kinect /rgb expected).
[INFO] [1776188424.486407416] [exp2_power_profiling]: STANDBY: CNN stopped; IMU/line sensors only (motion off).
[INFO] [1776188426.294258931] [exp2_power_profiling]: TRANSIT: camera/gas/CNN processes stopped (best-effort).
[INFO] [1776188436.472408340] [exp2_power_profiling]: DECISION: launched exp6_cnn (Kinect /rgb expected).
[INFO] [1776188441.446983864] [exp2_power_profiling]: STANDBY: CNN stopped; IMU/line sensors only (motion off).
[INFO] [1776188443.283490203] [exp2_power_profiling]: TRANSIT: camera/gas/CNN processes stopped (best-effort).
[INFO] [1776188453.686939528] [exp2_power_profiling]: DECISION: launched exp6_cnn (Kinect /rgb expected).
[INFO] [1776188458.464395613] [exp2_power_profiling]: STANDBY: CNN stopped; IMU/line sensors only (motion off).
[INFO] [1776188460.681904718] [exp2_power_profiling]: TRANSIT: camera/gas/CNN processes stopped (best-effort).
[INFO] [1776188470.518891767] [exp2_power_profiling]: DECISION: launched exp6_cnn (Kinect /rgb expected).
[INFO] [1776188475.553509346] [exp2_power_profiling]: STANDBY: CNN stopped; IMU/line sensors only (motion off).
[INFO] [1776188477.314424659] [exp2_power_profiling]: TRANSIT: camera/gas/CNN processes stopped (best-effort).
[INFO] [1776188487.475264563] [exp2_power_profiling]: DECISION: launched exp6_cnn (Kinect /rgb expected).
[INFO] [1776188492.402466351] [exp2_power_profiling]: STANDBY: CNN stopped; IMU/line sensors only (motion off).
[INFO] [1776188494.271373652] [exp2_power_profiling]: TRANSIT: camera/gas/CNN processes stopped (best-effort).
[INFO] [1776188504.485851761] [exp2_power_profiling]: DECISION: launched exp6_cnn (Kinect /rgb expected).
[INFO] [1776188509.461356395] [exp2_power_profiling]: STANDBY: CNN stopped; IMU/line sensors only (motion off).
[INFO] [1776188511.290959568] [exp2_power_profiling]: TRANSIT: camera/gas/CNN processes stopped (best-effort).
[INFO] [1776188521.638062898] [exp2_power_profiling]: DECISION: launched exp6_cnn (Kinect /rgb expected).
[INFO] [1776188526.452791651] [exp2_power_profiling]: STANDBY: CNN stopped; IMU/line sensors only (motion off).
[INFO] [1776188528.998973625] [exp2_power_profiling]: TRANSIT: camera/gas/CNN processes stopped (best-effort).
[INFO] [1776188538.523339772] [exp2_power_profiling]: DECISION: launched exp6_cnn (Kinect /rgb expected).
[INFO] [1776188543.560977393] [exp2_power_profiling]: STANDBY: CNN stopped; IMU/line sensors only (motion off).
[INFO] [1776188545.278842545] [exp2_power_profiling]: TRANSIT: camera/gas/CNN processes stopped (best-effort).
[INFO] [1776188555.475267992] [exp2_power_profiling]: DECISION: launched exp6_cnn (Kinect /rgb expected).
[INFO] [1776188560.404888811] [exp2_power_profiling]: STANDBY: CNN stopped; IMU/line sensors only (motion off).
[INFO] [1776188562.319063112] [exp2_power_profiling]: TRANSIT: camera/gas/CNN processes stopped (best-effort).
[INFO] [1776188572.474812934] [exp2_power_profiling]: DECISION: launched exp6_cnn (Kinect /rgb expected).
[INFO] [1776188577.514112216] [exp2_power_profiling]: STANDBY: CNN stopped; IMU/line sensors only (motion off).
[INFO] [1776188579.275022969] [exp2_power_profiling]: TRANSIT: camera/gas/CNN processes stopped (best-effort).
[INFO] [1776188589.529545247] [exp2_power_profiling]: DECISION: launched exp6_cnn (Kinect /rgb expected).
[INFO] [1776188594.589777280] [exp2_power_profiling]: STANDBY: CNN stopped; IMU/line sensors only (motion off).
[INFO] [1776188596.270592056] [exp2_power_profiling]: TRANSIT: camera/gas/CNN processes stopped (best-effort).
[INFO] [1776188606.479658920] [exp2_power_profiling]: DECISION: launched exp6_cnn (Kinect /rgb expected).
[INFO] [1776188611.925979565] [exp2_power_profiling]: STANDBY: CNN stopped; IMU/line sensors only (motion off).
[INFO] [1776188614.091652624] [exp2_power_profiling]: TRANSIT: camera/gas/CNN processes stopped (best-effort).
[INFO] [1776188623.566954627] [exp2_power_profiling]: DECISION: launched exp6_cnn (Kinect /rgb expected).
[INFO] [1776188628.505465970] [exp2_power_profiling]: STANDBY: CNN stopped; IMU/line sensors only (motion off).
[INFO] [1776188631.009806896] [exp2_power_profiling]: TRANSIT: camera/gas/CNN processes stopped (best-effort).
[INFO] [1776188640.487404717] [exp2_power_profiling]: DECISION: launched exp6_cnn (Kinect /rgb expected).
[INFO] [1776188645.673748461] [exp2_power_profiling]: STANDBY: CNN stopped; IMU/line sensors only (motion off).
[INFO] [1776188649.020584250] [exp2_power_profiling]: TRANSIT: camera/gas/CNN processes stopped (best-effort).
[INFO] [1776188657.485190812] [exp2_power_profiling]: DECISION: launched exp6_cnn (Kinect /rgb expected).
[INFO] [1776188662.398679618] [exp2_power_profiling]: STANDBY: CNN stopped; IMU/line sensors only (motion off).
[INFO] [1776188664.815568711] [exp2_power_profiling]: TRANSIT: camera/gas/CNN processes stopped (best-effort).
[INFO] [1776188674.486956995] [exp2_power_profiling]: DECISION: launched exp6_cnn (Kinect /rgb expected).
[INFO] [1776188679.509237406] [exp2_power_profiling]: STANDBY: CNN stopped; IMU/line sensors only (motion off).
[INFO] [1776188681.698954450] [exp2_power_profiling]: TRANSIT: camera/gas/CNN processes stopped (best-effort).
[INFO] [1776188691.482382635] [exp2_power_profiling]: DECISION: launched exp6_cnn (Kinect /rgb expected).
[INFO] [1776188697.570476572] [exp2_power_profiling]: STANDBY: CNN stopped; IMU/line sensors only (motion off).
[INFO] [1776188698.790558511] [exp2_power_profiling]: TRANSIT: camera/gas/CNN processes stopped (best-effort).
[INFO] [1776188708.492525222] [exp2_power_profiling]: DECISION: launched exp6_cnn (Kinect /rgb expected).
[INFO] [1776188713.398344437] [exp2_power_profiling]: STANDBY: CNN stopped; IMU/line sensors only (motion off).
[INFO] [1776188715.530221264] [exp2_power_profiling]: TRANSIT: camera/gas/CNN processes stopped (best-effort).
[INFO] [1776188725.481018372] [exp2_power_profiling]: DECISION: launched exp6_cnn (Kinect /rgb expected).
[INFO] [1776188731.202819002] [exp2_power_profiling]: STANDBY: CNN stopped; IMU/line sensors only (motion off).
[INFO] [1776188732.433322292] [exp2_power_profiling]: TRANSIT: camera/gas/CNN processes stopped (best-effort).
[INFO] [1776188742.486018426] [exp2_power_profiling]: DECISION: launched exp6_cnn (Kinect /rgb expected).
[INFO] [1776188747.412957536] [exp2_power_profiling]: STANDBY: CNN stopped; IMU/line sensors only (motion off).
[INFO] [1776188749.730469243] [exp2_power_profiling]: TRANSIT: camera/gas/CNN processes stopped (best-effort).
[INFO] [1776188759.493315075] [exp2_power_profiling]: DECISION: launched exp6_cnn (Kinect /rgb expected).
[INFO] [1776188764.662851360] [exp2_power_profiling]: STANDBY: CNN stopped; IMU/line sensors only (motion off).
[INFO] [1776188766.713588752] [exp2_power_profiling]: TRANSIT: camera/gas/CNN processes stopped (best-effort).
[INFO] [1776188776.505050856] [exp2_power_profiling]: DECISION: launched exp6_cnn (Kinect /rgb expected).
[INFO] [1776188781.404691231] [exp2_power_profiling]: STANDBY: CNN stopped; IMU/line sensors only (motion off).
[INFO] [1776188783.436049975] [exp2_power_profiling]: TRANSIT: camera/gas/CNN processes stopped (best-effort).
[INFO] [1776188793.502245373] [exp2_power_profiling]: DECISION: launched exp6_cnn (Kinect /rgb expected).
[INFO] [1776188798.765060945] [exp2_power_profiling]: STANDBY: CNN stopped; IMU/line sensors only (motion off).
[INFO] [1776188801.100694377] [exp2_power_profiling]: TRANSIT: camera/gas/CNN processes stopped (best-effort).
[INFO] [1776188810.517900239] [exp2_power_profiling]: DECISION: launched exp6_cnn (Kinect /rgb expected).
[INFO] [1776188815.657565289] [exp2_power_profiling]: STANDBY: CNN stopped; IMU/line sensors only (motion off).
[INFO] [1776188817.862027678] [exp2_power_profiling]: TRANSIT: camera/gas/CNN processes stopped (best-effort).
[INFO] [1776188827.488775284] [exp2_power_profiling]: DECISION: launched exp6_cnn (Kinect /rgb expected).
[INFO] [1776188832.404873556] [exp2_power_profiling]: STANDBY: CNN stopped; IMU/line sensors only (motion off).
[INFO] [1776188834.608985927] [exp2_power_profiling]: TRANSIT: camera/gas/CNN processes stopped (best-effort).
[INFO] [1776188844.500428836] [exp2_power_profiling]: DECISION: launched exp6_cnn (Kinect /rgb expected).
[INFO] [1776188850.359712663] [exp2_power_profiling]: STANDBY: CNN stopped; IMU/line sensors only (motion off).
[INFO] [1776188852.389585017] [exp2_power_profiling]: TRANSIT: camera/gas/CNN processes stopped (best-effort).
[INFO] [1776188861.506042471] [exp2_power_profiling]: DECISION: launched exp6_cnn (Kinect /rgb expected).
[INFO] [1776188867.121202711] [exp2_power_profiling]: STANDBY: CNN stopped; IMU/line sensors only (motion off).
[INFO] [1776188870.240895905] [exp2_power_profiling]: TRANSIT: camera/gas/CNN processes stopped (best-effort).
[INFO] [1776188880.114500519] [exp2_power_profiling]: DECISION: launched exp6_cnn (Kinect /rgb expected).
[INFO] [1776188883.427464920] [exp2_power_profiling]: STANDBY: CNN stopped; IMU/line sensors only (motion off).
[INFO] [1776188886.760826652] [exp2_power_profiling]: TRANSIT: camera/gas/CNN processes stopped (best-effort).
[INFO] [1776188895.508052279] [exp2_power_profiling]: DECISION: launched exp6_cnn (Kinect /rgb expected).
[INFO] [1776188900.443146539] [exp2_power_profiling]: STANDBY: CNN stopped; IMU/line sensors only (motion off).
[INFO] [1776188902.521529983] [exp2_power_profiling]: TRANSIT: camera/gas/CNN processes stopped (best-effort).
[INFO] [1776188912.524321461] [exp2_power_profiling]: DECISION: launched exp6_cnn (Kinect /rgb expected).
[INFO] [1776188918.042965533] [exp2_power_profiling]: STANDBY: CNN stopped; IMU/line sensors only (motion off).
[INFO] [1776188925.230748828] [exp2_power_profiling]: TRANSIT: camera/gas/CNN processes stopped (best-effort).
[INFO] [1776188932.003349731] [exp2_power_profiling]: DECISION: launched exp6_cnn (Kinect /rgb expected).
[INFO] [1776188934.513309471] [exp2_power_profiling]: STANDBY: CNN stopped; IMU/line sensors only (motion off).
[INFO] [1776188936.326221299] [exp2_power_profiling]: TRANSIT: camera/gas/CNN processes stopped (best-effort).
[INFO] [1776188946.523149585] [exp2_power_profiling]: DECISION: launched exp6_cnn (Kinect /rgb expected).
[INFO] [1776188951.422769416] [exp2_power_profiling]: STANDBY: CNN stopped; IMU/line sensors only (motion off).
[INFO] [1776188954.275893609] [exp2_power_profiling]: TRANSIT: camera/gas/CNN processes stopped (best-effort).
[INFO] [1776188963.525820394] [exp2_power_profiling]: DECISION: launched exp6_cnn (Kinect /rgb expected).
[INFO] [1776188968.837062011] [exp2_power_profiling]: STANDBY: CNN stopped; IMU/line sensors only (motion off).
[INFO] [1776188971.892773481] [exp2_power_profiling]: TRANSIT: camera/gas/CNN processes stopped (best-effort).
[INFO] [1776188980.727220136] [exp2_power_profiling]: DECISION: launched exp6_cnn (Kinect /rgb expected).
[INFO] [1776188985.480264746] [exp2_power_profiling]: STANDBY: CNN stopped; IMU/line sensors only (motion off).
[INFO] [1776188989.602227225] [exp2_power_profiling]: TRANSIT: camera/gas/CNN processes stopped (best-effort).
[INFO] [1776188997.513627712] [exp2_power_profiling]: DECISION: launched exp6_cnn (Kinect /rgb expected).
[INFO] [1776189002.566006050] [exp2_power_profiling]: STANDBY: CNN stopped; IMU/line sensors only (motion off).
[INFO] [1776189005.726372745] [exp2_power_profiling]: TRANSIT: camera/gas/CNN processes stopped (best-effort).
[INFO] [1776189014.525041869] [exp2_power_profiling]: DECISION: launched exp6_cnn (Kinect /rgb expected).
[INFO] [1776189020.885876069] [exp2_power_profiling]: STANDBY: CNN stopped; IMU/line sensors only (motion off).
[INFO] [1776189023.100689537] [exp2_power_profiling]: TRANSIT: camera/gas/CNN processes stopped (best-effort).
[INFO] [1776189031.532565231] [exp2_power_profiling]: DECISION: launched exp6_cnn (Kinect /rgb expected).
[INFO] [1776189037.986538582] [exp2_power_profiling]: STANDBY: CNN stopped; IMU/line sensors only (motion off).
[INFO] [1776189041.935219638] [exp2_power_profiling]: TRANSIT: camera/gas/CNN processes stopped (best-effort).
[INFO] [1776189048.544965907] [exp2_power_profiling]: DECISION: launched exp6_cnn (Kinect /rgb expected).
[INFO] [1776189054.526419406] [exp2_power_profiling]: STANDBY: CNN stopped; IMU/line sensors only (motion off).
[INFO] [1776189057.256480423] [exp2_power_profiling]: TRANSIT: camera/gas/CNN processes stopped (best-effort).
[INFO] [1776189065.537414856] [exp2_power_profiling]: DECISION: launched exp6_cnn (Kinect /rgb expected).
[INFO] [1776189071.295713302] [exp2_power_profiling]: STANDBY: CNN stopped; IMU/line sensors only (motion off).
[INFO] [1776189073.389852581] [exp2_power_profiling]: TRANSIT: camera/gas/CNN processes stopped (best-effort).
[INFO] [1776189089.208007138] [exp2_power_profiling]: DECISION: launched exp6_cnn (Kinect /rgb expected).
[INFO] [1776189089.527403121] [exp2_power_profiling]: TRANSIT: camera/gas/CNN processes stopped (best-effort).
[INFO] [1776189099.539344489] [exp2_power_profiling]: DECISION: launched exp6_cnn (Kinect /rgb expected).
[INFO] [1776189105.765716751] [exp2_power_profiling]: STANDBY: CNN stopped; IMU/line sensors only (motion off).
[INFO] [1776189106.319439511] [exp2_power_profiling]: TRANSIT: camera/gas/CNN processes stopped (best-effort).
[INFO] [1776189116.547384373] [exp2_power_profiling]: DECISION: launched exp6_cnn (Kinect /rgb expected).
[INFO] [1776189122.862429437] [exp2_power_profiling]: STANDBY: CNN stopped; IMU/line sensors only (motion off).
[INFO] [1776189128.704928303] [exp2_power_profiling]: TRANSIT: camera/gas/CNN processes stopped (best-effort).
[INFO] [1776189137.445799599] [exp2_power_profiling]: DECISION: launched exp6_cnn (Kinect /rgb expected).
[INFO] [1776189138.615018448] [exp2_power_profiling]: STANDBY: CNN stopped; IMU/line sensors only (motion off).
[INFO] [1776189140.326436709] [exp2_power_profiling]: TRANSIT: camera/gas/CNN processes stopped (best-effort).
[INFO] [1776189150.531572679] [exp2_power_profiling]: DECISION: launched exp6_cnn (Kinect /rgb expected).
[INFO] [1776189156.060947273] [exp2_power_profiling]: STANDBY: CNN stopped; IMU/line sensors only (motion off).
[INFO] [1776189159.178936993] [exp2_power_profiling]: TRANSIT: camera/gas/CNN processes stopped (best-effort).
[INFO] [1776189167.539554851] [exp2_power_profiling]: DECISION: launched exp6_cnn (Kinect /rgb expected).
[INFO] [1776189173.484343466] [exp2_power_profiling]: STANDBY: CNN stopped; IMU/line sensors only (motion off).
[INFO] [1776189175.893013959] [exp2_power_profiling]: TRANSIT: camera/gas/CNN processes stopped (best-effort).
[INFO] [1776189184.525211888] [exp2_power_profiling]: DECISION: launched exp6_cnn (Kinect /rgb expected).
[INFO] [1776189190.110187712] [exp2_power_profiling]: STANDBY: CNN stopped; IMU/line sensors only (motion off).
[INFO] [1776189195.680746467] [exp2_power_profiling]: TRANSIT: camera/gas/CNN processes stopped (best-effort).
[INFO] [1776189201.532725831] [exp2_power_profiling]: DECISION: launched exp6_cnn (Kinect /rgb expected).
[INFO] [1776189206.410719734] [exp2_power_profiling]: STANDBY: CNN stopped; IMU/line sensors only (motion off).
[INFO] [1776189210.482886796] [exp2_power_profiling]: TRANSIT: camera/gas/CNN processes stopped (best-effort).
[INFO] [1776189219.471482628] [exp2_power_profiling]: DECISION: launched exp6_cnn (Kinect /rgb expected).
[INFO] [1776189223.420623014] [exp2_power_profiling]: STANDBY: CNN stopped; IMU/line sensors only (motion off).
[INFO] [1776189232.285465921] [exp2_power_profiling]: TRANSIT: camera/gas/CNN processes stopped (best-effort).
[INFO] [1776189238.381832227] [exp2_power_profiling]: DECISION: launched exp6_cnn (Kinect /rgb expected).
[INFO] [1776189241.586642964] [exp2_power_profiling]: STANDBY: CNN stopped; IMU/line sensors only (motion off).
[INFO] [1776189243.897017868] [exp2_power_profiling]: TRANSIT: camera/gas/CNN processes stopped (best-effort).
[INFO] [1776189252.534560375] [exp2_power_profiling]: DECISION: launched exp6_cnn (Kinect /rgb expected).
[INFO] [1776189257.745053626] [exp2_power_profiling]: STANDBY: CNN stopped; IMU/line sensors only (motion off).
[INFO] [1776189268.688703307] [exp2_power_profiling]: TRANSIT: camera/gas/CNN processes stopped (best-effort).
[INFO] [1776189269.692274346] [exp2_power_profiling]: DECISION: launched exp6_cnn (Kinect /rgb expected).
[INFO] [1776189274.712903324] [exp2_power_profiling]: STANDBY: CNN stopped; IMU/line sensors only (motion off).
[INFO] [1776189279.174238100] [exp2_power_profiling]: TRANSIT: camera/gas/CNN processes stopped (best-effort).
[INFO] [1776189286.553605445] [exp2_power_profiling]: DECISION: launched exp6_cnn (Kinect /rgb expected).
[INFO] [1776189292.861712655] [exp2_power_profiling]: STANDBY: CNN stopped; IMU/line sensors only (motion off).
[INFO] [1776189300.601197335] [exp2_power_profiling]: TRANSIT: camera/gas/CNN processes stopped (best-effort).
[INFO] [1776189303.523045018] [exp2_power_profiling]: DECISION: launched exp6_cnn (Kinect /rgb expected).
[INFO] [1776189309.628855688] [exp2_power_profiling]: STANDBY: CNN stopped; IMU/line sensors only (motion off).
[INFO] [1776189314.367932138] [exp2_power_profiling]: TRANSIT: camera/gas/CNN processes stopped (best-effort).
[INFO] [1776189320.914511781] [exp2_power_profiling]: DECISION: launched exp6_cnn (Kinect /rgb expected).
[INFO] [1776189326.449152300] [exp2_power_profiling]: STANDBY: CNN stopped; IMU/line sensors only (motion off).
[INFO] [1776189332.860579497] [exp2_power_profiling]: TRANSIT: camera/gas/CNN processes stopped (best-effort).
[INFO] [1776189338.709440804] [exp2_power_profiling]: DECISION: launched exp6_cnn (Kinect /rgb expected).
[INFO] [1776189342.408878184] [exp2_power_profiling]: STANDBY: CNN stopped; IMU/line sensors only (motion off).
[INFO] [1776189344.414539707] [exp2_power_profiling]: TRANSIT: camera/gas/CNN processes stopped (best-effort).
[INFO] [1776189354.810017686] [exp2_power_profiling]: DECISION: launched exp6_cnn (Kinect /rgb expected).
[INFO] [1776189359.417328692] [exp2_power_profiling]: STANDBY: CNN stopped; IMU/line sensors only (motion off).
[INFO] [1776189361.394185403] [exp2_power_profiling]: TRANSIT: camera/gas/CNN processes stopped (best-effort).
[INFO] [1776189372.037659402] [exp2_power_profiling]: DECISION: launched exp6_cnn (Kinect /rgb expected).
[INFO] [1776189376.414968598] [exp2_power_profiling]: STANDBY: CNN stopped; IMU/line sensors only (motion off).
[INFO] [1776189378.441097485] [exp2_power_profiling]: TRANSIT: camera/gas/CNN processes stopped (best-effort).
[INFO] [1776189388.574032060] [exp2_power_profiling]: DECISION: launched exp6_cnn (Kinect /rgb expected).
[INFO] [1776189393.407085984] [exp2_power_profiling]: STANDBY: CNN stopped; IMU/line sensors only (motion off).
[INFO] [1776189395.407769732] [exp2_power_profiling]: TRANSIT: camera/gas/CNN processes stopped (best-effort).
[INFO] [1776189405.589083475] [exp2_power_profiling]: DECISION: launched exp6_cnn (Kinect /rgb expected).
[INFO] [1776189410.414828629] [exp2_power_profiling]: STANDBY: CNN stopped; IMU/line sensors only (motion off).
[INFO] [1776189413.284304312] [exp2_power_profiling]: TRANSIT: camera/gas/CNN processes stopped (best-effort).
[INFO] [1776189428.131524151] [exp2_power_profiling]: DECISION: launched exp6_cnn (Kinect /rgb expected).
[INFO] [1776189428.287355199] [exp2_power_profiling]: STANDBY: CNN stopped; IMU/line sensors only (motion off).
[INFO] [1776189430.511221889] [exp2_power_profiling]: TRANSIT: camera/gas/CNN processes stopped (best-effort).
[INFO] [1776189440.526164134] [exp2_power_profiling]: DECISION: launched exp6_cnn (Kinect /rgb expected).
[INFO] [1776189444.597435677] [exp2_power_profiling]: STANDBY: CNN stopped; IMU/line sensors only (motion off).
[INFO] [1776189447.918144020] [exp2_power_profiling]: TRANSIT: camera/gas/CNN processes stopped (best-effort).
[INFO] [1776189458.052820885] [exp2_power_profiling]: DECISION: launched exp6_cnn (Kinect /rgb expected).
[INFO] [1776189461.626484011] [exp2_power_profiling]: STANDBY: CNN stopped; IMU/line sensors only (motion off).
[INFO] [1776189464.671471083] [exp2_power_profiling]: TRANSIT: camera/gas/CNN processes stopped (best-effort).
[INFO] [1776189474.738497538] [exp2_power_profiling]: DECISION: launched exp6_cnn (Kinect /rgb expected).
[INFO] [1776189478.672956856] [exp2_power_profiling]: STANDBY: CNN stopped; IMU/line sensors only (motion off).
[INFO] [1776189481.741182142] [exp2_power_profiling]: TRANSIT: camera/gas/CNN processes stopped (best-effort).
[INFO] [1776189491.695422701] [exp2_power_profiling]: DECISION: launched exp6_cnn (Kinect /rgb expected).
[INFO] [1776189496.029986873] [exp2_power_profiling]: STANDBY: CNN stopped; IMU/line sensors only (motion off).
[INFO] [1776189500.146838829] [exp2_power_profiling]: TRANSIT: camera/gas/CNN processes stopped (best-effort).
[INFO] [1776189508.826595550] [exp2_power_profiling]: DECISION: launched exp6_cnn (Kinect /rgb expected).
[INFO] [1776189512.515545500] [exp2_power_profiling]: STANDBY: CNN stopped; IMU/line sensors only (motion off).
[INFO] [1776189515.905744374] [exp2_power_profiling]: TRANSIT: camera/gas/CNN processes stopped (best-effort).
[INFO] [1776189527.246905905] [exp2_power_profiling]: DECISION: launched exp6_cnn (Kinect /rgb expected).
[INFO] [1776189529.533420940] [exp2_power_profiling]: STANDBY: CNN stopped; IMU/line sensors only (motion off).
[INFO] [1776189532.542439727] [exp2_power_profiling]: TRANSIT: camera/gas/CNN processes stopped (best-effort).
[INFO] [1776189542.846886791] [exp2_power_profiling]: DECISION: launched exp6_cnn (Kinect /rgb expected).
[INFO] [1776189546.937050770] [exp2_power_profiling]: STANDBY: CNN stopped; IMU/line sensors only (motion off).
[INFO] [1776189549.533287886] [exp2_power_profiling]: TRANSIT: camera/gas/CNN processes stopped (best-effort).
[INFO] [1776189560.252642320] [exp2_power_profiling]: DECISION: launched exp6_cnn (Kinect /rgb expected).
[INFO] [1776189563.564758578] [exp2_power_profiling]: STANDBY: CNN stopped; IMU/line sensors only (motion off).
[INFO] [1776189566.574367146] [exp2_power_profiling]: TRANSIT: camera/gas/CNN processes stopped (best-effort).
[INFO] [1776189577.017203404] [exp2_power_profiling]: DECISION: launched exp6_cnn (Kinect /rgb expected).
[INFO] [1776189580.506782872] [exp2_power_profiling]: STANDBY: CNN stopped; IMU/line sensors only (motion off).
[INFO] [1776189583.808479950] [exp2_power_profiling]: TRANSIT: camera/gas/CNN processes stopped (best-effort).
[INFO] [1776189594.254456255] [exp2_power_profiling]: DECISION: launched exp6_cnn (Kinect /rgb expected).
[INFO] [1776189597.682478741] [exp2_power_profiling]: STANDBY: CNN stopped; IMU/line sensors only (motion off).
[INFO] [1776189600.868297815] [exp2_power_profiling]: TRANSIT: camera/gas/CNN processes stopped (best-effort).
[INFO] [1776189611.294344224] [exp2_power_profiling]: DECISION: launched exp6_cnn (Kinect /rgb expected).
[INFO] [1776189614.484815077] [exp2_power_profiling]: STANDBY: CNN stopped; IMU/line sensors only (motion off).
[INFO] [1776189617.390536380] [exp2_power_profiling]: TRANSIT: camera/gas/CNN processes stopped (best-effort).
[INFO] [1776189628.205592919] [exp2_power_profiling]: DECISION: launched exp6_cnn (Kinect /rgb expected).
[INFO] [1776189631.574087469] [exp2_power_profiling]: STANDBY: CNN stopped; IMU/line sensors only (motion off).
[INFO] [1776189635.245304632] [exp2_power_profiling]: TRANSIT: camera/gas/CNN processes stopped (best-effort).
[INFO] [1776189645.913054131] [exp2_power_profiling]: DECISION: launched exp6_cnn (Kinect /rgb expected).
[INFO] [1776189648.522399010] [exp2_power_profiling]: STANDBY: CNN stopped; IMU/line sensors only (motion off).
