[INFO] [launch]: All log files can be found below /home/jetson/.ros/log/2026-04-07-08-00-39-478431-chandan-62809
[INFO] [launch]: Default logging verbosity is set to INFO
[INFO] [controller_server-1]: process started with pid [63104]
[INFO] [smoother_server-2]: process started with pid [63106]
[INFO] [planner_server-3]: process started with pid [63108]
[INFO] [behavior_server-4]: process started with pid [63111]
[INFO] [bt_navigator-5]: process started with pid [63114]
[INFO] [waypoint_follower-6]: process started with pid [63117]
[INFO] [velocity_smoother-7]: process started with pid [63126]
[INFO] [lifecycle_manager-8]: process started with pid [63128]
[behavior_server-4] [INFO] [1775520053.271401831] [behavior_server]: 
[behavior_server-4] 	behavior_server lifecycle node launched. 
[behavior_server-4] 	Waiting on external lifecycle transitions to activate
[behavior_server-4] 	See https://design.ros2.org/articles/node_lifecycle.html for more information.
[smoother_server-2] [INFO] [1775520053.455287813] [smoother_server]: 
[smoother_server-2] 	smoother_server lifecycle node launched. 
[smoother_server-2] 	Waiting on external lifecycle transitions to activate
[smoother_server-2] 	See https://design.ros2.org/articles/node_lifecycle.html for more information.
[smoother_server-2] [INFO] [1775520053.458288113] [smoother_server]: Creating smoother server
[planner_server-3] [INFO] [1775520054.707391004] [planner_server]: 
[planner_server-3] 	planner_server lifecycle node launched. 
[planner_server-3] 	Waiting on external lifecycle transitions to activate
[planner_server-3] 	See https://design.ros2.org/articles/node_lifecycle.html for more information.
[planner_server-3] [INFO] [1775520054.748145639] [planner_server]: Creating
[controller_server-1] [INFO] [1775520055.002804650] [controller_server]: 
[controller_server-1] 	controller_server lifecycle node launched. 
[controller_server-1] 	Waiting on external lifecycle transitions to activate
[controller_server-1] 	See https://design.ros2.org/articles/node_lifecycle.html for more information.
[velocity_smoother-7] [INFO] [1775520055.393045600] [velocity_smoother]: 
[velocity_smoother-7] 	velocity_smoother lifecycle node launched. 
[velocity_smoother-7] 	Waiting on external lifecycle transitions to activate
[velocity_smoother-7] 	See https://design.ros2.org/articles/node_lifecycle.html for more information.
[controller_server-1] [INFO] [1775520055.622152250] [controller_server]: Creating controller server
[waypoint_follower-6] [INFO] [1775520056.912789087] [waypoint_follower]: 
[waypoint_follower-6] 	waypoint_follower lifecycle node launched. 
[waypoint_follower-6] 	Waiting on external lifecycle transitions to activate
[waypoint_follower-6] 	See https://design.ros2.org/articles/node_lifecycle.html for more information.
[waypoint_follower-6] [INFO] [1775520057.049098341] [waypoint_follower]: Creating
[lifecycle_manager-8] [INFO] [1775520057.075290782] [lifecycle_manager_navigation]: Creating
[bt_navigator-5] [INFO] [1775520057.395410430] [bt_navigator]: 
[bt_navigator-5] 	bt_navigator lifecycle node launched. 
[bt_navigator-5] 	Waiting on external lifecycle transitions to activate
[bt_navigator-5] 	See https://design.ros2.org/articles/node_lifecycle.html for more information.
[bt_navigator-5] [INFO] [1775520057.457726828] [bt_navigator]: Creating
[lifecycle_manager-8] [INFO] [1775520057.475591634] [lifecycle_manager_navigation]: [34m[1mCreating and initializing lifecycle service clients[0m[0m
[planner_server-3] [INFO] [1775520058.735712846] [global_costmap.global_costmap]: 
[planner_server-3] 	global_costmap lifecycle node launched. 
[planner_server-3] 	Waiting on external lifecycle transitions to activate
[planner_server-3] 	See https://design.ros2.org/articles/node_lifecycle.html for more information.
[planner_server-3] [INFO] [1775520058.737196340] [global_costmap.global_costmap]: Creating Costmap
[lifecycle_manager-8] [INFO] [1775520059.627596771] [lifecycle_manager_navigation]: Waiting for service controller_server/get_state...
[controller_server-1] [INFO] [1775520060.956988442] [local_costmap.local_costmap]: 
[controller_server-1] 	local_costmap lifecycle node launched. 
[controller_server-1] 	Waiting on external lifecycle transitions to activate
[controller_server-1] 	See https://design.ros2.org/articles/node_lifecycle.html for more information.
[controller_server-1] [INFO] [1775520060.958178681] [local_costmap.local_costmap]: Creating Costmap
[lifecycle_manager-8] [INFO] [1775520061.628001254] [lifecycle_manager_navigation]: Waiting for service controller_server/get_state...
[lifecycle_manager-8] [INFO] [1775520069.535125251] [lifecycle_manager_navigation]: Waiting for service waypoint_follower/get_state...
[lifecycle_manager-8] [INFO] [1775520071.407791429] [lifecycle_manager_navigation]: [34m[1mStarting managed nodes bringup...[0m[0m
[lifecycle_manager-8] [INFO] [1775520071.408431126] [lifecycle_manager_navigation]: [34m[1mConfiguring controller_server[0m[0m
[controller_server-1] [INFO] [1775520071.628172766] [controller_server]: Configuring controller interface
[controller_server-1] [INFO] [1775520071.655199179] [controller_server]: getting goal checker plugins..
[controller_server-1] [INFO] [1775520071.655730777] [controller_server]: Controller frequency set to 20.0000Hz
[controller_server-1] [INFO] [1775520071.655862364] [local_costmap.local_costmap]: Configuring
[lifecycle_manager-8] [ERROR] [1775520071.709555439] [lifecycle_manager_navigation]: Failed to change state for node: controller_server
[lifecycle_manager-8] [ERROR] [1775520071.709736723] [lifecycle_manager_navigation]: Failed to bring up all requested nodes. Aborting bringup.
[controller_server-1] [INFO] [1775520072.176917442] [local_costmap.local_costmap]: Using plugin "voxel_layer"
[controller_server-1] [INFO] [1775520072.252927403] [local_costmap.local_costmap]: Subscribed to Topics: scan
[controller_server-1] [INFO] [1775520072.532794312] [local_costmap.local_costmap]: Initialized plugin "voxel_layer"
[controller_server-1] [INFO] [1775520072.533611901] [local_costmap.local_costmap]: Using plugin "inflation_layer"
[controller_server-1] [INFO] [1775520072.550924628] [local_costmap.local_costmap]: Initialized plugin "inflation_layer"
[controller_server-1] [INFO] [1775520073.082925039] [controller_server]: Created progress_checker : progress_checker of type nav2_controller::SimpleProgressChecker
[controller_server-1] [INFO] [1775520073.123365969] [controller_server]: Created goal checker : general_goal_checker of type nav2_controller::SimpleGoalChecker
[controller_server-1] [INFO] [1775520073.147045642] [controller_server]: Controller Server has general_goal_checker  goal checkers available.
[controller_server-1] [INFO] [1775520073.222749739] [controller_server]: Created controller : FollowPath of type dwb_core::DWBLocalPlanner
[controller_server-1] [INFO] [1775520073.259935931] [controller_server]: Setting transform_tolerance to 0.200000
[controller_server-1] [INFO] [1775520073.795050884] [controller_server]: Using critic "RotateToGoal" (dwb_critics::RotateToGoalCritic)
[controller_server-1] [INFO] [1775520073.886239054] [controller_server]: Critic plugin initialized
[controller_server-1] [INFO] [1775520073.910942305] [controller_server]: Using critic "Oscillation" (dwb_critics::OscillationCritic)
[controller_server-1] [INFO] [1775520073.971137304] [controller_server]: Critic plugin initialized
[controller_server-1] [INFO] [1775520073.971653765] [controller_server]: Using critic "BaseObstacle" (dwb_critics::BaseObstacleCritic)
[controller_server-1] [INFO] [1775520073.972203379] [controller_server]: Critic plugin initialized
[controller_server-1] [INFO] [1775520073.972485306] [controller_server]: Using critic "GoalAlign" (dwb_critics::GoalAlignCritic)
[controller_server-1] [INFO] [1775520073.975454438] [controller_server]: Critic plugin initialized
[controller_server-1] [INFO] [1775520073.976403934] [controller_server]: Using critic "PathAlign" (dwb_critics::PathAlignCritic)
[controller_server-1] [INFO] [1775520073.977286964] [controller_server]: Critic plugin initialized
[controller_server-1] [INFO] [1775520073.977650365] [controller_server]: Using critic "PathDist" (dwb_critics::PathDistCritic)
[controller_server-1] [INFO] [1775520073.980185374] [controller_server]: Critic plugin initialized
[controller_server-1] [INFO] [1775520074.033843727] [controller_server]: Using critic "GoalDist" (dwb_critics::GoalDistCritic)
[controller_server-1] [INFO] [1775520074.038207294] [controller_server]: Critic plugin initialized
[controller_server-1] [INFO] [1775520074.038269695] [controller_server]: Controller Server has FollowPath  controllers available.
