[INFO] [1775691811.858205749] [exp3_slam_mapping]: Experiment 3 — SLAM Mapping starting ...
[DataLogger] Writing to /home/jetson/formica_experiments/data/exp3_slam_20260408_234331.csv
[INFO] [1775691814.934669586] [exp3_slam_mapping]: EXP3_FORCE_CMDVEL_AUTONOMY=1 detected; using /cmd_vel autonomy mode.
[INFO] [1775691814.955987604] [exp3_slam_mapping]: 
--- Trial 1/10 ---
[INFO] [1775691814.957541549] [exp3_slam_mapping]: Reset robot to (0,0) and reset map if required, then press ENTER in this terminal to start trial.
[INFO] [1775691816.960956446] [exp3_slam_mapping]:   Mapping … coverage 9.1% (target 95.0%), elapsed 0s / 900s
[INFO] [1775691835.008606720] [exp3_slam_mapping]:   Mapping … coverage 11.4% (target 95.0%), elapsed 18s / 900s
[INFO] [1775691853.072006089] [exp3_slam_mapping]:   Mapping … coverage 13.9% (target 95.0%), elapsed 36s / 900s
[INFO] [1775691871.107018089] [exp3_slam_mapping]:   Mapping … coverage 13.4% (target 95.0%), elapsed 54s / 900s
[INFO] [1775691889.157493582] [exp3_slam_mapping]:   Mapping … coverage 16.9% (target 95.0%), elapsed 72s / 900s
[INFO] [1775691907.234738965] [exp3_slam_mapping]:   Mapping … coverage 15.7% (target 95.0%), elapsed 90s / 900s
[INFO] [1775691925.356988572] [exp3_slam_mapping]:   Mapping … coverage 18.2% (target 95.0%), elapsed 108s / 900s
[INFO] [1775691943.406813594] [exp3_slam_mapping]:   Mapping … coverage 19.9% (target 95.0%), elapsed 126s / 900s
[INFO] [1775691961.456580015] [exp3_slam_mapping]:   Mapping … coverage 21.7% (target 95.0%), elapsed 144s / 900s
[INFO] [1775691979.509321964] [exp3_slam_mapping]:   Mapping … coverage 23.4% (target 95.0%), elapsed 163s / 900s
[INFO] [1775691997.559283872] [exp3_slam_mapping]:   Mapping … coverage 23.1% (target 95.0%), elapsed 181s / 900s
[INFO] [1775692015.608510357] [exp3_slam_mapping]:   Mapping … coverage 23.7% (target 95.0%), elapsed 199s / 900s
[INFO] [1775692033.657669025] [exp3_slam_mapping]:   Mapping … coverage 22.5% (target 95.0%), elapsed 217s / 900s
[INFO] [1775692051.708983990] [exp3_slam_mapping]:   Mapping … coverage 21.8% (target 95.0%), elapsed 235s / 900s
[INFO] [1775692069.807715360] [exp3_slam_mapping]:   Mapping … coverage 23.1% (target 95.0%), elapsed 253s / 900s
[INFO] [1775692087.859023360] [exp3_slam_mapping]:   Mapping … coverage 24.5% (target 95.0%), elapsed 271s / 900s
[INFO] [1775692105.908820415] [exp3_slam_mapping]:   Mapping … coverage 26.1% (target 95.0%), elapsed 289s / 900s
[INFO] [1775692124.013300700] [exp3_slam_mapping]:   Mapping … coverage 24.6% (target 95.0%), elapsed 307s / 900s
[INFO] [1775692141.499332004] [exp3_slam_mapping]:   Mapping … coverage 100.0% (target 95.0%), elapsed 325s / 900s
[INFO] [1775692141.500322042] [exp3_slam_mapping]:   Coverage reached 100.0% (target 95.0%).
[INFO] [1775692141.501254607] [exp3_slam_mapping]:   Navigating to landmark 0: (1.00, 0.00) ...
[INFO] [1775692157.415676783] [exp3_slam_mapping]:   GT=(1.000,0.000)  Est=(1.179,0.004)  Error=0.1792 m  Coverage=24.6 %
[INFO] [1775692157.418270059] [exp3_slam_mapping]:   Navigating to landmark 1: (1.00, 2.00) ...
[WARN] [1775692247.465821977] [exp3_slam_mapping]:   Navigation FAILED to landmark 1.
[INFO] [1775692247.467526857] [exp3_slam_mapping]:   Navigating to landmark 2: (0.00, 2.00) ...
[WARN] [1775692337.516122362] [exp3_slam_mapping]:   Navigation FAILED to landmark 2.
[INFO] [1775692337.518123482] [exp3_slam_mapping]:   Navigating to landmark 3: (2.00, 2.00) ...
[WARN] [1775692427.565568896] [exp3_slam_mapping]:   Navigation FAILED to landmark 3.
[INFO] [1775692427.567211609] [exp3_slam_mapping]:   Trial 1 RMSE = 0.1792 m
[INFO] [1775692427.614232108] [exp3_slam_mapping]: 
--- Trial 2/10 ---
[INFO] [1775692427.616406711] [exp3_slam_mapping]: Reset robot to (0,0) and reset map if required, then press ENTER in this terminal to start trial.
[INFO] [1775692429.619885530] [exp3_slam_mapping]:   Mapping … coverage 23.3% (target 95.0%), elapsed 0s / 900s
[INFO] [1775692447.664245317] [exp3_slam_mapping]:   Mapping … coverage 23.4% (target 95.0%), elapsed 18s / 900s
[INFO] [1775692465.771677149] [exp3_slam_mapping]:   Mapping … coverage 23.4% (target 95.0%), elapsed 36s / 900s
[INFO] [1775692483.867616261] [exp3_slam_mapping]:   Mapping … coverage 23.3% (target 95.0%), elapsed 54s / 900s
[INFO] [1775692501.914192483] [exp3_slam_mapping]:   Mapping … coverage 23.4% (target 95.0%), elapsed 72s / 900s
[INFO] [1775692519.961986875] [exp3_slam_mapping]:   Mapping … coverage 23.1% (target 95.0%), elapsed 90s / 900s
[INFO] [1775692538.064580410] [exp3_slam_mapping]:   Mapping … coverage 23.1% (target 95.0%), elapsed 108s / 900s
[INFO] [1775692556.114080387] [exp3_slam_mapping]:   Mapping … coverage 23.0% (target 95.0%), elapsed 126s / 900s
[INFO] [1775692574.204629300] [exp3_slam_mapping]:   Mapping … coverage 22.9% (target 95.0%), elapsed 145s / 900s
[INFO] [1775692592.315501775] [exp3_slam_mapping]:   Mapping … coverage 22.8% (target 95.0%), elapsed 163s / 900s
[INFO] [1775692610.549774492] [exp3_slam_mapping]:   Mapping … coverage 22.7% (target 95.0%), elapsed 181s / 900s
[INFO] [1775692628.614818021] [exp3_slam_mapping]:   Mapping … coverage 22.6% (target 95.0%), elapsed 199s / 900s
[INFO] [1775692646.714310197] [exp3_slam_mapping]:   Mapping … coverage 22.6% (target 95.0%), elapsed 217s / 900s
[INFO] [1775692664.815840803] [exp3_slam_mapping]:   Mapping … coverage 22.5% (target 95.0%), elapsed 235s / 900s
[INFO] [1775692682.864852403] [exp3_slam_mapping]:   Mapping … coverage 22.4% (target 95.0%), elapsed 253s / 900s
[INFO] [1775692701.015310235] [exp3_slam_mapping]:   Mapping … coverage 22.4% (target 95.0%), elapsed 271s / 900s
[INFO] [1775692719.164168867] [exp3_slam_mapping]:   Mapping … coverage 22.3% (target 95.0%), elapsed 290s / 900s
[INFO] [1775692737.265192686] [exp3_slam_mapping]:   Mapping … coverage 22.3% (target 95.0%), elapsed 308s / 900s
[INFO] [1775692755.564084931] [exp3_slam_mapping]:   Mapping … coverage 22.3% (target 95.0%), elapsed 326s / 900s
[INFO] [1775692773.664881971] [exp3_slam_mapping]:   Mapping … coverage 22.2% (target 95.0%), elapsed 344s / 900s
[INFO] [1775692791.764741265] [exp3_slam_mapping]:   Mapping … coverage 22.2% (target 95.0%), elapsed 362s / 900s
[INFO] [1775692809.862371407] [exp3_slam_mapping]:   Mapping … coverage 22.2% (target 95.0%), elapsed 380s / 900s
[INFO] [1775692828.013790425] [exp3_slam_mapping]:   Mapping … coverage 22.2% (target 95.0%), elapsed 398s / 900s
[INFO] [1775692846.167084793] [exp3_slam_mapping]:   Mapping … coverage 22.1% (target 95.0%), elapsed 417s / 900s
[INFO] [1775692864.219587158] [exp3_slam_mapping]:   Mapping … coverage 22.2% (target 95.0%), elapsed 435s / 900s
[INFO] [1775692882.365304639] [exp3_slam_mapping]:   Mapping … coverage 22.2% (target 95.0%), elapsed 453s / 900s
[INFO] [1775692900.465010066] [exp3_slam_mapping]:   Mapping … coverage 22.1% (target 95.0%), elapsed 471s / 900s
[INFO] [1775692918.613786699] [exp3_slam_mapping]:   Mapping … coverage 22.0% (target 95.0%), elapsed 489s / 900s
[INFO] [1775692936.665422971] [exp3_slam_mapping]:   Mapping … coverage 22.0% (target 95.0%), elapsed 507s / 900s
[INFO] [1775692954.812361977] [exp3_slam_mapping]:   Mapping … coverage 22.0% (target 95.0%), elapsed 525s / 900s
[INFO] [1775692972.866393508] [exp3_slam_mapping]:   Mapping … coverage 22.0% (target 95.0%), elapsed 543s / 900s
[INFO] [1775692990.924086392] [exp3_slam_mapping]:   Mapping … coverage 22.0% (target 95.0%), elapsed 561s / 900s
[INFO] [1775693009.014113758] [exp3_slam_mapping]:   Mapping … coverage 22.0% (target 95.0%), elapsed 579s / 900s
[INFO] [1775693027.096548386] [exp3_slam_mapping]:   Mapping … coverage 22.0% (target 95.0%), elapsed 597s / 900s
[INFO] [1775693045.165215565] [exp3_slam_mapping]:   Mapping … coverage 22.0% (target 95.0%), elapsed 616s / 900s
[INFO] [1775693063.246034152] [exp3_slam_mapping]:   Mapping … coverage 22.1% (target 95.0%), elapsed 634s / 900s
[INFO] [1775693081.315273537] [exp3_slam_mapping]:   Mapping … coverage 22.1% (target 95.0%), elapsed 652s / 900s
[INFO] [1775693099.514605116] [exp3_slam_mapping]:   Mapping … coverage 22.0% (target 95.0%), elapsed 670s / 900s
[INFO] [1775693117.564723031] [exp3_slam_mapping]:   Mapping … coverage 21.8% (target 95.0%), elapsed 688s / 900s
[INFO] [1775693135.665186182] [exp3_slam_mapping]:   Mapping … coverage 21.5% (target 95.0%), elapsed 706s / 900s
[INFO] [1775693153.713054747] [exp3_slam_mapping]:   Mapping … coverage 21.3% (target 95.0%), elapsed 724s / 900s
[INFO] [1775693171.782899278] [exp3_slam_mapping]:   Mapping … coverage 21.2% (target 95.0%), elapsed 742s / 900s
[WARN] [1775693183.815083428] [exp3_slam_mapping]:   /scan temporarily lost; pausing movement until LiDAR recovers.
[WARN] [1775693203.819409845] [exp3_slam_mapping]:   LiDAR recovery delayed; continuing trial with safety pauses.
[INFO] [1775693203.820303067] [exp3_slam_mapping]:   Mapping … coverage 21.0% (target 95.0%), elapsed 774s / 900s
[WARN] [1775693209.864214434] [exp3_slam_mapping]:   /scan temporarily lost; pausing movement until LiDAR recovers.
[WARN] [1775693229.870019757] [exp3_slam_mapping]:   LiDAR recovery delayed; continuing trial with safety pauses.
[INFO] [1775693229.872138407] [exp3_slam_mapping]:   Mapping … coverage 21.0% (target 95.0%), elapsed 800s / 900s
[WARN] [1775693235.916631293] [exp3_slam_mapping]:   /scan temporarily lost; pausing movement until LiDAR recovers.
[WARN] [1775693255.963655101] [exp3_slam_mapping]:   LiDAR recovery delayed; continuing trial with safety pauses.
[INFO] [1775693255.964532450] [exp3_slam_mapping]:   Mapping … coverage 21.0% (target 95.0%), elapsed 826s / 900s
[WARN] [1775693261.972161288] [exp3_slam_mapping]:   /scan temporarily lost; pausing movement until LiDAR recovers.
[WARN] [1775693282.014652203] [exp3_slam_mapping]:   LiDAR recovery delayed; continuing trial with safety pauses.
[INFO] [1775693282.016279984] [exp3_slam_mapping]:   Mapping … coverage 21.0% (target 95.0%), elapsed 852s / 900s
[WARN] [1775693288.018810624] [exp3_slam_mapping]:   /scan temporarily lost; pausing movement until LiDAR recovers.
[WARN] [1775693308.066239801] [exp3_slam_mapping]:   LiDAR recovery delayed; continuing trial with safety pauses.
[INFO] [1775693308.068119048] [exp3_slam_mapping]:   Mapping … coverage 21.0% (target 95.0%), elapsed 878s / 900s
[WARN] [1775693314.115821250] [exp3_slam_mapping]:   /scan temporarily lost; pausing movement until LiDAR recovers.
[INFO] [1775693324.502818079] [exp3_slam_mapping]:   Mapping … coverage 21.0% (target 95.0%), elapsed 895s / 900s
[WARN] [1775693330.525973519] [exp3_slam_mapping]:   Coverage timeout at 21.0% (target 95.0%). Continuing trial.
[INFO] [1775693330.527519696] [exp3_slam_mapping]:   Navigating to landmark 0: (1.00, 0.00) ...
[INFO] [1775693387.546151542] [exp3_slam_mapping]:   GT=(1.000,0.000)  Est=(1.003,0.008)  Error=0.0083 m  Coverage=21.0 %
[INFO] [1775693387.547720504] [exp3_slam_mapping]:   Navigating to landmark 1: (1.00, 2.00) ...
[WARN] [1775693477.577349212] [exp3_slam_mapping]:   Navigation FAILED to landmark 1.
[INFO] [1775693477.578936127] [exp3_slam_mapping]:   Navigating to landmark 2: (0.00, 2.00) ...
[WARN] [1775693567.604022758] [exp3_slam_mapping]:   Navigation FAILED to landmark 2.
[INFO] [1775693567.605716077] [exp3_slam_mapping]:   Navigating to landmark 3: (2.00, 2.00) ...
[WARN] [1775693657.628515350] [exp3_slam_mapping]:   Navigation FAILED to landmark 3.
[INFO] [1775693657.630893402] [exp3_slam_mapping]:   Trial 2 RMSE = 0.0083 m
[INFO] [1775693657.638326351] [exp3_slam_mapping]: 
--- Trial 3/10 ---
[INFO] [1775693657.639821262] [exp3_slam_mapping]: Reset robot to (0,0) and reset map if required, then press ENTER in this terminal to start trial.
[INFO] [1775693659.642246267] [exp3_slam_mapping]:   Mapping … coverage 20.6% (target 95.0%), elapsed 0s / 900s
[INFO] [1775693677.728122519] [exp3_slam_mapping]:   Mapping … coverage 20.6% (target 95.0%), elapsed 18s / 900s
[INFO] [1775693695.825215132] [exp3_slam_mapping]:   Mapping … coverage 20.6% (target 95.0%), elapsed 36s / 900s
[INFO] [1775693713.927632865] [exp3_slam_mapping]:   Mapping … coverage 20.6% (target 95.0%), elapsed 54s / 900s
[INFO] [1775693731.972844744] [exp3_slam_mapping]:   Mapping … coverage 20.6% (target 95.0%), elapsed 72s / 900s
[INFO] [1775693750.085234102] [exp3_slam_mapping]:   Mapping … coverage 20.7% (target 95.0%), elapsed 90s / 900s
[INFO] [1775693768.175757469] [exp3_slam_mapping]:   Mapping … coverage 20.7% (target 95.0%), elapsed 109s / 900s
[INFO] [1775693786.277171641] [exp3_slam_mapping]:   Mapping … coverage 20.7% (target 95.0%), elapsed 127s / 900s
[INFO] [1775693804.536935492] [exp3_slam_mapping]:   Mapping … coverage 20.7% (target 95.0%), elapsed 145s / 900s
[INFO] [1775693822.627594399] [exp3_slam_mapping]:   Mapping … coverage 20.8% (target 95.0%), elapsed 163s / 900s
[INFO] [1775693840.727737012] [exp3_slam_mapping]:   Mapping … coverage 20.8% (target 95.0%), elapsed 181s / 900s
[INFO] [1775693858.829123157] [exp3_slam_mapping]:   Mapping … coverage 20.8% (target 95.0%), elapsed 199s / 900s
[INFO] [1775693876.928274139] [exp3_slam_mapping]:   Mapping … coverage 20.9% (target 95.0%), elapsed 217s / 900s
[INFO] [1775693895.028491864] [exp3_slam_mapping]:   Mapping … coverage 20.9% (target 95.0%), elapsed 235s / 900s
[INFO] [1775693913.162490401] [exp3_slam_mapping]:   Mapping … coverage 20.9% (target 95.0%), elapsed 254s / 900s
[INFO] [1775693931.231479102] [exp3_slam_mapping]:   Mapping … coverage 20.9% (target 95.0%), elapsed 272s / 900s
[INFO] [1775693949.328211101] [exp3_slam_mapping]:   Mapping … coverage 21.0% (target 95.0%), elapsed 290s / 900s
[INFO] [1775693967.427088800] [exp3_slam_mapping]:   Mapping … coverage 21.0% (target 95.0%), elapsed 308s / 900s
[INFO] [1775693985.576295450] [exp3_slam_mapping]:   Mapping … coverage 21.0% (target 95.0%), elapsed 326s / 900s
[INFO] [1775694003.674469260] [exp3_slam_mapping]:   Mapping … coverage 21.1% (target 95.0%), elapsed 344s / 900s
[INFO] [1775694021.776495741] [exp3_slam_mapping]:   Mapping … coverage 21.1% (target 95.0%), elapsed 362s / 900s
[INFO] [1775694039.877268034] [exp3_slam_mapping]:   Mapping … coverage 21.1% (target 95.0%), elapsed 380s / 900s
[INFO] [1775694058.024986316] [exp3_slam_mapping]:   Mapping … coverage 21.2% (target 95.0%), elapsed 398s / 900s
[INFO] [1775694076.100611457] [exp3_slam_mapping]:   Mapping … coverage 21.2% (target 95.0%), elapsed 416s / 900s
[INFO] [1775694094.177667852] [exp3_slam_mapping]:   Mapping … coverage 21.2% (target 95.0%), elapsed 435s / 900s
[INFO] [1775694112.260720111] [exp3_slam_mapping]:   Mapping … coverage 21.3% (target 95.0%), elapsed 453s / 900s
[INFO] [1775694130.336417672] [exp3_slam_mapping]:   Mapping … coverage 21.3% (target 95.0%), elapsed 471s / 900s
[INFO] [1775694148.548021342] [exp3_slam_mapping]:   Mapping … coverage 21.3% (target 95.0%), elapsed 489s / 900s
[INFO] [1775694166.646641123] [exp3_slam_mapping]:   Mapping … coverage 21.3% (target 95.0%), elapsed 507s / 900s
[INFO] [1775694184.724951639] [exp3_slam_mapping]:   Mapping … coverage 21.4% (target 95.0%), elapsed 525s / 900s
[INFO] [1775694202.784731591] [exp3_slam_mapping]:   Mapping … coverage 21.4% (target 95.0%), elapsed 543s / 900s
[INFO] [1775694220.829204669] [exp3_slam_mapping]:   Mapping … coverage 21.4% (target 95.0%), elapsed 561s / 900s
[INFO] [1775694238.928907520] [exp3_slam_mapping]:   Mapping … coverage 21.4% (target 95.0%), elapsed 579s / 900s
[INFO] [1775694256.976004974] [exp3_slam_mapping]:   Mapping … coverage 21.5% (target 95.0%), elapsed 597s / 900s
[INFO] [1775694275.103382171] [exp3_slam_mapping]:   Mapping … coverage 21.5% (target 95.0%), elapsed 615s / 900s
[INFO] [1775694293.200797089] [exp3_slam_mapping]:   Mapping … coverage 21.5% (target 95.0%), elapsed 634s / 900s
[INFO] [1775694311.292926689] [exp3_slam_mapping]:   Mapping … coverage 19.9% (target 95.0%), elapsed 652s / 900s
[INFO] [1775694329.571751858] [exp3_slam_mapping]:   Mapping … coverage 19.7% (target 95.0%), elapsed 670s / 900s
[INFO] [1775694347.673551698] [exp3_slam_mapping]:   Mapping … coverage 19.7% (target 95.0%), elapsed 688s / 900s
[INFO] [1775694365.772542012] [exp3_slam_mapping]:   Mapping … coverage 19.7% (target 95.0%), elapsed 706s / 900s
[INFO] [1775694383.821322897] [exp3_slam_mapping]:   Mapping … coverage 19.8% (target 95.0%), elapsed 724s / 900s
[INFO] [1775694401.873777378] [exp3_slam_mapping]:   Mapping … coverage 19.8% (target 95.0%), elapsed 742s / 900s
[INFO] [1775694419.971815380] [exp3_slam_mapping]:   Mapping … coverage 19.7% (target 95.0%), elapsed 760s / 900s
[INFO] [1775694438.071319598] [exp3_slam_mapping]:   Mapping … coverage 19.7% (target 95.0%), elapsed 778s / 900s
[INFO] [1775694456.171557141] [exp3_slam_mapping]:   Mapping … coverage 19.7% (target 95.0%), elapsed 797s / 900s
[INFO] [1775694474.322882663] [exp3_slam_mapping]:   Mapping … coverage 19.8% (target 95.0%), elapsed 815s / 900s
[INFO] [1775694492.371137682] [exp3_slam_mapping]:   Mapping … coverage 19.8% (target 95.0%), elapsed 833s / 900s
[INFO] [1775694510.621336602] [exp3_slam_mapping]:   Mapping … coverage 19.8% (target 95.0%), elapsed 851s / 900s
[INFO] [1775694528.725587737] [exp3_slam_mapping]:   Mapping … coverage 19.9% (target 95.0%), elapsed 869s / 900s
[INFO] [1775694546.772916111] [exp3_slam_mapping]:   Mapping … coverage 19.9% (target 95.0%), elapsed 887s / 900s
[INFO] [1775694564.823895364] [exp3_slam_mapping]:   Mapping … coverage 19.9% (target 95.0%), elapsed 905s / 900s
[WARN] [1775694564.825739575] [exp3_slam_mapping]:   Coverage timeout at 19.9% (target 95.0%). Continuing trial.
[INFO] [1775694564.827081808] [exp3_slam_mapping]:   Navigating to landmark 0: (1.00, 0.00) ...
[WARN] [1775694654.871342747] [exp3_slam_mapping]:   Navigation FAILED to landmark 0.
[INFO] [1775694654.872226181] [exp3_slam_mapping]:   Navigating to landmark 1: (1.00, 2.00) ...
[WARN] [1775694744.922947720] [exp3_slam_mapping]:   Navigation FAILED to landmark 1.
[INFO] [1775694744.924481439] [exp3_slam_mapping]:   Navigating to landmark 2: (0.00, 2.00) ...
[WARN] [1775694834.933011214] [exp3_slam_mapping]:   Navigation FAILED to landmark 2.
[INFO] [1775694834.934033513] [exp3_slam_mapping]:   Navigating to landmark 3: (2.00, 2.00) ...
[WARN] [1775694924.972404663] [exp3_slam_mapping]:   Navigation FAILED to landmark 3.
[INFO] [1775694925.009294140] [exp3_slam_mapping]: 
--- Trial 4/10 ---
[INFO] [1775694925.010806868] [exp3_slam_mapping]: Reset robot to (0,0) and reset map if required, then press ENTER in this terminal to start trial.
[INFO] [1775694927.014419274] [exp3_slam_mapping]:   Mapping … coverage 19.9% (target 95.0%), elapsed 0s / 900s
[INFO] [1775694945.121870386] [exp3_slam_mapping]:   Mapping … coverage 20.0% (target 95.0%), elapsed 18s / 900s
[INFO] [1775694963.221119025] [exp3_slam_mapping]:   Mapping … coverage 20.0% (target 95.0%), elapsed 36s / 900s
[INFO] [1775694981.370044461] [exp3_slam_mapping]:   Mapping … coverage 20.0% (target 95.0%), elapsed 54s / 900s
[INFO] [1775694999.620524549] [exp3_slam_mapping]:   Mapping … coverage 20.0% (target 95.0%), elapsed 73s / 900s
[INFO] [1775695017.722525948] [exp3_slam_mapping]:   Mapping … coverage 20.1% (target 95.0%), elapsed 91s / 900s
[INFO] [1775695035.820625826] [exp3_slam_mapping]:   Mapping … coverage 20.1% (target 95.0%), elapsed 109s / 900s
[INFO] [1775695053.921229466] [exp3_slam_mapping]:   Mapping … coverage 20.1% (target 95.0%), elapsed 127s / 900s
[INFO] [1775695071.972197728] [exp3_slam_mapping]:   Mapping … coverage 20.2% (target 95.0%), elapsed 145s / 900s
[INFO] [1775695090.070353291] [exp3_slam_mapping]:   Mapping … coverage 20.2% (target 95.0%), elapsed 163s / 900s
[INFO] [1775695108.170390942] [exp3_slam_mapping]:   Mapping … coverage 20.2% (target 95.0%), elapsed 181s / 900s
[INFO] [1775695126.271919666] [exp3_slam_mapping]:   Mapping … coverage 20.3% (target 95.0%), elapsed 199s / 900s
[INFO] [1775695144.371787351] [exp3_slam_mapping]:   Mapping … coverage 20.3% (target 95.0%), elapsed 217s / 900s
[INFO] [1775695162.470275944] [exp3_slam_mapping]:   Mapping … coverage 20.3% (target 95.0%), elapsed 235s / 900s
[INFO] [1775695180.601400571] [exp3_slam_mapping]:   Mapping … coverage 20.4% (target 95.0%), elapsed 254s / 900s
[INFO] [1775695198.670269533] [exp3_slam_mapping]:   Mapping … coverage 20.4% (target 95.0%), elapsed 272s / 900s
[INFO] [1775695216.810333304] [exp3_slam_mapping]:   Mapping … coverage 20.4% (target 95.0%), elapsed 290s / 900s
[INFO] [1775695234.871207290] [exp3_slam_mapping]:   Mapping … coverage 20.4% (target 95.0%), elapsed 308s / 900s
[INFO] [1775695253.016761953] [exp3_slam_mapping]:   Mapping … coverage 20.4% (target 95.0%), elapsed 326s / 900s
[INFO] [1775695271.105603029] [exp3_slam_mapping]:   Mapping … coverage 20.4% (target 95.0%), elapsed 344s / 900s
[INFO] [1775695289.153632000] [exp3_slam_mapping]:   Mapping … coverage 17.4% (target 95.0%), elapsed 362s / 900s
[INFO] [1775695307.305773528] [exp3_slam_mapping]:   Mapping … coverage 17.4% (target 95.0%), elapsed 380s / 900s
[INFO] [1775695325.663746795] [exp3_slam_mapping]:   Mapping … coverage 17.4% (target 95.0%), elapsed 399s / 900s
[INFO] [1775695342.911653734] [exp3_slam_mapping]:   Mapping … coverage 100.0% (target 95.0%), elapsed 416s / 900s
[INFO] [1775695342.912919687] [exp3_slam_mapping]:   Coverage reached 100.0% (target 95.0%).
[INFO] [1775695342.913664583] [exp3_slam_mapping]:   Navigating to landmark 0: (1.00, 0.00) ...
[WARN] [1775695432.931926612] [exp3_slam_mapping]:   Navigation FAILED to landmark 0.
[INFO] [1775695432.932753655] [exp3_slam_mapping]:   Navigating to landmark 1: (1.00, 2.00) ...
[WARN] [1775695522.939821157] [exp3_slam_mapping]:   Navigation FAILED to landmark 1.
[INFO] [1775695522.941198222] [exp3_slam_mapping]:   Navigating to landmark 2: (0.00, 2.00) ...
[WARN] [1775695612.959177559] [exp3_slam_mapping]:   Navigation FAILED to landmark 2.
[INFO] [1775695612.961160937] [exp3_slam_mapping]:   Navigating to landmark 3: (2.00, 2.00) ...
[WARN] [1775695702.988236560] [exp3_slam_mapping]:   Navigation FAILED to landmark 3.
[INFO] [1775695702.997635066] [exp3_slam_mapping]: 
--- Trial 5/10 ---
[INFO] [1775695702.998833959] [exp3_slam_mapping]: Reset robot to (0,0) and reset map if required, then press ENTER in this terminal to start trial.
[INFO] [1775695705.008054055] [exp3_slam_mapping]:   Mapping … coverage 17.5% (target 95.0%), elapsed 0s / 900s
[INFO] [1775695723.044232773] [exp3_slam_mapping]:   Mapping … coverage 17.5% (target 95.0%), elapsed 18s / 900s
[INFO] [1775695741.059716557] [exp3_slam_mapping]:   Mapping … coverage 17.5% (target 95.0%), elapsed 36s / 900s
[INFO] [1775695759.150563025] [exp3_slam_mapping]:   Mapping … coverage 17.5% (target 95.0%), elapsed 54s / 900s
[INFO] [1775695777.207148333] [exp3_slam_mapping]:   Mapping … coverage 17.5% (target 95.0%), elapsed 72s / 900s
[INFO] [1775695795.254504244] [exp3_slam_mapping]:   Mapping … coverage 17.6% (target 95.0%), elapsed 90s / 900s
[INFO] [1775695813.306897297] [exp3_slam_mapping]:   Mapping … coverage 17.6% (target 95.0%), elapsed 108s / 900s
[INFO] [1775695831.355289288] [exp3_slam_mapping]:   Mapping … coverage 17.6% (target 95.0%), elapsed 126s / 900s
[INFO] [1775695849.391474056] [exp3_slam_mapping]:   Mapping … coverage 17.6% (target 95.0%), elapsed 144s / 900s
[INFO] [1775695867.448028958] [exp3_slam_mapping]:   Mapping … coverage 17.7% (target 95.0%), elapsed 162s / 900s
[INFO] [1775695885.484548962] [exp3_slam_mapping]:   Mapping … coverage 17.7% (target 95.0%), elapsed 180s / 900s
[INFO] [1775695903.949427695] [exp3_slam_mapping]:   Mapping … coverage 17.7% (target 95.0%), elapsed 199s / 900s
[INFO] [1775695922.004558920] [exp3_slam_mapping]:   Mapping … coverage 17.7% (target 95.0%), elapsed 217s / 900s
[INFO] [1775695940.056467790] [exp3_slam_mapping]:   Mapping … coverage 17.7% (target 95.0%), elapsed 235s / 900s
[INFO] [1775695958.105551947] [exp3_slam_mapping]:   Mapping … coverage 17.8% (target 95.0%), elapsed 253s / 900s
[INFO] [1775695977.310063163] [exp3_slam_mapping]:   Mapping … coverage 17.8% (target 95.0%), elapsed 272s / 900s
[INFO] [1775695995.353302498] [exp3_slam_mapping]:   Mapping … coverage 17.8% (target 95.0%), elapsed 290s / 900s
[INFO] [1775696013.392499700] [exp3_slam_mapping]:   Mapping … coverage 17.8% (target 95.0%), elapsed 308s / 900s
[INFO] [1775696031.454682499] [exp3_slam_mapping]:   Mapping … coverage 17.8% (target 95.0%), elapsed 326s / 900s
[INFO] [1775696049.792518605] [exp3_slam_mapping]:   Mapping … coverage 17.8% (target 95.0%), elapsed 345s / 900s
[INFO] [1775696067.844120767] [exp3_slam_mapping]:   Mapping … coverage 17.8% (target 95.0%), elapsed 363s / 900s
[INFO] [1775696085.865385671] [exp3_slam_mapping]:   Mapping … coverage 17.8% (target 95.0%), elapsed 381s / 900s
[INFO] [1775696103.892503147] [exp3_slam_mapping]:   Mapping … coverage 17.8% (target 95.0%), elapsed 399s / 900s
[INFO] [1775696121.904011149] [exp3_slam_mapping]:   Mapping … coverage 17.8% (target 95.0%), elapsed 417s / 900s
[INFO] [1775696139.932372145] [exp3_slam_mapping]:   Mapping … coverage 17.9% (target 95.0%), elapsed 435s / 900s
[INFO] [1775696157.983543680] [exp3_slam_mapping]:   Mapping … coverage 17.9% (target 95.0%), elapsed 453s / 900s
[INFO] [1775696176.008624126] [exp3_slam_mapping]:   Mapping … coverage 17.9% (target 95.0%), elapsed 471s / 900s
[INFO] [1775696194.062388851] [exp3_slam_mapping]:   Mapping … coverage 17.9% (target 95.0%), elapsed 489s / 900s
[INFO] [1775696212.083250679] [exp3_slam_mapping]:   Mapping … coverage 17.9% (target 95.0%), elapsed 507s / 900s
[INFO] [1775696230.107470678] [exp3_slam_mapping]:   Mapping … coverage 17.9% (target 95.0%), elapsed 525s / 900s
[INFO] [1775696248.155057289] [exp3_slam_mapping]:   Mapping … coverage 17.9% (target 95.0%), elapsed 543s / 900s
[INFO] [1775696266.169004172] [exp3_slam_mapping]:   Mapping … coverage 17.9% (target 95.0%), elapsed 561s / 900s
[INFO] [1775696284.248206506] [exp3_slam_mapping]:   Mapping … coverage 17.9% (target 95.0%), elapsed 579s / 900s
[INFO] [1775696302.308616717] [exp3_slam_mapping]:   Mapping … coverage 17.9% (target 95.0%), elapsed 597s / 900s
[INFO] [1775696320.356014864] [exp3_slam_mapping]:   Mapping … coverage 17.9% (target 95.0%), elapsed 615s / 900s
[INFO] [1775696338.771892289] [exp3_slam_mapping]:   Mapping … coverage 17.9% (target 95.0%), elapsed 634s / 900s
[INFO] [1775696356.807800124] [exp3_slam_mapping]:   Mapping … coverage 17.9% (target 95.0%), elapsed 652s / 900s
[INFO] [1775696374.857751645] [exp3_slam_mapping]:   Mapping … coverage 17.9% (target 95.0%), elapsed 670s / 900s
[INFO] [1775696392.868450762] [exp3_slam_mapping]:   Mapping … coverage 17.9% (target 95.0%), elapsed 688s / 900s
[INFO] [1775696410.916861603] [exp3_slam_mapping]:   Mapping … coverage 18.0% (target 95.0%), elapsed 706s / 900s
[INFO] [1775696428.938286993] [exp3_slam_mapping]:   Mapping … coverage 18.0% (target 95.0%), elapsed 724s / 900s
[INFO] [1775696446.965236906] [exp3_slam_mapping]:   Mapping … coverage 18.0% (target 95.0%), elapsed 742s / 900s
[INFO] [1775696465.017998085] [exp3_slam_mapping]:   Mapping … coverage 18.0% (target 95.0%), elapsed 760s / 900s
[INFO] [1775696483.061095193] [exp3_slam_mapping]:   Mapping … coverage 18.0% (target 95.0%), elapsed 778s / 900s
[INFO] [1775696501.105553927] [exp3_slam_mapping]:   Mapping … coverage 18.0% (target 95.0%), elapsed 796s / 900s
[INFO] [1775696519.118634838] [exp3_slam_mapping]:   Mapping … coverage 18.0% (target 95.0%), elapsed 814s / 900s
[INFO] [1775696537.205581495] [exp3_slam_mapping]:   Mapping … coverage 18.8% (target 95.0%), elapsed 832s / 900s
[INFO] [1775696555.354861763] [exp3_slam_mapping]:   Mapping … coverage 18.8% (target 95.0%), elapsed 850s / 900s
[INFO] [1775696573.719583888] [exp3_slam_mapping]:   Mapping … coverage 18.8% (target 95.0%), elapsed 869s / 900s
[INFO] [1775696591.804958057] [exp3_slam_mapping]:   Mapping … coverage 18.8% (target 95.0%), elapsed 887s / 900s
[INFO] [1775696609.906349530] [exp3_slam_mapping]:   Mapping … coverage 18.8% (target 95.0%), elapsed 905s / 900s
[WARN] [1775696609.907532949] [exp3_slam_mapping]:   Coverage timeout at 18.8% (target 95.0%). Continuing trial.
[INFO] [1775696609.908414752] [exp3_slam_mapping]:   Navigating to landmark 0: (1.00, 0.00) ...
[WARN] [1775696699.948966340] [exp3_slam_mapping]:   Navigation FAILED to landmark 0.
[INFO] [1775696699.952138485] [exp3_slam_mapping]:   Navigating to landmark 1: (1.00, 2.00) ...
[WARN] [1775696789.977296245] [exp3_slam_mapping]:   Navigation FAILED to landmark 1.
[INFO] [1775696789.978523561] [exp3_slam_mapping]:   Navigating to landmark 2: (0.00, 2.00) ...
[WARN] [1775696880.007155416] [exp3_slam_mapping]:   Navigation FAILED to landmark 2.
[INFO] [1775696880.009062819] [exp3_slam_mapping]:   Navigating to landmark 3: (2.00, 2.00) ...
[WARN] [1775696971.059464353] [exp3_slam_mapping]:   Navigation FAILED to landmark 3.
[INFO] [1775696971.080616084] [exp3_slam_mapping]: 
--- Trial 6/10 ---
[INFO] [1775696971.081481300] [exp3_slam_mapping]: Reset robot to (0,0) and reset map if required, then press ENTER in this terminal to start trial.
[WARN] [1775696973.084846185] [exp3_slam_mapping]:   /scan temporarily lost; pausing movement until LiDAR recovers.
[INFO] [1775696973.086669293] [exp3_slam_mapping]:   Mapping … coverage 18.8% (target 95.0%), elapsed 0s / 900s
[INFO] [1775696992.103371273] [exp3_slam_mapping]:   Mapping … coverage 18.9% (target 95.0%), elapsed 19s / 900s
[INFO] [1775697012.047553482] [exp3_slam_mapping]:   Mapping … coverage 18.9% (target 95.0%), elapsed 39s / 900s
[INFO] [1775697030.104362889] [exp3_slam_mapping]:   Mapping … coverage 18.9% (target 95.0%), elapsed 57s / 900s
[INFO] [1775697048.401650499] [exp3_slam_mapping]:   Mapping … coverage 18.9% (target 95.0%), elapsed 75s / 900s
[INFO] [1775697068.961640227] [exp3_slam_mapping]:   Mapping … coverage 18.9% (target 95.0%), elapsed 96s / 900s
[INFO] [1775697088.403304702] [exp3_slam_mapping]:   Mapping … coverage 19.0% (target 95.0%), elapsed 115s / 900s
[INFO] [1775697108.637553942] [exp3_slam_mapping]:   Mapping … coverage 19.0% (target 95.0%), elapsed 136s / 900s
[INFO] [1775697128.579495046] [exp3_slam_mapping]:   Mapping … coverage 19.0% (target 95.0%), elapsed 155s / 900s
[INFO] [1775697148.751970715] [exp3_slam_mapping]:   Mapping … coverage 19.0% (target 95.0%), elapsed 176s / 900s
[INFO] [1775697169.134279911] [exp3_slam_mapping]:   Mapping … coverage 19.0% (target 95.0%), elapsed 196s / 900s
[INFO] [1775697188.661806394] [exp3_slam_mapping]:   Mapping … coverage 19.0% (target 95.0%), elapsed 216s / 900s
[INFO] [1775697208.873171302] [exp3_slam_mapping]:   Mapping … coverage 19.0% (target 95.0%), elapsed 236s / 900s
[INFO] [1775697228.683213022] [exp3_slam_mapping]:   Mapping … coverage 19.0% (target 95.0%), elapsed 256s / 900s
[INFO] [1775697247.602864494] [exp3_slam_mapping]:   Mapping … coverage 19.0% (target 95.0%), elapsed 275s / 900s
[INFO] [1775697267.648409084] [exp3_slam_mapping]:   Mapping … coverage 19.0% (target 95.0%), elapsed 295s / 900s
[INFO] [1775697287.603480298] [exp3_slam_mapping]:   Mapping … coverage 19.0% (target 95.0%), elapsed 315s / 900s
[INFO] [1775697307.998701010] [exp3_slam_mapping]:   Mapping … coverage 19.0% (target 95.0%), elapsed 335s / 900s
[INFO] [1775697328.762497949] [exp3_slam_mapping]:   Mapping … coverage 19.0% (target 95.0%), elapsed 356s / 900s
[INFO] [1775697347.551333530] [exp3_slam_mapping]:   Mapping … coverage 19.1% (target 95.0%), elapsed 374s / 900s
[INFO] [1775697367.518505398] [exp3_slam_mapping]:   Mapping … coverage 19.1% (target 95.0%), elapsed 394s / 900s
[INFO] [1775697386.629562825] [exp3_slam_mapping]:   Mapping … coverage 19.1% (target 95.0%), elapsed 414s / 900s
[INFO] [1775697404.684088090] [exp3_slam_mapping]:   Mapping … coverage 19.1% (target 95.0%), elapsed 432s / 900s
[INFO] [1775697424.091050671] [exp3_slam_mapping]:   Mapping … coverage 19.1% (target 95.0%), elapsed 451s / 900s
[INFO] [1775697443.827010483] [exp3_slam_mapping]:   Mapping … coverage 19.1% (target 95.0%), elapsed 471s / 900s
[INFO] [1775697463.502376160] [exp3_slam_mapping]:   Mapping … coverage 19.1% (target 95.0%), elapsed 490s / 900s
[INFO] [1775697482.568280290] [exp3_slam_mapping]:   Mapping … coverage 19.1% (target 95.0%), elapsed 509s / 900s
[INFO] [1775697501.868243556] [exp3_slam_mapping]:   Mapping … coverage 19.2% (target 95.0%), elapsed 529s / 900s
[INFO] [1775697519.952882077] [exp3_slam_mapping]:   Mapping … coverage 19.2% (target 95.0%), elapsed 547s / 900s
[INFO] [1775697539.167134755] [exp3_slam_mapping]:   Mapping … coverage 19.2% (target 95.0%), elapsed 566s / 900s
[INFO] [1775697554.231249376] [exp3_slam_mapping]:   Mapping … coverage 19.2% (target 95.0%), elapsed 581s / 900s
[INFO] [1775697573.767879917] [exp3_slam_mapping]:   Mapping … coverage 19.2% (target 95.0%), elapsed 601s / 900s
[INFO] [1775697593.205465249] [exp3_slam_mapping]:   Mapping … coverage 19.2% (target 95.0%), elapsed 620s / 900s
[INFO] [1775697613.555123703] [exp3_slam_mapping]:   Mapping … coverage 19.2% (target 95.0%), elapsed 640s / 900s
[INFO] [1775697633.801584239] [exp3_slam_mapping]:   Mapping … coverage 19.2% (target 95.0%), elapsed 661s / 900s
[INFO] [1775697654.015022782] [exp3_slam_mapping]:   Mapping … coverage 19.2% (target 95.0%), elapsed 681s / 900s
[INFO] [1775697674.047364109] [exp3_slam_mapping]:   Mapping … coverage 19.2% (target 95.0%), elapsed 701s / 900s
[INFO] [1775697694.187036089] [exp3_slam_mapping]:   Mapping … coverage 19.2% (target 95.0%), elapsed 721s / 900s
[INFO] [1775697717.867370438] [exp3_slam_mapping]:   Mapping … coverage 19.2% (target 95.0%), elapsed 745s / 900s
[INFO] [1775697738.213094506] [exp3_slam_mapping]:   Mapping … coverage 19.2% (target 95.0%), elapsed 765s / 900s
[INFO] [1775697757.958788050] [exp3_slam_mapping]:   Mapping … coverage 19.2% (target 95.0%), elapsed 785s / 900s
[INFO] [1775697777.327515476] [exp3_slam_mapping]:   Mapping … coverage 19.2% (target 95.0%), elapsed 804s / 900s
[INFO] [1775697796.583779633] [exp3_slam_mapping]:   Mapping … coverage 19.2% (target 95.0%), elapsed 823s / 900s
[INFO] [1775697817.289308954] [exp3_slam_mapping]:   Mapping … coverage 19.3% (target 95.0%), elapsed 844s / 900s
[INFO] [1775697837.852446042] [exp3_slam_mapping]:   Mapping … coverage 19.3% (target 95.0%), elapsed 865s / 900s
[INFO] [1775697857.723712649] [exp3_slam_mapping]:   Mapping … coverage 19.3% (target 95.0%), elapsed 885s / 900s
[INFO] [1775697877.712569117] [exp3_slam_mapping]:   Mapping … coverage 19.3% (target 95.0%), elapsed 905s / 900s
[WARN] [1775697877.726477526] [exp3_slam_mapping]:   Coverage timeout at 19.3% (target 95.0%). Continuing trial.
[INFO] [1775697877.738230102] [exp3_slam_mapping]:   Navigating to landmark 0: (1.00, 0.00) ...
[WARN] [1775697967.753086879] [exp3_slam_mapping]:   Navigation FAILED to landmark 0.
[INFO] [1775697967.754950993] [exp3_slam_mapping]:   Navigating to landmark 1: (1.00, 2.00) ...
[WARN] [1775698057.787760252] [exp3_slam_mapping]:   Navigation FAILED to landmark 1.
[INFO] [1775698057.809860167] [exp3_slam_mapping]:   Navigating to landmark 2: (0.00, 2.00) ...
[WARN] [1775698147.831601648] [exp3_slam_mapping]:   Navigation FAILED to landmark 2.
[INFO] [1775698147.832732654] [exp3_slam_mapping]:   Navigating to landmark 3: (2.00, 2.00) ...
[WARN] [1775698237.886494184] [exp3_slam_mapping]:   Navigation FAILED to landmark 3.
[INFO] [1775698237.892937936] [exp3_slam_mapping]: 
--- Trial 7/10 ---
[INFO] [1775698237.894439191] [exp3_slam_mapping]: Reset robot to (0,0) and reset map if required, then press ENTER in this terminal to start trial.
[INFO] [1775698239.898558675] [exp3_slam_mapping]:   Mapping … coverage 100.0% (target 95.0%), elapsed 0s / 900s
[INFO] [1775698239.900160125] [exp3_slam_mapping]:   Coverage reached 100.0% (target 95.0%).
[INFO] [1775698239.902010285] [exp3_slam_mapping]:   Navigating to landmark 0: (1.00, 0.00) ...
[INFO] [1775698329.830867068] [exp3_slam_mapping]:   GT=(1.000,0.000)  Est=(0.956,-0.004)  Error=0.0445 m  Coverage=100.0 %
[INFO] [1775698329.832447173] [exp3_slam_mapping]:   Navigating to landmark 1: (1.00, 2.00) ...
[WARN] [1775698419.854295882] [exp3_slam_mapping]:   Navigation FAILED to landmark 1.
[INFO] [1775698419.855947828] [exp3_slam_mapping]:   Navigating to landmark 2: (0.00, 2.00) ...
[INFO] [1775698487.657207460] [exp3_slam_mapping]:   GT=(0.000,2.000)  Est=(-0.111,1.956)  Error=0.1195 m  Coverage=100.0 %
[INFO] [1775698487.659042996] [exp3_slam_mapping]:   Navigating to landmark 3: (2.00, 2.00) ...
[WARN] [1775698577.676081326] [exp3_slam_mapping]:   Navigation FAILED to landmark 3.
[INFO] [1775698577.678028063] [exp3_slam_mapping]:   Trial 7 RMSE = 0.0902 m
[INFO] [1775698577.682163561] [exp3_slam_mapping]: 
--- Trial 8/10 ---
[INFO] [1775698577.683861365] [exp3_slam_mapping]: Reset robot to (0,0) and reset map if required, then press ENTER in this terminal to start trial.
[INFO] [1775698579.686535919] [exp3_slam_mapping]:   Mapping … coverage 100.0% (target 95.0%), elapsed 0s / 900s
[INFO] [1775698579.688116408] [exp3_slam_mapping]:   Coverage reached 100.0% (target 95.0%).
[INFO] [1775698579.689560957] [exp3_slam_mapping]:   Navigating to landmark 0: (1.00, 0.00) ...
[INFO] [1775698619.804025597] [exp3_slam_mapping]:   GT=(1.000,0.000)  Est=(0.957,0.052)  Error=0.0672 m  Coverage=100.0 %
[INFO] [1775698619.805965934] [exp3_slam_mapping]:   Navigating to landmark 1: (1.00, 2.00) ...
[WARN] [1775698709.826751794] [exp3_slam_mapping]:   Navigation FAILED to landmark 1.
[INFO] [1775698709.828954232] [exp3_slam_mapping]:   Navigating to landmark 2: (0.00, 2.00) ...
[WARN] [1775698799.833102249] [exp3_slam_mapping]:   Navigation FAILED to landmark 2.
[INFO] [1775698799.834705775] [exp3_slam_mapping]:   Navigating to landmark 3: (2.00, 2.00) ...
[WARN] [1775698889.841438493] [exp3_slam_mapping]:   Navigation FAILED to landmark 3.
[INFO] [1775698889.844832455] [exp3_slam_mapping]:   Trial 8 RMSE = 0.0672 m
[INFO] [1775698889.852160849] [exp3_slam_mapping]: 
--- Trial 9/10 ---
[INFO] [1775698889.853651822] [exp3_slam_mapping]: Reset robot to (0,0) and reset map if required, then press ENTER in this terminal to start trial.
[INFO] [1775698891.857268123] [exp3_slam_mapping]:   Mapping … coverage 100.0% (target 95.0%), elapsed 0s / 900s
[INFO] [1775698891.858959039] [exp3_slam_mapping]:   Coverage reached 100.0% (target 95.0%).
[INFO] [1775698891.860637444] [exp3_slam_mapping]:   Navigating to landmark 0: (1.00, 0.00) ...
[INFO] [1775698913.761383105] [exp3_slam_mapping]:   GT=(1.000,0.000)  Est=(1.027,0.043)  Error=0.0512 m  Coverage=100.0 %
[INFO] [1775698913.762928031] [exp3_slam_mapping]:   Navigating to landmark 1: (1.00, 2.00) ...
[WARN] [1775699003.804598769] [exp3_slam_mapping]:   Navigation FAILED to landmark 1.
[INFO] [1775699003.807495679] [exp3_slam_mapping]:   Navigating to landmark 2: (0.00, 2.00) ...
[WARN] [1775699093.833264737] [exp3_slam_mapping]:   Navigation FAILED to landmark 2.
[INFO] [1775699093.834774200] [exp3_slam_mapping]:   Navigating to landmark 3: (2.00, 2.00) ...
[WARN] [1775699183.853664268] [exp3_slam_mapping]:   Navigation FAILED to landmark 3.
[INFO] [1775699183.857116197] [exp3_slam_mapping]:   Trial 9 RMSE = 0.0512 m
[INFO] [1775699183.868548438] [exp3_slam_mapping]: 
--- Trial 10/10 ---
[INFO] [1775699183.870498650] [exp3_slam_mapping]: Reset robot to (0,0) and reset map if required, then press ENTER in this terminal to start trial.
[INFO] [1775699185.874606076] [exp3_slam_mapping]:   Mapping … coverage 100.0% (target 95.0%), elapsed 0s / 900s
[INFO] [1775699185.876213972] [exp3_slam_mapping]:   Coverage reached 100.0% (target 95.0%).
[INFO] [1775699185.877683975] [exp3_slam_mapping]:   Navigating to landmark 0: (1.00, 0.00) ...
[INFO] [1775699201.153368767] [exp3_slam_mapping]:   GT=(1.000,0.000)  Est=(1.060,0.103)  Error=0.1192 m  Coverage=100.0 %
[INFO] [1775699201.155243808] [exp3_slam_mapping]:   Navigating to landmark 1: (1.00, 2.00) ...
[WARN] [1775699291.182887761] [exp3_slam_mapping]:   Navigation FAILED to landmark 1.
[INFO] [1775699291.184646732] [exp3_slam_mapping]:   Navigating to landmark 2: (0.00, 2.00) ...
[INFO] [1775699372.831509675] [exp3_slam_mapping]:   GT=(0.000,2.000)  Est=(-0.082,1.874)  Error=0.1502 m  Coverage=100.0 %
[INFO] [1775699372.833051742] [exp3_slam_mapping]:   Navigating to landmark 3: (2.00, 2.00) ...
[WARN] [1775699462.839235615] [exp3_slam_mapping]:   Navigation FAILED to landmark 3.
[INFO] [1775699462.840872276] [exp3_slam_mapping]:   Trial 10 RMSE = 0.1356 m
[INFO] [1775699462.842431301] [exp3_slam_mapping]: 
  Overall RMSE = 0.1075 m  (target ≤ 0.15 m)  PASS

============================================================
  EXPERIMENT SUMMARY — EXP 3 — SLAM Mapping
============================================================
  Trial    Metric                         Value        Unit
------------------------------------------------------------
  1        LM0 error                      0.1792       m
  2        LM0 error                      0.0083       m
  7        LM0 error                      0.0445       m
  7        LM2 error                      0.1195       m
  8        LM0 error                      0.0672       m
  9        LM0 error                      0.0512       m
  10       LM0 error                      0.1192       m
  10       LM2 error                      0.1502       m
  0        Overall RMSE                   0.1075       m
============================================================

[DataLogger] Closed /home/jetson/formica_experiments/data/exp3_slam_20260408_234331.csv
