[INFO] [1775084264.677197723] [exp3_slam_mapping]: Experiment 3 — SLAM Mapping starting ...
[INFO] [1775084267.775268028] [exp3_slam_mapping]: EXP3_FORCE_CMDVEL_AUTONOMY=1 detected; using /cmd_vel autonomy mode.
[INFO] [1775084267.978043093] [exp3_slam_mapping]: 
--- Trial 1/10 ---
[INFO] [1775084267.979416120] [exp3_slam_mapping]: Reset robot to (0,0) and reset map if required, then press ENTER in this terminal to start trial.
[WARN] [1775084276.032560837] [exp3_slam_mapping]:   /scan temporarily lost; pausing movement until LiDAR recovers.
[WARN] [1775084296.092082738] [exp3_slam_mapping]:   LiDAR recovery delayed; continuing trial with safety pauses.
[WARN] [1775084302.137229882] [exp3_slam_mapping]:   /scan temporarily lost; pausing movement until LiDAR recovers.
[WARN] [1775084322.195590798] [exp3_slam_mapping]:   LiDAR recovery delayed; continuing trial with safety pauses.
[WARN] [1775084328.240874833] [exp3_slam_mapping]:   /scan temporarily lost; pausing movement until LiDAR recovers.
[WARN] [1775084348.299535357] [exp3_slam_mapping]:   LiDAR recovery delayed; continuing trial with safety pauses.
[WARN] [1775084354.349072321] [exp3_slam_mapping]:   /scan temporarily lost; pausing movement until LiDAR recovers.
[WARN] [1775084374.408684847] [exp3_slam_mapping]:   LiDAR recovery delayed; continuing trial with safety pauses.
[WARN] [1775084380.459324452] [exp3_slam_mapping]:   /scan temporarily lost; pausing movement until LiDAR recovers.
[WARN] [1775084400.517406513] [exp3_slam_mapping]:   LiDAR recovery delayed; continuing trial with safety pauses.
[WARN] [1775084406.566894353] [exp3_slam_mapping]:   /scan temporarily lost; pausing movement until LiDAR recovers.
[WARN] [1775084426.626020014] [exp3_slam_mapping]:   LiDAR recovery delayed; continuing trial with safety pauses.
[WARN] [1775084432.675607257] [exp3_slam_mapping]:   /scan temporarily lost; pausing movement until LiDAR recovers.
[WARN] [1775084452.733602432] [exp3_slam_mapping]:   LiDAR recovery delayed; continuing trial with safety pauses.
[WARN] [1775084458.783376702] [exp3_slam_mapping]:   /scan temporarily lost; pausing movement until LiDAR recovers.
[WARN] [1775084478.842430808] [exp3_slam_mapping]:   LiDAR recovery delayed; continuing trial with safety pauses.
[WARN] [1775084484.891755539] [exp3_slam_mapping]:   /scan temporarily lost; pausing movement until LiDAR recovers.
[WARN] [1775084504.953301169] [exp3_slam_mapping]:   LiDAR recovery delayed; continuing trial with safety pauses.
[WARN] [1775084511.003273491] [exp3_slam_mapping]:   /scan temporarily lost; pausing movement until LiDAR recovers.
[WARN] [1775084531.061763230] [exp3_slam_mapping]:   LiDAR recovery delayed; continuing trial with safety pauses.
[WARN] [1775084531.063565874] [exp3_slam_mapping]:   Coverage timeout at 0.0% (target 95.0%). Continuing trial.
[INFO] [1775084531.065391783] [exp3_slam_mapping]:   Navigating to landmark 0: (1.00, 0.00) ...
[WARN] [1775084631.858782046] [exp3_slam_mapping]:   Navigation FAILED to landmark 0.
[INFO] [1775084631.860380564] [exp3_slam_mapping]:   Navigating to landmark 1: (1.00, 2.00) ...
[WARN] [1775084732.653849591] [exp3_slam_mapping]:   Navigation FAILED to landmark 1.
[INFO] [1775084732.655390895] [exp3_slam_mapping]:   Navigating to landmark 2: (0.00, 2.00) ...
[WARN] [1775084833.455097060] [exp3_slam_mapping]:   Navigation FAILED to landmark 2.
[INFO] [1775084833.456622238] [exp3_slam_mapping]:   Navigating to landmark 3: (2.00, 2.00) ...
[WARN] [1775084934.258213705] [exp3_slam_mapping]:   Navigation FAILED to landmark 3.
[ERROR] [1775084954.316669630] [exp3_slam_mapping]: LiDAR /scan is not stable. Stopping Experiment 3 to avoid invalid mapping data.
