[INFO] [1775519552.835486382] [exp3_slam_mapping]: Experiment 3 — SLAM Mapping starting ...
[DataLogger] Writing to /home/jetson/formica_experiments/data/exp3_slam_20260406_235232.csv
[INFO] [1775519555.922005559] [exp3_slam_mapping]: EXP3_FORCE_CMDVEL_AUTONOMY=1 detected; using /cmd_vel autonomy mode.
[INFO] [1775519555.971416528] [exp3_slam_mapping]: 
--- Trial 1/10 ---
[INFO] [1775519555.972169508] [exp3_slam_mapping]: Reset robot to (0,0) and reset map if required, then press ENTER in this terminal to start trial.
[INFO] [1775519557.975105972] [exp3_slam_mapping]:   Mapping … coverage 0.0% (target 95.0%), elapsed 0s / 240s
[INFO] [1775519576.105480866] [exp3_slam_mapping]:   Mapping … coverage 0.0% (target 95.0%), elapsed 18s / 240s
[INFO] [1775519594.156283835] [exp3_slam_mapping]:   Mapping … coverage 0.0% (target 95.0%), elapsed 36s / 240s
[INFO] [1775519612.197763938] [exp3_slam_mapping]:   Mapping … coverage 0.0% (target 95.0%), elapsed 54s / 240s
[INFO] [1775519630.215961804] [exp3_slam_mapping]:   Mapping … coverage 0.0% (target 95.0%), elapsed 72s / 240s
[INFO] [1775519648.240357181] [exp3_slam_mapping]:   Mapping … coverage 0.0% (target 95.0%), elapsed 90s / 240s
[INFO] [1775519666.263760057] [exp3_slam_mapping]:   Mapping … coverage 0.0% (target 95.0%), elapsed 108s / 240s
[INFO] [1775519684.316936992] [exp3_slam_mapping]:   Mapping … coverage 0.0% (target 95.0%), elapsed 126s / 240s
[INFO] [1775519702.349208995] [exp3_slam_mapping]:   Mapping … coverage 0.0% (target 95.0%), elapsed 144s / 240s
[INFO] [1775519720.394249260] [exp3_slam_mapping]:   Mapping … coverage 0.0% (target 95.0%), elapsed 162s / 240s
[INFO] [1775519738.436450880] [exp3_slam_mapping]:   Mapping … coverage 0.0% (target 95.0%), elapsed 180s / 240s
[INFO] [1775519756.453601657] [exp3_slam_mapping]:   Mapping … coverage 0.0% (target 95.0%), elapsed 198s / 240s
[INFO] [1775519774.473045399] [exp3_slam_mapping]:   Mapping … coverage 0.0% (target 95.0%), elapsed 216s / 240s
[INFO] [1775519792.525838322] [exp3_slam_mapping]:   Mapping … coverage 0.0% (target 95.0%), elapsed 235s / 240s
[WARN] [1775519798.543185784] [exp3_slam_mapping]:   Coverage timeout at 0.0% (target 95.0%). Continuing trial.
[INFO] [1775519798.544021262] [exp3_slam_mapping]:   Navigating to landmark 0: (1.00, 0.00) ...
[WARN] [1775519888.552140571] [exp3_slam_mapping]:   Navigation FAILED to landmark 0.
[INFO] [1775519888.553759205] [exp3_slam_mapping]:   Navigating to landmark 1: (1.00, 2.00) ...
[WARN] [1775519978.572739953] [exp3_slam_mapping]:   Navigation FAILED to landmark 1.
[INFO] [1775519978.573574311] [exp3_slam_mapping]:   Navigating to landmark 2: (0.00, 2.00) ...
[WARN] [1775520068.692799746] [exp3_slam_mapping]:   Navigation FAILED to landmark 2.
[INFO] [1775520068.693638264] [exp3_slam_mapping]:   Navigating to landmark 3: (2.00, 2.00) ...
[WARN] [1775520158.707239435] [exp3_slam_mapping]:   Navigation FAILED to landmark 3.
[INFO] [1775520158.759932127] [exp3_slam_mapping]: 
--- Trial 2/10 ---
[INFO] [1775520158.760707122] [exp3_slam_mapping]: Reset robot to (0,0) and reset map if required, then press ENTER in this terminal to start trial.
[INFO] [1775520160.803534289] [exp3_slam_mapping]:   Mapping … coverage 0.0% (target 95.0%), elapsed 0s / 240s
[INFO] [1775520178.858813079] [exp3_slam_mapping]:   Mapping … coverage 0.0% (target 95.0%), elapsed 18s / 240s
[INFO] [1775520196.938602071] [exp3_slam_mapping]:   Mapping … coverage 0.0% (target 95.0%), elapsed 36s / 240s
[INFO] [1775520215.082341148] [exp3_slam_mapping]:   Mapping … coverage 0.0% (target 95.0%), elapsed 54s / 240s
[INFO] [1775520233.169072997] [exp3_slam_mapping]:   Mapping … coverage 0.0% (target 95.0%), elapsed 72s / 240s
[INFO] [1775520251.274305100] [exp3_slam_mapping]:   Mapping … coverage 0.0% (target 95.0%), elapsed 90s / 240s
[INFO] [1775520269.424466932] [exp3_slam_mapping]:   Mapping … coverage 0.0% (target 95.0%), elapsed 109s / 240s
[INFO] [1775520287.552295847] [exp3_slam_mapping]:   Mapping … coverage 0.0% (target 95.0%), elapsed 127s / 240s
[INFO] [1775520305.692341588] [exp3_slam_mapping]:   Mapping … coverage 0.0% (target 95.0%), elapsed 145s / 240s
[INFO] [1775520323.840340889] [exp3_slam_mapping]:   Mapping … coverage 0.0% (target 95.0%), elapsed 163s / 240s
[WARN] [1775520342.893604404] [exp3_slam_mapping]:   /scan temporarily lost; pausing movement until LiDAR recovers.
[WARN] [1775520362.903542935] [exp3_slam_mapping]:   LiDAR recovery delayed; continuing trial with safety pauses.
[INFO] [1775520362.904409997] [exp3_slam_mapping]:   Mapping … coverage 0.0% (target 95.0%), elapsed 202s / 240s
[WARN] [1775520368.925635150] [exp3_slam_mapping]:   /scan temporarily lost; pausing movement until LiDAR recovers.
[WARN] [1775520388.953329884] [exp3_slam_mapping]:   LiDAR recovery delayed; continuing trial with safety pauses.
[INFO] [1775520388.955564564] [exp3_slam_mapping]:   Mapping … coverage 0.0% (target 95.0%), elapsed 228s / 240s
[WARN] [1775520394.972229439] [exp3_slam_mapping]:   /scan temporarily lost; pausing movement until LiDAR recovers.
[WARN] [1775520415.000882275] [exp3_slam_mapping]:   LiDAR recovery delayed; continuing trial with safety pauses.
[INFO] [1775520415.001715896] [exp3_slam_mapping]:   Mapping … coverage 0.0% (target 95.0%), elapsed 254s / 240s
[WARN] [1775520415.002664592] [exp3_slam_mapping]:   Coverage timeout at 0.0% (target 95.0%). Continuing trial.
[INFO] [1775520415.003352737] [exp3_slam_mapping]:   Navigating to landmark 0: (1.00, 0.00) ...
[WARN] [1775520515.252199668] [exp3_slam_mapping]:   Navigation FAILED to landmark 0.
[INFO] [1775520515.253729434] [exp3_slam_mapping]:   Navigating to landmark 1: (1.00, 2.00) ...
[WARN] [1775520615.427362870] [exp3_slam_mapping]:   Navigation FAILED to landmark 1.
[INFO] [1775520615.430140732] [exp3_slam_mapping]:   Navigating to landmark 2: (0.00, 2.00) ...
[WARN] [1775520715.626811908] [exp3_slam_mapping]:   Navigation FAILED to landmark 2.
[INFO] [1775520715.628739796] [exp3_slam_mapping]:   Navigating to landmark 3: (2.00, 2.00) ...
[WARN] [1775520815.833301687] [exp3_slam_mapping]:   Navigation FAILED to landmark 3.
[ERROR] [1775520835.851544210] [exp3_slam_mapping]: LiDAR /scan is not stable. Stopping Experiment 3 to avoid invalid mapping data.
