[INFO] [1775519284.235529279] [exp3_slam_mapping]: Experiment 3 — SLAM Mapping starting ...
[INFO] [1775519287.539757241] [exp3_slam_mapping]: EXP3_FORCE_CMDVEL_AUTONOMY=1 detected; using /cmd_vel autonomy mode.
[INFO] [1775519287.545504247] [exp3_slam_mapping]: 
--- Trial 1/10 ---
[INFO] [1775519287.546413936] [exp3_slam_mapping]: Reset robot to (0,0) and reset map if required, then press ENTER in this terminal to start trial.
[WARN] [1775519530.014676054] [exp3_slam_mapping]:   Coverage timeout at 0.0% (target 95.0%). Continuing trial.
[INFO] [1775519530.022360802] [exp3_slam_mapping]:   Navigating to landmark 0: (1.00, 0.00) ...
[WARN] [1775519620.028299916] [exp3_slam_mapping]:   Navigation FAILED to landmark 0.
[INFO] [1775519620.033647832] [exp3_slam_mapping]:   Navigating to landmark 1: (1.00, 2.00) ...
[WARN] [1775519710.048725729] [exp3_slam_mapping]:   Navigation FAILED to landmark 1.
[INFO] [1775519710.051700495] [exp3_slam_mapping]:   Navigating to landmark 2: (0.00, 2.00) ...
[WARN] [1775519800.062727407] [exp3_slam_mapping]:   Navigation FAILED to landmark 2.
[INFO] [1775519800.065470774] [exp3_slam_mapping]:   Navigating to landmark 3: (2.00, 2.00) ...
[WARN] [1775519890.092811928] [exp3_slam_mapping]:   Navigation FAILED to landmark 3.
[INFO] [1775519890.124314688] [exp3_slam_mapping]: 
--- Trial 2/10 ---
[INFO] [1775519890.143139234] [exp3_slam_mapping]: Reset robot to (0,0) and reset map if required, then press ENTER in this terminal to start trial.
[WARN] [1775520036.781843618] [exp3_slam_mapping]:   /scan temporarily lost; pausing movement until LiDAR recovers.
[WARN] [1775520136.472044478] [exp3_slam_mapping]:   Coverage timeout at 0.0% (target 95.0%). Continuing trial.
[INFO] [1775520136.567211719] [exp3_slam_mapping]:   Navigating to landmark 0: (1.00, 0.00) ...
[WARN] [1775520226.586609560] [exp3_slam_mapping]:   Navigation FAILED to landmark 0.
[INFO] [1775520226.587469390] [exp3_slam_mapping]:   Navigating to landmark 1: (1.00, 2.00) ...
[WARN] [1775520316.618510412] [exp3_slam_mapping]:   Navigation FAILED to landmark 1.
[INFO] [1775520316.620652834] [exp3_slam_mapping]:   Navigating to landmark 2: (0.00, 2.00) ...
[WARN] [1775520420.552675172] [exp3_slam_mapping]:   Navigation FAILED to landmark 2.
[INFO] [1775520420.554139144] [exp3_slam_mapping]:   Navigating to landmark 3: (2.00, 2.00) ...
[WARN] [1775520520.755438156] [exp3_slam_mapping]:   Navigation FAILED to landmark 3.
[ERROR] [1775520540.760555874] [exp3_slam_mapping]: LiDAR /scan is not stable. Stopping Experiment 3 to avoid invalid mapping data.
