[INFO] [launch]: All log files can be found below /home/jetson/.ros/log/2026-04-06-04-35-21-706851-chandan-28720
[INFO] [launch]: Default logging verbosity is set to INFO
[INFO] [controller_server-1]: process started with pid [28722]
[INFO] [smoother_server-2]: process started with pid [28724]
[INFO] [planner_server-3]: process started with pid [28726]
[INFO] [behavior_server-4]: process started with pid [28728]
[INFO] [bt_navigator-5]: process started with pid [28730]
[INFO] [waypoint_follower-6]: process started with pid [28732]
[INFO] [velocity_smoother-7]: process started with pid [28763]
[INFO] [lifecycle_manager-8]: process started with pid [28779]
[waypoint_follower-6] [INFO] [1775421322.183265585] [waypoint_follower]: 
[waypoint_follower-6] 	waypoint_follower lifecycle node launched. 
[waypoint_follower-6] 	Waiting on external lifecycle transitions to activate
[waypoint_follower-6] 	See https://design.ros2.org/articles/node_lifecycle.html for more information.
[waypoint_follower-6] [INFO] [1775421322.210522388] [waypoint_follower]: Creating
[velocity_smoother-7] [INFO] [1775421322.338242179] [velocity_smoother]: 
[velocity_smoother-7] 	velocity_smoother lifecycle node launched. 
[velocity_smoother-7] 	Waiting on external lifecycle transitions to activate
[velocity_smoother-7] 	See https://design.ros2.org/articles/node_lifecycle.html for more information.
[lifecycle_manager-8] [INFO] [1775421322.359196655] [lifecycle_manager_navigation]: Creating
[smoother_server-2] [INFO] [1775421322.367178630] [smoother_server]: 
[smoother_server-2] 	smoother_server lifecycle node launched. 
[smoother_server-2] 	Waiting on external lifecycle transitions to activate
[smoother_server-2] 	See https://design.ros2.org/articles/node_lifecycle.html for more information.
[smoother_server-2] [INFO] [1775421322.378435418] [smoother_server]: Creating smoother server
[planner_server-3] [INFO] [1775421322.382365413] [planner_server]: 
[lifecycle_manager-8] [INFO] [1775421322.390610528] [lifecycle_manager_navigation]: [34m[1mCreating and initializing lifecycle service clients[0m[0m
[planner_server-3] 	planner_server lifecycle node launched. 
[planner_server-3] 	Waiting on external lifecycle transitions to activate
[planner_server-3] 	See https://design.ros2.org/articles/node_lifecycle.html for more information.
[planner_server-3] [INFO] [1775421322.406051012] [planner_server]: Creating
[bt_navigator-5] [INFO] [1775421322.462203498] [bt_navigator]: 
[bt_navigator-5] 	bt_navigator lifecycle node launched. 
[bt_navigator-5] 	Waiting on external lifecycle transitions to activate
[bt_navigator-5] 	See https://design.ros2.org/articles/node_lifecycle.html for more information.
[bt_navigator-5] [INFO] [1775421322.464897661] [bt_navigator]: Creating
[planner_server-3] [INFO] [1775421322.674449910] [global_costmap.global_costmap]: 
[planner_server-3] 	global_costmap lifecycle node launched. 
[planner_server-3] 	Waiting on external lifecycle transitions to activate
[planner_server-3] 	See https://design.ros2.org/articles/node_lifecycle.html for more information.
[planner_server-3] [INFO] [1775421322.675500201] [global_costmap.global_costmap]: Creating Costmap
[controller_server-1] [INFO] [1775421322.691013231] [controller_server]: 
[controller_server-1] 	controller_server lifecycle node launched. 
[controller_server-1] 	Waiting on external lifecycle transitions to activate
[controller_server-1] 	See https://design.ros2.org/articles/node_lifecycle.html for more information.
[controller_server-1] [INFO] [1775421322.758695630] [controller_server]: Creating controller server
[controller_server-1] [INFO] [1775421322.874189429] [local_costmap.local_costmap]: 
[controller_server-1] 	local_costmap lifecycle node launched. 
[controller_server-1] 	Waiting on external lifecycle transitions to activate
[controller_server-1] 	See https://design.ros2.org/articles/node_lifecycle.html for more information.
[behavior_server-4] [INFO] [1775421322.878621449] [behavior_server]: 
[behavior_server-4] 	behavior_server lifecycle node launched. 
[behavior_server-4] 	Waiting on external lifecycle transitions to activate
[behavior_server-4] 	See https://design.ros2.org/articles/node_lifecycle.html for more information.
[controller_server-1] [INFO] [1775421322.881957480] [local_costmap.local_costmap]: Creating Costmap
[lifecycle_manager-8] [INFO] [1775421323.412504915] [lifecycle_manager_navigation]: [34m[1mStarting managed nodes bringup...[0m[0m
[lifecycle_manager-8] [INFO] [1775421323.412694422] [lifecycle_manager_navigation]: [34m[1mConfiguring controller_server[0m[0m
[controller_server-1] [INFO] [1775421323.413402372] [controller_server]: Configuring controller interface
[controller_server-1] [INFO] [1775421323.414047312] [controller_server]: getting goal checker plugins..
[controller_server-1] [INFO] [1775421323.415157349] [controller_server]: Controller frequency set to 10.0000Hz
[controller_server-1] [INFO] [1775421323.415279527] [local_costmap.local_costmap]: Configuring
[controller_server-1] [INFO] [1775421323.434035689] [local_costmap.local_costmap]: Using plugin "obstacle_layer"
[controller_server-1] [INFO] [1775421323.444027526] [local_costmap.local_costmap]: Subscribed to Topics: scan
[controller_server-1] [INFO] [1775421323.456780983] [local_costmap.local_costmap]: Initialized plugin "obstacle_layer"
[controller_server-1] [INFO] [1775421323.456899834] [local_costmap.local_costmap]: Using plugin "inflation_layer"
[controller_server-1] [INFO] [1775421323.459480970] [local_costmap.local_costmap]: Initialized plugin "inflation_layer"
[controller_server-1] [INFO] [1775421323.489863785] [controller_server]: Created progress_checker : progress_checker of type nav2_controller::PoseProgressChecker
[controller_server-1] [INFO] [1775421323.492013521] [controller_server]: Created goal checker : goal_checker of type nav2_controller::SimpleGoalChecker
[controller_server-1] [INFO] [1775421323.492858401] [controller_server]: Controller Server has goal_checker  goal checkers available.
[controller_server-1] [INFO] [1775421323.496059646] [controller_server]: Created controller : FollowPath of type dwb_core::DWBLocalPlanner
[controller_server-1] [INFO] [1775421323.498647407] [controller_server]: Setting transform_tolerance to 0.200000
[controller_server-1] [INFO] [1775421323.523403938] [controller_server]: Using critic "RotateToGoal" (dwb_critics::RotateToGoalCritic)
[controller_server-1] [INFO] [1775421323.525073634] [controller_server]: Critic plugin initialized
[controller_server-1] [INFO] [1775421323.525622668] [controller_server]: Using critic "Oscillation" (dwb_critics::OscillationCritic)
[controller_server-1] [INFO] [1775421323.527022119] [controller_server]: Critic plugin initialized
[controller_server-1] [INFO] [1775421323.527308972] [controller_server]: Using critic "BaseObstacle" (dwb_critics::BaseObstacleCritic)
[controller_server-1] [INFO] [1775421323.527750645] [controller_server]: Critic plugin initialized
[controller_server-1] [INFO] [1775421323.528066330] [controller_server]: Using critic "GoalAlign" (dwb_critics::GoalAlignCritic)
[controller_server-1] [INFO] [1775421323.528896202] [controller_server]: Critic plugin initialized
[controller_server-1] [INFO] [1775421323.529190288] [controller_server]: Using critic "PathAlign" (dwb_critics::PathAlignCritic)
[controller_server-1] [INFO] [1775421323.530028544] [controller_server]: Critic plugin initialized
[controller_server-1] [INFO] [1775421323.530313925] [controller_server]: Using critic "PathDist" (dwb_critics::PathDistCritic)
[controller_server-1] [INFO] [1775421323.530864783] [controller_server]: Critic plugin initialized
[controller_server-1] [INFO] [1775421323.531121300] [controller_server]: Using critic "GoalDist" (dwb_critics::GoalDistCritic)
[controller_server-1] [INFO] [1775421323.531624478] [controller_server]: Critic plugin initialized
[controller_server-1] [INFO] [1775421323.531661950] [controller_server]: Controller Server has FollowPath  controllers available.
[lifecycle_manager-8] [INFO] [1775421323.551437332] [lifecycle_manager_navigation]: [34m[1mConfiguring smoother_server[0m[0m
[smoother_server-2] [INFO] [1775421323.552012095] [smoother_server]: Configuring smoother server
[smoother_server-2] [INFO] [1775421323.584052701] [smoother_server]: Created smoother : simple_smoother of type nav2_smoother::SimpleSmoother
[smoother_server-2] [INFO] [1775421323.589086876] [smoother_server]: Smoother Server has simple_smoother  smoothers available.
[lifecycle_manager-8] [INFO] [1775421323.612398324] [lifecycle_manager_navigation]: [34m[1mConfiguring planner_server[0m[0m
[planner_server-3] [INFO] [1775421323.613093953] [planner_server]: Configuring
[planner_server-3] [INFO] [1775421323.613204515] [global_costmap.global_costmap]: Configuring
[planner_server-3] [INFO] [1775421323.633597381] [global_costmap.global_costmap]: Using plugin "static_layer"
[planner_server-3] [INFO] [1775421323.642590255] [global_costmap.global_costmap]: Subscribing to the map topic (/map) with transient local durability
[planner_server-3] [INFO] [1775421323.646917185] [global_costmap.global_costmap]: Initialized plugin "static_layer"
[planner_server-3] [INFO] [1775421323.679055808] [global_costmap.global_costmap]: StaticLayer: Resizing costmap to 185 X 172 at 0.050000 m/pix
[planner_server-3] [INFO] [1775421323.679643819] [planner_server]: Created global planner plugin GridBased of type nav2_navfn_planner/NavfnPlanner
[planner_server-3] [INFO] [1775421323.679706092] [planner_server]: Configuring plugin GridBased of type NavfnPlanner
[planner_server-3] [INFO] [1775421323.681057830] [planner_server]: Planner Server has GridBased  planners available.
[lifecycle_manager-8] [INFO] [1775421323.710585652] [lifecycle_manager_navigation]: [34m[1mConfiguring behavior_server[0m[0m
[behavior_server-4] [INFO] [1775421323.711182015] [behavior_server]: Configuring
[behavior_server-4] [INFO] [1775421323.739256914] [behavior_server]: Creating behavior plugin spin of type nav2_behaviors/Spin
[behavior_server-4] [INFO] [1775421323.740861456] [behavior_server]: Configuring spin
[behavior_server-4] [INFO] [1775421323.762895152] [behavior_server]: Creating behavior plugin backup of type nav2_behaviors/BackUp
[behavior_server-4] [INFO] [1775421323.764384332] [behavior_server]: Configuring backup
[behavior_server-4] [INFO] [1775421323.783485525] [behavior_server]: Creating behavior plugin drive_on_heading of type nav2_behaviors/DriveOnHeading
[behavior_server-4] [INFO] [1775421323.785074547] [behavior_server]: Configuring drive_on_heading
[behavior_server-4] [INFO] [1775421323.800833021] [behavior_server]: Creating behavior plugin assisted_teleop of type nav2_behaviors/AssistedTeleop
[behavior_server-4] [INFO] [1775421323.804057050] [behavior_server]: Configuring assisted_teleop
[behavior_server-4] [INFO] [1775421323.823192164] [behavior_server]: Creating behavior plugin wait of type nav2_behaviors/Wait
[behavior_server-4] [INFO] [1775421323.824686592] [behavior_server]: Configuring wait
[lifecycle_manager-8] [INFO] [1775421323.840076195] [lifecycle_manager_navigation]: [34m[1mConfiguring bt_navigator[0m[0m
[bt_navigator-5] [INFO] [1775421323.840582188] [bt_navigator]: Configuring
[lifecycle_manager-8] [INFO] [1775421324.030683253] [lifecycle_manager_navigation]: [34m[1mConfiguring waypoint_follower[0m[0m
[waypoint_follower-6] [INFO] [1775421324.032263091] [waypoint_follower]: Configuring
[waypoint_follower-6] [INFO] [1775421324.096731093] [waypoint_follower]: Created waypoint_task_executor : wait_at_waypoint of type nav2_waypoint_follower::WaitAtWaypoint
[waypoint_follower-6] [INFO] [1775421324.100704576] [waypoint_follower]: Waypoint pause duration is set to zero, disabling task executor plugin.
[lifecycle_manager-8] [INFO] [1775421324.101844757] [lifecycle_manager_navigation]: [34m[1mConfiguring velocity_smoother[0m[0m
[velocity_smoother-7] [INFO] [1775421324.102420160] [velocity_smoother]: Configuring velocity smoother
[lifecycle_manager-8] [INFO] [1775421324.117183479] [lifecycle_manager_navigation]: [34m[1mActivating controller_server[0m[0m
[controller_server-1] [INFO] [1775421324.117685921] [controller_server]: Activating
[controller_server-1] [INFO] [1775421324.117848740] [local_costmap.local_costmap]: Activating
[controller_server-1] [INFO] [1775421324.117901061] [local_costmap.local_costmap]: Checking transform
[controller_server-1] [INFO] [1775421324.118296428] [local_costmap.local_costmap]: start
[controller_server-1] [INFO] [1775421324.322931911] [controller_server]: Creating bond (controller_server) to lifecycle manager.
[lifecycle_manager-8] [INFO] [1775421324.435363315] [lifecycle_manager_navigation]: Server controller_server connected with bond.
[lifecycle_manager-8] [INFO] [1775421324.435502869] [lifecycle_manager_navigation]: [34m[1mActivating smoother_server[0m[0m
[smoother_server-2] [INFO] [1775421324.436344933] [smoother_server]: Activating
[smoother_server-2] [INFO] [1775421324.436486088] [smoother_server]: Creating bond (smoother_server) to lifecycle manager.
[lifecycle_manager-8] [INFO] [1775421324.552243763] [lifecycle_manager_navigation]: Server smoother_server connected with bond.
[lifecycle_manager-8] [INFO] [1775421324.552384726] [lifecycle_manager_navigation]: [34m[1mActivating planner_server[0m[0m
[planner_server-3] [INFO] [1775421324.553176453] [planner_server]: Activating
[planner_server-3] [INFO] [1775421324.553324072] [global_costmap.global_costmap]: Activating
[planner_server-3] [INFO] [1775421324.553375273] [global_costmap.global_costmap]: Checking transform
[planner_server-3] [INFO] [1775421324.553969908] [global_costmap.global_costmap]: start
[planner_server-3] [INFO] [1775421325.604180052] [planner_server]: Activating plugin GridBased of type NavfnPlanner
[planner_server-3] [INFO] [1775421325.608418052] [planner_server]: Creating bond (planner_server) to lifecycle manager.
[lifecycle_manager-8] [INFO] [1775421325.721979589] [lifecycle_manager_navigation]: Server planner_server connected with bond.
[lifecycle_manager-8] [INFO] [1775421325.722151497] [lifecycle_manager_navigation]: [34m[1mActivating behavior_server[0m[0m
[behavior_server-4] [INFO] [1775421325.722978072] [behavior_server]: Activating
[behavior_server-4] [INFO] [1775421325.723089978] [behavior_server]: Activating spin
[behavior_server-4] [INFO] [1775421325.723148379] [behavior_server]: Activating backup
[behavior_server-4] [INFO] [1775421325.723197948] [behavior_server]: Activating drive_on_heading
[behavior_server-4] [INFO] [1775421325.723236669] [behavior_server]: Activating assisted_teleop
[behavior_server-4] [INFO] [1775421325.723270110] [behavior_server]: Activating wait
[behavior_server-4] [INFO] [1775421325.723312414] [behavior_server]: Creating bond (behavior_server) to lifecycle manager.
[lifecycle_manager-8] [INFO] [1775421325.840063740] [lifecycle_manager_navigation]: Server behavior_server connected with bond.
[lifecycle_manager-8] [INFO] [1775421325.840196030] [lifecycle_manager_navigation]: [34m[1mActivating bt_navigator[0m[0m
[bt_navigator-5] [INFO] [1775421325.841030382] [bt_navigator]: Activating
[bt_navigator-5] [INFO] [1775421326.023588839] [bt_navigator]: Creating bond (bt_navigator) to lifecycle manager.
[lifecycle_manager-8] [INFO] [1775421326.136822817] [lifecycle_manager_navigation]: Server bt_navigator connected with bond.
[lifecycle_manager-8] [INFO] [1775421326.136984068] [lifecycle_manager_navigation]: [34m[1mActivating waypoint_follower[0m[0m
[waypoint_follower-6] [INFO] [1775421326.139079404] [waypoint_follower]: Activating
[waypoint_follower-6] [INFO] [1775421326.139227599] [waypoint_follower]: Creating bond (waypoint_follower) to lifecycle manager.
[lifecycle_manager-8] [INFO] [1775421326.256120334] [lifecycle_manager_navigation]: Server waypoint_follower connected with bond.
[lifecycle_manager-8] [INFO] [1775421326.256260465] [lifecycle_manager_navigation]: [34m[1mActivating velocity_smoother[0m[0m
[velocity_smoother-7] [INFO] [1775421326.257138849] [velocity_smoother]: Activating
[velocity_smoother-7] [INFO] [1775421326.257336133] [velocity_smoother]: Creating bond (velocity_smoother) to lifecycle manager.
[lifecycle_manager-8] [INFO] [1775421326.381340363] [lifecycle_manager_navigation]: Server velocity_smoother connected with bond.
[lifecycle_manager-8] [INFO] [1775421326.381490606] [lifecycle_manager_navigation]: [34m[1mManaged nodes are active[0m[0m
[lifecycle_manager-8] [INFO] [1775421326.381535311] [lifecycle_manager_navigation]: [34m[1mCreating bond timer...[0m[0m
[bt_navigator-5] [INFO] [1775421387.916068909] [bt_navigator]: Begin navigating from current location (0.01, -0.00) to (2.52, 3.04)
[controller_server-1] [INFO] [1775421388.018742345] [controller_server]: Received a goal, begin computing control effort.
[controller_server-1] [WARN] [1775421388.018903660] [controller_server]: No goal checker was specified in parameter 'current_goal_checker'. Server will use only plugin loaded goal_checker . This warning will appear once.
[bt_navigator-5] [INFO] [1775421486.859286786] [rclcpp]: signal_handler(SIGINT/SIGTERM)
[bt_navigator-5] [INFO] [1775421486.859519175] [bt_navigator]: Running Nav2 LifecycleNode rcl preshutdown (bt_navigator)
[bt_navigator-5] [INFO] [1775421486.859710058] [bt_navigator]: Deactivating
[bt_navigator-5] [WARN] [1775421486.859769675] [bt_navigator]: [navigate_to_pose] [ActionServer] Requested to deactivate server but goal is still executing. Should check if action server is running before deactivating.
[velocity_smoother-7] [INFO] [1775421486.860454136] [rclcpp]: signal_handler(SIGINT/SIGTERM)
[velocity_smoother-7] [INFO] [1775421486.860580570] [velocity_smoother]: Running Nav2 LifecycleNode rcl preshutdown (velocity_smoother)
[velocity_smoother-7] [INFO] [1775421486.860691004] [velocity_smoother]: Deactivating
[velocity_smoother-7] [INFO] [1775421486.860739357] [velocity_smoother]: Destroying bond (velocity_smoother) to lifecycle manager.
[lifecycle_manager-8] [INFO] [1775421486.861539084] [rclcpp]: signal_handler(SIGINT/SIGTERM)
[lifecycle_manager-8] [INFO] [1775421486.861697231] [lifecycle_manager_navigation]: Running Nav2 LifecycleManager rcl preshutdown (lifecycle_manager_navigation)
[lifecycle_manager-8] [INFO] [1775421486.861789808] [lifecycle_manager_navigation]: [34m[1mTerminating bond timer...[0m[0m
[controller_server-1] [INFO] [1775421486.862304090] [rclcpp]: signal_handler(SIGINT/SIGTERM)
[controller_server-1] [INFO] [1775421486.862441020] [controller_server]: Running Nav2 LifecycleNode rcl preshutdown (controller_server)
[controller_server-1] [INFO] [1775421486.862559646] [controller_server]: Deactivating
[controller_server-1] [WARN] [1775421486.862599903] [controller_server]: [follow_path] [ActionServer] Requested to deactivate server but goal is still executing. Should check if action server is running before deactivating.
[waypoint_follower-6] [INFO] [1775421486.863719924] [rclcpp]: signal_handler(SIGINT/SIGTERM)
[waypoint_follower-6] [INFO] [1775421486.864008857] [waypoint_follower]: Running Nav2 LifecycleNode rcl preshutdown (waypoint_follower)
[waypoint_follower-6] [INFO] [1775421486.864161244] [waypoint_follower]: Deactivating
[waypoint_follower-6] [INFO] [1775421486.864226813] [waypoint_follower]: Destroying bond (waypoint_follower) to lifecycle manager.
[smoother_server-2] [INFO] [1775421486.863828598] [rclcpp]: signal_handler(SIGINT/SIGTERM)
[smoother_server-2] [INFO] [1775421486.864075674] [smoother_server]: Running Nav2 LifecycleNode rcl preshutdown (smoother_server)
[smoother_server-2] [INFO] [1775421486.864241181] [smoother_server]: Deactivating
[smoother_server-2] [INFO] [1775421486.864322495] [smoother_server]: Destroying bond (smoother_server) to lifecycle manager.
[planner_server-3] [INFO] [1775421486.868516300] [rclcpp]: signal_handler(SIGINT/SIGTERM)
[planner_server-3] [INFO] [1775421486.868678063] [planner_server]: Running Nav2 LifecycleNode rcl preshutdown (planner_server)
[planner_server-3] [INFO] [1775421486.868846706] [planner_server]: Deactivating
[planner_server-3] [INFO] [1775421486.868957460] [global_costmap.global_costmap]: Deactivating
[behavior_server-4] [INFO] [1775421486.885507331] [rclcpp]: signal_handler(SIGINT/SIGTERM)
[behavior_server-4] [INFO] [1775421486.885719335] [behavior_server]: Running Nav2 LifecycleNode rcl preshutdown (behavior_server)
[behavior_server-4] [INFO] [1775421486.885868362] [behavior_server]: Deactivating
[behavior_server-4] [INFO] [1775421486.885932011] [behavior_server]: Destroying bond (behavior_server) to lifecycle manager.
[velocity_smoother-7] [INFO] [1775421486.901396839] [velocity_smoother]: Cleaning up
[velocity_smoother-7] [INFO] [1775421486.901546922] [velocity_smoother]: Destroying bond (velocity_smoother) to lifecycle manager.
[waypoint_follower-6] [INFO] [1775421486.915056001] [waypoint_follower]: Cleaning up
[controller_server-1] [WARN] [1775421486.919248462] [controller_server]: [follow_path] [ActionServer] Stopping the thread per request.
[controller_server-1] [INFO] [1775421486.919418033] [controller_server]: [follow_path] [ActionServer] Client requested to cancel the goal. Cancelling.
[controller_server-1] [INFO] [1775421486.920176447] [local_costmap.local_costmap]: Deactivating
[smoother_server-2] [INFO] [1775421486.945023687] [smoother_server]: Cleaning up
[bt_navigator-5] [INFO] [1775421486.959961753] [bt_navigator]: [navigate_to_pose] [ActionServer] Waiting for async process to finish.
[waypoint_follower-6] [INFO] [1775421486.961870300] [waypoint_follower]: Destroying bond (waypoint_follower) to lifecycle manager.
[velocity_smoother-7] [INFO] [1775421486.976016224] [velocity_smoother]: Destroying
[smoother_server-2] [INFO] [1775421486.985881108] [smoother_server]: Destroying bond (smoother_server) to lifecycle manager.
[bt_navigator-5] [WARN] [1775421486.986622626] [bt_navigator]: [navigate_to_pose] [ActionServer] Aborting handle.
[bt_navigator-5] [INFO] [1775421486.987202157] [bt_navigator]: Goal canceled
[bt_navigator-5] [WARN] [1775421486.987251406] [bt_navigator]: [navigate_to_pose] [ActionServer] Stopping the thread per request.
[bt_navigator-5] [INFO] [1775421486.987526963] [bt_navigator]: Destroying bond (bt_navigator) to lifecycle manager.
[behavior_server-4] [INFO] [1775421486.993449823] [behavior_server]: Cleaning up
[smoother_server-2] [INFO] [1775421487.017265812] [smoother_server]: Destroying
[waypoint_follower-6] [INFO] [1775421487.051490632] [waypoint_follower]: Destroying
[bt_navigator-5] [INFO] [1775421487.088115271] [bt_navigator]: Cleaning up
[behavior_server-4] [INFO] [1775421487.092382390] [behavior_server]: Destroying bond (behavior_server) to lifecycle manager.
[controller_server-1] [INFO] [1775421487.118646199] [controller_server]: Destroying bond (controller_server) to lifecycle manager.
[controller_server-1] [INFO] [1775421487.129235258] [controller_server]: Cleaning up
[controller_server-1] [INFO] [1775421487.129779908] [local_costmap.local_costmap]: Cleaning up
[INFO] [velocity_smoother-7]: process has finished cleanly [pid 28763]
[controller_server-1] [INFO] [1775421487.219550930] [controller_server]: Destroying bond (controller_server) to lifecycle manager.
[controller_server-1] [INFO] [1775421487.226026793] [local_costmap.local_costmap]: Destroying
[lifecycle_manager-8] [INFO] [1775421487.279320858] [lifecycle_manager_navigation]: Destroying lifecycle_manager_navigation
[controller_server-1] [INFO] [1775421487.307728003] [controller_server]: Destroying
[behavior_server-4] [INFO] [1775421487.315054761] [behavior_server]: Destroying
[INFO] [smoother_server-2]: process has finished cleanly [pid 28724]
[INFO] [waypoint_follower-6]: process has finished cleanly [pid 28732]
[bt_navigator-5] [INFO] [1775421487.405485508] [bt_navigator]: Completed Cleaning up
[bt_navigator-5] [INFO] [1775421487.405629991] [bt_navigator]: Destroying bond (bt_navigator) to lifecycle manager.
[bt_navigator-5] [INFO] [1775421487.418056170] [bt_navigator]: Destroying
[INFO] [lifecycle_manager-8]: process has finished cleanly [pid 28779]
[INFO] [controller_server-1]: process has finished cleanly [pid 28722]
[INFO] [behavior_server-4]: process has finished cleanly [pid 28728]
[planner_server-3] [INFO] [1775421487.554005768] [planner_server]: Deactivating plugin GridBased of type NavfnPlanner
[planner_server-3] [INFO] [1775421487.554191883] [planner_server]: Destroying bond (planner_server) to lifecycle manager.
[INFO] [bt_navigator-5]: process has finished cleanly [pid 28730]
[planner_server-3] [INFO] [1775421487.564510632] [planner_server]: Cleaning up
[planner_server-3] [INFO] [1775421487.580251785] [global_costmap.global_costmap]: Cleaning up
[planner_server-3] [INFO] [1775421487.586198710] [planner_server]: Cleaning up plugin GridBased of type NavfnPlanner
[planner_server-3] [INFO] [1775421487.586483195] [planner_server]: Destroying plugin GridBased of type NavfnPlanner
[planner_server-3] [INFO] [1775421487.597421572] [planner_server]: Destroying bond (planner_server) to lifecycle manager.
[planner_server-3] [INFO] [1775421487.606150436] [global_costmap.global_costmap]: Destroying
[planner_server-3] [INFO] [1775421487.628169464] [planner_server]: Destroying
[INFO] [planner_server-3]: process has finished cleanly [pid 28726]
