[INFO] [launch]: All log files can be found below /home/jetson/.ros/log/2026-04-04-02-25-43-754036-chandan-20336
[INFO] [launch]: Default logging verbosity is set to INFO
[INFO] [map_server-1]: process started with pid [20338]
[INFO] [amcl-2]: process started with pid [20340]
[INFO] [lifecycle_manager-3]: process started with pid [20342]
[lifecycle_manager-3] [INFO] [1775240744.179054409] [lifecycle_manager_localization]: Creating
[lifecycle_manager-3] [INFO] [1775240744.185857997] [lifecycle_manager_localization]: [34m[1mCreating and initializing lifecycle service clients[0m[0m
[map_server-1] [INFO] [1775240744.412284370] [map_server]: 
[map_server-1] 	map_server lifecycle node launched. 
[map_server-1] 	Waiting on external lifecycle transitions to activate
[map_server-1] 	See https://design.ros2.org/articles/node_lifecycle.html for more information.
[map_server-1] [INFO] [1775240744.412685082] [map_server]: Creating
[amcl-2] [INFO] [1775240744.610452980] [amcl]: 
[amcl-2] 	amcl lifecycle node launched. 
[amcl-2] 	Waiting on external lifecycle transitions to activate
[amcl-2] 	See https://design.ros2.org/articles/node_lifecycle.html for more information.
[amcl-2] [INFO] [1775240744.619478818] [amcl]: Creating
[lifecycle_manager-3] [INFO] [1775240745.521789750] [lifecycle_manager_localization]: [34m[1mStarting managed nodes bringup...[0m[0m
[lifecycle_manager-3] [INFO] [1775240745.521926840] [lifecycle_manager_localization]: [34m[1mConfiguring map_server[0m[0m
[map_server-1] [INFO] [1775240745.624739265] [map_server]: Configuring
[map_server-1] [INFO] [1775240745.624969862] [map_io]: Loading yaml file: /home/jetson/formica_map.yaml
[map_server-1] [INFO] [1775240745.625744181] [map_io]: resolution: 0.05
[map_server-1] [INFO] [1775240745.625782454] [map_io]: origin[0]: -5.9
[map_server-1] [INFO] [1775240745.625802678] [map_io]: origin[1]: -2.99
[map_server-1] [INFO] [1775240745.625817398] [map_io]: origin[2]: 0
[map_server-1] [INFO] [1775240745.625831607] [map_io]: free_thresh: 0.25
[map_server-1] [INFO] [1775240745.625845623] [map_io]: occupied_thresh: 0.65
[map_server-1] [INFO] [1775240745.625860631] [map_io]: mode: trinary
[map_server-1] [INFO] [1775240745.625877111] [map_io]: negate: 0
[map_server-1] [INFO] [1775240745.626437762] [map_io]: Loading image_file: /home/jetson/formica_map.pgm
[map_server-1] [INFO] [1775240745.640545652] [map_io]: Read map /home/jetson/formica_map.pgm: 185 X 172 map @ 0.05 m/cell
[lifecycle_manager-3] [INFO] [1775240745.663720789] [lifecycle_manager_localization]: [34m[1mConfiguring amcl[0m[0m
[amcl-2] [INFO] [1775240745.664398274] [amcl]: Configuring
[amcl-2] [INFO] [1775240745.664657063] [amcl]: initTransforms
[amcl-2] [INFO] [1775240745.698759804] [amcl]: initPubSub
[amcl-2] [INFO] [1775240745.716114829] [amcl]: Subscribed to map topic.
[lifecycle_manager-3] [INFO] [1775240745.734055176] [lifecycle_manager_localization]: [34m[1mActivating map_server[0m[0m
[map_server-1] [INFO] [1775240745.734665652] [map_server]: Activating
[map_server-1] [INFO] [1775240745.735152990] [map_server]: Creating bond (map_server) to lifecycle manager.
[amcl-2] [INFO] [1775240745.735479556] [amcl]: Received a 185 X 172 map @ 0.050 m/pix
[lifecycle_manager-3] [INFO] [1775240745.847943112] [lifecycle_manager_localization]: Server map_server connected with bond.
[lifecycle_manager-3] [INFO] [1775240745.848071307] [lifecycle_manager_localization]: [34m[1mActivating amcl[0m[0m
[amcl-2] [INFO] [1775240745.848785912] [amcl]: Activating
[amcl-2] [INFO] [1775240745.848900955] [amcl]: Creating bond (amcl) to lifecycle manager.
[amcl-2] [INFO] [1775240745.952705751] [amcl]: createLaserObject
[lifecycle_manager-3] [INFO] [1775240745.969623807] [lifecycle_manager_localization]: Server amcl connected with bond.
[lifecycle_manager-3] [INFO] [1775240745.969751553] [lifecycle_manager_localization]: [34m[1mManaged nodes are active[0m[0m
[lifecycle_manager-3] [INFO] [1775240745.969802530] [lifecycle_manager_localization]: [34m[1mCreating bond timer...[0m[0m
[amcl-2] [WARN] [1775240747.672016101] [amcl]: AMCL cannot publish a pose or update the transform. Please set the initial pose...
[amcl-2] [WARN] [1775240749.784438451] [amcl]: AMCL cannot publish a pose or update the transform. Please set the initial pose...
[amcl-2] [WARN] [1775240751.896906495] [amcl]: AMCL cannot publish a pose or update the transform. Please set the initial pose...
[amcl-2] [WARN] [1775240753.997180762] [amcl]: AMCL cannot publish a pose or update the transform. Please set the initial pose...
[amcl-2] [WARN] [1775240756.109584124] [amcl]: AMCL cannot publish a pose or update the transform. Please set the initial pose...
[amcl-2] [INFO] [1775240756.875210670] [amcl]: initialPoseReceived
[amcl-2] [WARN] [1775240756.877594365] [amcl]: Failed to transform initial pose in time (Lookup would require extrapolation into the future.  Requested time 1775240756.877314 but the latest data is at time 1775240756.827938, when looking up transform from frame [base_footprint] to frame [odom])
[amcl-2] [INFO] [1775240756.877692030] [amcl]: Setting pose (1775240756.877689): 0.000 0.000 0.000
