[INFO] [launch]: All log files can be found below /home/jetson/.ros/log/2026-04-06-00-03-50-402859-chandan-19130
[INFO] [launch]: Default logging verbosity is set to INFO
[INFO] [map_server-1]: process started with pid [19132]
[INFO] [amcl-2]: process started with pid [19134]
[INFO] [lifecycle_manager-3]: process started with pid [19136]
[lifecycle_manager-3] [INFO] [1775405031.075748594] [lifecycle_manager_localization]: Creating
[amcl-2] [INFO] [1775405031.098020943] [amcl]: 
[amcl-2] 	amcl lifecycle node launched. 
[amcl-2] 	Waiting on external lifecycle transitions to activate
[amcl-2] 	See https://design.ros2.org/articles/node_lifecycle.html for more information.
[amcl-2] [INFO] [1775405031.108483833] [amcl]: Creating
[lifecycle_manager-3] [INFO] [1775405031.160855186] [lifecycle_manager_localization]: [34m[1mCreating and initializing lifecycle service clients[0m[0m
[lifecycle_manager-3] [INFO] [1775405031.236157082] [lifecycle_manager_localization]: [34m[1mStarting managed nodes bringup...[0m[0m
[lifecycle_manager-3] [INFO] [1775405031.240765855] [lifecycle_manager_localization]: [34m[1mConfiguring map_server[0m[0m
[lifecycle_manager-3] [ERROR] [1775405031.244741011] [lifecycle_manager_localization]: Failed to change state for node: map_server
[lifecycle_manager-3] [ERROR] [1775405031.245927343] [lifecycle_manager_localization]: Failed to bring up all requested nodes. Aborting bringup.
[map_server-1] [INFO] [1775405031.374916341] [map_server]: 
[map_server-1] 	map_server lifecycle node launched. 
[map_server-1] 	Waiting on external lifecycle transitions to activate
[map_server-1] 	See https://design.ros2.org/articles/node_lifecycle.html for more information.
[map_server-1] [INFO] [1775405031.382457181] [map_server]: Creating
