[INFO] [launch]: All log files can be found below /home/jetson/.ros/log/2026-04-06-05-04-10-895864-chandan-37774
[INFO] [launch]: Default logging verbosity is set to INFO
[INFO] [map_server-1]: process started with pid [37776]
[INFO] [amcl-2]: process started with pid [37778]
[INFO] [lifecycle_manager-3]: process started with pid [37780]
[lifecycle_manager-3] [INFO] [1775423051.300388083] [lifecycle_manager_localization]: Creating
[lifecycle_manager-3] [INFO] [1775423051.306195372] [lifecycle_manager_localization]: [34m[1mCreating and initializing lifecycle service clients[0m[0m
[amcl-2] [INFO] [1775423051.325822213] [amcl]: 
[amcl-2] 	amcl lifecycle node launched. 
[amcl-2] 	Waiting on external lifecycle transitions to activate
[amcl-2] 	See https://design.ros2.org/articles/node_lifecycle.html for more information.
[map_server-1] [INFO] [1775423051.326370129] [map_server]: 
[map_server-1] 	map_server lifecycle node launched. 
[map_server-1] 	Waiting on external lifecycle transitions to activate
[map_server-1] 	See https://design.ros2.org/articles/node_lifecycle.html for more information.
[map_server-1] [INFO] [1775423051.326620022] [map_server]: Creating
[amcl-2] [INFO] [1775423051.327000958] [amcl]: Creating
[lifecycle_manager-3] [INFO] [1775423051.394698690] [lifecycle_manager_localization]: [34m[1mStarting managed nodes bringup...[0m[0m
[lifecycle_manager-3] [INFO] [1775423051.395994653] [lifecycle_manager_localization]: [34m[1mConfiguring map_server[0m[0m
[map_server-1] [INFO] [1775423051.531787309] [map_server]: Configuring
[map_server-1] [INFO] [1775423051.532327448] [map_io]: Loading yaml file: /home/jetson/formica_map.yaml
[map_server-1] [INFO] [1775423051.532994022] [map_io]: resolution: 0.05
[map_server-1] [INFO] [1775423051.533024391] [map_io]: origin[0]: -5.9
[map_server-1] [INFO] [1775423051.533037639] [map_io]: origin[1]: -2.99
[map_server-1] [INFO] [1775423051.533047335] [map_io]: origin[2]: 0
[map_server-1] [INFO] [1775423051.533057256] [map_io]: free_thresh: 0.25
[map_server-1] [INFO] [1775423051.533066728] [map_io]: occupied_thresh: 0.65
[map_server-1] [INFO] [1775423051.533077736] [map_io]: mode: trinary
[map_server-1] [INFO] [1775423051.533090184] [map_io]: negate: 0
[map_server-1] [INFO] [1775423051.533519793] [map_io]: Loading image_file: /home/jetson/formica_map.pgm
[map_server-1] [INFO] [1775423051.546005206] [map_io]: Read map /home/jetson/formica_map.pgm: 185 X 172 map @ 0.05 m/cell
[lifecycle_manager-3] [INFO] [1775423051.557681257] [lifecycle_manager_localization]: [34m[1mConfiguring amcl[0m[0m
[amcl-2] [INFO] [1775423051.558615677] [amcl]: Configuring
[amcl-2] [INFO] [1775423051.558849730] [amcl]: initTransforms
[amcl-2] [INFO] [1775423051.585287305] [amcl]: initPubSub
[amcl-2] [INFO] [1775423051.599095625] [amcl]: Subscribed to map topic.
[lifecycle_manager-3] [INFO] [1775423051.612434719] [lifecycle_manager_localization]: [34m[1mActivating map_server[0m[0m
[map_server-1] [INFO] [1775423051.613668153] [map_server]: Activating
[map_server-1] [INFO] [1775423051.614285702] [map_server]: Creating bond (map_server) to lifecycle manager.
[amcl-2] [INFO] [1775423051.614549067] [amcl]: Received a 185 X 172 map @ 0.050 m/pix
[lifecycle_manager-3] [INFO] [1775423051.721750119] [lifecycle_manager_localization]: Server map_server connected with bond.
[lifecycle_manager-3] [INFO] [1775423051.721888522] [lifecycle_manager_localization]: [34m[1mActivating amcl[0m[0m
[amcl-2] [INFO] [1775423051.722462870] [amcl]: Activating
[amcl-2] [INFO] [1775423051.722582969] [amcl]: Creating bond (amcl) to lifecycle manager.
[amcl-2] [INFO] [1775423051.791547191] [amcl]: createLaserObject
[lifecycle_manager-3] [INFO] [1775423051.834847614] [lifecycle_manager_localization]: Server amcl connected with bond.
[lifecycle_manager-3] [INFO] [1775423051.834984417] [lifecycle_manager_localization]: [34m[1mManaged nodes are active[0m[0m
[lifecycle_manager-3] [INFO] [1775423051.835030274] [lifecycle_manager_localization]: [34m[1mCreating bond timer...[0m[0m
[amcl-2] [INFO] [1775423052.644522004] [amcl]: Message Filter dropping message: frame 'laser' at time 1775423051.509 for reason 'the timestamp on the message is earlier than all the data in the transform cache'
[amcl-2] [WARN] [1775423053.572340776] [amcl]: AMCL cannot publish a pose or update the transform. Please set the initial pose...
[amcl-2] [WARN] [1775423055.623428017] [amcl]: AMCL cannot publish a pose or update the transform. Please set the initial pose...
[amcl-2] [WARN] [1775423057.686623274] [amcl]: AMCL cannot publish a pose or update the transform. Please set the initial pose...
[amcl-2] [WARN] [1775423059.737846141] [amcl]: AMCL cannot publish a pose or update the transform. Please set the initial pose...
[amcl-2] [WARN] [1775423061.801466694] [amcl]: AMCL cannot publish a pose or update the transform. Please set the initial pose...
[amcl-2] [WARN] [1775423063.852725792] [amcl]: AMCL cannot publish a pose or update the transform. Please set the initial pose...
[amcl-2] [WARN] [1775423065.916104267] [amcl]: AMCL cannot publish a pose or update the transform. Please set the initial pose...
[amcl-2] [WARN] [1775423067.967169960] [amcl]: AMCL cannot publish a pose or update the transform. Please set the initial pose...
[amcl-2] [WARN] [1775423070.030326709] [amcl]: AMCL cannot publish a pose or update the transform. Please set the initial pose...
[amcl-2] [WARN] [1775423072.081899397] [amcl]: AMCL cannot publish a pose or update the transform. Please set the initial pose...
[amcl-2] [WARN] [1775423074.132948893] [amcl]: AMCL cannot publish a pose or update the transform. Please set the initial pose...
[amcl-2] [WARN] [1775423076.196213383] [amcl]: AMCL cannot publish a pose or update the transform. Please set the initial pose...
[amcl-2] [WARN] [1775423078.247141092] [amcl]: AMCL cannot publish a pose or update the transform. Please set the initial pose...
[amcl-2] [INFO] [1775423078.907753122] [amcl]: initialPoseReceived
[amcl-2] [WARN] [1775423078.908113834] [amcl]: Failed to transform initial pose in time (Lookup would require extrapolation into the future.  Requested time 1775423078.907901 but the latest data is at time 1775423078.905540, when looking up transform from frame [base_footprint] to frame [odom])
[amcl-2] [INFO] [1775423078.908191147] [amcl]: Setting pose (1775423078.908189): 0.000 0.000 0.000
[lifecycle_manager-3] [INFO] [1775423463.230555337] [rclcpp]: signal_handler(SIGINT/SIGTERM)
[lifecycle_manager-3] [INFO] [1775423463.230681804] [lifecycle_manager_localization]: Running Nav2 LifecycleManager rcl preshutdown (lifecycle_manager_localization)
[lifecycle_manager-3] [INFO] [1775423463.230741389] [lifecycle_manager_localization]: [34m[1mTerminating bond timer...[0m[0m
[amcl-2] [INFO] [1775423463.231978982] [rclcpp]: signal_handler(SIGINT/SIGTERM)
[amcl-2] [INFO] [1775423463.232134761] [amcl]: Running Nav2 LifecycleNode rcl preshutdown (amcl)
[amcl-2] [INFO] [1775423463.232248331] [amcl]: Deactivating
[amcl-2] [INFO] [1775423463.232289228] [amcl]: Destroying bond (amcl) to lifecycle manager.
[map_server-1] [INFO] [1775423463.235216454] [rclcpp]: signal_handler(SIGINT/SIGTERM)
[map_server-1] [INFO] [1775423463.235404970] [map_server]: Running Nav2 LifecycleNode rcl preshutdown (map_server)
[map_server-1] [INFO] [1775423463.235547309] [map_server]: Deactivating
[map_server-1] [INFO] [1775423463.235601486] [map_server]: Destroying bond (map_server) to lifecycle manager.
[map_server-1] [INFO] [1775423463.330317364] [map_server]: Cleaning up
[map_server-1] [INFO] [1775423463.330458135] [map_server]: Destroying bond (map_server) to lifecycle manager.
[amcl-2] [INFO] [1775423463.334115936] [amcl]: Cleaning up
[map_server-1] [INFO] [1775423463.352916056] [map_server]: Destroying
[amcl-2] [INFO] [1775423463.353931629] [amcl]: Destroying bond (amcl) to lifecycle manager.
[amcl-2] [INFO] [1775423463.490527257] [amcl]: Destroying
[INFO] [amcl-2]: process has finished cleanly [pid 37778]
[INFO] [map_server-1]: process has finished cleanly [pid 37776]
[ERROR] [lifecycle_manager-3]: process has died [pid 37780, exit code -11, cmd '/opt/ros/humble/lib/nav2_lifecycle_manager/lifecycle_manager --ros-args --log-level info --ros-args -r __node:=lifecycle_manager_localization --params-file /tmp/launch_params_m90rlgd7 --params-file /tmp/launch_params_q60pcsp6 --params-file /tmp/launch_params_r0qu6b0u'].
