[INFO] [launch]: All log files can be found below /home/jetson/.ros/log/2026-04-06-04-49-57-642511-chandan-34012
[INFO] [launch]: Default logging verbosity is set to INFO
[INFO] [map_server-1]: process started with pid [34020]
[INFO] [amcl-2]: process started with pid [34022]
[INFO] [lifecycle_manager-3]: process started with pid [34024]
[amcl-2] [INFO] [1775422198.209281708] [amcl]: 
[amcl-2] 	amcl lifecycle node launched. 
[amcl-2] 	Waiting on external lifecycle transitions to activate
[amcl-2] 	See https://design.ros2.org/articles/node_lifecycle.html for more information.
[map_server-1] [INFO] [1775422198.222599738] [map_server]: 
[amcl-2] [INFO] [1775422198.224205190] [amcl]: Creating
[map_server-1] 	map_server lifecycle node launched. 
[map_server-1] 	Waiting on external lifecycle transitions to activate
[map_server-1] 	See https://design.ros2.org/articles/node_lifecycle.html for more information.
[map_server-1] [INFO] [1775422198.229456247] [map_server]: Creating
[lifecycle_manager-3] [INFO] [1775422198.280056775] [lifecycle_manager_localization]: Creating
[lifecycle_manager-3] [INFO] [1775422198.337501940] [lifecycle_manager_localization]: [34m[1mCreating and initializing lifecycle service clients[0m[0m
[lifecycle_manager-3] [INFO] [1775422199.065293488] [lifecycle_manager_localization]: [34m[1mStarting managed nodes bringup...[0m[0m
[lifecycle_manager-3] [INFO] [1775422199.065442164] [lifecycle_manager_localization]: [34m[1mConfiguring map_server[0m[0m
[map_server-1] [INFO] [1775422199.074349961] [map_server]: Configuring
[map_server-1] [INFO] [1775422199.074550895] [map_io]: Loading yaml file: /home/jetson/formica_map.yaml
[map_server-1] [INFO] [1775422199.075125343] [map_io]: resolution: 0.05
[map_server-1] [INFO] [1775422199.075148479] [map_io]: origin[0]: -5.9
[map_server-1] [INFO] [1775422199.075158016] [map_io]: origin[1]: -2.99
[map_server-1] [INFO] [1775422199.075165248] [map_io]: origin[2]: 0
[map_server-1] [INFO] [1775422199.075172672] [map_io]: free_thresh: 0.25
[map_server-1] [INFO] [1775422199.075179872] [map_io]: occupied_thresh: 0.65
[map_server-1] [INFO] [1775422199.075188192] [map_io]: mode: trinary
[map_server-1] [INFO] [1775422199.075198113] [map_io]: negate: 0
[map_server-1] [INFO] [1775422199.075570411] [map_io]: Loading image_file: /home/jetson/formica_map.pgm
[map_server-1] [INFO] [1775422199.083781165] [map_io]: Read map /home/jetson/formica_map.pgm: 185 X 172 map @ 0.05 m/cell
[lifecycle_manager-3] [INFO] [1775422199.166513872] [lifecycle_manager_localization]: [34m[1mConfiguring amcl[0m[0m
[amcl-2] [INFO] [1775422199.167150210] [amcl]: Configuring
[amcl-2] [INFO] [1775422199.167365704] [amcl]: initTransforms
[amcl-2] [INFO] [1775422199.199765315] [amcl]: initPubSub
[amcl-2] [INFO] [1775422199.215613367] [amcl]: Subscribed to map topic.
[lifecycle_manager-3] [INFO] [1775422199.229588663] [lifecycle_manager_localization]: [34m[1mActivating map_server[0m[0m
[map_server-1] [INFO] [1775422199.230019779] [map_server]: Activating
[map_server-1] [INFO] [1775422199.230406158] [map_server]: Creating bond (map_server) to lifecycle manager.
[amcl-2] [INFO] [1775422199.230617459] [amcl]: Received a 185 X 172 map @ 0.050 m/pix
[lifecycle_manager-3] [INFO] [1775422199.346664459] [lifecycle_manager_localization]: Server map_server connected with bond.
[lifecycle_manager-3] [INFO] [1775422199.346804815] [lifecycle_manager_localization]: [34m[1mActivating amcl[0m[0m
[amcl-2] [INFO] [1775422199.347956751] [amcl]: Activating
[amcl-2] [INFO] [1775422199.348334969] [amcl]: Creating bond (amcl) to lifecycle manager.
[amcl-2] [INFO] [1775422199.430622576] [amcl]: createLaserObject
[lifecycle_manager-3] [INFO] [1775422199.459007389] [lifecycle_manager_localization]: Server amcl connected with bond.
[lifecycle_manager-3] [INFO] [1775422199.459140161] [lifecycle_manager_localization]: [34m[1mManaged nodes are active[0m[0m
[lifecycle_manager-3] [INFO] [1775422199.459185730] [lifecycle_manager_localization]: [34m[1mCreating bond timer...[0m[0m
[amcl-2] [INFO] [1775422200.295505111] [amcl]: Message Filter dropping message: frame 'laser' at time 1775422199.159 for reason 'the timestamp on the message is earlier than all the data in the transform cache'
[amcl-2] [WARN] [1775422201.199063481] [amcl]: AMCL cannot publish a pose or update the transform. Please set the initial pose...
[amcl-2] [WARN] [1775422203.237933006] [amcl]: AMCL cannot publish a pose or update the transform. Please set the initial pose...
[amcl-2] [WARN] [1775422205.289111474] [amcl]: AMCL cannot publish a pose or update the transform. Please set the initial pose...
[amcl-2] [WARN] [1775422207.328012035] [amcl]: AMCL cannot publish a pose or update the transform. Please set the initial pose...
[amcl-2] [WARN] [1775422209.366952084] [amcl]: AMCL cannot publish a pose or update the transform. Please set the initial pose...
[amcl-2] [WARN] [1775422211.405830082] [amcl]: AMCL cannot publish a pose or update the transform. Please set the initial pose...
[amcl-2] [WARN] [1775422213.444541706] [amcl]: AMCL cannot publish a pose or update the transform. Please set the initial pose...
[amcl-2] [WARN] [1775422215.494823436] [amcl]: AMCL cannot publish a pose or update the transform. Please set the initial pose...
[amcl-2] [WARN] [1775422217.533704439] [amcl]: AMCL cannot publish a pose or update the transform. Please set the initial pose...
[amcl-2] [WARN] [1775422219.573061935] [amcl]: AMCL cannot publish a pose or update the transform. Please set the initial pose...
[amcl-2] [WARN] [1775422221.612335012] [amcl]: AMCL cannot publish a pose or update the transform. Please set the initial pose...
[amcl-2] [WARN] [1775422223.651192271] [amcl]: AMCL cannot publish a pose or update the transform. Please set the initial pose...
[amcl-2] [INFO] [1775422225.658641478] [amcl]: initialPoseReceived
[amcl-2] [WARN] [1775422225.658931822] [amcl]: Failed to transform initial pose in time (Lookup would require extrapolation into the future.  Requested time 1775422225.658780 but the latest data is at time 1775422225.622327, when looking up transform from frame [base_footprint] to frame [odom])
[amcl-2] [INFO] [1775422225.658979408] [amcl]: Setting pose (1775422225.658977): 0.000 0.000 0.000
[amcl-2] [INFO] [1775422997.439050194] [rclcpp]: signal_handler(SIGINT/SIGTERM)
[amcl-2] [INFO] [1775422997.439323768] [amcl]: Running Nav2 LifecycleNode rcl preshutdown (amcl)
[amcl-2] [INFO] [1775422997.439488763] [amcl]: Deactivating
[map_server-1] [INFO] [1775422997.439304087] [rclcpp]: signal_handler(SIGINT/SIGTERM)
[map_server-1] [INFO] [1775422997.439439034] [map_server]: Running Nav2 LifecycleNode rcl preshutdown (map_server)
[map_server-1] [INFO] [1775422997.439565245] [map_server]: Deactivating
[map_server-1] [INFO] [1775422997.439597213] [map_server]: Destroying bond (map_server) to lifecycle manager.
[amcl-2] [INFO] [1775422997.439571389] [amcl]: Destroying bond (amcl) to lifecycle manager.
[lifecycle_manager-3] [INFO] [1775422997.444102684] [rclcpp]: signal_handler(SIGINT/SIGTERM)
[lifecycle_manager-3] [INFO] [1775422997.444336641] [lifecycle_manager_localization]: Running Nav2 LifecycleManager rcl preshutdown (lifecycle_manager_localization)
[lifecycle_manager-3] [INFO] [1775422997.444432643] [lifecycle_manager_localization]: [34m[1mTerminating bond timer...[0m[0m
[amcl-2] [INFO] [1775422997.451386581] [amcl]: Cleaning up
[map_server-1] [INFO] [1775422997.460636632] [map_server]: Cleaning up
[map_server-1] [INFO] [1775422997.460774011] [map_server]: Destroying bond (map_server) to lifecycle manager.
[map_server-1] [INFO] [1775422997.539723479] [map_server]: Destroying
[amcl-2] [INFO] [1775422997.572671116] [amcl]: Destroying bond (amcl) to lifecycle manager.
[amcl-2] [INFO] [1775422997.594333747] [amcl]: Destroying
[lifecycle_manager-3] [INFO] [1775422997.598291111] [lifecycle_manager_localization]: Destroying lifecycle_manager_localization
[INFO] [amcl-2]: process has finished cleanly [pid 34022]
[INFO] [map_server-1]: process has finished cleanly [pid 34020]
[INFO] [lifecycle_manager-3]: process has finished cleanly [pid 34024]
