[INFO] [launch]: All log files can be found below /home/jetson/.ros/log/2026-04-05-23-48-23-533684-chandan-13477
[INFO] [launch]: Default logging verbosity is set to INFO
[INFO] [controller_server-1]: process started with pid [13479]
[INFO] [smoother_server-2]: process started with pid [13481]
[INFO] [planner_server-3]: process started with pid [13483]
[INFO] [behavior_server-4]: process started with pid [13485]
[INFO] [bt_navigator-5]: process started with pid [13487]
[INFO] [waypoint_follower-6]: process started with pid [13489]
[INFO] [velocity_smoother-7]: process started with pid [13491]
[INFO] [lifecycle_manager-8]: process started with pid [13493]
[controller_server-1] [INFO] [1775404104.110913471] [controller_server]: 
[controller_server-1] 	controller_server lifecycle node launched. 
[controller_server-1] 	Waiting on external lifecycle transitions to activate
[controller_server-1] 	See https://design.ros2.org/articles/node_lifecycle.html for more information.
[controller_server-1] [INFO] [1775404104.159295927] [controller_server]: Creating controller server
[planner_server-3] [INFO] [1775404104.167452429] [planner_server]: 
[planner_server-3] 	planner_server lifecycle node launched. 
[planner_server-3] 	Waiting on external lifecycle transitions to activate
[planner_server-3] 	See https://design.ros2.org/articles/node_lifecycle.html for more information.
[planner_server-3] [INFO] [1775404104.179634829] [planner_server]: Creating
[lifecycle_manager-8] [INFO] [1775404104.308622190] [lifecycle_manager_navigation]: Creating
[lifecycle_manager-8] [INFO] [1775404104.372436610] [lifecycle_manager_navigation]: [34m[1mCreating and initializing lifecycle service clients[0m[0m
[behavior_server-4] [INFO] [1775404104.391196954] [behavior_server]: 
[behavior_server-4] 	behavior_server lifecycle node launched. 
[behavior_server-4] 	Waiting on external lifecycle transitions to activate
[behavior_server-4] 	See https://design.ros2.org/articles/node_lifecycle.html for more information.
[smoother_server-2] [INFO] [1775404104.396331993] [smoother_server]: 
[smoother_server-2] 	smoother_server lifecycle node launched. 
[smoother_server-2] 	Waiting on external lifecycle transitions to activate
[smoother_server-2] 	See https://design.ros2.org/articles/node_lifecycle.html for more information.
[controller_server-1] [INFO] [1775404104.411904311] [local_costmap.local_costmap]: 
[controller_server-1] 	local_costmap lifecycle node launched. 
[controller_server-1] 	Waiting on external lifecycle transitions to activate
[controller_server-1] 	See https://design.ros2.org/articles/node_lifecycle.html for more information.
[controller_server-1] [INFO] [1775404104.413764857] [local_costmap.local_costmap]: Creating Costmap
[bt_navigator-5] [INFO] [1775404104.424525630] [bt_navigator]: 
[bt_navigator-5] 	bt_navigator lifecycle node launched. 
[bt_navigator-5] 	Waiting on external lifecycle transitions to activate
[bt_navigator-5] 	See https://design.ros2.org/articles/node_lifecycle.html for more information.
[bt_navigator-5] [INFO] [1775404104.424889477] [bt_navigator]: Creating
[smoother_server-2] [INFO] [1775404104.429605916] [smoother_server]: Creating smoother server
[planner_server-3] [INFO] [1775404104.453870201] [global_costmap.global_costmap]: 
[planner_server-3] 	global_costmap lifecycle node launched. 
[planner_server-3] 	Waiting on external lifecycle transitions to activate
[planner_server-3] 	See https://design.ros2.org/articles/node_lifecycle.html for more information.
[planner_server-3] [INFO] [1775404104.462698588] [global_costmap.global_costmap]: Creating Costmap
[waypoint_follower-6] [INFO] [1775404104.484731888] [waypoint_follower]: 
[waypoint_follower-6] 	waypoint_follower lifecycle node launched. 
[waypoint_follower-6] 	Waiting on external lifecycle transitions to activate
[waypoint_follower-6] 	See https://design.ros2.org/articles/node_lifecycle.html for more information.
[waypoint_follower-6] [INFO] [1775404104.502034382] [waypoint_follower]: Creating
[velocity_smoother-7] [INFO] [1775404104.609344033] [velocity_smoother]: 
[velocity_smoother-7] 	velocity_smoother lifecycle node launched. 
[velocity_smoother-7] 	Waiting on external lifecycle transitions to activate
[velocity_smoother-7] 	See https://design.ros2.org/articles/node_lifecycle.html for more information.
[lifecycle_manager-8] [INFO] [1775404106.093514504] [lifecycle_manager_navigation]: [34m[1mStarting managed nodes bringup...[0m[0m
[lifecycle_manager-8] [INFO] [1775404106.095516013] [lifecycle_manager_navigation]: [34m[1mConfiguring controller_server[0m[0m
[controller_server-1] [INFO] [1775404106.097247021] [controller_server]: Configuring controller interface
[controller_server-1] [INFO] [1775404106.097751190] [controller_server]: getting goal checker plugins..
[controller_server-1] [INFO] [1775404106.098212543] [controller_server]: Controller frequency set to 10.0000Hz
[controller_server-1] [INFO] [1775404106.098287968] [local_costmap.local_costmap]: Configuring
[controller_server-1] [INFO] [1775404106.140810572] [local_costmap.local_costmap]: Using plugin "obstacle_layer"
[controller_server-1] [INFO] [1775404106.185112824] [local_costmap.local_costmap]: Subscribed to Topics: scan
[controller_server-1] [INFO] [1775404106.215388035] [local_costmap.local_costmap]: Initialized plugin "obstacle_layer"
[controller_server-1] [INFO] [1775404106.215555814] [local_costmap.local_costmap]: Using plugin "inflation_layer"
[controller_server-1] [INFO] [1775404106.218217495] [local_costmap.local_costmap]: Initialized plugin "inflation_layer"
[controller_server-1] [INFO] [1775404106.272991491] [controller_server]: Created progress_checker : progress_checker of type nav2_controller::SimpleProgressChecker
[controller_server-1] [INFO] [1775404106.275105098] [controller_server]: Created goal checker : goal_checker of type nav2_controller::SimpleGoalChecker
[controller_server-1] [INFO] [1775404106.276156989] [controller_server]: Controller Server has goal_checker  goal checkers available.
[controller_server-1] [INFO] [1775404106.282792151] [controller_server]: Created controller : FollowPath of type dwb_core::DWBLocalPlanner
[controller_server-1] [INFO] [1775404106.285814286] [controller_server]: Setting transform_tolerance to 0.200000
[controller_server-1] [INFO] [1775404106.315544271] [controller_server]: Using critic "RotateToGoal" (dwb_critics::RotateToGoalCritic)
[controller_server-1] [INFO] [1775404106.317322448] [controller_server]: Critic plugin initialized
[controller_server-1] [INFO] [1775404106.317716055] [controller_server]: Using critic "Oscillation" (dwb_critics::OscillationCritic)
[controller_server-1] [INFO] [1775404106.319132337] [controller_server]: Critic plugin initialized
[controller_server-1] [INFO] [1775404106.319459959] [controller_server]: Using critic "BaseObstacle" (dwb_critics::BaseObstacleCritic)
[controller_server-1] [INFO] [1775404106.320015841] [controller_server]: Critic plugin initialized
[controller_server-1] [INFO] [1775404106.320340167] [controller_server]: Using critic "GoalAlign" (dwb_critics::GoalAlignCritic)
[controller_server-1] [INFO] [1775404106.321280952] [controller_server]: Critic plugin initialized
[controller_server-1] [INFO] [1775404106.321611966] [controller_server]: Using critic "PathAlign" (dwb_critics::PathAlignCritic)
[controller_server-1] [INFO] [1775404106.322492398] [controller_server]: Critic plugin initialized
[controller_server-1] [INFO] [1775404106.322822901] [controller_server]: Using critic "PathDist" (dwb_critics::PathDistCritic)
[controller_server-1] [INFO] [1775404106.323415903] [controller_server]: Critic plugin initialized
[controller_server-1] [INFO] [1775404106.323729189] [controller_server]: Using critic "GoalDist" (dwb_critics::GoalDistCritic)
[controller_server-1] [INFO] [1775404106.324337520] [controller_server]: Critic plugin initialized
[controller_server-1] [INFO] [1775404106.324380017] [controller_server]: Controller Server has FollowPath  controllers available.
[lifecycle_manager-8] [INFO] [1775404106.351452769] [lifecycle_manager_navigation]: [34m[1mConfiguring smoother_server[0m[0m
[smoother_server-2] [INFO] [1775404106.353232418] [smoother_server]: Configuring smoother server
[smoother_server-2] [INFO] [1775404106.390432876] [smoother_server]: Created smoother : simple_smoother of type nav2_smoother::SimpleSmoother
[smoother_server-2] [INFO] [1775404106.396252183] [smoother_server]: Smoother Server has simple_smoother  smoothers available.
[lifecycle_manager-8] [INFO] [1775404106.437127236] [lifecycle_manager_navigation]: [34m[1mConfiguring planner_server[0m[0m
[planner_server-3] [INFO] [1775404106.437708559] [planner_server]: Configuring
[planner_server-3] [INFO] [1775404106.437817233] [global_costmap.global_costmap]: Configuring
[planner_server-3] [INFO] [1775404106.462716249] [global_costmap.global_costmap]: Using plugin "static_layer"
[planner_server-3] [INFO] [1775404106.475294464] [global_costmap.global_costmap]: Subscribing to the map topic (/map) with transient local durability
[planner_server-3] [INFO] [1775404106.481144011] [global_costmap.global_costmap]: Initialized plugin "static_layer"
[planner_server-3] [INFO] [1775404106.481241997] [global_costmap.global_costmap]: Using plugin "obstacle_layer"
[planner_server-3] [INFO] [1775404106.487868422] [global_costmap.global_costmap]: Subscribed to Topics: scan
[planner_server-3] [INFO] [1775404106.510321474] [global_costmap.global_costmap]: Initialized plugin "obstacle_layer"
[planner_server-3] [INFO] [1775404106.510424996] [global_costmap.global_costmap]: Using plugin "inflation_layer"
[planner_server-3] [INFO] [1775404106.513975333] [global_costmap.global_costmap]: Initialized plugin "inflation_layer"
[planner_server-3] [INFO] [1775404106.550481634] [global_costmap.global_costmap]: StaticLayer: Resizing costmap to 185 X 172 at 0.050000 m/pix
[planner_server-3] [INFO] [1775404106.551028300] [planner_server]: Created global planner plugin GridBased of type nav2_navfn_planner/NavfnPlanner
[planner_server-3] [INFO] [1775404106.551089197] [planner_server]: Configuring plugin GridBased of type NavfnPlanner
[planner_server-3] [INFO] [1775404106.556223980] [planner_server]: Planner Server has GridBased  planners available.
[lifecycle_manager-8] [INFO] [1775404106.600411574] [lifecycle_manager_navigation]: [34m[1mConfiguring behavior_server[0m[0m
[behavior_server-4] [INFO] [1775404106.601118147] [behavior_server]: Configuring
[behavior_server-4] [INFO] [1775404106.659930329] [behavior_server]: Creating behavior plugin spin of type nav2_behaviors/Spin
[behavior_server-4] [INFO] [1775404106.663157076] [behavior_server]: Configuring spin
[behavior_server-4] [INFO] [1775404106.709230689] [behavior_server]: Creating behavior plugin backup of type nav2_behaviors/BackUp
[behavior_server-4] [INFO] [1775404106.710726972] [behavior_server]: Configuring backup
[behavior_server-4] [INFO] [1775404106.740623648] [behavior_server]: Creating behavior plugin drive_on_heading of type nav2_behaviors/DriveOnHeading
[behavior_server-4] [INFO] [1775404106.742253630] [behavior_server]: Configuring drive_on_heading
[behavior_server-4] [INFO] [1775404106.767345066] [behavior_server]: Creating behavior plugin assisted_teleop of type nav2_behaviors/AssistedTeleop
[behavior_server-4] [INFO] [1775404106.770675847] [behavior_server]: Configuring assisted_teleop
[behavior_server-4] [INFO] [1775404106.799044367] [behavior_server]: Creating behavior plugin wait of type nav2_behaviors/Wait
[behavior_server-4] [INFO] [1775404106.800476650] [behavior_server]: Configuring wait
[lifecycle_manager-8] [INFO] [1775404106.827025392] [lifecycle_manager_navigation]: [34m[1mConfiguring bt_navigator[0m[0m
[bt_navigator-5] [INFO] [1775404106.827646524] [bt_navigator]: Configuring
[lifecycle_manager-8] [INFO] [1775404107.059766458] [lifecycle_manager_navigation]: [34m[1mConfiguring waypoint_follower[0m[0m
[waypoint_follower-6] [INFO] [1775404107.060368165] [waypoint_follower]: Configuring
[waypoint_follower-6] [INFO] [1775404107.109353703] [waypoint_follower]: Created waypoint_task_executor : wait_at_waypoint of type nav2_waypoint_follower::WaitAtWaypoint
[waypoint_follower-6] [INFO] [1775404107.112021720] [waypoint_follower]: Waypoint pause duration is set to zero, disabling task executor plugin.
[lifecycle_manager-8] [INFO] [1775404107.113813464] [lifecycle_manager_navigation]: [34m[1mConfiguring velocity_smoother[0m[0m
[velocity_smoother-7] [INFO] [1775404107.114375235] [velocity_smoother]: Configuring velocity smoother
[lifecycle_manager-8] [INFO] [1775404107.127631766] [lifecycle_manager_navigation]: [34m[1mActivating controller_server[0m[0m
[controller_server-1] [INFO] [1775404107.128073182] [controller_server]: Activating
[controller_server-1] [INFO] [1775404107.128247745] [local_costmap.local_costmap]: Activating
[controller_server-1] [INFO] [1775404107.128301186] [local_costmap.local_costmap]: Checking transform
[controller_server-1] [INFO] [1775404107.128574887] [local_costmap.local_costmap]: start
[controller_server-1] [INFO] [1775404107.332817476] [controller_server]: Creating bond (controller_server) to lifecycle manager.
[lifecycle_manager-8] [INFO] [1775404107.454151858] [lifecycle_manager_navigation]: Server controller_server connected with bond.
[lifecycle_manager-8] [INFO] [1775404107.454339254] [lifecycle_manager_navigation]: [34m[1mActivating smoother_server[0m[0m
[smoother_server-2] [INFO] [1775404107.455332744] [smoother_server]: Activating
[smoother_server-2] [INFO] [1775404107.455465579] [smoother_server]: Creating bond (smoother_server) to lifecycle manager.
[lifecycle_manager-8] [INFO] [1775404107.579399625] [lifecycle_manager_navigation]: Server smoother_server connected with bond.
[lifecycle_manager-8] [INFO] [1775404107.579541547] [lifecycle_manager_navigation]: [34m[1mActivating planner_server[0m[0m
[planner_server-3] [INFO] [1775404107.580480796] [planner_server]: Activating
[planner_server-3] [INFO] [1775404107.580633439] [global_costmap.global_costmap]: Activating
[planner_server-3] [INFO] [1775404107.580677856] [global_costmap.global_costmap]: Checking transform
[planner_server-3] [INFO] [1775404107.580952965] [global_costmap.global_costmap]: start
[planner_server-3] [INFO] [1775404108.584815088] [planner_server]: Activating plugin GridBased of type NavfnPlanner
[planner_server-3] [INFO] [1775404108.590928127] [planner_server]: Creating bond (planner_server) to lifecycle manager.
[lifecycle_manager-8] [INFO] [1775404108.709395223] [lifecycle_manager_navigation]: Server planner_server connected with bond.
[lifecycle_manager-8] [INFO] [1775404108.710464267] [lifecycle_manager_navigation]: [34m[1mActivating behavior_server[0m[0m
[behavior_server-4] [INFO] [1775404108.711606944] [behavior_server]: Activating
[behavior_server-4] [INFO] [1775404108.711708130] [behavior_server]: Activating spin
[behavior_server-4] [INFO] [1775404108.711759075] [behavior_server]: Activating backup
[behavior_server-4] [INFO] [1775404108.711795075] [behavior_server]: Activating drive_on_heading
[behavior_server-4] [INFO] [1775404108.711829188] [behavior_server]: Activating assisted_teleop
[behavior_server-4] [INFO] [1775404108.711856133] [behavior_server]: Activating wait
[behavior_server-4] [INFO] [1775404108.711895045] [behavior_server]: Creating bond (behavior_server) to lifecycle manager.
[lifecycle_manager-8] [INFO] [1775404108.829777427] [lifecycle_manager_navigation]: Server behavior_server connected with bond.
[lifecycle_manager-8] [INFO] [1775404108.829949078] [lifecycle_manager_navigation]: [34m[1mActivating bt_navigator[0m[0m
[bt_navigator-5] [INFO] [1775404108.830986601] [bt_navigator]: Activating
[bt_navigator-5] [INFO] [1775404109.054126684] [bt_navigator]: Creating bond (bt_navigator) to lifecycle manager.
[lifecycle_manager-8] [INFO] [1775404109.171672545] [lifecycle_manager_navigation]: Server bt_navigator connected with bond.
[lifecycle_manager-8] [INFO] [1775404109.171871013] [lifecycle_manager_navigation]: [34m[1mActivating waypoint_follower[0m[0m
[waypoint_follower-6] [INFO] [1775404109.173422081] [waypoint_follower]: Activating
[waypoint_follower-6] [INFO] [1775404109.173562563] [waypoint_follower]: Creating bond (waypoint_follower) to lifecycle manager.
[lifecycle_manager-8] [INFO] [1775404109.291130537] [lifecycle_manager_navigation]: Server waypoint_follower connected with bond.
[lifecycle_manager-8] [INFO] [1775404109.293024012] [lifecycle_manager_navigation]: [34m[1mActivating velocity_smoother[0m[0m
[velocity_smoother-7] [INFO] [1775404109.294248930] [velocity_smoother]: Activating
[velocity_smoother-7] [INFO] [1775404109.294482470] [velocity_smoother]: Creating bond (velocity_smoother) to lifecycle manager.
[lifecycle_manager-8] [INFO] [1775404109.415922515] [lifecycle_manager_navigation]: Server velocity_smoother connected with bond.
[lifecycle_manager-8] [INFO] [1775404109.416069622] [lifecycle_manager_navigation]: [34m[1mManaged nodes are active[0m[0m
[lifecycle_manager-8] [INFO] [1775404109.416112694] [lifecycle_manager_navigation]: [34m[1mCreating bond timer...[0m[0m
[bt_navigator-5] [WARN] [1775404132.353919171] [bt_navigator.rclcpp]: failed to send response to /bt_navigator/get_state (timeout): client will not receive response, at ./src/rmw_response.cpp:154, at ./src/rcl/service.c:314
[bt_navigator-5] [WARN] [1775404138.036737953] [rcl_lifecycle]: No transition matching activate found for current state active
[bt_navigator-5] [WARN] [1775404138.136939612] [bt_navigator.rclcpp]: failed to send response to /bt_navigator/change_state (timeout): client will not receive response, at ./src/rmw_response.cpp:154, at ./src/rcl/service.c:314
