[INFO] [launch]: All log files can be found below /home/jetson/.ros/log/2026-04-04-02-19-50-996617-chandan-18762
[INFO] [launch]: Default logging verbosity is set to INFO
[INFO] [controller_server-1]: process started with pid [18764]
[INFO] [smoother_server-2]: process started with pid [18766]
[INFO] [planner_server-3]: process started with pid [18768]
[INFO] [behavior_server-4]: process started with pid [18770]
[INFO] [bt_navigator-5]: process started with pid [18772]
[INFO] [waypoint_follower-6]: process started with pid [18774]
[INFO] [velocity_smoother-7]: process started with pid [18776]
[INFO] [lifecycle_manager-8]: process started with pid [18788]
[behavior_server-4] [INFO] [1775240391.598905509] [behavior_server]: 
[behavior_server-4] 	behavior_server lifecycle node launched. 
[behavior_server-4] 	Waiting on external lifecycle transitions to activate
[behavior_server-4] 	See https://design.ros2.org/articles/node_lifecycle.html for more information.
[waypoint_follower-6] [INFO] [1775240391.705606314] [waypoint_follower]: 
[waypoint_follower-6] 	waypoint_follower lifecycle node launched. 
[waypoint_follower-6] 	Waiting on external lifecycle transitions to activate
[waypoint_follower-6] 	See https://design.ros2.org/articles/node_lifecycle.html for more information.
[waypoint_follower-6] [INFO] [1775240391.712431409] [waypoint_follower]: Creating
[bt_navigator-5] [INFO] [1775240391.747216099] [bt_navigator]: 
[bt_navigator-5] 	bt_navigator lifecycle node launched. 
[bt_navigator-5] 	Waiting on external lifecycle transitions to activate
[bt_navigator-5] 	See https://design.ros2.org/articles/node_lifecycle.html for more information.
[bt_navigator-5] [INFO] [1775240391.754973053] [bt_navigator]: Creating
[planner_server-3] [INFO] [1775240391.828820630] [planner_server]: 
[planner_server-3] 	planner_server lifecycle node launched. 
[planner_server-3] 	Waiting on external lifecycle transitions to activate
[planner_server-3] 	See https://design.ros2.org/articles/node_lifecycle.html for more information.
[smoother_server-2] [INFO] [1775240391.834567688] [smoother_server]: 
[smoother_server-2] 	smoother_server lifecycle node launched. 
[smoother_server-2] 	Waiting on external lifecycle transitions to activate
[smoother_server-2] 	See https://design.ros2.org/articles/node_lifecycle.html for more information.
[smoother_server-2] [INFO] [1775240391.837479010] [smoother_server]: Creating smoother server
[planner_server-3] [INFO] [1775240391.886192264] [planner_server]: Creating
[lifecycle_manager-8] [INFO] [1775240392.104463475] [lifecycle_manager_navigation]: Creating
[controller_server-1] [INFO] [1775240392.108598213] [controller_server]: 
[controller_server-1] 	controller_server lifecycle node launched. 
[controller_server-1] 	Waiting on external lifecycle transitions to activate
[controller_server-1] 	See https://design.ros2.org/articles/node_lifecycle.html for more information.
[velocity_smoother-7] [INFO] [1775240392.170264204] [velocity_smoother]: 
[velocity_smoother-7] 	velocity_smoother lifecycle node launched. 
[velocity_smoother-7] 	Waiting on external lifecycle transitions to activate
[velocity_smoother-7] 	See https://design.ros2.org/articles/node_lifecycle.html for more information.
[lifecycle_manager-8] [INFO] [1775240392.194752146] [lifecycle_manager_navigation]: [34m[1mCreating and initializing lifecycle service clients[0m[0m
[controller_server-1] [INFO] [1775240392.213500998] [controller_server]: Creating controller server
[planner_server-3] [INFO] [1775240392.529894154] [global_costmap.global_costmap]: 
[planner_server-3] 	global_costmap lifecycle node launched. 
[planner_server-3] 	Waiting on external lifecycle transitions to activate
[planner_server-3] 	See https://design.ros2.org/articles/node_lifecycle.html for more information.
[planner_server-3] [INFO] [1775240392.532479389] [global_costmap.global_costmap]: Creating Costmap
[controller_server-1] [INFO] [1775240392.694314760] [local_costmap.local_costmap]: 
[controller_server-1] 	local_costmap lifecycle node launched. 
[controller_server-1] 	Waiting on external lifecycle transitions to activate
[controller_server-1] 	See https://design.ros2.org/articles/node_lifecycle.html for more information.
[controller_server-1] [INFO] [1775240392.695573889] [local_costmap.local_costmap]: Creating Costmap
[lifecycle_manager-8] [INFO] [1775240394.127608151] [lifecycle_manager_navigation]: [34m[1mStarting managed nodes bringup...[0m[0m
[lifecycle_manager-8] [INFO] [1775240394.127735993] [lifecycle_manager_navigation]: [34m[1mConfiguring controller_server[0m[0m
[controller_server-1] [INFO] [1775240394.128408742] [controller_server]: Configuring controller interface
[controller_server-1] [INFO] [1775240394.128942929] [controller_server]: getting goal checker plugins..
[controller_server-1] [INFO] [1775240394.129151125] [controller_server]: Controller frequency set to 10.0000Hz
[controller_server-1] [INFO] [1775240394.129220407] [local_costmap.local_costmap]: Configuring
[controller_server-1] [INFO] [1775240394.156336176] [local_costmap.local_costmap]: Using plugin "obstacle_layer"
[controller_server-1] [INFO] [1775240394.163458398] [local_costmap.local_costmap]: Subscribed to Topics: scan
[controller_server-1] [INFO] [1775240394.181041434] [local_costmap.local_costmap]: Initialized plugin "obstacle_layer"
[controller_server-1] [INFO] [1775240394.181139932] [local_costmap.local_costmap]: Using plugin "inflation_layer"
[controller_server-1] [INFO] [1775240394.186034781] [local_costmap.local_costmap]: Initialized plugin "inflation_layer"
[controller_server-1] [INFO] [1775240394.247023639] [controller_server]: Created progress_checker : progress_checker of type nav2_controller::SimpleProgressChecker
[controller_server-1] [INFO] [1775240394.249587018] [controller_server]: Created goal checker : goal_checker of type nav2_controller::SimpleGoalChecker
[controller_server-1] [INFO] [1775240394.251060487] [controller_server]: Controller Server has goal_checker  goal checkers available.
[controller_server-1] [INFO] [1775240394.254479243] [controller_server]: Created controller : FollowPath of type dwb_core::DWBLocalPlanner
[controller_server-1] [INFO] [1775240394.258098003] [controller_server]: Setting transform_tolerance to 0.200000
[controller_server-1] [INFO] [1775240394.289007416] [controller_server]: Using critic "RotateToGoal" (dwb_critics::RotateToGoalCritic)
[controller_server-1] [INFO] [1775240394.290236880] [controller_server]: Critic plugin initialized
[controller_server-1] [INFO] [1775240394.290804859] [controller_server]: Using critic "Oscillation" (dwb_critics::OscillationCritic)
[controller_server-1] [INFO] [1775240394.291939634] [controller_server]: Critic plugin initialized
[controller_server-1] [INFO] [1775240394.292256056] [controller_server]: Using critic "BaseObstacle" (dwb_critics::BaseObstacleCritic)
[controller_server-1] [INFO] [1775240394.292787555] [controller_server]: Critic plugin initialized
[controller_server-1] [INFO] [1775240394.293202603] [controller_server]: Using critic "GoalAlign" (dwb_critics::GoalAlignCritic)
[controller_server-1] [INFO] [1775240394.293980986] [controller_server]: Critic plugin initialized
[controller_server-1] [INFO] [1775240394.294296577] [controller_server]: Using critic "PathAlign" (dwb_critics::PathAlignCritic)
[controller_server-1] [INFO] [1775240394.294854956] [controller_server]: Critic plugin initialized
[controller_server-1] [INFO] [1775240394.295349814] [controller_server]: Using critic "PathDist" (dwb_critics::PathDistCritic)
[controller_server-1] [INFO] [1775240394.295821567] [controller_server]: Critic plugin initialized
[controller_server-1] [INFO] [1775240394.296138821] [controller_server]: Using critic "GoalDist" (dwb_critics::GoalDistCritic)
[controller_server-1] [INFO] [1775240394.297821127] [controller_server]: Critic plugin initialized
[controller_server-1] [INFO] [1775240394.297886600] [controller_server]: Controller Server has FollowPath  controllers available.
[lifecycle_manager-8] [INFO] [1775240394.334399452] [lifecycle_manager_navigation]: [34m[1mConfiguring smoother_server[0m[0m
[smoother_server-2] [INFO] [1775240394.338555791] [smoother_server]: Configuring smoother server
[smoother_server-2] [INFO] [1775240394.377649878] [smoother_server]: Created smoother : simple_smoother of type nav2_smoother::SimpleSmoother
[smoother_server-2] [INFO] [1775240394.382205104] [smoother_server]: Smoother Server has simple_smoother  smoothers available.
[lifecycle_manager-8] [INFO] [1775240394.419067211] [lifecycle_manager_navigation]: [34m[1mConfiguring planner_server[0m[0m
[planner_server-3] [INFO] [1775240394.419674391] [planner_server]: Configuring
[planner_server-3] [INFO] [1775240394.419813082] [global_costmap.global_costmap]: Configuring
[planner_server-3] [INFO] [1775240394.455506366] [global_costmap.global_costmap]: Using plugin "static_layer"
[planner_server-3] [INFO] [1775240394.479438297] [global_costmap.global_costmap]: Subscribing to the map topic (/map) with transient local durability
[planner_server-3] [INFO] [1775240394.486251264] [global_costmap.global_costmap]: Initialized plugin "static_layer"
[planner_server-3] [INFO] [1775240394.486353634] [global_costmap.global_costmap]: Using plugin "obstacle_layer"
[planner_server-3] [INFO] [1775240394.490124493] [global_costmap.global_costmap]: Subscribed to Topics: scan
[planner_server-3] [INFO] [1775240394.509157094] [global_costmap.global_costmap]: Initialized plugin "obstacle_layer"
[planner_server-3] [INFO] [1775240394.509245160] [global_costmap.global_costmap]: Using plugin "inflation_layer"
[planner_server-3] [INFO] [1775240394.511931261] [global_costmap.global_costmap]: Initialized plugin "inflation_layer"
[planner_server-3] [INFO] [1775240394.586279040] [global_costmap.global_costmap]: StaticLayer: Resizing costmap to 185 X 172 at 0.050000 m/pix
[planner_server-3] [INFO] [1775240394.587204626] [planner_server]: Created global planner plugin GridBased of type nav2_navfn_planner/NavfnPlanner
[planner_server-3] [INFO] [1775240394.587294676] [planner_server]: Configuring plugin GridBased of type NavfnPlanner
[planner_server-3] [INFO] [1775240394.591509288] [planner_server]: Planner Server has GridBased  planners available.
[lifecycle_manager-8] [INFO] [1775240394.654473416] [lifecycle_manager_navigation]: [34m[1mConfiguring behavior_server[0m[0m
[behavior_server-4] [INFO] [1775240394.657039899] [behavior_server]: Configuring
[behavior_server-4] [INFO] [1775240394.732777018] [behavior_server]: Creating behavior plugin spin of type nav2_behaviors/Spin
[behavior_server-4] [INFO] [1775240394.741692362] [behavior_server]: Configuring spin
[behavior_server-4] [INFO] [1775240394.785465807] [behavior_server]: Creating behavior plugin backup of type nav2_behaviors/BackUp
[behavior_server-4] [INFO] [1775240394.787322003] [behavior_server]: Configuring backup
[behavior_server-4] [INFO] [1775240394.806402222] [behavior_server]: Creating behavior plugin drive_on_heading of type nav2_behaviors/DriveOnHeading
[behavior_server-4] [INFO] [1775240394.808313236] [behavior_server]: Configuring drive_on_heading
[behavior_server-4] [INFO] [1775240394.822380715] [behavior_server]: Creating behavior plugin assisted_teleop of type nav2_behaviors/AssistedTeleop
[behavior_server-4] [INFO] [1775240394.826377850] [behavior_server]: Configuring assisted_teleop
[behavior_server-4] [INFO] [1775240394.841577191] [behavior_server]: Creating behavior plugin wait of type nav2_behaviors/Wait
[behavior_server-4] [INFO] [1775240394.843346315] [behavior_server]: Configuring wait
[lifecycle_manager-8] [INFO] [1775240394.865620132] [lifecycle_manager_navigation]: [34m[1mConfiguring bt_navigator[0m[0m
[bt_navigator-5] [INFO] [1775240394.866784923] [bt_navigator]: Configuring
[lifecycle_manager-8] [INFO] [1775240395.206128678] [lifecycle_manager_navigation]: [34m[1mConfiguring waypoint_follower[0m[0m
[waypoint_follower-6] [INFO] [1775240395.206927285] [waypoint_follower]: Configuring
[waypoint_follower-6] [INFO] [1775240395.270696134] [waypoint_follower]: Created waypoint_task_executor : wait_at_waypoint of type nav2_waypoint_follower::WaitAtWaypoint
[waypoint_follower-6] [INFO] [1775240395.272459817] [waypoint_follower]: Waypoint pause duration is set to zero, disabling task executor plugin.
[lifecycle_manager-8] [INFO] [1775240395.275221312] [lifecycle_manager_navigation]: [34m[1mConfiguring velocity_smoother[0m[0m
[velocity_smoother-7] [INFO] [1775240395.275835852] [velocity_smoother]: Configuring velocity smoother
[lifecycle_manager-8] [INFO] [1775240395.289265654] [lifecycle_manager_navigation]: [34m[1mActivating controller_server[0m[0m
[controller_server-1] [INFO] [1775240395.289897603] [controller_server]: Activating
[controller_server-1] [INFO] [1775240395.290011109] [local_costmap.local_costmap]: Activating
[controller_server-1] [INFO] [1775240395.290039686] [local_costmap.local_costmap]: Checking transform
[controller_server-1] [INFO] [1775240395.290231530] [local_costmap.local_costmap]: start
[controller_server-1] [INFO] [1775240395.492231376] [controller_server]: Creating bond (controller_server) to lifecycle manager.
[lifecycle_manager-8] [INFO] [1775240395.612675844] [lifecycle_manager_navigation]: Server controller_server connected with bond.
[lifecycle_manager-8] [INFO] [1775240395.612820263] [lifecycle_manager_navigation]: [34m[1mActivating smoother_server[0m[0m
[smoother_server-2] [INFO] [1775240395.614023391] [smoother_server]: Activating
[smoother_server-2] [INFO] [1775240395.614158242] [smoother_server]: Creating bond (smoother_server) to lifecycle manager.
[lifecycle_manager-8] [INFO] [1775240395.657021012] [lifecycle_manager_navigation]: Server smoother_server connected with bond.
[lifecycle_manager-8] [INFO] [1775240395.657168695] [lifecycle_manager_navigation]: [34m[1mActivating planner_server[0m[0m
[planner_server-3] [INFO] [1775240395.658151978] [planner_server]: Activating
[planner_server-3] [INFO] [1775240395.658315245] [global_costmap.global_costmap]: Activating
[planner_server-3] [INFO] [1775240395.658366638] [global_costmap.global_costmap]: Checking transform
[planner_server-3] [INFO] [1775240395.658707733] [global_costmap.global_costmap]: start
[planner_server-3] [INFO] [1775240396.710966489] [planner_server]: Activating plugin GridBased of type NavfnPlanner
[planner_server-3] [INFO] [1775240396.719143003] [planner_server]: Creating bond (planner_server) to lifecycle manager.
[lifecycle_manager-8] [INFO] [1775240396.843953030] [lifecycle_manager_navigation]: Server planner_server connected with bond.
[lifecycle_manager-8] [INFO] [1775240396.844108553] [lifecycle_manager_navigation]: [34m[1mActivating behavior_server[0m[0m
[behavior_server-4] [INFO] [1775240396.845273760] [behavior_server]: Activating
[behavior_server-4] [INFO] [1775240396.845375682] [behavior_server]: Activating spin
[behavior_server-4] [INFO] [1775240396.845426691] [behavior_server]: Activating backup
[behavior_server-4] [INFO] [1775240396.845466500] [behavior_server]: Activating drive_on_heading
[behavior_server-4] [INFO] [1775240396.845502821] [behavior_server]: Activating assisted_teleop
[behavior_server-4] [INFO] [1775240396.845536837] [behavior_server]: Activating wait
[behavior_server-4] [INFO] [1775240396.845582438] [behavior_server]: Creating bond (behavior_server) to lifecycle manager.
[lifecycle_manager-8] [INFO] [1775240396.970671959] [lifecycle_manager_navigation]: Server behavior_server connected with bond.
[lifecycle_manager-8] [INFO] [1775240396.970823866] [lifecycle_manager_navigation]: [34m[1mActivating bt_navigator[0m[0m
[bt_navigator-5] [INFO] [1775240396.972783361] [bt_navigator]: Activating
[bt_navigator-5] [ERROR] [1775240396.973008069] [bt_navigator]: Couldn't open input XML file: navigate_through_poses_w_replanning_and_recovery.xml
[bt_navigator-5] [ERROR] [1775240396.973125191] [bt_navigator]: Error loading XML file: navigate_through_poses_w_replanning_and_recovery.xml
[lifecycle_manager-8] [ERROR] [1775240396.975325491] [lifecycle_manager_navigation]: Failed to change state for node: bt_navigator
[lifecycle_manager-8] [ERROR] [1775240396.975756316] [lifecycle_manager_navigation]: Failed to bring up all requested nodes. Aborting bringup.
[bt_navigator-5] [INFO] [1775240415.617162625] [bt_navigator]: Activating
[bt_navigator-5] [ERROR] [1775240415.617298340] [bt_navigator]: Couldn't open input XML file: navigate_through_poses_w_replanning_and_recovery.xml
[bt_navigator-5] [ERROR] [1775240415.617400422] [bt_navigator]: Error loading XML file: navigate_through_poses_w_replanning_and_recovery.xml
[planner_server-3] [WARN] [1775240424.970195270] [planner_server.rclcpp]: failed to send response to /planner_server/get_state (timeout): client will not receive response, at ./src/rmw_response.cpp:154, at ./src/rcl/service.c:314
[bt_navigator-5] [WARN] [1775240431.598794422] [bt_navigator.rclcpp]: failed to send response to /bt_navigator/get_state (timeout): client will not receive response, at ./src/rmw_response.cpp:154, at ./src/rcl/service.c:314
[bt_navigator-5] [INFO] [1775240440.482802896] [bt_navigator]: Activating
[bt_navigator-5] [ERROR] [1775240440.482969619] [bt_navigator]: Couldn't open input XML file: navigate_through_poses_w_replanning_and_recovery.xml
[bt_navigator-5] [ERROR] [1775240440.483072213] [bt_navigator]: Error loading XML file: navigate_through_poses_w_replanning_and_recovery.xml
[bt_navigator-5] [INFO] [1775240455.073840333] [bt_navigator]: Activating
[bt_navigator-5] [ERROR] [1775240455.073980976] [bt_navigator]: Couldn't open input XML file: navigate_through_poses_w_replanning_and_recovery.xml
[bt_navigator-5] [ERROR] [1775240455.074055537] [bt_navigator]: Error loading XML file: navigate_through_poses_w_replanning_and_recovery.xml
[bt_navigator-5] [INFO] [1775240476.263375876] [bt_navigator]: Activating
[bt_navigator-5] [ERROR] [1775240476.263524487] [bt_navigator]: Couldn't open input XML file: navigate_through_poses_w_replanning_and_recovery.xml
[bt_navigator-5] [ERROR] [1775240476.263632617] [bt_navigator]: Error loading XML file: navigate_through_poses_w_replanning_and_recovery.xml
[bt_navigator-5] [INFO] [1775240490.256379140] [bt_navigator]: Activating
[bt_navigator-5] [ERROR] [1775240490.256541960] [bt_navigator]: Couldn't open input XML file: navigate_through_poses_w_replanning_and_recovery.xml
[bt_navigator-5] [ERROR] [1775240490.256650762] [bt_navigator]: Error loading XML file: navigate_through_poses_w_replanning_and_recovery.xml
