[INFO] [launch]: All log files can be found below /home/jetson/.ros/log/2026-04-07-06-00-33-015130-chandan-4816
[INFO] [launch]: Default logging verbosity is set to INFO
[INFO] [map_server-1]: process started with pid [4818]
[INFO] [amcl-2]: process started with pid [4820]
[INFO] [lifecycle_manager-3]: process started with pid [4822]
[lifecycle_manager-3] [INFO] [1775512833.484661629] [lifecycle_manager_localization]: Creating
[amcl-2] [INFO] [1775512833.489494648] [amcl]: 
[amcl-2] 	amcl lifecycle node launched. 
[amcl-2] 	Waiting on external lifecycle transitions to activate
[amcl-2] 	See https://design.ros2.org/articles/node_lifecycle.html for more information.
[lifecycle_manager-3] [INFO] [1775512833.491836126] [lifecycle_manager_localization]: [34m[1mCreating and initializing lifecycle service clients[0m[0m
[amcl-2] [INFO] [1775512833.493605484] [amcl]: Creating
[map_server-1] [INFO] [1775512833.552465154] [map_server]: 
[map_server-1] 	map_server lifecycle node launched. 
[map_server-1] 	Waiting on external lifecycle transitions to activate
[map_server-1] 	See https://design.ros2.org/articles/node_lifecycle.html for more information.
[map_server-1] [INFO] [1775512833.552829958] [map_server]: Creating
[map_server-1] [INFO] [1775512833.554317976] [map_server]: Configuring
[lifecycle_manager-3] [INFO] [1775512833.553659543] [lifecycle_manager_localization]: [34m[1mStarting managed nodes bringup...[0m[0m
[lifecycle_manager-3] [INFO] [1775512833.553731678] [lifecycle_manager_localization]: [34m[1mConfiguring map_server[0m[0m
[map_server-1] [INFO] [1775512833.554437604] [map_io]: Loading yaml file: /home/jetson/formica_map.yaml
[map_server-1] [INFO] [1775512833.555177964] [map_io]: resolution: 0.05
[map_server-1] [INFO] [1775512833.555197838] [map_io]: origin[0]: -5.9
[map_server-1] [INFO] [1775512833.555206127] [map_io]: origin[1]: -2.99
[map_server-1] [INFO] [1775512833.555212528] [map_io]: origin[2]: 0
[map_server-1] [INFO] [1775512833.555218865] [map_io]: free_thresh: 0.25
[map_server-1] [INFO] [1775512833.555224593] [map_io]: occupied_thresh: 0.65
[map_server-1] [INFO] [1775512833.555231378] [map_io]: mode: trinary
[map_server-1] [INFO] [1775512833.555238994] [map_io]: negate: 0
[map_server-1] [INFO] [1775512833.560193881] [map_io]: Loading image_file: /home/jetson/formica_map.pgm
[map_server-1] [INFO] [1775512833.566853319] [map_io]: Read map /home/jetson/formica_map.pgm: 185 X 172 map @ 0.05 m/cell
[lifecycle_manager-3] [INFO] [1775512833.574211354] [lifecycle_manager_localization]: [34m[1mConfiguring amcl[0m[0m
[amcl-2] [INFO] [1775512833.574638916] [amcl]: Configuring
[amcl-2] [INFO] [1775512833.574913727] [amcl]: initTransforms
[amcl-2] [INFO] [1775512833.590043214] [amcl]: initPubSub
[amcl-2] [INFO] [1775512833.600789773] [amcl]: Subscribed to map topic.
[lifecycle_manager-3] [INFO] [1775512833.608610414] [lifecycle_manager_localization]: [34m[1mActivating map_server[0m[0m
[map_server-1] [INFO] [1775512833.608918188] [map_server]: Activating
[map_server-1] [INFO] [1775512833.609239404] [map_server]: Creating bond (map_server) to lifecycle manager.
[amcl-2] [INFO] [1775512833.609667414] [amcl]: Received a 185 X 172 map @ 0.050 m/pix
[lifecycle_manager-3] [INFO] [1775512833.717708940] [lifecycle_manager_localization]: Server map_server connected with bond.
[lifecycle_manager-3] [INFO] [1775512833.717835672] [lifecycle_manager_localization]: [34m[1mActivating amcl[0m[0m
[amcl-2] [INFO] [1775512833.718411537] [amcl]: Activating
[amcl-2] [INFO] [1775512833.718533373] [amcl]: Creating bond (amcl) to lifecycle manager.
[amcl-2] [INFO] [1775512833.743820913] [amcl]: createLaserObject
[lifecycle_manager-3] [INFO] [1775512833.830158067] [lifecycle_manager_localization]: Server amcl connected with bond.
[lifecycle_manager-3] [INFO] [1775512833.830298977] [lifecycle_manager_localization]: [34m[1mManaged nodes are active[0m[0m
[lifecycle_manager-3] [INFO] [1775512833.830342885] [lifecycle_manager_localization]: [34m[1mCreating bond timer...[0m[0m
[amcl-2] [INFO] [1775512834.608688502] [amcl]: Message Filter dropping message: frame 'laser' at time 1775512833.460 for reason 'the timestamp on the message is earlier than all the data in the transform cache'
[amcl-2] [WARN] [1775512835.635087873] [amcl]: AMCL cannot publish a pose or update the transform. Please set the initial pose...
[amcl-2] [WARN] [1775512837.674442797] [amcl]: AMCL cannot publish a pose or update the transform. Please set the initial pose...
[amcl-2] [WARN] [1775512839.700875098] [amcl]: AMCL cannot publish a pose or update the transform. Please set the initial pose...
[amcl-2] [WARN] [1775512841.739682971] [amcl]: AMCL cannot publish a pose or update the transform. Please set the initial pose...
[amcl-2] [WARN] [1775512843.778523586] [amcl]: AMCL cannot publish a pose or update the transform. Please set the initial pose...
[amcl-2] [WARN] [1775512845.805398069] [amcl]: AMCL cannot publish a pose or update the transform. Please set the initial pose...
[amcl-2] [WARN] [1775512847.844378862] [amcl]: AMCL cannot publish a pose or update the transform. Please set the initial pose...
[amcl-2] [WARN] [1775512849.871154696] [amcl]: AMCL cannot publish a pose or update the transform. Please set the initial pose...
[amcl-2] [WARN] [1775512851.910266484] [amcl]: AMCL cannot publish a pose or update the transform. Please set the initial pose...
[amcl-2] [WARN] [1775512853.936485217] [amcl]: AMCL cannot publish a pose or update the transform. Please set the initial pose...
[amcl-2] [WARN] [1775512855.963185384] [amcl]: AMCL cannot publish a pose or update the transform. Please set the initial pose...
[amcl-2] [WARN] [1775512857.988867359] [amcl]: AMCL cannot publish a pose or update the transform. Please set the initial pose...
