[INFO] [launch]: All log files can be found below /home/jetson/.ros/log/2026-04-06-02-23-01-631843-chandan-44152
[INFO] [launch]: Default logging verbosity is set to INFO
[INFO] [controller_server-1]: process started with pid [44154]
[INFO] [smoother_server-2]: process started with pid [44156]
[INFO] [planner_server-3]: process started with pid [44158]
[INFO] [behavior_server-4]: process started with pid [44160]
[INFO] [bt_navigator-5]: process started with pid [44162]
[INFO] [waypoint_follower-6]: process started with pid [44164]
[INFO] [velocity_smoother-7]: process started with pid [44173]
[INFO] [lifecycle_manager-8]: process started with pid [44193]
[planner_server-3] [INFO] [1775413382.659858960] [planner_server]: 
[planner_server-3] 	planner_server lifecycle node launched. 
[planner_server-3] 	Waiting on external lifecycle transitions to activate
[planner_server-3] 	See https://design.ros2.org/articles/node_lifecycle.html for more information.
[smoother_server-2] [INFO] [1775413382.664206936] [smoother_server]: 
[smoother_server-2] 	smoother_server lifecycle node launched. 
[smoother_server-2] 	Waiting on external lifecycle transitions to activate
[smoother_server-2] 	See https://design.ros2.org/articles/node_lifecycle.html for more information.
[planner_server-3] [INFO] [1775413382.718450470] [planner_server]: Creating
[smoother_server-2] [INFO] [1775413382.726217923] [smoother_server]: Creating smoother server
[behavior_server-4] [INFO] [1775413382.728426663] [behavior_server]: 
[behavior_server-4] 	behavior_server lifecycle node launched. 
[behavior_server-4] 	Waiting on external lifecycle transitions to activate
[behavior_server-4] 	See https://design.ros2.org/articles/node_lifecycle.html for more information.
[controller_server-1] [INFO] [1775413382.903148407] [controller_server]: 
[controller_server-1] 	controller_server lifecycle node launched. 
[controller_server-1] 	Waiting on external lifecycle transitions to activate
[controller_server-1] 	See https://design.ros2.org/articles/node_lifecycle.html for more information.
[bt_navigator-5] [INFO] [1775413382.967885823] [bt_navigator]: 
[bt_navigator-5] 	bt_navigator lifecycle node launched. 
[bt_navigator-5] 	Waiting on external lifecycle transitions to activate
[bt_navigator-5] 	See https://design.ros2.org/articles/node_lifecycle.html for more information.
[bt_navigator-5] [INFO] [1775413382.968285850] [bt_navigator]: Creating
[controller_server-1] [INFO] [1775413383.123146706] [controller_server]: Creating controller server
[velocity_smoother-7] [INFO] [1775413383.159746371] [velocity_smoother]: 
[velocity_smoother-7] 	velocity_smoother lifecycle node launched. 
[velocity_smoother-7] 	Waiting on external lifecycle transitions to activate
[velocity_smoother-7] 	See https://design.ros2.org/articles/node_lifecycle.html for more information.
[lifecycle_manager-8] [INFO] [1775413383.372610433] [lifecycle_manager_navigation]: Creating
[lifecycle_manager-8] [INFO] [1775413383.456153249] [lifecycle_manager_navigation]: [34m[1mCreating and initializing lifecycle service clients[0m[0m
[planner_server-3] [INFO] [1775413383.597391752] [global_costmap.global_costmap]: 
[planner_server-3] 	global_costmap lifecycle node launched. 
[planner_server-3] 	Waiting on external lifecycle transitions to activate
[planner_server-3] 	See https://design.ros2.org/articles/node_lifecycle.html for more information.
[planner_server-3] [INFO] [1775413383.601828624] [global_costmap.global_costmap]: Creating Costmap
[waypoint_follower-6] [INFO] [1775413383.926312267] [waypoint_follower]: 
[waypoint_follower-6] 	waypoint_follower lifecycle node launched. 
[waypoint_follower-6] 	Waiting on external lifecycle transitions to activate
[waypoint_follower-6] 	See https://design.ros2.org/articles/node_lifecycle.html for more information.
[waypoint_follower-6] [INFO] [1775413383.964444009] [waypoint_follower]: Creating
[lifecycle_manager-8] [INFO] [1775413385.509293495] [lifecycle_manager_navigation]: Waiting for service controller_server/get_state...
[controller_server-1] [INFO] [1775413387.331025375] [local_costmap.local_costmap]: 
[controller_server-1] 	local_costmap lifecycle node launched. 
[controller_server-1] 	Waiting on external lifecycle transitions to activate
[controller_server-1] 	See https://design.ros2.org/articles/node_lifecycle.html for more information.
[controller_server-1] [INFO] [1775413387.332521965] [local_costmap.local_costmap]: Creating Costmap
[lifecycle_manager-8] [INFO] [1775413387.509999433] [lifecycle_manager_navigation]: Waiting for service controller_server/get_state...
[lifecycle_manager-8] [INFO] [1775413388.927803572] [lifecycle_manager_navigation]: [34m[1mStarting managed nodes bringup...[0m[0m
[lifecycle_manager-8] [INFO] [1775413388.927951890] [lifecycle_manager_navigation]: [34m[1mConfiguring controller_server[0m[0m
[controller_server-1] [INFO] [1775413388.928791464] [controller_server]: Configuring controller interface
[controller_server-1] [INFO] [1775413388.929698653] [controller_server]: getting goal checker plugins..
[controller_server-1] [INFO] [1775413388.930481971] [controller_server]: Controller frequency set to 10.0000Hz
[controller_server-1] [INFO] [1775413388.930582802] [local_costmap.local_costmap]: Configuring
[controller_server-1] [INFO] [1775413388.996297136] [local_costmap.local_costmap]: Using plugin "obstacle_layer"
[controller_server-1] [INFO] [1775413389.006459957] [local_costmap.local_costmap]: Subscribed to Topics: scan
[controller_server-1] [INFO] [1775413389.026297701] [local_costmap.local_costmap]: Initialized plugin "obstacle_layer"
[controller_server-1] [INFO] [1775413389.026406915] [local_costmap.local_costmap]: Using plugin "inflation_layer"
[controller_server-1] [INFO] [1775413389.031922113] [local_costmap.local_costmap]: Initialized plugin "inflation_layer"
[controller_server-1] [INFO] [1775413389.119768089] [controller_server]: Created progress_checker : progress_checker of type nav2_controller::SimpleProgressChecker
[controller_server-1] [INFO] [1775413389.125126552] [controller_server]: Created goal checker : goal_checker of type nav2_controller::SimpleGoalChecker
[controller_server-1] [INFO] [1775413389.130985521] [controller_server]: Controller Server has goal_checker  goal checkers available.
[controller_server-1] [INFO] [1775413389.139020016] [controller_server]: Created controller : FollowPath of type dwb_core::DWBLocalPlanner
[controller_server-1] [INFO] [1775413389.158463781] [controller_server]: Setting transform_tolerance to 0.200000
[controller_server-1] [INFO] [1775413389.261920288] [controller_server]: Using critic "RotateToGoal" (dwb_critics::RotateToGoalCritic)
[controller_server-1] [INFO] [1775413389.268446321] [controller_server]: Critic plugin initialized
[controller_server-1] [INFO] [1775413389.270233884] [controller_server]: Using critic "Oscillation" (dwb_critics::OscillationCritic)
[controller_server-1] [INFO] [1775413389.276367761] [controller_server]: Critic plugin initialized
[controller_server-1] [INFO] [1775413389.277706273] [controller_server]: Using critic "BaseObstacle" (dwb_critics::BaseObstacleCritic)
[controller_server-1] [INFO] [1775413389.281067224] [controller_server]: Critic plugin initialized
[controller_server-1] [INFO] [1775413389.285236550] [controller_server]: Using critic "GoalAlign" (dwb_critics::GoalAlignCritic)
[controller_server-1] [INFO] [1775413389.292393039] [controller_server]: Critic plugin initialized
[controller_server-1] [INFO] [1775413389.294252857] [controller_server]: Using critic "PathAlign" (dwb_critics::PathAlignCritic)
[controller_server-1] [INFO] [1775413389.299276764] [controller_server]: Critic plugin initialized
[controller_server-1] [INFO] [1775413389.301818621] [controller_server]: Using critic "PathDist" (dwb_critics::PathDistCritic)
[controller_server-1] [INFO] [1775413389.311020462] [controller_server]: Critic plugin initialized
[controller_server-1] [INFO] [1775413389.312929495] [controller_server]: Using critic "GoalDist" (dwb_critics::GoalDistCritic)
[controller_server-1] [INFO] [1775413389.316645162] [controller_server]: Critic plugin initialized
[controller_server-1] [INFO] [1775413389.316748520] [controller_server]: Controller Server has FollowPath  controllers available.
[lifecycle_manager-8] [INFO] [1775413389.455459193] [lifecycle_manager_navigation]: [34m[1mConfiguring smoother_server[0m[0m
[smoother_server-2] [INFO] [1775413389.456195632] [smoother_server]: Configuring smoother server
[smoother_server-2] [INFO] [1775413389.578063949] [smoother_server]: Created smoother : simple_smoother of type nav2_smoother::SimpleSmoother
[smoother_server-2] [INFO] [1775413389.591646761] [smoother_server]: Smoother Server has simple_smoother  smoothers available.
[lifecycle_manager-8] [INFO] [1775413389.641972967] [lifecycle_manager_navigation]: [34m[1mConfiguring planner_server[0m[0m
[planner_server-3] [INFO] [1775413389.642583360] [planner_server]: Configuring
[planner_server-3] [INFO] [1775413389.642692799] [global_costmap.global_costmap]: Configuring
[planner_server-3] [INFO] [1775413389.690857431] [global_costmap.global_costmap]: Using plugin "static_layer"
[planner_server-3] [INFO] [1775413389.715317199] [global_costmap.global_costmap]: Subscribing to the map topic (/map) with transient local durability
[planner_server-3] [INFO] [1775413389.723351854] [global_costmap.global_costmap]: Initialized plugin "static_layer"
[planner_server-3] [INFO] [1775413389.723458989] [global_costmap.global_costmap]: Using plugin "obstacle_layer"
[planner_server-3] [INFO] [1775413389.736487823] [global_costmap.global_costmap]: Subscribed to Topics: scan
[planner_server-3] [INFO] [1775413389.772797207] [global_costmap.global_costmap]: Initialized plugin "obstacle_layer"
[planner_server-3] [INFO] [1775413389.773088436] [global_costmap.global_costmap]: Using plugin "inflation_layer"
[planner_server-3] [INFO] [1775413389.777844474] [global_costmap.global_costmap]: Initialized plugin "inflation_layer"
[planner_server-3] [INFO] [1775413389.838792409] [planner_server]: Created global planner plugin GridBased of type nav2_navfn_planner/NavfnPlanner
[planner_server-3] [INFO] [1775413389.838914231] [planner_server]: Configuring plugin GridBased of type NavfnPlanner
[planner_server-3] [INFO] [1775413389.840917983] [planner_server]: Planner Server has GridBased  planners available.
[planner_server-3] [INFO] [1775413389.849797171] [global_costmap.global_costmap]: StaticLayer: Resizing costmap to 185 X 172 at 0.050000 m/pix
[lifecycle_manager-8] [INFO] [1775413389.908936487] [lifecycle_manager_navigation]: [34m[1mConfiguring behavior_server[0m[0m
[behavior_server-4] [INFO] [1775413389.909539904] [behavior_server]: Configuring
[behavior_server-4] [INFO] [1775413389.980528773] [behavior_server]: Creating behavior plugin spin of type nav2_behaviors/Spin
[behavior_server-4] [INFO] [1775413389.982447597] [behavior_server]: Configuring spin
[behavior_server-4] [INFO] [1775413390.026555418] [behavior_server]: Creating behavior plugin backup of type nav2_behaviors/BackUp
[behavior_server-4] [INFO] [1775413390.028931677] [behavior_server]: Configuring backup
[behavior_server-4] [INFO] [1775413390.063001348] [behavior_server]: Creating behavior plugin drive_on_heading of type nav2_behaviors/DriveOnHeading
[behavior_server-4] [INFO] [1775413390.065244745] [behavior_server]: Configuring drive_on_heading
[behavior_server-4] [INFO] [1775413390.089671747] [behavior_server]: Creating behavior plugin assisted_teleop of type nav2_behaviors/AssistedTeleop
[behavior_server-4] [INFO] [1775413390.093585940] [behavior_server]: Configuring assisted_teleop
[behavior_server-4] [INFO] [1775413390.142373930] [behavior_server]: Creating behavior plugin wait of type nav2_behaviors/Wait
[behavior_server-4] [INFO] [1775413390.144816812] [behavior_server]: Configuring wait
[lifecycle_manager-8] [INFO] [1775413390.181706193] [lifecycle_manager_navigation]: [34m[1mConfiguring bt_navigator[0m[0m
[bt_navigator-5] [INFO] [1775413390.182846851] [bt_navigator]: Configuring
[lifecycle_manager-8] [INFO] [1775413390.573240784] [lifecycle_manager_navigation]: [34m[1mConfiguring waypoint_follower[0m[0m
[waypoint_follower-6] [INFO] [1775413390.574103621] [waypoint_follower]: Configuring
[waypoint_follower-6] [INFO] [1775413390.670720444] [waypoint_follower]: Created waypoint_task_executor : wait_at_waypoint of type nav2_waypoint_follower::WaitAtWaypoint
[waypoint_follower-6] [INFO] [1775413390.676902578] [waypoint_follower]: Waypoint pause duration is set to zero, disabling task executor plugin.
[lifecycle_manager-8] [INFO] [1775413390.679181558] [lifecycle_manager_navigation]: [34m[1mConfiguring velocity_smoother[0m[0m
[velocity_smoother-7] [INFO] [1775413390.679828847] [velocity_smoother]: Configuring velocity smoother
[lifecycle_manager-8] [INFO] [1775413390.718196289] [lifecycle_manager_navigation]: [34m[1mActivating controller_server[0m[0m
[controller_server-1] [INFO] [1775413390.718824922] [controller_server]: Activating
[controller_server-1] [INFO] [1775413390.718947960] [local_costmap.local_costmap]: Activating
[controller_server-1] [INFO] [1775413390.718981048] [local_costmap.local_costmap]: Checking transform
[controller_server-1] [INFO] [1775413390.719196949] [local_costmap.local_costmap]: start
[controller_server-1] [INFO] [1775413390.923443551] [controller_server]: Creating bond (controller_server) to lifecycle manager.
[lifecycle_manager-8] [INFO] [1775413391.054819321] [lifecycle_manager_navigation]: Server controller_server connected with bond.
[lifecycle_manager-8] [INFO] [1775413391.054988919] [lifecycle_manager_navigation]: [34m[1mActivating smoother_server[0m[0m
[smoother_server-2] [INFO] [1775413391.056271239] [smoother_server]: Activating
[smoother_server-2] [INFO] [1775413391.056393862] [smoother_server]: Creating bond (smoother_server) to lifecycle manager.
[lifecycle_manager-8] [INFO] [1775413391.125483726] [lifecycle_manager_navigation]: Server smoother_server connected with bond.
[lifecycle_manager-8] [INFO] [1775413391.126122118] [lifecycle_manager_navigation]: [34m[1mActivating planner_server[0m[0m
[planner_server-3] [INFO] [1775413391.127635764] [planner_server]: Activating
[planner_server-3] [INFO] [1775413391.127808146] [global_costmap.global_costmap]: Activating
[planner_server-3] [INFO] [1775413391.127866097] [global_costmap.global_costmap]: Checking transform
[planner_server-3] [INFO] [1775413391.128161230] [global_costmap.global_costmap]: start
[planner_server-3] [INFO] [1775413392.131724020] [planner_server]: Activating plugin GridBased of type NavfnPlanner
[planner_server-3] [INFO] [1775413392.144081058] [planner_server]: Creating bond (planner_server) to lifecycle manager.
[lifecycle_manager-8] [INFO] [1775413392.275962568] [lifecycle_manager_navigation]: Server planner_server connected with bond.
[lifecycle_manager-8] [INFO] [1775413392.276188774] [lifecycle_manager_navigation]: [34m[1mActivating behavior_server[0m[0m
[behavior_server-4] [INFO] [1775413392.278088655] [behavior_server]: Activating
[behavior_server-4] [INFO] [1775413392.278214222] [behavior_server]: Activating spin
[behavior_server-4] [INFO] [1775413392.278271341] [behavior_server]: Activating backup
[behavior_server-4] [INFO] [1775413392.278313900] [behavior_server]: Activating drive_on_heading
[behavior_server-4] [INFO] [1775413392.278348172] [behavior_server]: Activating assisted_teleop
[behavior_server-4] [INFO] [1775413392.278377612] [behavior_server]: Activating wait
[behavior_server-4] [INFO] [1775413392.278418955] [behavior_server]: Creating bond (behavior_server) to lifecycle manager.
[lifecycle_manager-8] [INFO] [1775413392.416919427] [lifecycle_manager_navigation]: Server behavior_server connected with bond.
[lifecycle_manager-8] [INFO] [1775413392.417070977] [lifecycle_manager_navigation]: [34m[1mActivating bt_navigator[0m[0m
[bt_navigator-5] [INFO] [1775413392.418650959] [bt_navigator]: Activating
[bt_navigator-5] [INFO] [1775413392.857206949] [bt_navigator]: Creating bond (bt_navigator) to lifecycle manager.
[lifecycle_manager-8] [INFO] [1775413392.981360359] [lifecycle_manager_navigation]: Server bt_navigator connected with bond.
[lifecycle_manager-8] [INFO] [1775413392.981508773] [lifecycle_manager_navigation]: [34m[1mActivating waypoint_follower[0m[0m
[waypoint_follower-6] [INFO] [1775413392.984021415] [waypoint_follower]: Activating
[waypoint_follower-6] [INFO] [1775413392.984168518] [waypoint_follower]: Creating bond (waypoint_follower) to lifecycle manager.
[lifecycle_manager-8] [INFO] [1775413393.119071666] [lifecycle_manager_navigation]: Server waypoint_follower connected with bond.
[lifecycle_manager-8] [INFO] [1775413393.119250000] [lifecycle_manager_navigation]: [34m[1mActivating velocity_smoother[0m[0m
[velocity_smoother-7] [INFO] [1775413393.120619392] [velocity_smoother]: Activating
[velocity_smoother-7] [INFO] [1775413393.120816446] [velocity_smoother]: Creating bond (velocity_smoother) to lifecycle manager.
[lifecycle_manager-8] [INFO] [1775413393.265147805] [lifecycle_manager_navigation]: Server velocity_smoother connected with bond.
[lifecycle_manager-8] [INFO] [1775413393.265302587] [lifecycle_manager_navigation]: [34m[1mManaged nodes are active[0m[0m
[lifecycle_manager-8] [INFO] [1775413393.265351867] [lifecycle_manager_navigation]: [34m[1mCreating bond timer...[0m[0m
[bt_navigator-5] [INFO] [1775413437.557479407] [bt_navigator]: Begin navigating from current location (0.02, 0.02) to (2.52, 3.04)
[planner_server-3] [WARN] [1775413437.560378648] [planner_server]: GridBased: failed to create plan with tolerance 0.50.
[planner_server-3] [WARN] [1775413437.560516822] [planner_server]: Planning algorithm GridBased failed to generate a valid path to (2.52, 3.04)
[planner_server-3] [WARN] [1775413437.560562614] [planner_server]: [compute_path_to_pose] [ActionServer] Aborting handle.
[planner_server-3] [INFO] [1775413437.578787107] [global_costmap.global_costmap]: Received request to clear entirely the global_costmap
[planner_server-3] [WARN] [1775413438.131479461] [planner_server]: GridBased: failed to create plan with tolerance 0.50.
[planner_server-3] [WARN] [1775413438.131625668] [planner_server]: Planning algorithm GridBased failed to generate a valid path to (2.52, 3.04)
[planner_server-3] [WARN] [1775413438.131663876] [planner_server]: [compute_path_to_pose] [ActionServer] Aborting handle.
[controller_server-1] [INFO] [1775413438.148780571] [local_costmap.local_costmap]: Received request to clear entirely the local_costmap
[planner_server-3] [INFO] [1775413438.149696788] [global_costmap.global_costmap]: Received request to clear entirely the global_costmap
[planner_server-3] [WARN] [1775413439.131860317] [planner_server]: GridBased: failed to create plan with tolerance 0.50.
[planner_server-3] [WARN] [1775413439.132048572] [planner_server]: Planning algorithm GridBased failed to generate a valid path to (2.52, 3.04)
[planner_server-3] [WARN] [1775413439.132099931] [planner_server]: [compute_path_to_pose] [ActionServer] Aborting handle.
[planner_server-3] [INFO] [1775413439.148650937] [global_costmap.global_costmap]: Received request to clear entirely the global_costmap
[planner_server-3] [WARN] [1775413440.131721834] [planner_server]: GridBased: failed to create plan with tolerance 0.50.
[planner_server-3] [WARN] [1775413440.131908456] [planner_server]: Planning algorithm GridBased failed to generate a valid path to (2.52, 3.04)
[planner_server-3] [WARN] [1775413440.131967560] [planner_server]: [compute_path_to_pose] [ActionServer] Aborting handle.
[behavior_server-4] [INFO] [1775413440.149749629] [behavior_server]: Running spin
[behavior_server-4] [INFO] [1775413440.150159898] [behavior_server]: Turning 1.57 for spin behavior.
[behavior_server-4] [WARN] [1775413440.350770040] [behavior_server]: Collision Ahead - Exiting Spin
[behavior_server-4] [WARN] [1775413440.350884983] [behavior_server]: spin failed
[behavior_server-4] [WARN] [1775413440.350932727] [behavior_server]: [spin] [ActionServer] Aborting handle.
[behavior_server-4] [INFO] [1775413440.379717526] [behavior_server]: Running wait
[behavior_server-4] [INFO] [1775413445.380307417] [behavior_server]: wait completed successfully
[planner_server-3] [WARN] [1775413445.410080412] [planner_server]: GridBased: failed to create plan with tolerance 0.50.
[planner_server-3] [WARN] [1775413445.410258010] [planner_server]: Planning algorithm GridBased failed to generate a valid path to (2.52, 3.04)
[planner_server-3] [WARN] [1775413445.410300570] [planner_server]: [compute_path_to_pose] [ActionServer] Aborting handle.
[planner_server-3] [INFO] [1775413445.428617138] [global_costmap.global_costmap]: Received request to clear entirely the global_costmap
[planner_server-3] [WARN] [1775413446.139195136] [planner_server]: Planner loop missed its desired rate of 20.0000 Hz. Current loop rate is 1.4142 Hz
[controller_server-1] [INFO] [1775413446.160983456] [controller_server]: Received a goal, begin computing control effort.
[controller_server-1] [WARN] [1775413446.161200799] [controller_server]: No goal checker was specified in parameter 'current_goal_checker'. Server will use only plugin loaded goal_checker . This warning will appear once.
[controller_server-1] [INFO] [1775413447.261732318] [controller_server]: Passing new path to controller.
[controller_server-1] [INFO] [1775413448.261737358] [controller_server]: Passing new path to controller.
[controller_server-1] [INFO] [1775413449.261723918] [controller_server]: Passing new path to controller.
[controller_server-1] [INFO] [1775413450.361730716] [controller_server]: Passing new path to controller.
[controller_server-1] [INFO] [1775413451.361734432] [controller_server]: Passing new path to controller.
[controller_server-1] [INFO] [1775413452.361733395] [controller_server]: Passing new path to controller.
[controller_server-1] [INFO] [1775413453.461733291] [controller_server]: Passing new path to controller.
[planner_server-3] [WARN] [1775413454.379827015] [planner_server]: GridBased: failed to create plan with tolerance 0.50.
[planner_server-3] [WARN] [1775413454.380182309] [planner_server]: Planning algorithm GridBased failed to generate a valid path to (2.52, 3.04)
[planner_server-3] [WARN] [1775413454.380269124] [planner_server]: [compute_path_to_pose] [ActionServer] Aborting handle.
[planner_server-3] [INFO] [1775413454.398733224] [global_costmap.global_costmap]: Received request to clear entirely the global_costmap
[planner_server-3] [WARN] [1775413455.131063033] [planner_server]: GridBased: failed to create plan with tolerance 0.50.
[planner_server-3] [WARN] [1775413455.131238104] [planner_server]: Planning algorithm GridBased failed to generate a valid path to (2.52, 3.04)
[planner_server-3] [WARN] [1775413455.131289208] [planner_server]: [compute_path_to_pose] [ActionServer] Aborting handle.
[controller_server-1] [INFO] [1775413455.161913580] [controller_server]: Goal was canceled. Stopping the robot.
[controller_server-1] [INFO] [1775413455.162088651] [controller_server]: [follow_path] [ActionServer] Client requested to cancel the goal. Cancelling.
[bt_navigator-5] [WARN] [1775413455.165338293] [BehaviorTreeEngine]: Behavior Tree tick rate 100.00 was exceeded!
[behavior_server-4] [INFO] [1775413455.166263439] [behavior_server]: Running backup
[behavior_server-4] [INFO] [1775413455.166650669] [behavior_server]: DriveOnHeading: no acceleration or deceleration limits set
[behavior_server-4] [INFO] [1775413462.166922424] [behavior_server]: backup completed successfully
[planner_server-3] [WARN] [1775413462.190393865] [planner_server]: GridBased: failed to create plan with tolerance 0.50.
[planner_server-3] [WARN] [1775413462.190525352] [planner_server]: Planning algorithm GridBased failed to generate a valid path to (2.52, 3.04)
[planner_server-3] [WARN] [1775413462.190556424] [planner_server]: [compute_path_to_pose] [ActionServer] Aborting handle.
[planner_server-3] [INFO] [1775413462.208657242] [global_costmap.global_costmap]: Received request to clear entirely the global_costmap
[planner_server-3] [WARN] [1775413463.131163717] [planner_server]: GridBased: failed to create plan with tolerance 0.50.
[planner_server-3] [WARN] [1775413463.131329604] [planner_server]: Planning algorithm GridBased failed to generate a valid path to (2.52, 3.04)
[planner_server-3] [WARN] [1775413463.131387780] [planner_server]: [compute_path_to_pose] [ActionServer] Aborting handle.
[controller_server-1] [INFO] [1775413463.148697468] [local_costmap.local_costmap]: Received request to clear entirely the local_costmap
[planner_server-3] [INFO] [1775413463.149773397] [global_costmap.global_costmap]: Received request to clear entirely the global_costmap
[planner_server-3] [WARN] [1775413464.132365501] [planner_server]: GridBased: failed to create plan with tolerance 0.50.
[planner_server-3] [WARN] [1775413464.132545852] [planner_server]: Planning algorithm GridBased failed to generate a valid path to (2.52, 3.04)
[planner_server-3] [WARN] [1775413464.132606396] [planner_server]: [compute_path_to_pose] [ActionServer] Aborting handle.
[planner_server-3] [INFO] [1775413464.148646396] [global_costmap.global_costmap]: Received request to clear entirely the global_costmap
[planner_server-3] [WARN] [1775413465.130874129] [planner_server]: GridBased: failed to create plan with tolerance 0.50.
[planner_server-3] [WARN] [1775413465.131054704] [planner_server]: Planning algorithm GridBased failed to generate a valid path to (2.52, 3.04)
[planner_server-3] [WARN] [1775413465.131111632] [planner_server]: [compute_path_to_pose] [ActionServer] Aborting handle.
[behavior_server-4] [INFO] [1775413465.149218214] [behavior_server]: Running spin
[behavior_server-4] [INFO] [1775413465.149414117] [behavior_server]: Turning 1.57 for spin behavior.
[behavior_server-4] [INFO] [1775413467.050057403] [behavior_server]: spin completed successfully
[planner_server-3] [WARN] [1775413467.079583730] [planner_server]: GridBased: failed to create plan with tolerance 0.50.
[planner_server-3] [WARN] [1775413467.079720113] [planner_server]: Planning algorithm GridBased failed to generate a valid path to (2.52, 3.04)
[planner_server-3] [WARN] [1775413467.079755761] [planner_server]: [compute_path_to_pose] [ActionServer] Aborting handle.
[planner_server-3] [INFO] [1775413467.098655013] [global_costmap.global_costmap]: Received request to clear entirely the global_costmap
[planner_server-3] [WARN] [1775413467.131921606] [planner_server]: GridBased: failed to create plan with tolerance 0.50.
[planner_server-3] [WARN] [1775413467.132053669] [planner_server]: Planning algorithm GridBased failed to generate a valid path to (2.52, 3.04)
[planner_server-3] [WARN] [1775413467.132091173] [planner_server]: [compute_path_to_pose] [ActionServer] Aborting handle.
[behavior_server-4] [INFO] [1775413467.149319363] [behavior_server]: Running wait
[behavior_server-4] [INFO] [1775413472.149987685] [behavior_server]: wait completed successfully
[controller_server-1] [INFO] [1775413472.199764667] [controller_server]: Received a goal, begin computing control effort.
[planner_server-3] [WARN] [1775413473.209556340] [planner_server]: GridBased: failed to create plan with tolerance 0.50.
[planner_server-3] [WARN] [1775413473.209720116] [planner_server]: Planning algorithm GridBased failed to generate a valid path to (2.52, 3.04)
[planner_server-3] [WARN] [1775413473.209769523] [planner_server]: [compute_path_to_pose] [ActionServer] Aborting handle.
[planner_server-3] [INFO] [1775413473.228678032] [global_costmap.global_costmap]: Received request to clear entirely the global_costmap
[planner_server-3] [WARN] [1775413474.134140821] [planner_server]: GridBased: failed to create plan with tolerance 0.50.
[planner_server-3] [WARN] [1775413474.134321012] [planner_server]: Planning algorithm GridBased failed to generate a valid path to (2.52, 3.04)
[planner_server-3] [WARN] [1775413474.134374708] [planner_server]: [compute_path_to_pose] [ActionServer] Aborting handle.
[controller_server-1] [INFO] [1775413474.200427613] [controller_server]: Goal was canceled. Stopping the robot.
[controller_server-1] [INFO] [1775413474.200632828] [controller_server]: [follow_path] [ActionServer] Client requested to cancel the goal. Cancelling.
[bt_navigator-5] [WARN] [1775413474.201620151] [BehaviorTreeEngine]: Behavior Tree tick rate 100.00 was exceeded!
[bt_navigator-5] [WARN] [1775413474.201774966] [bt_navigator]: [navigate_to_pose] [ActionServer] Aborting handle.
[bt_navigator-5] [ERROR] [1775413474.202440082] [bt_navigator]: Goal failed
[bt_navigator-5] [INFO] [1775413477.218273453] [bt_navigator]: Begin navigating from current location (0.75, 0.27) to (2.52, 3.04)
[planner_server-3] [WARN] [1775413477.219685189] [planner_server]: GridBased: failed to create plan with tolerance 0.50.
[planner_server-3] [WARN] [1775413477.219804485] [planner_server]: Planning algorithm GridBased failed to generate a valid path to (2.52, 3.04)
[planner_server-3] [WARN] [1775413477.219839205] [planner_server]: [compute_path_to_pose] [ActionServer] Aborting handle.
[planner_server-3] [INFO] [1775413477.239032133] [global_costmap.global_costmap]: Received request to clear entirely the global_costmap
[planner_server-3] [WARN] [1775413478.140929835] [planner_server]: GridBased: failed to create plan with tolerance 0.50.
[planner_server-3] [WARN] [1775413478.141102602] [planner_server]: Planning algorithm GridBased failed to generate a valid path to (2.52, 3.04)
[planner_server-3] [WARN] [1775413478.141156458] [planner_server]: [compute_path_to_pose] [ActionServer] Aborting handle.
[behavior_server-4] [INFO] [1775413478.160064717] [behavior_server]: Running backup
[behavior_server-4] [INFO] [1775413484.560798593] [behavior_server]: backup completed successfully
[planner_server-3] [WARN] [1775413484.589934911] [planner_server]: GridBased: failed to create plan with tolerance 0.50.
[planner_server-3] [WARN] [1775413484.590066943] [planner_server]: Planning algorithm GridBased failed to generate a valid path to (2.52, 3.04)
[planner_server-3] [WARN] [1775413484.590102174] [planner_server]: [compute_path_to_pose] [ActionServer] Aborting handle.
[planner_server-3] [INFO] [1775413484.609188873] [global_costmap.global_costmap]: Received request to clear entirely the global_costmap
[planner_server-3] [WARN] [1775413485.137280994] [planner_server]: Planner loop missed its desired rate of 20.0000 Hz. Current loop rate is 1.8995 Hz
[controller_server-1] [INFO] [1775413485.161625751] [controller_server]: Received a goal, begin computing control effort.
[controller_server-1] [INFO] [1775413486.262204019] [controller_server]: Passing new path to controller.
[controller_server-1] [INFO] [1775413487.262184049] [controller_server]: Passing new path to controller.
[controller_server-1] [INFO] [1775413488.262196471] [controller_server]: Passing new path to controller.
[planner_server-3] [WARN] [1775413489.260634636] [planner_server]: GridBased: failed to create plan with tolerance 0.50.
[planner_server-3] [WARN] [1775413489.260779276] [planner_server]: Planning algorithm GridBased failed to generate a valid path to (2.52, 3.04)
[planner_server-3] [WARN] [1775413489.260815499] [planner_server]: [compute_path_to_pose] [ActionServer] Aborting handle.
[planner_server-3] [INFO] [1775413489.279107841] [global_costmap.global_costmap]: Received request to clear entirely the global_costmap
[planner_server-3] [WARN] [1775413490.137680466] [planner_server]: Planner loop missed its desired rate of 20.0000 Hz. Current loop rate is 1.1678 Hz
[controller_server-1] [INFO] [1775413490.162205711] [controller_server]: Passing new path to controller.
[planner_server-3] [WARN] [1775413491.169917866] [planner_server]: GridBased: failed to create plan with tolerance 0.50.
[planner_server-3] [WARN] [1775413491.170047177] [planner_server]: Planning algorithm GridBased failed to generate a valid path to (2.52, 3.04)
[planner_server-3] [WARN] [1775413491.170079945] [planner_server]: [compute_path_to_pose] [ActionServer] Aborting handle.
[planner_server-3] [INFO] [1775413491.189102910] [global_costmap.global_costmap]: Received request to clear entirely the global_costmap
[planner_server-3] [WARN] [1775413492.141143419] [planner_server]: Planner loop missed its desired rate of 20.0000 Hz. Current loop rate is 1.0520 Hz
[controller_server-1] [INFO] [1775413492.162199017] [controller_server]: Passing new path to controller.
[controller_server-1] [INFO] [1775413493.262205943] [controller_server]: Passing new path to controller.
[controller_server-1] [INFO] [1775413494.262193743] [controller_server]: Passing new path to controller.
[controller_server-1] [INFO] [1775413495.262202096] [controller_server]: Passing new path to controller.
[controller_server-1] [INFO] [1775413496.362392017] [controller_server]: Passing new path to controller.
[controller_server-1] [INFO] [1775413497.362197768] [controller_server]: Passing new path to controller.
[controller_server-1] [INFO] [1775413498.362202151] [controller_server]: Passing new path to controller.
[controller_server-1] [INFO] [1775413499.462187675] [controller_server]: Passing new path to controller.
[controller_server-1] [INFO] [1775413500.462177936] [controller_server]: Passing new path to controller.
[controller_server-1] [INFO] [1775413501.462222571] [controller_server]: Passing new path to controller.
[controller_server-1] [INFO] [1775413502.462194317] [controller_server]: Passing new path to controller.
[controller_server-1] [INFO] [1775413503.562186977] [controller_server]: Passing new path to controller.
[controller_server-1] [INFO] [1775413504.562186615] [controller_server]: Passing new path to controller.
[planner_server-3] [WARN] [1775413505.531728622] [planner_server]: GridBased: failed to create plan with tolerance 0.50.
[planner_server-3] [WARN] [1775413505.531882125] [planner_server]: Planning algorithm GridBased failed to generate a valid path to (2.52, 3.04)
[planner_server-3] [WARN] [1775413505.531918413] [planner_server]: [compute_path_to_pose] [ActionServer] Aborting handle.
[planner_server-3] [INFO] [1775413505.549135707] [global_costmap.global_costmap]: Received request to clear entirely the global_costmap
[planner_server-3] [WARN] [1775413506.136915647] [planner_server]: Planner loop missed its desired rate of 20.0000 Hz. Current loop rate is 1.7074 Hz
[controller_server-1] [INFO] [1775413506.162198359] [controller_server]: Passing new path to controller.
[planner_server-3] [WARN] [1775413507.160152362] [planner_server]: GridBased: failed to create plan with tolerance 0.50.
[planner_server-3] [WARN] [1775413507.160287081] [planner_server]: Planning algorithm GridBased failed to generate a valid path to (2.52, 3.04)
[planner_server-3] [WARN] [1775413507.160320553] [planner_server]: [compute_path_to_pose] [ActionServer] Aborting handle.
[planner_server-3] [INFO] [1775413507.179078101] [global_costmap.global_costmap]: Received request to clear entirely the global_costmap
[planner_server-3] [WARN] [1775413508.134174372] [planner_server]: GridBased: failed to create plan with tolerance 0.50.
[planner_server-3] [WARN] [1775413508.134346308] [planner_server]: Planning algorithm GridBased failed to generate a valid path to (2.52, 3.04)
[planner_server-3] [WARN] [1775413508.134398628] [planner_server]: [compute_path_to_pose] [ActionServer] Aborting handle.
[controller_server-1] [INFO] [1775413508.162201847] [controller_server]: Goal was canceled. Stopping the robot.
[controller_server-1] [INFO] [1775413508.162376023] [controller_server]: [follow_path] [ActionServer] Client requested to cancel the goal. Cancelling.
[controller_server-1] [INFO] [1775413508.164559793] [local_costmap.local_costmap]: Received request to clear entirely the local_costmap
[planner_server-3] [INFO] [1775413508.167748520] [global_costmap.global_costmap]: Received request to clear entirely the global_costmap
[bt_navigator-5] [WARN] [1775413508.169810819] [BehaviorTreeEngine]: Behavior Tree tick rate 100.00 was exceeded!
[planner_server-3] [WARN] [1775413509.134591195] [planner_server]: GridBased: failed to create plan with tolerance 0.50.
[planner_server-3] [WARN] [1775413509.134776314] [planner_server]: Planning algorithm GridBased failed to generate a valid path to (2.52, 3.04)
[planner_server-3] [WARN] [1775413509.134829786] [planner_server]: [compute_path_to_pose] [ActionServer] Aborting handle.
[planner_server-3] [INFO] [1775413509.150406928] [global_costmap.global_costmap]: Received request to clear entirely the global_costmap
[planner_server-3] [WARN] [1775413510.132520445] [planner_server]: GridBased: failed to create plan with tolerance 0.50.
[planner_server-3] [WARN] [1775413510.132725821] [planner_server]: Planning algorithm GridBased failed to generate a valid path to (2.52, 3.04)
[planner_server-3] [WARN] [1775413510.132784509] [planner_server]: [compute_path_to_pose] [ActionServer] Aborting handle.
[behavior_server-4] [INFO] [1775413510.150867182] [behavior_server]: Running spin
[behavior_server-4] [INFO] [1775413510.151103885] [behavior_server]: Turning 1.57 for spin behavior.
[behavior_server-4] [WARN] [1775413510.351682468] [behavior_server]: Collision Ahead - Exiting Spin
[behavior_server-4] [WARN] [1775413510.351802788] [behavior_server]: spin failed
[behavior_server-4] [WARN] [1775413510.351848355] [behavior_server]: [spin] [ActionServer] Aborting handle.
[behavior_server-4] [INFO] [1775413510.381364951] [behavior_server]: Running wait
[bt_navigator-5] [WARN] [1775413514.941062998] [BehaviorTreeEngine]: Behavior Tree tick rate 100.00 was exceeded!
[behavior_server-4] [INFO] [1775413515.381770129] [behavior_server]: wait completed successfully
[planner_server-3] [WARN] [1775413515.413685801] [planner_server]: GridBased: failed to create plan with tolerance 0.50.
[planner_server-3] [WARN] [1775413515.413882889] [planner_server]: Planning algorithm GridBased failed to generate a valid path to (2.52, 3.04)
[planner_server-3] [WARN] [1775413515.413946473] [planner_server]: [compute_path_to_pose] [ActionServer] Aborting handle.
[planner_server-3] [INFO] [1775413515.430902050] [global_costmap.global_costmap]: Received request to clear entirely the global_costmap
[planner_server-3] [WARN] [1775413516.134591899] [planner_server]: GridBased: failed to create plan with tolerance 0.50.
[planner_server-3] [WARN] [1775413516.134768315] [planner_server]: Planning algorithm GridBased failed to generate a valid path to (2.52, 3.04)
[planner_server-3] [WARN] [1775413516.134822299] [planner_server]: [compute_path_to_pose] [ActionServer] Aborting handle.
[behavior_server-4] [INFO] [1775413516.150940792] [behavior_server]: Running backup
[behavior_server-4] [WARN] [1775413516.151464470] [behavior_server]: Collision Ahead - Exiting DriveOnHeading
[behavior_server-4] [WARN] [1775413516.151514582] [behavior_server]: backup failed
[behavior_server-4] [WARN] [1775413516.151545046] [behavior_server]: [backup] [ActionServer] Aborting handle.
[controller_server-1] [INFO] [1775413516.180627831] [local_costmap.local_costmap]: Received request to clear entirely the local_costmap
[planner_server-3] [INFO] [1775413516.182943538] [global_costmap.global_costmap]: Received request to clear entirely the global_costmap
[planner_server-3] [WARN] [1775413517.135042845] [planner_server]: GridBased: failed to create plan with tolerance 0.50.
[planner_server-3] [WARN] [1775413517.135226844] [planner_server]: Planning algorithm GridBased failed to generate a valid path to (2.52, 3.04)
[planner_server-3] [WARN] [1775413517.135292732] [planner_server]: [compute_path_to_pose] [ActionServer] Aborting handle.
[planner_server-3] [INFO] [1775413517.150424252] [global_costmap.global_costmap]: Received request to clear entirely the global_costmap
[planner_server-3] [WARN] [1775413518.133056072] [planner_server]: GridBased: failed to create plan with tolerance 0.50.
[planner_server-3] [WARN] [1775413518.133236424] [planner_server]: Planning algorithm GridBased failed to generate a valid path to (2.52, 3.04)
[planner_server-3] [WARN] [1775413518.133293927] [planner_server]: [compute_path_to_pose] [ActionServer] Aborting handle.
[behavior_server-4] [INFO] [1775413518.151115523] [behavior_server]: Running spin
[behavior_server-4] [INFO] [1775413518.151323587] [behavior_server]: Turning 1.57 for spin behavior.
[behavior_server-4] [WARN] [1775413518.351903688] [behavior_server]: Collision Ahead - Exiting Spin
[behavior_server-4] [WARN] [1775413518.352024008] [behavior_server]: spin failed
[behavior_server-4] [WARN] [1775413518.352069192] [behavior_server]: [spin] [ActionServer] Aborting handle.
[behavior_server-4] [INFO] [1775413518.382050379] [behavior_server]: Running wait
[behavior_server-4] [INFO] [1775413523.382473125] [behavior_server]: wait completed successfully
[planner_server-3] [WARN] [1775413523.412348306] [planner_server]: GridBased: failed to create plan with tolerance 0.50.
[planner_server-3] [WARN] [1775413523.412488178] [planner_server]: Planning algorithm GridBased failed to generate a valid path to (2.52, 3.04)
[planner_server-3] [WARN] [1775413523.412518738] [planner_server]: [compute_path_to_pose] [ActionServer] Aborting handle.
[planner_server-3] [INFO] [1775413523.430694451] [global_costmap.global_costmap]: Received request to clear entirely the global_costmap
[planner_server-3] [WARN] [1775413524.133795246] [planner_server]: GridBased: failed to create plan with tolerance 0.50.
[planner_server-3] [WARN] [1775413524.134024269] [planner_server]: Planning algorithm GridBased failed to generate a valid path to (2.52, 3.04)
[planner_server-3] [WARN] [1775413524.134079757] [planner_server]: [compute_path_to_pose] [ActionServer] Aborting handle.
[behavior_server-4] [INFO] [1775413524.150892530] [behavior_server]: Running backup
[behavior_server-4] [WARN] [1775413524.151447601] [behavior_server]: Collision Ahead - Exiting DriveOnHeading
[behavior_server-4] [WARN] [1775413524.151514577] [behavior_server]: backup failed
[behavior_server-4] [WARN] [1775413524.152396399] [behavior_server]: [backup] [ActionServer] Aborting handle.
[controller_server-1] [INFO] [1775413524.180720993] [local_costmap.local_costmap]: Received request to clear entirely the local_costmap
[planner_server-3] [INFO] [1775413524.182260606] [global_costmap.global_costmap]: Received request to clear entirely the global_costmap
[planner_server-3] [WARN] [1775413525.135145968] [planner_server]: GridBased: failed to create plan with tolerance 0.50.
[planner_server-3] [WARN] [1775413525.135337744] [planner_server]: Planning algorithm GridBased failed to generate a valid path to (2.52, 3.04)
[planner_server-3] [WARN] [1775413525.135393168] [planner_server]: [compute_path_to_pose] [ActionServer] Aborting handle.
[planner_server-3] [INFO] [1775413525.150349880] [global_costmap.global_costmap]: Received request to clear entirely the global_costmap
[planner_server-3] [WARN] [1775413526.136981526] [planner_server]: Planner loop missed its desired rate of 20.0000 Hz. Current loop rate is 1.0153 Hz
[controller_server-1] [INFO] [1775413526.151211552] [controller_server]: Received a goal, begin computing control effort.
[planner_server-3] [WARN] [1775413527.161335967] [planner_server]: GridBased: failed to create plan with tolerance 0.50.
[planner_server-3] [WARN] [1775413527.161494879] [planner_server]: Planning algorithm GridBased failed to generate a valid path to (2.52, 3.04)
[planner_server-3] [WARN] [1775413527.161538175] [planner_server]: [compute_path_to_pose] [ActionServer] Aborting handle.
[planner_server-3] [INFO] [1775413527.181185443] [global_costmap.global_costmap]: Received request to clear entirely the global_costmap
[planner_server-3] [WARN] [1775413528.134095381] [planner_server]: GridBased: failed to create plan with tolerance 0.50.
[planner_server-3] [WARN] [1775413528.134270965] [planner_server]: Planning algorithm GridBased failed to generate a valid path to (2.52, 3.04)
[planner_server-3] [WARN] [1775413528.134327477] [planner_server]: [compute_path_to_pose] [ActionServer] Aborting handle.
[controller_server-1] [INFO] [1775413528.152160989] [controller_server]: Goal was canceled. Stopping the robot.
[controller_server-1] [INFO] [1775413528.152312029] [controller_server]: [follow_path] [ActionServer] Client requested to cancel the goal. Cancelling.
[bt_navigator-5] [WARN] [1775413528.160148434] [bt_navigator]: [navigate_to_pose] [ActionServer] Aborting handle.
[bt_navigator-5] [ERROR] [1775413528.160722609] [bt_navigator]: Goal failed
