[INFO] [launch]: All log files can be found below /home/jetson/.ros/log/2026-04-04-02-45-32-712477-chandan-24768
[INFO] [launch]: Default logging verbosity is set to INFO
[INFO] [controller_server-1]: process started with pid [24770]
[INFO] [smoother_server-2]: process started with pid [24772]
[INFO] [planner_server-3]: process started with pid [24774]
[INFO] [behavior_server-4]: process started with pid [24776]
[INFO] [bt_navigator-5]: process started with pid [24778]
[INFO] [waypoint_follower-6]: process started with pid [24780]
[INFO] [velocity_smoother-7]: process started with pid [24787]
[INFO] [lifecycle_manager-8]: process started with pid [24814]
[controller_server-1] [INFO] [1775241933.611179060] [controller_server]: 
[controller_server-1] 	controller_server lifecycle node launched. 
[controller_server-1] 	Waiting on external lifecycle transitions to activate
[controller_server-1] 	See https://design.ros2.org/articles/node_lifecycle.html for more information.
[bt_navigator-5] [INFO] [1775241933.822925228] [bt_navigator]: 
[bt_navigator-5] 	bt_navigator lifecycle node launched. 
[bt_navigator-5] 	Waiting on external lifecycle transitions to activate
[bt_navigator-5] 	See https://design.ros2.org/articles/node_lifecycle.html for more information.
[controller_server-1] [INFO] [1775241933.859965130] [controller_server]: Creating controller server
[bt_navigator-5] [INFO] [1775241933.866880593] [bt_navigator]: Creating
[velocity_smoother-7] [INFO] [1775241934.015079403] [velocity_smoother]: 
[velocity_smoother-7] 	velocity_smoother lifecycle node launched. 
[velocity_smoother-7] 	Waiting on external lifecycle transitions to activate
[velocity_smoother-7] 	See https://design.ros2.org/articles/node_lifecycle.html for more information.
[waypoint_follower-6] [INFO] [1775241934.055110737] [waypoint_follower]: 
[waypoint_follower-6] 	waypoint_follower lifecycle node launched. 
[waypoint_follower-6] 	Waiting on external lifecycle transitions to activate
[waypoint_follower-6] 	See https://design.ros2.org/articles/node_lifecycle.html for more information.
[waypoint_follower-6] [INFO] [1775241934.064271374] [waypoint_follower]: Creating
[behavior_server-4] [INFO] [1775241934.114216068] [behavior_server]: 
[behavior_server-4] 	behavior_server lifecycle node launched. 
[behavior_server-4] 	Waiting on external lifecycle transitions to activate
[behavior_server-4] 	See https://design.ros2.org/articles/node_lifecycle.html for more information.
[smoother_server-2] [INFO] [1775241934.135578087] [smoother_server]: 
[smoother_server-2] 	smoother_server lifecycle node launched. 
[smoother_server-2] 	Waiting on external lifecycle transitions to activate
[smoother_server-2] 	See https://design.ros2.org/articles/node_lifecycle.html for more information.
[smoother_server-2] [INFO] [1775241934.194170445] [smoother_server]: Creating smoother server
[planner_server-3] [INFO] [1775241934.211294635] [planner_server]: 
[planner_server-3] 	planner_server lifecycle node launched. 
[planner_server-3] 	Waiting on external lifecycle transitions to activate
[planner_server-3] 	See https://design.ros2.org/articles/node_lifecycle.html for more information.
[planner_server-3] [INFO] [1775241934.237390497] [planner_server]: Creating
[lifecycle_manager-8] [INFO] [1775241934.508206409] [lifecycle_manager_navigation]: Creating
[controller_server-1] [INFO] [1775241934.550972273] [local_costmap.local_costmap]: 
[controller_server-1] 	local_costmap lifecycle node launched. 
[controller_server-1] 	Waiting on external lifecycle transitions to activate
[controller_server-1] 	See https://design.ros2.org/articles/node_lifecycle.html for more information.
[controller_server-1] [INFO] [1775241934.553702451] [local_costmap.local_costmap]: Creating Costmap
[lifecycle_manager-8] [INFO] [1775241934.640391136] [lifecycle_manager_navigation]: [34m[1mCreating and initializing lifecycle service clients[0m[0m
[planner_server-3] [INFO] [1775241935.033654931] [global_costmap.global_costmap]: 
[planner_server-3] 	global_costmap lifecycle node launched. 
[planner_server-3] 	Waiting on external lifecycle transitions to activate
[planner_server-3] 	See https://design.ros2.org/articles/node_lifecycle.html for more information.
[planner_server-3] [INFO] [1775241935.037542289] [global_costmap.global_costmap]: Creating Costmap
[lifecycle_manager-8] [INFO] [1775241936.745690353] [lifecycle_manager_navigation]: Waiting for service controller_server/get_state...
[lifecycle_manager-8] [INFO] [1775241938.018533984] [lifecycle_manager_navigation]: [34m[1mStarting managed nodes bringup...[0m[0m
[lifecycle_manager-8] [INFO] [1775241938.018662595] [lifecycle_manager_navigation]: [34m[1mConfiguring controller_server[0m[0m
[controller_server-1] [INFO] [1775241938.019289554] [controller_server]: Configuring controller interface
[controller_server-1] [INFO] [1775241938.019782910] [controller_server]: getting goal checker plugins..
[controller_server-1] [INFO] [1775241938.021640363] [controller_server]: Controller frequency set to 10.0000Hz
[controller_server-1] [INFO] [1775241938.021780846] [local_costmap.local_costmap]: Configuring
[controller_server-1] [INFO] [1775241938.054080505] [local_costmap.local_costmap]: Using plugin "obstacle_layer"
[controller_server-1] [INFO] [1775241938.064510261] [local_costmap.local_costmap]: Subscribed to Topics: scan
[controller_server-1] [INFO] [1775241938.085838199] [local_costmap.local_costmap]: Initialized plugin "obstacle_layer"
[controller_server-1] [INFO] [1775241938.087527328] [local_costmap.local_costmap]: Using plugin "inflation_layer"
[controller_server-1] [INFO] [1775241938.090720589] [local_costmap.local_costmap]: Initialized plugin "inflation_layer"
[controller_server-1] [INFO] [1775241938.166233450] [controller_server]: Created progress_checker : progress_checker of type nav2_controller::SimpleProgressChecker
[controller_server-1] [INFO] [1775241938.170850841] [controller_server]: Created goal checker : goal_checker of type nav2_controller::SimpleGoalChecker
[controller_server-1] [INFO] [1775241938.173607964] [controller_server]: Controller Server has goal_checker  goal checkers available.
[controller_server-1] [INFO] [1775241938.178703863] [controller_server]: Created controller : FollowPath of type dwb_core::DWBLocalPlanner
[controller_server-1] [INFO] [1775241938.184011191] [controller_server]: Setting transform_tolerance to 0.200000
[controller_server-1] [INFO] [1775241938.218939457] [controller_server]: Using critic "RotateToGoal" (dwb_critics::RotateToGoalCritic)
[controller_server-1] [INFO] [1775241938.222868416] [controller_server]: Critic plugin initialized
[controller_server-1] [INFO] [1775241938.224858160] [controller_server]: Using critic "Oscillation" (dwb_critics::OscillationCritic)
[controller_server-1] [INFO] [1775241938.228291875] [controller_server]: Critic plugin initialized
[controller_server-1] [INFO] [1775241938.229935114] [controller_server]: Using critic "BaseObstacle" (dwb_critics::BaseObstacleCritic)
[controller_server-1] [INFO] [1775241938.233274331] [controller_server]: Critic plugin initialized
[controller_server-1] [INFO] [1775241938.235113543] [controller_server]: Using critic "GoalAlign" (dwb_critics::GoalAlignCritic)
[controller_server-1] [INFO] [1775241938.237630596] [controller_server]: Critic plugin initialized
[controller_server-1] [INFO] [1775241938.239270091] [controller_server]: Using critic "PathAlign" (dwb_critics::PathAlignCritic)
[controller_server-1] [INFO] [1775241938.241808232] [controller_server]: Critic plugin initialized
[controller_server-1] [INFO] [1775241938.243348334] [controller_server]: Using critic "PathDist" (dwb_critics::PathDistCritic)
[controller_server-1] [INFO] [1775241938.245868170] [controller_server]: Critic plugin initialized
[controller_server-1] [INFO] [1775241938.248052607] [controller_server]: Using critic "GoalDist" (dwb_critics::GoalDistCritic)
[controller_server-1] [INFO] [1775241938.250962085] [controller_server]: Critic plugin initialized
[controller_server-1] [INFO] [1775241938.251044455] [controller_server]: Controller Server has FollowPath  controllers available.
[lifecycle_manager-8] [INFO] [1775241938.310811273] [lifecycle_manager_navigation]: [34m[1mConfiguring smoother_server[0m[0m
[smoother_server-2] [INFO] [1775241938.314968013] [smoother_server]: Configuring smoother server
[smoother_server-2] [INFO] [1775241938.356395284] [smoother_server]: Created smoother : simple_smoother of type nav2_smoother::SimpleSmoother
[smoother_server-2] [INFO] [1775241938.378404167] [smoother_server]: Smoother Server has simple_smoother  smoothers available.
[lifecycle_manager-8] [INFO] [1775241938.436963339] [lifecycle_manager_navigation]: [34m[1mConfiguring planner_server[0m[0m
[planner_server-3] [INFO] [1775241938.437789343] [planner_server]: Configuring
[planner_server-3] [INFO] [1775241938.437903681] [global_costmap.global_costmap]: Configuring
[planner_server-3] [INFO] [1775241938.468612006] [global_costmap.global_costmap]: Using plugin "static_layer"
[planner_server-3] [INFO] [1775241938.479592303] [global_costmap.global_costmap]: Subscribing to the map topic (/map) with transient local durability
[planner_server-3] [INFO] [1775241938.486206606] [global_costmap.global_costmap]: Initialized plugin "static_layer"
[planner_server-3] [INFO] [1775241938.486301937] [global_costmap.global_costmap]: Using plugin "obstacle_layer"
[planner_server-3] [INFO] [1775241938.493846055] [global_costmap.global_costmap]: Subscribed to Topics: scan
[planner_server-3] [INFO] [1775241938.518846081] [global_costmap.global_costmap]: Initialized plugin "obstacle_layer"
[planner_server-3] [INFO] [1775241938.518954084] [global_costmap.global_costmap]: Using plugin "inflation_layer"
[planner_server-3] [INFO] [1775241938.523528210] [global_costmap.global_costmap]: Initialized plugin "inflation_layer"
[planner_server-3] [INFO] [1775241938.569857072] [global_costmap.global_costmap]: StaticLayer: Resizing costmap to 185 X 172 at 0.050000 m/pix
[planner_server-3] [INFO] [1775241938.570281018] [planner_server]: Created global planner plugin GridBased of type nav2_navfn_planner/NavfnPlanner
[planner_server-3] [INFO] [1775241938.570361468] [planner_server]: Configuring plugin GridBased of type NavfnPlanner
[planner_server-3] [INFO] [1775241938.573169920] [planner_server]: Planner Server has GridBased  planners available.
[lifecycle_manager-8] [INFO] [1775241938.627795205] [lifecycle_manager_navigation]: [34m[1mConfiguring behavior_server[0m[0m
[behavior_server-4] [INFO] [1775241938.628438036] [behavior_server]: Configuring
[behavior_server-4] [INFO] [1775241938.674069569] [behavior_server]: Creating behavior plugin spin of type nav2_behaviors/Spin
[behavior_server-4] [INFO] [1775241938.676148275] [behavior_server]: Configuring spin
[behavior_server-4] [INFO] [1775241938.720218202] [behavior_server]: Creating behavior plugin backup of type nav2_behaviors/BackUp
[behavior_server-4] [INFO] [1775241938.722140424] [behavior_server]: Configuring backup
[behavior_server-4] [INFO] [1775241938.750620247] [behavior_server]: Creating behavior plugin drive_on_heading of type nav2_behaviors/DriveOnHeading
[behavior_server-4] [INFO] [1775241938.752514149] [behavior_server]: Configuring drive_on_heading
[behavior_server-4] [INFO] [1775241938.777540608] [behavior_server]: Creating behavior plugin assisted_teleop of type nav2_behaviors/AssistedTeleop
[behavior_server-4] [INFO] [1775241938.780742349] [behavior_server]: Configuring assisted_teleop
[behavior_server-4] [INFO] [1775241938.810481402] [behavior_server]: Creating behavior plugin wait of type nav2_behaviors/Wait
[behavior_server-4] [INFO] [1775241938.811995039] [behavior_server]: Configuring wait
[lifecycle_manager-8] [INFO] [1775241938.839064076] [lifecycle_manager_navigation]: [34m[1mConfiguring bt_navigator[0m[0m
[bt_navigator-5] [INFO] [1775241938.839798301] [bt_navigator]: Configuring
[lifecycle_manager-8] [INFO] [1775241939.166447138] [lifecycle_manager_navigation]: [34m[1mConfiguring waypoint_follower[0m[0m
[waypoint_follower-6] [INFO] [1775241939.167140307] [waypoint_follower]: Configuring
[waypoint_follower-6] [INFO] [1775241939.245028073] [waypoint_follower]: Created waypoint_task_executor : wait_at_waypoint of type nav2_waypoint_follower::WaitAtWaypoint
[waypoint_follower-6] [INFO] [1775241939.247283647] [waypoint_follower]: Waypoint pause duration is set to zero, disabling task executor plugin.
[lifecycle_manager-8] [INFO] [1775241939.248753506] [lifecycle_manager_navigation]: [34m[1mConfiguring velocity_smoother[0m[0m
[velocity_smoother-7] [INFO] [1775241939.249462196] [velocity_smoother]: Configuring velocity smoother
[lifecycle_manager-8] [INFO] [1775241939.265635641] [lifecycle_manager_navigation]: [34m[1mActivating controller_server[0m[0m
[controller_server-1] [INFO] [1775241939.266071364] [controller_server]: Activating
[controller_server-1] [INFO] [1775241939.266179495] [local_costmap.local_costmap]: Activating
[controller_server-1] [INFO] [1775241939.266236136] [local_costmap.local_costmap]: Checking transform
[controller_server-1] [INFO] [1775241939.266434221] [local_costmap.local_costmap]: start
[controller_server-1] [INFO] [1775241939.468714714] [controller_server]: Creating bond (controller_server) to lifecycle manager.
[lifecycle_manager-8] [INFO] [1775241939.583697294] [lifecycle_manager_navigation]: Server controller_server connected with bond.
[lifecycle_manager-8] [INFO] [1775241939.583841458] [lifecycle_manager_navigation]: [34m[1mActivating smoother_server[0m[0m
[smoother_server-2] [INFO] [1775241939.585070767] [smoother_server]: Activating
[smoother_server-2] [INFO] [1775241939.585218227] [smoother_server]: Creating bond (smoother_server) to lifecycle manager.
[lifecycle_manager-8] [INFO] [1775241939.653463232] [lifecycle_manager_navigation]: Server smoother_server connected with bond.
[lifecycle_manager-8] [INFO] [1775241939.653662149] [lifecycle_manager_navigation]: [34m[1mActivating planner_server[0m[0m
[planner_server-3] [INFO] [1775241939.654752287] [planner_server]: Activating
[planner_server-3] [INFO] [1775241939.654914403] [global_costmap.global_costmap]: Activating
[planner_server-3] [INFO] [1775241939.654967877] [global_costmap.global_costmap]: Checking transform
[planner_server-3] [INFO] [1775241939.655625652] [global_costmap.global_costmap]: start
[planner_server-3] [INFO] [1775241940.658722346] [planner_server]: Activating plugin GridBased of type NavfnPlanner
[planner_server-3] [INFO] [1775241940.671103893] [planner_server]: Creating bond (planner_server) to lifecycle manager.
[lifecycle_manager-8] [INFO] [1775241940.816732267] [lifecycle_manager_navigation]: Server planner_server connected with bond.
[lifecycle_manager-8] [INFO] [1775241940.816900975] [lifecycle_manager_navigation]: [34m[1mActivating behavior_server[0m[0m
[behavior_server-4] [INFO] [1775241940.818091468] [behavior_server]: Activating
[behavior_server-4] [INFO] [1775241940.818217071] [behavior_server]: Activating spin
[behavior_server-4] [INFO] [1775241940.818277840] [behavior_server]: Activating backup
[behavior_server-4] [INFO] [1775241940.818316049] [behavior_server]: Activating drive_on_heading
[behavior_server-4] [INFO] [1775241940.818345202] [behavior_server]: Activating assisted_teleop
[behavior_server-4] [INFO] [1775241940.818371635] [behavior_server]: Activating wait
[behavior_server-4] [INFO] [1775241940.818409524] [behavior_server]: Creating bond (behavior_server) to lifecycle manager.
[lifecycle_manager-8] [INFO] [1775241940.923584091] [lifecycle_manager_navigation]: Server behavior_server connected with bond.
[lifecycle_manager-8] [INFO] [1775241940.923739839] [lifecycle_manager_navigation]: [34m[1mActivating bt_navigator[0m[0m
[bt_navigator-5] [INFO] [1775241940.927948420] [bt_navigator]: Activating
