[INFO] [launch]: All log files can be found below /home/jetson/.ros/log/2026-04-06-04-25-06-439744-chandan-25934
[INFO] [launch]: Default logging verbosity is set to INFO
[INFO] [controller_server-1]: process started with pid [25937]
[INFO] [smoother_server-2]: process started with pid [25939]
[INFO] [planner_server-3]: process started with pid [25941]
[INFO] [behavior_server-4]: process started with pid [25943]
[INFO] [bt_navigator-5]: process started with pid [25945]
[INFO] [waypoint_follower-6]: process started with pid [25947]
[INFO] [velocity_smoother-7]: process started with pid [25974]
[INFO] [lifecycle_manager-8]: process started with pid [25984]
[smoother_server-2] [INFO] [1775420707.047779074] [smoother_server]: 
[smoother_server-2] 	smoother_server lifecycle node launched. 
[smoother_server-2] 	Waiting on external lifecycle transitions to activate
[smoother_server-2] 	See https://design.ros2.org/articles/node_lifecycle.html for more information.
[planner_server-3] [INFO] [1775420707.109365971] [planner_server]: 
[planner_server-3] 	planner_server lifecycle node launched. 
[planner_server-3] 	Waiting on external lifecycle transitions to activate
[planner_server-3] 	See https://design.ros2.org/articles/node_lifecycle.html for more information.
[smoother_server-2] [INFO] [1775420707.117829851] [smoother_server]: Creating smoother server
[planner_server-3] [INFO] [1775420707.120853666] [planner_server]: Creating
[controller_server-1] [INFO] [1775420707.242082517] [controller_server]: 
[controller_server-1] 	controller_server lifecycle node launched. 
[controller_server-1] 	Waiting on external lifecycle transitions to activate
[controller_server-1] 	See https://design.ros2.org/articles/node_lifecycle.html for more information.
[lifecycle_manager-8] [INFO] [1775420707.259647573] [lifecycle_manager_navigation]: Creating
[lifecycle_manager-8] [INFO] [1775420707.278001255] [lifecycle_manager_navigation]: [34m[1mCreating and initializing lifecycle service clients[0m[0m
[velocity_smoother-7] [INFO] [1775420707.301597941] [velocity_smoother]: 
[velocity_smoother-7] 	velocity_smoother lifecycle node launched. 
[velocity_smoother-7] 	Waiting on external lifecycle transitions to activate
[velocity_smoother-7] 	See https://design.ros2.org/articles/node_lifecycle.html for more information.
[controller_server-1] [INFO] [1775420707.366649271] [controller_server]: Creating controller server
[waypoint_follower-6] [INFO] [1775420707.797281056] [waypoint_follower]: 
[waypoint_follower-6] 	waypoint_follower lifecycle node launched. 
[waypoint_follower-6] 	Waiting on external lifecycle transitions to activate
[waypoint_follower-6] 	See https://design.ros2.org/articles/node_lifecycle.html for more information.
[bt_navigator-5] [INFO] [1775420707.797492645] [bt_navigator]: 
[bt_navigator-5] 	bt_navigator lifecycle node launched. 
[bt_navigator-5] 	Waiting on external lifecycle transitions to activate
[bt_navigator-5] 	See https://design.ros2.org/articles/node_lifecycle.html for more information.
[bt_navigator-5] [INFO] [1775420707.797831469] [bt_navigator]: Creating
[waypoint_follower-6] [INFO] [1775420707.798683233] [waypoint_follower]: Creating
[behavior_server-4] [INFO] [1775420707.909619872] [behavior_server]: 
[behavior_server-4] 	behavior_server lifecycle node launched. 
[behavior_server-4] 	Waiting on external lifecycle transitions to activate
[behavior_server-4] 	See https://design.ros2.org/articles/node_lifecycle.html for more information.
[planner_server-3] [INFO] [1775420708.698950819] [global_costmap.global_costmap]: 
[planner_server-3] 	global_costmap lifecycle node launched. 
[planner_server-3] 	Waiting on external lifecycle transitions to activate
[planner_server-3] 	See https://design.ros2.org/articles/node_lifecycle.html for more information.
[planner_server-3] [INFO] [1775420708.701629282] [global_costmap.global_costmap]: Creating Costmap
[controller_server-1] [INFO] [1775420708.788496327] [local_costmap.local_costmap]: 
[controller_server-1] 	local_costmap lifecycle node launched. 
[controller_server-1] 	Waiting on external lifecycle transitions to activate
[controller_server-1] 	See https://design.ros2.org/articles/node_lifecycle.html for more information.
[controller_server-1] [INFO] [1775420708.789800678] [local_costmap.local_costmap]: Creating Costmap
[lifecycle_manager-8] [INFO] [1775420709.382050640] [lifecycle_manager_navigation]: Waiting for service controller_server/get_state...
[lifecycle_manager-8] [INFO] [1775420710.255318178] [lifecycle_manager_navigation]: [34m[1mStarting managed nodes bringup...[0m[0m
[lifecycle_manager-8] [INFO] [1775420710.255457829] [lifecycle_manager_navigation]: [34m[1mConfiguring controller_server[0m[0m
[controller_server-1] [INFO] [1775420710.280718745] [controller_server]: Configuring controller interface
[controller_server-1] [INFO] [1775420710.281325544] [controller_server]: getting goal checker plugins..
[controller_server-1] [INFO] [1775420710.281884245] [controller_server]: Controller frequency set to 10.0000Hz
[controller_server-1] [INFO] [1775420710.281984439] [local_costmap.local_costmap]: Configuring
[controller_server-1] [INFO] [1775420710.364169196] [local_costmap.local_costmap]: Using plugin "obstacle_layer"
[controller_server-1] [INFO] [1775420710.386116338] [local_costmap.local_costmap]: Subscribed to Topics: scan
[controller_server-1] [INFO] [1775420710.422822292] [local_costmap.local_costmap]: Initialized plugin "obstacle_layer"
[controller_server-1] [INFO] [1775420710.423004249] [local_costmap.local_costmap]: Using plugin "inflation_layer"
[controller_server-1] [INFO] [1775420710.429790265] [local_costmap.local_costmap]: Initialized plugin "inflation_layer"
[controller_server-1] [INFO] [1775420710.492000854] [controller_server]: Created progress_checker : progress_checker of type nav2_controller::PoseProgressChecker
[controller_server-1] [INFO] [1775420710.495951731] [controller_server]: Created goal checker : goal_checker of type nav2_controller::SimpleGoalChecker
[controller_server-1] [INFO] [1775420710.498807414] [controller_server]: Controller Server has goal_checker  goal checkers available.
[controller_server-1] [INFO] [1775420710.502360042] [controller_server]: Created controller : FollowPath of type dwb_core::DWBLocalPlanner
[controller_server-1] [INFO] [1775420710.511645957] [controller_server]: Setting transform_tolerance to 0.200000
[controller_server-1] [INFO] [1775420710.561729828] [controller_server]: Using critic "RotateToGoal" (dwb_critics::RotateToGoalCritic)
[controller_server-1] [INFO] [1775420710.565022706] [controller_server]: Critic plugin initialized
[controller_server-1] [INFO] [1775420710.565788772] [controller_server]: Using critic "Oscillation" (dwb_critics::OscillationCritic)
[controller_server-1] [INFO] [1775420710.570821371] [controller_server]: Critic plugin initialized
[controller_server-1] [INFO] [1775420710.571656174] [controller_server]: Using critic "BaseObstacle" (dwb_critics::BaseObstacleCritic)
[controller_server-1] [INFO] [1775420710.573435768] [controller_server]: Critic plugin initialized
[controller_server-1] [INFO] [1775420710.574325133] [controller_server]: Using critic "GoalAlign" (dwb_critics::GoalAlignCritic)
[controller_server-1] [INFO] [1775420710.577276435] [controller_server]: Critic plugin initialized
[controller_server-1] [INFO] [1775420710.578176680] [controller_server]: Using critic "PathAlign" (dwb_critics::PathAlignCritic)
[controller_server-1] [INFO] [1775420710.580681187] [controller_server]: Critic plugin initialized
[controller_server-1] [INFO] [1775420710.581872096] [controller_server]: Using critic "PathDist" (dwb_critics::PathDistCritic)
[controller_server-1] [INFO] [1775420710.583583048] [controller_server]: Critic plugin initialized
[controller_server-1] [INFO] [1775420710.584538878] [controller_server]: Using critic "GoalDist" (dwb_critics::GoalDistCritic)
[controller_server-1] [INFO] [1775420710.586881078] [controller_server]: Critic plugin initialized
[controller_server-1] [INFO] [1775420710.586968696] [controller_server]: Controller Server has FollowPath  controllers available.
[lifecycle_manager-8] [INFO] [1775420710.630400633] [lifecycle_manager_navigation]: [34m[1mConfiguring smoother_server[0m[0m
[smoother_server-2] [INFO] [1775420710.631054601] [smoother_server]: Configuring smoother server
[smoother_server-2] [INFO] [1775420710.682045885] [smoother_server]: Created smoother : simple_smoother of type nav2_smoother::SimpleSmoother
[smoother_server-2] [INFO] [1775420710.690547941] [smoother_server]: Smoother Server has simple_smoother  smoothers available.
[lifecycle_manager-8] [INFO] [1775420710.741429751] [lifecycle_manager_navigation]: [34m[1mConfiguring planner_server[0m[0m
[planner_server-3] [INFO] [1775420710.742088742] [planner_server]: Configuring
[planner_server-3] [INFO] [1775420710.742194601] [global_costmap.global_costmap]: Configuring
[planner_server-3] [INFO] [1775420710.776087241] [global_costmap.global_costmap]: Using plugin "static_layer"
[planner_server-3] [INFO] [1775420710.791752699] [global_costmap.global_costmap]: Subscribing to the map topic (/map) with transient local durability
[planner_server-3] [INFO] [1775420710.798698719] [global_costmap.global_costmap]: Initialized plugin "static_layer"
[planner_server-3] [INFO] [1775420710.855776162] [global_costmap.global_costmap]: StaticLayer: Resizing costmap to 185 X 172 at 0.050000 m/pix
[planner_server-3] [INFO] [1775420710.857544172] [planner_server]: Created global planner plugin GridBased of type nav2_navfn_planner/NavfnPlanner
[planner_server-3] [INFO] [1775420710.858195964] [planner_server]: Configuring plugin GridBased of type NavfnPlanner
[planner_server-3] [INFO] [1775420710.860772664] [planner_server]: Planner Server has GridBased  planners available.
[lifecycle_manager-8] [INFO] [1775420710.913017962] [lifecycle_manager_navigation]: [34m[1mConfiguring behavior_server[0m[0m
[behavior_server-4] [INFO] [1775420710.913839837] [behavior_server]: Configuring
[behavior_server-4] [INFO] [1775420710.972219072] [behavior_server]: Creating behavior plugin spin of type nav2_behaviors/Spin
[behavior_server-4] [INFO] [1775420710.973946632] [behavior_server]: Configuring spin
[behavior_server-4] [INFO] [1775420711.007114551] [behavior_server]: Creating behavior plugin backup of type nav2_behaviors/BackUp
[behavior_server-4] [INFO] [1775420711.008981283] [behavior_server]: Configuring backup
[behavior_server-4] [INFO] [1775420711.034099764] [behavior_server]: Creating behavior plugin drive_on_heading of type nav2_behaviors/DriveOnHeading
[behavior_server-4] [INFO] [1775420711.035842397] [behavior_server]: Configuring drive_on_heading
[behavior_server-4] [INFO] [1775420711.057272407] [behavior_server]: Creating behavior plugin assisted_teleop of type nav2_behaviors/AssistedTeleop
[behavior_server-4] [INFO] [1775420711.060551908] [behavior_server]: Configuring assisted_teleop
[behavior_server-4] [INFO] [1775420711.086795568] [behavior_server]: Creating behavior plugin wait of type nav2_behaviors/Wait
[behavior_server-4] [INFO] [1775420711.088356756] [behavior_server]: Configuring wait
[lifecycle_manager-8] [INFO] [1775420711.108851032] [lifecycle_manager_navigation]: [34m[1mConfiguring bt_navigator[0m[0m
[bt_navigator-5] [INFO] [1775420711.109581129] [bt_navigator]: Configuring
[lifecycle_manager-8] [INFO] [1775420711.361970253] [lifecycle_manager_navigation]: [34m[1mConfiguring waypoint_follower[0m[0m
[waypoint_follower-6] [INFO] [1775420711.362517466] [waypoint_follower]: Configuring
[waypoint_follower-6] [INFO] [1775420711.442075471] [waypoint_follower]: Created waypoint_task_executor : wait_at_waypoint of type nav2_waypoint_follower::WaitAtWaypoint
[waypoint_follower-6] [INFO] [1775420711.447030180] [waypoint_follower]: Waypoint pause duration is set to zero, disabling task executor plugin.
[lifecycle_manager-8] [INFO] [1775420711.450047307] [lifecycle_manager_navigation]: [34m[1mConfiguring velocity_smoother[0m[0m
[velocity_smoother-7] [INFO] [1775420711.450792701] [velocity_smoother]: Configuring velocity smoother
[lifecycle_manager-8] [INFO] [1775420711.473595927] [lifecycle_manager_navigation]: [34m[1mActivating controller_server[0m[0m
[controller_server-1] [INFO] [1775420711.474282823] [controller_server]: Activating
[controller_server-1] [INFO] [1775420711.474418154] [local_costmap.local_costmap]: Activating
[controller_server-1] [INFO] [1775420711.474457067] [local_costmap.local_costmap]: Checking transform
[controller_server-1] [INFO] [1775420711.474686033] [local_costmap.local_costmap]: start
[controller_server-1] [INFO] [1775420711.677983278] [controller_server]: Creating bond (controller_server) to lifecycle manager.
[lifecycle_manager-8] [INFO] [1775420711.797881755] [lifecycle_manager_navigation]: Server controller_server connected with bond.
[lifecycle_manager-8] [INFO] [1775420711.798031071] [lifecycle_manager_navigation]: [34m[1mActivating smoother_server[0m[0m
[smoother_server-2] [INFO] [1775420711.799165017] [smoother_server]: Activating
[smoother_server-2] [INFO] [1775420711.799308413] [smoother_server]: Creating bond (smoother_server) to lifecycle manager.
[lifecycle_manager-8] [INFO] [1775420711.864142647] [lifecycle_manager_navigation]: Server smoother_server connected with bond.
[lifecycle_manager-8] [INFO] [1775420711.864327259] [lifecycle_manager_navigation]: [34m[1mActivating planner_server[0m[0m
[planner_server-3] [INFO] [1775420711.865410356] [planner_server]: Activating
[planner_server-3] [INFO] [1775420711.865576856] [global_costmap.global_costmap]: Activating
[planner_server-3] [INFO] [1775420711.865630074] [global_costmap.global_costmap]: Checking transform
[planner_server-3] [INFO] [1775420711.865908128] [global_costmap.global_costmap]: start
[planner_server-3] [INFO] [1775420711.916170722] [planner_server]: Activating plugin GridBased of type NavfnPlanner
[planner_server-3] [INFO] [1775420711.922989731] [planner_server]: Creating bond (planner_server) to lifecycle manager.
[lifecycle_manager-8] [INFO] [1775420712.042465222] [lifecycle_manager_navigation]: Server planner_server connected with bond.
[lifecycle_manager-8] [INFO] [1775420712.042622826] [lifecycle_manager_navigation]: [34m[1mActivating behavior_server[0m[0m
[behavior_server-4] [INFO] [1775420712.043780709] [behavior_server]: Activating
[behavior_server-4] [INFO] [1775420712.043902568] [behavior_server]: Activating spin
[behavior_server-4] [INFO] [1775420712.043990634] [behavior_server]: Activating backup
[behavior_server-4] [INFO] [1775420712.044035115] [behavior_server]: Activating drive_on_heading
[behavior_server-4] [INFO] [1775420712.044075308] [behavior_server]: Activating assisted_teleop
[behavior_server-4] [INFO] [1775420712.044112045] [behavior_server]: Activating wait
[behavior_server-4] [INFO] [1775420712.044160366] [behavior_server]: Creating bond (behavior_server) to lifecycle manager.
[lifecycle_manager-8] [INFO] [1775420712.093277428] [lifecycle_manager_navigation]: Server behavior_server connected with bond.
[lifecycle_manager-8] [INFO] [1775420712.093424696] [lifecycle_manager_navigation]: [34m[1mActivating bt_navigator[0m[0m
[bt_navigator-5] [INFO] [1775420712.094654997] [bt_navigator]: Activating
[bt_navigator-5] [INFO] [1775420712.369022683] [bt_navigator]: Creating bond (bt_navigator) to lifecycle manager.
[lifecycle_manager-8] [INFO] [1775420712.414342824] [lifecycle_manager_navigation]: Server bt_navigator connected with bond.
[lifecycle_manager-8] [INFO] [1775420712.414459531] [lifecycle_manager_navigation]: [34m[1mActivating waypoint_follower[0m[0m
[waypoint_follower-6] [INFO] [1775420712.415961326] [waypoint_follower]: Activating
[waypoint_follower-6] [INFO] [1775420712.416085233] [waypoint_follower]: Creating bond (waypoint_follower) to lifecycle manager.
[lifecycle_manager-8] [INFO] [1775420712.478249611] [lifecycle_manager_navigation]: Server waypoint_follower connected with bond.
[lifecycle_manager-8] [INFO] [1775420712.478358798] [lifecycle_manager_navigation]: [34m[1mActivating velocity_smoother[0m[0m
[velocity_smoother-7] [INFO] [1775420712.479658668] [velocity_smoother]: Activating
[velocity_smoother-7] [INFO] [1775420712.479821680] [velocity_smoother]: Creating bond (velocity_smoother) to lifecycle manager.
[lifecycle_manager-8] [INFO] [1775420712.538021933] [lifecycle_manager_navigation]: Server velocity_smoother connected with bond.
[lifecycle_manager-8] [INFO] [1775420712.538337172] [lifecycle_manager_navigation]: [34m[1mManaged nodes are active[0m[0m
[lifecycle_manager-8] [INFO] [1775420712.538383797] [lifecycle_manager_navigation]: [34m[1mCreating bond timer...[0m[0m
[bt_navigator-5] [INFO] [1775420773.517023372] [bt_navigator]: Begin navigating from current location (0.01, 0.01) to (2.52, 3.04)
[controller_server-1] [INFO] [1775420773.619383117] [controller_server]: Received a goal, begin computing control effort.
[controller_server-1] [WARN] [1775420773.619571409] [controller_server]: No goal checker was specified in parameter 'current_goal_checker'. Server will use only plugin loaded goal_checker . This warning will appear once.
[controller_server-1] [ERROR] [1775421073.320240977] [controller_server]: Failed to make progress
[controller_server-1] [WARN] [1775421073.320672601] [controller_server]: [follow_path] [ActionServer] Aborting handle.
[controller_server-1] [INFO] [1775421073.418120200] [local_costmap.local_costmap]: Received request to clear entirely the local_costmap
[controller_server-1] [INFO] [1775421073.425703041] [controller_server]: Received a goal, begin computing control effort.
[controller_server-1] [INFO] [1775421073.627564427] [controller_server]: Goal was canceled. Stopping the robot.
[controller_server-1] [INFO] [1775421073.627810128] [controller_server]: [follow_path] [ActionServer] Client requested to cancel the goal. Cancelling.
[bt_navigator-5] [INFO] [1775421073.628444252] [bt_navigator]: [navigate_to_pose] [ActionServer] Client requested to cancel the goal. Cancelling.
[bt_navigator-5] [INFO] [1775421073.629191372] [bt_navigator]: Goal canceled
[bt_navigator-5] [INFO] [1775421076.537059625] [bt_navigator]: Begin navigating from current location (0.88, 0.60) to (2.52, 3.04)
[controller_server-1] [INFO] [1775421076.638767148] [controller_server]: Received a goal, begin computing control effort.
[controller_server-1] [INFO] [1775421077.839667514] [controller_server]: Passing new path to controller.
[controller_server-1] [INFO] [1775421078.939434538] [controller_server]: Passing new path to controller.
[controller_server-1] [INFO] [1775421080.039431383] [controller_server]: Passing new path to controller.
[controller_server-1] [INFO] [1775421081.239440600] [controller_server]: Passing new path to controller.
[controller_server-1] [INFO] [1775421082.339497110] [controller_server]: Passing new path to controller.
[controller_server-1] [INFO] [1775421083.439423945] [controller_server]: Passing new path to controller.
[controller_server-1] [INFO] [1775421084.639433489] [controller_server]: Passing new path to controller.
[controller_server-1] [INFO] [1775421085.739436054] [controller_server]: Passing new path to controller.
[controller_server-1] [INFO] [1775421086.939424396] [controller_server]: Passing new path to controller.
[controller_server-1] [INFO] [1775421088.039423105] [controller_server]: Passing new path to controller.
[controller_server-1] [INFO] [1775421089.239426373] [controller_server]: Passing new path to controller.
[controller_server-1] [INFO] [1775421090.339421898] [controller_server]: Passing new path to controller.
[controller_server-1] [INFO] [1775421091.539423069] [controller_server]: Passing new path to controller.
[controller_server-1] [INFO] [1775421092.639451859] [controller_server]: Passing new path to controller.
[controller_server-1] [INFO] [1775421093.839436149] [controller_server]: Passing new path to controller.
[controller_server-1] [INFO] [1775421094.939423258] [controller_server]: Passing new path to controller.
[controller_server-1] [INFO] [1775421096.139442699] [controller_server]: Passing new path to controller.
[controller_server-1] [INFO] [1775421097.239437728] [controller_server]: Passing new path to controller.
[controller_server-1] [INFO] [1775421098.439444704] [controller_server]: Passing new path to controller.
[controller_server-1] [INFO] [1775421099.539434694] [controller_server]: Passing new path to controller.
[controller_server-1] [INFO] [1775421100.739427093] [controller_server]: Passing new path to controller.
[controller_server-1] [INFO] [1775421101.839442827] [controller_server]: Passing new path to controller.
[controller_server-1] [INFO] [1775421102.939424538] [controller_server]: Passing new path to controller.
[controller_server-1] [INFO] [1775421104.139667412] [controller_server]: Passing new path to controller.
[controller_server-1] [INFO] [1775421105.239437231] [controller_server]: Passing new path to controller.
[controller_server-1] [INFO] [1775421106.439443508] [controller_server]: Passing new path to controller.
[controller_server-1] [INFO] [1775421107.539746889] [controller_server]: Passing new path to controller.
[controller_server-1] [INFO] [1775421108.739440920] [controller_server]: Passing new path to controller.
[controller_server-1] [INFO] [1775421109.839463833] [controller_server]: Passing new path to controller.
[controller_server-1] [INFO] [1775421111.039434844] [controller_server]: Passing new path to controller.
[controller_server-1] [INFO] [1775421112.139432717] [controller_server]: Passing new path to controller.
[controller_server-1] [INFO] [1775421113.339441376] [controller_server]: Passing new path to controller.
[controller_server-1] [INFO] [1775421114.439424289] [controller_server]: Passing new path to controller.
[controller_server-1] [INFO] [1775421115.639427460] [controller_server]: Passing new path to controller.
[controller_server-1] [INFO] [1775421116.739495096] [controller_server]: Passing new path to controller.
[controller_server-1] [INFO] [1775421117.839693000] [controller_server]: Passing new path to controller.
[controller_server-1] [INFO] [1775421118.939432359] [controller_server]: Passing new path to controller.
[controller_server-1] [INFO] [1775421120.139517067] [controller_server]: Passing new path to controller.
[velocity_smoother-7] [INFO] [1775421248.348163246] [rclcpp]: signal_handler(SIGINT/SIGTERM)
[velocity_smoother-7] [INFO] [1775421248.348384178] [velocity_smoother]: Running Nav2 LifecycleNode rcl preshutdown (velocity_smoother)
[velocity_smoother-7] [INFO] [1775421248.348520885] [velocity_smoother]: Deactivating
[velocity_smoother-7] [INFO] [1775421248.348584694] [velocity_smoother]: Destroying bond (velocity_smoother) to lifecycle manager.
[bt_navigator-5] [INFO] [1775421248.349034174] [rclcpp]: signal_handler(SIGINT/SIGTERM)
[bt_navigator-5] [INFO] [1775421248.349178625] [bt_navigator]: Running Nav2 LifecycleNode rcl preshutdown (bt_navigator)
[bt_navigator-5] [INFO] [1775421248.349282339] [bt_navigator]: Deactivating
[bt_navigator-5] [WARN] [1775421248.349316484] [bt_navigator]: [navigate_to_pose] [ActionServer] Requested to deactivate server but goal is still executing. Should check if action server is running before deactivating.
[planner_server-3] [INFO] [1775421248.353644087] [rclcpp]: signal_handler(SIGINT/SIGTERM)
[planner_server-3] [INFO] [1775421248.353830395] [planner_server]: Running Nav2 LifecycleNode rcl preshutdown (planner_server)
[planner_server-3] [INFO] [1775421248.353983646] [planner_server]: Deactivating
[planner_server-3] [INFO] [1775421248.354074175] [global_costmap.global_costmap]: Deactivating
[waypoint_follower-6] [INFO] [1775421248.354583753] [rclcpp]: signal_handler(SIGINT/SIGTERM)
[waypoint_follower-6] [INFO] [1775421248.354773709] [waypoint_follower]: Running Nav2 LifecycleNode rcl preshutdown (waypoint_follower)
[waypoint_follower-6] [INFO] [1775421248.354895407] [waypoint_follower]: Deactivating
[waypoint_follower-6] [INFO] [1775421248.354949488] [waypoint_follower]: Destroying bond (waypoint_follower) to lifecycle manager.
[smoother_server-2] [INFO] [1775421248.361680337] [rclcpp]: signal_handler(SIGINT/SIGTERM)
[smoother_server-2] [INFO] [1775421248.361903478] [smoother_server]: Running Nav2 LifecycleNode rcl preshutdown (smoother_server)
[smoother_server-2] [INFO] [1775421248.362046073] [smoother_server]: Deactivating
[smoother_server-2] [INFO] [1775421248.362106170] [smoother_server]: Destroying bond (smoother_server) to lifecycle manager.
[behavior_server-4] [INFO] [1775421248.362923913] [rclcpp]: signal_handler(SIGINT/SIGTERM)
[behavior_server-4] [INFO] [1775421248.363078892] [behavior_server]: Running Nav2 LifecycleNode rcl preshutdown (behavior_server)
[behavior_server-4] [INFO] [1775421248.363212975] [behavior_server]: Deactivating
[behavior_server-4] [INFO] [1775421248.363280976] [behavior_server]: Destroying bond (behavior_server) to lifecycle manager.
[controller_server-1] [INFO] [1775421248.363310641] [rclcpp]: signal_handler(SIGINT/SIGTERM)
[controller_server-1] [INFO] [1775421248.363478516] [controller_server]: Running Nav2 LifecycleNode rcl preshutdown (controller_server)
[controller_server-1] [INFO] [1775421248.363599574] [controller_server]: Deactivating
[controller_server-1] [WARN] [1775421248.363657783] [controller_server]: [follow_path] [ActionServer] Requested to deactivate server but goal is still executing. Should check if action server is running before deactivating.
[lifecycle_manager-8] [INFO] [1775421248.382729414] [rclcpp]: signal_handler(SIGINT/SIGTERM)
[lifecycle_manager-8] [INFO] [1775421248.382961515] [lifecycle_manager_navigation]: Running Nav2 LifecycleManager rcl preshutdown (lifecycle_manager_navigation)
[lifecycle_manager-8] [INFO] [1775421248.383039116] [lifecycle_manager_navigation]: [34m[1mTerminating bond timer...[0m[0m
[velocity_smoother-7] [INFO] [1775421248.409266724] [velocity_smoother]: Cleaning up
[velocity_smoother-7] [INFO] [1775421248.409397991] [velocity_smoother]: Destroying bond (velocity_smoother) to lifecycle manager.
[waypoint_follower-6] [INFO] [1775421248.416157097] [waypoint_follower]: Cleaning up
[smoother_server-2] [INFO] [1775421248.422982540] [smoother_server]: Cleaning up
[velocity_smoother-7] [INFO] [1775421248.431625714] [velocity_smoother]: Destroying
[bt_navigator-5] [INFO] [1775421248.449453640] [bt_navigator]: [navigate_to_pose] [ActionServer] Waiting for async process to finish.
[controller_server-1] [INFO] [1775421248.463794652] [controller_server]: [follow_path] [ActionServer] Waiting for async process to finish.
[behavior_server-4] [INFO] [1775421248.464081794] [behavior_server]: Cleaning up
[waypoint_follower-6] [INFO] [1775421248.479614348] [waypoint_follower]: Destroying bond (waypoint_follower) to lifecycle manager.
[controller_server-1] [WARN] [1775421248.497705000] [controller_server]: Control loop missed its desired rate of 10.0000Hz
[controller_server-1] [WARN] [1775421248.505541790] [controller_server]: [follow_path] [ActionServer] Stopping the thread per request.
[controller_server-1] [INFO] [1775421248.507280288] [controller_server]: [follow_path] [ActionServer] Client requested to cancel the goal. Cancelling.
[bt_navigator-5] [ERROR] [1775421248.508824670] [bt_navigator_navigate_to_pose_rclcpp_node]: Failed to get result for follow_path in node halt!
[bt_navigator-5] [WARN] [1775421248.509043362] [bt_navigator]: [navigate_to_pose] [ActionServer] Aborting handle.
[bt_navigator-5] [INFO] [1775421248.509361864] [bt_navigator]: Goal canceled
[bt_navigator-5] [WARN] [1775421248.509396809] [bt_navigator]: [navigate_to_pose] [ActionServer] Stopping the thread per request.
[bt_navigator-5] [INFO] [1775421248.537515845] [bt_navigator]: Destroying bond (bt_navigator) to lifecycle manager.
[controller_server-1] [INFO] [1775421248.538582841] [local_costmap.local_costmap]: Deactivating
[behavior_server-4] [INFO] [1775421248.554023746] [behavior_server]: Destroying bond (behavior_server) to lifecycle manager.
[bt_navigator-5] [INFO] [1775421248.579563597] [bt_navigator]: Cleaning up
[waypoint_follower-6] [INFO] [1775421248.601349168] [waypoint_follower]: Destroying
[smoother_server-2] [INFO] [1775421248.604535693] [smoother_server]: Destroying bond (smoother_server) to lifecycle manager.
[smoother_server-2] [INFO] [1775421248.623657949] [smoother_server]: Destroying
[controller_server-1] [INFO] [1775421248.675034520] [controller_server]: Destroying bond (controller_server) to lifecycle manager.
[controller_server-1] [INFO] [1775421248.685740614] [controller_server]: Cleaning up
[controller_server-1] [INFO] [1775421248.686255472] [local_costmap.local_costmap]: Cleaning up
[INFO] [velocity_smoother-7]: process has finished cleanly [pid 25974]
[lifecycle_manager-8] [INFO] [1775421248.763205079] [lifecycle_manager_navigation]: Destroying lifecycle_manager_navigation
[controller_server-1] [INFO] [1775421248.767154402] [controller_server]: Destroying bond (controller_server) to lifecycle manager.
[controller_server-1] [INFO] [1775421248.775874506] [local_costmap.local_costmap]: Destroying
[INFO] [smoother_server-2]: process has finished cleanly [pid 25939]
[controller_server-1] [INFO] [1775421248.842547979] [controller_server]: Destroying
[behavior_server-4] [INFO] [1775421248.855567078] [behavior_server]: Destroying
[planner_server-3] [INFO] [1775421248.866338901] [planner_server]: Deactivating plugin GridBased of type NavfnPlanner
[planner_server-3] [INFO] [1775421248.866461335] [planner_server]: Destroying bond (planner_server) to lifecycle manager.
[planner_server-3] [INFO] [1775421248.876784605] [planner_server]: Cleaning up
[planner_server-3] [INFO] [1775421248.913620929] [global_costmap.global_costmap]: Cleaning up
[INFO] [waypoint_follower-6]: process has finished cleanly [pid 25947]
[planner_server-3] [INFO] [1775421248.933573921] [planner_server]: Cleaning up plugin GridBased of type NavfnPlanner
[planner_server-3] [INFO] [1775421248.934282863] [planner_server]: Destroying plugin GridBased of type NavfnPlanner
[planner_server-3] [INFO] [1775421248.948026423] [planner_server]: Destroying bond (planner_server) to lifecycle manager.
[planner_server-3] [INFO] [1775421248.961646492] [global_costmap.global_costmap]: Destroying
[INFO] [lifecycle_manager-8]: process has finished cleanly [pid 25984]
[planner_server-3] [INFO] [1775421248.989788793] [planner_server]: Destroying
[bt_navigator-5] [INFO] [1775421249.002238217] [bt_navigator]: Completed Cleaning up
[bt_navigator-5] [INFO] [1775421249.002419020] [bt_navigator]: Destroying bond (bt_navigator) to lifecycle manager.
[bt_navigator-5] [INFO] [1775421249.020292068] [bt_navigator]: Destroying
[INFO] [controller_server-1]: process has finished cleanly [pid 25937]
[INFO] [behavior_server-4]: process has finished cleanly [pid 25943]
[INFO] [planner_server-3]: process has finished cleanly [pid 25941]
[INFO] [bt_navigator-5]: process has finished cleanly [pid 25945]
