[INFO] [1775087186.129524050] [exp4_maze_navigation]: Experiment 4 — Maze Navigation starting ...
[INFO] [1775087186.131631013] [exp4_maze_navigation]:   S=(0.0, 0.0)  T=(3.5, 2.5)  Euclidean=4.30 m  MaxPath=6.45 m
[INFO] [1775087189.207813953] [exp4_maze_navigation]: 
--- Trial 1/20 ---
[INFO] [1775087189.209813649] [exp4_maze_navigation]: Return robot to S=(0.0, 0.0) and verify AMCL localisation. Auto-starting trial in 3 seconds ...
[INFO] [1775087202.215094526] [exp4_maze_navigation]:   FAIL  Path=0.00 m  Time=10.0 s  Replans=0  Failure=goal_rejected  Running efficiency=0.0 %
[INFO] [1775087202.216499488] [exp4_maze_navigation]: 
--- Trial 2/20 ---
[INFO] [1775087202.217759614] [exp4_maze_navigation]: Return robot to S=(0.0, 0.0) and verify AMCL localisation. Auto-starting trial in 3 seconds ...
[INFO] [1775087215.223929809] [exp4_maze_navigation]:   FAIL  Path=0.00 m  Time=10.0 s  Replans=0  Failure=goal_rejected  Running efficiency=0.0 %
[INFO] [1775087215.224879880] [exp4_maze_navigation]: 
--- Trial 3/20 ---
[INFO] [1775087215.225754141] [exp4_maze_navigation]: Return robot to S=(0.0, 0.0) and verify AMCL localisation. Auto-starting trial in 3 seconds ...
[INFO] [1775087228.233027737] [exp4_maze_navigation]:   FAIL  Path=0.00 m  Time=10.0 s  Replans=0  Failure=goal_rejected  Running efficiency=0.0 %
[INFO] [1775087228.234562590] [exp4_maze_navigation]: 
--- Trial 4/20 ---
[INFO] [1775087228.235865886] [exp4_maze_navigation]: Return robot to S=(0.0, 0.0) and verify AMCL localisation. Auto-starting trial in 3 seconds ...
[INFO] [1775087241.241968940] [exp4_maze_navigation]:   FAIL  Path=0.00 m  Time=10.0 s  Replans=0  Failure=goal_rejected  Running efficiency=0.0 %
[INFO] [1775087241.243429423] [exp4_maze_navigation]: 
--- Trial 5/20 ---
[INFO] [1775087241.244731278] [exp4_maze_navigation]: Return robot to S=(0.0, 0.0) and verify AMCL localisation. Auto-starting trial in 3 seconds ...
[INFO] [1775087254.249118048] [exp4_maze_navigation]:   FAIL  Path=0.00 m  Time=10.0 s  Replans=0  Failure=goal_rejected  Running efficiency=0.0 %
[INFO] [1775087254.250027894] [exp4_maze_navigation]: 
--- Trial 6/20 ---
[INFO] [1775087254.250796360] [exp4_maze_navigation]: Return robot to S=(0.0, 0.0) and verify AMCL localisation. Auto-starting trial in 3 seconds ...
[INFO] [1775087267.258270480] [exp4_maze_navigation]:   FAIL  Path=0.00 m  Time=10.0 s  Replans=0  Failure=goal_rejected  Running efficiency=0.0 %
[INFO] [1775087267.259420524] [exp4_maze_navigation]: 
--- Trial 7/20 ---
[INFO] [1775087267.261198711] [exp4_maze_navigation]: Return robot to S=(0.0, 0.0) and verify AMCL localisation. Auto-starting trial in 3 seconds ...
[INFO] [1775087280.266583510] [exp4_maze_navigation]:   FAIL  Path=0.00 m  Time=10.0 s  Replans=0  Failure=goal_rejected  Running efficiency=0.0 %
[INFO] [1775087280.267901014] [exp4_maze_navigation]: 
--- Trial 8/20 ---
[INFO] [1775087280.269072242] [exp4_maze_navigation]: Return robot to S=(0.0, 0.0) and verify AMCL localisation. Auto-starting trial in 3 seconds ...
