[INFO] [1775412532.703509165] [exp4_maze_navigation]: Experiment 4 — Maze Navigation starting ...
[INFO] [1775412532.720585594] [exp4_maze_navigation]:   S=(0.0, 0.0)  T=(2.525, 3.035)  Euclidean=3.95 m  MaxPath=5.92 m
[INFO] [1775412536.027438944] [exp4_maze_navigation]: 
--- Trial 1/20 ---
[INFO] [1775412536.036311811] [exp4_maze_navigation]: Return robot to S=(0.0, 0.0) and verify AMCL localisation. Auto-starting trial in 3 seconds ...
[INFO] [1775412566.852496486] [exp4_maze_navigation]:   FAIL  Path=1.10 m  Time=27.8 s  Replans=5  Failure=nav2_status_6  Running efficiency=0.0 %
[INFO] [1775412566.854044895] [exp4_maze_navigation]: 
--- Trial 2/20 ---
[INFO] [1775412566.856154221] [exp4_maze_navigation]: Return robot to S=(0.0, 0.0) and verify AMCL localisation. Auto-starting trial in 3 seconds ...
[INFO] [1775412603.847526227] [exp4_maze_navigation]:   FAIL  Path=1.55 m  Time=34.0 s  Replans=2  Failure=nav2_status_6  Running efficiency=0.0 %
[INFO] [1775412603.850301755] [exp4_maze_navigation]: 
--- Trial 3/20 ---
[INFO] [1775412603.852428394] [exp4_maze_navigation]: Return robot to S=(0.0, 0.0) and verify AMCL localisation. Auto-starting trial in 3 seconds ...
[INFO] [1775412630.854774644] [exp4_maze_navigation]:   FAIL  Path=0.60 m  Time=24.0 s  Replans=1  Failure=nav2_status_6  Running efficiency=0.0 %
[INFO] [1775412630.856332239] [exp4_maze_navigation]: 
--- Trial 4/20 ---
[INFO] [1775412630.857773509] [exp4_maze_navigation]: Return robot to S=(0.0, 0.0) and verify AMCL localisation. Auto-starting trial in 3 seconds ...
[INFO] [1775412659.857313265] [exp4_maze_navigation]:   FAIL  Path=4.24 m  Time=26.0 s  Replans=1  Failure=nav2_status_6  Running efficiency=0.0 %
[INFO] [1775412659.859006418] [exp4_maze_navigation]: 
--- Trial 5/20 ---
[INFO] [1775412659.860895130] [exp4_maze_navigation]: Return robot to S=(0.0, 0.0) and verify AMCL localisation. Auto-starting trial in 3 seconds ...
[INFO] [1775412687.852137768] [exp4_maze_navigation]:   FAIL  Path=6.19 m  Time=25.0 s  Replans=0  Failure=nav2_status_6  Running efficiency=0.0 %
[INFO] [1775412687.854354717] [exp4_maze_navigation]: 
--- Trial 6/20 ---
[INFO] [1775412687.856056478] [exp4_maze_navigation]: Return robot to S=(0.0, 0.0) and verify AMCL localisation. Auto-starting trial in 3 seconds ...
[INFO] [1775412715.848375447] [exp4_maze_navigation]:   FAIL  Path=1.29 m  Time=25.0 s  Replans=0  Failure=nav2_status_6  Running efficiency=0.0 %
[INFO] [1775412715.850016951] [exp4_maze_navigation]: 
--- Trial 7/20 ---
[INFO] [1775412715.851454766] [exp4_maze_navigation]: Return robot to S=(0.0, 0.0) and verify AMCL localisation. Auto-starting trial in 3 seconds ...
[INFO] [1775412743.853692215] [exp4_maze_navigation]:   FAIL  Path=1.12 m  Time=25.0 s  Replans=0  Failure=nav2_status_6  Running efficiency=0.0 %
[INFO] [1775412743.855836171] [exp4_maze_navigation]: 
--- Trial 8/20 ---
[INFO] [1775412743.857332005] [exp4_maze_navigation]: Return robot to S=(0.0, 0.0) and verify AMCL localisation. Auto-starting trial in 3 seconds ...
[INFO] [1775412771.845679582] [exp4_maze_navigation]:   FAIL  Path=1.41 m  Time=25.0 s  Replans=0  Failure=nav2_status_6  Running efficiency=0.0 %
[INFO] [1775412771.847879252] [exp4_maze_navigation]: 
--- Trial 9/20 ---
[INFO] [1775412771.849344813] [exp4_maze_navigation]: Return robot to S=(0.0, 0.0) and verify AMCL localisation. Auto-starting trial in 3 seconds ...
[INFO] [1775412799.847423991] [exp4_maze_navigation]:   FAIL  Path=1.05 m  Time=25.0 s  Replans=0  Failure=nav2_status_6  Running efficiency=0.0 %
[INFO] [1775412799.848913585] [exp4_maze_navigation]: 
--- Trial 10/20 ---
[INFO] [1775412799.850442382] [exp4_maze_navigation]: Return robot to S=(0.0, 0.0) and verify AMCL localisation. Auto-starting trial in 3 seconds ...
[INFO] [1775412827.852007681] [exp4_maze_navigation]:   FAIL  Path=1.17 m  Time=25.0 s  Replans=0  Failure=nav2_status_6  Running efficiency=0.0 %
[INFO] [1775412827.854444289] [exp4_maze_navigation]: 
--- Trial 11/20 ---
[INFO] [1775412827.855887162] [exp4_maze_navigation]: Return robot to S=(0.0, 0.0) and verify AMCL localisation. Auto-starting trial in 3 seconds ...
[INFO] [1775412856.846897069] [exp4_maze_navigation]:   FAIL  Path=0.97 m  Time=26.0 s  Replans=0  Failure=nav2_status_6  Running efficiency=0.0 %
[INFO] [1775412856.848428873] [exp4_maze_navigation]: 
--- Trial 12/20 ---
[INFO] [1775412856.849834657] [exp4_maze_navigation]: Return robot to S=(0.0, 0.0) and verify AMCL localisation. Auto-starting trial in 3 seconds ...
[INFO] [1775412884.849457322] [exp4_maze_navigation]:   FAIL  Path=0.88 m  Time=25.0 s  Replans=0  Failure=nav2_status_6  Running efficiency=0.0 %
[INFO] [1775412884.851008264] [exp4_maze_navigation]: 
--- Trial 13/20 ---
[INFO] [1775412884.852667338] [exp4_maze_navigation]: Return robot to S=(0.0, 0.0) and verify AMCL localisation. Auto-starting trial in 3 seconds ...
[INFO] [1775412913.842753770] [exp4_maze_navigation]:   FAIL  Path=1.19 m  Time=26.0 s  Replans=0  Failure=nav2_status_6  Running efficiency=0.0 %
[INFO] [1775412913.844253382] [exp4_maze_navigation]: 
--- Trial 14/20 ---
[INFO] [1775412913.845625949] [exp4_maze_navigation]: Return robot to S=(0.0, 0.0) and verify AMCL localisation. Auto-starting trial in 3 seconds ...
[INFO] [1775412942.852807881] [exp4_maze_navigation]:   FAIL  Path=1.27 m  Time=26.0 s  Replans=0  Failure=nav2_status_6  Running efficiency=0.0 %
[INFO] [1775412942.854658835] [exp4_maze_navigation]: 
--- Trial 15/20 ---
[INFO] [1775412942.856283124] [exp4_maze_navigation]: Return robot to S=(0.0, 0.0) and verify AMCL localisation. Auto-starting trial in 3 seconds ...
[INFO] [1775412970.846456579] [exp4_maze_navigation]:   FAIL  Path=0.97 m  Time=25.0 s  Replans=0  Failure=nav2_status_6  Running efficiency=0.0 %
[INFO] [1775412970.847964415] [exp4_maze_navigation]: 
--- Trial 16/20 ---
[INFO] [1775412970.849414489] [exp4_maze_navigation]: Return robot to S=(0.0, 0.0) and verify AMCL localisation. Auto-starting trial in 3 seconds ...
[INFO] [1775412999.848501497] [exp4_maze_navigation]:   FAIL  Path=0.94 m  Time=26.0 s  Replans=0  Failure=nav2_status_6  Running efficiency=0.0 %
[INFO] [1775412999.850258816] [exp4_maze_navigation]: 
--- Trial 17/20 ---
[INFO] [1775412999.851716378] [exp4_maze_navigation]: Return robot to S=(0.0, 0.0) and verify AMCL localisation. Auto-starting trial in 3 seconds ...
[INFO] [1775413027.842725126] [exp4_maze_navigation]:   FAIL  Path=2.23 m  Time=25.0 s  Replans=0  Failure=nav2_status_6  Running efficiency=0.0 %
[INFO] [1775413027.844197121] [exp4_maze_navigation]: 
--- Trial 18/20 ---
[INFO] [1775413027.845926535] [exp4_maze_navigation]: Return robot to S=(0.0, 0.0) and verify AMCL localisation. Auto-starting trial in 3 seconds ...
[INFO] [1775413055.846804852] [exp4_maze_navigation]:   FAIL  Path=1.88 m  Time=25.0 s  Replans=0  Failure=nav2_status_6  Running efficiency=0.0 %
[INFO] [1775413055.848255311] [exp4_maze_navigation]: 
--- Trial 19/20 ---
[INFO] [1775413055.849658727] [exp4_maze_navigation]: Return robot to S=(0.0, 0.0) and verify AMCL localisation. Auto-starting trial in 3 seconds ...
[INFO] [1775413083.851625191] [exp4_maze_navigation]:   FAIL  Path=1.02 m  Time=25.0 s  Replans=0  Failure=nav2_status_6  Running efficiency=0.0 %
[INFO] [1775413083.853927460] [exp4_maze_navigation]: 
--- Trial 20/20 ---
[INFO] [1775413083.855339516] [exp4_maze_navigation]: Return robot to S=(0.0, 0.0) and verify AMCL localisation. Auto-starting trial in 3 seconds ...
[INFO] [1775413111.848986007] [exp4_maze_navigation]:   FAIL  Path=1.02 m  Time=25.0 s  Replans=0  Failure=nav2_status_6  Running efficiency=0.0 %
[DataLogger] Writing to /home/jetson/formica_experiments/data/exp4_maze_20260405_180853.csv

============================================================
  Experiment 4 — Final Navigation Efficiency
============================================================
  Trials: 20  Successes: 0
  Efficiency: 0.0 %  (target ≥ 89.0 %)  FAIL
============================================================


============================================================
  EXPERIMENT SUMMARY — EXP 4 — Maze Navigation
============================================================
  Trial    Metric                         Value        Unit
------------------------------------------------------------
  1        path_length                    1.0989       m
  1        time_to_target                 27.8118      s
  1        replan_events                  5.0000       
  2        path_length                    1.5462       m
  2        time_to_target                 33.9848      s
  2        replan_events                  2.0000       
  3        path_length                    0.5981       m
  3        time_to_target                 23.9969      s
  3        replan_events                  1.0000       
  4        path_length                    4.2406       m
  4        time_to_target                 25.9941      s
  4        replan_events                  1.0000       
  5        path_length                    6.1874       m
  5        time_to_target                 24.9845      s
  5        replan_events                  0.0000       
  6        path_length                    1.2880       m
  6        time_to_target                 24.9872      s
  6        replan_events                  0.0000       
  7        path_length                    1.1175       m
  7        time_to_target                 24.9966      s
  7        replan_events                  0.0000       
  8        path_length                    1.4110       m
  8        time_to_target                 24.9855      s
  8        replan_events                  0.0000       
  9        path_length                    1.0536       m
  9        time_to_target                 24.9964      s
  9        replan_events                  0.0000       
  10       path_length                    1.1698       m
  10       time_to_target                 24.9991      s
  10       replan_events                  0.0000       
  11       path_length                    0.9709       m
  11       time_to_target                 25.9854      s
  11       replan_events                  0.0000       
  12       path_length                    0.8814       m
  12       time_to_target                 24.9973      s
  12       replan_events                  0.0000       
  13       path_length                    1.1913       m
  13       time_to_target                 25.9869      s
  13       replan_events                  0.0000       
  14       path_length                    1.2651       m
  14       time_to_target                 26.0048      s
  14       replan_events                  0.0000       
  15       path_length                    0.9727       m
  15       time_to_target                 24.9865      s
  15       replan_events                  0.0000       
  16       path_length                    0.9352       m
  16       time_to_target                 25.9966      s
  16       replan_events                  0.0000       
  17       path_length                    2.2284       m
  17       time_to_target                 24.9859      s
  17       replan_events                  0.0000       
  18       path_length                    1.8846       m
  18       time_to_target                 24.9955      s
  18       replan_events                  0.0000       
  19       path_length                    1.0175       m
  19       time_to_target                 24.9998      s
  19       replan_events                  0.0000       
  20       path_length                    1.0169       m
  20       time_to_target                 24.9886      s
  20       replan_events                  0.0000       
  0        Final efficiency               0.0000       %
============================================================

[DataLogger] Closed /home/jetson/formica_experiments/data/exp4_maze_20260405_180853.csv
