[INFO] [1775408842.295666949] [exp4_maze_navigation]: Experiment 4 — Maze Navigation starting ...
[INFO] [1775408842.296728271] [exp4_maze_navigation]:   S=(0.0, 0.0)  T=(2.95, 2.45)  Euclidean=3.83 m  MaxPath=5.75 m
[INFO] [1775408845.797894113] [exp4_maze_navigation]: 
--- Trial 1/20 ---
[INFO] [1775408845.799145438] [exp4_maze_navigation]: Return robot to S=(0.0, 0.0) and verify AMCL localisation. Auto-starting trial in 3 seconds ...
[INFO] [1775408870.490266984] [exp4_maze_navigation]:   FAIL  Path=1.06 m  Time=21.7 s  Replans=0  Failure=nav2_status_6  Running efficiency=0.0 %
[INFO] [1775408870.493077595] [exp4_maze_navigation]: 
--- Trial 2/20 ---
[INFO] [1775408870.494578734] [exp4_maze_navigation]: Return robot to S=(0.0, 0.0) and verify AMCL localisation. Auto-starting trial in 3 seconds ...
[INFO] [1775408896.486726071] [exp4_maze_navigation]:   FAIL  Path=0.72 m  Time=23.0 s  Replans=0  Failure=nav2_status_6  Running efficiency=0.0 %
[INFO] [1775408896.490169633] [exp4_maze_navigation]: 
--- Trial 3/20 ---
[INFO] [1775408896.492429433] [exp4_maze_navigation]: Return robot to S=(0.0, 0.0) and verify AMCL localisation. Auto-starting trial in 3 seconds ...
[INFO] [1775408921.481307971] [exp4_maze_navigation]:   FAIL  Path=0.75 m  Time=22.0 s  Replans=0  Failure=nav2_status_6  Running efficiency=0.0 %
[INFO] [1775408921.483675746] [exp4_maze_navigation]: 
--- Trial 4/20 ---
[INFO] [1775408921.485116873] [exp4_maze_navigation]: Return robot to S=(0.0, 0.0) and verify AMCL localisation. Auto-starting trial in 3 seconds ...
[INFO] [1775408946.483671436] [exp4_maze_navigation]:   FAIL  Path=0.84 m  Time=22.0 s  Replans=0  Failure=nav2_status_6  Running efficiency=0.0 %
[INFO] [1775408946.485504021] [exp4_maze_navigation]: 
--- Trial 5/20 ---
[INFO] [1775408946.486954843] [exp4_maze_navigation]: Return robot to S=(0.0, 0.0) and verify AMCL localisation. Auto-starting trial in 3 seconds ...
[INFO] [1775408974.485905381] [exp4_maze_navigation]:   FAIL  Path=1.16 m  Time=25.0 s  Replans=2  Failure=nav2_status_6  Running efficiency=0.0 %
[INFO] [1775408974.487398828] [exp4_maze_navigation]: 
--- Trial 6/20 ---
[INFO] [1775408974.488800939] [exp4_maze_navigation]: Return robot to S=(0.0, 0.0) and verify AMCL localisation. Auto-starting trial in 3 seconds ...
[INFO] [1775409004.480205776] [exp4_maze_navigation]:   FAIL  Path=0.96 m  Time=27.0 s  Replans=3  Failure=nav2_status_6  Running efficiency=0.0 %
[INFO] [1775409004.481696692] [exp4_maze_navigation]: 
--- Trial 7/20 ---
[INFO] [1775409004.483086191] [exp4_maze_navigation]: Return robot to S=(0.0, 0.0) and verify AMCL localisation. Auto-starting trial in 3 seconds ...
[INFO] [1775409035.482676125] [exp4_maze_navigation]:   FAIL  Path=1.96 m  Time=28.0 s  Replans=2  Failure=nav2_status_6  Running efficiency=0.0 %
[INFO] [1775409035.484153309] [exp4_maze_navigation]: 
--- Trial 8/20 ---
[INFO] [1775409035.485552854] [exp4_maze_navigation]: Return robot to S=(0.0, 0.0) and verify AMCL localisation. Auto-starting trial in 3 seconds ...
[INFO] [1775409064.485573207] [exp4_maze_navigation]:   FAIL  Path=2.49 m  Time=26.0 s  Replans=0  Failure=nav2_status_6  Running efficiency=0.0 %
[INFO] [1775409064.487120858] [exp4_maze_navigation]: 
--- Trial 9/20 ---
[INFO] [1775409064.488531826] [exp4_maze_navigation]: Return robot to S=(0.0, 0.0) and verify AMCL localisation. Auto-starting trial in 3 seconds ...
[INFO] [1775409092.480269574] [exp4_maze_navigation]:   FAIL  Path=1.08 m  Time=25.0 s  Replans=0  Failure=nav2_status_6  Running efficiency=0.0 %
[INFO] [1775409092.481780900] [exp4_maze_navigation]: 
--- Trial 10/20 ---
[INFO] [1775409092.483213436] [exp4_maze_navigation]: Return robot to S=(0.0, 0.0) and verify AMCL localisation. Auto-starting trial in 3 seconds ...
[INFO] [1775409120.486416725] [exp4_maze_navigation]:   FAIL  Path=2.59 m  Time=25.0 s  Replans=0  Failure=nav2_status_6  Running efficiency=0.0 %
[INFO] [1775409120.487914576] [exp4_maze_navigation]: 
--- Trial 11/20 ---
[INFO] [1775409120.489296545] [exp4_maze_navigation]: Return robot to S=(0.0, 0.0) and verify AMCL localisation. Auto-starting trial in 3 seconds ...
[INFO] [1775409148.477562875] [exp4_maze_navigation]:   FAIL  Path=1.30 m  Time=25.0 s  Replans=0  Failure=nav2_status_6  Running efficiency=0.0 %
[INFO] [1775409148.479829266] [exp4_maze_navigation]: 
--- Trial 12/20 ---
[INFO] [1775409148.481293224] [exp4_maze_navigation]: Return robot to S=(0.0, 0.0) and verify AMCL localisation. Auto-starting trial in 3 seconds ...
[INFO] [1775409177.480209971] [exp4_maze_navigation]:   FAIL  Path=1.07 m  Time=26.0 s  Replans=0  Failure=nav2_status_6  Running efficiency=0.0 %
[INFO] [1775409177.482005026] [exp4_maze_navigation]: 
--- Trial 13/20 ---
[INFO] [1775409177.483429011] [exp4_maze_navigation]: Return robot to S=(0.0, 0.0) and verify AMCL localisation. Auto-starting trial in 3 seconds ...
[INFO] [1775409205.482574267] [exp4_maze_navigation]:   FAIL  Path=1.29 m  Time=25.0 s  Replans=0  Failure=nav2_status_6  Running efficiency=0.0 %
[INFO] [1775409205.484664574] [exp4_maze_navigation]: 
--- Trial 14/20 ---
[INFO] [1775409205.486237241] [exp4_maze_navigation]: Return robot to S=(0.0, 0.0) and verify AMCL localisation. Auto-starting trial in 3 seconds ...
[INFO] [1775409233.487662383] [exp4_maze_navigation]:   FAIL  Path=0.85 m  Time=25.0 s  Replans=0  Failure=nav2_status_6  Running efficiency=0.0 %
[INFO] [1775409233.489185092] [exp4_maze_navigation]: 
--- Trial 15/20 ---
[INFO] [1775409233.491267109] [exp4_maze_navigation]: Return robot to S=(0.0, 0.0) and verify AMCL localisation. Auto-starting trial in 3 seconds ...
[INFO] [1775409261.482793950] [exp4_maze_navigation]:   FAIL  Path=0.75 m  Time=25.0 s  Replans=0  Failure=nav2_status_6  Running efficiency=0.0 %
[INFO] [1775409261.484282639] [exp4_maze_navigation]: 
--- Trial 16/20 ---
[INFO] [1775409261.485700635] [exp4_maze_navigation]: Return robot to S=(0.0, 0.0) and verify AMCL localisation. Auto-starting trial in 3 seconds ...
[INFO] [1775409290.485466061] [exp4_maze_navigation]:   FAIL  Path=0.76 m  Time=26.0 s  Replans=0  Failure=nav2_status_6  Running efficiency=0.0 %
[INFO] [1775409290.486992159] [exp4_maze_navigation]: 
--- Trial 17/20 ---
[INFO] [1775409290.488381191] [exp4_maze_navigation]: Return robot to S=(0.0, 0.0) and verify AMCL localisation. Auto-starting trial in 3 seconds ...
[INFO] [1775409318.487771455] [exp4_maze_navigation]:   FAIL  Path=0.61 m  Time=25.0 s  Replans=0  Failure=nav2_status_6  Running efficiency=0.0 %
[INFO] [1775409318.489693582] [exp4_maze_navigation]: 
--- Trial 18/20 ---
[INFO] [1775409318.492811957] [exp4_maze_navigation]: Return robot to S=(0.0, 0.0) and verify AMCL localisation. Auto-starting trial in 3 seconds ...
[INFO] [1775409346.485518443] [exp4_maze_navigation]:   FAIL  Path=1.73 m  Time=25.0 s  Replans=0  Failure=nav2_status_6  Running efficiency=0.0 %
[INFO] [1775409346.487029530] [exp4_maze_navigation]: 
--- Trial 19/20 ---
[INFO] [1775409346.488512070] [exp4_maze_navigation]: Return robot to S=(0.0, 0.0) and verify AMCL localisation. Auto-starting trial in 3 seconds ...
[INFO] [1775409374.479401175] [exp4_maze_navigation]:   FAIL  Path=1.88 m  Time=25.0 s  Replans=0  Failure=nav2_status_6  Running efficiency=0.0 %
[INFO] [1775409374.482185536] [exp4_maze_navigation]: 
--- Trial 20/20 ---
[INFO] [1775409374.483791444] [exp4_maze_navigation]: Return robot to S=(0.0, 0.0) and verify AMCL localisation. Auto-starting trial in 3 seconds ...
[INFO] [1775409405.486617348] [exp4_maze_navigation]:   FAIL  Path=2.03 m  Time=28.0 s  Replans=0  Failure=nav2_status_6  Running efficiency=0.0 %
[DataLogger] Writing to /home/jetson/formica_experiments/data/exp4_maze_20260405_170722.csv

============================================================
  Experiment 4 — Final Navigation Efficiency
============================================================
  Trials: 20  Successes: 0
  Efficiency: 0.0 %  (target ≥ 89.0 %)  FAIL
============================================================


============================================================
  EXPERIMENT SUMMARY — EXP 4 — Maze Navigation
============================================================
  Trial    Metric                         Value        Unit
------------------------------------------------------------
  1        path_length                    1.0603       m
  1        time_to_target                 21.6853      s
  1        replan_events                  0.0000       
  2        path_length                    0.7160       m
  2        time_to_target                 22.9864      s
  2        replan_events                  0.0000       
  3        path_length                    0.7530       m
  3        time_to_target                 21.9855      s
  3        replan_events                  0.0000       
  4        path_length                    0.8414       m
  4        time_to_target                 21.9959      s
  4        replan_events                  0.0000       
  5        path_length                    1.1570       m
  5        time_to_target                 24.9940      s
  5        replan_events                  2.0000       
  6        path_length                    0.9641       m
  6        time_to_target                 26.9865      s
  6        replan_events                  3.0000       
  7        path_length                    1.9591       m
  7        time_to_target                 27.9947      s
  7        replan_events                  2.0000       
  8        path_length                    2.4857       m
  8        time_to_target                 25.9977      s
  8        replan_events                  0.0000       
  9        path_length                    1.0833       m
  9        time_to_target                 24.9873      s
  9        replan_events                  0.0000       
  10       path_length                    2.5895       m
  10       time_to_target                 24.9978      s
  10       replan_events                  0.0000       
  11       path_length                    1.2954       m
  11       time_to_target                 24.9857      s
  11       replan_events                  0.0000       
  12       path_length                    1.0743       m
  12       time_to_target                 25.9945      s
  12       replan_events                  0.0000       
  13       path_length                    1.2866       m
  13       time_to_target                 24.9947      s
  13       replan_events                  0.0000       
  14       path_length                    0.8544       m
  14       time_to_target                 24.9962      s
  14       replan_events                  0.0000       
  15       path_length                    0.7508       m
  15       time_to_target                 24.9855      s
  15       replan_events                  0.0000       
  16       path_length                    0.7559       m
  16       time_to_target                 25.9972      s
  16       replan_events                  0.0000       
  17       path_length                    0.6146       m
  17       time_to_target                 24.9959      s
  17       replan_events                  0.0000       
  18       path_length                    1.7311       m
  18       time_to_target                 24.9875      s
  18       replan_events                  0.0000       
  19       path_length                    1.8821       m
  19       time_to_target                 24.9848      s
  19       replan_events                  0.0000       
  20       path_length                    2.0337       m
  20       time_to_target                 27.9970      s
  20       replan_events                  0.0000       
  0        Final efficiency               0.0000       %
============================================================

[DataLogger] Closed /home/jetson/formica_experiments/data/exp4_maze_20260405_170722.csv
