[INFO] [1775406014.554121420] [arduino_base_controller]: Connected to Arduino on /dev/ttyCH341USB0
[INFO] [1775406014.587513788] [arduino_base_controller]: Arduino Base Controller started.
[INFO] [1775406019.003130594] [arduino_base_controller]: RAW SERIAL FROM ARDUINO: "s,95,139,0,224"
[INFO] [1775406019.114913238] [arduino_base_controller]: RAW SERIAL FROM ARDUINO: "s,95,139,0,224"
[INFO] [1775406022.515295759] [arduino_base_controller]: RAW SERIAL FROM ARDUINO: "ss,94,138,0,224"
[INFO] [1775406029.691669913] [arduino_base_controller]: RAW SERIAL FROM ARDUINO: "s,95,138,0,224"
[INFO] [1775406029.845373333] [arduino_base_controller]: RAW SERIAL FROM ARDUINO: "s,94,137,0,224"
[INFO] [1775406046.991099398] [arduino_base_controller]: RAW SERIAL FROM ARDUINO: "s,93,137,0,224"
[INFO] [1775406047.310273390] [arduino_base_controller]: RAW SERIAL FROM ARDUINO: "s,94,138,0,224"
[INFO] [1775406047.409679743] [arduino_base_controller]: RAW SERIAL FROM ARDUINO: "s,94,137,0,224"
[INFO] [1775406050.792510078] [arduino_base_controller]: RAW SERIAL FROM ARDUINO: "s,93,137,0,224"
[INFO] [1775406050.952372347] [arduino_base_controller]: RAW SERIAL FROM ARDUINO: "s,92,137,0,224"
[INFO] [1775406114.798565430] [arduino_base_controller]: >>> Received first cmd_vel! Movement integration active.
[WARN] [1775406255.004382905] [arduino_base_controller]: Parse error on line "s,79,1s,77,153,0,49": could not convert string to float: '1s'
Traceback (most recent call last):
  File "/home/jetson/ros2_ws/install/formica_experiments/lib/formica_experiments/arduino_base", line 33, in <module>
    sys.exit(load_entry_point('formica-experiments', 'console_scripts', 'arduino_base')())
  File "/home/jetson/ros2_ws/build/formica_experiments/formica_experiments/arduino_base_node.py", line 234, in main
    executor.spin()
  File "/opt/ros/humble/local/lib/python3.10/dist-packages/rclpy/executors.py", line 323, in spin
    self.spin_once()
  File "/opt/ros/humble/local/lib/python3.10/dist-packages/rclpy/executors.py", line 863, in spin_once
    self._spin_once_impl(timeout_sec)
  File "/opt/ros/humble/local/lib/python3.10/dist-packages/rclpy/executors.py", line 844, in _spin_once_impl
    handler, entity, node = self.wait_for_ready_callbacks(
  File "/opt/ros/humble/local/lib/python3.10/dist-packages/rclpy/executors.py", line 780, in wait_for_ready_callbacks
    return next(self._cb_iter)
  File "/opt/ros/humble/local/lib/python3.10/dist-packages/rclpy/executors.py", line 653, in _wait_for_ready_callbacks
    wait_set = _rclpy.WaitSet(
rclpy._rclpy_pybind11.RCLError: failed to initialize wait set: the given context is not valid, either rcl_init() was not called or rcl_shutdown() was called., at ./src/rcl/wait.c:130
