[INFO] [launch]: All log files can be found below /home/jetson/.ros/log/2026-04-06-03-17-37-944135-chandan-64588
[INFO] [launch]: Default logging verbosity is set to INFO
[INFO] [map_server-1]: process started with pid [64591]
[INFO] [amcl-2]: process started with pid [64593]
[INFO] [lifecycle_manager-3]: process started with pid [64595]
[map_server-1] [INFO] [1775416660.362090026] [map_server]: 
[map_server-1] 	map_server lifecycle node launched. 
[map_server-1] 	Waiting on external lifecycle transitions to activate
[map_server-1] 	See https://design.ros2.org/articles/node_lifecycle.html for more information.
[map_server-1] [INFO] [1775416660.366020625] [map_server]: Creating
[lifecycle_manager-3] [INFO] [1775416661.023109809] [lifecycle_manager_localization]: Creating
[amcl-2] [INFO] [1775416661.147890363] [amcl]: 
[amcl-2] 	amcl lifecycle node launched. 
[amcl-2] 	Waiting on external lifecycle transitions to activate
[amcl-2] 	See https://design.ros2.org/articles/node_lifecycle.html for more information.
[amcl-2] [INFO] [1775416661.149402700] [amcl]: Creating
[lifecycle_manager-3] [INFO] [1775416661.178077081] [lifecycle_manager_localization]: [34m[1mCreating and initializing lifecycle service clients[0m[0m
[lifecycle_manager-3] [INFO] [1775416664.816806346] [lifecycle_manager_localization]: Waiting for service amcl/get_state...
[lifecycle_manager-3] [INFO] [1775416665.145441378] [lifecycle_manager_localization]: [34m[1mStarting managed nodes bringup...[0m[0m
[lifecycle_manager-3] [INFO] [1775416665.147792626] [lifecycle_manager_localization]: [34m[1mConfiguring map_server[0m[0m
[map_server-1] [WARN] [1775416693.508154213] [map_server.rclcpp]: failed to send response to /map_server/get_state (timeout): client will not receive response, at ./src/rmw_response.cpp:154, at ./src/rcl/service.c:314
