The daemon has been started
[exp4stack] Base controller started.
[exp4stack] LiDAR candidates (by-id): /dev/serial/by-id/usb-Silicon_Labs_CP2102_USB_to_UART_Bridge_Controller_0001-if00-port0 /dev/serial/by-id/usb-Silicon_Labs_CP2102_USB_to_UART_Bridge_Controller_IG14859004F004A-if00-port0
[exp4stack] Probing LiDAR on /dev/serial/by-id/usb-Silicon_Labs_CP2102_USB_to_UART_Bridge_Controller_0001-if00-port0 ...
[exp4stack] LiDAR launch serial_port=/dev/serial/by-id/usb-Silicon_Labs_CP2102_USB_to_UART_Bridge_Controller_0001-if00-port0 (log /home/jetson/exp1_logs/exp4stack_lidar_20260406_033539_dev_serial_by-id_usb-Silicon_Labs_CP2102_USB_to_UART_Bridge_Controller_0001-if00-port0.log)
[exp4stack] /scan is publishing.
[exp4stack] Starting localization (map_server + amcl) ...
[exp4stack] Waiting for map_server + AMCL active (localization lifecycle) ...
[exp4stack] Publishing initial pose on /initialpose (try 1) ...
[exp4stack] Starting navigation stack ...
[exp4stack] Waiting for /bt_navigator lifecycle node ...
amcl: active [3]
planner_server: active [3]
bt_navigator: active [3]
[exp4stack] NavigateToPose server check ...
NAVIGATE_TO_POSE_READY True
[exp4stack] Experiment log: /home/jetson/exp1_logs/exp4_auto_20260406_033539.log
[exp4stack] Live view (recommended): tail -f /home/jetson/exp1_logs/exp4_auto_20260406_033539.log
[INFO] [1775417847.007834179] [exp4_maze_navigation]: Experiment 4 — Maze Navigation starting ...
[INFO] [1775417847.008654409] [exp4_maze_navigation]:   S=(0.0, 0.0)  T=(2.525, 3.035)  Euclidean=3.95 m  MaxPath=5.92 m
[DataLogger] Writing to /home/jetson/formica_experiments/data/exp4_maze_20260405_193727.csv
[INFO] [1775417850.041509725] [exp4_maze_navigation]: 
--- Trial 1/3 ---
[INFO] [1775417850.043261192] [exp4_maze_navigation]: Return robot to S=(0.0, 0.0) and verify AMCL localisation. Auto-starting trial in 3 seconds ...
The following exception was never retrieved: 
Terminated
EXP4_SOURCE,/home/jetson/formica_experiments/data/exp4_maze_20260405_193727.csv
TABLE6_3,/home/jetson/exp1_logs/table6_3_maze_navigation.csv
FIG6_6,/home/jetson/exp1_logs/Figure6_6_Best_Trajectory.png
[exp4stack] Done. CSV summary: /home/jetson/exp1_logs/table6_3_maze_navigation.csv
