[INFO] [launch]: All log files can be found below /home/jetson/.ros/log/2026-04-06-02-07-23-880285-chandan-41982
[INFO] [launch]: Default logging verbosity is set to INFO
[INFO] [map_server-1]: process started with pid [41990]
[INFO] [amcl-2]: process started with pid [41992]
[INFO] [lifecycle_manager-3]: process started with pid [41994]
[lifecycle_manager-3] [INFO] [1775412444.356308862] [lifecycle_manager_localization]: Creating
[lifecycle_manager-3] [INFO] [1775412444.431046448] [lifecycle_manager_localization]: [34m[1mCreating and initializing lifecycle service clients[0m[0m
[map_server-1] [INFO] [1775412444.471099157] [map_server]: 
[map_server-1] 	map_server lifecycle node launched. 
[map_server-1] 	Waiting on external lifecycle transitions to activate
[map_server-1] 	See https://design.ros2.org/articles/node_lifecycle.html for more information.
[map_server-1] [INFO] [1775412444.472763631] [map_server]: Creating
[amcl-2] [INFO] [1775412444.740607748] [amcl]: 
[amcl-2] 	amcl lifecycle node launched. 
[amcl-2] 	Waiting on external lifecycle transitions to activate
[amcl-2] 	See https://design.ros2.org/articles/node_lifecycle.html for more information.
[amcl-2] [INFO] [1775412444.741871696] [amcl]: Creating
[lifecycle_manager-3] [INFO] [1775412446.140913578] [lifecycle_manager_localization]: [34m[1mStarting managed nodes bringup...[0m[0m
[lifecycle_manager-3] [INFO] [1775412446.141308536] [lifecycle_manager_localization]: [34m[1mConfiguring map_server[0m[0m
[map_server-1] [INFO] [1775412446.143877841] [map_server]: Configuring
[map_server-1] [INFO] [1775412446.144045910] [map_io]: Loading yaml file: /home/jetson/formica_map.yaml
[map_server-1] [INFO] [1775412446.144531143] [map_io]: resolution: 0.05
[map_server-1] [INFO] [1775412446.144551880] [map_io]: origin[0]: -5.9
[map_server-1] [INFO] [1775412446.144560776] [map_io]: origin[1]: -2.99
[map_server-1] [INFO] [1775412446.144568264] [map_io]: origin[2]: 0
[map_server-1] [INFO] [1775412446.144574569] [map_io]: free_thresh: 0.25
[map_server-1] [INFO] [1775412446.144580809] [map_io]: occupied_thresh: 0.65
[map_server-1] [INFO] [1775412446.144588649] [map_io]: mode: trinary
[map_server-1] [INFO] [1775412446.144597289] [map_io]: negate: 0
[map_server-1] [INFO] [1775412446.144900148] [map_io]: Loading image_file: /home/jetson/formica_map.pgm
[map_server-1] [INFO] [1775412446.153403002] [map_io]: Read map /home/jetson/formica_map.pgm: 185 X 172 map @ 0.05 m/cell
[lifecycle_manager-3] [INFO] [1775412447.077327298] [lifecycle_manager_localization]: [34m[1mConfiguring amcl[0m[0m
[amcl-2] [INFO] [1775412447.078540300] [amcl]: Configuring
[amcl-2] [INFO] [1775412447.078748851] [amcl]: initTransforms
[amcl-2] [INFO] [1775412447.179047838] [amcl]: initPubSub
[amcl-2] [INFO] [1775412447.333874693] [amcl]: Subscribed to map topic.
[lifecycle_manager-3] [INFO] [1775412447.438351232] [lifecycle_manager_localization]: [34m[1mActivating map_server[0m[0m
[map_server-1] [INFO] [1775412447.438955317] [map_server]: Activating
[map_server-1] [INFO] [1775412447.439290433] [map_server]: Creating bond (map_server) to lifecycle manager.
[lifecycle_manager-3] [INFO] [1775412447.571559100] [lifecycle_manager_localization]: Server map_server connected with bond.
[lifecycle_manager-3] [INFO] [1775412447.571732290] [lifecycle_manager_localization]: [34m[1mActivating amcl[0m[0m
[amcl-2] [INFO] [1775412447.573639588] [amcl]: Activating
[amcl-2] [INFO] [1775412447.574127989] [amcl]: Creating bond (amcl) to lifecycle manager.
[lifecycle_manager-3] [INFO] [1775412447.733106476] [lifecycle_manager_localization]: Server amcl connected with bond.
[lifecycle_manager-3] [INFO] [1775412447.733255025] [lifecycle_manager_localization]: [34m[1mManaged nodes are active[0m[0m
[lifecycle_manager-3] [INFO] [1775412447.733296819] [lifecycle_manager_localization]: [34m[1mCreating bond timer...[0m[0m
[amcl-2] [INFO] [1775412448.350221126] [amcl]: Received a 185 X 172 map @ 0.050 m/pix
[amcl-2] [INFO] [1775412448.436941213] [amcl]: Message Filter dropping message: frame 'laser' at time 1775412447.108 for reason 'the timestamp on the message is earlier than all the data in the transform cache'
[amcl-2] [INFO] [1775412448.460065053] [amcl]: createLaserObject
[amcl-2] [WARN] [1775412449.123281691] [amcl]: AMCL cannot publish a pose or update the transform. Please set the initial pose...
[amcl-2] [WARN] [1775412451.137691702] [amcl]: AMCL cannot publish a pose or update the transform. Please set the initial pose...
[amcl-2] [WARN] [1775412453.152075347] [amcl]: AMCL cannot publish a pose or update the transform. Please set the initial pose...
[amcl-2] [WARN] [1775412455.154088356] [amcl]: AMCL cannot publish a pose or update the transform. Please set the initial pose...
[amcl-2] [WARN] [1775412457.168387746] [amcl]: AMCL cannot publish a pose or update the transform. Please set the initial pose...
[amcl-2] [WARN] [1775412459.182295538] [amcl]: AMCL cannot publish a pose or update the transform. Please set the initial pose...
[amcl-2] [WARN] [1775412461.184929945] [amcl]: AMCL cannot publish a pose or update the transform. Please set the initial pose...
[amcl-2] [WARN] [1775412463.198941324] [amcl]: AMCL cannot publish a pose or update the transform. Please set the initial pose...
[amcl-2] [WARN] [1775412465.200657103] [amcl]: AMCL cannot publish a pose or update the transform. Please set the initial pose...
[amcl-2] [WARN] [1775412467.215275186] [amcl]: AMCL cannot publish a pose or update the transform. Please set the initial pose...
[amcl-2] [WARN] [1775412469.234219467] [amcl]: AMCL cannot publish a pose or update the transform. Please set the initial pose...
[amcl-2] [WARN] [1775412471.234512433] [amcl]: AMCL cannot publish a pose or update the transform. Please set the initial pose...
[amcl-2] [INFO] [1775412471.367427566] [amcl]: initialPoseReceived
[amcl-2] [WARN] [1775412471.368140167] [amcl]: Failed to transform initial pose in time (Lookup would require extrapolation into the future.  Requested time 1775412471.368006 but the latest data is at time 1775412471.328189, when looking up transform from frame [base_footprint] to frame [odom])
[amcl-2] [INFO] [1775412471.368192457] [amcl]: Setting pose (1775412471.368191): 0.000 0.000 0.000
