[INFO] [launch]: All log files can be found below /home/jetson/.ros/log/2026-04-06-03-43-40-686294-chandan-10354
[INFO] [launch]: Default logging verbosity is set to INFO
[INFO] [controller_server-1]: process started with pid [10356]
[INFO] [smoother_server-2]: process started with pid [10358]
[INFO] [planner_server-3]: process started with pid [10360]
[INFO] [behavior_server-4]: process started with pid [10362]
[INFO] [bt_navigator-5]: process started with pid [10364]
[INFO] [waypoint_follower-6]: process started with pid [10366]
[INFO] [velocity_smoother-7]: process started with pid [10390]
[INFO] [lifecycle_manager-8]: process started with pid [10403]
[bt_navigator-5] [INFO] [1775418221.501045024] [bt_navigator]: 
[bt_navigator-5] 	bt_navigator lifecycle node launched. 
[bt_navigator-5] 	Waiting on external lifecycle transitions to activate
[bt_navigator-5] 	See https://design.ros2.org/articles/node_lifecycle.html for more information.
[bt_navigator-5] [INFO] [1775418221.503291249] [bt_navigator]: Creating
[planner_server-3] [INFO] [1775418221.518694530] [planner_server]: 
[planner_server-3] 	planner_server lifecycle node launched. 
[planner_server-3] 	Waiting on external lifecycle transitions to activate
[planner_server-3] 	See https://design.ros2.org/articles/node_lifecycle.html for more information.
[waypoint_follower-6] [INFO] [1775418221.530877868] [waypoint_follower]: 
[waypoint_follower-6] 	waypoint_follower lifecycle node launched. 
[waypoint_follower-6] 	Waiting on external lifecycle transitions to activate
[waypoint_follower-6] 	See https://design.ros2.org/articles/node_lifecycle.html for more information.
[waypoint_follower-6] [INFO] [1775418221.534900612] [waypoint_follower]: Creating
[planner_server-3] [INFO] [1775418221.552936718] [planner_server]: Creating
[smoother_server-2] [INFO] [1775418221.728745838] [smoother_server]: 
[smoother_server-2] 	smoother_server lifecycle node launched. 
[smoother_server-2] 	Waiting on external lifecycle transitions to activate
[smoother_server-2] 	See https://design.ros2.org/articles/node_lifecycle.html for more information.
[smoother_server-2] [INFO] [1775418221.731625613] [smoother_server]: Creating smoother server
[controller_server-1] [INFO] [1775418221.792952872] [controller_server]: 
[controller_server-1] 	controller_server lifecycle node launched. 
[controller_server-1] 	Waiting on external lifecycle transitions to activate
[controller_server-1] 	See https://design.ros2.org/articles/node_lifecycle.html for more information.
[lifecycle_manager-8] [INFO] [1775418221.853273710] [lifecycle_manager_navigation]: Creating
[controller_server-1] [INFO] [1775418221.913219083] [controller_server]: Creating controller server
[lifecycle_manager-8] [INFO] [1775418221.942986037] [lifecycle_manager_navigation]: [34m[1mCreating and initializing lifecycle service clients[0m[0m
[behavior_server-4] [INFO] [1775418221.959513182] [behavior_server]: 
[behavior_server-4] 	behavior_server lifecycle node launched. 
[behavior_server-4] 	Waiting on external lifecycle transitions to activate
[behavior_server-4] 	See https://design.ros2.org/articles/node_lifecycle.html for more information.
[velocity_smoother-7] [INFO] [1775418221.983006751] [velocity_smoother]: 
[velocity_smoother-7] 	velocity_smoother lifecycle node launched. 
[velocity_smoother-7] 	Waiting on external lifecycle transitions to activate
[velocity_smoother-7] 	See https://design.ros2.org/articles/node_lifecycle.html for more information.
[planner_server-3] [INFO] [1775418222.033193796] [global_costmap.global_costmap]: 
[planner_server-3] 	global_costmap lifecycle node launched. 
[planner_server-3] 	Waiting on external lifecycle transitions to activate
[planner_server-3] 	See https://design.ros2.org/articles/node_lifecycle.html for more information.
[planner_server-3] [INFO] [1775418222.054838490] [global_costmap.global_costmap]: Creating Costmap
[controller_server-1] [INFO] [1775418222.418969246] [local_costmap.local_costmap]: 
[controller_server-1] 	local_costmap lifecycle node launched. 
[controller_server-1] 	Waiting on external lifecycle transitions to activate
[controller_server-1] 	See https://design.ros2.org/articles/node_lifecycle.html for more information.
[controller_server-1] [INFO] [1775418222.426891082] [local_costmap.local_costmap]: Creating Costmap
[lifecycle_manager-8] [INFO] [1775418223.798304355] [lifecycle_manager_navigation]: [34m[1mStarting managed nodes bringup...[0m[0m
[lifecycle_manager-8] [INFO] [1775418223.799778787] [lifecycle_manager_navigation]: [34m[1mConfiguring controller_server[0m[0m
[controller_server-1] [INFO] [1775418223.803033929] [controller_server]: Configuring controller interface
[controller_server-1] [INFO] [1775418223.808745189] [controller_server]: getting goal checker plugins..
[controller_server-1] [INFO] [1775418223.809407059] [controller_server]: Controller frequency set to 10.0000Hz
[controller_server-1] [INFO] [1775418223.809522389] [local_costmap.local_costmap]: Configuring
[controller_server-1] [INFO] [1775418223.842259224] [local_costmap.local_costmap]: Using plugin "obstacle_layer"
[controller_server-1] [INFO] [1775418223.851019446] [local_costmap.local_costmap]: Subscribed to Topics: scan
[controller_server-1] [INFO] [1775418223.867249012] [local_costmap.local_costmap]: Initialized plugin "obstacle_layer"
[controller_server-1] [INFO] [1775418223.867346070] [local_costmap.local_costmap]: Using plugin "inflation_layer"
[controller_server-1] [INFO] [1775418223.869939758] [local_costmap.local_costmap]: Initialized plugin "inflation_layer"
[controller_server-1] [INFO] [1775418223.927750415] [controller_server]: Created progress_checker : progress_checker of type nav2_controller::SimpleProgressChecker
[controller_server-1] [INFO] [1775418223.930466313] [controller_server]: Created goal checker : goal_checker of type nav2_controller::SimpleGoalChecker
[controller_server-1] [INFO] [1775418223.932752507] [controller_server]: Controller Server has goal_checker  goal checkers available.
[controller_server-1] [INFO] [1775418223.935764220] [controller_server]: Created controller : FollowPath of type dwb_core::DWBLocalPlanner
[controller_server-1] [INFO] [1775418223.941515256] [controller_server]: Setting transform_tolerance to 0.200000
[controller_server-1] [INFO] [1775418223.985337098] [controller_server]: Using critic "RotateToGoal" (dwb_critics::RotateToGoalCritic)
[controller_server-1] [INFO] [1775418223.989499620] [controller_server]: Critic plugin initialized
[controller_server-1] [INFO] [1775418223.991484495] [controller_server]: Using critic "Oscillation" (dwb_critics::OscillationCritic)
[controller_server-1] [INFO] [1775418223.995016411] [controller_server]: Critic plugin initialized
[controller_server-1] [INFO] [1775418223.996415834] [controller_server]: Using critic "BaseObstacle" (dwb_critics::BaseObstacleCritic)
[controller_server-1] [INFO] [1775418223.997908506] [controller_server]: Critic plugin initialized
[controller_server-1] [INFO] [1775418223.999200726] [controller_server]: Using critic "GoalAlign" (dwb_critics::GoalAlignCritic)
[controller_server-1] [INFO] [1775418224.001040414] [controller_server]: Critic plugin initialized
[controller_server-1] [INFO] [1775418224.003831866] [controller_server]: Using critic "PathAlign" (dwb_critics::PathAlignCritic)
[controller_server-1] [INFO] [1775418224.006266350] [controller_server]: Critic plugin initialized
[controller_server-1] [INFO] [1775418224.007705229] [controller_server]: Using critic "PathDist" (dwb_critics::PathDistCritic)
[controller_server-1] [INFO] [1775418224.009486355] [controller_server]: Critic plugin initialized
[controller_server-1] [INFO] [1775418224.010791151] [controller_server]: Using critic "GoalDist" (dwb_critics::GoalDistCritic)
[controller_server-1] [INFO] [1775418224.012552405] [controller_server]: Critic plugin initialized
[controller_server-1] [INFO] [1775418224.013402247] [controller_server]: Controller Server has FollowPath  controllers available.
[lifecycle_manager-8] [INFO] [1775418224.058416430] [lifecycle_manager_navigation]: [34m[1mConfiguring smoother_server[0m[0m
[smoother_server-2] [INFO] [1775418224.059538822] [smoother_server]: Configuring smoother server
[smoother_server-2] [INFO] [1775418224.105452320] [smoother_server]: Created smoother : simple_smoother of type nav2_smoother::SimpleSmoother
[smoother_server-2] [INFO] [1775418224.121214643] [smoother_server]: Smoother Server has simple_smoother  smoothers available.
[lifecycle_manager-8] [INFO] [1775418224.156097440] [lifecycle_manager_navigation]: [34m[1mConfiguring planner_server[0m[0m
[planner_server-3] [INFO] [1775418224.156975155] [planner_server]: Configuring
[planner_server-3] [INFO] [1775418224.157129782] [global_costmap.global_costmap]: Configuring
[planner_server-3] [INFO] [1775418224.201303723] [global_costmap.global_costmap]: Using plugin "static_layer"
[planner_server-3] [INFO] [1775418224.219175435] [global_costmap.global_costmap]: Subscribing to the map topic (/map) with transient local durability
[planner_server-3] [INFO] [1775418224.227464125] [global_costmap.global_costmap]: Initialized plugin "static_layer"
[planner_server-3] [INFO] [1775418224.281977519] [global_costmap.global_costmap]: StaticLayer: Resizing costmap to 185 X 172 at 0.050000 m/pix
[planner_server-3] [INFO] [1775418224.282519963] [planner_server]: Created global planner plugin GridBased of type nav2_navfn_planner/NavfnPlanner
[planner_server-3] [INFO] [1775418224.282606333] [planner_server]: Configuring plugin GridBased of type NavfnPlanner
[planner_server-3] [INFO] [1775418224.285395577] [planner_server]: Planner Server has GridBased  planners available.
[lifecycle_manager-8] [INFO] [1775418224.331500727] [lifecycle_manager_navigation]: [34m[1mConfiguring behavior_server[0m[0m
[behavior_server-4] [INFO] [1775418224.332153669] [behavior_server]: Configuring
[behavior_server-4] [INFO] [1775418224.371224140] [behavior_server]: Creating behavior plugin spin of type nav2_behaviors/Spin
[behavior_server-4] [INFO] [1775418224.372949361] [behavior_server]: Configuring spin
[behavior_server-4] [INFO] [1775418224.405865268] [behavior_server]: Creating behavior plugin backup of type nav2_behaviors/BackUp
[behavior_server-4] [INFO] [1775418224.407358452] [behavior_server]: Configuring backup
[behavior_server-4] [INFO] [1775418224.432448015] [behavior_server]: Creating behavior plugin drive_on_heading of type nav2_behaviors/DriveOnHeading
[behavior_server-4] [INFO] [1775418224.434512923] [behavior_server]: Configuring drive_on_heading
[behavior_server-4] [INFO] [1775418224.454310980] [behavior_server]: Creating behavior plugin assisted_teleop of type nav2_behaviors/AssistedTeleop
[behavior_server-4] [INFO] [1775418224.457751886] [behavior_server]: Configuring assisted_teleop
[behavior_server-4] [INFO] [1775418224.480745084] [behavior_server]: Creating behavior plugin wait of type nav2_behaviors/Wait
[behavior_server-4] [INFO] [1775418224.482258653] [behavior_server]: Configuring wait
[lifecycle_manager-8] [INFO] [1775418224.500894765] [lifecycle_manager_navigation]: [34m[1mConfiguring bt_navigator[0m[0m
[bt_navigator-5] [INFO] [1775418224.501689342] [bt_navigator]: Configuring
[lifecycle_manager-8] [INFO] [1775418224.744078547] [lifecycle_manager_navigation]: [34m[1mConfiguring waypoint_follower[0m[0m
[waypoint_follower-6] [INFO] [1775418224.748524755] [waypoint_follower]: Configuring
[waypoint_follower-6] [INFO] [1775418224.806726837] [waypoint_follower]: Created waypoint_task_executor : wait_at_waypoint of type nav2_waypoint_follower::WaitAtWaypoint
[waypoint_follower-6] [INFO] [1775418224.809790071] [waypoint_follower]: Waypoint pause duration is set to zero, disabling task executor plugin.
[lifecycle_manager-8] [INFO] [1775418224.811199637] [lifecycle_manager_navigation]: [34m[1mConfiguring velocity_smoother[0m[0m
[velocity_smoother-7] [INFO] [1775418224.811941605] [velocity_smoother]: Configuring velocity smoother
[lifecycle_manager-8] [INFO] [1775418224.834105985] [lifecycle_manager_navigation]: [34m[1mActivating controller_server[0m[0m
[controller_server-1] [INFO] [1775418224.834552490] [controller_server]: Activating
[controller_server-1] [INFO] [1775418224.834645164] [local_costmap.local_costmap]: Activating
[controller_server-1] [INFO] [1775418224.834676109] [local_costmap.local_costmap]: Checking transform
[controller_server-1] [INFO] [1775418224.835087030] [local_costmap.local_costmap]: start
[controller_server-1] [INFO] [1775418225.039520952] [controller_server]: Creating bond (controller_server) to lifecycle manager.
[lifecycle_manager-8] [INFO] [1775418225.159868642] [lifecycle_manager_navigation]: Server controller_server connected with bond.
[lifecycle_manager-8] [INFO] [1775418225.160056518] [lifecycle_manager_navigation]: [34m[1mActivating smoother_server[0m[0m
[smoother_server-2] [INFO] [1775418225.161166270] [smoother_server]: Activating
[smoother_server-2] [INFO] [1775418225.161288736] [smoother_server]: Creating bond (smoother_server) to lifecycle manager.
[lifecycle_manager-8] [INFO] [1775418225.281124512] [lifecycle_manager_navigation]: Server smoother_server connected with bond.
[lifecycle_manager-8] [INFO] [1775418225.281261795] [lifecycle_manager_navigation]: [34m[1mActivating planner_server[0m[0m
[planner_server-3] [INFO] [1775418225.282284472] [planner_server]: Activating
[planner_server-3] [INFO] [1775418225.282456092] [global_costmap.global_costmap]: Activating
[planner_server-3] [INFO] [1775418225.282511325] [global_costmap.global_costmap]: Checking transform
[planner_server-3] [INFO] [1775418225.282794179] [global_costmap.global_costmap]: start
[planner_server-3] [INFO] [1775418225.333038260] [planner_server]: Activating plugin GridBased of type NavfnPlanner
[planner_server-3] [INFO] [1775418225.338183298] [planner_server]: Creating bond (planner_server) to lifecycle manager.
[lifecycle_manager-8] [INFO] [1775418225.450923242] [lifecycle_manager_navigation]: Server planner_server connected with bond.
[lifecycle_manager-8] [INFO] [1775418225.451070765] [lifecycle_manager_navigation]: [34m[1mActivating behavior_server[0m[0m
[behavior_server-4] [INFO] [1775418225.452205061] [behavior_server]: Activating
[behavior_server-4] [INFO] [1775418225.452322824] [behavior_server]: Activating spin
[behavior_server-4] [INFO] [1775418225.452396841] [behavior_server]: Activating backup
[behavior_server-4] [INFO] [1775418225.452434730] [behavior_server]: Activating drive_on_heading
[behavior_server-4] [INFO] [1775418225.452467435] [behavior_server]: Activating assisted_teleop
[behavior_server-4] [INFO] [1775418225.452497387] [behavior_server]: Activating wait
[behavior_server-4] [INFO] [1775418225.452533516] [behavior_server]: Creating bond (behavior_server) to lifecycle manager.
[lifecycle_manager-8] [INFO] [1775418225.573334912] [lifecycle_manager_navigation]: Server behavior_server connected with bond.
[lifecycle_manager-8] [INFO] [1775418225.573482371] [lifecycle_manager_navigation]: [34m[1mActivating bt_navigator[0m[0m
[bt_navigator-5] [INFO] [1775418225.574584475] [bt_navigator]: Activating
[bt_navigator-5] [INFO] [1775418225.855395880] [bt_navigator]: Creating bond (bt_navigator) to lifecycle manager.
[lifecycle_manager-8] [INFO] [1775418225.971309491] [lifecycle_manager_navigation]: Server bt_navigator connected with bond.
[lifecycle_manager-8] [INFO] [1775418225.971510199] [lifecycle_manager_navigation]: [34m[1mActivating waypoint_follower[0m[0m
[waypoint_follower-6] [INFO] [1775418225.972623887] [waypoint_follower]: Activating
[waypoint_follower-6] [INFO] [1775418225.972754450] [waypoint_follower]: Creating bond (waypoint_follower) to lifecycle manager.
[lifecycle_manager-8] [INFO] [1775418226.097089190] [lifecycle_manager_navigation]: Server waypoint_follower connected with bond.
[lifecycle_manager-8] [INFO] [1775418226.097249354] [lifecycle_manager_navigation]: [34m[1mActivating velocity_smoother[0m[0m
[velocity_smoother-7] [INFO] [1775418226.098389602] [velocity_smoother]: Activating
[velocity_smoother-7] [INFO] [1775418226.098606246] [velocity_smoother]: Creating bond (velocity_smoother) to lifecycle manager.
[lifecycle_manager-8] [INFO] [1775418226.220123355] [lifecycle_manager_navigation]: Server velocity_smoother connected with bond.
[lifecycle_manager-8] [INFO] [1775418226.220275582] [lifecycle_manager_navigation]: [34m[1mManaged nodes are active[0m[0m
[lifecycle_manager-8] [INFO] [1775418226.220322623] [lifecycle_manager_navigation]: [34m[1mCreating bond timer...[0m[0m
[bt_navigator-5] [INFO] [1775418275.410368965] [bt_navigator]: Begin navigating from current location (0.02, -0.01) to (2.52, 3.04)
[controller_server-1] [INFO] [1775418275.512554066] [controller_server]: Received a goal, begin computing control effort.
[controller_server-1] [WARN] [1775418275.513973673] [controller_server]: No goal checker was specified in parameter 'current_goal_checker'. Server will use only plugin loaded goal_checker . This warning will appear once.
[controller_server-1] [INFO] [1775418276.714463525] [controller_server]: Passing new path to controller.
[controller_server-1] [INFO] [1775418277.814475120] [controller_server]: Passing new path to controller.
[controller_server-1] [INFO] [1775418279.014459884] [controller_server]: Passing new path to controller.
[controller_server-1] [INFO] [1775418280.114477738] [controller_server]: Passing new path to controller.
[controller_server-1] [INFO] [1775418281.314472803] [controller_server]: Passing new path to controller.
[controller_server-1] [INFO] [1775418282.414457310] [controller_server]: Passing new path to controller.
[controller_server-1] [INFO] [1775418283.614596971] [controller_server]: Passing new path to controller.
[controller_server-1] [INFO] [1775418284.714467942] [controller_server]: Passing new path to controller.
[controller_server-1] [INFO] [1775418285.914590566] [controller_server]: Passing new path to controller.
[controller_server-1] [INFO] [1775418287.014450789] [controller_server]: Passing new path to controller.
[controller_server-1] [INFO] [1775418288.214988501] [controller_server]: Passing new path to controller.
[controller_server-1] [INFO] [1775418289.314542577] [controller_server]: Passing new path to controller.
[controller_server-1] [INFO] [1775418290.514463795] [controller_server]: Passing new path to controller.
[controller_server-1] [INFO] [1775418291.614465217] [controller_server]: Passing new path to controller.
[controller_server-1] [INFO] [1775418292.814459555] [controller_server]: Passing new path to controller.
[controller_server-1] [INFO] [1775418293.914448705] [controller_server]: Passing new path to controller.
[controller_server-1] [INFO] [1775418295.114600095] [controller_server]: Passing new path to controller.
[controller_server-1] [INFO] [1775418296.214446246] [controller_server]: Passing new path to controller.
[controller_server-1] [INFO] [1775418297.414451362] [controller_server]: Passing new path to controller.
[controller_server-1] [INFO] [1775418298.514604898] [controller_server]: Passing new path to controller.
[controller_server-1] [INFO] [1775418299.714468261] [controller_server]: Passing new path to controller.
[controller_server-1] [INFO] [1775418300.814463131] [controller_server]: Passing new path to controller.
[controller_server-1] [INFO] [1775418302.014677455] [controller_server]: Passing new path to controller.
[controller_server-1] [INFO] [1775418303.114459734] [controller_server]: Passing new path to controller.
[controller_server-1] [INFO] [1775418304.314644909] [controller_server]: Passing new path to controller.
[controller_server-1] [INFO] [1775418305.414446195] [controller_server]: Passing new path to controller.
[controller_server-1] [INFO] [1775418306.614469050] [controller_server]: Passing new path to controller.
[controller_server-1] [INFO] [1775418307.714467812] [controller_server]: Passing new path to controller.
[controller_server-1] [INFO] [1775418308.914461217] [controller_server]: Passing new path to controller.
[controller_server-1] [INFO] [1775418310.015313881] [controller_server]: Passing new path to controller.
[controller_server-1] [INFO] [1775418311.214459031] [controller_server]: Passing new path to controller.
[controller_server-1] [INFO] [1775418312.314452133] [controller_server]: Passing new path to controller.
[controller_server-1] [INFO] [1775418313.514479306] [controller_server]: Passing new path to controller.
[controller_server-1] [INFO] [1775418314.616046007] [controller_server]: Passing new path to controller.
[controller_server-1] [INFO] [1775418315.814465382] [controller_server]: Passing new path to controller.
[controller_server-1] [INFO] [1775418316.914459881] [controller_server]: Passing new path to controller.
[controller_server-1] [INFO] [1775418318.114461352] [controller_server]: Passing new path to controller.
[controller_server-1] [INFO] [1775418319.214450357] [controller_server]: Passing new path to controller.
[controller_server-1] [INFO] [1775418320.414453492] [controller_server]: Passing new path to controller.
[controller_server-1] [INFO] [1775418321.514465554] [controller_server]: Passing new path to controller.
[controller_server-1] [INFO] [1775418322.714463864] [controller_server]: Passing new path to controller.
[controller_server-1] [INFO] [1775418323.814453161] [controller_server]: Passing new path to controller.
[controller_server-1] [INFO] [1775418325.014447896] [controller_server]: Passing new path to controller.
[controller_server-1] [INFO] [1775418326.114451643] [controller_server]: Passing new path to controller.
[controller_server-1] [INFO] [1775418327.314458701] [controller_server]: Passing new path to controller.
[controller_server-1] [INFO] [1775418328.414446824] [controller_server]: Passing new path to controller.
[controller_server-1] [ERROR] [1775418328.914782179] [controller_server]: Failed to make progress
[controller_server-1] [WARN] [1775418328.915154248] [controller_server]: [follow_path] [ActionServer] Aborting handle.
[controller_server-1] [INFO] [1775418329.011306080] [local_costmap.local_costmap]: Received request to clear entirely the local_costmap
[controller_server-1] [INFO] [1775418329.013906530] [controller_server]: Received a goal, begin computing control effort.
[controller_server-1] [INFO] [1775418329.614446730] [controller_server]: Passing new path to controller.
[controller_server-1] [INFO] [1775418330.714448192] [controller_server]: Passing new path to controller.
[controller_server-1] [INFO] [1775418331.914451059] [controller_server]: Passing new path to controller.
[controller_server-1] [INFO] [1775418333.014446183] [controller_server]: Passing new path to controller.
[controller_server-1] [INFO] [1775418334.214456357] [controller_server]: Passing new path to controller.
[controller_server-1] [INFO] [1775418335.314436884] [controller_server]: Passing new path to controller.
[controller_server-1] [INFO] [1775418336.514432040] [controller_server]: Passing new path to controller.
[controller_server-1] [INFO] [1775418337.614458746] [controller_server]: Passing new path to controller.
[controller_server-1] [INFO] [1775418338.814444263] [controller_server]: Passing new path to controller.
[controller_server-1] [INFO] [1775418339.914446077] [controller_server]: Passing new path to controller.
[controller_server-1] [INFO] [1775418341.114440577] [controller_server]: Passing new path to controller.
[controller_server-1] [INFO] [1775418342.214457273] [controller_server]: Passing new path to controller.
[controller_server-1] [INFO] [1775418343.414457783] [controller_server]: Passing new path to controller.
[controller_server-1] [INFO] [1775418344.514487289] [controller_server]: Passing new path to controller.
[controller_server-1] [INFO] [1775418345.714616664] [controller_server]: Passing new path to controller.
[controller_server-1] [INFO] [1775418346.814445506] [controller_server]: Passing new path to controller.
[controller_server-1] [INFO] [1775418348.014446563] [controller_server]: Passing new path to controller.
[controller_server-1] [INFO] [1775418349.114434423] [controller_server]: Passing new path to controller.
[controller_server-1] [INFO] [1775418350.314440468] [controller_server]: Passing new path to controller.
[controller_server-1] [INFO] [1775418351.414445112] [controller_server]: Passing new path to controller.
[controller_server-1] [INFO] [1775418352.614462909] [controller_server]: Passing new path to controller.
[controller_server-1] [INFO] [1775418353.714456849] [controller_server]: Passing new path to controller.
[controller_server-1] [INFO] [1775418354.914457631] [controller_server]: Passing new path to controller.
[controller_server-1] [INFO] [1775418356.014447878] [controller_server]: Passing new path to controller.
[controller_server-1] [INFO] [1775418357.214442295] [controller_server]: Passing new path to controller.
[controller_server-1] [INFO] [1775418358.314468304] [controller_server]: Passing new path to controller.
[controller_server-1] [INFO] [1775418359.514445870] [controller_server]: Passing new path to controller.
[controller_server-1] [INFO] [1775418360.614485854] [controller_server]: Passing new path to controller.
[controller_server-1] [INFO] [1775418361.814451691] [controller_server]: Passing new path to controller.
[controller_server-1] [INFO] [1775418362.914445012] [controller_server]: Passing new path to controller.
[controller_server-1] [INFO] [1775418364.114441039] [controller_server]: Passing new path to controller.
[controller_server-1] [INFO] [1775418365.214461326] [controller_server]: Passing new path to controller.
[controller_server-1] [INFO] [1775418366.414455513] [controller_server]: Passing new path to controller.
[controller_server-1] [INFO] [1775418367.514446997] [controller_server]: Passing new path to controller.
[controller_server-1] [INFO] [1775418368.714448694] [controller_server]: Passing new path to controller.
[controller_server-1] [INFO] [1775418369.814574641] [controller_server]: Passing new path to controller.
[controller_server-1] [INFO] [1775418371.014440679] [controller_server]: Passing new path to controller.
[controller_server-1] [INFO] [1775418372.114452510] [controller_server]: Passing new path to controller.
[controller_server-1] [INFO] [1775418373.314459656] [controller_server]: Passing new path to controller.
[controller_server-1] [INFO] [1775418374.414431040] [controller_server]: Passing new path to controller.
[controller_server-1] [INFO] [1775418375.614456005] [controller_server]: Passing new path to controller.
[controller_server-1] [INFO] [1775418376.714446464] [controller_server]: Passing new path to controller.
[controller_server-1] [INFO] [1775418377.914462850] [controller_server]: Passing new path to controller.
[controller_server-1] [INFO] [1775418379.014431715] [controller_server]: Passing new path to controller.
[controller_server-1] [INFO] [1775418380.214442428] [controller_server]: Passing new path to controller.
[controller_server-1] [INFO] [1775418381.314449312] [controller_server]: Passing new path to controller.
[controller_server-1] [INFO] [1775418382.514441722] [controller_server]: Passing new path to controller.
[controller_server-1] [INFO] [1775418383.614455942] [controller_server]: Passing new path to controller.
[controller_server-1] [INFO] [1775418384.814450082] [controller_server]: Passing new path to controller.
[controller_server-1] [INFO] [1775418385.914442233] [controller_server]: Passing new path to controller.
[controller_server-1] [INFO] [1775418387.114450389] [controller_server]: Passing new path to controller.
[controller_server-1] [INFO] [1775418388.214782070] [controller_server]: Passing new path to controller.
[controller_server-1] [INFO] [1775418389.414436178] [controller_server]: Passing new path to controller.
[controller_server-1] [INFO] [1775418390.514449053] [controller_server]: Passing new path to controller.
[controller_server-1] [INFO] [1775418391.714434627] [controller_server]: Passing new path to controller.
[controller_server-1] [INFO] [1775418392.814442012] [controller_server]: Passing new path to controller.
[controller_server-1] [INFO] [1775418394.014455147] [controller_server]: Passing new path to controller.
[controller_server-1] [INFO] [1775418395.114452113] [controller_server]: Passing new path to controller.
[controller_server-1] [INFO] [1775418396.314437283] [controller_server]: Passing new path to controller.
[controller_server-1] [INFO] [1775418397.414637437] [controller_server]: Passing new path to controller.
[controller_server-1] [INFO] [1775418398.614556954] [controller_server]: Passing new path to controller.
[controller_server-1] [INFO] [1775418399.714440388] [controller_server]: Passing new path to controller.
[controller_server-1] [INFO] [1775418400.914442895] [controller_server]: Passing new path to controller.
[controller_server-1] [INFO] [1775418402.014457838] [controller_server]: Passing new path to controller.
[controller_server-1] [INFO] [1775418403.214448866] [controller_server]: Passing new path to controller.
[controller_server-1] [INFO] [1775418404.314448307] [controller_server]: Passing new path to controller.
[controller_server-1] [INFO] [1775418405.514442936] [controller_server]: Passing new path to controller.
[controller_server-1] [INFO] [1775418406.614435519] [controller_server]: Passing new path to controller.
[controller_server-1] [INFO] [1775418407.814454966] [controller_server]: Passing new path to controller.
[controller_server-1] [INFO] [1775418408.914442646] [controller_server]: Passing new path to controller.
[controller_server-1] [INFO] [1775418410.114451132] [controller_server]: Passing new path to controller.
[controller_server-1] [INFO] [1775418411.214434130] [controller_server]: Passing new path to controller.
[controller_server-1] [INFO] [1775418412.414447339] [controller_server]: Passing new path to controller.
[controller_server-1] [INFO] [1775418413.514437820] [controller_server]: Passing new path to controller.
[controller_server-1] [INFO] [1775418414.714446634] [controller_server]: Passing new path to controller.
[controller_server-1] [INFO] [1775418415.814444215] [controller_server]: Passing new path to controller.
[controller_server-1] [INFO] [1775418417.014654366] [controller_server]: Passing new path to controller.
[controller_server-1] [INFO] [1775418418.114466788] [controller_server]: Passing new path to controller.
[controller_server-1] [ERROR] [1775418419.214601965] [controller_server]: Failed to make progress
[controller_server-1] [WARN] [1775418419.214982576] [controller_server]: [follow_path] [ActionServer] Aborting handle.
[controller_server-1] [INFO] [1775418419.261948300] [controller_server]: Received a goal, begin computing control effort.
[controller_server-1] [INFO] [1775418420.462453509] [controller_server]: Passing new path to controller.
[controller_server-1] [INFO] [1775418421.562453291] [controller_server]: Passing new path to controller.
[controller_server-1] [INFO] [1775418422.762470522] [controller_server]: Passing new path to controller.
[controller_server-1] [INFO] [1775418423.862470400] [controller_server]: Passing new path to controller.
[controller_server-1] [INFO] [1775418425.062468809] [controller_server]: Passing new path to controller.
[controller_server-1] [INFO] [1775418426.162451950] [controller_server]: Passing new path to controller.
[controller_server-1] [INFO] [1775418427.362466704] [controller_server]: Passing new path to controller.
[controller_server-1] [INFO] [1775418428.462477527] [controller_server]: Passing new path to controller.
[controller_server-1] [INFO] [1775418429.662474776] [controller_server]: Passing new path to controller.
[controller_server-1] [INFO] [1775418430.762481474] [controller_server]: Passing new path to controller.
[controller_server-1] [INFO] [1775418431.962467682] [controller_server]: Passing new path to controller.
[controller_server-1] [INFO] [1775418433.062457455] [controller_server]: Passing new path to controller.
[controller_server-1] [INFO] [1775418434.262493771] [controller_server]: Passing new path to controller.
[controller_server-1] [INFO] [1775418435.362457820] [controller_server]: Passing new path to controller.
[controller_server-1] [INFO] [1775418436.562469753] [controller_server]: Passing new path to controller.
[controller_server-1] [INFO] [1775418437.662472658] [controller_server]: Passing new path to controller.
[controller_server-1] [INFO] [1775418438.862463857] [controller_server]: Passing new path to controller.
[controller_server-1] [INFO] [1775418439.962468017] [controller_server]: Passing new path to controller.
[controller_server-1] [INFO] [1775418441.162478833] [controller_server]: Passing new path to controller.
[controller_server-1] [INFO] [1775418442.262452824] [controller_server]: Passing new path to controller.
[controller_server-1] [INFO] [1775418443.462467323] [controller_server]: Passing new path to controller.
[controller_server-1] [INFO] [1775418444.562461868] [controller_server]: Passing new path to controller.
[controller_server-1] [INFO] [1775418445.762460245] [controller_server]: Passing new path to controller.
[controller_server-1] [INFO] [1775418446.862463664] [controller_server]: Passing new path to controller.
[controller_server-1] [INFO] [1775418448.062470399] [controller_server]: Passing new path to controller.
[controller_server-1] [INFO] [1775418449.162458947] [controller_server]: Passing new path to controller.
[controller_server-1] [INFO] [1775418450.362470327] [controller_server]: Passing new path to controller.
[controller_server-1] [INFO] [1775418451.462453192] [controller_server]: Passing new path to controller.
[controller_server-1] [INFO] [1775418452.662465893] [controller_server]: Passing new path to controller.
[controller_server-1] [INFO] [1775418453.762479651] [controller_server]: Passing new path to controller.
[controller_server-1] [INFO] [1775418454.962470602] [controller_server]: Passing new path to controller.
[controller_server-1] [INFO] [1775418455.462465378] [controller_server]: Goal was canceled. Stopping the robot.
[controller_server-1] [INFO] [1775418455.462658947] [controller_server]: [follow_path] [ActionServer] Client requested to cancel the goal. Cancelling.
[bt_navigator-5] [INFO] [1775418455.463847534] [bt_navigator]: [navigate_to_pose] [ActionServer] Client requested to cancel the goal. Cancelling.
[bt_navigator-5] [INFO] [1775418455.464529299] [bt_navigator]: Goal canceled
[bt_navigator-5] [INFO] [1775418458.422820354] [bt_navigator]: Begin navigating from current location (0.60, 0.44) to (2.52, 3.04)
[controller_server-1] [INFO] [1775418458.524302599] [controller_server]: Received a goal, begin computing control effort.
[controller_server-1] [INFO] [1775418459.724960419] [controller_server]: Passing new path to controller.
[controller_server-1] [INFO] [1775418460.824953962] [controller_server]: Passing new path to controller.
[controller_server-1] [INFO] [1775418462.024961261] [controller_server]: Passing new path to controller.
[controller_server-1] [INFO] [1775418463.124951011] [controller_server]: Passing new path to controller.
[controller_server-1] [INFO] [1775418464.324966864] [controller_server]: Passing new path to controller.
[controller_server-1] [INFO] [1775418465.424955320] [controller_server]: Passing new path to controller.
[controller_server-1] [INFO] [1775418466.624978324] [controller_server]: Passing new path to controller.
[controller_server-1] [INFO] [1775418467.724967598] [controller_server]: Passing new path to controller.
[controller_server-1] [INFO] [1775418468.924973561] [controller_server]: Passing new path to controller.
[controller_server-1] [INFO] [1775418470.025135113] [controller_server]: Passing new path to controller.
[controller_server-1] [INFO] [1775418471.224956767] [controller_server]: Passing new path to controller.
[controller_server-1] [INFO] [1775418472.324944832] [controller_server]: Passing new path to controller.
[controller_server-1] [INFO] [1775418473.524961673] [controller_server]: Passing new path to controller.
[controller_server-1] [INFO] [1775418474.624954943] [controller_server]: Passing new path to controller.
[controller_server-1] [INFO] [1775418475.824960858] [controller_server]: Passing new path to controller.
[controller_server-1] [INFO] [1775418476.924960806] [controller_server]: Passing new path to controller.
[controller_server-1] [INFO] [1775418478.124966226] [controller_server]: Passing new path to controller.
[controller_server-1] [INFO] [1775418479.224960146] [controller_server]: Passing new path to controller.
[controller_server-1] [INFO] [1775418480.424961201] [controller_server]: Passing new path to controller.
[controller_server-1] [INFO] [1775418481.524950985] [controller_server]: Passing new path to controller.
[controller_server-1] [INFO] [1775418482.724959548] [controller_server]: Passing new path to controller.
[controller_server-1] [INFO] [1775418483.824952172] [controller_server]: Passing new path to controller.
[controller_server-1] [INFO] [1775418485.024960500] [controller_server]: Passing new path to controller.
[controller_server-1] [INFO] [1775418486.124953787] [controller_server]: Passing new path to controller.
[controller_server-1] [INFO] [1775418487.224964303] [controller_server]: Passing new path to controller.
[controller_server-1] [INFO] [1775418488.424958839] [controller_server]: Passing new path to controller.
[controller_server-1] [INFO] [1775418489.524952421] [controller_server]: Passing new path to controller.
[controller_server-1] [INFO] [1775418490.724957155] [controller_server]: Passing new path to controller.
[controller_server-1] [INFO] [1775418491.824970252] [controller_server]: Passing new path to controller.
[controller_server-1] [INFO] [1775418493.024965634] [controller_server]: Passing new path to controller.
[controller_server-1] [INFO] [1775418494.124959524] [controller_server]: Passing new path to controller.
[controller_server-1] [INFO] [1775418495.324973552] [controller_server]: Passing new path to controller.
[controller_server-1] [INFO] [1775418496.424958767] [controller_server]: Passing new path to controller.
[controller_server-1] [INFO] [1775418497.624986484] [controller_server]: Passing new path to controller.
[controller_server-1] [INFO] [1775418498.724959631] [controller_server]: Passing new path to controller.
[controller_server-1] [INFO] [1775418499.924961294] [controller_server]: Passing new path to controller.
[controller_server-1] [INFO] [1775418501.024949381] [controller_server]: Passing new path to controller.
[controller_server-1] [INFO] [1775418502.224964700] [controller_server]: Passing new path to controller.
[controller_server-1] [INFO] [1775418503.324949968] [controller_server]: Passing new path to controller.
[controller_server-1] [ERROR] [1775418503.525138257] [controller_server]: Failed to make progress
[controller_server-1] [WARN] [1775418503.525502867] [controller_server]: [follow_path] [ActionServer] Aborting handle.
[controller_server-1] [INFO] [1775418503.623593876] [local_costmap.local_costmap]: Received request to clear entirely the local_costmap
[controller_server-1] [INFO] [1775418503.625898630] [controller_server]: Received a goal, begin computing control effort.
[controller_server-1] [INFO] [1775418504.526696208] [controller_server]: Passing new path to controller.
[controller_server-1] [INFO] [1775418505.626683491] [controller_server]: Passing new path to controller.
[controller_server-1] [INFO] [1775418506.826692433] [controller_server]: Passing new path to controller.
[controller_server-1] [INFO] [1775418507.926693922] [controller_server]: Passing new path to controller.
[controller_server-1] [INFO] [1775418509.126688971] [controller_server]: Passing new path to controller.
[controller_server-1] [INFO] [1775418510.226678651] [controller_server]: Passing new path to controller.
[controller_server-1] [INFO] [1775418511.426694913] [controller_server]: Passing new path to controller.
[controller_server-1] [INFO] [1775418512.526697201] [controller_server]: Passing new path to controller.
[controller_server-1] [INFO] [1775418513.726699668] [controller_server]: Passing new path to controller.
[controller_server-1] [INFO] [1775418514.826694628] [controller_server]: Passing new path to controller.
[controller_server-1] [INFO] [1775418516.026689990] [controller_server]: Passing new path to controller.
[controller_server-1] [INFO] [1775418517.126697558] [controller_server]: Passing new path to controller.
[controller_server-1] [INFO] [1775418518.326699989] [controller_server]: Passing new path to controller.
[controller_server-1] [INFO] [1775418519.426697095] [controller_server]: Passing new path to controller.
[controller_server-1] [INFO] [1775418520.626684197] [controller_server]: Passing new path to controller.
[controller_server-1] [INFO] [1775418521.726699962] [controller_server]: Passing new path to controller.
[controller_server-1] [INFO] [1775418522.926703000] [controller_server]: Passing new path to controller.
[controller_server-1] [INFO] [1775418524.026683375] [controller_server]: Passing new path to controller.
[controller_server-1] [INFO] [1775418525.226706924] [controller_server]: Passing new path to controller.
[controller_server-1] [INFO] [1775418526.326681222] [controller_server]: Passing new path to controller.
[controller_server-1] [INFO] [1775418527.526695972] [controller_server]: Passing new path to controller.
[controller_server-1] [INFO] [1775418528.626697762] [controller_server]: Passing new path to controller.
[controller_server-1] [INFO] [1775418529.826682914] [controller_server]: Passing new path to controller.
[controller_server-1] [INFO] [1775418530.926682180] [controller_server]: Passing new path to controller.
[controller_server-1] [INFO] [1775418532.126697285] [controller_server]: Passing new path to controller.
[controller_server-1] [INFO] [1775418533.226690635] [controller_server]: Passing new path to controller.
[controller_server-1] [INFO] [1775418534.426688494] [controller_server]: Passing new path to controller.
[controller_server-1] [INFO] [1775418535.526689881] [controller_server]: Passing new path to controller.
[controller_server-1] [INFO] [1775418536.726694784] [controller_server]: Passing new path to controller.
[controller_server-1] [INFO] [1775418537.826687249] [controller_server]: Passing new path to controller.
[controller_server-1] [INFO] [1775418539.026705852] [controller_server]: Passing new path to controller.
[controller_server-1] [INFO] [1775418540.126686034] [controller_server]: Passing new path to controller.
[controller_server-1] [INFO] [1775418541.326686911] [controller_server]: Passing new path to controller.
[controller_server-1] [INFO] [1775418542.426691101] [controller_server]: Passing new path to controller.
[controller_server-1] [INFO] [1775418543.626687887] [controller_server]: Passing new path to controller.
[controller_server-1] [INFO] [1775418544.726682099] [controller_server]: Passing new path to controller.
[controller_server-1] [INFO] [1775418545.926696299] [controller_server]: Passing new path to controller.
[controller_server-1] [INFO] [1775418547.026691671] [controller_server]: Passing new path to controller.
[controller_server-1] [INFO] [1775418548.226685587] [controller_server]: Passing new path to controller.
[controller_server-1] [ERROR] [1775418548.726840001] [controller_server]: Failed to make progress
[controller_server-1] [WARN] [1775418548.727222884] [controller_server]: [follow_path] [ActionServer] Aborting handle.
[controller_server-1] [INFO] [1775418548.823746214] [local_costmap.local_costmap]: Received request to clear entirely the local_costmap
[planner_server-3] [INFO] [1775418548.824969807] [global_costmap.global_costmap]: Received request to clear entirely the global_costmap
[planner_server-3] [WARN] [1775418549.287390471] [planner_server]: Planner loop missed its desired rate of 20.0000 Hz. Current loop rate is 2.1691 Hz
[controller_server-1] [INFO] [1775418549.375369738] [controller_server]: Received a goal, begin computing control effort.
[controller_server-1] [INFO] [1775418550.576034673] [controller_server]: Passing new path to controller.
[controller_server-1] [INFO] [1775418551.675912459] [controller_server]: Passing new path to controller.
[controller_server-1] [INFO] [1775418552.876039925] [controller_server]: Passing new path to controller.
[controller_server-1] [INFO] [1775418553.975954456] [controller_server]: Passing new path to controller.
[controller_server-1] [INFO] [1775418555.175966599] [controller_server]: Passing new path to controller.
[controller_server-1] [INFO] [1775418556.275917843] [controller_server]: Passing new path to controller.
[controller_server-1] [INFO] [1775418557.475909609] [controller_server]: Passing new path to controller.
[controller_server-1] [INFO] [1775418558.576004160] [controller_server]: Passing new path to controller.
[controller_server-1] [INFO] [1775418559.775917310] [controller_server]: Passing new path to controller.
[controller_server-1] [INFO] [1775418560.875917502] [controller_server]: Passing new path to controller.
[controller_server-1] [INFO] [1775418562.076392072] [controller_server]: Passing new path to controller.
[controller_server-1] [INFO] [1775418563.176032304] [controller_server]: Passing new path to controller.
[controller_server-1] [INFO] [1775418564.375913853] [controller_server]: Passing new path to controller.
[controller_server-1] [INFO] [1775418565.476073939] [controller_server]: Passing new path to controller.
[controller_server-1] [INFO] [1775418566.675971562] [controller_server]: Passing new path to controller.
[controller_server-1] [INFO] [1775418567.775955211] [controller_server]: Passing new path to controller.
[controller_server-1] [INFO] [1775418568.976076845] [controller_server]: Passing new path to controller.
[controller_server-1] [INFO] [1775418570.075946872] [controller_server]: Passing new path to controller.
[controller_server-1] [INFO] [1775418571.175911194] [controller_server]: Passing new path to controller.
[controller_server-1] [INFO] [1775418572.375948442] [controller_server]: Passing new path to controller.
[controller_server-1] [INFO] [1775418573.475950440] [controller_server]: Passing new path to controller.
[controller_server-1] [INFO] [1775418574.675950355] [controller_server]: Passing new path to controller.
[controller_server-1] [INFO] [1775418575.775913933] [controller_server]: Passing new path to controller.
[controller_server-1] [INFO] [1775418576.975919107] [controller_server]: Passing new path to controller.
[controller_server-1] [INFO] [1775418578.075952682] [controller_server]: Passing new path to controller.
[controller_server-1] [INFO] [1775418579.276098667] [controller_server]: Passing new path to controller.
[controller_server-1] [INFO] [1775418580.375965086] [controller_server]: Passing new path to controller.
[controller_server-1] [INFO] [1775418581.576244684] [controller_server]: Passing new path to controller.
[controller_server-1] [INFO] [1775418582.675943404] [controller_server]: Passing new path to controller.
[controller_server-1] [INFO] [1775418583.875945188] [controller_server]: Passing new path to controller.
[controller_server-1] [INFO] [1775418584.976263734] [controller_server]: Passing new path to controller.
[controller_server-1] [INFO] [1775418586.176412059] [controller_server]: Passing new path to controller.
[controller_server-1] [INFO] [1775418587.275920341] [controller_server]: Passing new path to controller.
[controller_server-1] [INFO] [1775418588.476070118] [controller_server]: Passing new path to controller.
[controller_server-1] [INFO] [1775418589.576036722] [controller_server]: Passing new path to controller.
[controller_server-1] [INFO] [1775418590.775948015] [controller_server]: Passing new path to controller.
[controller_server-1] [INFO] [1775418591.875958922] [controller_server]: Passing new path to controller.
[controller_server-1] [INFO] [1775418593.076436152] [controller_server]: Passing new path to controller.
[controller_server-1] [INFO] [1775418594.176296960] [controller_server]: Passing new path to controller.
[controller_server-1] [ERROR] [1775418594.376133902] [controller_server]: Failed to make progress
[controller_server-1] [WARN] [1775418594.376504465] [controller_server]: [follow_path] [ActionServer] Aborting handle.
[controller_server-1] [INFO] [1775418594.473591124] [local_costmap.local_costmap]: Received request to clear entirely the local_costmap
[controller_server-1] [INFO] [1775418594.475583138] [controller_server]: Received a goal, begin computing control effort.
[controller_server-1] [WARN] [1775418594.646096100] [controller_server]: Control loop missed its desired rate of 10.0000Hz
[controller_server-1] [INFO] [1775418595.376497402] [controller_server]: Passing new path to controller.
[controller_server-1] [INFO] [1775418596.476447282] [controller_server]: Passing new path to controller.
[controller_server-1] [INFO] [1775418597.676586393] [controller_server]: Passing new path to controller.
[controller_server-1] [INFO] [1775418598.776425761] [controller_server]: Passing new path to controller.
[controller_server-1] [INFO] [1775418599.976466422] [controller_server]: Passing new path to controller.
[controller_server-1] [INFO] [1775418601.076730768] [controller_server]: Passing new path to controller.
[controller_server-1] [INFO] [1775418602.276442993] [controller_server]: Passing new path to controller.
[controller_server-1] [INFO] [1775418603.376451705] [controller_server]: Passing new path to controller.
[controller_server-1] [INFO] [1775418604.576434283] [controller_server]: Passing new path to controller.
[controller_server-1] [INFO] [1775418605.676428420] [controller_server]: Passing new path to controller.
[controller_server-1] [INFO] [1775418606.876438438] [controller_server]: Passing new path to controller.
[controller_server-1] [INFO] [1775418607.976443152] [controller_server]: Passing new path to controller.
[controller_server-1] [INFO] [1775418609.176756770] [controller_server]: Passing new path to controller.
[controller_server-1] [INFO] [1775418610.276446683] [controller_server]: Passing new path to controller.
[controller_server-1] [INFO] [1775418611.476435675] [controller_server]: Passing new path to controller.
[controller_server-1] [INFO] [1775418612.576429319] [controller_server]: Passing new path to controller.
[controller_server-1] [INFO] [1775418613.776420344] [controller_server]: Passing new path to controller.
[controller_server-1] [INFO] [1775418614.876444053] [controller_server]: Passing new path to controller.
[controller_server-1] [INFO] [1775418616.076416662] [controller_server]: Passing new path to controller.
[controller_server-1] [INFO] [1775418617.176440038] [controller_server]: Passing new path to controller.
[controller_server-1] [INFO] [1775418618.376439095] [controller_server]: Passing new path to controller.
[controller_server-1] [INFO] [1775418619.476441144] [controller_server]: Passing new path to controller.
[controller_server-1] [INFO] [1775418620.676440603] [controller_server]: Passing new path to controller.
[controller_server-1] [INFO] [1775418621.776505295] [controller_server]: Passing new path to controller.
[controller_server-1] [INFO] [1775418622.976465123] [controller_server]: Passing new path to controller.
[controller_server-1] [INFO] [1775418624.076436713] [controller_server]: Passing new path to controller.
[controller_server-1] [INFO] [1775418625.276436398] [controller_server]: Passing new path to controller.
[controller_server-1] [INFO] [1775418626.376434278] [controller_server]: Passing new path to controller.
[controller_server-1] [INFO] [1775418627.576501982] [controller_server]: Passing new path to controller.
[controller_server-1] [INFO] [1775418628.676659403] [controller_server]: Passing new path to controller.
[controller_server-1] [INFO] [1775418629.876531987] [controller_server]: Passing new path to controller.
[controller_server-1] [INFO] [1775418630.976620755] [controller_server]: Passing new path to controller.
[controller_server-1] [INFO] [1775418632.176504909] [controller_server]: Passing new path to controller.
[controller_server-1] [INFO] [1775418633.276788962] [controller_server]: Passing new path to controller.
[controller_server-1] [INFO] [1775418634.476613838] [controller_server]: Passing new path to controller.
[controller_server-1] [INFO] [1775418635.576428819] [controller_server]: Passing new path to controller.
[controller_server-1] [INFO] [1775418636.776589013] [controller_server]: Passing new path to controller.
[controller_server-1] [INFO] [1775418637.876428558] [controller_server]: Passing new path to controller.
[controller_server-1] [INFO] [1775418639.076480386] [controller_server]: Passing new path to controller.
