[INFO] [1775414161.427520922] [exp4_maze_navigation]: Experiment 4 — Maze Navigation starting ...
[INFO] [1775414161.434198900] [exp4_maze_navigation]:   S=(0.0, 0.0)  T=(2.525, 3.035)  Euclidean=3.95 m  MaxPath=5.92 m
[INFO] [1775414164.881075963] [exp4_maze_navigation]: 
--- Trial 1/2 ---
[INFO] [1775414164.882798435] [exp4_maze_navigation]: Return robot to S=(0.0, 0.0) and verify AMCL localisation. Auto-starting trial in 3 seconds ...
[INFO] [1775414287.906212002] [exp4_maze_navigation]:   FAIL  Path=2.54 m  Time=120.0 s  Replans=117  Failure=timeout  Running efficiency=0.0 %
[INFO] [1775414287.907763593] [exp4_maze_navigation]: 
--- Trial 2/2 ---
[INFO] [1775414287.909188397] [exp4_maze_navigation]: Return robot to S=(0.0, 0.0) and verify AMCL localisation. Auto-starting trial in 3 seconds ...
[INFO] [1775414410.917958674] [exp4_maze_navigation]:   FAIL  Path=6.73 m  Time=120.0 s  Replans=117  Failure=timeout  Running efficiency=0.0 %
[DataLogger] Writing to /home/jetson/formica_experiments/data/exp4_maze_20260405_183601.csv

============================================================
  Experiment 4 — Final Navigation Efficiency
============================================================
  Trials: 2  Successes: 0
  Efficiency: 0.0 %  (target ≥ 89.0 %)  FAIL
============================================================


============================================================
  EXPERIMENT SUMMARY — EXP 4 — Maze Navigation
============================================================
  Trial    Metric                         Value        Unit
------------------------------------------------------------
  1        path_length                    2.5428       m
  1        time_to_target                 120.0176     s
  1        replan_events                  117.0000     
  2        path_length                    6.7342       m
  2        time_to_target                 120.0060     s
  2        replan_events                  117.0000     
  0        Final efficiency               0.0000       %
============================================================

[DataLogger] Closed /home/jetson/formica_experiments/data/exp4_maze_20260405_183601.csv
