[INFO] [launch]: All log files can be found below /home/jetson/.ros/log/2026-04-06-04-08-12-678072-chandan-19706
[INFO] [launch]: Default logging verbosity is set to INFO
[INFO] [controller_server-1]: process started with pid [19708]
[INFO] [smoother_server-2]: process started with pid [19710]
[INFO] [planner_server-3]: process started with pid [19712]
[INFO] [behavior_server-4]: process started with pid [19714]
[INFO] [bt_navigator-5]: process started with pid [19716]
[INFO] [waypoint_follower-6]: process started with pid [19718]
[INFO] [velocity_smoother-7]: process started with pid [19731]
[INFO] [lifecycle_manager-8]: process started with pid [19743]
[smoother_server-2] [INFO] [1775419693.711550822] [smoother_server]: 
[smoother_server-2] 	smoother_server lifecycle node launched. 
[smoother_server-2] 	Waiting on external lifecycle transitions to activate
[smoother_server-2] 	See https://design.ros2.org/articles/node_lifecycle.html for more information.
[smoother_server-2] [INFO] [1775419693.891484746] [smoother_server]: Creating smoother server
[bt_navigator-5] [INFO] [1775419693.912063192] [bt_navigator]: 
[bt_navigator-5] 	bt_navigator lifecycle node launched. 
[bt_navigator-5] 	Waiting on external lifecycle transitions to activate
[bt_navigator-5] 	See https://design.ros2.org/articles/node_lifecycle.html for more information.
[bt_navigator-5] [INFO] [1775419693.912441532] [bt_navigator]: Creating
[planner_server-3] [INFO] [1775419694.110421265] [planner_server]: 
[planner_server-3] 	planner_server lifecycle node launched. 
[planner_server-3] 	Waiting on external lifecycle transitions to activate
[planner_server-3] 	See https://design.ros2.org/articles/node_lifecycle.html for more information.
[planner_server-3] [INFO] [1775419694.261274467] [planner_server]: Creating
[behavior_server-4] [INFO] [1775419694.254641335] [behavior_server]: 
[behavior_server-4] 	behavior_server lifecycle node launched. 
[behavior_server-4] 	Waiting on external lifecycle transitions to activate
[behavior_server-4] 	See https://design.ros2.org/articles/node_lifecycle.html for more information.
[controller_server-1] [INFO] [1775419694.461631667] [controller_server]: 
[controller_server-1] 	controller_server lifecycle node launched. 
[controller_server-1] 	Waiting on external lifecycle transitions to activate
[controller_server-1] 	See https://design.ros2.org/articles/node_lifecycle.html for more information.
[controller_server-1] [INFO] [1775419694.691299734] [controller_server]: Creating controller server
[velocity_smoother-7] [INFO] [1775419694.700611778] [velocity_smoother]: 
[velocity_smoother-7] 	velocity_smoother lifecycle node launched. 
[velocity_smoother-7] 	Waiting on external lifecycle transitions to activate
[velocity_smoother-7] 	See https://design.ros2.org/articles/node_lifecycle.html for more information.
[waypoint_follower-6] [INFO] [1775419694.816239741] [waypoint_follower]: 
[waypoint_follower-6] 	waypoint_follower lifecycle node launched. 
[waypoint_follower-6] 	Waiting on external lifecycle transitions to activate
[waypoint_follower-6] 	See https://design.ros2.org/articles/node_lifecycle.html for more information.
[waypoint_follower-6] [INFO] [1775419694.817629453] [waypoint_follower]: Creating
[lifecycle_manager-8] [INFO] [1775419694.842993810] [lifecycle_manager_navigation]: Creating
[lifecycle_manager-8] [INFO] [1775419694.984383959] [lifecycle_manager_navigation]: [34m[1mCreating and initializing lifecycle service clients[0m[0m
[planner_server-3] [INFO] [1775419695.218750992] [global_costmap.global_costmap]: 
[planner_server-3] 	global_costmap lifecycle node launched. 
[planner_server-3] 	Waiting on external lifecycle transitions to activate
[planner_server-3] 	See https://design.ros2.org/articles/node_lifecycle.html for more information.
[planner_server-3] [INFO] [1775419695.220292162] [global_costmap.global_costmap]: Creating Costmap
[lifecycle_manager-8] [INFO] [1775419697.182669273] [lifecycle_manager_navigation]: Waiting for service controller_server/get_state...
[controller_server-1] [INFO] [1775419697.225983886] [local_costmap.local_costmap]: 
[controller_server-1] 	local_costmap lifecycle node launched. 
[controller_server-1] 	Waiting on external lifecycle transitions to activate
[controller_server-1] 	See https://design.ros2.org/articles/node_lifecycle.html for more information.
[controller_server-1] [INFO] [1775419697.273185264] [local_costmap.local_costmap]: Creating Costmap
[lifecycle_manager-8] [INFO] [1775419700.251471326] [lifecycle_manager_navigation]: [34m[1mStarting managed nodes bringup...[0m[0m
[lifecycle_manager-8] [INFO] [1775419700.251614816] [lifecycle_manager_navigation]: [34m[1mConfiguring controller_server[0m[0m
[controller_server-1] [INFO] [1775419700.253989979] [controller_server]: Configuring controller interface
[controller_server-1] [INFO] [1775419700.254766084] [controller_server]: getting goal checker plugins..
[controller_server-1] [INFO] [1775419700.255563982] [controller_server]: Controller frequency set to 10.0000Hz
[controller_server-1] [INFO] [1775419700.255663503] [local_costmap.local_costmap]: Configuring
[controller_server-1] [INFO] [1775419700.291026728] [local_costmap.local_costmap]: Using plugin "obstacle_layer"
[controller_server-1] [INFO] [1775419700.307457702] [local_costmap.local_costmap]: Subscribed to Topics: scan
[controller_server-1] [INFO] [1775419700.339759931] [local_costmap.local_costmap]: Initialized plugin "obstacle_layer"
[controller_server-1] [INFO] [1775419700.339882172] [local_costmap.local_costmap]: Using plugin "inflation_layer"
[controller_server-1] [INFO] [1775419700.343201891] [local_costmap.local_costmap]: Initialized plugin "inflation_layer"
[controller_server-1] [INFO] [1775419700.389067989] [controller_server]: Created progress_checker : progress_checker of type nav2_controller::PoseProgressChecker
[controller_server-1] [INFO] [1775419700.391033068] [controller_server]: Created goal checker : goal_checker of type nav2_controller::SimpleGoalChecker
[controller_server-1] [INFO] [1775419700.392070008] [controller_server]: Controller Server has goal_checker  goal checkers available.
[controller_server-1] [INFO] [1775419700.395347486] [controller_server]: Created controller : FollowPath of type dwb_core::DWBLocalPlanner
[controller_server-1] [INFO] [1775419700.401659623] [controller_server]: Setting transform_tolerance to 0.200000
[controller_server-1] [INFO] [1775419700.455726936] [controller_server]: Using critic "RotateToGoal" (dwb_critics::RotateToGoalCritic)
[controller_server-1] [INFO] [1775419700.460323149] [controller_server]: Critic plugin initialized
[controller_server-1] [INFO] [1775419700.461282072] [controller_server]: Using critic "Oscillation" (dwb_critics::OscillationCritic)
[controller_server-1] [INFO] [1775419700.465454664] [controller_server]: Critic plugin initialized
[controller_server-1] [INFO] [1775419700.466397299] [controller_server]: Using critic "BaseObstacle" (dwb_critics::BaseObstacleCritic)
[controller_server-1] [INFO] [1775419700.468217416] [controller_server]: Critic plugin initialized
[controller_server-1] [INFO] [1775419700.469071794] [controller_server]: Using critic "GoalAlign" (dwb_critics::GoalAlignCritic)
[controller_server-1] [INFO] [1775419700.471854738] [controller_server]: Critic plugin initialized
[controller_server-1] [INFO] [1775419700.472875806] [controller_server]: Using critic "PathAlign" (dwb_critics::PathAlignCritic)
[controller_server-1] [INFO] [1775419700.475321562] [controller_server]: Critic plugin initialized
[controller_server-1] [INFO] [1775419700.476205636] [controller_server]: Using critic "PathDist" (dwb_critics::PathDistCritic)
[controller_server-1] [INFO] [1775419700.477806487] [controller_server]: Critic plugin initialized
[controller_server-1] [INFO] [1775419700.478658145] [controller_server]: Using critic "GoalDist" (dwb_critics::GoalDistCritic)
[controller_server-1] [INFO] [1775419700.480445909] [controller_server]: Critic plugin initialized
[controller_server-1] [INFO] [1775419700.480513526] [controller_server]: Controller Server has FollowPath  controllers available.
[lifecycle_manager-8] [INFO] [1775419700.533882815] [lifecycle_manager_navigation]: [34m[1mConfiguring smoother_server[0m[0m
[smoother_server-2] [INFO] [1775419700.534612328] [smoother_server]: Configuring smoother server
[smoother_server-2] [INFO] [1775419700.591359672] [smoother_server]: Created smoother : simple_smoother of type nav2_smoother::SimpleSmoother
[smoother_server-2] [INFO] [1775419700.607685332] [smoother_server]: Smoother Server has simple_smoother  smoothers available.
[lifecycle_manager-8] [INFO] [1775419700.646866201] [lifecycle_manager_navigation]: [34m[1mConfiguring planner_server[0m[0m
[planner_server-3] [INFO] [1775419700.647460992] [planner_server]: Configuring
[planner_server-3] [INFO] [1775419700.647572834] [global_costmap.global_costmap]: Configuring
[planner_server-3] [INFO] [1775419700.681081445] [global_costmap.global_costmap]: Using plugin "static_layer"
[planner_server-3] [INFO] [1775419700.703742923] [global_costmap.global_costmap]: Subscribing to the map topic (/map) with transient local durability
[planner_server-3] [INFO] [1775419700.711305378] [global_costmap.global_costmap]: Initialized plugin "static_layer"
[planner_server-3] [INFO] [1775419700.760804191] [global_costmap.global_costmap]: StaticLayer: Resizing costmap to 185 X 172 at 0.050000 m/pix
[planner_server-3] [INFO] [1775419700.762258031] [planner_server]: Created global planner plugin GridBased of type nav2_navfn_planner/NavfnPlanner
[planner_server-3] [INFO] [1775419700.763263419] [planner_server]: Configuring plugin GridBased of type NavfnPlanner
[planner_server-3] [INFO] [1775419700.769218528] [planner_server]: Planner Server has GridBased  planners available.
[lifecycle_manager-8] [INFO] [1775419700.816062910] [lifecycle_manager_navigation]: [34m[1mConfiguring behavior_server[0m[0m
[behavior_server-4] [INFO] [1775419700.816857735] [behavior_server]: Configuring
[behavior_server-4] [INFO] [1775419700.880415621] [behavior_server]: Creating behavior plugin spin of type nav2_behaviors/Spin
[behavior_server-4] [INFO] [1775419700.882434749] [behavior_server]: Configuring spin
[behavior_server-4] [INFO] [1775419700.929785152] [behavior_server]: Creating behavior plugin backup of type nav2_behaviors/BackUp
[behavior_server-4] [INFO] [1775419700.931558965] [behavior_server]: Configuring backup
[behavior_server-4] [INFO] [1775419700.963121442] [behavior_server]: Creating behavior plugin drive_on_heading of type nav2_behaviors/DriveOnHeading
[behavior_server-4] [INFO] [1775419700.965117017] [behavior_server]: Configuring drive_on_heading
[behavior_server-4] [INFO] [1775419700.994356203] [behavior_server]: Creating behavior plugin assisted_teleop of type nav2_behaviors/AssistedTeleop
[behavior_server-4] [INFO] [1775419700.998817726] [behavior_server]: Configuring assisted_teleop
[behavior_server-4] [INFO] [1775419701.035494758] [behavior_server]: Creating behavior plugin wait of type nav2_behaviors/Wait
[behavior_server-4] [INFO] [1775419701.037782689] [behavior_server]: Configuring wait
[lifecycle_manager-8] [INFO] [1775419701.069227852] [lifecycle_manager_navigation]: [34m[1mConfiguring bt_navigator[0m[0m
[bt_navigator-5] [INFO] [1775419701.070088822] [bt_navigator]: Configuring
[lifecycle_manager-8] [INFO] [1775419701.374473940] [lifecycle_manager_navigation]: [34m[1mConfiguring waypoint_follower[0m[0m
[waypoint_follower-6] [INFO] [1775419701.375351646] [waypoint_follower]: Configuring
[waypoint_follower-6] [INFO] [1775419701.469005689] [waypoint_follower]: Created waypoint_task_executor : wait_at_waypoint of type nav2_waypoint_follower::WaitAtWaypoint
[waypoint_follower-6] [INFO] [1775419701.473048904] [waypoint_follower]: Waypoint pause duration is set to zero, disabling task executor plugin.
[lifecycle_manager-8] [INFO] [1775419701.474977758] [lifecycle_manager_navigation]: [34m[1mConfiguring velocity_smoother[0m[0m
[velocity_smoother-7] [INFO] [1775419701.475664774] [velocity_smoother]: Configuring velocity smoother
[lifecycle_manager-8] [INFO] [1775419701.507752825] [lifecycle_manager_navigation]: [34m[1mActivating controller_server[0m[0m
[controller_server-1] [INFO] [1775419701.508677859] [controller_server]: Activating
[controller_server-1] [INFO] [1775419701.508829637] [local_costmap.local_costmap]: Activating
[controller_server-1] [INFO] [1775419701.508882374] [local_costmap.local_costmap]: Checking transform
[controller_server-1] [INFO] [1775419701.509168425] [local_costmap.local_costmap]: start
[controller_server-1] [INFO] [1775419701.713786278] [controller_server]: Creating bond (controller_server) to lifecycle manager.
[lifecycle_manager-8] [INFO] [1775419701.769253927] [lifecycle_manager_navigation]: Server controller_server connected with bond.
[lifecycle_manager-8] [INFO] [1775419701.769406505] [lifecycle_manager_navigation]: [34m[1mActivating smoother_server[0m[0m
[smoother_server-2] [INFO] [1775419701.770970875] [smoother_server]: Activating
[smoother_server-2] [INFO] [1775419701.771117117] [smoother_server]: Creating bond (smoother_server) to lifecycle manager.
[lifecycle_manager-8] [INFO] [1775419701.822131178] [lifecycle_manager_navigation]: Server smoother_server connected with bond.
[lifecycle_manager-8] [INFO] [1775419701.822282028] [lifecycle_manager_navigation]: [34m[1mActivating planner_server[0m[0m
[planner_server-3] [INFO] [1775419701.823974080] [planner_server]: Activating
[planner_server-3] [INFO] [1775419701.824148578] [global_costmap.global_costmap]: Activating
[planner_server-3] [INFO] [1775419701.824200418] [global_costmap.global_costmap]: Checking transform
[planner_server-3] [INFO] [1775419701.824715240] [global_costmap.global_costmap]: start
[planner_server-3] [INFO] [1775419702.874941777] [planner_server]: Activating plugin GridBased of type NavfnPlanner
[planner_server-3] [INFO] [1775419702.882236709] [planner_server]: Creating bond (planner_server) to lifecycle manager.
[lifecycle_manager-8] [INFO] [1775419702.928825951] [lifecycle_manager_navigation]: Server planner_server connected with bond.
[lifecycle_manager-8] [INFO] [1775419702.928994241] [lifecycle_manager_navigation]: [34m[1mActivating behavior_server[0m[0m
[behavior_server-4] [INFO] [1775419702.930500243] [behavior_server]: Activating
[behavior_server-4] [INFO] [1775419702.930623572] [behavior_server]: Activating spin
[behavior_server-4] [INFO] [1775419702.930681429] [behavior_server]: Activating backup
[behavior_server-4] [INFO] [1775419702.930720629] [behavior_server]: Activating drive_on_heading
[behavior_server-4] [INFO] [1775419702.930750134] [behavior_server]: Activating assisted_teleop
[behavior_server-4] [INFO] [1775419702.930775926] [behavior_server]: Activating wait
[behavior_server-4] [INFO] [1775419702.930814166] [behavior_server]: Creating bond (behavior_server) to lifecycle manager.
[lifecycle_manager-8] [INFO] [1775419703.061148344] [lifecycle_manager_navigation]: Server behavior_server connected with bond.
[lifecycle_manager-8] [INFO] [1775419703.061321530] [lifecycle_manager_navigation]: [34m[1mActivating bt_navigator[0m[0m
[bt_navigator-5] [INFO] [1775419703.062599177] [bt_navigator]: Activating
[bt_navigator-5] [INFO] [1775419703.381661519] [bt_navigator]: Creating bond (bt_navigator) to lifecycle manager.
[lifecycle_manager-8] [INFO] [1775419703.436291526] [lifecycle_manager_navigation]: Server bt_navigator connected with bond.
[lifecycle_manager-8] [INFO] [1775419703.436405448] [lifecycle_manager_navigation]: [34m[1mActivating waypoint_follower[0m[0m
[waypoint_follower-6] [INFO] [1775419703.437423859] [waypoint_follower]: Activating
[waypoint_follower-6] [INFO] [1775419703.437534325] [waypoint_follower]: Creating bond (waypoint_follower) to lifecycle manager.
[lifecycle_manager-8] [INFO] [1775419703.524075452] [lifecycle_manager_navigation]: Server waypoint_follower connected with bond.
[lifecycle_manager-8] [INFO] [1775419703.524245406] [lifecycle_manager_navigation]: [34m[1mActivating velocity_smoother[0m[0m
[velocity_smoother-7] [INFO] [1775419703.525395692] [velocity_smoother]: Activating
[velocity_smoother-7] [INFO] [1775419703.525575054] [velocity_smoother]: Creating bond (velocity_smoother) to lifecycle manager.
[lifecycle_manager-8] [INFO] [1775419703.607073467] [lifecycle_manager_navigation]: Server velocity_smoother connected with bond.
[lifecycle_manager-8] [INFO] [1775419703.607401631] [lifecycle_manager_navigation]: [34m[1mManaged nodes are active[0m[0m
[lifecycle_manager-8] [INFO] [1775419703.607459616] [lifecycle_manager_navigation]: [34m[1mCreating bond timer...[0m[0m
[bt_navigator-5] [INFO] [1775419758.158450378] [bt_navigator]: Begin navigating from current location (0.01, -0.00) to (2.52, 3.04)
[controller_server-1] [INFO] [1775419758.261259517] [controller_server]: Received a goal, begin computing control effort.
[controller_server-1] [WARN] [1775419758.261601393] [controller_server]: No goal checker was specified in parameter 'current_goal_checker'. Server will use only plugin loaded goal_checker . This warning will appear once.
[controller_server-1] [INFO] [1775419759.462091612] [controller_server]: Passing new path to controller.
[controller_server-1] [INFO] [1775419760.562090362] [controller_server]: Passing new path to controller.
[controller_server-1] [INFO] [1775419761.762095459] [controller_server]: Passing new path to controller.
[controller_server-1] [INFO] [1775419762.862120399] [controller_server]: Passing new path to controller.
[controller_server-1] [INFO] [1775419764.062091502] [controller_server]: Passing new path to controller.
[controller_server-1] [INFO] [1775419765.162089054] [controller_server]: Passing new path to controller.
[controller_server-1] [INFO] [1775419766.362094641] [controller_server]: Passing new path to controller.
[controller_server-1] [INFO] [1775419767.462089296] [controller_server]: Passing new path to controller.
[controller_server-1] [INFO] [1775419768.662094337] [controller_server]: Passing new path to controller.
[controller_server-1] [INFO] [1775419769.762089488] [controller_server]: Passing new path to controller.
[controller_server-1] [INFO] [1775419770.962097985] [controller_server]: Passing new path to controller.
[controller_server-1] [INFO] [1775419772.062095035] [controller_server]: Passing new path to controller.
[controller_server-1] [INFO] [1775419773.262094716] [controller_server]: Passing new path to controller.
[controller_server-1] [INFO] [1775419774.362449818] [controller_server]: Passing new path to controller.
[controller_server-1] [INFO] [1775419775.562099912] [controller_server]: Passing new path to controller.
[controller_server-1] [INFO] [1775419776.662091204] [controller_server]: Passing new path to controller.
[controller_server-1] [INFO] [1775419777.862099209] [controller_server]: Passing new path to controller.
[controller_server-1] [INFO] [1775419778.962087768] [controller_server]: Passing new path to controller.
[controller_server-1] [INFO] [1775419780.162100021] [controller_server]: Passing new path to controller.
[controller_server-1] [INFO] [1775419781.262089872] [controller_server]: Passing new path to controller.
[controller_server-1] [INFO] [1775419782.462091181] [controller_server]: Passing new path to controller.
[controller_server-1] [INFO] [1775419783.562238983] [controller_server]: Passing new path to controller.
[controller_server-1] [INFO] [1775419784.762100834] [controller_server]: Passing new path to controller.
[controller_server-1] [INFO] [1775419785.862397274] [controller_server]: Passing new path to controller.
[controller_server-1] [INFO] [1775419787.062181171] [controller_server]: Passing new path to controller.
[controller_server-1] [INFO] [1775419788.162102277] [controller_server]: Passing new path to controller.
[controller_server-1] [INFO] [1775419789.362102150] [controller_server]: Passing new path to controller.
[controller_server-1] [INFO] [1775419790.462157432] [controller_server]: Passing new path to controller.
[controller_server-1] [INFO] [1775419791.662264648] [controller_server]: Passing new path to controller.
[controller_server-1] [INFO] [1775419792.762091333] [controller_server]: Passing new path to controller.
[controller_server-1] [INFO] [1775419793.962187614] [controller_server]: Passing new path to controller.
[controller_server-1] [INFO] [1775419795.062082741] [controller_server]: Passing new path to controller.
[controller_server-1] [INFO] [1775419796.262100836] [controller_server]: Passing new path to controller.
[controller_server-1] [INFO] [1775419797.362087032] [controller_server]: Passing new path to controller.
[controller_server-1] [INFO] [1775419798.562099186] [controller_server]: Passing new path to controller.
[controller_server-1] [INFO] [1775419799.662091970] [controller_server]: Passing new path to controller.
[controller_server-1] [INFO] [1775419800.862313556] [controller_server]: Passing new path to controller.
[controller_server-1] [INFO] [1775419801.962111573] [controller_server]: Passing new path to controller.
[controller_server-1] [INFO] [1775419803.162084122] [controller_server]: Passing new path to controller.
[controller_server-1] [INFO] [1775419804.262092701] [controller_server]: Passing new path to controller.
[controller_server-1] [INFO] [1775419805.462076302] [controller_server]: Passing new path to controller.
[controller_server-1] [INFO] [1775419806.562126002] [controller_server]: Passing new path to controller.
[controller_server-1] [INFO] [1775419807.762110450] [controller_server]: Passing new path to controller.
[controller_server-1] [INFO] [1775419808.862091569] [controller_server]: Passing new path to controller.
[controller_server-1] [INFO] [1775419809.962095893] [controller_server]: Passing new path to controller.
[controller_server-1] [INFO] [1775419811.162096694] [controller_server]: Passing new path to controller.
[controller_server-1] [INFO] [1775419812.262080786] [controller_server]: Passing new path to controller.
[controller_server-1] [INFO] [1775419813.462091618] [controller_server]: Passing new path to controller.
[controller_server-1] [INFO] [1775419814.562085951] [controller_server]: Passing new path to controller.
[controller_server-1] [INFO] [1775419815.762087554] [controller_server]: Passing new path to controller.
[controller_server-1] [INFO] [1775419816.862098114] [controller_server]: Passing new path to controller.
[controller_server-1] [INFO] [1775419818.062092115] [controller_server]: Passing new path to controller.
[controller_server-1] [INFO] [1775419819.162089486] [controller_server]: Passing new path to controller.
[controller_server-1] [INFO] [1775419820.362085257] [controller_server]: Passing new path to controller.
[controller_server-1] [INFO] [1775419821.462088200] [controller_server]: Passing new path to controller.
[controller_server-1] [INFO] [1775419822.662091929] [controller_server]: Passing new path to controller.
[controller_server-1] [INFO] [1775419823.762097437] [controller_server]: Passing new path to controller.
[controller_server-1] [INFO] [1775419824.962101284] [controller_server]: Passing new path to controller.
[controller_server-1] [INFO] [1775419826.062099241] [controller_server]: Passing new path to controller.
[controller_server-1] [INFO] [1775419827.262097495] [controller_server]: Passing new path to controller.
[controller_server-1] [INFO] [1775419828.362098207] [controller_server]: Passing new path to controller.
[controller_server-1] [INFO] [1775419829.562100710] [controller_server]: Passing new path to controller.
[controller_server-1] [INFO] [1775419830.662098165] [controller_server]: Passing new path to controller.
[controller_server-1] [INFO] [1775419831.862092277] [controller_server]: Passing new path to controller.
[controller_server-1] [INFO] [1775419832.962150447] [controller_server]: Passing new path to controller.
[controller_server-1] [INFO] [1775419834.162092026] [controller_server]: Passing new path to controller.
[controller_server-1] [INFO] [1775419835.262095923] [controller_server]: Passing new path to controller.
[controller_server-1] [INFO] [1775419836.462097401] [controller_server]: Passing new path to controller.
[controller_server-1] [INFO] [1775419837.562085691] [controller_server]: Passing new path to controller.
[controller_server-1] [INFO] [1775419838.762106493] [controller_server]: Passing new path to controller.
[controller_server-1] [INFO] [1775419839.862092617] [controller_server]: Passing new path to controller.
[controller_server-1] [INFO] [1775419841.062088162] [controller_server]: Passing new path to controller.
[controller_server-1] [INFO] [1775419842.162100116] [controller_server]: Passing new path to controller.
[controller_server-1] [INFO] [1775419843.362107168] [controller_server]: Passing new path to controller.
[controller_server-1] [INFO] [1775419844.462099421] [controller_server]: Passing new path to controller.
[controller_server-1] [INFO] [1775419845.662088263] [controller_server]: Passing new path to controller.
[controller_server-1] [INFO] [1775419846.762097746] [controller_server]: Passing new path to controller.
[controller_server-1] [INFO] [1775419847.962175551] [controller_server]: Passing new path to controller.
[controller_server-1] [INFO] [1775419849.062092591] [controller_server]: Passing new path to controller.
[controller_server-1] [INFO] [1775419850.262133100] [controller_server]: Passing new path to controller.
[controller_server-1] [INFO] [1775419851.362094633] [controller_server]: Passing new path to controller.
[controller_server-1] [INFO] [1775419852.462110421] [controller_server]: Passing new path to controller.
[controller_server-1] [INFO] [1775419853.562097130] [controller_server]: Passing new path to controller.
[controller_server-1] [INFO] [1775419854.762224277] [controller_server]: Passing new path to controller.
[controller_server-1] [INFO] [1775419855.862101364] [controller_server]: Passing new path to controller.
[controller_server-1] [INFO] [1775419857.062369125] [controller_server]: Passing new path to controller.
[controller_server-1] [INFO] [1775419858.162080326] [controller_server]: Passing new path to controller.
[controller_server-1] [INFO] [1775419859.362092002] [controller_server]: Passing new path to controller.
[controller_server-1] [INFO] [1775419860.462094244] [controller_server]: Passing new path to controller.
[controller_server-1] [INFO] [1775419861.562097330] [controller_server]: Passing new path to controller.
[controller_server-1] [INFO] [1775419862.762165884] [controller_server]: Passing new path to controller.
[controller_server-1] [INFO] [1775419863.862089241] [controller_server]: Passing new path to controller.
[controller_server-1] [INFO] [1775419865.062092064] [controller_server]: Passing new path to controller.
[controller_server-1] [INFO] [1775419866.162089710] [controller_server]: Passing new path to controller.
[controller_server-1] [INFO] [1775419867.362224825] [controller_server]: Passing new path to controller.
[controller_server-1] [INFO] [1775419868.462090740] [controller_server]: Passing new path to controller.
[controller_server-1] [INFO] [1775419869.662248647] [controller_server]: Passing new path to controller.
[controller_server-1] [INFO] [1775419870.762093878] [controller_server]: Passing new path to controller.
[controller_server-1] [INFO] [1775419871.962081608] [controller_server]: Passing new path to controller.
[controller_server-1] [INFO] [1775419873.062090610] [controller_server]: Passing new path to controller.
[controller_server-1] [INFO] [1775419874.263147766] [controller_server]: Passing new path to controller.
[controller_server-1] [INFO] [1775419875.362093917] [controller_server]: Passing new path to controller.
[controller_server-1] [INFO] [1775419876.562162808] [controller_server]: Passing new path to controller.
[controller_server-1] [INFO] [1775419877.662094409] [controller_server]: Passing new path to controller.
[controller_server-1] [INFO] [1775419878.862106027] [controller_server]: Passing new path to controller.
[controller_server-1] [INFO] [1775419879.962087543] [controller_server]: Passing new path to controller.
[controller_server-1] [INFO] [1775419881.162097882] [controller_server]: Passing new path to controller.
[controller_server-1] [INFO] [1775419882.262092024] [controller_server]: Passing new path to controller.
[controller_server-1] [INFO] [1775419883.462167304] [controller_server]: Passing new path to controller.
[controller_server-1] [INFO] [1775419884.562100125] [controller_server]: Passing new path to controller.
[controller_server-1] [INFO] [1775419885.762090869] [controller_server]: Passing new path to controller.
[controller_server-1] [INFO] [1775419886.862098856] [controller_server]: Passing new path to controller.
[controller_server-1] [INFO] [1775419888.062105643] [controller_server]: Passing new path to controller.
[controller_server-1] [INFO] [1775419889.162097298] [controller_server]: Passing new path to controller.
[controller_server-1] [INFO] [1775419890.262097866] [controller_server]: Passing new path to controller.
[controller_server-1] [INFO] [1775419891.462096476] [controller_server]: Passing new path to controller.
[controller_server-1] [INFO] [1775419892.562221752] [controller_server]: Passing new path to controller.
[controller_server-1] [INFO] [1775419893.762353696] [controller_server]: Passing new path to controller.
[controller_server-1] [INFO] [1775419894.862091716] [controller_server]: Passing new path to controller.
[controller_server-1] [INFO] [1775419896.062101651] [controller_server]: Passing new path to controller.
[controller_server-1] [INFO] [1775419897.162097596] [controller_server]: Passing new path to controller.
[controller_server-1] [INFO] [1775419898.362120115] [controller_server]: Passing new path to controller.
[controller_server-1] [INFO] [1775419899.462098682] [controller_server]: Passing new path to controller.
[controller_server-1] [INFO] [1775419900.662100834] [controller_server]: Passing new path to controller.
[controller_server-1] [INFO] [1775419901.762092328] [controller_server]: Passing new path to controller.
[controller_server-1] [INFO] [1775419902.962206409] [controller_server]: Passing new path to controller.
[controller_server-1] [INFO] [1775419904.062090918] [controller_server]: Passing new path to controller.
[controller_server-1] [INFO] [1775419905.262102824] [controller_server]: Passing new path to controller.
[controller_server-1] [INFO] [1775419906.362102345] [controller_server]: Passing new path to controller.
[controller_server-1] [INFO] [1775419907.562093694] [controller_server]: Passing new path to controller.
[controller_server-1] [INFO] [1775419908.662102145] [controller_server]: Passing new path to controller.
[controller_server-1] [INFO] [1775419909.862137965] [controller_server]: Passing new path to controller.
[controller_server-1] [INFO] [1775419910.962074063] [controller_server]: Passing new path to controller.
[controller_server-1] [INFO] [1775419912.162402070] [controller_server]: Passing new path to controller.
[controller_server-1] [INFO] [1775419913.262091143] [controller_server]: Passing new path to controller.
[controller_server-1] [INFO] [1775419914.462114931] [controller_server]: Passing new path to controller.
[controller_server-1] [INFO] [1775419915.562081270] [controller_server]: Passing new path to controller.
[controller_server-1] [INFO] [1775419916.762095992] [controller_server]: Passing new path to controller.
[controller_server-1] [INFO] [1775419917.862100833] [controller_server]: Passing new path to controller.
[controller_server-1] [INFO] [1775419919.062091863] [controller_server]: Passing new path to controller.
[controller_server-1] [INFO] [1775419920.162209027] [controller_server]: Passing new path to controller.
[controller_server-1] [INFO] [1775419921.362220586] [controller_server]: Passing new path to controller.
[controller_server-1] [INFO] [1775419922.462237048] [controller_server]: Passing new path to controller.
[controller_server-1] [INFO] [1775419923.662163092] [controller_server]: Passing new path to controller.
[controller_server-1] [INFO] [1775419924.762266028] [controller_server]: Passing new path to controller.
[controller_server-1] [INFO] [1775419925.962093566] [controller_server]: Passing new path to controller.
[controller_server-1] [INFO] [1775419927.062183480] [controller_server]: Passing new path to controller.
[controller_server-1] [INFO] [1775419928.262202883] [controller_server]: Passing new path to controller.
[controller_server-1] [INFO] [1775419929.362100217] [controller_server]: Passing new path to controller.
[controller_server-1] [INFO] [1775419930.562092030] [controller_server]: Passing new path to controller.
[controller_server-1] [INFO] [1775419931.662096417] [controller_server]: Passing new path to controller.
[controller_server-1] [INFO] [1775419932.862095939] [controller_server]: Passing new path to controller.
[controller_server-1] [INFO] [1775419933.962093871] [controller_server]: Passing new path to controller.
[controller_server-1] [INFO] [1775419935.162097157] [controller_server]: Passing new path to controller.
[controller_server-1] [INFO] [1775419936.262088181] [controller_server]: Passing new path to controller.
[controller_server-1] [INFO] [1775419937.462088678] [controller_server]: Passing new path to controller.
[controller_server-1] [INFO] [1775419938.262158524] [controller_server]: Goal was canceled. Stopping the robot.
[controller_server-1] [INFO] [1775419938.262371782] [controller_server]: [follow_path] [ActionServer] Client requested to cancel the goal. Cancelling.
[bt_navigator-5] [INFO] [1775419938.264554510] [bt_navigator]: [navigate_to_pose] [ActionServer] Client requested to cancel the goal. Cancelling.
[bt_navigator-5] [INFO] [1775419938.265287569] [bt_navigator]: Goal canceled
