[INFO] [launch]: All log files can be found below /home/jetson/.ros/log/2026-04-06-04-41-02-842937-chandan-30564
[INFO] [launch]: Default logging verbosity is set to INFO
[INFO] [controller_server-1]: process started with pid [30572]
[INFO] [smoother_server-2]: process started with pid [30574]
[INFO] [planner_server-3]: process started with pid [30576]
[INFO] [behavior_server-4]: process started with pid [30578]
[INFO] [bt_navigator-5]: process started with pid [30580]
[INFO] [waypoint_follower-6]: process started with pid [30582]
[INFO] [velocity_smoother-7]: process started with pid [30584]
[INFO] [lifecycle_manager-8]: process started with pid [30588]
[waypoint_follower-6] [INFO] [1775421663.334407752] [waypoint_follower]: 
[waypoint_follower-6] 	waypoint_follower lifecycle node launched. 
[waypoint_follower-6] 	Waiting on external lifecycle transitions to activate
[waypoint_follower-6] 	See https://design.ros2.org/articles/node_lifecycle.html for more information.
[waypoint_follower-6] [INFO] [1775421663.337492255] [waypoint_follower]: Creating
[lifecycle_manager-8] [INFO] [1775421663.356269520] [lifecycle_manager_navigation]: Creating
[lifecycle_manager-8] [INFO] [1775421663.384332934] [lifecycle_manager_navigation]: [34m[1mCreating and initializing lifecycle service clients[0m[0m
[planner_server-3] [INFO] [1775421663.524601942] [planner_server]: 
[planner_server-3] 	planner_server lifecycle node launched. 
[planner_server-3] 	Waiting on external lifecycle transitions to activate
[planner_server-3] 	See https://design.ros2.org/articles/node_lifecycle.html for more information.
[smoother_server-2] [INFO] [1775421663.577259877] [smoother_server]: 
[smoother_server-2] 	smoother_server lifecycle node launched. 
[smoother_server-2] 	Waiting on external lifecycle transitions to activate
[smoother_server-2] 	See https://design.ros2.org/articles/node_lifecycle.html for more information.
[planner_server-3] [INFO] [1775421663.592401877] [planner_server]: Creating
[bt_navigator-5] [INFO] [1775421663.602863152] [bt_navigator]: 
[bt_navigator-5] 	bt_navigator lifecycle node launched. 
[bt_navigator-5] 	Waiting on external lifecycle transitions to activate
[bt_navigator-5] 	See https://design.ros2.org/articles/node_lifecycle.html for more information.
[smoother_server-2] [INFO] [1775421663.603291544] [smoother_server]: Creating smoother server
[bt_navigator-5] [INFO] [1775421663.606714389] [bt_navigator]: Creating
[velocity_smoother-7] [INFO] [1775421663.717878524] [velocity_smoother]: 
[velocity_smoother-7] 	velocity_smoother lifecycle node launched. 
[velocity_smoother-7] 	Waiting on external lifecycle transitions to activate
[velocity_smoother-7] 	See https://design.ros2.org/articles/node_lifecycle.html for more information.
[controller_server-1] [INFO] [1775421663.798035800] [controller_server]: 
[controller_server-1] 	controller_server lifecycle node launched. 
[controller_server-1] 	Waiting on external lifecycle transitions to activate
[controller_server-1] 	See https://design.ros2.org/articles/node_lifecycle.html for more information.
[behavior_server-4] [INFO] [1775421663.843907917] [behavior_server]: 
[behavior_server-4] 	behavior_server lifecycle node launched. 
[behavior_server-4] 	Waiting on external lifecycle transitions to activate
[behavior_server-4] 	See https://design.ros2.org/articles/node_lifecycle.html for more information.
[planner_server-3] [INFO] [1775421663.874529489] [global_costmap.global_costmap]: 
[planner_server-3] 	global_costmap lifecycle node launched. 
[planner_server-3] 	Waiting on external lifecycle transitions to activate
[planner_server-3] 	See https://design.ros2.org/articles/node_lifecycle.html for more information.
[planner_server-3] [INFO] [1775421663.879451370] [global_costmap.global_costmap]: Creating Costmap
[controller_server-1] [INFO] [1775421663.940561872] [controller_server]: Creating controller server
[controller_server-1] [INFO] [1775421664.124914326] [local_costmap.local_costmap]: 
[controller_server-1] 	local_costmap lifecycle node launched. 
[controller_server-1] 	Waiting on external lifecycle transitions to activate
[controller_server-1] 	See https://design.ros2.org/articles/node_lifecycle.html for more information.
[controller_server-1] [INFO] [1775421664.126180908] [local_costmap.local_costmap]: Creating Costmap
[lifecycle_manager-8] [INFO] [1775421664.377428799] [lifecycle_manager_navigation]: [34m[1mStarting managed nodes bringup...[0m[0m
[lifecycle_manager-8] [INFO] [1775421664.377587554] [lifecycle_manager_navigation]: [34m[1mConfiguring controller_server[0m[0m
[controller_server-1] [INFO] [1775421664.379787146] [controller_server]: Configuring controller interface
[controller_server-1] [INFO] [1775421664.380328339] [controller_server]: getting goal checker plugins..
[controller_server-1] [INFO] [1775421664.380886141] [controller_server]: Controller frequency set to 10.0000Hz
[controller_server-1] [INFO] [1775421664.381057856] [local_costmap.local_costmap]: Configuring
[controller_server-1] [INFO] [1775421664.397921358] [local_costmap.local_costmap]: Using plugin "obstacle_layer"
[controller_server-1] [INFO] [1775421664.411696997] [local_costmap.local_costmap]: Subscribed to Topics: scan
[controller_server-1] [INFO] [1775421664.426086439] [local_costmap.local_costmap]: Initialized plugin "obstacle_layer"
[controller_server-1] [INFO] [1775421664.426198473] [local_costmap.local_costmap]: Using plugin "inflation_layer"
[controller_server-1] [INFO] [1775421664.429114493] [local_costmap.local_costmap]: Initialized plugin "inflation_layer"
[controller_server-1] [INFO] [1775421664.454367009] [controller_server]: Created progress_checker : progress_checker of type nav2_controller::PoseProgressChecker
[controller_server-1] [INFO] [1775421664.457094994] [controller_server]: Created goal checker : goal_checker of type nav2_controller::SimpleGoalChecker
[controller_server-1] [INFO] [1775421664.458552300] [controller_server]: Controller Server has goal_checker  goal checkers available.
[controller_server-1] [INFO] [1775421664.461565538] [controller_server]: Created controller : FollowPath of type dwb_core::DWBLocalPlanner
[controller_server-1] [INFO] [1775421664.465645067] [controller_server]: Setting transform_tolerance to 0.200000
[controller_server-1] [INFO] [1775421664.493546911] [controller_server]: Using critic "RotateToGoal" (dwb_critics::RotateToGoalCritic)
[controller_server-1] [INFO] [1775421664.495506658] [controller_server]: Critic plugin initialized
[controller_server-1] [INFO] [1775421664.496164366] [controller_server]: Using critic "Oscillation" (dwb_critics::OscillationCritic)
[controller_server-1] [INFO] [1775421664.498038639] [controller_server]: Critic plugin initialized
[controller_server-1] [INFO] [1775421664.498544568] [controller_server]: Using critic "BaseObstacle" (dwb_critics::BaseObstacleCritic)
[controller_server-1] [INFO] [1775421664.499158851] [controller_server]: Critic plugin initialized
[controller_server-1] [INFO] [1775421664.499659788] [controller_server]: Using critic "GoalAlign" (dwb_critics::GoalAlignCritic)
[controller_server-1] [INFO] [1775421664.501052261] [controller_server]: Critic plugin initialized
[controller_server-1] [INFO] [1775421664.501561774] [controller_server]: Using critic "PathAlign" (dwb_critics::PathAlignCritic)
[controller_server-1] [INFO] [1775421664.502536320] [controller_server]: Critic plugin initialized
[controller_server-1] [INFO] [1775421664.503056713] [controller_server]: Using critic "PathDist" (dwb_critics::PathDistCritic)
[controller_server-1] [INFO] [1775421664.503916505] [controller_server]: Critic plugin initialized
[controller_server-1] [INFO] [1775421664.504379009] [controller_server]: Using critic "GoalDist" (dwb_critics::GoalDistCritic)
[controller_server-1] [INFO] [1775421664.505024620] [controller_server]: Critic plugin initialized
[controller_server-1] [INFO] [1775421664.505177231] [controller_server]: Controller Server has FollowPath  controllers available.
[lifecycle_manager-8] [INFO] [1775421664.522512294] [lifecycle_manager_navigation]: [34m[1mConfiguring smoother_server[0m[0m
[smoother_server-2] [INFO] [1775421664.522985678] [smoother_server]: Configuring smoother server
[smoother_server-2] [INFO] [1775421664.553688500] [smoother_server]: Created smoother : simple_smoother of type nav2_smoother::SimpleSmoother
[smoother_server-2] [INFO] [1775421664.557229139] [smoother_server]: Smoother Server has simple_smoother  smoothers available.
[lifecycle_manager-8] [INFO] [1775421664.581529382] [lifecycle_manager_navigation]: [34m[1mConfiguring planner_server[0m[0m
[planner_server-3] [INFO] [1775421664.582030351] [planner_server]: Configuring
[planner_server-3] [INFO] [1775421664.582135665] [global_costmap.global_costmap]: Configuring
[planner_server-3] [INFO] [1775421664.597433475] [global_costmap.global_costmap]: Using plugin "static_layer"
[planner_server-3] [INFO] [1775421664.605902523] [global_costmap.global_costmap]: Subscribing to the map topic (/map) with transient local durability
[planner_server-3] [INFO] [1775421664.609685247] [global_costmap.global_costmap]: Initialized plugin "static_layer"
[planner_server-3] [INFO] [1775421664.641209395] [global_costmap.global_costmap]: StaticLayer: Resizing costmap to 185 X 172 at 0.050000 m/pix
[planner_server-3] [INFO] [1775421664.641759517] [planner_server]: Created global planner plugin GridBased of type nav2_navfn_planner/NavfnPlanner
[planner_server-3] [INFO] [1775421664.641820222] [planner_server]: Configuring plugin GridBased of type NavfnPlanner
[planner_server-3] [INFO] [1775421664.643756289] [planner_server]: Planner Server has GridBased  planners available.
[lifecycle_manager-8] [INFO] [1775421664.672595493] [lifecycle_manager_navigation]: [34m[1mConfiguring behavior_server[0m[0m
[behavior_server-4] [INFO] [1775421664.673137615] [behavior_server]: Configuring
[behavior_server-4] [INFO] [1775421664.699244162] [behavior_server]: Creating behavior plugin spin of type nav2_behaviors/Spin
[behavior_server-4] [INFO] [1775421664.700846527] [behavior_server]: Configuring spin
[behavior_server-4] [INFO] [1775421664.725502457] [behavior_server]: Creating behavior plugin backup of type nav2_behaviors/BackUp
[behavior_server-4] [INFO] [1775421664.726978675] [behavior_server]: Configuring backup
[behavior_server-4] [INFO] [1775421664.745287259] [behavior_server]: Creating behavior plugin drive_on_heading of type nav2_behaviors/DriveOnHeading
[behavior_server-4] [INFO] [1775421664.746768789] [behavior_server]: Configuring drive_on_heading
[behavior_server-4] [INFO] [1775421664.762863830] [behavior_server]: Creating behavior plugin assisted_teleop of type nav2_behaviors/AssistedTeleop
[behavior_server-4] [INFO] [1775421664.766049487] [behavior_server]: Configuring assisted_teleop
[behavior_server-4] [INFO] [1775421664.783222818] [behavior_server]: Creating behavior plugin wait of type nav2_behaviors/Wait
[behavior_server-4] [INFO] [1775421664.784699837] [behavior_server]: Configuring wait
[lifecycle_manager-8] [INFO] [1775421664.797936906] [lifecycle_manager_navigation]: [34m[1mConfiguring bt_navigator[0m[0m
[bt_navigator-5] [INFO] [1775421664.798435347] [bt_navigator]: Configuring
[lifecycle_manager-8] [INFO] [1775421665.007787768] [lifecycle_manager_navigation]: [34m[1mConfiguring waypoint_follower[0m[0m
[waypoint_follower-6] [INFO] [1775421665.008651847] [waypoint_follower]: Configuring
[waypoint_follower-6] [INFO] [1775421665.070631485] [waypoint_follower]: Created waypoint_task_executor : wait_at_waypoint of type nav2_waypoint_follower::WaitAtWaypoint
[waypoint_follower-6] [INFO] [1775421665.073605266] [waypoint_follower]: Waypoint pause duration is set to zero, disabling task executor plugin.
[lifecycle_manager-8] [INFO] [1775421665.074781671] [lifecycle_manager_navigation]: [34m[1mConfiguring velocity_smoother[0m[0m
[velocity_smoother-7] [INFO] [1775421665.075606582] [velocity_smoother]: Configuring velocity smoother
[lifecycle_manager-8] [INFO] [1775421665.089115912] [lifecycle_manager_navigation]: [34m[1mActivating controller_server[0m[0m
[controller_server-1] [INFO] [1775421665.089600528] [controller_server]: Activating
[controller_server-1] [INFO] [1775421665.089739315] [local_costmap.local_costmap]: Activating
[controller_server-1] [INFO] [1775421665.089783764] [local_costmap.local_costmap]: Checking transform
[controller_server-1] [INFO] [1775421665.090064601] [local_costmap.local_costmap]: start
[controller_server-1] [INFO] [1775421665.292221565] [controller_server]: Creating bond (controller_server) to lifecycle manager.
[lifecycle_manager-8] [INFO] [1775421665.407104166] [lifecycle_manager_navigation]: Server controller_server connected with bond.
[lifecycle_manager-8] [INFO] [1775421665.407478924] [lifecycle_manager_navigation]: [34m[1mActivating smoother_server[0m[0m
[smoother_server-2] [INFO] [1775421665.408367388] [smoother_server]: Activating
[smoother_server-2] [INFO] [1775421665.408503007] [smoother_server]: Creating bond (smoother_server) to lifecycle manager.
[lifecycle_manager-8] [INFO] [1775421665.527257485] [lifecycle_manager_navigation]: Server smoother_server connected with bond.
[lifecycle_manager-8] [INFO] [1775421665.527394895] [lifecycle_manager_navigation]: [34m[1mActivating planner_server[0m[0m
[planner_server-3] [INFO] [1775421665.528203326] [planner_server]: Activating
[planner_server-3] [INFO] [1775421665.528366977] [global_costmap.global_costmap]: Activating
[planner_server-3] [INFO] [1775421665.528417602] [global_costmap.global_costmap]: Checking transform
[planner_server-3] [INFO] [1775421665.528601637] [global_costmap.global_costmap]: Timed out waiting for transform from base_footprint to map to become available, tf error: Lookup would require extrapolation into the past.  Requested time 1775421665.513626 but the earliest data is at time 1775421665.566411, when looking up transform from frame [base_footprint] to frame [map]
[planner_server-3] [INFO] [1775421666.029157032] [global_costmap.global_costmap]: start
[planner_server-3] [INFO] [1775421667.079501884] [planner_server]: Activating plugin GridBased of type NavfnPlanner
[planner_server-3] [INFO] [1775421667.083874891] [planner_server]: Creating bond (planner_server) to lifecycle manager.
[lifecycle_manager-8] [INFO] [1775421667.197266136] [lifecycle_manager_navigation]: Server planner_server connected with bond.
[lifecycle_manager-8] [INFO] [1775421667.197420379] [lifecycle_manager_navigation]: [34m[1mActivating behavior_server[0m[0m
[behavior_server-4] [INFO] [1775421667.198288587] [behavior_server]: Activating
[behavior_server-4] [INFO] [1775421667.198396333] [behavior_server]: Activating spin
[behavior_server-4] [INFO] [1775421667.198454510] [behavior_server]: Activating backup
[behavior_server-4] [INFO] [1775421667.198489230] [behavior_server]: Activating drive_on_heading
[behavior_server-4] [INFO] [1775421667.198518735] [behavior_server]: Activating assisted_teleop
[behavior_server-4] [INFO] [1775421667.198544751] [behavior_server]: Activating wait
[behavior_server-4] [INFO] [1775421667.198582288] [behavior_server]: Creating bond (behavior_server) to lifecycle manager.
[lifecycle_manager-8] [INFO] [1775421667.314412682] [lifecycle_manager_navigation]: Server behavior_server connected with bond.
[lifecycle_manager-8] [INFO] [1775421667.314562156] [lifecycle_manager_navigation]: [34m[1mActivating bt_navigator[0m[0m
[bt_navigator-5] [INFO] [1775421667.315682496] [bt_navigator]: Activating
[bt_navigator-5] [INFO] [1775421667.548390598] [bt_navigator]: Creating bond (bt_navigator) to lifecycle manager.
[lifecycle_manager-8] [INFO] [1775421667.657892782] [lifecycle_manager_navigation]: Server bt_navigator connected with bond.
[lifecycle_manager-8] [INFO] [1775421667.658032113] [lifecycle_manager_navigation]: [34m[1mActivating waypoint_follower[0m[0m
[waypoint_follower-6] [INFO] [1775421667.658997538] [waypoint_follower]: Activating
[waypoint_follower-6] [INFO] [1775421667.659146405] [waypoint_follower]: Creating bond (waypoint_follower) to lifecycle manager.
[lifecycle_manager-8] [INFO] [1775421667.775183330] [lifecycle_manager_navigation]: Server waypoint_follower connected with bond.
[lifecycle_manager-8] [INFO] [1775421667.775325893] [lifecycle_manager_navigation]: [34m[1mActivating velocity_smoother[0m[0m
[velocity_smoother-7] [INFO] [1775421667.777391882] [velocity_smoother]: Activating
[velocity_smoother-7] [INFO] [1775421667.777594285] [velocity_smoother]: Creating bond (velocity_smoother) to lifecycle manager.
[lifecycle_manager-8] [INFO] [1775421667.894764831] [lifecycle_manager_navigation]: Server velocity_smoother connected with bond.
[lifecycle_manager-8] [INFO] [1775421667.894906305] [lifecycle_manager_navigation]: [34m[1mManaged nodes are active[0m[0m
[lifecycle_manager-8] [INFO] [1775421667.894952450] [lifecycle_manager_navigation]: [34m[1mCreating bond timer...[0m[0m
[bt_navigator-5] [INFO] [1775421728.124255979] [bt_navigator]: Begin navigating from current location (0.01, 0.01) to (2.52, 3.04)
[controller_server-1] [INFO] [1775421728.226548550] [controller_server]: Received a goal, begin computing control effort.
[controller_server-1] [WARN] [1775421728.226704009] [controller_server]: No goal checker was specified in parameter 'current_goal_checker'. Server will use only plugin loaded goal_checker . This warning will appear once.
[controller_server-1] [ERROR] [1775421803.228483531] [GoalDistCritic]: None of the points of the global plan were in the local costmap.
[controller_server-1] [WARN] [1775421803.229360811] [DWBLocalPlanner]: A scoring function failed to prepare
[controller_server-1] [ERROR] [1775421803.229495216] [PathDistCritic]: None of the 109 first of 109 (109) points of the global plan were in the local costmap and free
[controller_server-1] [WARN] [1775421803.229539506] [DWBLocalPlanner]: A scoring function failed to prepare
[controller_server-1] [ERROR] [1775421803.229624629] [PathDistCritic]: None of the 109 first of 109 (109) points of the global plan were in the local costmap and free
[controller_server-1] [WARN] [1775421803.229650902] [DWBLocalPlanner]: A scoring function failed to prepare
[controller_server-1] [ERROR] [1775421803.229738393] [GoalDistCritic]: None of the points of the global plan were in the local costmap.
[controller_server-1] [WARN] [1775421803.229764282] [DWBLocalPlanner]: A scoring function failed to prepare
[controller_server-1] [ERROR] [1775421803.241259589] [DWBLocalPlanner]: No valid trajectories out of 419! 
[controller_server-1] [ERROR] [1775421803.241376169] [DWBLocalPlanner]: 1.00:   PathDist/Trajectory Hits Unreachable Area.
[controller_server-1] [WARN] [1775421803.241787960] [controller_server]: No valid trajectories out of 419! 
[controller_server-1] [ERROR] [1775421803.328497416] [GoalDistCritic]: None of the points of the global plan were in the local costmap.
[controller_server-1] [WARN] [1775421803.329758071] [DWBLocalPlanner]: A scoring function failed to prepare
[controller_server-1] [ERROR] [1775421803.329818489] [PathDistCritic]: None of the 110 first of 110 (110) points of the global plan were in the local costmap and free
[controller_server-1] [WARN] [1775421803.329852698] [DWBLocalPlanner]: A scoring function failed to prepare
[controller_server-1] [ERROR] [1775421803.329877883] [PathDistCritic]: None of the 110 first of 110 (110) points of the global plan were in the local costmap and free
[controller_server-1] [WARN] [1775421803.329897660] [DWBLocalPlanner]: A scoring function failed to prepare
[controller_server-1] [ERROR] [1775421803.329921117] [GoalDistCritic]: None of the points of the global plan were in the local costmap.
[controller_server-1] [WARN] [1775421803.329940541] [DWBLocalPlanner]: A scoring function failed to prepare
[controller_server-1] [ERROR] [1775421803.341388742] [DWBLocalPlanner]: No valid trajectories out of 419! 
[controller_server-1] [ERROR] [1775421803.341477641] [DWBLocalPlanner]: 1.00:   PathDist/Trajectory Hits Unreachable Area.
[controller_server-1] [WARN] [1775421803.341805045] [controller_server]: No valid trajectories out of 419! 
[controller_server-1] [ERROR] [1775421803.428217050] [GoalDistCritic]: None of the points of the global plan were in the local costmap.
[controller_server-1] [WARN] [1775421803.429920057] [DWBLocalPlanner]: A scoring function failed to prepare
[controller_server-1] [ERROR] [1775421803.429995452] [PathDistCritic]: None of the 110 first of 110 (110) points of the global plan were in the local costmap and free
[controller_server-1] [WARN] [1775421803.430031229] [DWBLocalPlanner]: A scoring function failed to prepare
[controller_server-1] [ERROR] [1775421803.430058174] [PathDistCritic]: None of the 110 first of 110 (110) points of the global plan were in the local costmap and free
[controller_server-1] [WARN] [1775421803.430079007] [DWBLocalPlanner]: A scoring function failed to prepare
[controller_server-1] [ERROR] [1775421803.430103296] [GoalDistCritic]: None of the points of the global plan were in the local costmap.
[controller_server-1] [WARN] [1775421803.430122496] [DWBLocalPlanner]: A scoring function failed to prepare
[controller_server-1] [ERROR] [1775421803.441671597] [DWBLocalPlanner]: No valid trajectories out of 419! 
[controller_server-1] [ERROR] [1775421803.441760272] [DWBLocalPlanner]: 1.00:   PathDist/Trajectory Hits Unreachable Area.
[controller_server-1] [WARN] [1775421803.442218049] [controller_server]: No valid trajectories out of 419! 
[controller_server-1] [ERROR] [1775421803.528190005] [GoalDistCritic]: None of the points of the global plan were in the local costmap.
[controller_server-1] [WARN] [1775421803.529183130] [DWBLocalPlanner]: A scoring function failed to prepare
[controller_server-1] [ERROR] [1775421803.529340768] [PathDistCritic]: None of the 110 first of 110 (110) points of the global plan were in the local costmap and free
[controller_server-1] [WARN] [1775421803.529418499] [DWBLocalPlanner]: A scoring function failed to prepare
[controller_server-1] [ERROR] [1775421803.529457348] [PathDistCritic]: None of the 110 first of 110 (110) points of the global plan were in the local costmap and free
[controller_server-1] [WARN] [1775421803.529487653] [DWBLocalPlanner]: A scoring function failed to prepare
[controller_server-1] [ERROR] [1775421803.529513286] [GoalDistCritic]: None of the points of the global plan were in the local costmap.
[controller_server-1] [WARN] [1775421803.530155198] [DWBLocalPlanner]: A scoring function failed to prepare
[controller_server-1] [ERROR] [1775421803.541772781] [DWBLocalPlanner]: No valid trajectories out of 419! 
[controller_server-1] [ERROR] [1775421803.541883601] [DWBLocalPlanner]: 1.00:   PathDist/Trajectory Hits Unreachable Area.
[controller_server-1] [WARN] [1775421803.542236094] [controller_server]: No valid trajectories out of 419! 
[controller_server-1] [ERROR] [1775421803.628196946] [GoalDistCritic]: None of the points of the global plan were in the local costmap.
[controller_server-1] [WARN] [1775421803.628683428] [DWBLocalPlanner]: A scoring function failed to prepare
[controller_server-1] [ERROR] [1775421803.628862122] [PathDistCritic]: None of the 110 first of 110 (110) points of the global plan were in the local costmap and free
[controller_server-1] [WARN] [1775421803.628929357] [DWBLocalPlanner]: A scoring function failed to prepare
[controller_server-1] [ERROR] [1775421803.628960462] [PathDistCritic]: None of the 110 first of 110 (110) points of the global plan were in the local costmap and free
[controller_server-1] [WARN] [1775421803.628989519] [DWBLocalPlanner]: A scoring function failed to prepare
[controller_server-1] [ERROR] [1775421803.629015280] [GoalDistCritic]: None of the points of the global plan were in the local costmap.
[controller_server-1] [WARN] [1775421803.629037617] [DWBLocalPlanner]: A scoring function failed to prepare
[controller_server-1] [ERROR] [1775421803.640769476] [DWBLocalPlanner]: No valid trajectories out of 419! 
[controller_server-1] [ERROR] [1775421803.640867976] [DWBLocalPlanner]: 1.00:   PathDist/Trajectory Hits Unreachable Area.
[controller_server-1] [WARN] [1775421803.641187540] [controller_server]: No valid trajectories out of 419! 
[controller_server-1] [ERROR] [1775421803.728220623] [GoalDistCritic]: None of the points of the global plan were in the local costmap.
[controller_server-1] [WARN] [1775421803.728386069] [DWBLocalPlanner]: A scoring function failed to prepare
[controller_server-1] [ERROR] [1775421803.728425271] [PathDistCritic]: None of the 110 first of 110 (110) points of the global plan were in the local costmap and free
[controller_server-1] [WARN] [1775421803.728455768] [DWBLocalPlanner]: A scoring function failed to prepare
[controller_server-1] [ERROR] [1775421803.728483033] [PathDistCritic]: None of the 110 first of 110 (110) points of the global plan were in the local costmap and free
[controller_server-1] [WARN] [1775421803.728503258] [DWBLocalPlanner]: A scoring function failed to prepare
[controller_server-1] [ERROR] [1775421803.728525626] [GoalDistCritic]: None of the points of the global plan were in the local costmap.
[controller_server-1] [WARN] [1775421803.728544795] [DWBLocalPlanner]: A scoring function failed to prepare
[controller_server-1] [ERROR] [1775421803.740284014] [DWBLocalPlanner]: No valid trajectories out of 419! 
[controller_server-1] [ERROR] [1775421803.740383186] [DWBLocalPlanner]: 1.00:   PathDist/Trajectory Hits Unreachable Area.
[controller_server-1] [WARN] [1775421803.740710526] [controller_server]: No valid trajectories out of 419! 
[controller_server-1] [ERROR] [1775421803.740863044] [controller_server]: Controller patience exceeded
[controller_server-1] [WARN] [1775421803.741075532] [controller_server]: [follow_path] [ActionServer] Aborting handle.
[controller_server-1] [INFO] [1775421803.826171520] [local_costmap.local_costmap]: Received request to clear entirely the local_costmap
[controller_server-1] [INFO] [1775421803.828017764] [controller_server]: Received a goal, begin computing control effort.
[controller_server-1] [ERROR] [1775421803.899388955] [GoalDistCritic]: None of the points of the global plan were in the local costmap.
[controller_server-1] [WARN] [1775421803.899574562] [DWBLocalPlanner]: A scoring function failed to prepare
[controller_server-1] [ERROR] [1775421803.899621763] [PathDistCritic]: None of the 118 first of 118 (118) points of the global plan were in the local costmap and free
[controller_server-1] [WARN] [1775421803.899658949] [DWBLocalPlanner]: A scoring function failed to prepare
[controller_server-1] [ERROR] [1775421803.899684486] [PathDistCritic]: None of the 118 first of 118 (118) points of the global plan were in the local costmap and free
[controller_server-1] [WARN] [1775421803.899708135] [DWBLocalPlanner]: A scoring function failed to prepare
[controller_server-1] [ERROR] [1775421803.899731399] [GoalDistCritic]: None of the points of the global plan were in the local costmap.
[controller_server-1] [WARN] [1775421803.899750632] [DWBLocalPlanner]: A scoring function failed to prepare
[controller_server-1] [ERROR] [1775421803.911712772] [DWBLocalPlanner]: No valid trajectories out of 419! 
[controller_server-1] [ERROR] [1775421803.911820936] [DWBLocalPlanner]: 1.00:   PathDist/Trajectory Hits Unreachable Area.
[controller_server-1] [WARN] [1775421803.912223383] [controller_server]: No valid trajectories out of 419! 
[controller_server-1] [ERROR] [1775421803.929443029] [GoalDistCritic]: None of the points of the global plan were in the local costmap.
[controller_server-1] [WARN] [1775421803.929571898] [DWBLocalPlanner]: A scoring function failed to prepare
[controller_server-1] [ERROR] [1775421803.929612796] [PathDistCritic]: None of the 97 first of 97 (97) points of the global plan were in the local costmap and free
[controller_server-1] [WARN] [1775421803.929641501] [DWBLocalPlanner]: A scoring function failed to prepare
[controller_server-1] [ERROR] [1775421803.929665950] [PathDistCritic]: None of the 97 first of 97 (97) points of the global plan were in the local costmap and free
[controller_server-1] [WARN] [1775421803.929685438] [DWBLocalPlanner]: A scoring function failed to prepare
[controller_server-1] [ERROR] [1775421803.929707167] [GoalDistCritic]: None of the points of the global plan were in the local costmap.
[controller_server-1] [WARN] [1775421803.929726304] [DWBLocalPlanner]: A scoring function failed to prepare
[controller_server-1] [ERROR] [1775421803.941152551] [DWBLocalPlanner]: No valid trajectories out of 419! 
[controller_server-1] [ERROR] [1775421803.941231722] [DWBLocalPlanner]: 1.00:   PathDist/Trajectory Hits Unreachable Area.
[controller_server-1] [WARN] [1775421803.941532150] [controller_server]: No valid trajectories out of 419! 
[controller_server-1] [WARN] [1775421804.029333613] [controller_server]: Resulting plan has 0 poses in it.
[controller_server-1] [WARN] [1775421804.128523304] [controller_server]: Resulting plan has 0 poses in it.
[controller_server-1] [WARN] [1775421804.228506080] [controller_server]: Received plan with zero length
[controller_server-1] [WARN] [1775421804.328505721] [controller_server]: Received plan with zero length
[controller_server-1] [WARN] [1775421804.428550643] [controller_server]: Received plan with zero length
[controller_server-1] [ERROR] [1775421804.428733818] [controller_server]: Controller patience exceeded
[controller_server-1] [WARN] [1775421804.428963107] [controller_server]: [follow_path] [ActionServer] Aborting handle.
[controller_server-1] [INFO] [1775421804.525110957] [local_costmap.local_costmap]: Received request to clear entirely the local_costmap
[planner_server-3] [INFO] [1775421804.525950220] [global_costmap.global_costmap]: Received request to clear entirely the global_costmap
[controller_server-1] [INFO] [1775421804.528267394] [controller_server]: Received a goal, begin computing control effort.
[controller_server-1] [WARN] [1775421804.698788239] [controller_server]: Resulting plan has 0 poses in it.
[controller_server-1] [WARN] [1775421804.699331108] [controller_server]: Control loop missed its desired rate of 10.0000Hz
[controller_server-1] [WARN] [1775421804.699533867] [controller_server]: Resulting plan has 0 poses in it.
[controller_server-1] [WARN] [1775421804.728737157] [controller_server]: Received plan with zero length
[controller_server-1] [WARN] [1775421804.828818817] [controller_server]: Received plan with zero length
[controller_server-1] [WARN] [1775421804.928851963] [controller_server]: Received plan with zero length
[controller_server-1] [WARN] [1775421805.028824178] [controller_server]: Received plan with zero length
[controller_server-1] [WARN] [1775421805.129444351] [controller_server]: Received plan with zero length
[controller_server-1] [ERROR] [1775421805.129623205] [controller_server]: Controller patience exceeded
[controller_server-1] [WARN] [1775421805.129882287] [controller_server]: [follow_path] [ActionServer] Aborting handle.
[controller_server-1] [INFO] [1775421805.225046641] [local_costmap.local_costmap]: Received request to clear entirely the local_costmap
[controller_server-1] [INFO] [1775421805.226452901] [controller_server]: Received a goal, begin computing control effort.
[controller_server-1] [WARN] [1775421805.296931766] [controller_server]: Resulting plan has 0 poses in it.
[controller_server-1] [WARN] [1775421805.326937069] [controller_server]: Resulting plan has 0 poses in it.
[controller_server-1] [WARN] [1775421805.426921666] [controller_server]: Received plan with zero length
[controller_server-1] [WARN] [1775421805.526898582] [controller_server]: Received plan with zero length
[controller_server-1] [WARN] [1775421805.626897452] [controller_server]: Received plan with zero length
[controller_server-1] [WARN] [1775421805.726900161] [controller_server]: Received plan with zero length
[controller_server-1] [WARN] [1775421805.826915639] [controller_server]: Received plan with zero length
[controller_server-1] [ERROR] [1775421805.827082717] [controller_server]: Controller patience exceeded
[controller_server-1] [WARN] [1775421805.827322886] [controller_server]: [follow_path] [ActionServer] Aborting handle.
[behavior_server-4] [INFO] [1775421805.926453596] [behavior_server]: Running spin
[behavior_server-4] [INFO] [1775421805.926986383] [behavior_server]: Turning 1.57 for spin behavior.
[behavior_server-4] [WARN] [1775421806.427645860] [behavior_server]: Collision Ahead - Exiting Spin
[behavior_server-4] [WARN] [1775421806.427787050] [behavior_server]: spin failed
[behavior_server-4] [WARN] [1775421806.427845228] [behavior_server]: [spin] [ActionServer] Aborting handle.
[behavior_server-4] [INFO] [1775421806.575728009] [behavior_server]: Running wait
[behavior_server-4] [INFO] [1775421811.576199619] [behavior_server]: wait completed successfully
[controller_server-1] [INFO] [1775421811.726645637] [controller_server]: Received a goal, begin computing control effort.
[controller_server-1] [WARN] [1775421811.727201465] [controller_server]: Resulting plan has 0 poses in it.
[controller_server-1] [WARN] [1775421811.827350144] [controller_server]: Resulting plan has 0 poses in it.
[controller_server-1] [WARN] [1775421811.927347328] [controller_server]: Received plan with zero length
[controller_server-1] [WARN] [1775421812.027338688] [controller_server]: Received plan with zero length
[controller_server-1] [WARN] [1775421812.127352830] [controller_server]: Received plan with zero length
[controller_server-1] [WARN] [1775421812.227354075] [controller_server]: Received plan with zero length
[controller_server-1] [WARN] [1775421812.327312087] [controller_server]: Received plan with zero length
[controller_server-1] [ERROR] [1775421812.327485470] [controller_server]: Controller patience exceeded
[controller_server-1] [WARN] [1775421812.327796105] [controller_server]: [follow_path] [ActionServer] Aborting handle.
[controller_server-1] [INFO] [1775421812.425074018] [local_costmap.local_costmap]: Received request to clear entirely the local_costmap
[controller_server-1] [INFO] [1775421812.426439029] [controller_server]: Received a goal, begin computing control effort.
[controller_server-1] [WARN] [1775421812.497160221] [controller_server]: Resulting plan has 0 poses in it.
[controller_server-1] [WARN] [1775421812.527158668] [controller_server]: Resulting plan has 0 poses in it.
[controller_server-1] [WARN] [1775421812.627126761] [controller_server]: Received plan with zero length
[controller_server-1] [WARN] [1775421812.727140583] [controller_server]: Received plan with zero length
[controller_server-1] [WARN] [1775421812.827142916] [controller_server]: Received plan with zero length
[controller_server-1] [WARN] [1775421812.927148546] [controller_server]: Received plan with zero length
[controller_server-1] [WARN] [1775421813.027141694] [controller_server]: Received plan with zero length
[controller_server-1] [ERROR] [1775421813.027340837] [controller_server]: Controller patience exceeded
[controller_server-1] [WARN] [1775421813.027605487] [controller_server]: [follow_path] [ActionServer] Aborting handle.
[behavior_server-4] [INFO] [1775421813.125800103] [behavior_server]: Running backup
[behavior_server-4] [INFO] [1775421813.126381020] [behavior_server]: DriveOnHeading: no acceleration or deceleration limits set
[behavior_server-4] [WARN] [1775421813.126635557] [behavior_server]: Collision Ahead - Exiting DriveOnHeading
[behavior_server-4] [WARN] [1775421813.126679431] [behavior_server]: backup failed
[behavior_server-4] [WARN] [1775421813.126709960] [behavior_server]: [backup] [ActionServer] Aborting handle.
[controller_server-1] [INFO] [1775421813.275113524] [local_costmap.local_costmap]: Received request to clear entirely the local_costmap
[planner_server-3] [INFO] [1775421813.276029846] [global_costmap.global_costmap]: Received request to clear entirely the global_costmap
[controller_server-1] [INFO] [1775421813.278950529] [controller_server]: Received a goal, begin computing control effort.
[controller_server-1] [WARN] [1775421813.299456307] [controller_server]: Resulting plan has 0 poses in it.
[controller_server-1] [WARN] [1775421813.379748057] [controller_server]: Resulting plan has 0 poses in it.
[controller_server-1] [WARN] [1775421813.479817333] [controller_server]: Received plan with zero length
[controller_server-1] [WARN] [1775421813.579462946] [controller_server]: Received plan with zero length
[controller_server-1] [WARN] [1775421813.679451612] [controller_server]: Received plan with zero length
[controller_server-1] [WARN] [1775421813.779458262] [controller_server]: Received plan with zero length
[controller_server-1] [WARN] [1775421813.879453008] [controller_server]: Received plan with zero length
[controller_server-1] [ERROR] [1775421813.879634646] [controller_server]: Controller patience exceeded
[controller_server-1] [WARN] [1775421813.879891488] [controller_server]: [follow_path] [ActionServer] Aborting handle.
[controller_server-1] [INFO] [1775421813.975048072] [local_costmap.local_costmap]: Received request to clear entirely the local_costmap
[controller_server-1] [INFO] [1775421813.976495261] [controller_server]: Received a goal, begin computing control effort.
[controller_server-1] [WARN] [1775421814.097079560] [controller_server]: Resulting plan has 0 poses in it.
[controller_server-1] [WARN] [1775421814.097635389] [controller_server]: Control loop missed its desired rate of 10.0000Hz
[controller_server-1] [WARN] [1775421814.097834052] [controller_server]: Resulting plan has 0 poses in it.
[controller_server-1] [WARN] [1775421814.177063584] [controller_server]: Received plan with zero length
[controller_server-1] [WARN] [1775421814.277065463] [controller_server]: Received plan with zero length
[controller_server-1] [WARN] [1775421814.377058413] [controller_server]: Received plan with zero length
[controller_server-1] [WARN] [1775421814.477062916] [controller_server]: Received plan with zero length
[controller_server-1] [WARN] [1775421814.577033145] [controller_server]: Received plan with zero length
[controller_server-1] [ERROR] [1775421814.577220544] [controller_server]: Controller patience exceeded
[controller_server-1] [WARN] [1775421814.577473289] [controller_server]: [follow_path] [ActionServer] Aborting handle.
[behavior_server-4] [INFO] [1775421814.675685150] [behavior_server]: Running spin
[behavior_server-4] [INFO] [1775421814.675920231] [behavior_server]: Turning 1.57 for spin behavior.
[behavior_server-4] [WARN] [1775421815.176509960] [behavior_server]: Collision Ahead - Exiting Spin
[behavior_server-4] [WARN] [1775421815.176675982] [behavior_server]: spin failed
[behavior_server-4] [WARN] [1775421815.176733232] [behavior_server]: [spin] [ActionServer] Aborting handle.
[behavior_server-4] [INFO] [1775421815.325435549] [behavior_server]: Running wait
[behavior_server-4] [INFO] [1775421820.325821057] [behavior_server]: wait completed successfully
[controller_server-1] [INFO] [1775421820.476647683] [controller_server]: Received a goal, begin computing control effort.
[controller_server-1] [WARN] [1775421820.477022801] [controller_server]: Resulting plan has 0 poses in it.
[controller_server-1] [WARN] [1775421820.577446626] [controller_server]: Resulting plan has 0 poses in it.
[controller_server-1] [WARN] [1775421820.677488038] [controller_server]: Received plan with zero length
[controller_server-1] [WARN] [1775421820.777408134] [controller_server]: Received plan with zero length
[controller_server-1] [WARN] [1775421820.877161439] [controller_server]: Received plan with zero length
[controller_server-1] [WARN] [1775421820.977172258] [controller_server]: Received plan with zero length
[controller_server-1] [WARN] [1775421821.077162689] [controller_server]: Received plan with zero length
[controller_server-1] [ERROR] [1775421821.077382953] [controller_server]: Controller patience exceeded
[controller_server-1] [WARN] [1775421821.077716917] [controller_server]: [follow_path] [ActionServer] Aborting handle.
[controller_server-1] [INFO] [1775421821.175430625] [local_costmap.local_costmap]: Received request to clear entirely the local_costmap
[controller_server-1] [INFO] [1775421821.176969177] [controller_server]: Received a goal, begin computing control effort.
[controller_server-1] [WARN] [1775421821.297851025] [controller_server]: Resulting plan has 0 poses in it.
[controller_server-1] [WARN] [1775421821.298378373] [controller_server]: Control loop missed its desired rate of 10.0000Hz
[controller_server-1] [WARN] [1775421821.298571980] [controller_server]: Resulting plan has 0 poses in it.
[controller_server-1] [WARN] [1775421821.377837719] [controller_server]: Received plan with zero length
[controller_server-1] [WARN] [1775421821.478209955] [controller_server]: Received plan with zero length
[controller_server-1] [WARN] [1775421821.578094398] [controller_server]: Received plan with zero length
[controller_server-1] [WARN] [1775421821.677831475] [controller_server]: Received plan with zero length
[controller_server-1] [WARN] [1775421821.777841746] [controller_server]: Received plan with zero length
[controller_server-1] [ERROR] [1775421821.778015769] [controller_server]: Controller patience exceeded
[controller_server-1] [WARN] [1775421821.778254593] [controller_server]: [follow_path] [ActionServer] Aborting handle.
[behavior_server-4] [INFO] [1775421821.875478459] [behavior_server]: Running backup
[behavior_server-4] [WARN] [1775421821.876258488] [behavior_server]: Collision Ahead - Exiting DriveOnHeading
[behavior_server-4] [WARN] [1775421821.876319322] [behavior_server]: backup failed
[behavior_server-4] [WARN] [1775421821.876349659] [behavior_server]: [backup] [ActionServer] Aborting handle.
[controller_server-1] [INFO] [1775421822.025092075] [local_costmap.local_costmap]: Received request to clear entirely the local_costmap
[planner_server-3] [INFO] [1775421822.025996460] [global_costmap.global_costmap]: Received request to clear entirely the global_costmap
[controller_server-1] [INFO] [1775421822.028503111] [controller_server]: Received a goal, begin computing control effort.
[controller_server-1] [WARN] [1775421822.099082963] [controller_server]: Resulting plan has 0 poses in it.
[controller_server-1] [WARN] [1775421822.129070199] [controller_server]: Resulting plan has 0 poses in it.
[controller_server-1] [WARN] [1775421822.229025233] [controller_server]: Received plan with zero length
[controller_server-1] [WARN] [1775421822.329051118] [controller_server]: Received plan with zero length
[controller_server-1] [WARN] [1775421822.429056105] [controller_server]: Received plan with zero length
[controller_server-1] [WARN] [1775421822.529038468] [controller_server]: Received plan with zero length
[controller_server-1] [WARN] [1775421822.629067873] [controller_server]: Received plan with zero length
[controller_server-1] [ERROR] [1775421822.629242279] [controller_server]: Controller patience exceeded
[controller_server-1] [WARN] [1775421822.629514897] [controller_server]: [follow_path] [ActionServer] Aborting handle.
[controller_server-1] [INFO] [1775421822.725067307] [local_costmap.local_costmap]: Received request to clear entirely the local_costmap
[controller_server-1] [INFO] [1775421822.726772617] [controller_server]: Received a goal, begin computing control effort.
[controller_server-1] [WARN] [1775421822.897324335] [controller_server]: Resulting plan has 0 poses in it.
[controller_server-1] [WARN] [1775421822.898000520] [controller_server]: Control loop missed its desired rate of 10.0000Hz
[controller_server-1] [WARN] [1775421822.898214224] [controller_server]: Resulting plan has 0 poses in it.
[controller_server-1] [WARN] [1775421822.927209360] [controller_server]: Received plan with zero length
[controller_server-1] [WARN] [1775421823.027270477] [controller_server]: Received plan with zero length
[controller_server-1] [WARN] [1775421823.127235652] [controller_server]: Received plan with zero length
[controller_server-1] [WARN] [1775421823.227247069] [controller_server]: Received plan with zero length
[controller_server-1] [WARN] [1775421823.327249813] [controller_server]: Received plan with zero length
[controller_server-1] [ERROR] [1775421823.327419099] [controller_server]: Controller patience exceeded
[controller_server-1] [WARN] [1775421823.327656484] [controller_server]: [follow_path] [ActionServer] Aborting handle.
[behavior_server-4] [INFO] [1775421823.425560432] [behavior_server]: Running spin
[behavior_server-4] [INFO] [1775421823.425748375] [behavior_server]: Turning 1.57 for spin behavior.
[behavior_server-4] [INFO] [1775421825.926229607] [behavior_server]: spin completed successfully
[controller_server-1] [INFO] [1775421826.076548091] [controller_server]: Received a goal, begin computing control effort.
[controller_server-1] [WARN] [1775421826.077293974] [controller_server]: Resulting plan has 0 poses in it.
[controller_server-1] [WARN] [1775421826.177448906] [controller_server]: Resulting plan has 0 poses in it.
[controller_server-1] [WARN] [1775421826.277643231] [controller_server]: Received plan with zero length
[controller_server-1] [WARN] [1775421826.377412709] [controller_server]: Received plan with zero length
[controller_server-1] [WARN] [1775421826.477463573] [controller_server]: Received plan with zero length
[controller_server-1] [WARN] [1775421826.577435138] [controller_server]: Received plan with zero length
[controller_server-1] [WARN] [1775421826.677438416] [controller_server]: Received plan with zero length
[controller_server-1] [ERROR] [1775421826.677611159] [controller_server]: Controller patience exceeded
[controller_server-1] [WARN] [1775421826.677919714] [controller_server]: [follow_path] [ActionServer] Aborting handle.
[controller_server-1] [INFO] [1775421826.775056104] [local_costmap.local_costmap]: Received request to clear entirely the local_costmap
[controller_server-1] [INFO] [1775421826.776827849] [controller_server]: Received a goal, begin computing control effort.
[controller_server-1] [WARN] [1775421826.897339839] [controller_server]: Resulting plan has 0 poses in it.
[controller_server-1] [WARN] [1775421826.897852498] [controller_server]: Control loop missed its desired rate of 10.0000Hz
[controller_server-1] [WARN] [1775421826.898045049] [controller_server]: Resulting plan has 0 poses in it.
[controller_server-1] [WARN] [1775421826.977320055] [controller_server]: Received plan with zero length
[controller_server-1] [WARN] [1775421827.077320451] [controller_server]: Received plan with zero length
[controller_server-1] [WARN] [1775421827.177315181] [controller_server]: Received plan with zero length
[controller_server-1] [WARN] [1775421827.277312792] [controller_server]: Received plan with zero length
[controller_server-1] [WARN] [1775421827.377310179] [controller_server]: Received plan with zero length
[controller_server-1] [ERROR] [1775421827.377487209] [controller_server]: Controller patience exceeded
[controller_server-1] [WARN] [1775421827.377736659] [controller_server]: [follow_path] [ActionServer] Aborting handle.
[bt_navigator-5] [WARN] [1775421827.524625218] [bt_navigator]: [navigate_to_pose] [ActionServer] Aborting handle.
[bt_navigator-5] [ERROR] [1775421827.525414239] [bt_navigator]: Goal failed
[bt_navigator-5] [INFO] [1775421830.545530855] [bt_navigator]: Begin navigating from current location (2.88, -0.62) to (2.52, 3.04)
[controller_server-1] [INFO] [1775421830.647012893] [controller_server]: Received a goal, begin computing control effort.
[controller_server-1] [INFO] [1775421831.847348090] [controller_server]: Passing new path to controller.
[waypoint_follower-6] [INFO] [1775421910.549906576] [rclcpp]: signal_handler(SIGINT/SIGTERM)
[waypoint_follower-6] [INFO] [1775421910.550132472] [waypoint_follower]: Running Nav2 LifecycleNode rcl preshutdown (waypoint_follower)
[waypoint_follower-6] [INFO] [1775421910.550248572] [waypoint_follower]: Deactivating
[waypoint_follower-6] [INFO] [1775421910.550285629] [waypoint_follower]: Destroying bond (waypoint_follower) to lifecycle manager.
[velocity_smoother-7] [INFO] [1775421910.550297341] [rclcpp]: signal_handler(SIGINT/SIGTERM)
[velocity_smoother-7] [INFO] [1775421910.550469731] [velocity_smoother]: Running Nav2 LifecycleNode rcl preshutdown (velocity_smoother)
[velocity_smoother-7] [INFO] [1775421910.550595783] [velocity_smoother]: Deactivating
[velocity_smoother-7] [INFO] [1775421910.550655113] [velocity_smoother]: Destroying bond (velocity_smoother) to lifecycle manager.
[behavior_server-4] [INFO] [1775421910.552089786] [rclcpp]: signal_handler(SIGINT/SIGTERM)
[behavior_server-4] [INFO] [1775421910.552187229] [behavior_server]: Running Nav2 LifecycleNode rcl preshutdown (behavior_server)
[behavior_server-4] [INFO] [1775421910.552304321] [behavior_server]: Deactivating
[behavior_server-4] [INFO] [1775421910.552368195] [behavior_server]: Destroying bond (behavior_server) to lifecycle manager.
[planner_server-3] [INFO] [1775421910.554813718] [rclcpp]: signal_handler(SIGINT/SIGTERM)
[planner_server-3] [INFO] [1775421910.554968283] [planner_server]: Running Nav2 LifecycleNode rcl preshutdown (planner_server)
[planner_server-3] [INFO] [1775421910.555097663] [planner_server]: Deactivating
[planner_server-3] [INFO] [1775421910.555178914] [global_costmap.global_costmap]: Deactivating
[smoother_server-2] [INFO] [1775421910.554900281] [rclcpp]: signal_handler(SIGINT/SIGTERM)
[smoother_server-2] [INFO] [1775421910.555104384] [smoother_server]: Running Nav2 LifecycleNode rcl preshutdown (smoother_server)
[smoother_server-2] [INFO] [1775421910.555246052] [smoother_server]: Deactivating
[smoother_server-2] [INFO] [1775421910.555292422] [smoother_server]: Destroying bond (smoother_server) to lifecycle manager.
[controller_server-1] [INFO] [1775421910.593829914] [rclcpp]: signal_handler(SIGINT/SIGTERM)
[controller_server-1] [INFO] [1775421910.594087586] [controller_server]: Running Nav2 LifecycleNode rcl preshutdown (controller_server)
[controller_server-1] [INFO] [1775421910.594236455] [controller_server]: Deactivating
[controller_server-1] [WARN] [1775421910.594288361] [controller_server]: [follow_path] [ActionServer] Requested to deactivate server but goal is still executing. Should check if action server is running before deactivating.
[lifecycle_manager-8] [INFO] [1775421910.609471881] [rclcpp]: signal_handler(SIGINT/SIGTERM)
[lifecycle_manager-8] [INFO] [1775421910.609705105] [lifecycle_manager_navigation]: Running Nav2 LifecycleManager rcl preshutdown (lifecycle_manager_navigation)
[lifecycle_manager-8] [INFO] [1775421910.609790708] [lifecycle_manager_navigation]: [34m[1mTerminating bond timer...[0m[0m
[bt_navigator-5] [INFO] [1775421910.624402017] [rclcpp]: signal_handler(SIGINT/SIGTERM)
[bt_navigator-5] [INFO] [1775421910.624629673] [bt_navigator]: Running Nav2 LifecycleNode rcl preshutdown (bt_navigator)
[bt_navigator-5] [INFO] [1775421910.624765901] [bt_navigator]: Deactivating
[bt_navigator-5] [WARN] [1775421910.624807855] [bt_navigator]: [navigate_to_pose] [ActionServer] Requested to deactivate server but goal is still executing. Should check if action server is running before deactivating.
[waypoint_follower-6] [INFO] [1775421910.630924413] [waypoint_follower]: Cleaning up
[velocity_smoother-7] [INFO] [1775421910.631260136] [velocity_smoother]: Cleaning up
[velocity_smoother-7] [INFO] [1775421910.631377388] [velocity_smoother]: Destroying bond (velocity_smoother) to lifecycle manager.
[velocity_smoother-7] [INFO] [1775421910.657407482] [velocity_smoother]: Destroying
[behavior_server-4] [INFO] [1775421910.652972965] [behavior_server]: Cleaning up
[behavior_server-4] [INFO] [1775421910.660116213] [behavior_server]: Destroying bond (behavior_server) to lifecycle manager.
[smoother_server-2] [INFO] [1775421910.656028972] [smoother_server]: Cleaning up
[waypoint_follower-6] [INFO] [1775421910.678856942] [waypoint_follower]: Destroying bond (waypoint_follower) to lifecycle manager.
[waypoint_follower-6] [INFO] [1775421910.684051645] [waypoint_follower]: Destroying
[controller_server-1] [INFO] [1775421910.694414426] [controller_server]: [follow_path] [ActionServer] Waiting for async process to finish.
[smoother_server-2] [INFO] [1775421910.714368059] [smoother_server]: Destroying bond (smoother_server) to lifecycle manager.
[controller_server-1] [WARN] [1775421910.719280321] [controller_server]: Control loop missed its desired rate of 10.0000Hz
[controller_server-1] [WARN] [1775421910.719401957] [controller_server]: [follow_path] [ActionServer] Stopping the thread per request.
[controller_server-1] [INFO] [1775421910.719451943] [controller_server]: [follow_path] [ActionServer] Client requested to cancel the goal. Cancelling.
[bt_navigator-5] [INFO] [1775421910.724958721] [bt_navigator]: [navigate_to_pose] [ActionServer] Waiting for async process to finish.
[bt_navigator-5] [WARN] [1775421910.730621215] [bt_navigator]: [navigate_to_pose] [ActionServer] Aborting handle.
[bt_navigator-5] [INFO] [1775421910.730954027] [bt_navigator]: Goal canceled
[bt_navigator-5] [WARN] [1775421910.730990444] [bt_navigator]: [navigate_to_pose] [ActionServer] Stopping the thread per request.
[bt_navigator-5] [INFO] [1775421910.731285686] [bt_navigator]: Destroying bond (bt_navigator) to lifecycle manager.
[controller_server-1] [INFO] [1775421910.728761793] [local_costmap.local_costmap]: Deactivating
[smoother_server-2] [INFO] [1775421910.733148725] [smoother_server]: Destroying
[bt_navigator-5] [INFO] [1775421910.781875104] [bt_navigator]: Cleaning up
[lifecycle_manager-8] [INFO] [1775421910.886185854] [lifecycle_manager_navigation]: Destroying lifecycle_manager_navigation
[controller_server-1] [INFO] [1775421910.892549077] [controller_server]: Destroying bond (controller_server) to lifecycle manager.
[controller_server-1] [INFO] [1775421910.902925427] [controller_server]: Cleaning up
[controller_server-1] [INFO] [1775421910.903503303] [local_costmap.local_costmap]: Cleaning up
[behavior_server-4] [INFO] [1775421910.934382584] [behavior_server]: Destroying
[INFO] [velocity_smoother-7]: process has finished cleanly [pid 30584]
[INFO] [waypoint_follower-6]: process has finished cleanly [pid 30582]
[controller_server-1] [INFO] [1775421910.964827291] [controller_server]: Destroying bond (controller_server) to lifecycle manager.
[controller_server-1] [INFO] [1775421910.975784877] [local_costmap.local_costmap]: Destroying
[INFO] [smoother_server-2]: process has finished cleanly [pid 30574]
[controller_server-1] [INFO] [1775421911.020145924] [controller_server]: Destroying
[planner_server-3] [INFO] [1775421911.029577890] [planner_server]: Deactivating plugin GridBased of type NavfnPlanner
[planner_server-3] [INFO] [1775421911.029719335] [planner_server]: Destroying bond (planner_server) to lifecycle manager.
[planner_server-3] [INFO] [1775421911.040057251] [planner_server]: Cleaning up
[planner_server-3] [INFO] [1775421911.059078404] [global_costmap.global_costmap]: Cleaning up
[INFO] [lifecycle_manager-8]: process has finished cleanly [pid 30588]
[planner_server-3] [INFO] [1775421911.073585901] [planner_server]: Cleaning up plugin GridBased of type NavfnPlanner
[planner_server-3] [INFO] [1775421911.075300679] [planner_server]: Destroying plugin GridBased of type NavfnPlanner
[bt_navigator-5] [INFO] [1775421911.084285494] [bt_navigator]: Completed Cleaning up
[bt_navigator-5] [INFO] [1775421911.084443675] [bt_navigator]: Destroying bond (bt_navigator) to lifecycle manager.
[planner_server-3] [INFO] [1775421911.088140856] [planner_server]: Destroying bond (planner_server) to lifecycle manager.
[planner_server-3] [INFO] [1775421911.094644819] [global_costmap.global_costmap]: Destroying
[bt_navigator-5] [INFO] [1775421911.106846510] [bt_navigator]: Destroying
[planner_server-3] [INFO] [1775421911.113193540] [planner_server]: Destroying
[INFO] [behavior_server-4]: process has finished cleanly [pid 30578]
[INFO] [controller_server-1]: process has finished cleanly [pid 30572]
[INFO] [planner_server-3]: process has finished cleanly [pid 30576]
[INFO] [bt_navigator-5]: process has finished cleanly [pid 30580]
