[INFO] [launch]: All log files can be found below /home/jetson/.ros/log/2026-04-06-03-03-21-711181-chandan-57620
[INFO] [launch]: Default logging verbosity is set to INFO
[INFO] [controller_server-1]: process started with pid [57741]
[INFO] [smoother_server-2]: process started with pid [57743]
[INFO] [planner_server-3]: process started with pid [57745]
[INFO] [behavior_server-4]: process started with pid [57747]
[INFO] [bt_navigator-5]: process started with pid [57751]
[INFO] [waypoint_follower-6]: process started with pid [57759]
[INFO] [velocity_smoother-7]: process started with pid [57767]
[INFO] [lifecycle_manager-8]: process started with pid [57780]
[smoother_server-2] [INFO] [1775415804.834614435] [smoother_server]: 
[smoother_server-2] 	smoother_server lifecycle node launched. 
[smoother_server-2] 	Waiting on external lifecycle transitions to activate
[smoother_server-2] 	See https://design.ros2.org/articles/node_lifecycle.html for more information.
[smoother_server-2] [INFO] [1775415804.838046312] [smoother_server]: Creating smoother server
[behavior_server-4] [INFO] [1775415805.626075495] [behavior_server]: 
[behavior_server-4] 	behavior_server lifecycle node launched. 
[behavior_server-4] 	Waiting on external lifecycle transitions to activate
[behavior_server-4] 	See https://design.ros2.org/articles/node_lifecycle.html for more information.
[planner_server-3] [INFO] [1775415805.687790198] [planner_server]: 
[planner_server-3] 	planner_server lifecycle node launched. 
[planner_server-3] 	Waiting on external lifecycle transitions to activate
[planner_server-3] 	See https://design.ros2.org/articles/node_lifecycle.html for more information.
[planner_server-3] [INFO] [1775415805.690751169] [planner_server]: Creating
[controller_server-1] [INFO] [1775415805.891921914] [controller_server]: 
[controller_server-1] 	controller_server lifecycle node launched. 
[controller_server-1] 	Waiting on external lifecycle transitions to activate
[controller_server-1] 	See https://design.ros2.org/articles/node_lifecycle.html for more information.
[controller_server-1] [INFO] [1775415806.108302545] [controller_server]: Creating controller server
[waypoint_follower-6] [INFO] [1775415807.021349267] [waypoint_follower]: 
[velocity_smoother-7] [INFO] [1775415807.031929186] [velocity_smoother]: 
[velocity_smoother-7] 	velocity_smoother lifecycle node launched. 
[velocity_smoother-7] 	Waiting on external lifecycle transitions to activate
[velocity_smoother-7] 	See https://design.ros2.org/articles/node_lifecycle.html for more information.
[waypoint_follower-6] 	waypoint_follower lifecycle node launched. 
[waypoint_follower-6] 	Waiting on external lifecycle transitions to activate
[waypoint_follower-6] 	See https://design.ros2.org/articles/node_lifecycle.html for more information.
[waypoint_follower-6] [INFO] [1775415807.063338822] [waypoint_follower]: Creating
[lifecycle_manager-8] [INFO] [1775415807.108364396] [lifecycle_manager_navigation]: Creating
[lifecycle_manager-8] [INFO] [1775415807.254881975] [lifecycle_manager_navigation]: [34m[1mCreating and initializing lifecycle service clients[0m[0m
[bt_navigator-5] [INFO] [1775415807.680976938] [bt_navigator]: 
[bt_navigator-5] 	bt_navigator lifecycle node launched. 
[bt_navigator-5] 	Waiting on external lifecycle transitions to activate
[bt_navigator-5] 	See https://design.ros2.org/articles/node_lifecycle.html for more information.
[bt_navigator-5] [INFO] [1775415807.681410559] [bt_navigator]: Creating
[planner_server-3] [INFO] [1775415808.767273602] [global_costmap.global_costmap]: 
[planner_server-3] 	global_costmap lifecycle node launched. 
[planner_server-3] 	Waiting on external lifecycle transitions to activate
[planner_server-3] 	See https://design.ros2.org/articles/node_lifecycle.html for more information.
[planner_server-3] [INFO] [1775415808.858209841] [global_costmap.global_costmap]: Creating Costmap
[lifecycle_manager-8] [INFO] [1775415809.363763998] [lifecycle_manager_navigation]: Waiting for service smoother_server/get_state...
[controller_server-1] [INFO] [1775415809.832580402] [local_costmap.local_costmap]: 
[controller_server-1] 	local_costmap lifecycle node launched. 
[controller_server-1] 	Waiting on external lifecycle transitions to activate
[controller_server-1] 	See https://design.ros2.org/articles/node_lifecycle.html for more information.
[controller_server-1] [INFO] [1775415809.833803496] [local_costmap.local_costmap]: Creating Costmap
[lifecycle_manager-8] [INFO] [1775415811.365489061] [lifecycle_manager_navigation]: Waiting for service smoother_server/get_state...
[lifecycle_manager-8] [INFO] [1775415813.365808413] [lifecycle_manager_navigation]: Waiting for service smoother_server/get_state...
[lifecycle_manager-8] [INFO] [1775415814.482972195] [lifecycle_manager_navigation]: [34m[1mStarting managed nodes bringup...[0m[0m
[lifecycle_manager-8] [INFO] [1775415814.483106163] [lifecycle_manager_navigation]: [34m[1mConfiguring controller_server[0m[0m
[controller_server-1] [INFO] [1775415814.484131536] [controller_server]: Configuring controller interface
[controller_server-1] [INFO] [1775415814.484900205] [controller_server]: getting goal checker plugins..
[controller_server-1] [INFO] [1775415814.485636487] [controller_server]: Controller frequency set to 10.0000Hz
[controller_server-1] [INFO] [1775415814.485724049] [local_costmap.local_costmap]: Configuring
[controller_server-1] [INFO] [1775415814.574486970] [local_costmap.local_costmap]: Using plugin "obstacle_layer"
[controller_server-1] [INFO] [1775415814.601729963] [local_costmap.local_costmap]: Subscribed to Topics: scan
[controller_server-1] [INFO] [1775415814.672761416] [local_costmap.local_costmap]: Initialized plugin "obstacle_layer"
[controller_server-1] [INFO] [1775415814.672864980] [local_costmap.local_costmap]: Using plugin "inflation_layer"
[controller_server-1] [INFO] [1775415814.688125716] [local_costmap.local_costmap]: Initialized plugin "inflation_layer"
[controller_server-1] [INFO] [1775415814.843912274] [controller_server]: Created progress_checker : progress_checker of type nav2_controller::SimpleProgressChecker
[controller_server-1] [INFO] [1775415814.849481592] [controller_server]: Created goal checker : goal_checker of type nav2_controller::SimpleGoalChecker
[controller_server-1] [INFO] [1775415814.857377784] [controller_server]: Controller Server has goal_checker  goal checkers available.
[controller_server-1] [INFO] [1775415814.861726728] [controller_server]: Created controller : FollowPath of type dwb_core::DWBLocalPlanner
[controller_server-1] [INFO] [1775415814.880582813] [controller_server]: Setting transform_tolerance to 0.200000
[controller_server-1] [INFO] [1775415815.066871345] [controller_server]: Using critic "RotateToGoal" (dwb_critics::RotateToGoalCritic)
[controller_server-1] [INFO] [1775415815.081806119] [controller_server]: Critic plugin initialized
[controller_server-1] [INFO] [1775415815.086462877] [controller_server]: Using critic "Oscillation" (dwb_critics::OscillationCritic)
[controller_server-1] [INFO] [1775415815.112429616] [controller_server]: Critic plugin initialized
[controller_server-1] [INFO] [1775415815.113616480] [controller_server]: Using critic "BaseObstacle" (dwb_critics::BaseObstacleCritic)
[controller_server-1] [INFO] [1775415815.115780871] [controller_server]: Critic plugin initialized
[controller_server-1] [INFO] [1775415815.116863402] [controller_server]: Using critic "GoalAlign" (dwb_critics::GoalAlignCritic)
[controller_server-1] [INFO] [1775415815.120103028] [controller_server]: Critic plugin initialized
[controller_server-1] [INFO] [1775415815.121247327] [controller_server]: Using critic "PathAlign" (dwb_critics::PathAlignCritic)
[controller_server-1] [INFO] [1775415815.124495433] [controller_server]: Critic plugin initialized
[controller_server-1] [INFO] [1775415815.125976189] [controller_server]: Using critic "PathDist" (dwb_critics::PathDistCritic)
[controller_server-1] [INFO] [1775415815.128372448] [controller_server]: Critic plugin initialized
[controller_server-1] [INFO] [1775415815.129567602] [controller_server]: Using critic "GoalDist" (dwb_critics::GoalDistCritic)
[controller_server-1] [INFO] [1775415815.162955786] [controller_server]: Critic plugin initialized
[controller_server-1] [INFO] [1775415815.163072728] [controller_server]: Controller Server has FollowPath  controllers available.
[lifecycle_manager-8] [INFO] [1775415815.304123367] [lifecycle_manager_navigation]: [34m[1mConfiguring smoother_server[0m[0m
[smoother_server-2] [INFO] [1775415815.307876207] [smoother_server]: Configuring smoother server
[lifecycle_manager-8] [INFO] [1775415815.312545254] [lifecycle_manager_navigation]: [34m[1mConfiguring planner_server[0m[0m
[planner_server-3] [INFO] [1775415815.316818125] [planner_server]: Configuring
[planner_server-3] [INFO] [1775415815.316940476] [global_costmap.global_costmap]: Configuring
[lifecycle_manager-8] [INFO] [1775415815.330650269] [lifecycle_manager_navigation]: [34m[1mConfiguring behavior_server[0m[0m
[behavior_server-4] [INFO] [1775415815.331647062] [behavior_server]: Configuring
[lifecycle_manager-8] [INFO] [1775415815.338386569] [lifecycle_manager_navigation]: [34m[1mConfiguring bt_navigator[0m[0m
[bt_navigator-5] [INFO] [1775415815.339813462] [bt_navigator]: Configuring
[planner_server-3] [INFO] [1775415815.531984743] [global_costmap.global_costmap]: Using plugin "static_layer"
[behavior_server-4] [INFO] [1775415815.556232617] [behavior_server]: Creating behavior plugin spin of type nav2_behaviors/Spin
[behavior_server-4] [INFO] [1775415815.565182088] [behavior_server]: Configuring spin
[smoother_server-2] [INFO] [1775415815.635306671] [smoother_server]: Created smoother : simple_smoother of type nav2_smoother::SimpleSmoother
[smoother_server-2] [INFO] [1775415815.667997266] [smoother_server]: Smoother Server has simple_smoother  smoothers available.
[planner_server-3] [INFO] [1775415815.714585998] [global_costmap.global_costmap]: Subscribing to the map topic (/map) with transient local durability
[planner_server-3] [INFO] [1775415815.781101982] [global_costmap.global_costmap]: Initialized plugin "static_layer"
[behavior_server-4] [INFO] [1775415815.815130628] [behavior_server]: Creating behavior plugin backup of type nav2_behaviors/BackUp
[behavior_server-4] [INFO] [1775415815.825004307] [behavior_server]: Configuring backup
[behavior_server-4] [INFO] [1775415815.998154558] [behavior_server]: Creating behavior plugin drive_on_heading of type nav2_behaviors/DriveOnHeading
[behavior_server-4] [INFO] [1775415816.006298106] [behavior_server]: Configuring drive_on_heading
[behavior_server-4] [INFO] [1775415816.138131611] [behavior_server]: Creating behavior plugin assisted_teleop of type nav2_behaviors/AssistedTeleop
[behavior_server-4] [INFO] [1775415816.152826962] [behavior_server]: Configuring assisted_teleop
[planner_server-3] [INFO] [1775415816.229576405] [global_costmap.global_costmap]: StaticLayer: Resizing costmap to 185 X 172 at 0.050000 m/pix
[planner_server-3] [INFO] [1775415816.234998664] [planner_server]: Created global planner plugin GridBased of type nav2_navfn_planner/NavfnPlanner
[planner_server-3] [INFO] [1775415816.239932830] [planner_server]: Configuring plugin GridBased of type NavfnPlanner
[planner_server-3] [INFO] [1775415816.280985269] [planner_server]: Planner Server has GridBased  planners available.
[behavior_server-4] [INFO] [1775415816.291678983] [behavior_server]: Creating behavior plugin wait of type nav2_behaviors/Wait
[behavior_server-4] [INFO] [1775415816.296314521] [behavior_server]: Configuring wait
[lifecycle_manager-8] [INFO] [1775415816.775059250] [lifecycle_manager_navigation]: [34m[1mConfiguring waypoint_follower[0m[0m
[waypoint_follower-6] [INFO] [1775415816.778155818] [waypoint_follower]: Configuring
[lifecycle_manager-8] [INFO] [1775415816.785880531] [lifecycle_manager_navigation]: [34m[1mConfiguring velocity_smoother[0m[0m
[velocity_smoother-7] [INFO] [1775415816.786821221] [velocity_smoother]: Configuring velocity smoother
[lifecycle_manager-8] [INFO] [1775415816.801613033] [lifecycle_manager_navigation]: [34m[1mActivating controller_server[0m[0m
[controller_server-1] [INFO] [1775415816.805043433] [controller_server]: Activating
[controller_server-1] [INFO] [1775415816.805178969] [local_costmap.local_costmap]: Activating
[controller_server-1] [INFO] [1775415816.805207997] [local_costmap.local_costmap]: Checking transform
[controller_server-1] [INFO] [1775415816.805259171] [local_costmap.local_costmap]: Timed out waiting for transform from base_footprint to odom to become available, tf error: Invalid frame ID "base_footprint" passed to canTransform argument source_frame - frame does not exist
[waypoint_follower-6] [INFO] [1775415817.028318401] [waypoint_follower]: Created waypoint_task_executor : wait_at_waypoint of type nav2_waypoint_follower::WaitAtWaypoint
[waypoint_follower-6] [INFO] [1775415817.038162570] [waypoint_follower]: Waypoint pause duration is set to zero, disabling task executor plugin.
[controller_server-1] [INFO] [1775415817.305344920] [local_costmap.local_costmap]: Timed out waiting for transform from base_footprint to odom to become available, tf error: Invalid frame ID "base_footprint" passed to canTransform argument source_frame - frame does not exist
[controller_server-1] [INFO] [1775415817.805322826] [local_costmap.local_costmap]: Timed out waiting for transform from base_footprint to odom to become available, tf error: Invalid frame ID "base_footprint" passed to canTransform argument source_frame - frame does not exist
[controller_server-1] [INFO] [1775415818.305326013] [local_costmap.local_costmap]: Timed out waiting for transform from base_footprint to odom to become available, tf error: Invalid frame ID "base_footprint" passed to canTransform argument source_frame - frame does not exist
[controller_server-1] [INFO] [1775415818.805373792] [local_costmap.local_costmap]: Timed out waiting for transform from base_footprint to odom to become available, tf error: Invalid frame ID "base_footprint" passed to canTransform argument source_frame - frame does not exist
[controller_server-1] [INFO] [1775415819.305346167] [local_costmap.local_costmap]: Timed out waiting for transform from base_footprint to odom to become available, tf error: Invalid frame ID "base_footprint" passed to canTransform argument source_frame - frame does not exist
[bt_navigator-5] [INFO] [1775415819.652789884] [bt_navigator]: Activating
[controller_server-1] [INFO] [1775415819.805345949] [local_costmap.local_costmap]: Timed out waiting for transform from base_footprint to odom to become available, tf error: Invalid frame ID "base_footprint" passed to canTransform argument source_frame - frame does not exist
[controller_server-1] [INFO] [1775415820.305331455] [local_costmap.local_costmap]: Timed out waiting for transform from base_footprint to odom to become available, tf error: Invalid frame ID "base_footprint" passed to canTransform argument source_frame - frame does not exist
[controller_server-1] [INFO] [1775415820.805345486] [local_costmap.local_costmap]: Timed out waiting for transform from base_footprint to odom to become available, tf error: Invalid frame ID "base_footprint" passed to canTransform argument source_frame - frame does not exist
[bt_navigator-5] [INFO] [1775415821.024972490] [bt_navigator]: Creating bond (bt_navigator) to lifecycle manager.
[controller_server-1] [INFO] [1775415821.305330297] [local_costmap.local_costmap]: Timed out waiting for transform from base_footprint to odom to become available, tf error: Invalid frame ID "base_footprint" passed to canTransform argument source_frame - frame does not exist
[controller_server-1] [INFO] [1775415821.805482594] [local_costmap.local_costmap]: Timed out waiting for transform from base_footprint to odom to become available, tf error: Invalid frame ID "base_footprint" passed to canTransform argument source_frame - frame does not exist
[controller_server-1] [INFO] [1775415822.305316515] [local_costmap.local_costmap]: Timed out waiting for transform from base_footprint to odom to become available, tf error: Invalid frame ID "base_footprint" passed to canTransform argument source_frame - frame does not exist
[controller_server-1] [INFO] [1775415822.805329764] [local_costmap.local_costmap]: Timed out waiting for transform from base_footprint to odom to become available, tf error: Invalid frame ID "base_footprint" passed to canTransform argument source_frame - frame does not exist
[controller_server-1] [INFO] [1775415823.305327137] [local_costmap.local_costmap]: Timed out waiting for transform from base_footprint to odom to become available, tf error: Invalid frame ID "base_footprint" passed to canTransform argument source_frame - frame does not exist
[controller_server-1] [INFO] [1775415823.805324457] [local_costmap.local_costmap]: Timed out waiting for transform from base_footprint to odom to become available, tf error: Invalid frame ID "base_footprint" passed to canTransform argument source_frame - frame does not exist
[controller_server-1] [INFO] [1775415824.305329201] [local_costmap.local_costmap]: Timed out waiting for transform from base_footprint to odom to become available, tf error: Invalid frame ID "base_footprint" passed to canTransform argument source_frame - frame does not exist
[controller_server-1] [INFO] [1775415824.805327970] [local_costmap.local_costmap]: Timed out waiting for transform from base_footprint to odom to become available, tf error: Invalid frame ID "base_footprint" passed to canTransform argument source_frame - frame does not exist
[controller_server-1] [INFO] [1775415825.305324049] [local_costmap.local_costmap]: Timed out waiting for transform from base_footprint to odom to become available, tf error: Invalid frame ID "base_footprint" passed to canTransform argument source_frame - frame does not exist
[controller_server-1] [INFO] [1775415825.805323724] [local_costmap.local_costmap]: Timed out waiting for transform from base_footprint to odom to become available, tf error: Invalid frame ID "base_footprint" passed to canTransform argument source_frame - frame does not exist
[controller_server-1] [INFO] [1775415826.305335590] [local_costmap.local_costmap]: Timed out waiting for transform from base_footprint to odom to become available, tf error: Invalid frame ID "base_footprint" passed to canTransform argument source_frame - frame does not exist
[controller_server-1] [INFO] [1775415826.806251096] [local_costmap.local_costmap]: Timed out waiting for transform from base_footprint to odom to become available, tf error: Invalid frame ID "base_footprint" passed to canTransform argument source_frame - frame does not exist
[controller_server-1] [INFO] [1775415827.305340461] [local_costmap.local_costmap]: Timed out waiting for transform from base_footprint to odom to become available, tf error: Invalid frame ID "base_footprint" passed to canTransform argument source_frame - frame does not exist
[controller_server-1] [INFO] [1775415827.805323288] [local_costmap.local_costmap]: Timed out waiting for transform from base_footprint to odom to become available, tf error: Invalid frame ID "base_footprint" passed to canTransform argument source_frame - frame does not exist
[controller_server-1] [INFO] [1775415828.305325540] [local_costmap.local_costmap]: Timed out waiting for transform from base_footprint to odom to become available, tf error: Invalid frame ID "base_footprint" passed to canTransform argument source_frame - frame does not exist
[controller_server-1] [INFO] [1775415828.805321914] [local_costmap.local_costmap]: Timed out waiting for transform from base_footprint to odom to become available, tf error: Invalid frame ID "base_footprint" passed to canTransform argument source_frame - frame does not exist
[controller_server-1] [INFO] [1775415829.305324336] [local_costmap.local_costmap]: Timed out waiting for transform from base_footprint to odom to become available, tf error: Invalid frame ID "base_footprint" passed to canTransform argument source_frame - frame does not exist
[controller_server-1] [INFO] [1775415829.805347410] [local_costmap.local_costmap]: Timed out waiting for transform from base_footprint to odom to become available, tf error: Invalid frame ID "base_footprint" passed to canTransform argument source_frame - frame does not exist
[controller_server-1] [INFO] [1775415830.305346481] [local_costmap.local_costmap]: Timed out waiting for transform from base_footprint to odom to become available, tf error: Invalid frame ID "base_footprint" passed to canTransform argument source_frame - frame does not exist
[controller_server-1] [INFO] [1775415830.805327864] [local_costmap.local_costmap]: Timed out waiting for transform from base_footprint to odom to become available, tf error: Invalid frame ID "base_footprint" passed to canTransform argument source_frame - frame does not exist
[controller_server-1] [INFO] [1775415831.305336067] [local_costmap.local_costmap]: Timed out waiting for transform from base_footprint to odom to become available, tf error: Invalid frame ID "base_footprint" passed to canTransform argument source_frame - frame does not exist
[controller_server-1] [INFO] [1775415831.805322228] [local_costmap.local_costmap]: Timed out waiting for transform from base_footprint to odom to become available, tf error: Invalid frame ID "base_footprint" passed to canTransform argument source_frame - frame does not exist
[controller_server-1] [INFO] [1775415832.305327272] [local_costmap.local_costmap]: Timed out waiting for transform from base_footprint to odom to become available, tf error: Invalid frame ID "base_footprint" passed to canTransform argument source_frame - frame does not exist
[controller_server-1] [INFO] [1775415832.805320484] [local_costmap.local_costmap]: Timed out waiting for transform from base_footprint to odom to become available, tf error: Invalid frame ID "base_footprint" passed to canTransform argument source_frame - frame does not exist
[controller_server-1] [INFO] [1775415833.305331330] [local_costmap.local_costmap]: Timed out waiting for transform from base_footprint to odom to become available, tf error: Invalid frame ID "base_footprint" passed to canTransform argument source_frame - frame does not exist
[controller_server-1] [INFO] [1775415833.805340906] [local_costmap.local_costmap]: Timed out waiting for transform from base_footprint to odom to become available, tf error: Invalid frame ID "base_footprint" passed to canTransform argument source_frame - frame does not exist
[controller_server-1] [INFO] [1775415834.305418971] [local_costmap.local_costmap]: Timed out waiting for transform from base_footprint to odom to become available, tf error: Invalid frame ID "base_footprint" passed to canTransform argument source_frame - frame does not exist
[controller_server-1] [INFO] [1775415834.805335266] [local_costmap.local_costmap]: Timed out waiting for transform from base_footprint to odom to become available, tf error: Invalid frame ID "base_footprint" passed to canTransform argument source_frame - frame does not exist
[controller_server-1] [INFO] [1775415835.305322161] [local_costmap.local_costmap]: Timed out waiting for transform from base_footprint to odom to become available, tf error: Invalid frame ID "base_footprint" passed to canTransform argument source_frame - frame does not exist
[controller_server-1] [INFO] [1775415835.805328045] [local_costmap.local_costmap]: Timed out waiting for transform from base_footprint to odom to become available, tf error: Invalid frame ID "base_footprint" passed to canTransform argument source_frame - frame does not exist
[controller_server-1] [INFO] [1775415836.305318055] [local_costmap.local_costmap]: Timed out waiting for transform from base_footprint to odom to become available, tf error: Invalid frame ID "base_footprint" passed to canTransform argument source_frame - frame does not exist
[controller_server-1] [INFO] [1775415836.805655669] [local_costmap.local_costmap]: Timed out waiting for transform from base_footprint to odom to become available, tf error: Invalid frame ID "base_footprint" passed to canTransform argument source_frame - frame does not exist
[controller_server-1] [INFO] [1775415837.305326324] [local_costmap.local_costmap]: Timed out waiting for transform from base_footprint to odom to become available, tf error: Invalid frame ID "base_footprint" passed to canTransform argument source_frame - frame does not exist
[controller_server-1] [INFO] [1775415837.805323907] [local_costmap.local_costmap]: Timed out waiting for transform from base_footprint to odom to become available, tf error: Invalid frame ID "base_footprint" passed to canTransform argument source_frame - frame does not exist
[controller_server-1] [INFO] [1775415838.305331028] [local_costmap.local_costmap]: Timed out waiting for transform from base_footprint to odom to become available, tf error: Invalid frame ID "base_footprint" passed to canTransform argument source_frame - frame does not exist
[controller_server-1] [INFO] [1775415838.805327630] [local_costmap.local_costmap]: Timed out waiting for transform from base_footprint to odom to become available, tf error: Invalid frame ID "base_footprint" passed to canTransform argument source_frame - frame does not exist
[controller_server-1] [INFO] [1775415839.305323817] [local_costmap.local_costmap]: Timed out waiting for transform from base_footprint to odom to become available, tf error: Invalid frame ID "base_footprint" passed to canTransform argument source_frame - frame does not exist
[controller_server-1] [INFO] [1775415839.805314541] [local_costmap.local_costmap]: Timed out waiting for transform from base_footprint to odom to become available, tf error: Invalid frame ID "base_footprint" passed to canTransform argument source_frame - frame does not exist
[controller_server-1] [INFO] [1775415840.305345429] [local_costmap.local_costmap]: Timed out waiting for transform from base_footprint to odom to become available, tf error: Invalid frame ID "base_footprint" passed to canTransform argument source_frame - frame does not exist
[controller_server-1] [INFO] [1775415840.805322659] [local_costmap.local_costmap]: Timed out waiting for transform from base_footprint to odom to become available, tf error: Invalid frame ID "base_footprint" passed to canTransform argument source_frame - frame does not exist
[controller_server-1] [INFO] [1775415841.305324307] [local_costmap.local_costmap]: Timed out waiting for transform from base_footprint to odom to become available, tf error: Invalid frame ID "base_footprint" passed to canTransform argument source_frame - frame does not exist
[controller_server-1] [INFO] [1775415841.805307819] [local_costmap.local_costmap]: Timed out waiting for transform from base_footprint to odom to become available, tf error: Invalid frame ID "base_footprint" passed to canTransform argument source_frame - frame does not exist
[controller_server-1] [INFO] [1775415842.305321864] [local_costmap.local_costmap]: Timed out waiting for transform from base_footprint to odom to become available, tf error: Invalid frame ID "base_footprint" passed to canTransform argument source_frame - frame does not exist
[controller_server-1] [INFO] [1775415842.805318509] [local_costmap.local_costmap]: Timed out waiting for transform from base_footprint to odom to become available, tf error: Invalid frame ID "base_footprint" passed to canTransform argument source_frame - frame does not exist
[controller_server-1] [INFO] [1775415843.305322675] [local_costmap.local_costmap]: Timed out waiting for transform from base_footprint to odom to become available, tf error: Invalid frame ID "base_footprint" passed to canTransform argument source_frame - frame does not exist
[controller_server-1] [INFO] [1775415843.805356456] [local_costmap.local_costmap]: Timed out waiting for transform from base_footprint to odom to become available, tf error: Invalid frame ID "base_footprint" passed to canTransform argument source_frame - frame does not exist
[controller_server-1] [INFO] [1775415844.305319189] [local_costmap.local_costmap]: Timed out waiting for transform from base_footprint to odom to become available, tf error: Invalid frame ID "base_footprint" passed to canTransform argument source_frame - frame does not exist
[controller_server-1] [INFO] [1775415844.805320944] [local_costmap.local_costmap]: Timed out waiting for transform from base_footprint to odom to become available, tf error: Invalid frame ID "base_footprint" passed to canTransform argument source_frame - frame does not exist
[controller_server-1] [INFO] [1775415845.305328077] [local_costmap.local_costmap]: Timed out waiting for transform from base_footprint to odom to become available, tf error: Invalid frame ID "base_footprint" passed to canTransform argument source_frame - frame does not exist
[controller_server-1] [INFO] [1775415845.805337013] [local_costmap.local_costmap]: Timed out waiting for transform from base_footprint to odom to become available, tf error: Invalid frame ID "base_footprint" passed to canTransform argument source_frame - frame does not exist
[controller_server-1] [INFO] [1775415846.305319739] [local_costmap.local_costmap]: Timed out waiting for transform from base_footprint to odom to become available, tf error: Invalid frame ID "base_footprint" passed to canTransform argument source_frame - frame does not exist
[controller_server-1] [INFO] [1775415846.805331182] [local_costmap.local_costmap]: Timed out waiting for transform from base_footprint to odom to become available, tf error: Invalid frame ID "base_footprint" passed to canTransform argument source_frame - frame does not exist
[controller_server-1] [INFO] [1775415847.305321664] [local_costmap.local_costmap]: Timed out waiting for transform from base_footprint to odom to become available, tf error: Invalid frame ID "base_footprint" passed to canTransform argument source_frame - frame does not exist
[controller_server-1] [INFO] [1775415847.805321149] [local_costmap.local_costmap]: Timed out waiting for transform from base_footprint to odom to become available, tf error: Invalid frame ID "base_footprint" passed to canTransform argument source_frame - frame does not exist
[controller_server-1] [INFO] [1775415848.305320251] [local_costmap.local_costmap]: Timed out waiting for transform from base_footprint to odom to become available, tf error: Invalid frame ID "base_footprint" passed to canTransform argument source_frame - frame does not exist
[controller_server-1] [INFO] [1775415848.805336391] [local_costmap.local_costmap]: Timed out waiting for transform from base_footprint to odom to become available, tf error: Invalid frame ID "base_footprint" passed to canTransform argument source_frame - frame does not exist
[controller_server-1] [INFO] [1775415849.305273160] [local_costmap.local_costmap]: Timed out waiting for transform from base_footprint to odom to become available, tf error: Invalid frame ID "base_footprint" passed to canTransform argument source_frame - frame does not exist
[controller_server-1] [INFO] [1775415849.805321731] [local_costmap.local_costmap]: Timed out waiting for transform from base_footprint to odom to become available, tf error: Invalid frame ID "base_footprint" passed to canTransform argument source_frame - frame does not exist
[controller_server-1] [INFO] [1775415850.305326201] [local_costmap.local_costmap]: Timed out waiting for transform from base_footprint to odom to become available, tf error: Invalid frame ID "base_footprint" passed to canTransform argument source_frame - frame does not exist
[controller_server-1] [INFO] [1775415850.805334746] [local_costmap.local_costmap]: Timed out waiting for transform from base_footprint to odom to become available, tf error: Invalid frame ID "base_footprint" passed to canTransform argument source_frame - frame does not exist
[controller_server-1] [INFO] [1775415851.305355453] [local_costmap.local_costmap]: Timed out waiting for transform from base_footprint to odom to become available, tf error: Invalid frame ID "base_footprint" passed to canTransform argument source_frame - frame does not exist
[controller_server-1] [INFO] [1775415851.805309988] [local_costmap.local_costmap]: Timed out waiting for transform from base_footprint to odom to become available, tf error: Invalid frame ID "base_footprint" passed to canTransform argument source_frame - frame does not exist
[bt_navigator-5] [WARN] [1775415852.229016526] [rcl_lifecycle]: No transition matching activate found for current state active
[controller_server-1] [INFO] [1775415852.305345461] [local_costmap.local_costmap]: Timed out waiting for transform from base_footprint to odom to become available, tf error: Invalid frame ID "base_footprint" passed to canTransform argument source_frame - frame does not exist
[controller_server-1] [INFO] [1775415852.805327724] [local_costmap.local_costmap]: Timed out waiting for transform from base_footprint to odom to become available, tf error: Invalid frame ID "base_footprint" passed to canTransform argument source_frame - frame does not exist
[controller_server-1] [INFO] [1775415853.305324836] [local_costmap.local_costmap]: Timed out waiting for transform from base_footprint to odom to become available, tf error: Invalid frame ID "base_footprint" passed to canTransform argument source_frame - frame does not exist
[controller_server-1] [INFO] [1775415853.805319720] [local_costmap.local_costmap]: Timed out waiting for transform from base_footprint to odom to become available, tf error: Invalid frame ID "base_footprint" passed to canTransform argument source_frame - frame does not exist
[controller_server-1] [INFO] [1775415854.305325325] [local_costmap.local_costmap]: Timed out waiting for transform from base_footprint to odom to become available, tf error: Invalid frame ID "base_footprint" passed to canTransform argument source_frame - frame does not exist
[controller_server-1] [INFO] [1775415854.805327038] [local_costmap.local_costmap]: Timed out waiting for transform from base_footprint to odom to become available, tf error: Invalid frame ID "base_footprint" passed to canTransform argument source_frame - frame does not exist
[controller_server-1] [INFO] [1775415855.305324527] [local_costmap.local_costmap]: Timed out waiting for transform from base_footprint to odom to become available, tf error: Invalid frame ID "base_footprint" passed to canTransform argument source_frame - frame does not exist
[controller_server-1] [INFO] [1775415855.805318059] [local_costmap.local_costmap]: Timed out waiting for transform from base_footprint to odom to become available, tf error: Invalid frame ID "base_footprint" passed to canTransform argument source_frame - frame does not exist
[controller_server-1] [INFO] [1775415856.305324201] [local_costmap.local_costmap]: Timed out waiting for transform from base_footprint to odom to become available, tf error: Invalid frame ID "base_footprint" passed to canTransform argument source_frame - frame does not exist
[controller_server-1] [INFO] [1775415856.805321810] [local_costmap.local_costmap]: Timed out waiting for transform from base_footprint to odom to become available, tf error: Invalid frame ID "base_footprint" passed to canTransform argument source_frame - frame does not exist
[controller_server-1] [INFO] [1775415857.305326908] [local_costmap.local_costmap]: Timed out waiting for transform from base_footprint to odom to become available, tf error: Invalid frame ID "base_footprint" passed to canTransform argument source_frame - frame does not exist
[controller_server-1] [INFO] [1775415857.805348372] [local_costmap.local_costmap]: Timed out waiting for transform from base_footprint to odom to become available, tf error: Invalid frame ID "base_footprint" passed to canTransform argument source_frame - frame does not exist
[controller_server-1] [INFO] [1775415858.305328328] [local_costmap.local_costmap]: Timed out waiting for transform from base_footprint to odom to become available, tf error: Invalid frame ID "base_footprint" passed to canTransform argument source_frame - frame does not exist
[controller_server-1] [INFO] [1775415858.805317449] [local_costmap.local_costmap]: Timed out waiting for transform from base_footprint to odom to become available, tf error: Invalid frame ID "base_footprint" passed to canTransform argument source_frame - frame does not exist
[controller_server-1] [INFO] [1775415859.305320780] [local_costmap.local_costmap]: Timed out waiting for transform from base_footprint to odom to become available, tf error: Invalid frame ID "base_footprint" passed to canTransform argument source_frame - frame does not exist
[controller_server-1] [INFO] [1775415859.805322843] [local_costmap.local_costmap]: Timed out waiting for transform from base_footprint to odom to become available, tf error: Invalid frame ID "base_footprint" passed to canTransform argument source_frame - frame does not exist
[controller_server-1] [INFO] [1775415860.305322698] [local_costmap.local_costmap]: Timed out waiting for transform from base_footprint to odom to become available, tf error: Invalid frame ID "base_footprint" passed to canTransform argument source_frame - frame does not exist
[controller_server-1] [INFO] [1775415860.805323270] [local_costmap.local_costmap]: Timed out waiting for transform from base_footprint to odom to become available, tf error: Invalid frame ID "base_footprint" passed to canTransform argument source_frame - frame does not exist
[controller_server-1] [INFO] [1775415861.305327651] [local_costmap.local_costmap]: Timed out waiting for transform from base_footprint to odom to become available, tf error: Invalid frame ID "base_footprint" passed to canTransform argument source_frame - frame does not exist
[controller_server-1] [INFO] [1775415861.805442904] [local_costmap.local_costmap]: Timed out waiting for transform from base_footprint to odom to become available, tf error: Invalid frame ID "base_footprint" passed to canTransform argument source_frame - frame does not exist
[controller_server-1] [INFO] [1775415862.305314035] [local_costmap.local_costmap]: Timed out waiting for transform from base_footprint to odom to become available, tf error: Invalid frame ID "base_footprint" passed to canTransform argument source_frame - frame does not exist
[controller_server-1] [INFO] [1775415862.805322729] [local_costmap.local_costmap]: Timed out waiting for transform from base_footprint to odom to become available, tf error: Invalid frame ID "base_footprint" passed to canTransform argument source_frame - frame does not exist
[controller_server-1] [INFO] [1775415863.305325824] [local_costmap.local_costmap]: Timed out waiting for transform from base_footprint to odom to become available, tf error: Invalid frame ID "base_footprint" passed to canTransform argument source_frame - frame does not exist
[controller_server-1] [INFO] [1775415863.805326786] [local_costmap.local_costmap]: Timed out waiting for transform from base_footprint to odom to become available, tf error: Invalid frame ID "base_footprint" passed to canTransform argument source_frame - frame does not exist
[controller_server-1] [INFO] [1775415864.305326854] [local_costmap.local_costmap]: Timed out waiting for transform from base_footprint to odom to become available, tf error: Invalid frame ID "base_footprint" passed to canTransform argument source_frame - frame does not exist
[controller_server-1] [INFO] [1775415864.805329013] [local_costmap.local_costmap]: Timed out waiting for transform from base_footprint to odom to become available, tf error: Invalid frame ID "base_footprint" passed to canTransform argument source_frame - frame does not exist
[controller_server-1] [INFO] [1775415865.305326118] [local_costmap.local_costmap]: Timed out waiting for transform from base_footprint to odom to become available, tf error: Invalid frame ID "base_footprint" passed to canTransform argument source_frame - frame does not exist
[controller_server-1] [INFO] [1775415865.805328323] [local_costmap.local_costmap]: Timed out waiting for transform from base_footprint to odom to become available, tf error: Invalid frame ID "base_footprint" passed to canTransform argument source_frame - frame does not exist
[controller_server-1] [INFO] [1775415866.305326497] [local_costmap.local_costmap]: Timed out waiting for transform from base_footprint to odom to become available, tf error: Invalid frame ID "base_footprint" passed to canTransform argument source_frame - frame does not exist
[controller_server-1] [INFO] [1775415866.805338476] [local_costmap.local_costmap]: Timed out waiting for transform from base_footprint to odom to become available, tf error: Invalid frame ID "base_footprint" passed to canTransform argument source_frame - frame does not exist
[controller_server-1] [INFO] [1775415867.305327799] [local_costmap.local_costmap]: Timed out waiting for transform from base_footprint to odom to become available, tf error: Invalid frame ID "base_footprint" passed to canTransform argument source_frame - frame does not exist
[controller_server-1] [INFO] [1775415867.805386581] [local_costmap.local_costmap]: Timed out waiting for transform from base_footprint to odom to become available, tf error: Invalid frame ID "base_footprint" passed to canTransform argument source_frame - frame does not exist
[controller_server-1] [INFO] [1775415868.305321031] [local_costmap.local_costmap]: Timed out waiting for transform from base_footprint to odom to become available, tf error: Invalid frame ID "base_footprint" passed to canTransform argument source_frame - frame does not exist
[controller_server-1] [INFO] [1775415868.805319052] [local_costmap.local_costmap]: Timed out waiting for transform from base_footprint to odom to become available, tf error: Invalid frame ID "base_footprint" passed to canTransform argument source_frame - frame does not exist
[controller_server-1] [INFO] [1775415869.305328307] [local_costmap.local_costmap]: Timed out waiting for transform from base_footprint to odom to become available, tf error: Invalid frame ID "base_footprint" passed to canTransform argument source_frame - frame does not exist
[controller_server-1] [INFO] [1775415869.805347624] [local_costmap.local_costmap]: Timed out waiting for transform from base_footprint to odom to become available, tf error: Invalid frame ID "base_footprint" passed to canTransform argument source_frame - frame does not exist
[controller_server-1] [INFO] [1775415870.305328186] [local_costmap.local_costmap]: Timed out waiting for transform from base_footprint to odom to become available, tf error: Invalid frame ID "base_footprint" passed to canTransform argument source_frame - frame does not exist
[controller_server-1] [INFO] [1775415870.805320826] [local_costmap.local_costmap]: Timed out waiting for transform from base_footprint to odom to become available, tf error: Invalid frame ID "base_footprint" passed to canTransform argument source_frame - frame does not exist
[controller_server-1] [INFO] [1775415871.305315868] [local_costmap.local_costmap]: Timed out waiting for transform from base_footprint to odom to become available, tf error: Invalid frame ID "base_footprint" passed to canTransform argument source_frame - frame does not exist
[controller_server-1] [INFO] [1775415871.805327371] [local_costmap.local_costmap]: Timed out waiting for transform from base_footprint to odom to become available, tf error: Invalid frame ID "base_footprint" passed to canTransform argument source_frame - frame does not exist
[controller_server-1] [INFO] [1775415872.305416358] [local_costmap.local_costmap]: Timed out waiting for transform from base_footprint to odom to become available, tf error: Invalid frame ID "base_footprint" passed to canTransform argument source_frame - frame does not exist
[controller_server-1] [INFO] [1775415872.805333112] [local_costmap.local_costmap]: Timed out waiting for transform from base_footprint to odom to become available, tf error: Invalid frame ID "base_footprint" passed to canTransform argument source_frame - frame does not exist
[controller_server-1] [INFO] [1775415873.305326870] [local_costmap.local_costmap]: Timed out waiting for transform from base_footprint to odom to become available, tf error: Invalid frame ID "base_footprint" passed to canTransform argument source_frame - frame does not exist
[controller_server-1] [INFO] [1775415873.805323839] [local_costmap.local_costmap]: Timed out waiting for transform from base_footprint to odom to become available, tf error: Invalid frame ID "base_footprint" passed to canTransform argument source_frame - frame does not exist
[controller_server-1] [INFO] [1775415874.305317163] [local_costmap.local_costmap]: Timed out waiting for transform from base_footprint to odom to become available, tf error: Invalid frame ID "base_footprint" passed to canTransform argument source_frame - frame does not exist
[controller_server-1] [INFO] [1775415874.805519610] [local_costmap.local_costmap]: Timed out waiting for transform from base_footprint to odom to become available, tf error: Invalid frame ID "base_footprint" passed to canTransform argument source_frame - frame does not exist
[controller_server-1] [INFO] [1775415875.305326239] [local_costmap.local_costmap]: Timed out waiting for transform from base_footprint to odom to become available, tf error: Invalid frame ID "base_footprint" passed to canTransform argument source_frame - frame does not exist
[controller_server-1] [INFO] [1775415875.805323973] [local_costmap.local_costmap]: Timed out waiting for transform from base_footprint to odom to become available, tf error: Invalid frame ID "base_footprint" passed to canTransform argument source_frame - frame does not exist
[controller_server-1] [INFO] [1775415876.305330670] [local_costmap.local_costmap]: Timed out waiting for transform from base_footprint to odom to become available, tf error: Invalid frame ID "base_footprint" passed to canTransform argument source_frame - frame does not exist
[controller_server-1] [INFO] [1775415876.805283198] [local_costmap.local_costmap]: Timed out waiting for transform from base_footprint to odom to become available, tf error: Invalid frame ID "base_footprint" passed to canTransform argument source_frame - frame does not exist
[controller_server-1] [INFO] [1775415877.305424133] [local_costmap.local_costmap]: Timed out waiting for transform from base_footprint to odom to become available, tf error: Invalid frame ID "base_footprint" passed to canTransform argument source_frame - frame does not exist
[controller_server-1] [INFO] [1775415877.805336926] [local_costmap.local_costmap]: Timed out waiting for transform from base_footprint to odom to become available, tf error: Invalid frame ID "base_footprint" passed to canTransform argument source_frame - frame does not exist
[controller_server-1] [INFO] [1775415878.305327971] [local_costmap.local_costmap]: Timed out waiting for transform from base_footprint to odom to become available, tf error: Invalid frame ID "base_footprint" passed to canTransform argument source_frame - frame does not exist
[controller_server-1] [INFO] [1775415878.805566000] [local_costmap.local_costmap]: Timed out waiting for transform from base_footprint to odom to become available, tf error: Invalid frame ID "base_footprint" passed to canTransform argument source_frame - frame does not exist
[controller_server-1] [INFO] [1775415879.305292004] [local_costmap.local_costmap]: Timed out waiting for transform from base_footprint to odom to become available, tf error: Invalid frame ID "base_footprint" passed to canTransform argument source_frame - frame does not exist
[controller_server-1] [INFO] [1775415879.805329929] [local_costmap.local_costmap]: Timed out waiting for transform from base_footprint to odom to become available, tf error: Invalid frame ID "base_footprint" passed to canTransform argument source_frame - frame does not exist
[controller_server-1] [INFO] [1775415880.305319019] [local_costmap.local_costmap]: Timed out waiting for transform from base_footprint to odom to become available, tf error: Invalid frame ID "base_footprint" passed to canTransform argument source_frame - frame does not exist
[controller_server-1] [INFO] [1775415880.805349085] [local_costmap.local_costmap]: Timed out waiting for transform from base_footprint to odom to become available, tf error: Invalid frame ID "base_footprint" passed to canTransform argument source_frame - frame does not exist
[controller_server-1] [INFO] [1775415881.305320491] [local_costmap.local_costmap]: Timed out waiting for transform from base_footprint to odom to become available, tf error: Invalid frame ID "base_footprint" passed to canTransform argument source_frame - frame does not exist
[controller_server-1] [INFO] [1775415881.805322442] [local_costmap.local_costmap]: Timed out waiting for transform from base_footprint to odom to become available, tf error: Invalid frame ID "base_footprint" passed to canTransform argument source_frame - frame does not exist
[controller_server-1] [INFO] [1775415882.305319562] [local_costmap.local_costmap]: Timed out waiting for transform from base_footprint to odom to become available, tf error: Invalid frame ID "base_footprint" passed to canTransform argument source_frame - frame does not exist
[controller_server-1] [INFO] [1775415882.805318646] [local_costmap.local_costmap]: Timed out waiting for transform from base_footprint to odom to become available, tf error: Invalid frame ID "base_footprint" passed to canTransform argument source_frame - frame does not exist
[controller_server-1] [INFO] [1775415883.305316133] [local_costmap.local_costmap]: Timed out waiting for transform from base_footprint to odom to become available, tf error: Invalid frame ID "base_footprint" passed to canTransform argument source_frame - frame does not exist
[controller_server-1] [INFO] [1775415883.805322818] [local_costmap.local_costmap]: Timed out waiting for transform from base_footprint to odom to become available, tf error: Invalid frame ID "base_footprint" passed to canTransform argument source_frame - frame does not exist
[controller_server-1] [INFO] [1775415884.305329824] [local_costmap.local_costmap]: Timed out waiting for transform from base_footprint to odom to become available, tf error: Invalid frame ID "base_footprint" passed to canTransform argument source_frame - frame does not exist
[controller_server-1] [INFO] [1775415884.805333836] [local_costmap.local_costmap]: Timed out waiting for transform from base_footprint to odom to become available, tf error: Invalid frame ID "base_footprint" passed to canTransform argument source_frame - frame does not exist
[controller_server-1] [INFO] [1775415885.305327288] [local_costmap.local_costmap]: Timed out waiting for transform from base_footprint to odom to become available, tf error: Invalid frame ID "base_footprint" passed to canTransform argument source_frame - frame does not exist
[controller_server-1] [INFO] [1775415885.805324338] [local_costmap.local_costmap]: Timed out waiting for transform from base_footprint to odom to become available, tf error: Invalid frame ID "base_footprint" passed to canTransform argument source_frame - frame does not exist
[controller_server-1] [INFO] [1775415886.305287978] [local_costmap.local_costmap]: Timed out waiting for transform from base_footprint to odom to become available, tf error: Invalid frame ID "base_footprint" passed to canTransform argument source_frame - frame does not exist
[controller_server-1] [INFO] [1775415886.805323640] [local_costmap.local_costmap]: Timed out waiting for transform from base_footprint to odom to become available, tf error: Invalid frame ID "base_footprint" passed to canTransform argument source_frame - frame does not exist
[controller_server-1] [INFO] [1775415887.305318659] [local_costmap.local_costmap]: Timed out waiting for transform from base_footprint to odom to become available, tf error: Invalid frame ID "base_footprint" passed to canTransform argument source_frame - frame does not exist
[controller_server-1] [INFO] [1775415887.805319964] [local_costmap.local_costmap]: Timed out waiting for transform from base_footprint to odom to become available, tf error: Invalid frame ID "base_footprint" passed to canTransform argument source_frame - frame does not exist
[controller_server-1] [INFO] [1775415888.305311830] [local_costmap.local_costmap]: Timed out waiting for transform from base_footprint to odom to become available, tf error: Invalid frame ID "base_footprint" passed to canTransform argument source_frame - frame does not exist
[controller_server-1] [INFO] [1775415888.805435436] [local_costmap.local_costmap]: Timed out waiting for transform from base_footprint to odom to become available, tf error: Invalid frame ID "base_footprint" passed to canTransform argument source_frame - frame does not exist
[controller_server-1] [INFO] [1775415889.305313225] [local_costmap.local_costmap]: Timed out waiting for transform from base_footprint to odom to become available, tf error: Invalid frame ID "base_footprint" passed to canTransform argument source_frame - frame does not exist
[controller_server-1] [INFO] [1775415889.805289982] [local_costmap.local_costmap]: Timed out waiting for transform from base_footprint to odom to become available, tf error: Invalid frame ID "base_footprint" passed to canTransform argument source_frame - frame does not exist
[controller_server-1] [INFO] [1775415890.305323805] [local_costmap.local_costmap]: Timed out waiting for transform from base_footprint to odom to become available, tf error: Invalid frame ID "base_footprint" passed to canTransform argument source_frame - frame does not exist
[controller_server-1] [INFO] [1775415890.805326660] [local_costmap.local_costmap]: Timed out waiting for transform from base_footprint to odom to become available, tf error: Invalid frame ID "base_footprint" passed to canTransform argument source_frame - frame does not exist
[controller_server-1] [INFO] [1775415891.306666279] [local_costmap.local_costmap]: Timed out waiting for transform from base_footprint to odom to become available, tf error: Invalid frame ID "base_footprint" passed to canTransform argument source_frame - frame does not exist
[controller_server-1] [INFO] [1775415891.805319557] [local_costmap.local_costmap]: Timed out waiting for transform from base_footprint to odom to become available, tf error: Invalid frame ID "base_footprint" passed to canTransform argument source_frame - frame does not exist
[controller_server-1] [INFO] [1775415892.305312766] [local_costmap.local_costmap]: Timed out waiting for transform from base_footprint to odom to become available, tf error: Invalid frame ID "base_footprint" passed to canTransform argument source_frame - frame does not exist
[controller_server-1] [INFO] [1775415892.805296995] [local_costmap.local_costmap]: Timed out waiting for transform from base_footprint to odom to become available, tf error: Invalid frame ID "base_footprint" passed to canTransform argument source_frame - frame does not exist
[controller_server-1] [INFO] [1775415893.305304814] [local_costmap.local_costmap]: Timed out waiting for transform from base_footprint to odom to become available, tf error: Invalid frame ID "base_footprint" passed to canTransform argument source_frame - frame does not exist
[controller_server-1] [INFO] [1775415893.805329704] [local_costmap.local_costmap]: Timed out waiting for transform from base_footprint to odom to become available, tf error: Invalid frame ID "base_footprint" passed to canTransform argument source_frame - frame does not exist
[controller_server-1] [INFO] [1775415894.305324481] [local_costmap.local_costmap]: Timed out waiting for transform from base_footprint to odom to become available, tf error: Invalid frame ID "base_footprint" passed to canTransform argument source_frame - frame does not exist
[controller_server-1] [INFO] [1775415894.805324296] [local_costmap.local_costmap]: Timed out waiting for transform from base_footprint to odom to become available, tf error: Invalid frame ID "base_footprint" passed to canTransform argument source_frame - frame does not exist
[controller_server-1] [INFO] [1775415895.305322898] [local_costmap.local_costmap]: Timed out waiting for transform from base_footprint to odom to become available, tf error: Invalid frame ID "base_footprint" passed to canTransform argument source_frame - frame does not exist
[controller_server-1] [INFO] [1775415895.805318568] [local_costmap.local_costmap]: Timed out waiting for transform from base_footprint to odom to become available, tf error: Invalid frame ID "base_footprint" passed to canTransform argument source_frame - frame does not exist
[controller_server-1] [INFO] [1775415896.305342917] [local_costmap.local_costmap]: Timed out waiting for transform from base_footprint to odom to become available, tf error: Invalid frame ID "base_footprint" passed to canTransform argument source_frame - frame does not exist
[controller_server-1] [INFO] [1775415896.805349645] [local_costmap.local_costmap]: Timed out waiting for transform from base_footprint to odom to become available, tf error: Invalid frame ID "base_footprint" passed to canTransform argument source_frame - frame does not exist
[controller_server-1] [INFO] [1775415897.305320852] [local_costmap.local_costmap]: Timed out waiting for transform from base_footprint to odom to become available, tf error: Invalid frame ID "base_footprint" passed to canTransform argument source_frame - frame does not exist
[controller_server-1] [INFO] [1775415897.805320364] [local_costmap.local_costmap]: Timed out waiting for transform from base_footprint to odom to become available, tf error: Invalid frame ID "base_footprint" passed to canTransform argument source_frame - frame does not exist
[controller_server-1] [INFO] [1775415898.305318471] [local_costmap.local_costmap]: Timed out waiting for transform from base_footprint to odom to become available, tf error: Invalid frame ID "base_footprint" passed to canTransform argument source_frame - frame does not exist
[controller_server-1] [INFO] [1775415898.805334192] [local_costmap.local_costmap]: Timed out waiting for transform from base_footprint to odom to become available, tf error: Invalid frame ID "base_footprint" passed to canTransform argument source_frame - frame does not exist
[controller_server-1] [INFO] [1775415899.305325019] [local_costmap.local_costmap]: Timed out waiting for transform from base_footprint to odom to become available, tf error: Invalid frame ID "base_footprint" passed to canTransform argument source_frame - frame does not exist
[controller_server-1] [INFO] [1775415899.805330676] [local_costmap.local_costmap]: Timed out waiting for transform from base_footprint to odom to become available, tf error: Invalid frame ID "base_footprint" passed to canTransform argument source_frame - frame does not exist
[controller_server-1] [INFO] [1775415900.305338385] [local_costmap.local_costmap]: Timed out waiting for transform from base_footprint to odom to become available, tf error: Invalid frame ID "base_footprint" passed to canTransform argument source_frame - frame does not exist
[controller_server-1] [INFO] [1775415900.805349404] [local_costmap.local_costmap]: Timed out waiting for transform from base_footprint to odom to become available, tf error: Invalid frame ID "base_footprint" passed to canTransform argument source_frame - frame does not exist
[controller_server-1] [INFO] [1775415901.305310500] [local_costmap.local_costmap]: Timed out waiting for transform from base_footprint to odom to become available, tf error: Invalid frame ID "base_footprint" passed to canTransform argument source_frame - frame does not exist
[controller_server-1] [INFO] [1775415901.805323872] [local_costmap.local_costmap]: Timed out waiting for transform from base_footprint to odom to become available, tf error: Invalid frame ID "base_footprint" passed to canTransform argument source_frame - frame does not exist
[controller_server-1] [INFO] [1775415902.305337375] [local_costmap.local_costmap]: Timed out waiting for transform from base_footprint to odom to become available, tf error: Invalid frame ID "base_footprint" passed to canTransform argument source_frame - frame does not exist
[controller_server-1] [INFO] [1775415902.805330409] [local_costmap.local_costmap]: Timed out waiting for transform from base_footprint to odom to become available, tf error: Invalid frame ID "base_footprint" passed to canTransform argument source_frame - frame does not exist
[controller_server-1] [INFO] [1775415903.305330263] [local_costmap.local_costmap]: Timed out waiting for transform from base_footprint to odom to become available, tf error: Invalid frame ID "base_footprint" passed to canTransform argument source_frame - frame does not exist
[controller_server-1] [INFO] [1775415903.805328306] [local_costmap.local_costmap]: Timed out waiting for transform from base_footprint to odom to become available, tf error: Invalid frame ID "base_footprint" passed to canTransform argument source_frame - frame does not exist
[controller_server-1] [INFO] [1775415904.305308688] [local_costmap.local_costmap]: Timed out waiting for transform from base_footprint to odom to become available, tf error: Invalid frame ID "base_footprint" passed to canTransform argument source_frame - frame does not exist
[controller_server-1] [INFO] [1775415904.805317501] [local_costmap.local_costmap]: Timed out waiting for transform from base_footprint to odom to become available, tf error: Invalid frame ID "base_footprint" passed to canTransform argument source_frame - frame does not exist
[controller_server-1] [INFO] [1775415905.305380373] [local_costmap.local_costmap]: Timed out waiting for transform from base_footprint to odom to become available, tf error: Invalid frame ID "base_footprint" passed to canTransform argument source_frame - frame does not exist
[controller_server-1] [INFO] [1775415905.805334605] [local_costmap.local_costmap]: Timed out waiting for transform from base_footprint to odom to become available, tf error: Invalid frame ID "base_footprint" passed to canTransform argument source_frame - frame does not exist
[controller_server-1] [INFO] [1775415906.305326126] [local_costmap.local_costmap]: Timed out waiting for transform from base_footprint to odom to become available, tf error: Invalid frame ID "base_footprint" passed to canTransform argument source_frame - frame does not exist
[controller_server-1] [INFO] [1775415906.805315227] [local_costmap.local_costmap]: Timed out waiting for transform from base_footprint to odom to become available, tf error: Invalid frame ID "base_footprint" passed to canTransform argument source_frame - frame does not exist
[controller_server-1] [INFO] [1775415907.305380373] [local_costmap.local_costmap]: Timed out waiting for transform from base_footprint to odom to become available, tf error: Invalid frame ID "base_footprint" passed to canTransform argument source_frame - frame does not exist
[controller_server-1] [INFO] [1775415907.805318286] [local_costmap.local_costmap]: Timed out waiting for transform from base_footprint to odom to become available, tf error: Invalid frame ID "base_footprint" passed to canTransform argument source_frame - frame does not exist
[controller_server-1] [INFO] [1775415908.305322130] [local_costmap.local_costmap]: Timed out waiting for transform from base_footprint to odom to become available, tf error: Invalid frame ID "base_footprint" passed to canTransform argument source_frame - frame does not exist
[controller_server-1] [INFO] [1775415908.805327204] [local_costmap.local_costmap]: Timed out waiting for transform from base_footprint to odom to become available, tf error: Invalid frame ID "base_footprint" passed to canTransform argument source_frame - frame does not exist
[controller_server-1] [INFO] [1775415909.305324121] [local_costmap.local_costmap]: Timed out waiting for transform from base_footprint to odom to become available, tf error: Invalid frame ID "base_footprint" passed to canTransform argument source_frame - frame does not exist
[controller_server-1] [INFO] [1775415909.805320988] [local_costmap.local_costmap]: Timed out waiting for transform from base_footprint to odom to become available, tf error: Invalid frame ID "base_footprint" passed to canTransform argument source_frame - frame does not exist
[controller_server-1] [INFO] [1775415910.305323843] [local_costmap.local_costmap]: Timed out waiting for transform from base_footprint to odom to become available, tf error: Invalid frame ID "base_footprint" passed to canTransform argument source_frame - frame does not exist
[controller_server-1] [INFO] [1775415910.805356283] [local_costmap.local_costmap]: Timed out waiting for transform from base_footprint to odom to become available, tf error: Invalid frame ID "base_footprint" passed to canTransform argument source_frame - frame does not exist
[controller_server-1] [INFO] [1775415911.305286251] [local_costmap.local_costmap]: Timed out waiting for transform from base_footprint to odom to become available, tf error: Invalid frame ID "base_footprint" passed to canTransform argument source_frame - frame does not exist
[bt_navigator-5] [WARN] [1775415911.661296927] [rcl_lifecycle]: No transition matching activate found for current state active
[controller_server-1] [INFO] [1775415911.805323093] [local_costmap.local_costmap]: Timed out waiting for transform from base_footprint to odom to become available, tf error: Invalid frame ID "base_footprint" passed to canTransform argument source_frame - frame does not exist
[controller_server-1] [INFO] [1775415912.305294940] [local_costmap.local_costmap]: Timed out waiting for transform from base_footprint to odom to become available, tf error: Invalid frame ID "base_footprint" passed to canTransform argument source_frame - frame does not exist
[controller_server-1] [INFO] [1775415912.805361243] [local_costmap.local_costmap]: Timed out waiting for transform from base_footprint to odom to become available, tf error: Invalid frame ID "base_footprint" passed to canTransform argument source_frame - frame does not exist
[controller_server-1] [INFO] [1775415913.305506855] [local_costmap.local_costmap]: Timed out waiting for transform from base_footprint to odom to become available, tf error: Invalid frame ID "base_footprint" passed to canTransform argument source_frame - frame does not exist
[controller_server-1] [INFO] [1775415913.805319708] [local_costmap.local_costmap]: Timed out waiting for transform from base_footprint to odom to become available, tf error: Invalid frame ID "base_footprint" passed to canTransform argument source_frame - frame does not exist
[controller_server-1] [INFO] [1775415914.305317769] [local_costmap.local_costmap]: Timed out waiting for transform from base_footprint to odom to become available, tf error: Invalid frame ID "base_footprint" passed to canTransform argument source_frame - frame does not exist
[controller_server-1] [INFO] [1775415914.805319653] [local_costmap.local_costmap]: Timed out waiting for transform from base_footprint to odom to become available, tf error: Invalid frame ID "base_footprint" passed to canTransform argument source_frame - frame does not exist
[controller_server-1] [INFO] [1775415915.305333350] [local_costmap.local_costmap]: Timed out waiting for transform from base_footprint to odom to become available, tf error: Invalid frame ID "base_footprint" passed to canTransform argument source_frame - frame does not exist
[controller_server-1] [INFO] [1775415915.805318930] [local_costmap.local_costmap]: Timed out waiting for transform from base_footprint to odom to become available, tf error: Invalid frame ID "base_footprint" passed to canTransform argument source_frame - frame does not exist
[controller_server-1] [INFO] [1775415916.305325796] [local_costmap.local_costmap]: Timed out waiting for transform from base_footprint to odom to become available, tf error: Invalid frame ID "base_footprint" passed to canTransform argument source_frame - frame does not exist
[controller_server-1] [INFO] [1775415916.805323747] [local_costmap.local_costmap]: Timed out waiting for transform from base_footprint to odom to become available, tf error: Invalid frame ID "base_footprint" passed to canTransform argument source_frame - frame does not exist
[controller_server-1] [INFO] [1775415917.305328167] [local_costmap.local_costmap]: Timed out waiting for transform from base_footprint to odom to become available, tf error: Invalid frame ID "base_footprint" passed to canTransform argument source_frame - frame does not exist
[controller_server-1] [INFO] [1775415917.805321752] [local_costmap.local_costmap]: Timed out waiting for transform from base_footprint to odom to become available, tf error: Invalid frame ID "base_footprint" passed to canTransform argument source_frame - frame does not exist
[controller_server-1] [INFO] [1775415918.305369619] [local_costmap.local_costmap]: Timed out waiting for transform from base_footprint to odom to become available, tf error: Invalid frame ID "base_footprint" passed to canTransform argument source_frame - frame does not exist
[controller_server-1] [INFO] [1775415918.805323538] [local_costmap.local_costmap]: Timed out waiting for transform from base_footprint to odom to become available, tf error: Invalid frame ID "base_footprint" passed to canTransform argument source_frame - frame does not exist
[controller_server-1] [INFO] [1775415919.305319097] [local_costmap.local_costmap]: Timed out waiting for transform from base_footprint to odom to become available, tf error: Invalid frame ID "base_footprint" passed to canTransform argument source_frame - frame does not exist
[controller_server-1] [INFO] [1775415919.806128361] [local_costmap.local_costmap]: Timed out waiting for transform from base_footprint to odom to become available, tf error: Invalid frame ID "base_footprint" passed to canTransform argument source_frame - frame does not exist
[controller_server-1] [INFO] [1775415920.305322698] [local_costmap.local_costmap]: Timed out waiting for transform from base_footprint to odom to become available, tf error: Invalid frame ID "base_footprint" passed to canTransform argument source_frame - frame does not exist
[controller_server-1] [INFO] [1775415920.805323986] [local_costmap.local_costmap]: Timed out waiting for transform from base_footprint to odom to become available, tf error: Invalid frame ID "base_footprint" passed to canTransform argument source_frame - frame does not exist
[controller_server-1] [INFO] [1775415921.305320063] [local_costmap.local_costmap]: Timed out waiting for transform from base_footprint to odom to become available, tf error: Invalid frame ID "base_footprint" passed to canTransform argument source_frame - frame does not exist
[controller_server-1] [INFO] [1775415921.805323002] [local_costmap.local_costmap]: Timed out waiting for transform from base_footprint to odom to become available, tf error: Invalid frame ID "base_footprint" passed to canTransform argument source_frame - frame does not exist
[controller_server-1] [INFO] [1775415922.305320697] [local_costmap.local_costmap]: Timed out waiting for transform from base_footprint to odom to become available, tf error: Invalid frame ID "base_footprint" passed to canTransform argument source_frame - frame does not exist
[controller_server-1] [INFO] [1775415922.805317478] [local_costmap.local_costmap]: Timed out waiting for transform from base_footprint to odom to become available, tf error: Invalid frame ID "base_footprint" passed to canTransform argument source_frame - frame does not exist
[controller_server-1] [INFO] [1775415923.305315960] [local_costmap.local_costmap]: Timed out waiting for transform from base_footprint to odom to become available, tf error: Invalid frame ID "base_footprint" passed to canTransform argument source_frame - frame does not exist
[controller_server-1] [INFO] [1775415923.805335162] [local_costmap.local_costmap]: Timed out waiting for transform from base_footprint to odom to become available, tf error: Invalid frame ID "base_footprint" passed to canTransform argument source_frame - frame does not exist
[controller_server-1] [INFO] [1775415924.305323773] [local_costmap.local_costmap]: Timed out waiting for transform from base_footprint to odom to become available, tf error: Invalid frame ID "base_footprint" passed to canTransform argument source_frame - frame does not exist
[controller_server-1] [INFO] [1775415924.805318832] [local_costmap.local_costmap]: Timed out waiting for transform from base_footprint to odom to become available, tf error: Invalid frame ID "base_footprint" passed to canTransform argument source_frame - frame does not exist
[controller_server-1] [INFO] [1775415925.305318343] [local_costmap.local_costmap]: Timed out waiting for transform from base_footprint to odom to become available, tf error: Invalid frame ID "base_footprint" passed to canTransform argument source_frame - frame does not exist
[controller_server-1] [INFO] [1775415925.805318509] [local_costmap.local_costmap]: Timed out waiting for transform from base_footprint to odom to become available, tf error: Invalid frame ID "base_footprint" passed to canTransform argument source_frame - frame does not exist
[controller_server-1] [INFO] [1775415926.305345018] [local_costmap.local_costmap]: Timed out waiting for transform from base_footprint to odom to become available, tf error: Invalid frame ID "base_footprint" passed to canTransform argument source_frame - frame does not exist
[controller_server-1] [INFO] [1775415926.805320496] [local_costmap.local_costmap]: Timed out waiting for transform from base_footprint to odom to become available, tf error: Invalid frame ID "base_footprint" passed to canTransform argument source_frame - frame does not exist
