[INFO] [launch]: All log files can be found below /home/jetson/.ros/log/2026-04-06-05-04-47-245835-chandan-38081
[INFO] [launch]: Default logging verbosity is set to INFO
[INFO] [controller_server-1]: process started with pid [38084]
[INFO] [smoother_server-2]: process started with pid [38086]
[INFO] [planner_server-3]: process started with pid [38088]
[INFO] [behavior_server-4]: process started with pid [38090]
[INFO] [bt_navigator-5]: process started with pid [38092]
[INFO] [waypoint_follower-6]: process started with pid [38094]
[INFO] [velocity_smoother-7]: process started with pid [38123]
[INFO] [lifecycle_manager-8]: process started with pid [38137]
[planner_server-3] [INFO] [1775423087.742062798] [planner_server]: 
[planner_server-3] 	planner_server lifecycle node launched. 
[planner_server-3] 	Waiting on external lifecycle transitions to activate
[planner_server-3] 	See https://design.ros2.org/articles/node_lifecycle.html for more information.
[planner_server-3] [INFO] [1775423087.745425876] [planner_server]: Creating
[planner_server-3] [INFO] [1775423087.903187166] [global_costmap.global_costmap]: 
[planner_server-3] 	global_costmap lifecycle node launched. 
[planner_server-3] 	Waiting on external lifecycle transitions to activate
[planner_server-3] 	See https://design.ros2.org/articles/node_lifecycle.html for more information.
[planner_server-3] [INFO] [1775423087.904482777] [global_costmap.global_costmap]: Creating Costmap
[bt_navigator-5] [INFO] [1775423088.051219454] [bt_navigator]: 
[bt_navigator-5] 	bt_navigator lifecycle node launched. 
[bt_navigator-5] 	Waiting on external lifecycle transitions to activate
[bt_navigator-5] 	See https://design.ros2.org/articles/node_lifecycle.html for more information.
[bt_navigator-5] [INFO] [1775423088.051760265] [bt_navigator]: Creating
[velocity_smoother-7] [INFO] [1775423088.058920062] [velocity_smoother]: 
[velocity_smoother-7] 	velocity_smoother lifecycle node launched. 
[velocity_smoother-7] 	Waiting on external lifecycle transitions to activate
[velocity_smoother-7] 	See https://design.ros2.org/articles/node_lifecycle.html for more information.
[controller_server-1] [INFO] [1775423088.086733791] [controller_server]: 
[controller_server-1] 	controller_server lifecycle node launched. 
[controller_server-1] 	Waiting on external lifecycle transitions to activate
[controller_server-1] 	See https://design.ros2.org/articles/node_lifecycle.html for more information.
[lifecycle_manager-8] [INFO] [1775423088.145776904] [lifecycle_manager_navigation]: Creating
[lifecycle_manager-8] [INFO] [1775423088.160047248] [lifecycle_manager_navigation]: [34m[1mCreating and initializing lifecycle service clients[0m[0m
[controller_server-1] [INFO] [1775423088.178332715] [controller_server]: Creating controller server
[waypoint_follower-6] [INFO] [1775423088.192065224] [waypoint_follower]: 
[waypoint_follower-6] 	waypoint_follower lifecycle node launched. 
[waypoint_follower-6] 	Waiting on external lifecycle transitions to activate
[waypoint_follower-6] 	See https://design.ros2.org/articles/node_lifecycle.html for more information.
[waypoint_follower-6] [INFO] [1775423088.198788500] [waypoint_follower]: Creating
[behavior_server-4] [INFO] [1775423088.213345186] [behavior_server]: 
[behavior_server-4] 	behavior_server lifecycle node launched. 
[behavior_server-4] 	Waiting on external lifecycle transitions to activate
[behavior_server-4] 	See https://design.ros2.org/articles/node_lifecycle.html for more information.
[smoother_server-2] [INFO] [1775423088.234654620] [smoother_server]: 
[smoother_server-2] 	smoother_server lifecycle node launched. 
[smoother_server-2] 	Waiting on external lifecycle transitions to activate
[smoother_server-2] 	See https://design.ros2.org/articles/node_lifecycle.html for more information.
[smoother_server-2] [INFO] [1775423088.263698295] [smoother_server]: Creating smoother server
[controller_server-1] [INFO] [1775423088.562506223] [local_costmap.local_costmap]: 
[controller_server-1] 	local_costmap lifecycle node launched. 
[controller_server-1] 	Waiting on external lifecycle transitions to activate
[controller_server-1] 	See https://design.ros2.org/articles/node_lifecycle.html for more information.
[controller_server-1] [INFO] [1775423088.566884297] [local_costmap.local_costmap]: Creating Costmap
[lifecycle_manager-8] [INFO] [1775423089.070364120] [lifecycle_manager_navigation]: [34m[1mStarting managed nodes bringup...[0m[0m
[lifecycle_manager-8] [INFO] [1775423089.070735328] [lifecycle_manager_navigation]: [34m[1mConfiguring controller_server[0m[0m
[controller_server-1] [INFO] [1775423089.071533648] [controller_server]: Configuring controller interface
[controller_server-1] [INFO] [1775423089.072141245] [controller_server]: getting goal checker plugins..
[controller_server-1] [INFO] [1775423089.072806699] [controller_server]: Controller frequency set to 10.0000Hz
[controller_server-1] [INFO] [1775423089.072910605] [local_costmap.local_costmap]: Configuring
[controller_server-1] [INFO] [1775423089.097571245] [local_costmap.local_costmap]: Using plugin "obstacle_layer"
[controller_server-1] [INFO] [1775423089.113363700] [local_costmap.local_costmap]: Subscribed to Topics: scan
[controller_server-1] [INFO] [1775423089.133775228] [local_costmap.local_costmap]: Initialized plugin "obstacle_layer"
[controller_server-1] [INFO] [1775423089.133914399] [local_costmap.local_costmap]: Using plugin "inflation_layer"
[controller_server-1] [INFO] [1775423089.136823131] [local_costmap.local_costmap]: Initialized plugin "inflation_layer"
[controller_server-1] [INFO] [1775423089.174820719] [controller_server]: Created progress_checker : progress_checker of type nav2_controller::PoseProgressChecker
[controller_server-1] [INFO] [1775423089.176940731] [controller_server]: Created goal checker : goal_checker of type nav2_controller::SimpleGoalChecker
[controller_server-1] [INFO] [1775423089.178061843] [controller_server]: Controller Server has goal_checker  goal checkers available.
[controller_server-1] [INFO] [1775423089.182049765] [controller_server]: Created controller : FollowPath of type dwb_core::DWBLocalPlanner
[controller_server-1] [INFO] [1775423089.185437772] [controller_server]: Setting transform_tolerance to 0.200000
[controller_server-1] [INFO] [1775423089.214160415] [controller_server]: Using critic "RotateToGoal" (dwb_critics::RotateToGoalCritic)
[controller_server-1] [INFO] [1775423089.216510672] [controller_server]: Critic plugin initialized
[controller_server-1] [INFO] [1775423089.216942713] [controller_server]: Using critic "Oscillation" (dwb_critics::OscillationCritic)
[controller_server-1] [INFO] [1775423089.218328886] [controller_server]: Critic plugin initialized
[controller_server-1] [INFO] [1775423089.218668317] [controller_server]: Using critic "BaseObstacle" (dwb_critics::BaseObstacleCritic)
[controller_server-1] [INFO] [1775423089.219352971] [controller_server]: Critic plugin initialized
[controller_server-1] [INFO] [1775423089.219719251] [controller_server]: Using critic "GoalAlign" (dwb_critics::GoalAlignCritic)
[controller_server-1] [INFO] [1775423089.220865291] [controller_server]: Critic plugin initialized
[controller_server-1] [INFO] [1775423089.221205202] [controller_server]: Using critic "PathAlign" (dwb_critics::PathAlignCritic)
[controller_server-1] [INFO] [1775423089.222243175] [controller_server]: Critic plugin initialized
[controller_server-1] [INFO] [1775423089.222631023] [controller_server]: Using critic "PathDist" (dwb_critics::PathDistCritic)
[controller_server-1] [INFO] [1775423089.223411935] [controller_server]: Critic plugin initialized
[controller_server-1] [INFO] [1775423089.223786375] [controller_server]: Using critic "GoalDist" (dwb_critics::GoalDistCritic)
[controller_server-1] [INFO] [1775423089.224544247] [controller_server]: Critic plugin initialized
[controller_server-1] [INFO] [1775423089.224607448] [controller_server]: Controller Server has FollowPath  controllers available.
[lifecycle_manager-8] [INFO] [1775423089.246046101] [lifecycle_manager_navigation]: [34m[1mConfiguring smoother_server[0m[0m
[smoother_server-2] [INFO] [1775423089.246650562] [smoother_server]: Configuring smoother server
[smoother_server-2] [INFO] [1775423089.278096910] [smoother_server]: Created smoother : simple_smoother of type nav2_smoother::SimpleSmoother
[smoother_server-2] [INFO] [1775423089.280506496] [smoother_server]: Smoother Server has simple_smoother  smoothers available.
[lifecycle_manager-8] [INFO] [1775423089.309279413] [lifecycle_manager_navigation]: [34m[1mConfiguring planner_server[0m[0m
[planner_server-3] [INFO] [1775423089.310172903] [planner_server]: Configuring
[planner_server-3] [INFO] [1775423089.310282922] [global_costmap.global_costmap]: Configuring
[planner_server-3] [INFO] [1775423089.329446935] [global_costmap.global_costmap]: Using plugin "static_layer"
[planner_server-3] [INFO] [1775423089.339967058] [global_costmap.global_costmap]: Subscribing to the map topic (/map) with transient local durability
[planner_server-3] [INFO] [1775423089.344499536] [global_costmap.global_costmap]: Initialized plugin "static_layer"
[planner_server-3] [INFO] [1775423089.382205854] [global_costmap.global_costmap]: StaticLayer: Resizing costmap to 185 X 172 at 0.050000 m/pix
[planner_server-3] [INFO] [1775423089.382769066] [planner_server]: Created global planner plugin GridBased of type nav2_navfn_planner/NavfnPlanner
[planner_server-3] [INFO] [1775423089.382839275] [planner_server]: Configuring plugin GridBased of type NavfnPlanner
[planner_server-3] [INFO] [1775423089.385074969] [planner_server]: Planner Server has GridBased  planners available.
[lifecycle_manager-8] [INFO] [1775423089.419634246] [lifecycle_manager_navigation]: [34m[1mConfiguring behavior_server[0m[0m
[behavior_server-4] [INFO] [1775423089.420200210] [behavior_server]: Configuring
[behavior_server-4] [INFO] [1775423089.445778661] [behavior_server]: Creating behavior plugin spin of type nav2_behaviors/Spin
[behavior_server-4] [INFO] [1775423089.447322789] [behavior_server]: Configuring spin
[behavior_server-4] [INFO] [1775423089.473359585] [behavior_server]: Creating behavior plugin backup of type nav2_behaviors/BackUp
[behavior_server-4] [INFO] [1775423089.474846208] [behavior_server]: Configuring backup
[behavior_server-4] [INFO] [1775423089.494793662] [behavior_server]: Creating behavior plugin drive_on_heading of type nav2_behaviors/DriveOnHeading
[behavior_server-4] [INFO] [1775423089.496364670] [behavior_server]: Configuring drive_on_heading
[behavior_server-4] [INFO] [1775423089.516708260] [behavior_server]: Creating behavior plugin assisted_teleop of type nav2_behaviors/AssistedTeleop
[behavior_server-4] [INFO] [1775423089.519963560] [behavior_server]: Configuring assisted_teleop
[behavior_server-4] [INFO] [1775423089.540900442] [behavior_server]: Creating behavior plugin wait of type nav2_behaviors/Wait
[behavior_server-4] [INFO] [1775423089.542377785] [behavior_server]: Configuring wait
[lifecycle_manager-8] [INFO] [1775423089.558882959] [lifecycle_manager_navigation]: [34m[1mConfiguring bt_navigator[0m[0m
[bt_navigator-5] [INFO] [1775423089.559837667] [bt_navigator]: Configuring
[lifecycle_manager-8] [INFO] [1775423089.789783686] [lifecycle_manager_navigation]: [34m[1mConfiguring waypoint_follower[0m[0m
[waypoint_follower-6] [INFO] [1775423089.790757754] [waypoint_follower]: Configuring
[waypoint_follower-6] [INFO] [1775423089.852070546] [waypoint_follower]: Created waypoint_task_executor : wait_at_waypoint of type nav2_waypoint_follower::WaitAtWaypoint
[waypoint_follower-6] [INFO] [1775423089.854298624] [waypoint_follower]: Waypoint pause duration is set to zero, disabling task executor plugin.
[lifecycle_manager-8] [INFO] [1775423089.855426552] [lifecycle_manager_navigation]: [34m[1mConfiguring velocity_smoother[0m[0m
[velocity_smoother-7] [INFO] [1775423089.856356267] [velocity_smoother]: Configuring velocity smoother
[lifecycle_manager-8] [INFO] [1775423089.872726238] [lifecycle_manager_navigation]: [34m[1mActivating controller_server[0m[0m
[controller_server-1] [INFO] [1775423089.873286922] [controller_server]: Activating
[controller_server-1] [INFO] [1775423089.873427533] [local_costmap.local_costmap]: Activating
[controller_server-1] [INFO] [1775423089.873482254] [local_costmap.local_costmap]: Checking transform
[controller_server-1] [INFO] [1775423089.873817013] [local_costmap.local_costmap]: start
[controller_server-1] [INFO] [1775423090.077638105] [controller_server]: Creating bond (controller_server) to lifecycle manager.
[lifecycle_manager-8] [INFO] [1775423090.195832173] [lifecycle_manager_navigation]: Server controller_server connected with bond.
[lifecycle_manager-8] [INFO] [1775423090.196032785] [lifecycle_manager_navigation]: [34m[1mActivating smoother_server[0m[0m
[smoother_server-2] [INFO] [1775423090.196896611] [smoother_server]: Activating
[smoother_server-2] [INFO] [1775423090.197024134] [smoother_server]: Creating bond (smoother_server) to lifecycle manager.
[lifecycle_manager-8] [INFO] [1775423090.317478057] [lifecycle_manager_navigation]: Server smoother_server connected with bond.
[lifecycle_manager-8] [INFO] [1775423090.317585099] [lifecycle_manager_navigation]: [34m[1mActivating planner_server[0m[0m
[planner_server-3] [INFO] [1775423090.318675393] [planner_server]: Activating
[planner_server-3] [INFO] [1775423090.318779076] [global_costmap.global_costmap]: Activating
[planner_server-3] [INFO] [1775423090.318808420] [global_costmap.global_costmap]: Checking transform
[planner_server-3] [INFO] [1775423090.318987368] [global_costmap.global_costmap]: start
[planner_server-3] [INFO] [1775423091.369178816] [planner_server]: Activating plugin GridBased of type NavfnPlanner
[planner_server-3] [INFO] [1775423091.374109670] [planner_server]: Creating bond (planner_server) to lifecycle manager.
[lifecycle_manager-8] [INFO] [1775423091.485893845] [lifecycle_manager_navigation]: Server planner_server connected with bond.
[lifecycle_manager-8] [INFO] [1775423091.486057592] [lifecycle_manager_navigation]: [34m[1mActivating behavior_server[0m[0m
[behavior_server-4] [INFO] [1775423091.486908522] [behavior_server]: Activating
[behavior_server-4] [INFO] [1775423091.487012812] [behavior_server]: Activating spin
[behavior_server-4] [INFO] [1775423091.487074669] [behavior_server]: Activating backup
[behavior_server-4] [INFO] [1775423091.487122510] [behavior_server]: Activating drive_on_heading
[behavior_server-4] [INFO] [1775423091.487168591] [behavior_server]: Activating assisted_teleop
[behavior_server-4] [INFO] [1775423091.487205552] [behavior_server]: Activating wait
[behavior_server-4] [INFO] [1775423091.487245841] [behavior_server]: Creating bond (behavior_server) to lifecycle manager.
[lifecycle_manager-8] [INFO] [1775423091.601900891] [lifecycle_manager_navigation]: Server behavior_server connected with bond.
[lifecycle_manager-8] [INFO] [1775423091.602047614] [lifecycle_manager_navigation]: [34m[1mActivating bt_navigator[0m[0m
[bt_navigator-5] [INFO] [1775423091.602907376] [bt_navigator]: Activating
[bt_navigator-5] [INFO] [1775423091.840285195] [bt_navigator]: Creating bond (bt_navigator) to lifecycle manager.
[lifecycle_manager-8] [INFO] [1775423091.953592633] [lifecycle_manager_navigation]: Server bt_navigator connected with bond.
[lifecycle_manager-8] [INFO] [1775423091.953735868] [lifecycle_manager_navigation]: [34m[1mActivating waypoint_follower[0m[0m
[waypoint_follower-6] [INFO] [1775423091.954892628] [waypoint_follower]: Activating
[waypoint_follower-6] [INFO] [1775423091.955036119] [waypoint_follower]: Creating bond (waypoint_follower) to lifecycle manager.
[lifecycle_manager-8] [INFO] [1775423092.067452562] [lifecycle_manager_navigation]: Server waypoint_follower connected with bond.
[lifecycle_manager-8] [INFO] [1775423092.067616950] [lifecycle_manager_navigation]: [34m[1mActivating velocity_smoother[0m[0m
[velocity_smoother-7] [INFO] [1775423092.068556137] [velocity_smoother]: Activating
[velocity_smoother-7] [INFO] [1775423092.068753229] [velocity_smoother]: Creating bond (velocity_smoother) to lifecycle manager.
[lifecycle_manager-8] [INFO] [1775423092.191298331] [lifecycle_manager_navigation]: Server velocity_smoother connected with bond.
[lifecycle_manager-8] [INFO] [1775423092.191446334] [lifecycle_manager_navigation]: [34m[1mManaged nodes are active[0m[0m
[lifecycle_manager-8] [INFO] [1775423092.191499807] [lifecycle_manager_navigation]: [34m[1mCreating bond timer...[0m[0m
[bt_navigator-5] [INFO] [1775423172.483270879] [bt_navigator]: Begin navigating from current location (0.01, 0.01) to (2.52, 3.04)
[controller_server-1] [INFO] [1775423172.585926970] [controller_server]: Received a goal, begin computing control effort.
[controller_server-1] [WARN] [1775423172.587022801] [controller_server]: No goal checker was specified in parameter 'current_goal_checker'. Server will use only plugin loaded goal_checker . This warning will appear once.
[controller_server-1] [WARN] [1775423273.891720170] [controller_server]: Control loop missed its desired rate of 10.0000Hz
[controller_server-1] [WARN] [1775423435.288276924] [controller_server]: Resulting plan has 0 poses in it.
[planner_server-3] [WARN] [1775423435.319206280] [nav2_costmap_2d]: Robot is out of bounds of the costmap!
[controller_server-1] [WARN] [1775423435.388131693] [controller_server]: Resulting plan has 0 poses in it.
[controller_server-1] [WARN] [1775423435.488055199] [controller_server]: Received plan with zero length
[controller_server-1] [WARN] [1775423435.588089236] [controller_server]: Received plan with zero length
[controller_server-1] [WARN] [1775423435.688068295] [controller_server]: Received plan with zero length
[controller_server-1] [WARN] [1775423435.788091580] [controller_server]: Received plan with zero length
[controller_server-1] [ERROR] [1775423435.788292544] [controller_server]: Controller patience exceeded
[controller_server-1] [WARN] [1775423435.788560101] [controller_server]: [follow_path] [ActionServer] Aborting handle.
[controller_server-1] [INFO] [1775423435.884326756] [local_costmap.local_costmap]: Received request to clear entirely the local_costmap
[controller_server-1] [INFO] [1775423435.886795798] [controller_server]: Received a goal, begin computing control effort.
[controller_server-1] [WARN] [1775423436.093593862] [controller_server]: Control loop missed its desired rate of 10.0000Hz
[controller_server-1] [WARN] [1775423438.394003091] [controller_server]: Resulting plan has 0 poses in it.
[controller_server-1] [WARN] [1775423438.493938789] [controller_server]: Resulting plan has 0 poses in it.
[controller_server-1] [WARN] [1775423438.593910840] [controller_server]: Received plan with zero length
[controller_server-1] [WARN] [1775423438.693921963] [controller_server]: Received plan with zero length
[controller_server-1] [WARN] [1775423438.793911999] [controller_server]: Received plan with zero length
[controller_server-1] [WARN] [1775423438.893913298] [controller_server]: Received plan with zero length
[controller_server-1] [ERROR] [1775423438.894092758] [controller_server]: Controller patience exceeded
[controller_server-1] [WARN] [1775423438.894333467] [controller_server]: [follow_path] [ActionServer] Aborting handle.
[controller_server-1] [INFO] [1775423438.984169891] [local_costmap.local_costmap]: Received request to clear entirely the local_costmap
[planner_server-3] [INFO] [1775423438.985300633] [global_costmap.global_costmap]: Received request to clear entirely the global_costmap
[controller_server-1] [INFO] [1775423438.987804747] [controller_server]: Received a goal, begin computing control effort.
[controller_server-1] [WARN] [1775423439.079063248] [controller_server]: Resulting plan has 0 poses in it.
[controller_server-1] [WARN] [1775423439.089067960] [controller_server]: Resulting plan has 0 poses in it.
[controller_server-1] [WARN] [1775423439.189021002] [controller_server]: Received plan with zero length
[controller_server-1] [WARN] [1775423439.289015198] [controller_server]: Received plan with zero length
[controller_server-1] [WARN] [1775423439.389039666] [controller_server]: Received plan with zero length
[controller_server-1] [WARN] [1775423439.489021605] [controller_server]: Received plan with zero length
[controller_server-1] [WARN] [1775423439.589034552] [controller_server]: Received plan with zero length
[controller_server-1] [ERROR] [1775423439.589207324] [controller_server]: Controller patience exceeded
[controller_server-1] [WARN] [1775423439.589467553] [controller_server]: [follow_path] [ActionServer] Aborting handle.
[controller_server-1] [INFO] [1775423439.684127529] [local_costmap.local_costmap]: Received request to clear entirely the local_costmap
[controller_server-1] [INFO] [1775423439.686023183] [controller_server]: Received a goal, begin computing control effort.
[controller_server-1] [WARN] [1775423439.891332032] [controller_server]: Control loop missed its desired rate of 10.0000Hz
[smoother_server-2] [INFO] [1775423463.230091008] [rclcpp]: signal_handler(SIGINT/SIGTERM)
[smoother_server-2] [INFO] [1775423463.230342757] [smoother_server]: Running Nav2 LifecycleNode rcl preshutdown (smoother_server)
[smoother_server-2] [INFO] [1775423463.230484776] [smoother_server]: Deactivating
[smoother_server-2] [INFO] [1775423463.230540201] [smoother_server]: Destroying bond (smoother_server) to lifecycle manager.
[planner_server-3] [INFO] [1775423463.230143073] [rclcpp]: signal_handler(SIGINT/SIGTERM)
[planner_server-3] [INFO] [1775423463.230294564] [planner_server]: Running Nav2 LifecycleNode rcl preshutdown (planner_server)
[planner_server-3] [INFO] [1775423463.230473832] [planner_server]: Deactivating
[planner_server-3] [INFO] [1775423463.230575338] [global_costmap.global_costmap]: Deactivating
[waypoint_follower-6] [INFO] [1775423463.230186786] [rclcpp]: signal_handler(SIGINT/SIGTERM)
[waypoint_follower-6] [INFO] [1775423463.230335365] [waypoint_follower]: Running Nav2 LifecycleNode rcl preshutdown (waypoint_follower)
[waypoint_follower-6] [INFO] [1775423463.230467111] [waypoint_follower]: Deactivating
[waypoint_follower-6] [INFO] [1775423463.230505320] [waypoint_follower]: Destroying bond (waypoint_follower) to lifecycle manager.
[behavior_server-4] [INFO] [1775423463.230461799] [rclcpp]: signal_handler(SIGINT/SIGTERM)
[behavior_server-4] [INFO] [1775423463.230582506] [behavior_server]: Running Nav2 LifecycleNode rcl preshutdown (behavior_server)
[behavior_server-4] [INFO] [1775423463.230690924] [behavior_server]: Deactivating
[behavior_server-4] [INFO] [1775423463.230741709] [behavior_server]: Destroying bond (behavior_server) to lifecycle manager.
[bt_navigator-5] [INFO] [1775423463.233357889] [rclcpp]: signal_handler(SIGINT/SIGTERM)
[bt_navigator-5] [INFO] [1775423463.233524389] [bt_navigator]: Running Nav2 LifecycleNode rcl preshutdown (bt_navigator)
[bt_navigator-5] [INFO] [1775423463.233664295] [bt_navigator]: Deactivating
[bt_navigator-5] [WARN] [1775423463.233696392] [bt_navigator]: [navigate_to_pose] [ActionServer] Requested to deactivate server but goal is still executing. Should check if action server is running before deactivating.
[lifecycle_manager-8] [INFO] [1775423463.233353409] [rclcpp]: signal_handler(SIGINT/SIGTERM)
[lifecycle_manager-8] [INFO] [1775423463.233520452] [lifecycle_manager_navigation]: Running Nav2 LifecycleManager rcl preshutdown (lifecycle_manager_navigation)
[lifecycle_manager-8] [INFO] [1775423463.233587302] [lifecycle_manager_navigation]: [34m[1mTerminating bond timer...[0m[0m
[controller_server-1] [INFO] [1775423463.234582426] [rclcpp]: signal_handler(SIGINT/SIGTERM)
[controller_server-1] [INFO] [1775423463.234739101] [controller_server]: Running Nav2 LifecycleNode rcl preshutdown (controller_server)
[controller_server-1] [INFO] [1775423463.234862975] [controller_server]: Deactivating
[controller_server-1] [WARN] [1775423463.234896160] [controller_server]: [follow_path] [ActionServer] Requested to deactivate server but goal is still executing. Should check if action server is running before deactivating.
[velocity_smoother-7] [INFO] [1775423463.246057919] [rclcpp]: signal_handler(SIGINT/SIGTERM)
[velocity_smoother-7] [INFO] [1775423463.246262403] [velocity_smoother]: Running Nav2 LifecycleNode rcl preshutdown (velocity_smoother)
[velocity_smoother-7] [INFO] [1775423463.246380358] [velocity_smoother]: Deactivating
[velocity_smoother-7] [INFO] [1775423463.246427943] [velocity_smoother]: Destroying bond (velocity_smoother) to lifecycle manager.
[waypoint_follower-6] [INFO] [1775423463.261182798] [waypoint_follower]: Cleaning up
[smoother_server-2] [INFO] [1775423463.271331673] [smoother_server]: Cleaning up
[waypoint_follower-6] [INFO] [1775423463.284962697] [waypoint_follower]: Destroying bond (waypoint_follower) to lifecycle manager.
[controller_server-1] [WARN] [1775423463.291649679] [controller_server]: [follow_path] [ActionServer] Stopping the thread per request.
[controller_server-1] [WARN] [1775423463.291815186] [controller_server]: [follow_path] [ActionServer] Aborting handle.
[controller_server-1] [INFO] [1775423463.297942253] [local_costmap.local_costmap]: Deactivating
[planner_server-3] [INFO] [1775423463.319222711] [planner_server]: Deactivating plugin GridBased of type NavfnPlanner
[planner_server-3] [INFO] [1775423463.319348921] [planner_server]: Destroying bond (planner_server) to lifecycle manager.
[bt_navigator-5] [WARN] [1775423463.321579686] [bt_navigator]: [navigate_to_pose] [ActionServer] Aborting handle.
[bt_navigator-5] [INFO] [1775423463.322049615] [bt_navigator]: Goal canceled
[bt_navigator-5] [WARN] [1775423463.322095088] [bt_navigator]: [navigate_to_pose] [ActionServer] Stopping the thread per request.
[bt_navigator-5] [INFO] [1775423463.322291060] [bt_navigator]: Destroying bond (bt_navigator) to lifecycle manager.
[behavior_server-4] [INFO] [1775423463.331207558] [behavior_server]: Cleaning up
[velocity_smoother-7] [INFO] [1775423463.347039395] [velocity_smoother]: Cleaning up
[velocity_smoother-7] [INFO] [1775423463.350265059] [velocity_smoother]: Destroying bond (velocity_smoother) to lifecycle manager.
[velocity_smoother-7] [INFO] [1775423463.353080188] [velocity_smoother]: Destroying
[smoother_server-2] [INFO] [1775423463.389803866] [smoother_server]: Destroying bond (smoother_server) to lifecycle manager.
[smoother_server-2] [INFO] [1775423463.398038239] [smoother_server]: Destroying
[planner_server-3] [INFO] [1775423463.399860867] [planner_server]: Cleaning up
[bt_navigator-5] [INFO] [1775423463.412920425] [bt_navigator]: Cleaning up
[waypoint_follower-6] [INFO] [1775423463.443330281] [waypoint_follower]: Destroying
[controller_server-1] [INFO] [1775423463.476220091] [controller_server]: Destroying bond (controller_server) to lifecycle manager.
[planner_server-3] [INFO] [1775423463.493524949] [global_costmap.global_costmap]: Cleaning up
[controller_server-1] [INFO] [1775423463.494234499] [controller_server]: Cleaning up
[controller_server-1] [INFO] [1775423463.494883856] [local_costmap.local_costmap]: Cleaning up
[behavior_server-4] [INFO] [1775423463.552412238] [behavior_server]: Destroying bond (behavior_server) to lifecycle manager.
[planner_server-3] [INFO] [1775423463.587160357] [planner_server]: Cleaning up plugin GridBased of type NavfnPlanner
[planner_server-3] [INFO] [1775423463.587362857] [planner_server]: Destroying plugin GridBased of type NavfnPlanner
[INFO] [velocity_smoother-7]: process has finished cleanly [pid 38123]
[planner_server-3] [INFO] [1775423463.624586066] [planner_server]: Destroying bond (planner_server) to lifecycle manager.
[lifecycle_manager-8] [INFO] [1775423463.638124961] [lifecycle_manager_navigation]: Destroying lifecycle_manager_navigation
[controller_server-1] [INFO] [1775423463.662304996] [controller_server]: Destroying bond (controller_server) to lifecycle manager.
[planner_server-3] [INFO] [1775423463.662950449] [global_costmap.global_costmap]: Destroying
[controller_server-1] [INFO] [1775423463.676186970] [local_costmap.local_costmap]: Destroying
[planner_server-3] [INFO] [1775423463.725078220] [planner_server]: Destroying
[controller_server-1] [INFO] [1775423463.731993686] [controller_server]: Destroying
[INFO] [smoother_server-2]: process has finished cleanly [pid 38086]
[behavior_server-4] [INFO] [1775423463.747760465] [behavior_server]: Destroying
[INFO] [lifecycle_manager-8]: process has finished cleanly [pid 38137]
[INFO] [waypoint_follower-6]: process has finished cleanly [pid 38094]
[bt_navigator-5] [INFO] [1775423463.858358741] [bt_navigator]: Completed Cleaning up
[bt_navigator-5] [INFO] [1775423463.858515993] [bt_navigator]: Destroying bond (bt_navigator) to lifecycle manager.
[bt_navigator-5] [INFO] [1775423463.871448251] [bt_navigator]: Destroying
[INFO] [controller_server-1]: process has finished cleanly [pid 38084]
[INFO] [planner_server-3]: process has finished cleanly [pid 38088]
[INFO] [behavior_server-4]: process has finished cleanly [pid 38090]
[INFO] [bt_navigator-5]: process has finished cleanly [pid 38092]
