[INFO] [1775411314.374091426] [exp4_maze_navigation]: Experiment 4 — Maze Navigation starting ...
[INFO] [1775411314.374895405] [exp4_maze_navigation]:   S=(0.0, 0.0)  T=(2.525, 3.035)  Euclidean=3.95 m  MaxPath=5.92 m
[INFO] [1775411317.618115151] [exp4_maze_navigation]: 
--- Trial 1/3 ---
[INFO] [1775411317.621646259] [exp4_maze_navigation]: Return robot to S=(0.0, 0.0) and verify AMCL localisation. Auto-starting trial in 3 seconds ...
[INFO] [1775411440.634885589] [exp4_maze_navigation]:   FAIL  Path=0.00 m  Time=120.0 s  Replans=0  Failure=timeout  Running efficiency=0.0 %
[INFO] [1775411440.636373106] [exp4_maze_navigation]: 
--- Trial 2/3 ---
[INFO] [1775411440.637738033] [exp4_maze_navigation]: Return robot to S=(0.0, 0.0) and verify AMCL localisation. Auto-starting trial in 3 seconds ...
[INFO] [1775411563.678759622] [exp4_maze_navigation]:   FAIL  Path=0.00 m  Time=120.0 s  Replans=0  Failure=timeout  Running efficiency=0.0 %
[INFO] [1775411563.680300516] [exp4_maze_navigation]: 
--- Trial 3/3 ---
[INFO] [1775411563.681949888] [exp4_maze_navigation]: Return robot to S=(0.0, 0.0) and verify AMCL localisation. Auto-starting trial in 3 seconds ...
[INFO] [1775411686.733885294] [exp4_maze_navigation]:   FAIL  Path=0.00 m  Time=120.0 s  Replans=0  Failure=timeout  Running efficiency=0.0 %
[DataLogger] Writing to /home/jetson/formica_experiments/data/exp4_maze_20260405_174834.csv

============================================================
  Experiment 4 — Final Navigation Efficiency
============================================================
  Trials: 3  Successes: 0
  Efficiency: 0.0 %  (target ≥ 89.0 %)  FAIL
============================================================


============================================================
  EXPERIMENT SUMMARY — EXP 4 — Maze Navigation
============================================================
  Trial    Metric                         Value        Unit
------------------------------------------------------------
  1        path_length                    0.0000       m
  1        time_to_target                 120.0072     s
  1        replan_events                  0.0000       
  2        path_length                    0.0000       m
  2        time_to_target                 120.0359     s
  2        replan_events                  0.0000       
  3        path_length                    0.0000       m
  3        time_to_target                 120.0468     s
  3        replan_events                  0.0000       
  0        Final efficiency               0.0000       %
============================================================

[DataLogger] Closed /home/jetson/formica_experiments/data/exp4_maze_20260405_174834.csv
