[INFO] [launch]: All log files can be found below /home/jetson/.ros/log/2026-04-06-00-14-11-224160-chandan-22615
[INFO] [launch]: Default logging verbosity is set to INFO
[INFO] [map_server-1]: process started with pid [22617]
[INFO] [amcl-2]: process started with pid [22619]
[INFO] [lifecycle_manager-3]: process started with pid [22621]
[map_server-1] [INFO] [1775405651.868341589] [map_server]: 
[map_server-1] 	map_server lifecycle node launched. 
[map_server-1] 	Waiting on external lifecycle transitions to activate
[map_server-1] 	See https://design.ros2.org/articles/node_lifecycle.html for more information.
[map_server-1] [INFO] [1775405651.870509102] [map_server]: Creating
[amcl-2] [INFO] [1775405652.394205485] [amcl]: 
[amcl-2] 	amcl lifecycle node launched. 
[amcl-2] 	Waiting on external lifecycle transitions to activate
[amcl-2] 	See https://design.ros2.org/articles/node_lifecycle.html for more information.
[amcl-2] [INFO] [1775405652.415064913] [amcl]: Creating
[lifecycle_manager-3] [INFO] [1775405652.542472580] [lifecycle_manager_localization]: Creating
[lifecycle_manager-3] [INFO] [1775405652.646512369] [lifecycle_manager_localization]: [34m[1mCreating and initializing lifecycle service clients[0m[0m
[lifecycle_manager-3] [INFO] [1775405652.756154129] [lifecycle_manager_localization]: [34m[1mStarting managed nodes bringup...[0m[0m
[lifecycle_manager-3] [INFO] [1775405652.756745633] [lifecycle_manager_localization]: [34m[1mConfiguring map_server[0m[0m
[map_server-1] [INFO] [1775405653.167991249] [map_server]: Configuring
[map_server-1] [INFO] [1775405653.168193014] [map_io]: Loading yaml file: /home/jetson/formica_map.yaml
[map_server-1] [INFO] [1775405653.168704548] [map_io]: resolution: 0.05
[map_server-1] [INFO] [1775405653.168731588] [map_io]: origin[0]: -5.9
[map_server-1] [INFO] [1775405653.168740325] [map_io]: origin[1]: -2.99
[map_server-1] [INFO] [1775405653.168746917] [map_io]: origin[2]: 0
[map_server-1] [INFO] [1775405653.168753317] [map_io]: free_thresh: 0.25
[map_server-1] [INFO] [1775405653.168759781] [map_io]: occupied_thresh: 0.65
[map_server-1] [INFO] [1775405653.168768325] [map_io]: mode: trinary
[map_server-1] [INFO] [1775405653.168777542] [map_io]: negate: 0
[map_server-1] [INFO] [1775405653.169147919] [map_io]: Loading image_file: /home/jetson/formica_map.pgm
[map_server-1] [INFO] [1775405653.176387885] [map_io]: Read map /home/jetson/formica_map.pgm: 185 X 172 map @ 0.05 m/cell
[lifecycle_manager-3] [INFO] [1775405653.339745485] [lifecycle_manager_localization]: [34m[1mConfiguring amcl[0m[0m
[amcl-2] [INFO] [1775405653.341226900] [amcl]: Configuring
[amcl-2] [INFO] [1775405653.341435770] [amcl]: initTransforms
[amcl-2] [INFO] [1775405653.398743226] [amcl]: initPubSub
[amcl-2] [INFO] [1775405653.424709540] [amcl]: Subscribed to map topic.
[lifecycle_manager-3] [INFO] [1775405653.445205534] [lifecycle_manager_localization]: [34m[1mActivating map_server[0m[0m
[map_server-1] [INFO] [1775405653.445642249] [map_server]: Activating
[map_server-1] [INFO] [1775405653.446023091] [map_server]: Creating bond (map_server) to lifecycle manager.
[amcl-2] [INFO] [1775405653.552927657] [amcl]: Received a 185 X 172 map @ 0.050 m/pix
[lifecycle_manager-3] [INFO] [1775405653.558921799] [lifecycle_manager_localization]: Server map_server connected with bond.
[lifecycle_manager-3] [INFO] [1775405653.559054090] [lifecycle_manager_localization]: [34m[1mActivating amcl[0m[0m
[amcl-2] [INFO] [1775405653.560935196] [amcl]: Activating
[amcl-2] [INFO] [1775405653.561048543] [amcl]: Creating bond (amcl) to lifecycle manager.
[amcl-2] [INFO] [1775405653.605456524] [amcl]: createLaserObject
[amcl-2] [INFO] [1775405653.632175178] [amcl]: initialPoseReceived
[amcl-2] [WARN] [1775405653.633153091] [amcl]: Failed to transform initial pose in time (Lookup would require extrapolation into the future.  Requested time 1775405653.632552 but the latest data is at time 1775405653.597564, when looking up transform from frame [base_footprint] to frame [odom])
[amcl-2] [INFO] [1775405653.633228197] [amcl]: Setting pose (1775405653.633226): 0.000 0.000 0.000
[lifecycle_manager-3] [INFO] [1775405653.714182322] [lifecycle_manager_localization]: Server amcl connected with bond.
[lifecycle_manager-3] [INFO] [1775405653.714291957] [lifecycle_manager_localization]: [34m[1mManaged nodes are active[0m[0m
[lifecycle_manager-3] [INFO] [1775405653.714319958] [lifecycle_manager_localization]: [34m[1mCreating bond timer...[0m[0m
[amcl-2] [INFO] [1775405654.471234058] [amcl]: Message Filter dropping message: frame 'laser' at time 1775405653.334 for reason 'the timestamp on the message is earlier than all the data in the transform cache'
[amcl-2] [INFO] [1775405666.879488747] [amcl]: initialPoseReceived
[amcl-2] [WARN] [1775405666.879748146] [amcl]: Failed to transform initial pose in time (Lookup would require extrapolation into the future.  Requested time 1775405666.879637 but the latest data is at time 1775405666.847533, when looking up transform from frame [base_footprint] to frame [odom])
[amcl-2] [INFO] [1775405666.879793427] [amcl]: Setting pose (1775405666.879792): 0.000 0.000 0.000
