[INFO] [launch]: All log files can be found below /home/jetson/.ros/log/2026-04-04-02-19-35-579033-chandan-18680
[INFO] [launch]: Default logging verbosity is set to INFO
[INFO] [map_server-1]: process started with pid [18682]
[INFO] [amcl-2]: process started with pid [18684]
[INFO] [lifecycle_manager-3]: process started with pid [18686]
[map_server-1] [INFO] [1775240376.030613837] [map_server]: 
[map_server-1] 	map_server lifecycle node launched. 
[map_server-1] 	Waiting on external lifecycle transitions to activate
[map_server-1] 	See https://design.ros2.org/articles/node_lifecycle.html for more information.
[map_server-1] [INFO] [1775240376.035494542] [map_server]: Creating
[lifecycle_manager-3] [INFO] [1775240376.512054314] [lifecycle_manager_localization]: Creating
[lifecycle_manager-3] [INFO] [1775240376.587904941] [lifecycle_manager_localization]: [34m[1mCreating and initializing lifecycle service clients[0m[0m
[amcl-2] [INFO] [1775240376.684965013] [amcl]: 
[amcl-2] 	amcl lifecycle node launched. 
[amcl-2] 	Waiting on external lifecycle transitions to activate
[amcl-2] 	See https://design.ros2.org/articles/node_lifecycle.html for more information.
[amcl-2] [INFO] [1775240376.686100172] [amcl]: Creating
[lifecycle_manager-3] [INFO] [1775240377.436329219] [lifecycle_manager_localization]: [34m[1mStarting managed nodes bringup...[0m[0m
[lifecycle_manager-3] [INFO] [1775240377.436471494] [lifecycle_manager_localization]: [34m[1mConfiguring map_server[0m[0m
[map_server-1] [INFO] [1775240377.437237461] [map_server]: Configuring
[map_server-1] [INFO] [1775240377.437398744] [map_io]: Loading yaml file: /home/jetson/formica_map.yaml
[map_server-1] [INFO] [1775240377.437993188] [map_io]: resolution: 0.05
[map_server-1] [INFO] [1775240377.438023461] [map_io]: origin[0]: -5.9
[map_server-1] [INFO] [1775240377.438036645] [map_io]: origin[1]: -2.99
[map_server-1] [INFO] [1775240377.438047877] [map_io]: origin[2]: 0
[map_server-1] [INFO] [1775240377.438058246] [map_io]: free_thresh: 0.25
[map_server-1] [INFO] [1775240377.438067270] [map_io]: occupied_thresh: 0.65
[map_server-1] [INFO] [1775240377.438077062] [map_io]: mode: trinary
[map_server-1] [INFO] [1775240377.438088166] [map_io]: negate: 0
[map_server-1] [INFO] [1775240377.438475950] [map_io]: Loading image_file: /home/jetson/formica_map.pgm
[map_server-1] [INFO] [1775240377.446101445] [map_io]: Read map /home/jetson/formica_map.pgm: 185 X 172 map @ 0.05 m/cell
[lifecycle_manager-3] [INFO] [1775240377.467661394] [lifecycle_manager_localization]: [34m[1mConfiguring amcl[0m[0m
[amcl-2] [INFO] [1775240377.468413281] [amcl]: Configuring
[amcl-2] [INFO] [1775240377.468702886] [amcl]: initTransforms
[amcl-2] [INFO] [1775240377.498903710] [amcl]: initPubSub
[amcl-2] [INFO] [1775240377.512665648] [amcl]: Subscribed to map topic.
[lifecycle_manager-3] [INFO] [1775240377.526104955] [lifecycle_manager_localization]: [34m[1mActivating map_server[0m[0m
[map_server-1] [INFO] [1775240377.526500162] [map_server]: Activating
[map_server-1] [INFO] [1775240377.526885994] [map_server]: Creating bond (map_server) to lifecycle manager.
[amcl-2] [INFO] [1775240377.529332635] [amcl]: Received a 185 X 172 map @ 0.050 m/pix
[lifecycle_manager-3] [INFO] [1775240377.644747439] [lifecycle_manager_localization]: Server map_server connected with bond.
[lifecycle_manager-3] [INFO] [1775240377.645209304] [lifecycle_manager_localization]: [34m[1mActivating amcl[0m[0m
[amcl-2] [INFO] [1775240377.646010696] [amcl]: Activating
[amcl-2] [INFO] [1775240377.646127563] [amcl]: Creating bond (amcl) to lifecycle manager.
[amcl-2] [INFO] [1775240377.646620437] [amcl]: createLaserObject
[lifecycle_manager-3] [INFO] [1775240377.769416444] [lifecycle_manager_localization]: Server amcl connected with bond.
[lifecycle_manager-3] [INFO] [1775240377.769583551] [lifecycle_manager_localization]: [34m[1mManaged nodes are active[0m[0m
[lifecycle_manager-3] [INFO] [1775240377.769803524] [lifecycle_manager_localization]: [34m[1mCreating bond timer...[0m[0m
[amcl-2] [INFO] [1775240378.525827629] [amcl]: Message Filter dropping message: frame 'laser' at time 1775240377.389 for reason 'the timestamp on the message is earlier than all the data in the transform cache'
[amcl-2] [WARN] [1775240379.501276155] [amcl]: AMCL cannot publish a pose or update the transform. Please set the initial pose...
[amcl-2] [WARN] [1775240381.613821020] [amcl]: AMCL cannot publish a pose or update the transform. Please set the initial pose...
[amcl-2] [WARN] [1775240383.726301684] [amcl]: AMCL cannot publish a pose or update the transform. Please set the initial pose...
[amcl-2] [WARN] [1775240385.839021256] [amcl]: AMCL cannot publish a pose or update the transform. Please set the initial pose...
[amcl-2] [INFO] [1775240386.124138499] [amcl]: initialPoseReceived
[amcl-2] [WARN] [1775240386.124388296] [amcl]: Failed to transform initial pose in time (Lookup would require extrapolation into the future.  Requested time 1775240386.124263 but the latest data is at time 1775240386.102161, when looking up transform from frame [base_footprint] to frame [odom])
[amcl-2] [INFO] [1775240386.124425641] [amcl]: Setting pose (1775240386.124424): 0.000 0.000 0.000
[amcl-2] [WARN] [1775240460.016031310] [amcl.rclcpp]: failed to send response to /amcl/get_state (timeout): client will not receive response, at ./src/rmw_response.cpp:154, at ./src/rcl/service.c:314
