[INFO] [launch]: All log files can be found below /home/jetson/.ros/log/2026-04-06-02-41-12-231436-chandan-47897
[INFO] [launch]: Default logging verbosity is set to INFO
[INFO] [map_server-1]: process started with pid [47899]
[INFO] [amcl-2]: process started with pid [47901]
[INFO] [lifecycle_manager-3]: process started with pid [47903]
[lifecycle_manager-3] [INFO] [1775414472.707411857] [lifecycle_manager_localization]: Creating
[lifecycle_manager-3] [INFO] [1775414472.725733451] [lifecycle_manager_localization]: [34m[1mCreating and initializing lifecycle service clients[0m[0m
[amcl-2] [INFO] [1775414472.883011327] [amcl]: 
[amcl-2] 	amcl lifecycle node launched. 
[amcl-2] 	Waiting on external lifecycle transitions to activate
[amcl-2] 	See https://design.ros2.org/articles/node_lifecycle.html for more information.
[amcl-2] [INFO] [1775414472.927336326] [amcl]: Creating
[map_server-1] [INFO] [1775414473.356146915] [map_server]: 
[map_server-1] 	map_server lifecycle node launched. 
[map_server-1] 	Waiting on external lifecycle transitions to activate
[map_server-1] 	See https://design.ros2.org/articles/node_lifecycle.html for more information.
[map_server-1] [INFO] [1775414473.364056093] [map_server]: Creating
[lifecycle_manager-3] [INFO] [1775414474.866445896] [lifecycle_manager_localization]: Waiting for service map_server/get_state...
[lifecycle_manager-3] [INFO] [1775414475.134629368] [lifecycle_manager_localization]: [34m[1mStarting managed nodes bringup...[0m[0m
[lifecycle_manager-3] [INFO] [1775414475.134766972] [lifecycle_manager_localization]: [34m[1mConfiguring map_server[0m[0m
[map_server-1] [WARN] [1775414765.242409105] [map_server.rclcpp]: failed to send response to /map_server/get_state (timeout): client will not receive response, at ./src/rmw_response.cpp:154, at ./src/rcl/service.c:314
