[INFO] [launch]: All log files can be found below /home/jetson/.ros/log/2026-04-06-01-56-09-525254-chandan-39350
[INFO] [launch]: Default logging verbosity is set to INFO
[INFO] [map_server-1]: process started with pid [39353]
[INFO] [amcl-2]: process started with pid [39355]
[INFO] [lifecycle_manager-3]: process started with pid [39357]
[lifecycle_manager-3] [INFO] [1775411770.366220211] [lifecycle_manager_localization]: Creating
[lifecycle_manager-3] [INFO] [1775411770.471894962] [lifecycle_manager_localization]: [34m[1mCreating and initializing lifecycle service clients[0m[0m
[amcl-2] [INFO] [1775411770.603249910] [amcl]: 
[amcl-2] 	amcl lifecycle node launched. 
[amcl-2] 	Waiting on external lifecycle transitions to activate
[amcl-2] 	See https://design.ros2.org/articles/node_lifecycle.html for more information.
[amcl-2] [INFO] [1775411770.604486277] [amcl]: Creating
[map_server-1] [INFO] [1775411771.008213473] [map_server]: 
[map_server-1] 	map_server lifecycle node launched. 
[map_server-1] 	Waiting on external lifecycle transitions to activate
[map_server-1] 	See https://design.ros2.org/articles/node_lifecycle.html for more information.
[map_server-1] [INFO] [1775411771.008671688] [map_server]: Creating
[lifecycle_manager-3] [INFO] [1775411772.151382898] [lifecycle_manager_localization]: [34m[1mStarting managed nodes bringup...[0m[0m
[lifecycle_manager-3] [INFO] [1775411772.151523996] [lifecycle_manager_localization]: [34m[1mConfiguring map_server[0m[0m
[amcl-2] [WARN] [1775412032.463708446] [amcl.rclcpp]: failed to send response to /amcl/get_state (timeout): client will not receive response, at ./src/rmw_response.cpp:154, at ./src/rcl/service.c:314
[amcl-2] [WARN] [1775412101.539268424] [amcl.rclcpp]: failed to send response to /amcl/get_state (timeout): client will not receive response, at ./src/rmw_response.cpp:154, at ./src/rcl/service.c:314
