[INFO] [1775414450.693213950] [arduino_base_controller]: Connected to Arduino on /dev/ttyCH341USB0
[INFO] [1775414450.781985370] [arduino_base_controller]: Arduino Base Controller started.
[INFO] [1775414451.303617851] [arduino_base_controller]: RAW SERIAL FROM ARDUINO: "s,206,279,0,151"
[INFO] [1775414451.420890789] [arduino_base_controller]: RAW SERIAL FROM ARDUINO: "s,205,278,0,151"
[INFO] [1775414456.189055609] [arduino_base_controller]: RAW SERIAL FROM ARDUINO: "s,206,279,0,151"
[INFO] [1775414456.321870899] [arduino_base_controller]: RAW SERIAL FROM ARDUINO: "s,205,278,0,151"
[INFO] [1775414457.187267592] [arduino_base_controller]: RAW SERIAL FROM ARDUINO: "s,204,278,0,150"
[INFO] [1775414460.387486533] [arduino_base_controller]: RAW SERIAL FROM ARDUINO: "s,204,278,0,151"
[INFO] [1775414460.518777691] [arduino_base_controller]: RAW SERIAL FROM ARDUINO: "s,206,279,0,151"
[INFO] [1775414461.215558655] [arduino_base_controller]: RAW SERIAL FROM ARDUINO: "s,205,279,0,151"
[INFO] [1775414461.318640079] [arduino_base_controller]: RAW SERIAL FROM ARDUINO: "s,205,278,0,151"
[INFO] [1775414468.594512716] [arduino_base_controller]: RAW SERIAL FROM ARDUINO: "s,204,278,0,151"
[WARN] [1775414625.811092231] [arduino_base_controller]: Parse error on line "s,205,283,0,151s,205,283,0,151": could not convert string to float: '151s'
[WARN] [1775414922.912220531] [arduino_base_controller]: Parse error on line "s,207,28s,208,287,0,151": could not convert string to float: '28s'
[WARN] [1775414956.503592985] [arduino_base_controller]: Parse error on line "s,206,2s,207,286,0,151": could not convert string to float: '2s'
Traceback (most recent call last):
  File "/home/jetson/ros2_ws/install/formica_experiments/lib/formica_experiments/arduino_base", line 33, in <module>
    sys.exit(load_entry_point('formica-experiments', 'console_scripts', 'arduino_base')())
  File "/home/jetson/ros2_ws/build/formica_experiments/formica_experiments/arduino_base_node.py", line 234, in main
    executor.spin()
  File "/opt/ros/humble/local/lib/python3.10/dist-packages/rclpy/executors.py", line 323, in spin
    self.spin_once()
  File "/opt/ros/humble/local/lib/python3.10/dist-packages/rclpy/executors.py", line 863, in spin_once
    self._spin_once_impl(timeout_sec)
  File "/opt/ros/humble/local/lib/python3.10/dist-packages/rclpy/executors.py", line 844, in _spin_once_impl
    handler, entity, node = self.wait_for_ready_callbacks(
  File "/opt/ros/humble/local/lib/python3.10/dist-packages/rclpy/executors.py", line 780, in wait_for_ready_callbacks
    return next(self._cb_iter)
  File "/opt/ros/humble/local/lib/python3.10/dist-packages/rclpy/executors.py", line 653, in _wait_for_ready_callbacks
    wait_set = _rclpy.WaitSet(
rclpy._rclpy_pybind11.RCLError: failed to initialize wait set: the given context is not valid, either rcl_init() was not called or rcl_shutdown() was called., at ./src/rcl/wait.c:130
The following exception was never retrieved: Failed to publish: publisher's context is invalid, at ./src/rcl/publisher.c:389
