[INFO] [launch]: All log files can be found below /home/jetson/.ros/log/2026-04-06-00-14-31-756646-chandan-22836
[INFO] [launch]: Default logging verbosity is set to INFO
[INFO] [controller_server-1]: process started with pid [22844]
[INFO] [smoother_server-2]: process started with pid [22846]
[INFO] [planner_server-3]: process started with pid [22848]
[INFO] [behavior_server-4]: process started with pid [22850]
[INFO] [bt_navigator-5]: process started with pid [22852]
[INFO] [waypoint_follower-6]: process started with pid [22854]
[INFO] [velocity_smoother-7]: process started with pid [22864]
[INFO] [lifecycle_manager-8]: process started with pid [22885]
[waypoint_follower-6] [INFO] [1775405672.677820281] [waypoint_follower]: 
[waypoint_follower-6] 	waypoint_follower lifecycle node launched. 
[waypoint_follower-6] 	Waiting on external lifecycle transitions to activate
[waypoint_follower-6] 	See https://design.ros2.org/articles/node_lifecycle.html for more information.
[waypoint_follower-6] [INFO] [1775405672.681821728] [waypoint_follower]: Creating
[bt_navigator-5] [INFO] [1775405672.867031069] [bt_navigator]: 
[bt_navigator-5] 	bt_navigator lifecycle node launched. 
[bt_navigator-5] 	Waiting on external lifecycle transitions to activate
[bt_navigator-5] 	See https://design.ros2.org/articles/node_lifecycle.html for more information.
[bt_navigator-5] [INFO] [1775405672.873756715] [bt_navigator]: Creating
[controller_server-1] [INFO] [1775405672.880683998] [controller_server]: 
[controller_server-1] 	controller_server lifecycle node launched. 
[controller_server-1] 	Waiting on external lifecycle transitions to activate
[controller_server-1] 	See https://design.ros2.org/articles/node_lifecycle.html for more information.
[controller_server-1] [INFO] [1775405672.988352227] [controller_server]: Creating controller server
[smoother_server-2] [INFO] [1775405673.075913181] [smoother_server]: 
[smoother_server-2] 	smoother_server lifecycle node launched. 
[smoother_server-2] 	Waiting on external lifecycle transitions to activate
[velocity_smoother-7] [INFO] [1775405673.078141591] [velocity_smoother]: 
[velocity_smoother-7] 	velocity_smoother lifecycle node launched. 
[velocity_smoother-7] 	Waiting on external lifecycle transitions to activate
[velocity_smoother-7] 	See https://design.ros2.org/articles/node_lifecycle.html for more information.
[smoother_server-2] 	See https://design.ros2.org/articles/node_lifecycle.html for more information.
[lifecycle_manager-8] [INFO] [1775405673.113061566] [lifecycle_manager_navigation]: Creating
[smoother_server-2] [INFO] [1775405673.124736428] [smoother_server]: Creating smoother server
[lifecycle_manager-8] [INFO] [1775405673.239799982] [lifecycle_manager_navigation]: [34m[1mCreating and initializing lifecycle service clients[0m[0m
[behavior_server-4] [INFO] [1775405673.261272570] [behavior_server]: 
[behavior_server-4] 	behavior_server lifecycle node launched. 
[behavior_server-4] 	Waiting on external lifecycle transitions to activate
[behavior_server-4] 	See https://design.ros2.org/articles/node_lifecycle.html for more information.
[planner_server-3] [INFO] [1775405673.314755842] [planner_server]: 
[planner_server-3] 	planner_server lifecycle node launched. 
[planner_server-3] 	Waiting on external lifecycle transitions to activate
[planner_server-3] 	See https://design.ros2.org/articles/node_lifecycle.html for more information.
[planner_server-3] [INFO] [1775405673.446709721] [planner_server]: Creating
[controller_server-1] [INFO] [1775405675.395473946] [local_costmap.local_costmap]: 
[controller_server-1] 	local_costmap lifecycle node launched. 
[controller_server-1] 	Waiting on external lifecycle transitions to activate
[controller_server-1] 	See https://design.ros2.org/articles/node_lifecycle.html for more information.
[controller_server-1] [INFO] [1775405675.401324658] [local_costmap.local_costmap]: Creating Costmap
[planner_server-3] [INFO] [1775405675.730629552] [global_costmap.global_costmap]: 
[planner_server-3] 	global_costmap lifecycle node launched. 
[planner_server-3] 	Waiting on external lifecycle transitions to activate
[planner_server-3] 	See https://design.ros2.org/articles/node_lifecycle.html for more information.
[planner_server-3] [INFO] [1775405675.731908913] [global_costmap.global_costmap]: Creating Costmap
[lifecycle_manager-8] [INFO] [1775405676.661716100] [lifecycle_manager_navigation]: [34m[1mStarting managed nodes bringup...[0m[0m
[lifecycle_manager-8] [INFO] [1775405676.661967850] [lifecycle_manager_navigation]: [34m[1mConfiguring controller_server[0m[0m
[controller_server-1] [INFO] [1775405676.671218457] [controller_server]: Configuring controller interface
[lifecycle_manager-8] [ERROR] [1775405676.675114174] [lifecycle_manager_navigation]: Failed to change state for node: controller_server
[lifecycle_manager-8] [ERROR] [1775405676.675303459] [lifecycle_manager_navigation]: Failed to bring up all requested nodes. Aborting bringup.
[controller_server-1] [INFO] [1775405676.676084183] [controller_server]: getting goal checker plugins..
[controller_server-1] [INFO] [1775405676.676835370] [controller_server]: Controller frequency set to 10.0000Hz
[controller_server-1] [INFO] [1775405676.676956781] [local_costmap.local_costmap]: Configuring
[controller_server-1] [INFO] [1775405676.813087017] [local_costmap.local_costmap]: Using plugin "obstacle_layer"
[controller_server-1] [INFO] [1775405677.032337639] [local_costmap.local_costmap]: Subscribed to Topics: scan
[controller_server-1] [INFO] [1775405677.053878451] [local_costmap.local_costmap]: Initialized plugin "obstacle_layer"
[controller_server-1] [INFO] [1775405677.055271735] [local_costmap.local_costmap]: Using plugin "inflation_layer"
[controller_server-1] [INFO] [1775405677.058495818] [local_costmap.local_costmap]: Initialized plugin "inflation_layer"
[controller_server-1] [INFO] [1775405677.124481137] [controller_server]: Created progress_checker : progress_checker of type nav2_controller::SimpleProgressChecker
[controller_server-1] [INFO] [1775405677.127722949] [controller_server]: Created goal checker : goal_checker of type nav2_controller::SimpleGoalChecker
[controller_server-1] [INFO] [1775405677.130522925] [controller_server]: Controller Server has goal_checker  goal checkers available.
[controller_server-1] [INFO] [1775405677.135311849] [controller_server]: Created controller : FollowPath of type dwb_core::DWBLocalPlanner
[controller_server-1] [INFO] [1775405677.140200071] [controller_server]: Setting transform_tolerance to 0.200000
[controller_server-1] [INFO] [1775405677.190527610] [controller_server]: Using critic "RotateToGoal" (dwb_critics::RotateToGoalCritic)
[controller_server-1] [INFO] [1775405677.194501888] [controller_server]: Critic plugin initialized
[controller_server-1] [INFO] [1775405677.196393105] [controller_server]: Using critic "Oscillation" (dwb_critics::OscillationCritic)
[controller_server-1] [INFO] [1775405677.199498721] [controller_server]: Critic plugin initialized
[controller_server-1] [INFO] [1775405677.202555504] [controller_server]: Using critic "BaseObstacle" (dwb_critics::BaseObstacleCritic)
[controller_server-1] [INFO] [1775405677.204759305] [controller_server]: Critic plugin initialized
[controller_server-1] [INFO] [1775405677.206300113] [controller_server]: Using critic "GoalAlign" (dwb_critics::GoalAlignCritic)
[controller_server-1] [INFO] [1775405677.208523018] [controller_server]: Critic plugin initialized
[controller_server-1] [INFO] [1775405677.209998640] [controller_server]: Using critic "PathAlign" (dwb_critics::PathAlignCritic)
[controller_server-1] [INFO] [1775405677.212195081] [controller_server]: Critic plugin initialized
[controller_server-1] [INFO] [1775405677.213616462] [controller_server]: Using critic "PathDist" (dwb_critics::PathDistCritic)
[controller_server-1] [INFO] [1775405677.215492190] [controller_server]: Critic plugin initialized
[controller_server-1] [INFO] [1775405677.216860353] [controller_server]: Using critic "GoalDist" (dwb_critics::GoalDistCritic)
[controller_server-1] [INFO] [1775405677.218577806] [controller_server]: Critic plugin initialized
[controller_server-1] [INFO] [1775405677.219258463] [controller_server]: Controller Server has FollowPath  controllers available.
[bt_navigator-5] [WARN] [1775405689.185429608] [rcl_lifecycle]: No transition matching activate found for current state unconfigured
[controller_server-1] [INFO] [1775405719.320639203] [local_costmap.local_costmap]: Received request to clear entirely the local_costmap
[controller_server-1] [INFO] [1775405727.350600863] [local_costmap.local_costmap]: Received request to clear entirely the local_costmap
[controller_server-1] [INFO] [1775405735.003739763] [local_costmap.local_costmap]: Received request to clear entirely the local_costmap
[controller_server-1] [INFO] [1775405735.030450540] [local_costmap.local_costmap]: Received request to clear entirely the local_costmap
[controller_server-1] [INFO] [1775405748.844096375] [local_costmap.local_costmap]: Received request to clear entirely the local_costmap
[controller_server-1] [INFO] [1775405756.354421740] [local_costmap.local_costmap]: Received request to clear entirely the local_costmap
[controller_server-1] [INFO] [1775405770.446036729] [local_costmap.local_costmap]: Received request to clear entirely the local_costmap
[controller_server-1] [INFO] [1775405778.855926477] [local_costmap.local_costmap]: Received request to clear entirely the local_costmap
[controller_server-1] [INFO] [1775405780.317080048] [local_costmap.local_costmap]: Received request to clear entirely the local_costmap
[controller_server-1] [INFO] [1775405792.349173498] [local_costmap.local_costmap]: Received request to clear entirely the local_costmap
[controller_server-1] [INFO] [1775405804.049519908] [local_costmap.local_costmap]: Received request to clear entirely the local_costmap
[controller_server-1] [INFO] [1775405811.359089763] [local_costmap.local_costmap]: Received request to clear entirely the local_costmap
