[INFO] [launch]: All log files can be found below /home/jetson/.ros/log/2026-04-06-02-35-15-082239-chandan-46884
[INFO] [launch]: Default logging verbosity is set to INFO
[INFO] [controller_server-1]: process started with pid [46886]
[INFO] [smoother_server-2]: process started with pid [46888]
[INFO] [planner_server-3]: process started with pid [46890]
[INFO] [behavior_server-4]: process started with pid [46892]
[INFO] [bt_navigator-5]: process started with pid [46894]
[INFO] [waypoint_follower-6]: process started with pid [46896]
[INFO] [velocity_smoother-7]: process started with pid [46898]
[INFO] [lifecycle_manager-8]: process started with pid [46917]
[controller_server-1] [INFO] [1775414115.720011396] [controller_server]: 
[controller_server-1] 	controller_server lifecycle node launched. 
[controller_server-1] 	Waiting on external lifecycle transitions to activate
[controller_server-1] 	See https://design.ros2.org/articles/node_lifecycle.html for more information.
[smoother_server-2] [INFO] [1775414115.794945885] [smoother_server]: 
[smoother_server-2] 	smoother_server lifecycle node launched. 
[smoother_server-2] 	Waiting on external lifecycle transitions to activate
[smoother_server-2] 	See https://design.ros2.org/articles/node_lifecycle.html for more information.
[smoother_server-2] [INFO] [1775414115.797644121] [smoother_server]: Creating smoother server
[controller_server-1] [INFO] [1775414115.859036006] [controller_server]: Creating controller server
[planner_server-3] [INFO] [1775414116.014091499] [planner_server]: 
[planner_server-3] 	planner_server lifecycle node launched. 
[planner_server-3] 	Waiting on external lifecycle transitions to activate
[planner_server-3] 	See https://design.ros2.org/articles/node_lifecycle.html for more information.
[planner_server-3] [INFO] [1775414116.017463509] [planner_server]: Creating
[bt_navigator-5] [INFO] [1775414116.152929164] [bt_navigator]: 
[bt_navigator-5] 	bt_navigator lifecycle node launched. 
[bt_navigator-5] 	Waiting on external lifecycle transitions to activate
[bt_navigator-5] 	See https://design.ros2.org/articles/node_lifecycle.html for more information.
[bt_navigator-5] [INFO] [1775414116.153341077] [bt_navigator]: Creating
[waypoint_follower-6] [INFO] [1775414116.512826697] [waypoint_follower]: 
[waypoint_follower-6] 	waypoint_follower lifecycle node launched. 
[waypoint_follower-6] 	Waiting on external lifecycle transitions to activate
[waypoint_follower-6] 	See https://design.ros2.org/articles/node_lifecycle.html for more information.
[waypoint_follower-6] [INFO] [1775414116.514507982] [waypoint_follower]: Creating
[controller_server-1] [INFO] [1775414116.549036426] [local_costmap.local_costmap]: 
[controller_server-1] 	local_costmap lifecycle node launched. 
[controller_server-1] 	Waiting on external lifecycle transitions to activate
[controller_server-1] 	See https://design.ros2.org/articles/node_lifecycle.html for more information.
[controller_server-1] [INFO] [1775414116.550370440] [local_costmap.local_costmap]: Creating Costmap
[planner_server-3] [INFO] [1775414116.598636372] [global_costmap.global_costmap]: 
[planner_server-3] 	global_costmap lifecycle node launched. 
[planner_server-3] 	Waiting on external lifecycle transitions to activate
[planner_server-3] 	See https://design.ros2.org/articles/node_lifecycle.html for more information.
[planner_server-3] [INFO] [1775414116.630438196] [global_costmap.global_costmap]: Creating Costmap
[behavior_server-4] [INFO] [1775414117.068173677] [behavior_server]: 
[behavior_server-4] 	behavior_server lifecycle node launched. 
[behavior_server-4] 	Waiting on external lifecycle transitions to activate
[behavior_server-4] 	See https://design.ros2.org/articles/node_lifecycle.html for more information.
[velocity_smoother-7] [INFO] [1775414117.373942755] [velocity_smoother]: 
[velocity_smoother-7] 	velocity_smoother lifecycle node launched. 
[velocity_smoother-7] 	Waiting on external lifecycle transitions to activate
[velocity_smoother-7] 	See https://design.ros2.org/articles/node_lifecycle.html for more information.
[lifecycle_manager-8] [INFO] [1775414117.546429936] [lifecycle_manager_navigation]: Creating
[lifecycle_manager-8] [INFO] [1775414117.769279673] [lifecycle_manager_navigation]: [34m[1mCreating and initializing lifecycle service clients[0m[0m
[lifecycle_manager-8] [INFO] [1775414119.967210794] [lifecycle_manager_navigation]: Waiting for service controller_server/get_state...
[lifecycle_manager-8] [INFO] [1775414121.967530967] [lifecycle_manager_navigation]: Waiting for service controller_server/get_state...
[lifecycle_manager-8] [INFO] [1775414122.655358980] [lifecycle_manager_navigation]: [34m[1mStarting managed nodes bringup...[0m[0m
[lifecycle_manager-8] [INFO] [1775414122.655857935] [lifecycle_manager_navigation]: [34m[1mConfiguring controller_server[0m[0m
[controller_server-1] [INFO] [1775414122.658011679] [controller_server]: Configuring controller interface
[controller_server-1] [INFO] [1775414122.658828145] [controller_server]: getting goal checker plugins..
[controller_server-1] [INFO] [1775414122.659698469] [controller_server]: Controller frequency set to 10.0000Hz
[controller_server-1] [INFO] [1775414122.659805095] [local_costmap.local_costmap]: Configuring
[controller_server-1] [INFO] [1775414122.784073845] [local_costmap.local_costmap]: Using plugin "obstacle_layer"
[controller_server-1] [INFO] [1775414122.808217071] [local_costmap.local_costmap]: Subscribed to Topics: scan
[controller_server-1] [INFO] [1775414122.832849139] [local_costmap.local_costmap]: Initialized plugin "obstacle_layer"
[controller_server-1] [INFO] [1775414122.832961301] [local_costmap.local_costmap]: Using plugin "inflation_layer"
[controller_server-1] [INFO] [1775414122.837248757] [local_costmap.local_costmap]: Initialized plugin "inflation_layer"
[controller_server-1] [INFO] [1775414122.895586727] [controller_server]: Created progress_checker : progress_checker of type nav2_controller::SimpleProgressChecker
[controller_server-1] [INFO] [1775414122.898030558] [controller_server]: Created goal checker : goal_checker of type nav2_controller::SimpleGoalChecker
[controller_server-1] [INFO] [1775414122.901007616] [controller_server]: Controller Server has goal_checker  goal checkers available.
[controller_server-1] [INFO] [1775414122.904749011] [controller_server]: Created controller : FollowPath of type dwb_core::DWBLocalPlanner
[controller_server-1] [INFO] [1775414122.912143000] [controller_server]: Setting transform_tolerance to 0.200000
[controller_server-1] [INFO] [1775414123.004488575] [controller_server]: Using critic "RotateToGoal" (dwb_critics::RotateToGoalCritic)
[controller_server-1] [INFO] [1775414123.013774702] [controller_server]: Critic plugin initialized
[controller_server-1] [INFO] [1775414123.015295696] [controller_server]: Using critic "Oscillation" (dwb_critics::OscillationCritic)
[controller_server-1] [INFO] [1775414123.023606473] [controller_server]: Critic plugin initialized
[controller_server-1] [INFO] [1775414123.025368081] [controller_server]: Using critic "BaseObstacle" (dwb_critics::BaseObstacleCritic)
[controller_server-1] [INFO] [1775414123.031740639] [controller_server]: Critic plugin initialized
[controller_server-1] [INFO] [1775414123.033777356] [controller_server]: Using critic "GoalAlign" (dwb_critics::GoalAlignCritic)
[controller_server-1] [INFO] [1775414123.039549901] [controller_server]: Critic plugin initialized
[controller_server-1] [INFO] [1775414123.041640571] [controller_server]: Using critic "PathAlign" (dwb_critics::PathAlignCritic)
[controller_server-1] [INFO] [1775414123.047354522] [controller_server]: Critic plugin initialized
[controller_server-1] [INFO] [1775414123.048858140] [controller_server]: Using critic "PathDist" (dwb_critics::PathDistCritic)
[controller_server-1] [INFO] [1775414123.051864863] [controller_server]: Critic plugin initialized
[controller_server-1] [INFO] [1775414123.053305983] [controller_server]: Using critic "GoalDist" (dwb_critics::GoalDistCritic)
[controller_server-1] [INFO] [1775414123.056500646] [controller_server]: Critic plugin initialized
[controller_server-1] [INFO] [1775414123.056592616] [controller_server]: Controller Server has FollowPath  controllers available.
[lifecycle_manager-8] [INFO] [1775414123.114251789] [lifecycle_manager_navigation]: [34m[1mConfiguring smoother_server[0m[0m
[smoother_server-2] [INFO] [1775414123.114944892] [smoother_server]: Configuring smoother server
[smoother_server-2] [INFO] [1775414123.184293702] [smoother_server]: Created smoother : simple_smoother of type nav2_smoother::SimpleSmoother
[smoother_server-2] [INFO] [1775414123.194774767] [smoother_server]: Smoother Server has simple_smoother  smoothers available.
[lifecycle_manager-8] [INFO] [1775414123.250561098] [lifecycle_manager_navigation]: [34m[1mConfiguring planner_server[0m[0m
[planner_server-3] [INFO] [1775414123.251181944] [planner_server]: Configuring
[planner_server-3] [INFO] [1775414123.251289306] [global_costmap.global_costmap]: Configuring
[planner_server-3] [INFO] [1775414123.291960772] [global_costmap.global_costmap]: Using plugin "static_layer"
[planner_server-3] [INFO] [1775414123.309986454] [global_costmap.global_costmap]: Subscribing to the map topic (/map) with transient local durability
[planner_server-3] [INFO] [1775414123.318813115] [global_costmap.global_costmap]: Initialized plugin "static_layer"
[planner_server-3] [INFO] [1775414123.388377961] [global_costmap.global_costmap]: StaticLayer: Resizing costmap to 185 X 172 at 0.050000 m/pix
[planner_server-3] [INFO] [1775414123.388910964] [planner_server]: Created global planner plugin GridBased of type nav2_navfn_planner/NavfnPlanner
[planner_server-3] [INFO] [1775414123.388994198] [planner_server]: Configuring plugin GridBased of type NavfnPlanner
[planner_server-3] [INFO] [1775414123.393194996] [planner_server]: Planner Server has GridBased  planners available.
[lifecycle_manager-8] [INFO] [1775414123.463640597] [lifecycle_manager_navigation]: [34m[1mConfiguring behavior_server[0m[0m
[behavior_server-4] [INFO] [1775414123.464459752] [behavior_server]: Configuring
[behavior_server-4] [INFO] [1775414123.522611959] [behavior_server]: Creating behavior plugin spin of type nav2_behaviors/Spin
[behavior_server-4] [INFO] [1775414123.526487982] [behavior_server]: Configuring spin
[behavior_server-4] [INFO] [1775414123.610458844] [behavior_server]: Creating behavior plugin backup of type nav2_behaviors/BackUp
[behavior_server-4] [INFO] [1775414123.612877234] [behavior_server]: Configuring backup
[behavior_server-4] [INFO] [1775414123.650734654] [behavior_server]: Creating behavior plugin drive_on_heading of type nav2_behaviors/DriveOnHeading
[behavior_server-4] [INFO] [1775414123.654310830] [behavior_server]: Configuring drive_on_heading
[behavior_server-4] [INFO] [1775414123.702725508] [behavior_server]: Creating behavior plugin assisted_teleop of type nav2_behaviors/AssistedTeleop
[behavior_server-4] [INFO] [1775414123.706394966] [behavior_server]: Configuring assisted_teleop
[behavior_server-4] [INFO] [1775414123.752139921] [behavior_server]: Creating behavior plugin wait of type nav2_behaviors/Wait
[behavior_server-4] [INFO] [1775414123.753661043] [behavior_server]: Configuring wait
[lifecycle_manager-8] [INFO] [1775414123.789998813] [lifecycle_manager_navigation]: [34m[1mConfiguring bt_navigator[0m[0m
[bt_navigator-5] [INFO] [1775414123.790632203] [bt_navigator]: Configuring
[lifecycle_manager-8] [INFO] [1775414124.178146792] [lifecycle_manager_navigation]: [34m[1mConfiguring waypoint_follower[0m[0m
[waypoint_follower-6] [INFO] [1775414124.182370374] [waypoint_follower]: Configuring
[waypoint_follower-6] [INFO] [1775414124.293354674] [waypoint_follower]: Created waypoint_task_executor : wait_at_waypoint of type nav2_waypoint_follower::WaitAtWaypoint
[waypoint_follower-6] [INFO] [1775414124.295394719] [waypoint_follower]: Waypoint pause duration is set to zero, disabling task executor plugin.
[lifecycle_manager-8] [INFO] [1775414124.299034064] [lifecycle_manager_navigation]: [34m[1mConfiguring velocity_smoother[0m[0m
[velocity_smoother-7] [INFO] [1775414124.299958469] [velocity_smoother]: Configuring velocity smoother
[lifecycle_manager-8] [INFO] [1775414124.341817994] [lifecycle_manager_navigation]: [34m[1mActivating controller_server[0m[0m
[controller_server-1] [INFO] [1775414124.342417976] [controller_server]: Activating
[controller_server-1] [INFO] [1775414124.342540186] [local_costmap.local_costmap]: Activating
[controller_server-1] [INFO] [1775414124.342577019] [local_costmap.local_costmap]: Checking transform
[controller_server-1] [INFO] [1775414124.343022085] [local_costmap.local_costmap]: start
[controller_server-1] [INFO] [1775414124.550306100] [controller_server]: Creating bond (controller_server) to lifecycle manager.
[lifecycle_manager-8] [INFO] [1775414124.671185852] [lifecycle_manager_navigation]: Server controller_server connected with bond.
[lifecycle_manager-8] [INFO] [1775414124.671333311] [lifecycle_manager_navigation]: [34m[1mActivating smoother_server[0m[0m
[smoother_server-2] [INFO] [1775414124.672590267] [smoother_server]: Activating
[smoother_server-2] [INFO] [1775414124.672729054] [smoother_server]: Creating bond (smoother_server) to lifecycle manager.
[lifecycle_manager-8] [INFO] [1775414124.732198060] [lifecycle_manager_navigation]: Server smoother_server connected with bond.
[lifecycle_manager-8] [INFO] [1775414124.732346608] [lifecycle_manager_navigation]: [34m[1mActivating planner_server[0m[0m
[planner_server-3] [INFO] [1775414124.733592971] [planner_server]: Activating
[planner_server-3] [INFO] [1775414124.733743087] [global_costmap.global_costmap]: Activating
[planner_server-3] [INFO] [1775414124.733806672] [global_costmap.global_costmap]: Checking transform
[planner_server-3] [INFO] [1775414124.734452446] [global_costmap.global_costmap]: start
[planner_server-3] [INFO] [1775414125.784679308] [planner_server]: Activating plugin GridBased of type NavfnPlanner
[planner_server-3] [INFO] [1775414125.794621290] [planner_server]: Creating bond (planner_server) to lifecycle manager.
[lifecycle_manager-8] [INFO] [1775414125.924862213] [lifecycle_manager_navigation]: Server planner_server connected with bond.
[lifecycle_manager-8] [INFO] [1775414125.925035113] [lifecycle_manager_navigation]: [34m[1mActivating behavior_server[0m[0m
[behavior_server-4] [INFO] [1775414125.926564491] [behavior_server]: Activating
[behavior_server-4] [INFO] [1775414125.926686030] [behavior_server]: Activating spin
[behavior_server-4] [INFO] [1775414125.926739599] [behavior_server]: Activating backup
[behavior_server-4] [INFO] [1775414125.926771568] [behavior_server]: Activating drive_on_heading
[behavior_server-4] [INFO] [1775414125.926799792] [behavior_server]: Activating assisted_teleop
[behavior_server-4] [INFO] [1775414125.926825873] [behavior_server]: Activating wait
[behavior_server-4] [INFO] [1775414125.926862674] [behavior_server]: Creating bond (behavior_server) to lifecycle manager.
[lifecycle_manager-8] [INFO] [1775414126.062635018] [lifecycle_manager_navigation]: Server behavior_server connected with bond.
[lifecycle_manager-8] [INFO] [1775414126.062800429] [lifecycle_manager_navigation]: [34m[1mActivating bt_navigator[0m[0m
[bt_navigator-5] [INFO] [1775414126.064140779] [bt_navigator]: Activating
[bt_navigator-5] [INFO] [1775414126.526309506] [bt_navigator]: Creating bond (bt_navigator) to lifecycle manager.
[lifecycle_manager-8] [INFO] [1775414126.643957318] [lifecycle_manager_navigation]: Server bt_navigator connected with bond.
[lifecycle_manager-8] [INFO] [1775414126.644092777] [lifecycle_manager_navigation]: [34m[1mActivating waypoint_follower[0m[0m
[waypoint_follower-6] [INFO] [1775414126.645449159] [waypoint_follower]: Activating
[waypoint_follower-6] [INFO] [1775414126.645586571] [waypoint_follower]: Creating bond (waypoint_follower) to lifecycle manager.
[lifecycle_manager-8] [INFO] [1775414126.775629732] [lifecycle_manager_navigation]: Server waypoint_follower connected with bond.
[lifecycle_manager-8] [INFO] [1775414126.775773351] [lifecycle_manager_navigation]: [34m[1mActivating velocity_smoother[0m[0m
[velocity_smoother-7] [INFO] [1775414126.777241512] [velocity_smoother]: Activating
[velocity_smoother-7] [INFO] [1775414126.777451021] [velocity_smoother]: Creating bond (velocity_smoother) to lifecycle manager.
[lifecycle_manager-8] [INFO] [1775414126.921908328] [lifecycle_manager_navigation]: Server velocity_smoother connected with bond.
[lifecycle_manager-8] [INFO] [1775414126.922070220] [lifecycle_manager_navigation]: [34m[1mManaged nodes are active[0m[0m
[lifecycle_manager-8] [INFO] [1775414126.922113357] [lifecycle_manager_navigation]: [34m[1mCreating bond timer...[0m[0m
[bt_navigator-5] [INFO] [1775414167.889360019] [bt_navigator]: Begin navigating from current location (0.03, 0.01) to (2.52, 3.04)
[controller_server-1] [INFO] [1775414167.911468116] [controller_server]: Received a goal, begin computing control effort.
[controller_server-1] [WARN] [1775414167.911664696] [controller_server]: No goal checker was specified in parameter 'current_goal_checker'. Server will use only plugin loaded goal_checker . This warning will appear once.
[controller_server-1] [INFO] [1775414169.012011294] [controller_server]: Passing new path to controller.
[controller_server-1] [INFO] [1775414170.012101765] [controller_server]: Passing new path to controller.
[controller_server-1] [INFO] [1775414171.012019291] [controller_server]: Passing new path to controller.
[controller_server-1] [INFO] [1775414172.112031068] [controller_server]: Passing new path to controller.
[controller_server-1] [INFO] [1775414173.112018108] [controller_server]: Passing new path to controller.
[controller_server-1] [INFO] [1775414174.112017295] [controller_server]: Passing new path to controller.
[controller_server-1] [INFO] [1775414175.212019281] [controller_server]: Passing new path to controller.
[controller_server-1] [INFO] [1775414176.212018763] [controller_server]: Passing new path to controller.
[controller_server-1] [INFO] [1775414177.212025465] [controller_server]: Passing new path to controller.
[controller_server-1] [INFO] [1775414178.212024922] [controller_server]: Passing new path to controller.
[controller_server-1] [INFO] [1775414179.312018993] [controller_server]: Passing new path to controller.
[controller_server-1] [INFO] [1775414180.312026010] [controller_server]: Passing new path to controller.
[controller_server-1] [INFO] [1775414181.312020405] [controller_server]: Passing new path to controller.
[controller_server-1] [INFO] [1775414182.412025292] [controller_server]: Passing new path to controller.
[controller_server-1] [INFO] [1775414183.412194898] [controller_server]: Passing new path to controller.
[controller_server-1] [INFO] [1775414184.412032452] [controller_server]: Passing new path to controller.
[controller_server-1] [INFO] [1775414185.512034586] [controller_server]: Passing new path to controller.
[controller_server-1] [INFO] [1775414186.512026198] [controller_server]: Passing new path to controller.
[controller_server-1] [INFO] [1775414187.512010725] [controller_server]: Passing new path to controller.
[controller_server-1] [INFO] [1775414188.512021095] [controller_server]: Passing new path to controller.
[controller_server-1] [INFO] [1775414189.612014768] [controller_server]: Passing new path to controller.
[controller_server-1] [INFO] [1775414190.612018553] [controller_server]: Passing new path to controller.
[controller_server-1] [INFO] [1775414191.612022260] [controller_server]: Passing new path to controller.
[controller_server-1] [INFO] [1775414192.712016892] [controller_server]: Passing new path to controller.
[controller_server-1] [INFO] [1775414193.712016637] [controller_server]: Passing new path to controller.
[controller_server-1] [INFO] [1775414194.712011377] [controller_server]: Passing new path to controller.
[controller_server-1] [INFO] [1775414195.712021335] [controller_server]: Passing new path to controller.
[controller_server-1] [INFO] [1775414196.812010514] [controller_server]: Passing new path to controller.
[controller_server-1] [INFO] [1775414197.812021182] [controller_server]: Passing new path to controller.
[controller_server-1] [INFO] [1775414198.812011004] [controller_server]: Passing new path to controller.
[controller_server-1] [INFO] [1775414199.912020981] [controller_server]: Passing new path to controller.
[controller_server-1] [INFO] [1775414200.912029242] [controller_server]: Passing new path to controller.
[controller_server-1] [INFO] [1775414201.912025488] [controller_server]: Passing new path to controller.
[controller_server-1] [INFO] [1775414202.912010136] [controller_server]: Passing new path to controller.
[controller_server-1] [INFO] [1775414204.012014306] [controller_server]: Passing new path to controller.
[controller_server-1] [INFO] [1775414205.012009232] [controller_server]: Passing new path to controller.
[controller_server-1] [INFO] [1775414206.012021905] [controller_server]: Passing new path to controller.
[controller_server-1] [INFO] [1775414207.112022137] [controller_server]: Passing new path to controller.
[controller_server-1] [INFO] [1775414208.112011327] [controller_server]: Passing new path to controller.
[controller_server-1] [INFO] [1775414209.112016566] [controller_server]: Passing new path to controller.
[controller_server-1] [INFO] [1775414210.212024444] [controller_server]: Passing new path to controller.
[controller_server-1] [INFO] [1775414211.212025272] [controller_server]: Passing new path to controller.
[controller_server-1] [INFO] [1775414212.212022534] [controller_server]: Passing new path to controller.
[controller_server-1] [INFO] [1775414213.212015302] [controller_server]: Passing new path to controller.
[controller_server-1] [INFO] [1775414214.312013307] [controller_server]: Passing new path to controller.
[controller_server-1] [INFO] [1775414215.312022432] [controller_server]: Passing new path to controller.
[controller_server-1] [INFO] [1775414216.312022166] [controller_server]: Passing new path to controller.
[controller_server-1] [INFO] [1775414217.412025191] [controller_server]: Passing new path to controller.
[controller_server-1] [INFO] [1775414218.412030658] [controller_server]: Passing new path to controller.
[controller_server-1] [INFO] [1775414219.412064464] [controller_server]: Passing new path to controller.
[controller_server-1] [INFO] [1775414220.512019291] [controller_server]: Passing new path to controller.
[controller_server-1] [INFO] [1775414221.512012780] [controller_server]: Passing new path to controller.
[controller_server-1] [INFO] [1775414222.512019566] [controller_server]: Passing new path to controller.
[controller_server-1] [INFO] [1775414223.512024610] [controller_server]: Passing new path to controller.
[controller_server-1] [INFO] [1775414224.612034748] [controller_server]: Passing new path to controller.
[controller_server-1] [INFO] [1775414225.612022964] [controller_server]: Passing new path to controller.
[controller_server-1] [INFO] [1775414226.612021374] [controller_server]: Passing new path to controller.
[controller_server-1] [INFO] [1775414227.712016402] [controller_server]: Passing new path to controller.
[controller_server-1] [INFO] [1775414228.712022527] [controller_server]: Passing new path to controller.
[controller_server-1] [INFO] [1775414229.712016766] [controller_server]: Passing new path to controller.
[controller_server-1] [INFO] [1775414230.812005804] [controller_server]: Passing new path to controller.
[controller_server-1] [INFO] [1775414231.812023183] [controller_server]: Passing new path to controller.
[controller_server-1] [INFO] [1775414232.812012194] [controller_server]: Passing new path to controller.
[controller_server-1] [INFO] [1775414233.812019334] [controller_server]: Passing new path to controller.
[controller_server-1] [INFO] [1775414234.912008321] [controller_server]: Passing new path to controller.
[controller_server-1] [INFO] [1775414235.912033673] [controller_server]: Passing new path to controller.
[controller_server-1] [INFO] [1775414236.912015233] [controller_server]: Passing new path to controller.
[controller_server-1] [INFO] [1775414238.012022870] [controller_server]: Passing new path to controller.
[controller_server-1] [INFO] [1775414239.012026610] [controller_server]: Passing new path to controller.
[controller_server-1] [INFO] [1775414240.012027135] [controller_server]: Passing new path to controller.
[controller_server-1] [INFO] [1775414241.112028653] [controller_server]: Passing new path to controller.
[controller_server-1] [INFO] [1775414242.112016573] [controller_server]: Passing new path to controller.
[controller_server-1] [INFO] [1775414243.112033886] [controller_server]: Passing new path to controller.
[controller_server-1] [INFO] [1775414244.112023535] [controller_server]: Passing new path to controller.
[controller_server-1] [INFO] [1775414245.212023017] [controller_server]: Passing new path to controller.
[controller_server-1] [INFO] [1775414246.212020860] [controller_server]: Passing new path to controller.
[controller_server-1] [INFO] [1775414247.212017249] [controller_server]: Passing new path to controller.
[controller_server-1] [INFO] [1775414248.311985650] [controller_server]: Passing new path to controller.
[controller_server-1] [INFO] [1775414249.312031962] [controller_server]: Passing new path to controller.
[bt_navigator-5] [WARN] [1775414249.993690285] [BehaviorTreeEngine]: Behavior Tree tick rate 100.00 was exceeded!
[controller_server-1] [INFO] [1775414250.312013713] [controller_server]: Passing new path to controller.
[controller_server-1] [INFO] [1775414251.312109660] [controller_server]: Passing new path to controller.
[controller_server-1] [INFO] [1775414252.412021653] [controller_server]: Passing new path to controller.
[controller_server-1] [INFO] [1775414253.412022431] [controller_server]: Passing new path to controller.
[controller_server-1] [INFO] [1775414254.412027130] [controller_server]: Passing new path to controller.
[controller_server-1] [INFO] [1775414255.512017229] [controller_server]: Passing new path to controller.
[controller_server-1] [INFO] [1775414256.512017930] [controller_server]: Passing new path to controller.
[controller_server-1] [INFO] [1775414257.512028919] [controller_server]: Passing new path to controller.
[controller_server-1] [INFO] [1775414258.612022241] [controller_server]: Passing new path to controller.
[bt_navigator-5] [WARN] [1775414258.941617798] [BehaviorTreeEngine]: Behavior Tree tick rate 100.00 was exceeded!
[controller_server-1] [INFO] [1775414259.612010543] [controller_server]: Passing new path to controller.
[controller_server-1] [INFO] [1775414260.612010254] [controller_server]: Passing new path to controller.
[controller_server-1] [INFO] [1775414261.612019453] [controller_server]: Passing new path to controller.
[controller_server-1] [INFO] [1775414262.712025712] [controller_server]: Passing new path to controller.
[controller_server-1] [INFO] [1775414263.712023169] [controller_server]: Passing new path to controller.
[controller_server-1] [INFO] [1775414264.712017281] [controller_server]: Passing new path to controller.
[controller_server-1] [INFO] [1775414265.812010506] [controller_server]: Passing new path to controller.
[controller_server-1] [INFO] [1775414266.812026732] [controller_server]: Passing new path to controller.
[controller_server-1] [INFO] [1775414267.812021854] [controller_server]: Passing new path to controller.
[controller_server-1] [INFO] [1775414268.812109826] [controller_server]: Passing new path to controller.
[controller_server-1] [INFO] [1775414269.912023184] [controller_server]: Passing new path to controller.
[controller_server-1] [INFO] [1775414270.912021363] [controller_server]: Passing new path to controller.
[controller_server-1] [INFO] [1775414271.912019622] [controller_server]: Passing new path to controller.
[controller_server-1] [INFO] [1775414273.012011756] [controller_server]: Passing new path to controller.
[controller_server-1] [INFO] [1775414274.012015967] [controller_server]: Passing new path to controller.
[controller_server-1] [INFO] [1775414275.012023267] [controller_server]: Passing new path to controller.
[controller_server-1] [INFO] [1775414276.012023126] [controller_server]: Passing new path to controller.
[controller_server-1] [INFO] [1775414277.112032164] [controller_server]: Passing new path to controller.
[controller_server-1] [INFO] [1775414278.112031991] [controller_server]: Passing new path to controller.
[controller_server-1] [INFO] [1775414279.112029018] [controller_server]: Passing new path to controller.
[controller_server-1] [INFO] [1775414280.212025885] [controller_server]: Passing new path to controller.
[controller_server-1] [INFO] [1775414281.212013216] [controller_server]: Passing new path to controller.
[controller_server-1] [INFO] [1775414282.212026292] [controller_server]: Passing new path to controller.
[controller_server-1] [INFO] [1775414283.212022102] [controller_server]: Passing new path to controller.
[controller_server-1] [INFO] [1775414284.312023806] [controller_server]: Passing new path to controller.
[controller_server-1] [INFO] [1775414285.312034017] [controller_server]: Passing new path to controller.
[controller_server-1] [INFO] [1775414286.312029107] [controller_server]: Passing new path to controller.
[controller_server-1] [INFO] [1775414287.312025684] [controller_server]: Passing new path to controller.
[controller_server-1] [INFO] [1775414287.912018325] [controller_server]: Goal was canceled. Stopping the robot.
[controller_server-1] [INFO] [1775414287.912184441] [controller_server]: [follow_path] [ActionServer] Client requested to cancel the goal. Cancelling.
[bt_navigator-5] [INFO] [1775414287.912694918] [bt_navigator]: [navigate_to_pose] [ActionServer] Client requested to cancel the goal. Cancelling.
[bt_navigator-5] [INFO] [1775414287.913343190] [bt_navigator]: Goal canceled
[bt_navigator-5] [INFO] [1775414290.913241903] [bt_navigator]: Begin navigating from current location (1.11, 1.34) to (2.52, 3.04)
[controller_server-1] [INFO] [1775414290.934909874] [controller_server]: Received a goal, begin computing control effort.
[controller_server-1] [INFO] [1775414292.035490122] [controller_server]: Passing new path to controller.
[controller_server-1] [INFO] [1775414293.035516451] [controller_server]: Passing new path to controller.
[controller_server-1] [INFO] [1775414294.035493545] [controller_server]: Passing new path to controller.
[controller_server-1] [INFO] [1775414295.035487072] [controller_server]: Passing new path to controller.
[controller_server-1] [INFO] [1775414296.135497326] [controller_server]: Passing new path to controller.
[controller_server-1] [INFO] [1775414297.135492067] [controller_server]: Passing new path to controller.
[controller_server-1] [INFO] [1775414298.135486952] [controller_server]: Passing new path to controller.
[controller_server-1] [INFO] [1775414299.235484489] [controller_server]: Passing new path to controller.
[controller_server-1] [INFO] [1775414300.235489229] [controller_server]: Passing new path to controller.
[controller_server-1] [INFO] [1775414301.235497793] [controller_server]: Passing new path to controller.
[controller_server-1] [INFO] [1775414302.235477186] [controller_server]: Passing new path to controller.
[controller_server-1] [INFO] [1775414303.335488038] [controller_server]: Passing new path to controller.
[controller_server-1] [INFO] [1775414304.335499079] [controller_server]: Passing new path to controller.
[controller_server-1] [INFO] [1775414305.335481206] [controller_server]: Passing new path to controller.
[controller_server-1] [INFO] [1775414306.435482668] [controller_server]: Passing new path to controller.
[controller_server-1] [INFO] [1775414307.435478779] [controller_server]: Passing new path to controller.
[controller_server-1] [INFO] [1775414308.435485272] [controller_server]: Passing new path to controller.
[controller_server-1] [INFO] [1775414309.535486176] [controller_server]: Passing new path to controller.
[bt_navigator-5] [WARN] [1775414310.112908198] [BehaviorTreeEngine]: Behavior Tree tick rate 100.00 was exceeded!
[controller_server-1] [INFO] [1775414310.535482460] [controller_server]: Passing new path to controller.
[controller_server-1] [INFO] [1775414311.535493351] [controller_server]: Passing new path to controller.
[controller_server-1] [INFO] [1775414312.535497888] [controller_server]: Passing new path to controller.
[controller_server-1] [INFO] [1775414313.635494633] [controller_server]: Passing new path to controller.
[controller_server-1] [INFO] [1775414314.635495808] [controller_server]: Passing new path to controller.
[controller_server-1] [INFO] [1775414315.635492390] [controller_server]: Passing new path to controller.
[controller_server-1] [INFO] [1775414316.735504961] [controller_server]: Passing new path to controller.
[controller_server-1] [INFO] [1775414317.735476901] [controller_server]: Passing new path to controller.
[controller_server-1] [INFO] [1775414318.735490168] [controller_server]: Passing new path to controller.
[controller_server-1] [INFO] [1775414319.735496313] [controller_server]: Passing new path to controller.
[controller_server-1] [INFO] [1775414320.835502740] [controller_server]: Passing new path to controller.
[controller_server-1] [INFO] [1775414321.835491411] [controller_server]: Passing new path to controller.
[controller_server-1] [INFO] [1775414322.835495040] [controller_server]: Passing new path to controller.
[controller_server-1] [INFO] [1775414323.935495243] [controller_server]: Passing new path to controller.
[controller_server-1] [INFO] [1775414324.935506423] [controller_server]: Passing new path to controller.
[controller_server-1] [INFO] [1775414325.935492400] [controller_server]: Passing new path to controller.
[controller_server-1] [INFO] [1775414327.035498540] [controller_server]: Passing new path to controller.
[controller_server-1] [INFO] [1775414328.035476579] [controller_server]: Passing new path to controller.
[controller_server-1] [INFO] [1775414329.035496552] [controller_server]: Passing new path to controller.
[controller_server-1] [INFO] [1775414330.035498459] [controller_server]: Passing new path to controller.
[controller_server-1] [INFO] [1775414331.135492632] [controller_server]: Passing new path to controller.
[controller_server-1] [INFO] [1775414332.135497608] [controller_server]: Passing new path to controller.
[controller_server-1] [INFO] [1775414333.135486599] [controller_server]: Passing new path to controller.
[controller_server-1] [INFO] [1775414334.235487154] [controller_server]: Passing new path to controller.
[controller_server-1] [INFO] [1775414335.235498766] [controller_server]: Passing new path to controller.
[controller_server-1] [INFO] [1775414336.235565114] [controller_server]: Passing new path to controller.
[controller_server-1] [INFO] [1775414337.235586002] [controller_server]: Passing new path to controller.
[controller_server-1] [INFO] [1775414338.335595196] [controller_server]: Passing new path to controller.
[controller_server-1] [INFO] [1775414339.335635666] [controller_server]: Passing new path to controller.
[controller_server-1] [INFO] [1775414340.335485873] [controller_server]: Passing new path to controller.
[controller_server-1] [INFO] [1775414341.435585484] [controller_server]: Passing new path to controller.
[controller_server-1] [INFO] [1775414342.435573611] [controller_server]: Passing new path to controller.
[controller_server-1] [INFO] [1775414343.435581016] [controller_server]: Passing new path to controller.
[controller_server-1] [INFO] [1775414344.435743703] [controller_server]: Passing new path to controller.
[controller_server-1] [INFO] [1775414345.535703981] [controller_server]: Passing new path to controller.
[controller_server-1] [INFO] [1775414346.535492670] [controller_server]: Passing new path to controller.
[controller_server-1] [INFO] [1775414347.535495651] [controller_server]: Passing new path to controller.
[controller_server-1] [INFO] [1775414348.635478151] [controller_server]: Passing new path to controller.
[controller_server-1] [INFO] [1775414349.635473737] [controller_server]: Passing new path to controller.
[controller_server-1] [INFO] [1775414350.635607739] [controller_server]: Passing new path to controller.
[controller_server-1] [INFO] [1775414351.735501579] [controller_server]: Passing new path to controller.
[controller_server-1] [INFO] [1775414352.735572120] [controller_server]: Passing new path to controller.
[controller_server-1] [INFO] [1775414353.735673171] [controller_server]: Passing new path to controller.
[controller_server-1] [INFO] [1775414354.735561813] [controller_server]: Passing new path to controller.
[controller_server-1] [INFO] [1775414355.835645831] [controller_server]: Passing new path to controller.
[controller_server-1] [INFO] [1775414356.835500645] [controller_server]: Passing new path to controller.
[controller_server-1] [INFO] [1775414357.835520884] [controller_server]: Passing new path to controller.
[controller_server-1] [INFO] [1775414358.935670901] [controller_server]: Passing new path to controller.
[controller_server-1] [INFO] [1775414359.935500059] [controller_server]: Passing new path to controller.
[controller_server-1] [INFO] [1775414360.936894584] [controller_server]: Passing new path to controller.
[controller_server-1] [INFO] [1775414361.935760384] [controller_server]: Passing new path to controller.
[controller_server-1] [INFO] [1775414363.035496881] [controller_server]: Passing new path to controller.
[controller_server-1] [INFO] [1775414364.035645014] [controller_server]: Passing new path to controller.
[controller_server-1] [INFO] [1775414365.035501633] [controller_server]: Passing new path to controller.
[controller_server-1] [INFO] [1775414366.135535943] [controller_server]: Passing new path to controller.
[controller_server-1] [INFO] [1775414367.135485648] [controller_server]: Passing new path to controller.
[controller_server-1] [INFO] [1775414368.135657643] [controller_server]: Passing new path to controller.
[controller_server-1] [INFO] [1775414369.235505753] [controller_server]: Passing new path to controller.
[controller_server-1] [INFO] [1775414370.235486251] [controller_server]: Passing new path to controller.
[controller_server-1] [INFO] [1775414371.235497258] [controller_server]: Passing new path to controller.
[controller_server-1] [INFO] [1775414372.235495382] [controller_server]: Passing new path to controller.
[controller_server-1] [INFO] [1775414373.335486210] [controller_server]: Passing new path to controller.
[controller_server-1] [INFO] [1775414374.335605836] [controller_server]: Passing new path to controller.
[controller_server-1] [INFO] [1775414375.335684674] [controller_server]: Passing new path to controller.
[controller_server-1] [INFO] [1775414376.435494741] [controller_server]: Passing new path to controller.
[controller_server-1] [INFO] [1775414377.435476868] [controller_server]: Passing new path to controller.
[controller_server-1] [INFO] [1775414378.435591938] [controller_server]: Passing new path to controller.
[controller_server-1] [INFO] [1775414379.435467656] [controller_server]: Passing new path to controller.
[controller_server-1] [INFO] [1775414380.535577436] [controller_server]: Passing new path to controller.
[controller_server-1] [INFO] [1775414381.535491709] [controller_server]: Passing new path to controller.
[controller_server-1] [INFO] [1775414382.535650609] [controller_server]: Passing new path to controller.
[controller_server-1] [INFO] [1775414383.635911989] [controller_server]: Passing new path to controller.
[controller_server-1] [INFO] [1775414384.635497044] [controller_server]: Passing new path to controller.
[bt_navigator-5] [WARN] [1775414384.964153842] [BehaviorTreeEngine]: Behavior Tree tick rate 100.00 was exceeded!
[controller_server-1] [INFO] [1775414385.635493323] [controller_server]: Passing new path to controller.
[controller_server-1] [INFO] [1775414386.735712152] [controller_server]: Passing new path to controller.
[controller_server-1] [INFO] [1775414387.735496452] [controller_server]: Passing new path to controller.
[controller_server-1] [INFO] [1775414388.735719976] [controller_server]: Passing new path to controller.
[controller_server-1] [INFO] [1775414389.735771540] [controller_server]: Passing new path to controller.
[controller_server-1] [INFO] [1775414390.835487500] [controller_server]: Passing new path to controller.
[controller_server-1] [INFO] [1775414391.835552979] [controller_server]: Passing new path to controller.
[controller_server-1] [INFO] [1775414392.835903373] [controller_server]: Passing new path to controller.
[controller_server-1] [INFO] [1775414393.935960953] [controller_server]: Passing new path to controller.
[controller_server-1] [INFO] [1775414394.935495608] [controller_server]: Passing new path to controller.
[controller_server-1] [INFO] [1775414395.935487503] [controller_server]: Passing new path to controller.
[controller_server-1] [INFO] [1775414397.035497476] [controller_server]: Passing new path to controller.
[controller_server-1] [INFO] [1775414398.035490101] [controller_server]: Passing new path to controller.
[controller_server-1] [INFO] [1775414399.035588853] [controller_server]: Passing new path to controller.
[controller_server-1] [INFO] [1775414400.035618144] [controller_server]: Passing new path to controller.
[controller_server-1] [INFO] [1775414401.136425122] [controller_server]: Passing new path to controller.
[controller_server-1] [INFO] [1775414402.135503533] [controller_server]: Passing new path to controller.
[controller_server-1] [INFO] [1775414403.135485980] [controller_server]: Passing new path to controller.
[controller_server-1] [INFO] [1775414404.235566613] [controller_server]: Passing new path to controller.
[controller_server-1] [INFO] [1775414405.235487836] [controller_server]: Passing new path to controller.
[controller_server-1] [INFO] [1775414406.235486321] [controller_server]: Passing new path to controller.
[controller_server-1] [INFO] [1775414407.235474162] [controller_server]: Passing new path to controller.
[controller_server-1] [INFO] [1775414408.335495615] [controller_server]: Passing new path to controller.
[controller_server-1] [INFO] [1775414409.336415891] [controller_server]: Passing new path to controller.
[controller_server-1] [INFO] [1775414410.336999753] [controller_server]: Passing new path to controller.
[controller_server-1] [INFO] [1775414410.935482377] [controller_server]: Goal was canceled. Stopping the robot.
[controller_server-1] [INFO] [1775414410.935690607] [controller_server]: [follow_path] [ActionServer] Client requested to cancel the goal. Cancelling.
[bt_navigator-5] [INFO] [1775414410.937587746] [bt_navigator]: [navigate_to_pose] [ActionServer] Client requested to cancel the goal. Cancelling.
[bt_navigator-5] [INFO] [1775414410.938209939] [bt_navigator]: Goal canceled
