[INFO] [launch]: All log files can be found below /home/jetson/.ros/log/2026-04-09-08-41-25-859768-chandan-23540
[INFO] [launch]: Default logging verbosity is set to INFO
[INFO] [map_server-1]: process started with pid [23559]
[INFO] [amcl-2]: process started with pid [23561]
[INFO] [lifecycle_manager-3]: process started with pid [23563]
[lifecycle_manager-3] [INFO] [1775695286.592411708] [lifecycle_manager_localization]: Creating
[amcl-2] [INFO] [1775695286.673355381] [amcl]: 
[amcl-2] 	amcl lifecycle node launched. 
[amcl-2] 	Waiting on external lifecycle transitions to activate
[amcl-2] 	See https://design.ros2.org/articles/node_lifecycle.html for more information.
[amcl-2] [INFO] [1775695286.691419888] [amcl]: Creating
[lifecycle_manager-3] [INFO] [1775695286.745941472] [lifecycle_manager_localization]: [34m[1mCreating and initializing lifecycle service clients[0m[0m
[map_server-1] [INFO] [1775695287.115800555] [map_server]: 
[map_server-1] 	map_server lifecycle node launched. 
[map_server-1] 	Waiting on external lifecycle transitions to activate
[map_server-1] 	See https://design.ros2.org/articles/node_lifecycle.html for more information.
[map_server-1] [INFO] [1775695287.116615881] [map_server]: Creating
[lifecycle_manager-3] [INFO] [1775695287.472846812] [lifecycle_manager_localization]: [34m[1mStarting managed nodes bringup...[0m[0m
[lifecycle_manager-3] [INFO] [1775695287.472969084] [lifecycle_manager_localization]: [34m[1mConfiguring map_server[0m[0m
[map_server-1] [INFO] [1775695287.475348855] [map_server]: Configuring
[map_server-1] [INFO] [1775695287.475503063] [map_io]: Loading yaml file: /home/jetson/formica_map.yaml
[map_server-1] [INFO] [1775695287.475998390] [map_io]: resolution: 0.05
[map_server-1] [INFO] [1775695287.476022165] [map_io]: origin[0]: -5.9
[map_server-1] [INFO] [1775695287.476030485] [map_io]: origin[1]: -2.99
[map_server-1] [INFO] [1775695287.476037333] [map_io]: origin[2]: 0
[map_server-1] [INFO] [1775695287.476044405] [map_io]: free_thresh: 0.25
[map_server-1] [INFO] [1775695287.476050805] [map_io]: occupied_thresh: 0.65
[map_server-1] [INFO] [1775695287.476057589] [map_io]: mode: trinary
[map_server-1] [INFO] [1775695287.476065717] [map_io]: negate: 0
[map_server-1] [INFO] [1775695287.476412149] [map_io]: Loading image_file: /home/jetson/formica_map.pgm
[map_server-1] [INFO] [1775695287.482887560] [map_io]: Read map /home/jetson/formica_map.pgm: 185 X 172 map @ 0.05 m/cell
[lifecycle_manager-3] [INFO] [1775695287.527508174] [lifecycle_manager_localization]: [34m[1mConfiguring amcl[0m[0m
[amcl-2] [INFO] [1775695287.528040941] [amcl]: Configuring
[amcl-2] [INFO] [1775695287.528245900] [amcl]: initTransforms
[amcl-2] [INFO] [1775695287.563681829] [amcl]: initPubSub
[amcl-2] [INFO] [1775695287.595699876] [amcl]: Subscribed to map topic.
[lifecycle_manager-3] [INFO] [1775695287.617517337] [lifecycle_manager_localization]: [34m[1mActivating map_server[0m[0m
[map_server-1] [INFO] [1775695287.619307669] [map_server]: Activating
[map_server-1] [INFO] [1775695287.619712404] [map_server]: Creating bond (map_server) to lifecycle manager.
[amcl-2] [INFO] [1775695287.620779026] [amcl]: Received a 185 X 172 map @ 0.050 m/pix
[lifecycle_manager-3] [INFO] [1775695287.761029335] [lifecycle_manager_localization]: Server map_server connected with bond.
[lifecycle_manager-3] [INFO] [1775695287.761135639] [lifecycle_manager_localization]: [34m[1mActivating amcl[0m[0m
[amcl-2] [INFO] [1775695287.761823830] [amcl]: Activating
[amcl-2] [INFO] [1775695287.761912822] [amcl]: Creating bond (amcl) to lifecycle manager.
[amcl-2] [INFO] [1775695287.863223402] [amcl]: createLaserObject
[lifecycle_manager-3] [INFO] [1775695287.878906570] [lifecycle_manager_localization]: Server amcl connected with bond.
[lifecycle_manager-3] [INFO] [1775695287.879008970] [lifecycle_manager_localization]: [34m[1mManaged nodes are active[0m[0m
[lifecycle_manager-3] [INFO] [1775695287.879035210] [lifecycle_manager_localization]: [34m[1mCreating bond timer...[0m[0m
[amcl-2] [INFO] [1775695287.923266641] [amcl]: Received a 2492 X 2347 map @ 0.050 m/pix
[amcl-2] [INFO] [1775695288.336219297] [amcl]: Received a 2492 X 2347 map @ 0.050 m/pix
[amcl-2] [INFO] [1775695288.617328600] [amcl]: Message Filter dropping message: frame 'laser' at time 1775695287.458 for reason 'the timestamp on the message is earlier than all the data in the transform cache'
[amcl-2] [INFO] [1775695289.243939954] [amcl]: createLaserObject
[amcl-2] [WARN] [1775695291.713075581] [amcl]: AMCL cannot publish a pose or update the transform. Please set the initial pose...
[amcl-2] [INFO] [1775695291.713616380] [amcl]: Message Filter dropping message: frame 'laser' at time 1775695288.269 for reason 'the timestamp on the message is earlier than all the data in the transform cache'
[amcl-2] [INFO] [1775695293.328117730] [amcl]: Received a 2492 X 2347 map @ 0.050 m/pix
[amcl-2] [INFO] [1775695293.413191310] [amcl]: createLaserObject
[amcl-2] [WARN] [1775695296.133743771] [amcl.rclcpp]: failed to send response to /amcl/get_state (timeout): client will not receive response, at ./src/rmw_response.cpp:154, at ./src/rcl/service.c:314
[amcl-2] [WARN] [1775695296.150428065] [amcl]: AMCL cannot publish a pose or update the transform. Please set the initial pose...
[amcl-2] [WARN] [1775695298.192193669] [amcl]: AMCL cannot publish a pose or update the transform. Please set the initial pose...
[amcl-2] [INFO] [1775695298.306318073] [amcl]: Received a 2492 X 2347 map @ 0.050 m/pix
[amcl-2] [INFO] [1775695298.394837332] [amcl]: createLaserObject
[amcl-2] [WARN] [1775695300.686152712] [amcl]: AMCL cannot publish a pose or update the transform. Please set the initial pose...
[amcl-2] [WARN] [1775695302.749221751] [amcl]: AMCL cannot publish a pose or update the transform. Please set the initial pose...
[amcl-2] [INFO] [1775695303.307562626] [amcl]: Received a 2492 X 2347 map @ 0.050 m/pix
[amcl-2] [INFO] [1775695303.424416525] [amcl]: createLaserObject
[amcl-2] [WARN] [1775695307.833809174] [amcl]: AMCL cannot publish a pose or update the transform. Please set the initial pose...
[amcl-2] [INFO] [1775695308.306962013] [amcl]: Received a 2492 X 2347 map @ 0.050 m/pix
[amcl-2] [INFO] [1775695308.386925705] [amcl]: createLaserObject
[amcl-2] [WARN] [1775695310.857823422] [amcl]: AMCL cannot publish a pose or update the transform. Please set the initial pose...
[amcl-2] [INFO] [1775695312.160030005] [amcl]: initialPoseReceived
[amcl-2] [WARN] [1775695312.160278485] [amcl]: Failed to transform initial pose in time (Lookup would require extrapolation into the future.  Requested time 1775695312.160152 but the latest data is at time 1775695312.148432, when looking up transform from frame [base_footprint] to frame [odom])
[amcl-2] [INFO] [1775695312.160320085] [amcl]: Setting pose (1775695312.160319): 0.000 0.000 0.000
[amcl-2] [INFO] [1775695313.314181045] [amcl]: Received a 2492 X 2347 map @ 0.050 m/pix
[amcl-2] [INFO] [1775695313.386765241] [amcl]: createLaserObject
[amcl-2] [INFO] [1775695318.313785709] [amcl]: Received a 2492 X 2347 map @ 0.050 m/pix
[amcl-2] [INFO] [1775695318.378563173] [amcl]: createLaserObject
[amcl-2] [INFO] [1775695326.426428729] [amcl]: Received a 2492 X 2347 map @ 0.050 m/pix
[amcl-2] [INFO] [1775695327.725831147] [amcl]: createLaserObject
[lifecycle_manager-3] [INFO] [1775695332.879143822] [lifecycle_manager_localization]: [34m[1mHave not received a heartbeat from amcl.[0m[0m
[lifecycle_manager-3] [ERROR] [1775695332.879261134] [lifecycle_manager_localization]: CRITICAL FAILURE: SERVER amcl IS DOWN after not receiving a heartbeat for 4000 ms. Shutting down related nodes.
[lifecycle_manager-3] [INFO] [1775695332.879353614] [lifecycle_manager_localization]: [34m[1mTerminating bond timer...[0m[0m
[lifecycle_manager-3] [INFO] [1775695332.879373326] [lifecycle_manager_localization]: [34m[1mResetting managed nodes...[0m[0m
[lifecycle_manager-3] [INFO] [1775695332.879388046] [lifecycle_manager_localization]: [34m[1mDeactivating amcl[0m[0m
[amcl-2] [INFO] [1775695333.672530061] [amcl]: Received a 2492 X 2347 map @ 0.050 m/pix
[amcl-2] [INFO] [1775695333.822781300] [amcl]: createLaserObject
[amcl-2] [INFO] [1775695337.911517800] [amcl]: Received a 2492 X 2347 map @ 0.050 m/pix
[amcl-2] [INFO] [1775695338.019098080] [amcl]: createLaserObject
[amcl-2] [INFO] [1775695338.019233312] [amcl]: Deactivating
[amcl-2] [INFO] [1775695338.019318784] [amcl]: Destroying bond (amcl) to lifecycle manager.
[lifecycle_manager-3] [INFO] [1775695338.142261888] [lifecycle_manager_localization]: [34m[1mDeactivating map_server[0m[0m
[map_server-1] [INFO] [1775695338.145510496] [map_server]: Deactivating
[map_server-1] [INFO] [1775695338.145633088] [map_server]: Destroying bond (map_server) to lifecycle manager.
[lifecycle_manager-3] [INFO] [1775695338.271285153] [lifecycle_manager_localization]: [34m[1mCleaning up amcl[0m[0m
[amcl-2] [INFO] [1775695338.272626401] [amcl]: Cleaning up
[amcl-2] [WARN] [1775695341.498113216] [LifecyclePublisher]: Trying to publish message on the topic '/particle_cloud', but the publisher is not activated
[amcl-2] [WARN] [1775695341.499446464] [LifecyclePublisher]: Trying to publish message on the topic '/amcl_pose', but the publisher is not activated
[lifecycle_manager-3] [INFO] [1775695341.636092693] [lifecycle_manager_localization]: [34m[1mCleaning up map_server[0m[0m
[map_server-1] [INFO] [1775695341.638247670] [map_server]: Cleaning up
[lifecycle_manager-3] [INFO] [1775695341.647795033] [lifecycle_manager_localization]: [34m[1mManaged nodes have been reset[0m[0m
[lifecycle_manager-3] [INFO] [1775695342.653494712] [lifecycle_manager_localization]: [34m[1mSuccessfully re-established connections from server respawns, starting back up.[0m[0m
[lifecycle_manager-3] [INFO] [1775695342.653644824] [lifecycle_manager_localization]: [34m[1mStarting managed nodes bringup...[0m[0m
[lifecycle_manager-3] [INFO] [1775695342.653679768] [lifecycle_manager_localization]: [34m[1mConfiguring map_server[0m[0m
[map_server-1] [INFO] [1775695342.656662201] [map_server]: Configuring
[map_server-1] [INFO] [1775695342.656814521] [map_io]: Loading yaml file: /home/jetson/formica_map.yaml
[map_server-1] [INFO] [1775695342.657280025] [map_io]: resolution: 0.05
[map_server-1] [INFO] [1775695342.657307801] [map_io]: origin[0]: -5.9
[map_server-1] [INFO] [1775695342.657321433] [map_io]: origin[1]: -2.99
[map_server-1] [INFO] [1775695342.657331801] [map_io]: origin[2]: 0
[map_server-1] [INFO] [1775695342.657341369] [map_io]: free_thresh: 0.25
[map_server-1] [INFO] [1775695342.657350425] [map_io]: occupied_thresh: 0.65
[map_server-1] [INFO] [1775695342.657358809] [map_io]: mode: trinary
[map_server-1] [INFO] [1775695342.657368569] [map_io]: negate: 0
[map_server-1] [INFO] [1775695342.657400825] [map_io]: Loading image_file: /home/jetson/formica_map.pgm
[map_server-1] [INFO] [1775695342.666691837] [map_io]: Read map /home/jetson/formica_map.pgm: 185 X 172 map @ 0.05 m/cell
[lifecycle_manager-3] [INFO] [1775695342.703253293] [lifecycle_manager_localization]: [34m[1mConfiguring amcl[0m[0m
[amcl-2] [INFO] [1775695342.704952590] [amcl]: Configuring
[amcl-2] [INFO] [1775695342.705181678] [amcl]: initTransforms
[amcl-2] [INFO] [1775695342.804010648] [amcl]: initPubSub
[amcl-2] [INFO] [1775695342.841128264] [amcl]: Subscribed to map topic.
[lifecycle_manager-3] [INFO] [1775695342.882474778] [lifecycle_manager_localization]: [34m[1mActivating map_server[0m[0m
[map_server-1] [INFO] [1775695342.886448155] [map_server]: Activating
[map_server-1] [INFO] [1775695342.886741147] [map_server]: Creating bond (map_server) to lifecycle manager.
[amcl-2] [INFO] [1775695342.889967549] [amcl]: Received a 185 X 172 map @ 0.050 m/pix
[lifecycle_manager-3] [INFO] [1775695343.002567789] [lifecycle_manager_localization]: Server map_server connected with bond.
[lifecycle_manager-3] [INFO] [1775695343.002697581] [lifecycle_manager_localization]: [34m[1mActivating amcl[0m[0m
[amcl-2] [INFO] [1775695343.004096718] [amcl]: Activating
[amcl-2] [INFO] [1775695343.004229070] [amcl]: Creating bond (amcl) to lifecycle manager.
[amcl-2] [INFO] [1775695343.058502695] [amcl]: createLaserObject
[lifecycle_manager-3] [INFO] [1775695343.134948107] [lifecycle_manager_localization]: Server amcl connected with bond.
[lifecycle_manager-3] [INFO] [1775695343.135057195] [lifecycle_manager_localization]: [34m[1mManaged nodes are active[0m[0m
[lifecycle_manager-3] [INFO] [1775695343.135079819] [lifecycle_manager_localization]: [34m[1mCreating bond timer...[0m[0m
[amcl-2] [INFO] [1775695343.474145834] [amcl]: Received a 2492 X 2347 map @ 0.050 m/pix
[amcl-2] [INFO] [1775695343.585928190] [amcl]: createLaserObject
[amcl-2] [INFO] [1775695348.606508273] [amcl]: Received a 2492 X 2347 map @ 0.050 m/pix
[amcl-2] [INFO] [1775695348.733923336] [amcl]: createLaserObject
[lifecycle_manager-3] [INFO] [1775695368.135673093] [lifecycle_manager_localization]: [34m[1mHave not received a heartbeat from amcl.[0m[0m
[lifecycle_manager-3] [ERROR] [1775695368.136027461] [lifecycle_manager_localization]: CRITICAL FAILURE: SERVER amcl IS DOWN after not receiving a heartbeat for 4000 ms. Shutting down related nodes.
[lifecycle_manager-3] [INFO] [1775695368.136162853] [lifecycle_manager_localization]: [34m[1mTerminating bond timer...[0m[0m
[lifecycle_manager-3] [INFO] [1775695368.136189477] [lifecycle_manager_localization]: [34m[1mResetting managed nodes...[0m[0m
[lifecycle_manager-3] [INFO] [1775695368.136204165] [lifecycle_manager_localization]: [34m[1mDeactivating amcl[0m[0m
[amcl-2] [ERROR] [1775695378.889755731] [amcl]: Couldn't determine robot's pose associated with laser scan
[amcl-2] [INFO] [1775695378.890447732] [amcl]: Received a 2492 X 2347 map @ 0.050 m/pix
[amcl-2] [INFO] [1775695379.936972561] [amcl]: createLaserObject
[amcl-2] [ERROR] [1775695413.034381384] [amcl]: Couldn't determine robot's pose associated with laser scan
[amcl-2] [INFO] [1775695413.037484242] [amcl]: Received a 2492 X 2347 map @ 0.050 m/pix
[amcl-2] [INFO] [1775695413.636841016] [amcl]: createLaserObject
[amcl-2] [INFO] [1775695413.661097926] [amcl]: Deactivating
[amcl-2] [INFO] [1775695413.661214535] [amcl]: Destroying bond (amcl) to lifecycle manager.
[amcl-2] [WARN] [1775695413.869886565] [amcl.rclcpp]: failed to send response to /amcl/get_state (timeout): client will not receive response, at ./src/rmw_response.cpp:154, at ./src/rcl/service.c:314
[amcl-2] [WARN] [1775695413.970299464] [amcl.rclcpp]: failed to send response to /amcl/get_state (timeout): client will not receive response, at ./src/rmw_response.cpp:154, at ./src/rcl/service.c:314
[lifecycle_manager-3] [ERROR] [1775695415.878847266] [lifecycle_manager_localization]: Failed to change state for node: amcl. Exception: amcl/get_state service client: async_send_request failed.
[lifecycle_manager-3] [INFO] [1775695415.879079907] [lifecycle_manager_localization]: [34m[1mManaged nodes have been reset[0m[0m
[lifecycle_manager-3] [INFO] [1775695428.412526930] [lifecycle_manager_localization]: [34m[1mFailed to re-establish connection from a server crash after maximum timeout.[0m[0m
[amcl-2] [ERROR] [1775695446.685407744] [amcl]: Couldn't determine robot's pose associated with laser scan
[amcl-2] [INFO] [1775695446.689944532] [amcl]: Received a 2492 X 2347 map @ 0.050 m/pix
[amcl-2] [INFO] [1775695447.325839682] [amcl]: Received a 2492 X 2347 map @ 0.050 m/pix
[amcl-2] [INFO] [1775695449.841422694] [amcl]: Received a 2492 X 2347 map @ 0.050 m/pix
[amcl-2] [INFO] [1775695454.817184565] [amcl]: Received a 2492 X 2347 map @ 0.050 m/pix
[amcl-2] [INFO] [1775695459.459282718] [amcl]: Received a 2492 X 2347 map @ 0.050 m/pix
[amcl-2] [INFO] [1775695465.800289578] [amcl]: Received a 2492 X 2347 map @ 0.050 m/pix
[amcl-2] [INFO] [1775695468.989524291] [amcl]: Received a 2492 X 2347 map @ 0.050 m/pix
[amcl-2] [INFO] [1775695473.365037200] [amcl]: Received a 2492 X 2347 map @ 0.050 m/pix
[amcl-2] [INFO] [1775695480.229645702] [amcl]: Received a 2492 X 2347 map @ 0.050 m/pix
[amcl-2] [INFO] [1775695484.332059715] [amcl]: Received a 2492 X 2347 map @ 0.050 m/pix
[amcl-2] [INFO] [1775695488.404683660] [amcl]: Received a 2492 X 2347 map @ 0.050 m/pix
[amcl-2] [INFO] [1775695493.377827239] [amcl]: Received a 2492 X 2347 map @ 0.050 m/pix
[amcl-2] [INFO] [1775695498.392602950] [amcl]: Received a 2492 X 2347 map @ 0.050 m/pix
[amcl-2] [INFO] [1775695503.391836654] [amcl]: Received a 2492 X 2347 map @ 0.050 m/pix
[amcl-2] [INFO] [1775695508.372085917] [amcl]: Received a 2492 X 2347 map @ 0.050 m/pix
[amcl-2] [INFO] [1775695513.370753366] [amcl]: Received a 2492 X 2347 map @ 0.050 m/pix
[amcl-2] [INFO] [1775695518.398108768] [amcl]: Received a 2492 X 2347 map @ 0.050 m/pix
[amcl-2] [INFO] [1775695523.361344196] [amcl]: Received a 2492 X 2347 map @ 0.050 m/pix
[amcl-2] [INFO] [1775695528.362998604] [amcl]: Received a 2492 X 2347 map @ 0.050 m/pix
[amcl-2] [INFO] [1775695533.392592150] [amcl]: Received a 2492 X 2347 map @ 0.050 m/pix
[amcl-2] [INFO] [1775695538.375073894] [amcl]: Received a 2492 X 2347 map @ 0.050 m/pix
[amcl-2] [INFO] [1775695543.410891817] [amcl]: Received a 2492 X 2347 map @ 0.050 m/pix
[amcl-2] [INFO] [1775695548.454093427] [amcl]: Received a 2492 X 2347 map @ 0.050 m/pix
[amcl-2] [INFO] [1775695553.487285884] [amcl]: Received a 2492 X 2347 map @ 0.050 m/pix
[amcl-2] [INFO] [1775695558.400384696] [amcl]: Received a 2492 X 2347 map @ 0.050 m/pix
[amcl-2] [INFO] [1775695563.396150432] [amcl]: Received a 2492 X 2347 map @ 0.050 m/pix
[amcl-2] [INFO] [1775695568.397201181] [amcl]: Received a 2492 X 2347 map @ 0.050 m/pix
[amcl-2] [INFO] [1775695573.388638734] [amcl]: Received a 2492 X 2347 map @ 0.050 m/pix
[amcl-2] [INFO] [1775695578.372806173] [amcl]: Received a 2492 X 2347 map @ 0.050 m/pix
[amcl-2] [INFO] [1775695583.406170818] [amcl]: Received a 2492 X 2347 map @ 0.050 m/pix
[amcl-2] [INFO] [1775695584.611952674] [amcl]: Message Filter dropping message: frame 'laser' at time 1775695583.477 for reason 'the timestamp on the message is earlier than all the data in the transform cache'
[amcl-2] [INFO] [1775695588.431688507] [amcl]: Received a 2492 X 2347 map @ 0.050 m/pix
[amcl-2] [INFO] [1775695593.481802364] [amcl]: Received a 2492 X 2347 map @ 0.050 m/pix
[amcl-2] [INFO] [1775695598.447154876] [amcl]: Received a 2492 X 2347 map @ 0.050 m/pix
[amcl-2] [INFO] [1775695603.399136760] [amcl]: Received a 2492 X 2347 map @ 0.050 m/pix
[amcl-2] [INFO] [1775695608.424682432] [amcl]: Received a 2492 X 2347 map @ 0.050 m/pix
[amcl-2] [INFO] [1775695613.364726758] [amcl]: Received a 2492 X 2347 map @ 0.050 m/pix
[amcl-2] [INFO] [1775695618.376834317] [amcl]: Received a 2492 X 2347 map @ 0.050 m/pix
[amcl-2] [INFO] [1775695623.421318864] [amcl]: Received a 2492 X 2347 map @ 0.050 m/pix
[amcl-2] [INFO] [1775695624.612401092] [amcl]: Message Filter dropping message: frame 'laser' at time 1775695623.430 for reason 'the timestamp on the message is earlier than all the data in the transform cache'
[amcl-2] [INFO] [1775695628.481680853] [amcl]: Received a 2492 X 2347 map @ 0.050 m/pix
[amcl-2] [INFO] [1775695633.391788168] [amcl]: Received a 2492 X 2347 map @ 0.050 m/pix
[amcl-2] [INFO] [1775695638.406391841] [amcl]: Received a 2492 X 2347 map @ 0.050 m/pix
[amcl-2] [INFO] [1775695643.391966504] [amcl]: Received a 2492 X 2347 map @ 0.050 m/pix
[amcl-2] [INFO] [1775695648.462774481] [amcl]: Received a 2492 X 2347 map @ 0.050 m/pix
[amcl-2] [INFO] [1775695653.364497259] [amcl]: Received a 2492 X 2347 map @ 0.050 m/pix
[amcl-2] [INFO] [1775695658.392107777] [amcl]: Received a 2492 X 2347 map @ 0.050 m/pix
[amcl-2] [INFO] [1775695663.419366799] [amcl]: Received a 2492 X 2347 map @ 0.050 m/pix
[amcl-2] [INFO] [1775695668.399007102] [amcl]: Received a 2492 X 2347 map @ 0.050 m/pix
[amcl-2] [INFO] [1775695673.383235525] [amcl]: Received a 2492 X 2347 map @ 0.050 m/pix
[amcl-2] [INFO] [1775695678.389878817] [amcl]: Received a 2492 X 2347 map @ 0.050 m/pix
[amcl-2] [INFO] [1775695683.390448157] [amcl]: Received a 2492 X 2347 map @ 0.050 m/pix
[amcl-2] [INFO] [1775695688.386115295] [amcl]: Received a 2492 X 2347 map @ 0.050 m/pix
[amcl-2] [INFO] [1775695693.399052566] [amcl]: Received a 2492 X 2347 map @ 0.050 m/pix
[amcl-2] [INFO] [1775695698.427794099] [amcl]: Received a 2492 X 2347 map @ 0.050 m/pix
[amcl-2] [INFO] [1775695703.384058253] [amcl]: Received a 2492 X 2347 map @ 0.050 m/pix
[amcl-2] [INFO] [1775695708.408706419] [amcl]: Received a 2492 X 2347 map @ 0.050 m/pix
[amcl-2] [INFO] [1775695713.415710835] [amcl]: Received a 2492 X 2347 map @ 0.050 m/pix
[amcl-2] [INFO] [1775695718.387717692] [amcl]: Received a 2492 X 2347 map @ 0.050 m/pix
[amcl-2] [INFO] [1775695719.505086334] [amcl]: Message Filter dropping message: frame 'laser' at time 1775695718.370 for reason 'the timestamp on the message is earlier than all the data in the transform cache'
[amcl-2] [INFO] [1775695723.385704039] [amcl]: Received a 2492 X 2347 map @ 0.050 m/pix
[amcl-2] [INFO] [1775695728.447180276] [amcl]: Received a 2492 X 2347 map @ 0.050 m/pix
[amcl-2] [INFO] [1775695733.471015034] [amcl]: Received a 2492 X 2347 map @ 0.050 m/pix
[amcl-2] [INFO] [1775695738.396499761] [amcl]: Received a 2492 X 2347 map @ 0.050 m/pix
[amcl-2] [INFO] [1775695743.375257411] [amcl]: Received a 2492 X 2347 map @ 0.050 m/pix
[amcl-2] [INFO] [1775695748.394580832] [amcl]: Received a 2492 X 2347 map @ 0.050 m/pix
[amcl-2] [INFO] [1775695749.620626626] [amcl]: Message Filter dropping message: frame 'laser' at time 1775695748.486 for reason 'the timestamp on the message is earlier than all the data in the transform cache'
[amcl-2] [INFO] [1775695753.487598887] [amcl]: Received a 2492 X 2347 map @ 0.050 m/pix
[amcl-2] [INFO] [1775695758.473032384] [amcl]: Received a 2492 X 2347 map @ 0.050 m/pix
[amcl-2] [INFO] [1775695763.390766427] [amcl]: Received a 2492 X 2347 map @ 0.050 m/pix
[amcl-2] [INFO] [1775695768.384333678] [amcl]: Received a 2492 X 2347 map @ 0.050 m/pix
[amcl-2] [INFO] [1775695773.406291986] [amcl]: Received a 2492 X 2347 map @ 0.050 m/pix
[amcl-2] [INFO] [1775695778.420387769] [amcl]: Received a 2492 X 2347 map @ 0.050 m/pix
[amcl-2] [INFO] [1775695783.380779825] [amcl]: Received a 2492 X 2347 map @ 0.050 m/pix
[amcl-2] [INFO] [1775695788.405173018] [amcl]: Received a 2492 X 2347 map @ 0.050 m/pix
[amcl-2] [INFO] [1775695793.387287831] [amcl]: Received a 2492 X 2347 map @ 0.050 m/pix
[amcl-2] [INFO] [1775695798.497966395] [amcl]: Received a 2492 X 2347 map @ 0.050 m/pix
[amcl-2] [INFO] [1775695803.470271391] [amcl]: Received a 2492 X 2347 map @ 0.050 m/pix
[amcl-2] [INFO] [1775695808.426364849] [amcl]: Received a 2492 X 2347 map @ 0.050 m/pix
[amcl-2] [INFO] [1775695813.393904060] [amcl]: Received a 2492 X 2347 map @ 0.050 m/pix
[amcl-2] [INFO] [1775695818.419151179] [amcl]: Received a 2492 X 2347 map @ 0.050 m/pix
[amcl-2] [INFO] [1775695823.395253861] [amcl]: Received a 2492 X 2347 map @ 0.050 m/pix
[amcl-2] [INFO] [1775695828.407581826] [amcl]: Received a 2492 X 2347 map @ 0.050 m/pix
[amcl-2] [INFO] [1775695833.372088585] [amcl]: Received a 2492 X 2347 map @ 0.050 m/pix
[amcl-2] [INFO] [1775695838.391079019] [amcl]: Received a 2492 X 2347 map @ 0.050 m/pix
[amcl-2] [INFO] [1775695843.458584479] [amcl]: Received a 2492 X 2347 map @ 0.050 m/pix
[amcl-2] [INFO] [1775695848.393315374] [amcl]: Received a 2492 X 2347 map @ 0.050 m/pix
[amcl-2] [INFO] [1775695853.374357763] [amcl]: Received a 2492 X 2347 map @ 0.050 m/pix
[amcl-2] [INFO] [1775695858.725729977] [amcl]: Received a 2492 X 2347 map @ 0.050 m/pix
[amcl-2] [INFO] [1775695863.715386784] [amcl]: Received a 2492 X 2347 map @ 0.050 m/pix
[amcl-2] [INFO] [1775695868.590277280] [amcl]: Received a 2492 X 2347 map @ 0.050 m/pix
[amcl-2] [INFO] [1775695869.641820455] [amcl]: Message Filter dropping message: frame 'laser' at time 1775695868.508 for reason 'the timestamp on the message is earlier than all the data in the transform cache'
[amcl-2] [INFO] [1775695873.775866595] [amcl]: Received a 2492 X 2347 map @ 0.050 m/pix
[amcl-2] [INFO] [1775695878.555754025] [amcl]: Received a 2492 X 2347 map @ 0.050 m/pix
[amcl-2] [INFO] [1775695883.407344844] [amcl]: Received a 2492 X 2347 map @ 0.050 m/pix
[amcl-2] [INFO] [1775695888.381513052] [amcl]: Received a 2492 X 2347 map @ 0.050 m/pix
[amcl-2] [INFO] [1775695893.480339630] [amcl]: Received a 2492 X 2347 map @ 0.050 m/pix
[amcl-2] [INFO] [1775695898.413742809] [amcl]: Received a 2492 X 2347 map @ 0.050 m/pix
[amcl-2] [INFO] [1775695899.584648452] [amcl]: Message Filter dropping message: frame 'laser' at time 1775695898.449 for reason 'the timestamp on the message is earlier than all the data in the transform cache'
[amcl-2] [INFO] [1775695903.497217730] [amcl]: Received a 2492 X 2347 map @ 0.050 m/pix
[amcl-2] [INFO] [1775695908.717783077] [amcl]: Received a 2492 X 2347 map @ 0.050 m/pix
[amcl-2] [INFO] [1775695913.473170101] [amcl]: Received a 2492 X 2347 map @ 0.050 m/pix
[amcl-2] [INFO] [1775695918.512536626] [amcl]: Received a 2492 X 2347 map @ 0.050 m/pix
[amcl-2] [INFO] [1775695923.441615793] [amcl]: Received a 2492 X 2347 map @ 0.050 m/pix
[amcl-2] [INFO] [1775695928.367687210] [amcl]: Received a 2492 X 2347 map @ 0.050 m/pix
[amcl-2] [INFO] [1775695933.382213348] [amcl]: Received a 2492 X 2347 map @ 0.050 m/pix
[amcl-2] [INFO] [1775695938.445248814] [amcl]: Received a 2492 X 2347 map @ 0.050 m/pix
[amcl-2] [INFO] [1775695943.415720065] [amcl]: Received a 2492 X 2347 map @ 0.050 m/pix
[amcl-2] [INFO] [1775695948.409128117] [amcl]: Received a 2492 X 2347 map @ 0.050 m/pix
[amcl-2] [INFO] [1775695953.427069699] [amcl]: Received a 2492 X 2347 map @ 0.050 m/pix
[amcl-2] [INFO] [1775695958.426605269] [amcl]: Received a 2492 X 2347 map @ 0.050 m/pix
[amcl-2] [INFO] [1775695963.481164282] [amcl]: Received a 2492 X 2347 map @ 0.050 m/pix
[amcl-2] [INFO] [1775695969.980601149] [amcl]: Received a 2492 X 2347 map @ 0.050 m/pix
[amcl-2] [INFO] [1775695973.474676841] [amcl]: Received a 2492 X 2347 map @ 0.050 m/pix
[amcl-2] [INFO] [1775695978.409632769] [amcl]: Received a 2492 X 2347 map @ 0.050 m/pix
[amcl-2] [INFO] [1775695983.420784658] [amcl]: Received a 2492 X 2347 map @ 0.050 m/pix
[amcl-2] [INFO] [1775695988.417122695] [amcl]: Received a 2492 X 2347 map @ 0.050 m/pix
[amcl-2] [INFO] [1775695989.600450928] [amcl]: Message Filter dropping message: frame 'laser' at time 1775695988.465 for reason 'the timestamp on the message is earlier than all the data in the transform cache'
[amcl-2] [INFO] [1775695993.395958574] [amcl]: Received a 2492 X 2347 map @ 0.050 m/pix
[amcl-2] [INFO] [1775695998.397443011] [amcl]: Received a 2492 X 2347 map @ 0.050 m/pix
[amcl-2] [INFO] [1775696003.377408578] [amcl]: Received a 2492 X 2347 map @ 0.050 m/pix
[amcl-2] [INFO] [1775696008.414915838] [amcl]: Received a 2492 X 2347 map @ 0.050 m/pix
[amcl-2] [INFO] [1775696013.779489913] [amcl]: Received a 2492 X 2347 map @ 0.050 m/pix
[amcl-2] [INFO] [1775696018.393392252] [amcl]: Received a 2492 X 2347 map @ 0.050 m/pix
[amcl-2] [INFO] [1775696019.506226376] [amcl]: Message Filter dropping message: frame 'laser' at time 1775696018.371 for reason 'the timestamp on the message is earlier than all the data in the transform cache'
[amcl-2] [INFO] [1775696023.398389952] [amcl]: Received a 2492 X 2347 map @ 0.050 m/pix
[amcl-2] [INFO] [1775696028.655968752] [amcl]: Received a 2492 X 2347 map @ 0.050 m/pix
[amcl-2] [INFO] [1775696033.383255244] [amcl]: Received a 2492 X 2347 map @ 0.050 m/pix
[amcl-2] [INFO] [1775696038.469456093] [amcl]: Received a 2492 X 2347 map @ 0.050 m/pix
[amcl-2] [INFO] [1775696043.378958504] [amcl]: Received a 2492 X 2347 map @ 0.050 m/pix
[amcl-2] [INFO] [1775696048.428142903] [amcl]: Received a 2492 X 2347 map @ 0.050 m/pix
[amcl-2] [INFO] [1775696053.489979910] [amcl]: Received a 2492 X 2347 map @ 0.050 m/pix
[amcl-2] [INFO] [1775696058.422984259] [amcl]: Received a 2492 X 2347 map @ 0.050 m/pix
[amcl-2] [INFO] [1775696063.429999695] [amcl]: Received a 2492 X 2347 map @ 0.050 m/pix
[amcl-2] [INFO] [1775696068.430189802] [amcl]: Received a 2492 X 2347 map @ 0.050 m/pix
[amcl-2] [INFO] [1775696073.400759986] [amcl]: Received a 2492 X 2347 map @ 0.050 m/pix
[amcl-2] [INFO] [1775696074.605292235] [amcl]: Message Filter dropping message: frame 'laser' at time 1775696073.468 for reason 'the timestamp on the message is earlier than all the data in the transform cache'
[amcl-2] [INFO] [1775696078.453030066] [amcl]: Received a 2492 X 2347 map @ 0.050 m/pix
[amcl-2] [INFO] [1775696083.446326925] [amcl]: Received a 2492 X 2347 map @ 0.050 m/pix
[amcl-2] [INFO] [1775696088.405715776] [amcl]: Received a 2492 X 2347 map @ 0.050 m/pix
[amcl-2] [INFO] [1775696093.467923510] [amcl]: Received a 2492 X 2347 map @ 0.050 m/pix
[amcl-2] [INFO] [1775696098.434037471] [amcl]: Received a 2492 X 2347 map @ 0.050 m/pix
[amcl-2] [INFO] [1775696103.450547633] [amcl]: Received a 2492 X 2347 map @ 0.050 m/pix
[amcl-2] [INFO] [1775696108.436026784] [amcl]: Received a 2492 X 2347 map @ 0.050 m/pix
[amcl-2] [INFO] [1775696109.545829628] [amcl]: Message Filter dropping message: frame 'laser' at time 1775696108.410 for reason 'the timestamp on the message is earlier than all the data in the transform cache'
[amcl-2] [INFO] [1775696113.399262586] [amcl]: Received a 2492 X 2347 map @ 0.050 m/pix
[amcl-2] [INFO] [1775696118.458795634] [amcl]: Received a 2492 X 2347 map @ 0.050 m/pix
[amcl-2] [INFO] [1775696123.400078879] [amcl]: Received a 2492 X 2347 map @ 0.050 m/pix
[amcl-2] [INFO] [1775696128.378396138] [amcl]: Received a 2492 X 2347 map @ 0.050 m/pix
[amcl-2] [INFO] [1775696133.386496987] [amcl]: Received a 2492 X 2347 map @ 0.050 m/pix
[amcl-2] [INFO] [1775696138.374118697] [amcl]: Received a 2492 X 2347 map @ 0.050 m/pix
[amcl-2] [INFO] [1775696143.371675840] [amcl]: Received a 2492 X 2347 map @ 0.050 m/pix
[amcl-2] [INFO] [1775696148.411834331] [amcl]: Received a 2492 X 2347 map @ 0.050 m/pix
[amcl-2] [INFO] [1775696153.387947665] [amcl]: Received a 2492 X 2347 map @ 0.050 m/pix
[amcl-2] [INFO] [1775696158.406632296] [amcl]: Received a 2492 X 2347 map @ 0.050 m/pix
[amcl-2] [INFO] [1775696163.432509621] [amcl]: Received a 2492 X 2347 map @ 0.050 m/pix
[amcl-2] [INFO] [1775696168.392224263] [amcl]: Received a 2492 X 2347 map @ 0.050 m/pix
[amcl-2] [INFO] [1775696173.437437679] [amcl]: Received a 2492 X 2347 map @ 0.050 m/pix
[amcl-2] [INFO] [1775696178.408877070] [amcl]: Received a 2492 X 2347 map @ 0.050 m/pix
[amcl-2] [INFO] [1775696183.465829416] [amcl]: Received a 2492 X 2347 map @ 0.050 m/pix
[amcl-2] [INFO] [1775696188.410797798] [amcl]: Received a 2492 X 2347 map @ 0.050 m/pix
[amcl-2] [INFO] [1775696193.468863852] [amcl]: Received a 2492 X 2347 map @ 0.050 m/pix
[amcl-2] [INFO] [1775696198.406618325] [amcl]: Received a 2492 X 2347 map @ 0.050 m/pix
[amcl-2] [INFO] [1775696203.395429330] [amcl]: Received a 2492 X 2347 map @ 0.050 m/pix
[amcl-2] [INFO] [1775696208.411177173] [amcl]: Received a 2492 X 2347 map @ 0.050 m/pix
[amcl-2] [INFO] [1775696209.522388414] [amcl]: Message Filter dropping message: frame 'laser' at time 1775696208.387 for reason 'the timestamp on the message is earlier than all the data in the transform cache'
[amcl-2] [INFO] [1775696213.413010592] [amcl]: Received a 2492 X 2347 map @ 0.050 m/pix
[amcl-2] [INFO] [1775696218.422661688] [amcl]: Received a 2492 X 2347 map @ 0.050 m/pix
[amcl-2] [INFO] [1775696223.475286680] [amcl]: Received a 2492 X 2347 map @ 0.050 m/pix
[amcl-2] [INFO] [1775696224.579952105] [amcl]: Message Filter dropping message: frame 'laser' at time 1775696223.446 for reason 'the timestamp on the message is earlier than all the data in the transform cache'
[amcl-2] [INFO] [1775696228.424552390] [amcl]: Received a 2492 X 2347 map @ 0.050 m/pix
[amcl-2] [INFO] [1775696233.423787029] [amcl]: Received a 2492 X 2347 map @ 0.050 m/pix
[amcl-2] [INFO] [1775696238.542199478] [amcl]: Received a 2492 X 2347 map @ 0.050 m/pix
[amcl-2] [INFO] [1775696239.637787485] [amcl]: Message Filter dropping message: frame 'laser' at time 1775696238.504 for reason 'the timestamp on the message is earlier than all the data in the transform cache'
[amcl-2] [INFO] [1775696243.761275201] [amcl]: Received a 2492 X 2347 map @ 0.050 m/pix
[amcl-2] [INFO] [1775696248.441813921] [amcl]: Received a 2492 X 2347 map @ 0.050 m/pix
[amcl-2] [INFO] [1775696253.444903725] [amcl]: Received a 2492 X 2347 map @ 0.050 m/pix
[amcl-2] [INFO] [1775696258.614168467] [amcl]: Received a 2492 X 2347 map @ 0.050 m/pix
[amcl-2] [INFO] [1775696263.723730635] [amcl]: Received a 2492 X 2347 map @ 0.050 m/pix
[amcl-2] [INFO] [1775696268.514193925] [amcl]: Received a 2492 X 2347 map @ 0.050 m/pix
[amcl-2] [INFO] [1775696269.618566070] [amcl]: Message Filter dropping message: frame 'laser' at time 1775696268.483 for reason 'the timestamp on the message is earlier than all the data in the transform cache'
[amcl-2] [INFO] [1775696273.389089681] [amcl]: Received a 2492 X 2347 map @ 0.050 m/pix
[amcl-2] [INFO] [1775696278.382532879] [amcl]: Received a 2492 X 2347 map @ 0.050 m/pix
[amcl-2] [INFO] [1775696283.458759217] [amcl]: Received a 2492 X 2347 map @ 0.050 m/pix
[amcl-2] [INFO] [1775696288.407292639] [amcl]: Received a 2492 X 2347 map @ 0.050 m/pix
[amcl-2] [INFO] [1775696293.398900559] [amcl]: Received a 2492 X 2347 map @ 0.050 m/pix
[amcl-2] [INFO] [1775696298.421477027] [amcl]: Received a 2492 X 2347 map @ 0.050 m/pix
[amcl-2] [INFO] [1775696303.406417148] [amcl]: Received a 2492 X 2347 map @ 0.050 m/pix
[amcl-2] [INFO] [1775696308.449849274] [amcl]: Received a 2492 X 2347 map @ 0.050 m/pix
[amcl-2] [INFO] [1775696313.399632897] [amcl]: Received a 2492 X 2347 map @ 0.050 m/pix
[amcl-2] [INFO] [1775696318.366844074] [amcl]: Received a 2492 X 2347 map @ 0.050 m/pix
[amcl-2] [INFO] [1775696323.464443132] [amcl]: Received a 2492 X 2347 map @ 0.050 m/pix
[amcl-2] [INFO] [1775696328.404703456] [amcl]: Received a 2492 X 2347 map @ 0.050 m/pix
[amcl-2] [INFO] [1775696333.407157580] [amcl]: Received a 2492 X 2347 map @ 0.050 m/pix
[amcl-2] [INFO] [1775696338.387219594] [amcl]: Received a 2492 X 2347 map @ 0.050 m/pix
[amcl-2] [INFO] [1775696343.420200804] [amcl]: Received a 2492 X 2347 map @ 0.050 m/pix
[amcl-2] [INFO] [1775696348.420950899] [amcl]: Received a 2492 X 2347 map @ 0.050 m/pix
[amcl-2] [INFO] [1775696353.437822374] [amcl]: Received a 2492 X 2347 map @ 0.050 m/pix
[amcl-2] [INFO] [1775696358.409932251] [amcl]: Received a 2492 X 2347 map @ 0.050 m/pix
[amcl-2] [INFO] [1775696363.389388202] [amcl]: Received a 2492 X 2347 map @ 0.050 m/pix
[amcl-2] [INFO] [1775696368.437421984] [amcl]: Received a 2492 X 2347 map @ 0.050 m/pix
[amcl-2] [INFO] [1775696373.410351086] [amcl]: Received a 2492 X 2347 map @ 0.050 m/pix
[amcl-2] [INFO] [1775696378.384836997] [amcl]: Received a 2492 X 2347 map @ 0.050 m/pix
[amcl-2] [INFO] [1775696383.465528755] [amcl]: Received a 2492 X 2347 map @ 0.050 m/pix
[amcl-2] [INFO] [1775696388.384686395] [amcl]: Received a 2492 X 2347 map @ 0.050 m/pix
[amcl-2] [INFO] [1775696393.375546116] [amcl]: Received a 2492 X 2347 map @ 0.050 m/pix
[amcl-2] [INFO] [1775696398.407856688] [amcl]: Received a 2492 X 2347 map @ 0.050 m/pix
[amcl-2] [INFO] [1775696403.408879241] [amcl]: Received a 2492 X 2347 map @ 0.050 m/pix
[amcl-2] [INFO] [1775696404.502375885] [amcl]: Message Filter dropping message: frame 'laser' at time 1775696403.367 for reason 'the timestamp on the message is earlier than all the data in the transform cache'
[amcl-2] [INFO] [1775696408.394140119] [amcl]: Received a 2492 X 2347 map @ 0.050 m/pix
[amcl-2] [INFO] [1775696413.402008667] [amcl]: Received a 2492 X 2347 map @ 0.050 m/pix
[amcl-2] [INFO] [1775696418.390718383] [amcl]: Received a 2492 X 2347 map @ 0.050 m/pix
[amcl-2] [INFO] [1775696423.490809132] [amcl]: Received a 2492 X 2347 map @ 0.050 m/pix
[amcl-2] [INFO] [1775696428.416707073] [amcl]: Received a 2492 X 2347 map @ 0.050 m/pix
[amcl-2] [INFO] [1775696433.509844025] [amcl]: Received a 2492 X 2347 map @ 0.050 m/pix
[amcl-2] [INFO] [1775696438.374046904] [amcl]: Received a 2492 X 2347 map @ 0.050 m/pix
[amcl-2] [INFO] [1775696443.376801711] [amcl]: Received a 2492 X 2347 map @ 0.050 m/pix
[amcl-2] [INFO] [1775696448.480956374] [amcl]: Received a 2492 X 2347 map @ 0.050 m/pix
[amcl-2] [INFO] [1775696453.379083181] [amcl]: Received a 2492 X 2347 map @ 0.050 m/pix
[amcl-2] [INFO] [1775696458.444009452] [amcl]: Received a 2492 X 2347 map @ 0.050 m/pix
[amcl-2] [INFO] [1775696463.431388219] [amcl]: Received a 2492 X 2347 map @ 0.050 m/pix
[amcl-2] [INFO] [1775696468.448672167] [amcl]: Received a 2492 X 2347 map @ 0.050 m/pix
[amcl-2] [INFO] [1775696473.414197907] [amcl]: Received a 2492 X 2347 map @ 0.050 m/pix
[amcl-2] [INFO] [1775696478.414652029] [amcl]: Received a 2492 X 2347 map @ 0.050 m/pix
[amcl-2] [INFO] [1775696483.390688603] [amcl]: Received a 2492 X 2347 map @ 0.050 m/pix
[amcl-2] [INFO] [1775696488.511822026] [amcl]: Received a 2492 X 2347 map @ 0.050 m/pix
[amcl-2] [INFO] [1775696493.412839014] [amcl]: Received a 2492 X 2347 map @ 0.050 m/pix
[amcl-2] [INFO] [1775696498.404951214] [amcl]: Received a 2492 X 2347 map @ 0.050 m/pix
[amcl-2] [INFO] [1775696503.410476971] [amcl]: Received a 2492 X 2347 map @ 0.050 m/pix
[amcl-2] [INFO] [1775696508.419225077] [amcl]: Received a 2492 X 2347 map @ 0.050 m/pix
[amcl-2] [INFO] [1775696513.399689276] [amcl]: Received a 2492 X 2347 map @ 0.050 m/pix
[amcl-2] [INFO] [1775696514.498143325] [amcl]: Message Filter dropping message: frame 'laser' at time 1775696513.364 for reason 'the timestamp on the message is earlier than all the data in the transform cache'
[amcl-2] [INFO] [1775696518.407480009] [amcl]: Received a 2492 X 2347 map @ 0.050 m/pix
[amcl-2] [INFO] [1775696523.417076291] [amcl]: Received a 2478 X 2228 map @ 0.050 m/pix
[amcl-2] [INFO] [1775696528.386890643] [amcl]: Received a 2478 X 2228 map @ 0.050 m/pix
[amcl-2] [INFO] [1775696533.393921898] [amcl]: Received a 2478 X 2228 map @ 0.050 m/pix
[amcl-2] [INFO] [1775696538.415913906] [amcl]: Received a 2478 X 2228 map @ 0.050 m/pix
[amcl-2] [INFO] [1775696543.408775036] [amcl]: Received a 2478 X 2228 map @ 0.050 m/pix
[amcl-2] [INFO] [1775696548.398423563] [amcl]: Received a 2478 X 2228 map @ 0.050 m/pix
[amcl-2] [INFO] [1775696553.372930032] [amcl]: Received a 2478 X 2228 map @ 0.050 m/pix
[amcl-2] [INFO] [1775696558.406559632] [amcl]: Received a 2478 X 2228 map @ 0.050 m/pix
[amcl-2] [INFO] [1775696563.467228303] [amcl]: Received a 2478 X 2228 map @ 0.050 m/pix
[amcl-2] [INFO] [1775696568.416870632] [amcl]: Received a 2478 X 2228 map @ 0.050 m/pix
[amcl-2] [INFO] [1775696569.595961736] [amcl]: Message Filter dropping message: frame 'laser' at time 1775696568.461 for reason 'the timestamp on the message is earlier than all the data in the transform cache'
[amcl-2] [INFO] [1775696573.396832924] [amcl]: Received a 2478 X 2228 map @ 0.050 m/pix
[amcl-2] [INFO] [1775696578.373575342] [amcl]: Received a 2478 X 2228 map @ 0.050 m/pix
[amcl-2] [INFO] [1775696583.417671362] [amcl]: Received a 2478 X 2228 map @ 0.050 m/pix
[amcl-2] [INFO] [1775696588.441534559] [amcl]: Received a 2478 X 2228 map @ 0.050 m/pix
[amcl-2] [INFO] [1775696593.401666795] [amcl]: Received a 2478 X 2228 map @ 0.050 m/pix
[amcl-2] [INFO] [1775696598.418369027] [amcl]: Received a 2478 X 2228 map @ 0.050 m/pix
[amcl-2] [INFO] [1775696603.410704294] [amcl]: Received a 2478 X 2228 map @ 0.050 m/pix
[amcl-2] [INFO] [1775696608.415080773] [amcl]: Received a 2478 X 2228 map @ 0.050 m/pix
[amcl-2] [INFO] [1775696613.420200179] [amcl]: Received a 2478 X 2228 map @ 0.050 m/pix
[amcl-2] [INFO] [1775696618.401860116] [amcl]: Received a 2478 X 2228 map @ 0.050 m/pix
[amcl-2] [INFO] [1775696623.391947967] [amcl]: Received a 2478 X 2228 map @ 0.050 m/pix
[amcl-2] [INFO] [1775696628.398048491] [amcl]: Received a 2478 X 2228 map @ 0.050 m/pix
[amcl-2] [INFO] [1775696633.396240143] [amcl]: Received a 2478 X 2228 map @ 0.050 m/pix
[amcl-2] [INFO] [1775696638.467921880] [amcl]: Received a 2478 X 2228 map @ 0.050 m/pix
[amcl-2] [INFO] [1775696643.435862614] [amcl]: Received a 2478 X 2228 map @ 0.050 m/pix
[amcl-2] [INFO] [1775696648.400086796] [amcl]: Received a 2478 X 2228 map @ 0.050 m/pix
[amcl-2] [INFO] [1775696653.394915020] [amcl]: Received a 2478 X 2228 map @ 0.050 m/pix
[amcl-2] [INFO] [1775696658.390840244] [amcl]: Received a 2478 X 2228 map @ 0.050 m/pix
[amcl-2] [INFO] [1775696663.478597449] [amcl]: Received a 2478 X 2228 map @ 0.050 m/pix
[amcl-2] [INFO] [1775696668.401596801] [amcl]: Received a 2478 X 2228 map @ 0.050 m/pix
[amcl-2] [INFO] [1775696673.407932838] [amcl]: Received a 2478 X 2228 map @ 0.050 m/pix
[amcl-2] [INFO] [1775696678.386522713] [amcl]: Received a 2478 X 2228 map @ 0.050 m/pix
[amcl-2] [INFO] [1775696683.388543705] [amcl]: Received a 2478 X 2228 map @ 0.050 m/pix
[amcl-2] [INFO] [1775696688.420032283] [amcl]: Received a 2478 X 2228 map @ 0.050 m/pix
[amcl-2] [INFO] [1775696689.509213669] [amcl]: Message Filter dropping message: frame 'laser' at time 1775696688.373 for reason 'the timestamp on the message is earlier than all the data in the transform cache'
[amcl-2] [INFO] [1775696693.418194767] [amcl]: Received a 2478 X 2228 map @ 0.050 m/pix
[amcl-2] [INFO] [1775696698.446284450] [amcl]: Received a 2478 X 2228 map @ 0.050 m/pix
[amcl-2] [INFO] [1775696703.391875467] [amcl]: Received a 2478 X 2228 map @ 0.050 m/pix
[amcl-2] [INFO] [1775696708.414740050] [amcl]: Received a 2478 X 2228 map @ 0.050 m/pix
[amcl-2] [INFO] [1775696713.384478965] [amcl]: Received a 2478 X 2228 map @ 0.050 m/pix
[amcl-2] [INFO] [1775696718.394476288] [amcl]: Received a 2478 X 2228 map @ 0.050 m/pix
[amcl-2] [INFO] [1775696719.576234994] [amcl]: Message Filter dropping message: frame 'laser' at time 1775696718.441 for reason 'the timestamp on the message is earlier than all the data in the transform cache'
[amcl-2] [INFO] [1775696723.412056817] [amcl]: Received a 2478 X 2228 map @ 0.050 m/pix
[amcl-2] [INFO] [1775696728.398714232] [amcl]: Received a 2478 X 2228 map @ 0.050 m/pix
[amcl-2] [INFO] [1775696733.401707810] [amcl]: Received a 2478 X 2228 map @ 0.050 m/pix
[amcl-2] [INFO] [1775696738.461312609] [amcl]: Received a 2478 X 2228 map @ 0.050 m/pix
[amcl-2] [INFO] [1775696743.383646797] [amcl]: Received a 2478 X 2228 map @ 0.050 m/pix
[amcl-2] [INFO] [1775696748.445129546] [amcl]: Received a 2478 X 2228 map @ 0.050 m/pix
[amcl-2] [INFO] [1775696753.384342885] [amcl]: Received a 2478 X 2228 map @ 0.050 m/pix
[amcl-2] [INFO] [1775696758.386852395] [amcl]: Received a 2478 X 2228 map @ 0.050 m/pix
[amcl-2] [INFO] [1775696763.394558704] [amcl]: Received a 2478 X 2228 map @ 0.050 m/pix
[amcl-2] [INFO] [1775696764.518316959] [amcl]: Message Filter dropping message: frame 'laser' at time 1775696763.384 for reason 'the timestamp on the message is earlier than all the data in the transform cache'
[amcl-2] [INFO] [1775696768.411380194] [amcl]: Received a 2478 X 2228 map @ 0.050 m/pix
[amcl-2] [INFO] [1775696773.384570925] [amcl]: Received a 2478 X 2228 map @ 0.050 m/pix
[amcl-2] [INFO] [1775696778.383804564] [amcl]: Received a 2478 X 2228 map @ 0.050 m/pix
[amcl-2] [INFO] [1775696783.413556400] [amcl]: Received a 2478 X 2228 map @ 0.050 m/pix
[amcl-2] [INFO] [1775696788.405414595] [amcl]: Received a 2478 X 2228 map @ 0.050 m/pix
[amcl-2] [INFO] [1775696793.435954350] [amcl]: Received a 2478 X 2228 map @ 0.050 m/pix
[amcl-2] [INFO] [1775696798.420062022] [amcl]: Received a 2478 X 2228 map @ 0.050 m/pix
[amcl-2] [INFO] [1775696803.426852892] [amcl]: Received a 2478 X 2228 map @ 0.050 m/pix
[amcl-2] [INFO] [1775696808.458003571] [amcl]: Received a 2478 X 2228 map @ 0.050 m/pix
[amcl-2] [INFO] [1775696813.509985589] [amcl]: Received a 2478 X 2228 map @ 0.050 m/pix
[amcl-2] [INFO] [1775696818.433943912] [amcl]: Received a 2478 X 2228 map @ 0.050 m/pix
[amcl-2] [INFO] [1775696823.408576992] [amcl]: Received a 2478 X 2228 map @ 0.050 m/pix
[amcl-2] [INFO] [1775696828.399236958] [amcl]: Received a 2478 X 2228 map @ 0.050 m/pix
[amcl-2] [INFO] [1775696833.379654091] [amcl]: Received a 2478 X 2228 map @ 0.050 m/pix
[amcl-2] [INFO] [1775696838.404403017] [amcl]: Received a 2478 X 2228 map @ 0.050 m/pix
[amcl-2] [INFO] [1775696843.400310635] [amcl]: Received a 2478 X 2228 map @ 0.050 m/pix
[amcl-2] [INFO] [1775696848.386648978] [amcl]: Received a 2478 X 2228 map @ 0.050 m/pix
[amcl-2] [INFO] [1775696853.385034387] [amcl]: Received a 2478 X 2228 map @ 0.050 m/pix
[amcl-2] [INFO] [1775696858.401665000] [amcl]: Received a 2478 X 2228 map @ 0.050 m/pix
[amcl-2] [INFO] [1775696863.401232683] [amcl]: Received a 2478 X 2228 map @ 0.050 m/pix
[amcl-2] [INFO] [1775696868.401399403] [amcl]: Received a 2478 X 2228 map @ 0.050 m/pix
[amcl-2] [INFO] [1775696873.420326466] [amcl]: Received a 2478 X 2228 map @ 0.050 m/pix
[amcl-2] [INFO] [1775696878.391307803] [amcl]: Received a 2478 X 2228 map @ 0.050 m/pix
[amcl-2] [INFO] [1775696883.403134722] [amcl]: Received a 2478 X 2228 map @ 0.050 m/pix
[amcl-2] [INFO] [1775696888.414102822] [amcl]: Received a 2478 X 2228 map @ 0.050 m/pix
[amcl-2] [INFO] [1775696893.406457237] [amcl]: Received a 2478 X 2228 map @ 0.050 m/pix
[amcl-2] [INFO] [1775696898.440304074] [amcl]: Received a 2478 X 2228 map @ 0.050 m/pix
[amcl-2] [INFO] [1775696903.401935472] [amcl]: Received a 2478 X 2228 map @ 0.050 m/pix
[amcl-2] [INFO] [1775696908.395302251] [amcl]: Received a 2478 X 2228 map @ 0.050 m/pix
[amcl-2] [INFO] [1775696913.438703801] [amcl]: Received a 2478 X 2228 map @ 0.050 m/pix
[amcl-2] [INFO] [1775696918.530812506] [amcl]: Received a 2478 X 2228 map @ 0.050 m/pix
[amcl-2] [INFO] [1775696923.400383569] [amcl]: Received a 2478 X 2228 map @ 0.050 m/pix
[amcl-2] [INFO] [1775696928.476722248] [amcl]: Received a 2478 X 2228 map @ 0.050 m/pix
[amcl-2] [INFO] [1775696933.775183073] [amcl]: Received a 2478 X 2228 map @ 0.050 m/pix
[amcl-2] [INFO] [1775696939.819415741] [amcl]: Received a 2478 X 2228 map @ 0.050 m/pix
[amcl-2] [INFO] [1775696944.669821472] [amcl]: Received a 2478 X 2228 map @ 0.050 m/pix
[amcl-2] [INFO] [1775696949.291125649] [amcl]: Received a 2478 X 2228 map @ 0.050 m/pix
[amcl-2] [INFO] [1775696953.420213268] [amcl]: Received a 2478 X 2228 map @ 0.050 m/pix
[amcl-2] [INFO] [1775696959.189358749] [amcl]: Activating
[amcl-2] [INFO] [1775696959.189475809] [amcl]: Creating bond (amcl) to lifecycle manager.
[amcl-2] [INFO] [1775696959.312128696] [amcl]: createLaserObject
[amcl-2] [ERROR] [1775696983.152037524] [amcl]: Couldn't determine robot's pose associated with laser scan
[amcl-2] [INFO] [1775696983.155754429] [amcl]: Received a 2478 X 2228 map @ 0.050 m/pix
[amcl-2] [INFO] [1775696983.684668906] [amcl]: createLaserObject
[amcl-2] [ERROR] [1775697007.388339339] [amcl]: Couldn't determine robot's pose associated with laser scan
[amcl-2] [INFO] [1775697007.396477683] [amcl]: Received a 2478 X 2228 map @ 0.050 m/pix
[amcl-2] [INFO] [1775697007.817006521] [amcl]: createLaserObject
[amcl-2] [ERROR] [1775697034.329973885] [amcl]: Couldn't determine robot's pose associated with laser scan
[amcl-2] [INFO] [1775697034.330198565] [amcl]: Received a 2478 X 2228 map @ 0.050 m/pix
[amcl-2] [INFO] [1775697034.846165104] [amcl]: createLaserObject
[amcl-2] [ERROR] [1775697062.334230467] [amcl]: Couldn't determine robot's pose associated with laser scan
[amcl-2] [INFO] [1775697062.338946218] [amcl]: Received a 2478 X 2228 map @ 0.050 m/pix
[amcl-2] [INFO] [1775697062.777471078] [amcl]: createLaserObject
[amcl-2] [ERROR] [1775697091.608265503] [amcl]: Couldn't determine robot's pose associated with laser scan
[amcl-2] [INFO] [1775697091.983961443] [amcl]: Received a 2478 X 2228 map @ 0.050 m/pix
[amcl-2] [INFO] [1775697092.407401560] [amcl]: createLaserObject
[amcl-2] [ERROR] [1775697125.831670586] [amcl]: Couldn't determine robot's pose associated with laser scan
[amcl-2] [INFO] [1775697125.836872715] [amcl]: Received a 2478 X 2228 map @ 0.050 m/pix
[amcl-2] [INFO] [1775697126.295061341] [amcl]: createLaserObject
[amcl-2] [ERROR] [1775697157.838736219] [amcl]: Couldn't determine robot's pose associated with laser scan
[amcl-2] [INFO] [1775697157.838976067] [amcl]: Received a 2478 X 2228 map @ 0.050 m/pix
[amcl-2] [INFO] [1775697158.293387102] [amcl]: createLaserObject
[amcl-2] [ERROR] [1775697188.625977274] [amcl]: Couldn't determine robot's pose associated with laser scan
[amcl-2] [INFO] [1775697188.634314702] [amcl]: Received a 2478 X 2228 map @ 0.050 m/pix
[amcl-2] [INFO] [1775697189.182705097] [amcl]: createLaserObject
[amcl-2] [ERROR] [1775697217.375487482] [amcl]: Couldn't determine robot's pose associated with laser scan
[amcl-2] [INFO] [1775697217.390455618] [amcl]: Received a 2478 X 2228 map @ 0.050 m/pix
[amcl-2] [INFO] [1775697217.758837734] [amcl]: createLaserObject
[amcl-2] [ERROR] [1775697247.127767454] [amcl]: Couldn't determine robot's pose associated with laser scan
[amcl-2] [INFO] [1775697247.139524696] [amcl]: Received a 2478 X 2228 map @ 0.050 m/pix
[amcl-2] [INFO] [1775697247.498067268] [amcl]: createLaserObject
[amcl-2] [ERROR] [1775697280.144473554] [amcl]: Couldn't determine robot's pose associated with laser scan
[amcl-2] [INFO] [1775697280.149279306] [amcl]: Received a 2478 X 2228 map @ 0.050 m/pix
[amcl-2] [INFO] [1775697280.581000649] [amcl]: createLaserObject
[amcl-2] [ERROR] [1775697311.138531908] [amcl]: Couldn't determine robot's pose associated with laser scan
[amcl-2] [INFO] [1775697311.149673505] [amcl]: Received a 2478 X 2228 map @ 0.050 m/pix
[amcl-2] [INFO] [1775697311.503302120] [amcl]: Received a 2478 X 2228 map @ 0.050 m/pix
[amcl-2] [INFO] [1775697311.913908233] [amcl]: createLaserObject
[amcl-2] [INFO] [1775697342.689060105] [amcl]: Received a 2478 X 2228 map @ 0.050 m/pix
[amcl-2] [INFO] [1775697342.705599209] [amcl]: Message Filter dropping message: frame 'laser' at time 1775697310.362 for reason 'the timestamp on the message is earlier than all the data in the transform cache'
[amcl-2] [INFO] [1775697343.081958062] [amcl]: createLaserObject
[amcl-2] [INFO] [1775697371.492691103] [amcl]: Received a 2478 X 2228 map @ 0.050 m/pix
[amcl-2] [INFO] [1775697371.510859243] [amcl]: Message Filter dropping message: frame 'laser' at time 1775697310.768 for reason 'the timestamp on the message is earlier than all the data in the transform cache'
[amcl-2] [INFO] [1775697371.880221666] [amcl]: createLaserObject
[amcl-2] [INFO] [1775697397.619673471] [amcl]: Received a 2478 X 2228 map @ 0.050 m/pix
[amcl-2] [INFO] [1775697397.635227863] [amcl]: Message Filter dropping message: frame 'laser' at time 1775697311.160 for reason 'the timestamp on the message is earlier than all the data in the transform cache'
[amcl-2] [INFO] [1775697397.995348111] [amcl]: Received a 2478 X 2228 map @ 0.050 m/pix
[amcl-2] [INFO] [1775697400.045949904] [amcl]: Received a 2478 X 2228 map @ 0.050 m/pix
[amcl-2] [INFO] [1775697400.363907710] [amcl]: createLaserObject
[amcl-2] [INFO] [1775697426.443320649] [amcl]: Received a 2478 X 2228 map @ 0.050 m/pix
[amcl-2] [INFO] [1775697426.443530767] [amcl]: Message Filter dropping message: frame 'laser' at time 1775697399.678 for reason 'the timestamp on the message is earlier than all the data in the transform cache'
[amcl-2] [INFO] [1775697427.087675901] [amcl]: createLaserObject
[amcl-2] [INFO] [1775697457.776793211] [amcl]: Received a 2478 X 2228 map @ 0.050 m/pix
[amcl-2] [INFO] [1775697457.790190122] [amcl]: Message Filter dropping message: frame 'laser' at time 1775697424.685 for reason 'the timestamp on the message is earlier than all the data in the transform cache'
[amcl-2] [INFO] [1775697459.731191560] [amcl]: Received a 2478 X 2228 map @ 0.050 m/pix
[amcl-2] [INFO] [1775697460.426201461] [amcl]: Received a 2478 X 2228 map @ 0.050 m/pix
[amcl-2] [INFO] [1775697460.788613109] [amcl]: createLaserObject
[amcl-2] [INFO] [1775697489.255695961] [amcl]: Received a 2478 X 2228 map @ 0.050 m/pix
[amcl-2] [INFO] [1775697489.581618504] [amcl]: createLaserObject
[amcl-2] [INFO] [1775697516.655159088] [amcl]: Received a 2478 X 2228 map @ 0.050 m/pix
[amcl-2] [INFO] [1775697516.655409815] [amcl]: Message Filter dropping message: frame 'laser' at time 1775697460.082 for reason 'the timestamp on the message is earlier than all the data in the transform cache'
[amcl-2] [INFO] [1775697517.093841945] [amcl]: createLaserObject
[amcl-2] [INFO] [1775697548.931856885] [amcl]: Message Filter dropping message: frame 'laser' at time 1775697515.967 for reason 'the timestamp on the message is earlier than all the data in the transform cache'
[amcl-2] [INFO] [1775697548.933232317] [amcl]: Received a 2478 X 2228 map @ 0.050 m/pix
[amcl-2] [INFO] [1775697549.588918158] [amcl]: Received a 2478 X 2228 map @ 0.050 m/pix
[amcl-2] [INFO] [1775697550.180937414] [amcl]: Received a 2478 X 2228 map @ 0.050 m/pix
[amcl-2] [INFO] [1775697551.449596514] [amcl]: Message Filter dropping message: frame 'laser' at time 1775697550.307 for reason 'the timestamp on the message is earlier than all the data in the transform cache'
[amcl-2] [INFO] [1775697552.886555106] [amcl]: createLaserObject
[amcl-2] [INFO] [1775697583.945982068] [amcl]: Received a 2478 X 2228 map @ 0.050 m/pix
[amcl-2] [INFO] [1775697583.961550804] [amcl]: Message Filter dropping message: frame 'laser' at time 1775697551.904 for reason 'the timestamp on the message is earlier than all the data in the transform cache'
[amcl-2] [INFO] [1775697584.454829405] [amcl]: createLaserObject
[amcl-2] [INFO] [1775697614.109958393] [amcl]: Received a 2478 X 2228 map @ 0.050 m/pix
[amcl-2] [INFO] [1775697614.110101053] [amcl]: Message Filter dropping message: frame 'laser' at time 1775697552.582 for reason 'the timestamp on the message is earlier than all the data in the transform cache'
[amcl-2] [INFO] [1775697614.668277980] [amcl]: createLaserObject
[amcl-2] [INFO] [1775697645.924245353] [amcl]: Received a 2478 X 2228 map @ 0.050 m/pix
[amcl-2] [INFO] [1775697645.935706798] [amcl]: Message Filter dropping message: frame 'laser' at time 1775697552.838 for reason 'the timestamp on the message is earlier than all the data in the transform cache'
[amcl-2] [INFO] [1775697647.323418059] [amcl]: Received a 2478 X 2228 map @ 0.050 m/pix
[amcl-2] [INFO] [1775697648.649836404] [amcl]: Message Filter dropping message: frame 'laser' at time 1775697647.497 for reason 'the timestamp on the message is earlier than all the data in the transform cache'
[amcl-2] [INFO] [1775697651.318637225] [amcl]: Message Filter dropping message: frame 'laser' at time 1775697650.161 for reason 'the timestamp on the message is earlier than all the data in the transform cache'
[amcl-2] [INFO] [1775697653.852654412] [amcl]: Message Filter dropping message: frame 'laser' at time 1775697652.692 for reason 'the timestamp on the message is earlier than all the data in the transform cache'
[amcl-2] [INFO] [1775697656.373964127] [amcl]: Message Filter dropping message: frame 'laser' at time 1775697655.222 for reason 'the timestamp on the message is earlier than all the data in the transform cache'
[amcl-2] [INFO] [1775697658.183882209] [amcl]: createLaserObject
[amcl-2] [INFO] [1775697689.509276649] [amcl]: Received a 2478 X 2228 map @ 0.050 m/pix
[amcl-2] [INFO] [1775697689.524439315] [amcl]: Message Filter dropping message: frame 'laser' at time 1775697657.346 for reason 'the timestamp on the message is earlier than all the data in the transform cache'
[amcl-2] [INFO] [1775697689.900261580] [amcl]: createLaserObject
[amcl-2] [INFO] [1775697717.963266332] [amcl]: Received a 2478 X 2228 map @ 0.050 m/pix
[amcl-2] [INFO] [1775697717.963914926] [amcl]: Message Filter dropping message: frame 'laser' at time 1775697688.200 for reason 'the timestamp on the message is earlier than all the data in the transform cache'
[amcl-2] [INFO] [1775697718.742337583] [amcl]: Received a 2478 X 2228 map @ 0.050 m/pix
[amcl-2] [INFO] [1775697719.536324896] [amcl]: createLaserObject
[amcl-2] [INFO] [1775697755.783190290] [amcl]: Received a 2478 X 2228 map @ 0.050 m/pix
[amcl-2] [INFO] [1775697755.802126591] [amcl]: Message Filter dropping message: frame 'laser' at time 1775697718.647 for reason 'the timestamp on the message is earlier than all the data in the transform cache'
[amcl-2] [INFO] [1775697756.743968693] [amcl]: createLaserObject
[amcl-2] [INFO] [1775697790.376432290] [amcl]: Received a 2479 X 2226 map @ 0.050 m/pix
[amcl-2] [INFO] [1775697790.378068207] [amcl]: Message Filter dropping message: frame 'laser' at time 1775697754.400 for reason 'the timestamp on the message is earlier than all the data in the transform cache'
[amcl-2] [INFO] [1775697791.338930768] [amcl]: Received a 2479 X 2226 map @ 0.050 m/pix
[amcl-2] [INFO] [1775697792.872224928] [amcl]: createLaserObject
[amcl-2] [INFO] [1775697818.783424287] [amcl]: Received a 2479 X 2226 map @ 0.050 m/pix
[amcl-2] [INFO] [1775697818.798285527] [amcl]: Message Filter dropping message: frame 'laser' at time 1775697791.873 for reason 'the timestamp on the message is earlier than all the data in the transform cache'
[amcl-2] [INFO] [1775697819.121913470] [amcl]: Received a 2479 X 2226 map @ 0.050 m/pix
[amcl-2] [INFO] [1775697820.079661803] [amcl]: Received a 2479 X 2226 map @ 0.050 m/pix
[amcl-2] [INFO] [1775697821.317007616] [amcl]: Message Filter dropping message: frame 'laser' at time 1775697820.172 for reason 'the timestamp on the message is earlier than all the data in the transform cache'
[amcl-2] [INFO] [1775697823.867018503] [amcl]: Message Filter dropping message: frame 'laser' at time 1775697822.702 for reason 'the timestamp on the message is earlier than all the data in the transform cache'
[amcl-2] [INFO] [1775697825.960984169] [amcl]: createLaserObject
[amcl-2] [INFO] [1775697856.236571967] [amcl]: Received a 2479 X 2226 map @ 0.050 m/pix
[amcl-2] [INFO] [1775697856.258675386] [amcl]: Message Filter dropping message: frame 'laser' at time 1775697825.489 for reason 'the timestamp on the message is earlier than all the data in the transform cache'
[amcl-2] [INFO] [1775697856.688174002] [amcl]: createLaserObject
[amcl-2] [INFO] [1775697883.909059721] [amcl]: Received a 2480 X 2224 map @ 0.050 m/pix
[amcl-2] [INFO] [1775697883.911877909] [amcl]: Message Filter dropping message: frame 'laser' at time 1775697854.451 for reason 'the timestamp on the message is earlier than all the data in the transform cache'
[amcl-2] [INFO] [1775697884.902883297] [amcl]: Received a 2480 X 2224 map @ 0.050 m/pix
[amcl-2] [INFO] [1775697886.416550956] [amcl]: Message Filter dropping message: frame 'laser' at time 1775697885.267 for reason 'the timestamp on the message is earlier than all the data in the transform cache'
[amcl-2] [INFO] [1775697889.220311192] [amcl]: Message Filter dropping message: frame 'laser' at time 1775697888.056 for reason 'the timestamp on the message is earlier than all the data in the transform cache'
[amcl-2] [INFO] [1775697890.474291497] [amcl]: createLaserObject
[amcl-2] [INFO] [1775697919.838581830] [amcl]: Received a 2480 X 2224 map @ 0.050 m/pix
[amcl-2] [INFO] [1775697919.851065271] [amcl]: Message Filter dropping message: frame 'laser' at time 1775697889.516 for reason 'the timestamp on the message is earlier than all the data in the transform cache'
[amcl-2] [INFO] [1775697921.276282532] [amcl]: createLaserObject
[amcl-2] [INFO] [1775697955.206150420] [amcl]: Received a 2480 X 2224 map @ 0.050 m/pix
[amcl-2] [INFO] [1775697955.220517078] [amcl]: Message Filter dropping message: frame 'laser' at time 1775697920.738 for reason 'the timestamp on the message is earlier than all the data in the transform cache'
[amcl-2] [INFO] [1775697955.952772724] [amcl]: createLaserObject
[amcl-2] [INFO] [1775697984.526631073] [amcl]: Received a 2480 X 2224 map @ 0.050 m/pix
[amcl-2] [INFO] [1775697984.543702378] [amcl]: Message Filter dropping message: frame 'laser' at time 1775697953.543 for reason 'the timestamp on the message is earlier than all the data in the transform cache'
[amcl-2] [INFO] [1775697985.572204474] [amcl]: createLaserObject
[amcl-2] [INFO] [1775698015.131867449] [amcl]: Received a 2480 X 2224 map @ 0.050 m/pix
[amcl-2] [INFO] [1775698015.966922046] [amcl]: createLaserObject
[amcl-2] [INFO] [1775698044.829352232] [amcl]: Received a 2480 X 2224 map @ 0.050 m/pix
[amcl-2] [INFO] [1775698045.533340934] [amcl]: createLaserObject
[amcl-2] [INFO] [1775698075.318225030] [amcl]: initialPoseReceived
[amcl-2] [INFO] [1775698075.318396458] [amcl]: Message Filter dropping message: frame 'laser' at time 1775697985.158 for reason 'the timestamp on the message is earlier than all the data in the transform cache'
[amcl-2] [WARN] [1775698075.318417579] [amcl]: Failed to transform initial pose in time (Lookup would require extrapolation into the future.  Requested time 1775698075.318344 but the latest data is at time 1775697985.087482, when looking up transform from frame [base_footprint] to frame [odom])
[amcl-2] [INFO] [1775698075.318554446] [amcl]: Setting pose (1775698075.318552): 0.000 0.000 0.000
[amcl-2] [INFO] [1775698075.981120326] [amcl]: Received a 2480 X 2224 map @ 0.050 m/pix
[amcl-2] [INFO] [1775698078.280656555] [amcl]: Message Filter dropping message: frame 'laser' at time 1775698077.114 for reason 'the timestamp on the message is earlier than all the data in the transform cache'
[amcl-2] [INFO] [1775698080.786041422] [amcl]: Message Filter dropping message: frame 'laser' at time 1775698079.634 for reason 'the timestamp on the message is earlier than all the data in the transform cache'
[amcl-2] [INFO] [1775698081.733751612] [amcl]: Received a 2480 X 2224 map @ 0.050 m/pix
[amcl-2] [INFO] [1775698083.469294982] [amcl]: Message Filter dropping message: frame 'laser' at time 1775698082.297 for reason 'the timestamp on the message is earlier than all the data in the transform cache'
[amcl-2] [INFO] [1775698086.369936966] [amcl]: Message Filter dropping message: frame 'laser' at time 1775698085.221 for reason 'the timestamp on the message is earlier than all the data in the transform cache'
[amcl-2] [INFO] [1775698088.920651747] [amcl]: Message Filter dropping message: frame 'laser' at time 1775698087.738 for reason 'the timestamp on the message is earlier than all the data in the transform cache'
[amcl-2] [INFO] [1775698089.330942062] [amcl]: Received a 2480 X 2224 map @ 0.050 m/pix
[amcl-2] [INFO] [1775698091.349205582] [amcl]: Received a 2480 X 2224 map @ 0.050 m/pix
[amcl-2] [INFO] [1775698091.797935375] [amcl]: Message Filter dropping message: frame 'laser' at time 1775698090.661 for reason 'the timestamp on the message is earlier than all the data in the transform cache'
[amcl-2] [INFO] [1775698094.369644722] [amcl]: Message Filter dropping message: frame 'laser' at time 1775698093.191 for reason 'the timestamp on the message is earlier than all the data in the transform cache'
[amcl-2] [INFO] [1775698097.012425307] [amcl]: Message Filter dropping message: frame 'laser' at time 1775698095.844 for reason 'the timestamp on the message is earlier than all the data in the transform cache'
