[INFO] [launch]: All log files can be found below /home/jetson/.ros/log/2026-04-06-02-27-43-049683-chandan-45084
[INFO] [launch]: Default logging verbosity is set to INFO
[INFO] [controller_server-1]: process started with pid [45092]
[INFO] [smoother_server-2]: process started with pid [45094]
[INFO] [planner_server-3]: process started with pid [45096]
[INFO] [behavior_server-4]: process started with pid [45098]
[INFO] [bt_navigator-5]: process started with pid [45100]
[INFO] [waypoint_follower-6]: process started with pid [45102]
[INFO] [velocity_smoother-7]: process started with pid [45110]
[INFO] [lifecycle_manager-8]: process started with pid [45131]
[smoother_server-2] [INFO] [1775413663.998265489] [smoother_server]: 
[smoother_server-2] 	smoother_server lifecycle node launched. 
[smoother_server-2] 	Waiting on external lifecycle transitions to activate
[smoother_server-2] 	See https://design.ros2.org/articles/node_lifecycle.html for more information.
[smoother_server-2] [INFO] [1775413664.049227396] [smoother_server]: Creating smoother server
[waypoint_follower-6] [INFO] [1775413664.593948274] [waypoint_follower]: 
[waypoint_follower-6] 	waypoint_follower lifecycle node launched. 
[waypoint_follower-6] 	Waiting on external lifecycle transitions to activate
[waypoint_follower-6] 	See https://design.ros2.org/articles/node_lifecycle.html for more information.
[waypoint_follower-6] [INFO] [1775413664.595353052] [waypoint_follower]: Creating
[behavior_server-4] [INFO] [1775413664.660106219] [behavior_server]: 
[behavior_server-4] 	behavior_server lifecycle node launched. 
[behavior_server-4] 	Waiting on external lifecycle transitions to activate
[behavior_server-4] 	See https://design.ros2.org/articles/node_lifecycle.html for more information.
[controller_server-1] [INFO] [1775413664.757558453] [controller_server]: 
[controller_server-1] 	controller_server lifecycle node launched. 
[controller_server-1] 	Waiting on external lifecycle transitions to activate
[controller_server-1] 	See https://design.ros2.org/articles/node_lifecycle.html for more information.
[controller_server-1] [INFO] [1775413664.966946952] [controller_server]: Creating controller server
[bt_navigator-5] [INFO] [1775413665.026817208] [bt_navigator]: 
[bt_navigator-5] 	bt_navigator lifecycle node launched. 
[bt_navigator-5] 	Waiting on external lifecycle transitions to activate
[bt_navigator-5] 	See https://design.ros2.org/articles/node_lifecycle.html for more information.
[lifecycle_manager-8] [INFO] [1775413665.038715848] [lifecycle_manager_navigation]: Creating
[planner_server-3] [INFO] [1775413665.061113118] [planner_server]: 
[planner_server-3] 	planner_server lifecycle node launched. 
[planner_server-3] 	Waiting on external lifecycle transitions to activate
[planner_server-3] 	See https://design.ros2.org/articles/node_lifecycle.html for more information.
[lifecycle_manager-8] [INFO] [1775413665.075074332] [lifecycle_manager_navigation]: [34m[1mCreating and initializing lifecycle service clients[0m[0m
[bt_navigator-5] [INFO] [1775413665.130473136] [bt_navigator]: Creating
[planner_server-3] [INFO] [1775413665.182620142] [planner_server]: Creating
[velocity_smoother-7] [INFO] [1775413665.702678579] [velocity_smoother]: 
[velocity_smoother-7] 	velocity_smoother lifecycle node launched. 
[velocity_smoother-7] 	Waiting on external lifecycle transitions to activate
[velocity_smoother-7] 	See https://design.ros2.org/articles/node_lifecycle.html for more information.
[lifecycle_manager-8] [INFO] [1775413667.267487725] [lifecycle_manager_navigation]: Waiting for service controller_server/get_state...
[controller_server-1] [INFO] [1775413668.479111115] [local_costmap.local_costmap]: 
[controller_server-1] 	local_costmap lifecycle node launched. 
[controller_server-1] 	Waiting on external lifecycle transitions to activate
[controller_server-1] 	See https://design.ros2.org/articles/node_lifecycle.html for more information.
[controller_server-1] [INFO] [1775413668.502383754] [local_costmap.local_costmap]: Creating Costmap
[planner_server-3] [INFO] [1775413668.527522327] [global_costmap.global_costmap]: 
[planner_server-3] 	global_costmap lifecycle node launched. 
[planner_server-3] 	Waiting on external lifecycle transitions to activate
[planner_server-3] 	See https://design.ros2.org/articles/node_lifecycle.html for more information.
[planner_server-3] [INFO] [1775413668.546401177] [global_costmap.global_costmap]: Creating Costmap
[lifecycle_manager-8] [INFO] [1775413669.268792681] [lifecycle_manager_navigation]: Waiting for service controller_server/get_state...
[lifecycle_manager-8] [INFO] [1775413670.740622328] [lifecycle_manager_navigation]: [34m[1mStarting managed nodes bringup...[0m[0m
[lifecycle_manager-8] [INFO] [1775413670.740830105] [lifecycle_manager_navigation]: [34m[1mConfiguring controller_server[0m[0m
[controller_server-1] [INFO] [1775413670.743996207] [controller_server]: Configuring controller interface
[controller_server-1] [INFO] [1775413670.744780693] [controller_server]: getting goal checker plugins..
[controller_server-1] [INFO] [1775413670.745519802] [controller_server]: Controller frequency set to 10.0000Hz
[controller_server-1] [INFO] [1775413670.745615034] [local_costmap.local_costmap]: Configuring
[controller_server-1] [INFO] [1775413670.796805375] [local_costmap.local_costmap]: Using plugin "obstacle_layer"
[controller_server-1] [INFO] [1775413670.807205768] [local_costmap.local_costmap]: Subscribed to Topics: scan
[controller_server-1] [INFO] [1775413670.828361179] [local_costmap.local_costmap]: Initialized plugin "obstacle_layer"
[controller_server-1] [INFO] [1775413670.828466940] [local_costmap.local_costmap]: Using plugin "inflation_layer"
[controller_server-1] [INFO] [1775413670.832167158] [local_costmap.local_costmap]: Initialized plugin "inflation_layer"
[controller_server-1] [INFO] [1775413670.915777053] [controller_server]: Created progress_checker : progress_checker of type nav2_controller::SimpleProgressChecker
[controller_server-1] [INFO] [1775413670.920919009] [controller_server]: Created goal checker : goal_checker of type nav2_controller::SimpleGoalChecker
[controller_server-1] [INFO] [1775413670.924220248] [controller_server]: Controller Server has goal_checker  goal checkers available.
[controller_server-1] [INFO] [1775413670.932294768] [controller_server]: Created controller : FollowPath of type dwb_core::DWBLocalPlanner
[controller_server-1] [INFO] [1775413670.948429216] [controller_server]: Setting transform_tolerance to 0.200000
[controller_server-1] [INFO] [1775413671.039059898] [controller_server]: Using critic "RotateToGoal" (dwb_critics::RotateToGoalCritic)
[controller_server-1] [INFO] [1775413671.048540573] [controller_server]: Critic plugin initialized
[controller_server-1] [INFO] [1775413671.050572075] [controller_server]: Using critic "Oscillation" (dwb_critics::OscillationCritic)
[controller_server-1] [INFO] [1775413671.057888414] [controller_server]: Critic plugin initialized
[controller_server-1] [INFO] [1775413671.059450857] [controller_server]: Using critic "BaseObstacle" (dwb_critics::BaseObstacleCritic)
[controller_server-1] [INFO] [1775413671.062220733] [controller_server]: Critic plugin initialized
[controller_server-1] [INFO] [1775413671.063607814] [controller_server]: Using critic "GoalAlign" (dwb_critics::GoalAlignCritic)
[controller_server-1] [INFO] [1775413671.071604127] [controller_server]: Critic plugin initialized
[controller_server-1] [INFO] [1775413671.073365579] [controller_server]: Using critic "PathAlign" (dwb_critics::PathAlignCritic)
[controller_server-1] [INFO] [1775413671.077839466] [controller_server]: Critic plugin initialized
[controller_server-1] [INFO] [1775413671.079212468] [controller_server]: Using critic "PathDist" (dwb_critics::PathDistCritic)
[controller_server-1] [INFO] [1775413671.081938087] [controller_server]: Critic plugin initialized
[controller_server-1] [INFO] [1775413671.083182288] [controller_server]: Using critic "GoalDist" (dwb_critics::GoalDistCritic)
[controller_server-1] [INFO] [1775413671.085484256] [controller_server]: Critic plugin initialized
[controller_server-1] [INFO] [1775413671.085559713] [controller_server]: Controller Server has FollowPath  controllers available.
[lifecycle_manager-8] [INFO] [1775413671.127791625] [lifecycle_manager_navigation]: [34m[1mConfiguring smoother_server[0m[0m
[smoother_server-2] [INFO] [1775413671.128479214] [smoother_server]: Configuring smoother server
[smoother_server-2] [INFO] [1775413671.200956139] [smoother_server]: Created smoother : simple_smoother of type nav2_smoother::SimpleSmoother
[smoother_server-2] [INFO] [1775413671.213362370] [smoother_server]: Smoother Server has simple_smoother  smoothers available.
[lifecycle_manager-8] [INFO] [1775413671.274855570] [lifecycle_manager_navigation]: [34m[1mConfiguring planner_server[0m[0m
[planner_server-3] [INFO] [1775413671.275610775] [planner_server]: Configuring
[planner_server-3] [INFO] [1775413671.275714840] [global_costmap.global_costmap]: Configuring
[planner_server-3] [INFO] [1775413671.322527201] [global_costmap.global_costmap]: Using plugin "static_layer"
[planner_server-3] [INFO] [1775413671.334685238] [global_costmap.global_costmap]: Subscribing to the map topic (/map) with transient local durability
[planner_server-3] [INFO] [1775413671.342791663] [global_costmap.global_costmap]: Initialized plugin "static_layer"
[planner_server-3] [INFO] [1775413671.344369338] [global_costmap.global_costmap]: Using plugin "obstacle_layer"
[planner_server-3] [INFO] [1775413671.350217731] [global_costmap.global_costmap]: Subscribed to Topics: scan
[planner_server-3] [INFO] [1775413671.379490801] [global_costmap.global_costmap]: Initialized plugin "obstacle_layer"
[planner_server-3] [INFO] [1775413671.381043739] [global_costmap.global_costmap]: Using plugin "inflation_layer"
[planner_server-3] [INFO] [1775413671.388249230] [global_costmap.global_costmap]: Initialized plugin "inflation_layer"
[planner_server-3] [INFO] [1775413671.462827290] [planner_server]: Created global planner plugin GridBased of type nav2_navfn_planner/NavfnPlanner
[planner_server-3] [INFO] [1775413671.464311396] [planner_server]: Configuring plugin GridBased of type NavfnPlanner
[planner_server-3] [INFO] [1775413671.468393217] [planner_server]: Planner Server has GridBased  planners available.
[planner_server-3] [INFO] [1775413671.474329226] [global_costmap.global_costmap]: StaticLayer: Resizing costmap to 185 X 172 at 0.050000 m/pix
[lifecycle_manager-8] [INFO] [1775413671.538776303] [lifecycle_manager_navigation]: [34m[1mConfiguring behavior_server[0m[0m
[behavior_server-4] [INFO] [1775413671.540686364] [behavior_server]: Configuring
[behavior_server-4] [INFO] [1775413671.631429114] [behavior_server]: Creating behavior plugin spin of type nav2_behaviors/Spin
[behavior_server-4] [INFO] [1775413671.633544521] [behavior_server]: Configuring spin
[behavior_server-4] [INFO] [1775413671.701596902] [behavior_server]: Creating behavior plugin backup of type nav2_behaviors/BackUp
[behavior_server-4] [INFO] [1775413671.703960503] [behavior_server]: Configuring backup
[behavior_server-4] [INFO] [1775413671.838986155] [behavior_server]: Creating behavior plugin drive_on_heading of type nav2_behaviors/DriveOnHeading
[behavior_server-4] [INFO] [1775413671.843951886] [behavior_server]: Configuring drive_on_heading
[behavior_server-4] [INFO] [1775413671.911872971] [behavior_server]: Creating behavior plugin assisted_teleop of type nav2_behaviors/AssistedTeleop
[behavior_server-4] [INFO] [1775413671.915695398] [behavior_server]: Configuring assisted_teleop
[behavior_server-4] [INFO] [1775413671.996906496] [behavior_server]: Creating behavior plugin wait of type nav2_behaviors/Wait
[behavior_server-4] [INFO] [1775413671.998776621] [behavior_server]: Configuring wait
[lifecycle_manager-8] [INFO] [1775413672.061246791] [lifecycle_manager_navigation]: [34m[1mConfiguring bt_navigator[0m[0m
[bt_navigator-5] [INFO] [1775413672.063427190] [bt_navigator]: Configuring
[lifecycle_manager-8] [INFO] [1775413672.412691229] [lifecycle_manager_navigation]: [34m[1mConfiguring waypoint_follower[0m[0m
[waypoint_follower-6] [INFO] [1775413672.414547050] [waypoint_follower]: Configuring
[waypoint_follower-6] [INFO] [1775413672.507014104] [waypoint_follower]: Created waypoint_task_executor : wait_at_waypoint of type nav2_waypoint_follower::WaitAtWaypoint
[waypoint_follower-6] [INFO] [1775413672.508825605] [waypoint_follower]: Waypoint pause duration is set to zero, disabling task executor plugin.
[lifecycle_manager-8] [INFO] [1775413672.511614296] [lifecycle_manager_navigation]: [34m[1mConfiguring velocity_smoother[0m[0m
[velocity_smoother-7] [INFO] [1775413672.512685024] [velocity_smoother]: Configuring velocity smoother
[lifecycle_manager-8] [INFO] [1775413672.558624549] [lifecycle_manager_navigation]: [34m[1mActivating controller_server[0m[0m
[controller_server-1] [INFO] [1775413672.559467243] [controller_server]: Activating
[controller_server-1] [INFO] [1775413672.559598380] [local_costmap.local_costmap]: Activating
[controller_server-1] [INFO] [1775413672.559640428] [local_costmap.local_costmap]: Checking transform
[controller_server-1] [INFO] [1775413672.559915758] [local_costmap.local_costmap]: start
[controller_server-1] [INFO] [1775413672.767188360] [controller_server]: Creating bond (controller_server) to lifecycle manager.
[lifecycle_manager-8] [INFO] [1775413672.893743175] [lifecycle_manager_navigation]: Server controller_server connected with bond.
[lifecycle_manager-8] [INFO] [1775413672.893921256] [lifecycle_manager_navigation]: [34m[1mActivating smoother_server[0m[0m
[smoother_server-2] [INFO] [1775413672.895193681] [smoother_server]: Activating
[smoother_server-2] [INFO] [1775413672.895332882] [smoother_server]: Creating bond (smoother_server) to lifecycle manager.
[controller_server-1] [INFO] [1775413672.960002140] [local_costmap.local_costmap]: Message Filter dropping message: frame 'laser' at time 1775413672.524 for reason 'the timestamp on the message is earlier than all the data in the transform cache'
[lifecycle_manager-8] [INFO] [1775413672.967181742] [lifecycle_manager_navigation]: Server smoother_server connected with bond.
[lifecycle_manager-8] [INFO] [1775413672.967375152] [lifecycle_manager_navigation]: [34m[1mActivating planner_server[0m[0m
[planner_server-3] [INFO] [1775413672.968659161] [planner_server]: Activating
[planner_server-3] [INFO] [1775413672.968813626] [global_costmap.global_costmap]: Activating
[planner_server-3] [INFO] [1775413672.968885498] [global_costmap.global_costmap]: Checking transform
[planner_server-3] [INFO] [1775413672.969079100] [global_costmap.global_costmap]: Timed out waiting for transform from base_footprint to map to become available, tf error: Lookup would require extrapolation into the past.  Requested time 1775413671.682432 but the earliest data is at time 1775413672.307180, when looking up transform from frame [base_footprint] to frame [map]
[planner_server-3] [INFO] [1775413673.469110724] [global_costmap.global_costmap]: Timed out waiting for transform from base_footprint to map to become available, tf error: Lookup would require extrapolation into the past.  Requested time 1775413671.682432 but the earliest data is at time 1775413672.307180, when looking up transform from frame [base_footprint] to frame [map]
[planner_server-3] [INFO] [1775413673.969242639] [global_costmap.global_costmap]: start
[planner_server-3] [INFO] [1775413674.975136542] [planner_server]: Activating plugin GridBased of type NavfnPlanner
[planner_server-3] [INFO] [1775413674.985410119] [planner_server]: Creating bond (planner_server) to lifecycle manager.
[lifecycle_manager-8] [INFO] [1775413675.113486084] [lifecycle_manager_navigation]: Server planner_server connected with bond.
[lifecycle_manager-8] [INFO] [1775413675.113660741] [lifecycle_manager_navigation]: [34m[1mActivating behavior_server[0m[0m
[behavior_server-4] [INFO] [1775413675.116416665] [behavior_server]: Activating
[behavior_server-4] [INFO] [1775413675.116544794] [behavior_server]: Activating spin
[behavior_server-4] [INFO] [1775413675.116605882] [behavior_server]: Activating backup
[behavior_server-4] [INFO] [1775413675.116649371] [behavior_server]: Activating drive_on_heading
[behavior_server-4] [INFO] [1775413675.116683579] [behavior_server]: Activating assisted_teleop
[behavior_server-4] [INFO] [1775413675.116711803] [behavior_server]: Activating wait
[behavior_server-4] [INFO] [1775413675.116749691] [behavior_server]: Creating bond (behavior_server) to lifecycle manager.
[lifecycle_manager-8] [INFO] [1775413675.254697120] [lifecycle_manager_navigation]: Server behavior_server connected with bond.
[lifecycle_manager-8] [INFO] [1775413675.254983138] [lifecycle_manager_navigation]: [34m[1mActivating bt_navigator[0m[0m
[bt_navigator-5] [INFO] [1775413675.256344684] [bt_navigator]: Activating
[bt_navigator-5] [INFO] [1775413675.672946990] [bt_navigator]: Creating bond (bt_navigator) to lifecycle manager.
[lifecycle_manager-8] [INFO] [1775413675.794225754] [lifecycle_manager_navigation]: Server bt_navigator connected with bond.
[lifecycle_manager-8] [INFO] [1775413675.794521180] [lifecycle_manager_navigation]: [34m[1mActivating waypoint_follower[0m[0m
[waypoint_follower-6] [INFO] [1775413675.795885190] [waypoint_follower]: Activating
[waypoint_follower-6] [INFO] [1775413675.796011847] [waypoint_follower]: Creating bond (waypoint_follower) to lifecycle manager.
[lifecycle_manager-8] [INFO] [1775413675.920036679] [lifecycle_manager_navigation]: Server waypoint_follower connected with bond.
[lifecycle_manager-8] [INFO] [1775413675.920405610] [lifecycle_manager_navigation]: [34m[1mActivating velocity_smoother[0m[0m
[velocity_smoother-7] [INFO] [1775413675.921777459] [velocity_smoother]: Activating
[velocity_smoother-7] [INFO] [1775413675.922006421] [velocity_smoother]: Creating bond (velocity_smoother) to lifecycle manager.
[lifecycle_manager-8] [INFO] [1775413676.052268485] [lifecycle_manager_navigation]: Server velocity_smoother connected with bond.
[lifecycle_manager-8] [INFO] [1775413676.052433606] [lifecycle_manager_navigation]: [34m[1mManaged nodes are active[0m[0m
[lifecycle_manager-8] [INFO] [1775413676.052481542] [lifecycle_manager_navigation]: [34m[1mCreating bond timer...[0m[0m
[planner_server-3] [WARN] [1775413700.356633068] [planner_server.rclcpp]: failed to send response to /planner_server/get_state (timeout): client will not receive response, at ./src/rmw_response.cpp:154, at ./src/rcl/service.c:314
[bt_navigator-5] [INFO] [1775413720.902225867] [bt_navigator]: Begin navigating from current location (0.03, 0.03) to (2.52, 3.04)
[planner_server-3] [WARN] [1775413720.904984965] [planner_server]: GridBased: failed to create plan with tolerance 0.85.
[planner_server-3] [WARN] [1775413720.905128454] [planner_server]: Planning algorithm GridBased failed to generate a valid path to (2.52, 3.04)
[planner_server-3] [WARN] [1775413720.905171174] [planner_server]: [compute_path_to_pose] [ActionServer] Aborting handle.
[planner_server-3] [INFO] [1775413720.923263088] [global_costmap.global_costmap]: Received request to clear entirely the global_costmap
[planner_server-3] [WARN] [1775413720.977020106] [planner_server]: GridBased: failed to create plan with tolerance 0.85.
[planner_server-3] [WARN] [1775413720.977657968] [planner_server]: Planning algorithm GridBased failed to generate a valid path to (2.52, 3.04)
[planner_server-3] [WARN] [1775413720.977725712] [planner_server]: [compute_path_to_pose] [ActionServer] Aborting handle.
[controller_server-1] [INFO] [1775413720.993091361] [local_costmap.local_costmap]: Received request to clear entirely the local_costmap
[planner_server-3] [INFO] [1775413720.994771696] [global_costmap.global_costmap]: Received request to clear entirely the global_costmap
[planner_server-3] [WARN] [1775413721.977221006] [planner_server]: GridBased: failed to create plan with tolerance 0.85.
[planner_server-3] [WARN] [1775413721.977402800] [planner_server]: Planning algorithm GridBased failed to generate a valid path to (2.52, 3.04)
[planner_server-3] [WARN] [1775413721.977462288] [planner_server]: [compute_path_to_pose] [ActionServer] Aborting handle.
[planner_server-3] [INFO] [1775413721.993024323] [global_costmap.global_costmap]: Received request to clear entirely the global_costmap
[planner_server-3] [WARN] [1775413722.974892073] [planner_server]: GridBased: failed to create plan with tolerance 0.85.
[planner_server-3] [WARN] [1775413722.975017930] [planner_server]: Planning algorithm GridBased failed to generate a valid path to (2.52, 3.04)
[planner_server-3] [WARN] [1775413722.975050282] [planner_server]: [compute_path_to_pose] [ActionServer] Aborting handle.
[behavior_server-4] [INFO] [1775413722.994340737] [behavior_server]: Running spin
[behavior_server-4] [INFO] [1775413722.994730757] [behavior_server]: Turning 1.57 for spin behavior.
[behavior_server-4] [WARN] [1775413723.395367153] [behavior_server]: Collision Ahead - Exiting Spin
[behavior_server-4] [WARN] [1775413723.395494386] [behavior_server]: spin failed
[behavior_server-4] [WARN] [1775413723.395538611] [behavior_server]: [spin] [ActionServer] Aborting handle.
[behavior_server-4] [INFO] [1775413723.424572264] [behavior_server]: Running wait
[behavior_server-4] [INFO] [1775413728.425052982] [behavior_server]: wait completed successfully
[planner_server-3] [WARN] [1775413728.453916368] [planner_server]: GridBased: failed to create plan with tolerance 0.85.
[planner_server-3] [WARN] [1775413728.454161490] [planner_server]: Planning algorithm GridBased failed to generate a valid path to (2.52, 3.04)
[planner_server-3] [WARN] [1775413728.454216851] [planner_server]: [compute_path_to_pose] [ActionServer] Aborting handle.
[planner_server-3] [INFO] [1775413728.473010762] [global_costmap.global_costmap]: Received request to clear entirely the global_costmap
[planner_server-3] [WARN] [1775413728.975276403] [planner_server]: GridBased: failed to create plan with tolerance 0.85.
[planner_server-3] [WARN] [1775413728.975426900] [planner_server]: Planning algorithm GridBased failed to generate a valid path to (2.52, 3.04)
[planner_server-3] [WARN] [1775413728.975485941] [planner_server]: [compute_path_to_pose] [ActionServer] Aborting handle.
[behavior_server-4] [INFO] [1775413728.994054250] [behavior_server]: Running backup
[behavior_server-4] [INFO] [1775413728.994471886] [behavior_server]: DriveOnHeading: no acceleration or deceleration limits set
[behavior_server-4] [WARN] [1775413728.994696656] [behavior_server]: Collision Ahead - Exiting DriveOnHeading
[behavior_server-4] [WARN] [1775413728.994734961] [behavior_server]: backup failed
[behavior_server-4] [WARN] [1775413728.994762225] [behavior_server]: [backup] [ActionServer] Aborting handle.
[controller_server-1] [INFO] [1775413729.023237672] [local_costmap.local_costmap]: Received request to clear entirely the local_costmap
[planner_server-3] [INFO] [1775413729.024256850] [global_costmap.global_costmap]: Received request to clear entirely the global_costmap
[planner_server-3] [WARN] [1775413729.976689169] [planner_server]: GridBased: failed to create plan with tolerance 0.85.
[planner_server-3] [WARN] [1775413729.976849491] [planner_server]: Planning algorithm GridBased failed to generate a valid path to (2.52, 3.04)
[planner_server-3] [WARN] [1775413729.976906835] [planner_server]: [compute_path_to_pose] [ActionServer] Aborting handle.
[planner_server-3] [INFO] [1775413729.993237203] [global_costmap.global_costmap]: Received request to clear entirely the global_costmap
[planner_server-3] [WARN] [1775413730.975349090] [planner_server]: GridBased: failed to create plan with tolerance 0.85.
[planner_server-3] [WARN] [1775413730.975520420] [planner_server]: Planning algorithm GridBased failed to generate a valid path to (2.52, 3.04)
[planner_server-3] [WARN] [1775413730.975576740] [planner_server]: [compute_path_to_pose] [ActionServer] Aborting handle.
[behavior_server-4] [INFO] [1775413730.993646966] [behavior_server]: Running spin
[behavior_server-4] [INFO] [1775413730.994075994] [behavior_server]: Turning 1.57 for spin behavior.
[behavior_server-4] [WARN] [1775413731.094669342] [behavior_server]: Collision Ahead - Exiting Spin
[behavior_server-4] [WARN] [1775413731.094812415] [behavior_server]: spin failed
[behavior_server-4] [WARN] [1775413731.094858080] [behavior_server]: [spin] [ActionServer] Aborting handle.
[behavior_server-4] [INFO] [1775413731.123842047] [behavior_server]: Running wait
[behavior_server-4] [INFO] [1775413736.124261919] [behavior_server]: wait completed successfully
[planner_server-3] [WARN] [1775413736.154115758] [planner_server]: GridBased: failed to create plan with tolerance 0.85.
[planner_server-3] [WARN] [1775413736.155772670] [planner_server]: Planning algorithm GridBased failed to generate a valid path to (2.52, 3.04)
[planner_server-3] [WARN] [1775413736.156814057] [planner_server]: [compute_path_to_pose] [ActionServer] Aborting handle.
[planner_server-3] [INFO] [1775413736.172961548] [global_costmap.global_costmap]: Received request to clear entirely the global_costmap
[planner_server-3] [WARN] [1775413736.975106182] [planner_server]: GridBased: failed to create plan with tolerance 0.85.
[planner_server-3] [WARN] [1775413736.975256744] [planner_server]: Planning algorithm GridBased failed to generate a valid path to (2.52, 3.04)
[planner_server-3] [WARN] [1775413736.975308681] [planner_server]: [compute_path_to_pose] [ActionServer] Aborting handle.
[behavior_server-4] [INFO] [1775413736.993822340] [behavior_server]: Running backup
[behavior_server-4] [WARN] [1775413736.994353353] [behavior_server]: Collision Ahead - Exiting DriveOnHeading
[behavior_server-4] [WARN] [1775413736.994398890] [behavior_server]: backup failed
[behavior_server-4] [WARN] [1775413736.994422730] [behavior_server]: [backup] [ActionServer] Aborting handle.
[controller_server-1] [INFO] [1775413737.023028301] [local_costmap.local_costmap]: Received request to clear entirely the local_costmap
[planner_server-3] [INFO] [1775413737.023985398] [global_costmap.global_costmap]: Received request to clear entirely the global_costmap
[planner_server-3] [WARN] [1775413737.976988595] [planner_server]: GridBased: failed to create plan with tolerance 0.85.
[planner_server-3] [WARN] [1775413737.977140148] [planner_server]: Planning algorithm GridBased failed to generate a valid path to (2.52, 3.04)
[planner_server-3] [WARN] [1775413737.977195381] [planner_server]: [compute_path_to_pose] [ActionServer] Aborting handle.
[planner_server-3] [INFO] [1775413737.993057462] [global_costmap.global_costmap]: Received request to clear entirely the global_costmap
[planner_server-3] [WARN] [1775413738.975107909] [planner_server]: GridBased: failed to create plan with tolerance 0.85.
[planner_server-3] [WARN] [1775413738.975269991] [planner_server]: Planning algorithm GridBased failed to generate a valid path to (2.52, 3.04)
[planner_server-3] [WARN] [1775413738.975322983] [planner_server]: [compute_path_to_pose] [ActionServer] Aborting handle.
[behavior_server-4] [INFO] [1775413738.993704003] [behavior_server]: Running spin
[behavior_server-4] [INFO] [1775413738.994280777] [behavior_server]: Turning 1.57 for spin behavior.
[behavior_server-4] [WARN] [1775413739.594826682] [behavior_server]: Collision Ahead - Exiting Spin
[behavior_server-4] [WARN] [1775413739.594966107] [behavior_server]: spin failed
[behavior_server-4] [WARN] [1775413739.595008187] [behavior_server]: [spin] [ActionServer] Aborting handle.
[behavior_server-4] [INFO] [1775413739.624751405] [behavior_server]: Running wait
[behavior_server-4] [INFO] [1775413744.625433018] [behavior_server]: wait completed successfully
[planner_server-3] [WARN] [1775413744.654735501] [planner_server]: GridBased: failed to create plan with tolerance 0.85.
[planner_server-3] [WARN] [1775413744.655185682] [planner_server]: Planning algorithm GridBased failed to generate a valid path to (2.52, 3.04)
[planner_server-3] [WARN] [1775413744.655225618] [planner_server]: [compute_path_to_pose] [ActionServer] Aborting handle.
[planner_server-3] [INFO] [1775413744.673043149] [global_costmap.global_costmap]: Received request to clear entirely the global_costmap
[planner_server-3] [WARN] [1775413744.975208524] [planner_server]: GridBased: failed to create plan with tolerance 0.85.
[planner_server-3] [WARN] [1775413744.975360590] [planner_server]: Planning algorithm GridBased failed to generate a valid path to (2.52, 3.04)
[planner_server-3] [WARN] [1775413744.975420142] [planner_server]: [compute_path_to_pose] [ActionServer] Aborting handle.
[bt_navigator-5] [WARN] [1775413745.002542282] [bt_navigator]: [navigate_to_pose] [ActionServer] Aborting handle.
[bt_navigator-5] [ERROR] [1775413745.003288434] [bt_navigator]: Goal failed
[bt_navigator-5] [INFO] [1775413748.016803325] [bt_navigator]: Begin navigating from current location (0.33, -0.40) to (2.52, 3.04)
[planner_server-3] [WARN] [1775413748.018495375] [planner_server]: GridBased: failed to create plan with tolerance 0.85.
[planner_server-3] [WARN] [1775413748.018631760] [planner_server]: Planning algorithm GridBased failed to generate a valid path to (2.52, 3.04)
[planner_server-3] [WARN] [1775413748.018671121] [planner_server]: [compute_path_to_pose] [ActionServer] Aborting handle.
[planner_server-3] [INFO] [1775413748.037473177] [global_costmap.global_costmap]: Received request to clear entirely the global_costmap
[planner_server-3] [WARN] [1775413748.980441594] [planner_server]: GridBased: failed to create plan with tolerance 0.85.
[planner_server-3] [WARN] [1775413748.980590331] [planner_server]: Planning algorithm GridBased failed to generate a valid path to (2.52, 3.04)
[planner_server-3] [WARN] [1775413748.980642524] [planner_server]: [compute_path_to_pose] [ActionServer] Aborting handle.
[behavior_server-4] [INFO] [1775413748.998039253] [behavior_server]: Running backup
[behavior_server-4] [WARN] [1775413748.998610363] [behavior_server]: Collision Ahead - Exiting DriveOnHeading
[behavior_server-4] [WARN] [1775413748.998657532] [behavior_server]: backup failed
[behavior_server-4] [WARN] [1775413748.998684412] [behavior_server]: [backup] [ActionServer] Aborting handle.
[controller_server-1] [INFO] [1775413749.027611473] [local_costmap.local_costmap]: Received request to clear entirely the local_costmap
[planner_server-3] [INFO] [1775413749.028506939] [global_costmap.global_costmap]: Received request to clear entirely the global_costmap
[planner_server-3] [WARN] [1775413749.980578086] [planner_server]: GridBased: failed to create plan with tolerance 0.85.
[planner_server-3] [WARN] [1775413749.980721416] [planner_server]: Planning algorithm GridBased failed to generate a valid path to (2.52, 3.04)
[planner_server-3] [WARN] [1775413749.980765512] [planner_server]: [compute_path_to_pose] [ActionServer] Aborting handle.
[planner_server-3] [INFO] [1775413749.997537692] [global_costmap.global_costmap]: Received request to clear entirely the global_costmap
[planner_server-3] [WARN] [1775413750.979626675] [planner_server]: GridBased: failed to create plan with tolerance 0.85.
[planner_server-3] [WARN] [1775413750.979795413] [planner_server]: Planning algorithm GridBased failed to generate a valid path to (2.52, 3.04)
[planner_server-3] [WARN] [1775413750.979848757] [planner_server]: [compute_path_to_pose] [ActionServer] Aborting handle.
[behavior_server-4] [INFO] [1775413750.998147866] [behavior_server]: Running spin
[behavior_server-4] [INFO] [1775413750.998699296] [behavior_server]: Turning 1.57 for spin behavior.
[behavior_server-4] [WARN] [1775413751.499319672] [behavior_server]: Collision Ahead - Exiting Spin
[behavior_server-4] [WARN] [1775413751.499463417] [behavior_server]: spin failed
[behavior_server-4] [WARN] [1775413751.499511482] [behavior_server]: [spin] [ActionServer] Aborting handle.
[behavior_server-4] [INFO] [1775413751.528000589] [behavior_server]: Running wait
[behavior_server-4] [INFO] [1775413756.528442822] [behavior_server]: wait completed successfully
[planner_server-3] [WARN] [1775413756.558582065] [planner_server]: GridBased: failed to create plan with tolerance 0.85.
[planner_server-3] [WARN] [1775413756.559683389] [planner_server]: Planning algorithm GridBased failed to generate a valid path to (2.52, 3.04)
[planner_server-3] [WARN] [1775413756.559732126] [planner_server]: [compute_path_to_pose] [ActionServer] Aborting handle.
[planner_server-3] [INFO] [1775413756.577759716] [global_costmap.global_costmap]: Received request to clear entirely the global_costmap
[planner_server-3] [WARN] [1775413756.979977262] [planner_server]: GridBased: failed to create plan with tolerance 0.85.
[planner_server-3] [WARN] [1775413756.980130576] [planner_server]: Planning algorithm GridBased failed to generate a valid path to (2.52, 3.04)
[planner_server-3] [WARN] [1775413756.980181040] [planner_server]: [compute_path_to_pose] [ActionServer] Aborting handle.
[behavior_server-4] [INFO] [1775413756.998418681] [behavior_server]: Running backup
[behavior_server-4] [WARN] [1775413756.999429348] [behavior_server]: Collision Ahead - Exiting DriveOnHeading
[behavior_server-4] [WARN] [1775413756.999476805] [behavior_server]: backup failed
[behavior_server-4] [WARN] [1775413756.999502053] [behavior_server]: [backup] [ActionServer] Aborting handle.
[controller_server-1] [INFO] [1775413757.027551355] [local_costmap.local_costmap]: Received request to clear entirely the local_costmap
[planner_server-3] [INFO] [1775413757.028407300] [global_costmap.global_costmap]: Received request to clear entirely the global_costmap
[planner_server-3] [WARN] [1775413757.980654619] [planner_server]: GridBased: failed to create plan with tolerance 0.85.
[planner_server-3] [WARN] [1775413757.980807997] [planner_server]: Planning algorithm GridBased failed to generate a valid path to (2.52, 3.04)
[planner_server-3] [WARN] [1775413757.980863389] [planner_server]: [compute_path_to_pose] [ActionServer] Aborting handle.
[planner_server-3] [INFO] [1775413757.997611286] [global_costmap.global_costmap]: Received request to clear entirely the global_costmap
[planner_server-3] [WARN] [1775413758.979706977] [planner_server]: GridBased: failed to create plan with tolerance 0.85.
[planner_server-3] [WARN] [1775413758.979872899] [planner_server]: Planning algorithm GridBased failed to generate a valid path to (2.52, 3.04)
[planner_server-3] [WARN] [1775413758.979929124] [planner_server]: [compute_path_to_pose] [ActionServer] Aborting handle.
[behavior_server-4] [INFO] [1775413758.998085901] [behavior_server]: Running spin
[behavior_server-4] [INFO] [1775413758.998315216] [behavior_server]: Turning 1.57 for spin behavior.
[behavior_server-4] [WARN] [1775413759.298870593] [behavior_server]: Collision Ahead - Exiting Spin
[behavior_server-4] [WARN] [1775413759.299017827] [behavior_server]: spin failed
[behavior_server-4] [WARN] [1775413759.299070692] [behavior_server]: [spin] [ActionServer] Aborting handle.
[behavior_server-4] [INFO] [1775413759.328062118] [behavior_server]: Running wait
[behavior_server-4] [INFO] [1775413764.328913998] [behavior_server]: wait completed successfully
[planner_server-3] [WARN] [1775413764.358497630] [planner_server]: GridBased: failed to create plan with tolerance 0.85.
[planner_server-3] [WARN] [1775413764.358647647] [planner_server]: Planning algorithm GridBased failed to generate a valid path to (2.52, 3.04)
[planner_server-3] [WARN] [1775413764.358691712] [planner_server]: [compute_path_to_pose] [ActionServer] Aborting handle.
[planner_server-3] [INFO] [1775413764.377637431] [global_costmap.global_costmap]: Received request to clear entirely the global_costmap
[planner_server-3] [WARN] [1775413764.980087018] [planner_server]: GridBased: failed to create plan with tolerance 0.85.
[planner_server-3] [WARN] [1775413764.980250700] [planner_server]: Planning algorithm GridBased failed to generate a valid path to (2.52, 3.04)
[planner_server-3] [WARN] [1775413764.980300396] [planner_server]: [compute_path_to_pose] [ActionServer] Aborting handle.
[behavior_server-4] [INFO] [1775413764.998263544] [behavior_server]: Running backup
[behavior_server-4] [WARN] [1775413764.998811486] [behavior_server]: Collision Ahead - Exiting DriveOnHeading
[behavior_server-4] [WARN] [1775413764.998868959] [behavior_server]: backup failed
[behavior_server-4] [WARN] [1775413764.998903199] [behavior_server]: [backup] [ActionServer] Aborting handle.
[controller_server-1] [INFO] [1775413765.027657927] [local_costmap.local_costmap]: Received request to clear entirely the local_costmap
[planner_server-3] [INFO] [1775413765.028720531] [global_costmap.global_costmap]: Received request to clear entirely the global_costmap
[planner_server-3] [WARN] [1775413765.972623248] [planner_server]: GridBased: failed to create plan with tolerance 0.85.
[planner_server-3] [WARN] [1775413765.972772753] [planner_server]: Planning algorithm GridBased failed to generate a valid path to (2.52, 3.04)
[planner_server-3] [WARN] [1775413765.972826098] [planner_server]: [compute_path_to_pose] [ActionServer] Aborting handle.
[planner_server-3] [INFO] [1775413765.987625274] [global_costmap.global_costmap]: Received request to clear entirely the global_costmap
[planner_server-3] [WARN] [1775413766.973422621] [planner_server]: GridBased: failed to create plan with tolerance 0.85.
[planner_server-3] [WARN] [1775413766.973596799] [planner_server]: Planning algorithm GridBased failed to generate a valid path to (2.52, 3.04)
[planner_server-3] [WARN] [1775413766.973654272] [planner_server]: [compute_path_to_pose] [ActionServer] Aborting handle.
[behavior_server-4] [INFO] [1775413766.989668663] [behavior_server]: Running spin
[behavior_server-4] [INFO] [1775413766.990230845] [behavior_server]: Turning 1.57 for spin behavior.
[behavior_server-4] [WARN] [1775413767.290793941] [behavior_server]: Collision Ahead - Exiting Spin
[behavior_server-4] [WARN] [1775413767.290914454] [behavior_server]: spin failed
[behavior_server-4] [WARN] [1775413767.290948567] [behavior_server]: [spin] [ActionServer] Aborting handle.
[behavior_server-4] [INFO] [1775413767.318609972] [behavior_server]: Running wait
[behavior_server-4] [INFO] [1775413772.319544470] [behavior_server]: wait completed successfully
[planner_server-3] [WARN] [1775413772.349150096] [planner_server]: GridBased: failed to create plan with tolerance 0.85.
[planner_server-3] [WARN] [1775413772.349293362] [planner_server]: Planning algorithm GridBased failed to generate a valid path to (2.52, 3.04)
[planner_server-3] [WARN] [1775413772.349326098] [planner_server]: [compute_path_to_pose] [ActionServer] Aborting handle.
[planner_server-3] [INFO] [1775413772.367979180] [global_costmap.global_costmap]: Received request to clear entirely the global_costmap
[planner_server-3] [WARN] [1775413772.980137659] [planner_server]: GridBased: failed to create plan with tolerance 0.85.
[planner_server-3] [WARN] [1775413772.980293885] [planner_server]: Planning algorithm GridBased failed to generate a valid path to (2.52, 3.04)
[planner_server-3] [WARN] [1775413772.980353694] [planner_server]: [compute_path_to_pose] [ActionServer] Aborting handle.
[bt_navigator-5] [WARN] [1775413773.007118263] [bt_navigator]: [navigate_to_pose] [ActionServer] Aborting handle.
[bt_navigator-5] [ERROR] [1775413773.007765374] [bt_navigator]: Goal failed
