[INFO] [launch]: All log files can be found below /home/jetson/.ros/log/2026-04-09-08-25-03-942063-chandan-16845
[INFO] [launch]: Default logging verbosity is set to INFO
[INFO] [map_server-1]: process started with pid [16847]
[INFO] [amcl-2]: process started with pid [16849]
[INFO] [lifecycle_manager-3]: process started with pid [16851]
[lifecycle_manager-3] [INFO] [1775694304.642966174] [lifecycle_manager_localization]: Creating
[lifecycle_manager-3] [INFO] [1775694304.734242966] [lifecycle_manager_localization]: [34m[1mCreating and initializing lifecycle service clients[0m[0m
[amcl-2] [INFO] [1775694304.956042009] [amcl]: 
[amcl-2] 	amcl lifecycle node launched. 
[amcl-2] 	Waiting on external lifecycle transitions to activate
[amcl-2] 	See https://design.ros2.org/articles/node_lifecycle.html for more information.
[amcl-2] [INFO] [1775694305.093941110] [amcl]: Creating
[map_server-1] [INFO] [1775694305.199560030] [map_server]: 
[map_server-1] 	map_server lifecycle node launched. 
[map_server-1] 	Waiting on external lifecycle transitions to activate
[map_server-1] 	See https://design.ros2.org/articles/node_lifecycle.html for more information.
[map_server-1] [INFO] [1775694305.207401953] [map_server]: Creating
[lifecycle_manager-3] [INFO] [1775694306.500857842] [lifecycle_manager_localization]: [34m[1mStarting managed nodes bringup...[0m[0m
[lifecycle_manager-3] [INFO] [1775694306.500997112] [lifecycle_manager_localization]: [34m[1mConfiguring map_server[0m[0m
[map_server-1] [INFO] [1775694306.503219315] [map_server]: Configuring
[map_server-1] [INFO] [1775694306.503455101] [map_io]: Loading yaml file: /home/jetson/formica_map.yaml
[map_server-1] [INFO] [1775694306.532234049] [map_io]: resolution: 0.05
[map_server-1] [INFO] [1775694306.532326149] [map_io]: origin[0]: -5.9
[map_server-1] [INFO] [1775694306.532348550] [map_io]: origin[1]: -2.99
[map_server-1] [INFO] [1775694306.532364806] [map_io]: origin[2]: 0
[map_server-1] [INFO] [1775694306.532379303] [map_io]: free_thresh: 0.25
[map_server-1] [INFO] [1775694306.532393288] [map_io]: occupied_thresh: 0.65
[map_server-1] [INFO] [1775694306.532410056] [map_io]: mode: trinary
[map_server-1] [INFO] [1775694306.532427561] [map_io]: negate: 0
[map_server-1] [INFO] [1775694306.540465813] [map_io]: Loading image_file: /home/jetson/formica_map.pgm
[map_server-1] [INFO] [1775694306.548985653] [map_io]: Read map /home/jetson/formica_map.pgm: 185 X 172 map @ 0.05 m/cell
[lifecycle_manager-3] [INFO] [1775694306.584580754] [lifecycle_manager_localization]: [34m[1mConfiguring amcl[0m[0m
[amcl-2] [INFO] [1775694306.585377555] [amcl]: Configuring
[amcl-2] [INFO] [1775694306.585693408] [amcl]: initTransforms
[amcl-2] [INFO] [1775694306.624693578] [amcl]: initPubSub
[amcl-2] [INFO] [1775694306.640188041] [amcl]: Subscribed to map topic.
[amcl-2] [INFO] [1775694306.681534964] [amcl]: Received a 2492 X 1954 map @ 0.050 m/pix
[amcl-2] [INFO] [1775694307.696504093] [amcl]: Message Filter dropping message: frame 'laser' at time 1775694306.561 for reason 'the timestamp on the message is earlier than all the data in the transform cache'
[amcl-2] [INFO] [1775694308.320043303] [amcl]: Received a 2492 X 1954 map @ 0.050 m/pix
[lifecycle_manager-3] [ERROR] [1775694308.655911951] [lifecycle_manager_localization]: Failed to change state for node: amcl. Exception: amcl/get_state service client: async_send_request failed.
[lifecycle_manager-3] [ERROR] [1775694308.656247933] [lifecycle_manager_localization]: Failed to bring up all requested nodes. Aborting bringup.
[amcl-2] [INFO] [1775694313.300510708] [amcl]: Received a 2492 X 1968 map @ 0.050 m/pix
[amcl-2] [INFO] [1775694318.320414966] [amcl]: Received a 2492 X 1968 map @ 0.050 m/pix
[amcl-2] [INFO] [1775694323.309959082] [amcl]: Received a 2492 X 1968 map @ 0.050 m/pix
[amcl-2] [INFO] [1775694328.304129973] [amcl]: Received a 2492 X 1981 map @ 0.050 m/pix
[amcl-2] [INFO] [1775694333.314546263] [amcl]: Received a 2492 X 1981 map @ 0.050 m/pix
[amcl-2] [INFO] [1775694338.388454573] [amcl]: Received a 2492 X 1981 map @ 0.050 m/pix
[amcl-2] [INFO] [1775694343.311523531] [amcl]: Received a 2492 X 1981 map @ 0.050 m/pix
[amcl-2] [INFO] [1775694348.309851331] [amcl]: Received a 2492 X 1981 map @ 0.050 m/pix
[amcl-2] [INFO] [1775694353.307100520] [amcl]: Received a 2492 X 1981 map @ 0.050 m/pix
[amcl-2] [INFO] [1775694358.318835098] [amcl]: Received a 2492 X 1981 map @ 0.050 m/pix
[amcl-2] [INFO] [1775694363.309034157] [amcl]: Received a 2492 X 1981 map @ 0.050 m/pix
[amcl-2] [INFO] [1775694368.308396882] [amcl]: Received a 2492 X 1981 map @ 0.050 m/pix
[amcl-2] [INFO] [1775694373.330214127] [amcl]: Received a 2492 X 1981 map @ 0.050 m/pix
[amcl-2] [INFO] [1775694378.311532798] [amcl]: Received a 2492 X 1981 map @ 0.050 m/pix
[amcl-2] [INFO] [1775694383.327773991] [amcl]: Received a 2492 X 1981 map @ 0.050 m/pix
[amcl-2] [INFO] [1775694388.313932207] [amcl]: Received a 2492 X 1981 map @ 0.050 m/pix
[amcl-2] [WARN] [1775694390.223692497] [amcl.rclcpp]: failed to send response to /amcl/get_state (timeout): client will not receive response, at ./src/rmw_response.cpp:154, at ./src/rcl/service.c:314
[amcl-2] [INFO] [1775694393.310318775] [amcl]: Received a 2492 X 1981 map @ 0.050 m/pix
[amcl-2] [INFO] [1775694398.313922306] [amcl]: Received a 2492 X 1981 map @ 0.050 m/pix
[amcl-2] [INFO] [1775694403.315481073] [amcl]: Received a 2492 X 1981 map @ 0.050 m/pix
[amcl-2] [INFO] [1775694408.310789560] [amcl]: Received a 2492 X 1981 map @ 0.050 m/pix
[amcl-2] [INFO] [1775694413.319763628] [amcl]: Received a 2492 X 1981 map @ 0.050 m/pix
[amcl-2] [INFO] [1775694418.306015793] [amcl]: Received a 2492 X 1989 map @ 0.050 m/pix
[amcl-2] [INFO] [1775694423.310485630] [amcl]: Received a 2492 X 1989 map @ 0.050 m/pix
[amcl-2] [INFO] [1775694428.300529426] [amcl]: Received a 2492 X 1993 map @ 0.050 m/pix
[amcl-2] [INFO] [1775694433.312576970] [amcl]: Received a 2492 X 1993 map @ 0.050 m/pix
[amcl-2] [INFO] [1775694438.328694661] [amcl]: Received a 2492 X 1993 map @ 0.050 m/pix
[amcl-2] [INFO] [1775694443.315882128] [amcl]: Received a 2492 X 1993 map @ 0.050 m/pix
[amcl-2] [INFO] [1775694448.340311157] [amcl]: Received a 2492 X 1993 map @ 0.050 m/pix
[amcl-2] [INFO] [1775694453.317362386] [amcl]: Received a 2492 X 1993 map @ 0.050 m/pix
[amcl-2] [INFO] [1775694458.313608288] [amcl]: Received a 2492 X 1993 map @ 0.050 m/pix
[amcl-2] [INFO] [1775694463.359861014] [amcl]: Received a 2492 X 1993 map @ 0.050 m/pix
[amcl-2] [INFO] [1775694468.339190879] [amcl]: Received a 2492 X 1993 map @ 0.050 m/pix
[amcl-2] [INFO] [1775694473.316556849] [amcl]: Received a 2492 X 1993 map @ 0.050 m/pix
[amcl-2] [INFO] [1775694478.334022867] [amcl]: Received a 2492 X 1993 map @ 0.050 m/pix
[amcl-2] [INFO] [1775694483.313846078] [amcl]: Received a 2492 X 1993 map @ 0.050 m/pix
[amcl-2] [INFO] [1775694488.311501796] [amcl]: Received a 2492 X 1993 map @ 0.050 m/pix
[amcl-2] [INFO] [1775694493.499934141] [amcl]: Received a 2492 X 1993 map @ 0.050 m/pix
[map_server-1] [WARN] [1775694498.235480064] [map_server.rclcpp]: failed to send response to /map_server/get_state (timeout): client will not receive response, at ./src/rmw_response.cpp:154, at ./src/rcl/service.c:314
[amcl-2] [INFO] [1775694498.320048351] [amcl]: Received a 2492 X 1993 map @ 0.050 m/pix
[amcl-2] [INFO] [1775694503.310278017] [amcl]: Received a 2492 X 1993 map @ 0.050 m/pix
[amcl-2] [INFO] [1775694508.331296691] [amcl]: Received a 2492 X 1993 map @ 0.050 m/pix
[amcl-2] [INFO] [1775694513.312558585] [amcl]: Received a 2492 X 1993 map @ 0.050 m/pix
[amcl-2] [INFO] [1775694518.323886993] [amcl]: Received a 2492 X 1993 map @ 0.050 m/pix
[amcl-2] [INFO] [1775694523.326949359] [amcl]: Received a 2492 X 1993 map @ 0.050 m/pix
[amcl-2] [INFO] [1775694528.314358338] [amcl]: Received a 2492 X 1993 map @ 0.050 m/pix
[amcl-2] [INFO] [1775694533.321962224] [amcl]: Received a 2492 X 1993 map @ 0.050 m/pix
[amcl-2] [INFO] [1775694538.314792984] [amcl]: Received a 2492 X 1993 map @ 0.050 m/pix
[amcl-2] [INFO] [1775694543.312383522] [amcl]: Received a 2492 X 1993 map @ 0.050 m/pix
[amcl-2] [INFO] [1775694548.315098569] [amcl]: Received a 2492 X 1993 map @ 0.050 m/pix
[amcl-2] [INFO] [1775694553.315968581] [amcl]: Received a 2492 X 1993 map @ 0.050 m/pix
[amcl-2] [INFO] [1775694558.313556567] [amcl]: Received a 2492 X 1993 map @ 0.050 m/pix
[amcl-2] [INFO] [1775694563.317693331] [amcl]: Received a 2492 X 1993 map @ 0.050 m/pix
[amcl-2] [INFO] [1775694568.405484207] [amcl]: Received a 2492 X 1993 map @ 0.050 m/pix
[amcl-2] [INFO] [1775694573.343287914] [amcl]: Received a 2492 X 1993 map @ 0.050 m/pix
[amcl-2] [INFO] [1775694578.314274775] [amcl]: Received a 2492 X 1993 map @ 0.050 m/pix
[amcl-2] [INFO] [1775694583.315107225] [amcl]: Received a 2492 X 1993 map @ 0.050 m/pix
[amcl-2] [INFO] [1775694588.311186639] [amcl]: Received a 2492 X 1993 map @ 0.050 m/pix
[amcl-2] [INFO] [1775694593.311574937] [amcl]: Received a 2492 X 1993 map @ 0.050 m/pix
[amcl-2] [INFO] [1775694598.331280380] [amcl]: Received a 2492 X 1993 map @ 0.050 m/pix
[amcl-2] [INFO] [1775694603.315223846] [amcl]: Received a 2492 X 1993 map @ 0.050 m/pix
[amcl-2] [INFO] [1775694608.335275642] [amcl]: Received a 2492 X 1993 map @ 0.050 m/pix
[amcl-2] [INFO] [1775694613.329628151] [amcl]: Received a 2492 X 1993 map @ 0.050 m/pix
[amcl-2] [INFO] [1775694618.310742834] [amcl]: Received a 2492 X 1993 map @ 0.050 m/pix
[amcl-2] [INFO] [1775694623.311703677] [amcl]: Received a 2492 X 1993 map @ 0.050 m/pix
[amcl-2] [INFO] [1775694628.319690274] [amcl]: Received a 2492 X 1993 map @ 0.050 m/pix
[amcl-2] [INFO] [1775694633.311092406] [amcl]: Received a 2492 X 1993 map @ 0.050 m/pix
[amcl-2] [INFO] [1775694638.339777618] [amcl]: Received a 2492 X 1993 map @ 0.050 m/pix
[amcl-2] [INFO] [1775694643.315926673] [amcl]: Received a 2492 X 1993 map @ 0.050 m/pix
[amcl-2] [INFO] [1775694648.319874739] [amcl]: Received a 2492 X 1993 map @ 0.050 m/pix
[amcl-2] [INFO] [1775694653.311669775] [amcl]: Received a 2492 X 1993 map @ 0.050 m/pix
[amcl-2] [INFO] [1775694658.328787356] [amcl]: Received a 2492 X 1993 map @ 0.050 m/pix
[amcl-2] [INFO] [1775694663.316344542] [amcl]: Received a 2492 X 1993 map @ 0.050 m/pix
[amcl-2] [INFO] [1775694668.310697981] [amcl]: Received a 2492 X 1993 map @ 0.050 m/pix
[amcl-2] [INFO] [1775694673.322495165] [amcl]: Received a 2492 X 1993 map @ 0.050 m/pix
[amcl-2] [INFO] [1775694678.311578892] [amcl]: Received a 2492 X 1993 map @ 0.050 m/pix
[amcl-2] [INFO] [1775694683.321348621] [amcl]: Received a 2492 X 1993 map @ 0.050 m/pix
[amcl-2] [INFO] [1775694688.331329846] [amcl]: Received a 2492 X 1993 map @ 0.050 m/pix
[amcl-2] [INFO] [1775694693.319819876] [amcl]: Received a 2492 X 1993 map @ 0.050 m/pix
[amcl-2] [INFO] [1775694698.320998483] [amcl]: Received a 2492 X 1993 map @ 0.050 m/pix
[amcl-2] [INFO] [1775694703.313166714] [amcl]: Received a 2492 X 1993 map @ 0.050 m/pix
[amcl-2] [INFO] [1775694708.323670345] [amcl]: Received a 2492 X 1993 map @ 0.050 m/pix
[amcl-2] [INFO] [1775694713.311260246] [amcl]: Received a 2492 X 1993 map @ 0.050 m/pix
[amcl-2] [INFO] [1775694718.370690644] [amcl]: Received a 2492 X 1993 map @ 0.050 m/pix
[amcl-2] [INFO] [1775694723.326483104] [amcl]: Received a 2492 X 1993 map @ 0.050 m/pix
[amcl-2] [INFO] [1775694728.330598779] [amcl]: Received a 2492 X 1993 map @ 0.050 m/pix
[amcl-2] [INFO] [1775694733.315067680] [amcl]: Received a 2492 X 1993 map @ 0.050 m/pix
[amcl-2] [INFO] [1775694738.312442629] [amcl]: Received a 2492 X 1993 map @ 0.050 m/pix
[amcl-2] [INFO] [1775694743.336108199] [amcl]: Received a 2492 X 1993 map @ 0.050 m/pix
[amcl-2] [INFO] [1775694744.461287153] [amcl]: Message Filter dropping message: frame 'laser' at time 1775694743.327 for reason 'the timestamp on the message is earlier than all the data in the transform cache'
[amcl-2] [INFO] [1775694748.319997357] [amcl]: Received a 2492 X 1993 map @ 0.050 m/pix
[amcl-2] [INFO] [1775694753.311925769] [amcl]: Received a 2492 X 1993 map @ 0.050 m/pix
[amcl-2] [INFO] [1775694758.314554291] [amcl]: Received a 2492 X 1993 map @ 0.050 m/pix
[amcl-2] [INFO] [1775694763.447735016] [amcl]: Received a 2492 X 1993 map @ 0.050 m/pix
[amcl-2] [INFO] [1775694768.333265718] [amcl]: Received a 2492 X 1993 map @ 0.050 m/pix
[amcl-2] [INFO] [1775694773.307663509] [amcl]: Received a 2492 X 1993 map @ 0.050 m/pix
[amcl-2] [INFO] [1775694778.320380489] [amcl]: Received a 2492 X 1993 map @ 0.050 m/pix
[amcl-2] [INFO] [1775694783.331246140] [amcl]: Received a 2492 X 1993 map @ 0.050 m/pix
[amcl-2] [INFO] [1775694788.310248747] [amcl]: Received a 2492 X 1993 map @ 0.050 m/pix
[amcl-2] [INFO] [1775694793.332015401] [amcl]: Received a 2492 X 1993 map @ 0.050 m/pix
[amcl-2] [INFO] [1775694798.313065424] [amcl]: Received a 2492 X 1993 map @ 0.050 m/pix
[amcl-2] [INFO] [1775694803.318886029] [amcl]: Received a 2492 X 1993 map @ 0.050 m/pix
[amcl-2] [INFO] [1775694808.308828198] [amcl]: Received a 2492 X 1993 map @ 0.050 m/pix
[amcl-2] [INFO] [1775694813.319286469] [amcl]: Received a 2492 X 1993 map @ 0.050 m/pix
[amcl-2] [INFO] [1775694818.329576900] [amcl]: Received a 2492 X 1993 map @ 0.050 m/pix
[amcl-2] [INFO] [1775694823.316824094] [amcl]: Received a 2492 X 1993 map @ 0.050 m/pix
[amcl-2] [WARN] [1775694827.467204815] [amcl.rclcpp]: failed to send response to /amcl/get_state (timeout): client will not receive response, at ./src/rmw_response.cpp:154, at ./src/rcl/service.c:314
[amcl-2] [INFO] [1775694828.313353192] [amcl]: Received a 2492 X 1993 map @ 0.050 m/pix
[amcl-2] [INFO] [1775694833.312435337] [amcl]: Received a 2492 X 1993 map @ 0.050 m/pix
[amcl-2] [INFO] [1775694838.325043587] [amcl]: Received a 2492 X 1993 map @ 0.050 m/pix
[amcl-2] [INFO] [1775694843.313834991] [amcl]: Received a 2492 X 1993 map @ 0.050 m/pix
[amcl-2] [INFO] [1775694848.389844879] [amcl]: Received a 2492 X 1993 map @ 0.050 m/pix
[amcl-2] [INFO] [1775694853.333565950] [amcl]: Received a 2492 X 1993 map @ 0.050 m/pix
[amcl-2] [INFO] [1775694858.323644656] [amcl]: Received a 2492 X 1993 map @ 0.050 m/pix
[amcl-2] [INFO] [1775694863.329943765] [amcl]: Received a 2492 X 1993 map @ 0.050 m/pix
[amcl-2] [INFO] [1775694868.313782163] [amcl]: Received a 2492 X 1993 map @ 0.050 m/pix
[amcl-2] [INFO] [1775694873.335376812] [amcl]: Received a 2492 X 1993 map @ 0.050 m/pix
[amcl-2] [INFO] [1775694878.319811247] [amcl]: Received a 2492 X 1993 map @ 0.050 m/pix
[amcl-2] [INFO] [1775694883.314746891] [amcl]: Received a 2492 X 1993 map @ 0.050 m/pix
[amcl-2] [INFO] [1775694888.318318735] [amcl]: Received a 2492 X 1993 map @ 0.050 m/pix
[amcl-2] [INFO] [1775694893.312198036] [amcl]: Received a 2492 X 1993 map @ 0.050 m/pix
[amcl-2] [INFO] [1775694898.312717201] [amcl]: Received a 2492 X 1993 map @ 0.050 m/pix
[amcl-2] [INFO] [1775694903.310943897] [amcl]: Received a 2492 X 1993 map @ 0.050 m/pix
[amcl-2] [INFO] [1775694908.326969625] [amcl]: Received a 2492 X 1993 map @ 0.050 m/pix
[amcl-2] [INFO] [1775694913.312321717] [amcl]: Received a 2492 X 1993 map @ 0.050 m/pix
[amcl-2] [INFO] [1775694918.386587782] [amcl]: Received a 2492 X 1993 map @ 0.050 m/pix
[amcl-2] [INFO] [1775694923.362909964] [amcl]: Received a 2492 X 1993 map @ 0.050 m/pix
[amcl-2] [INFO] [1775694928.311810720] [amcl]: Received a 2492 X 1993 map @ 0.050 m/pix
[amcl-2] [INFO] [1775694933.311750929] [amcl]: Received a 2492 X 1993 map @ 0.050 m/pix
[amcl-2] [INFO] [1775694938.333100549] [amcl]: Received a 2492 X 1993 map @ 0.050 m/pix
[amcl-2] [INFO] [1775694943.322199678] [amcl]: Received a 2492 X 1993 map @ 0.050 m/pix
[amcl-2] [INFO] [1775694948.324229702] [amcl]: Received a 2492 X 1993 map @ 0.050 m/pix
[amcl-2] [INFO] [1775694953.332388956] [amcl]: Received a 2492 X 1993 map @ 0.050 m/pix
[amcl-2] [INFO] [1775694958.315856170] [amcl]: Received a 2492 X 1993 map @ 0.050 m/pix
[amcl-2] [INFO] [1775694963.319571207] [amcl]: Received a 2492 X 1993 map @ 0.050 m/pix
[amcl-2] [INFO] [1775694968.311658574] [amcl]: Received a 2492 X 1993 map @ 0.050 m/pix
[amcl-2] [INFO] [1775694973.321750564] [amcl]: Received a 2492 X 1993 map @ 0.050 m/pix
[amcl-2] [INFO] [1775694978.318803635] [amcl]: Received a 2492 X 1993 map @ 0.050 m/pix
[amcl-2] [INFO] [1775694983.309945277] [amcl]: Received a 2492 X 1993 map @ 0.050 m/pix
[map_server-1] [WARN] [1775694983.690614807] [map_server.rclcpp]: failed to send response to /map_server/get_state (timeout): client will not receive response, at ./src/rmw_response.cpp:154, at ./src/rcl/service.c:314
[amcl-2] [INFO] [1775694988.310637152] [amcl]: Received a 2492 X 1993 map @ 0.050 m/pix
[amcl-2] [INFO] [1775694993.318463301] [amcl]: Received a 2492 X 1993 map @ 0.050 m/pix
[amcl-2] [INFO] [1775694998.318916101] [amcl]: Received a 2492 X 1993 map @ 0.050 m/pix
[amcl-2] [INFO] [1775695003.309877965] [amcl]: Received a 2492 X 1993 map @ 0.050 m/pix
[amcl-2] [INFO] [1775695008.313803371] [amcl]: Received a 2492 X 1993 map @ 0.050 m/pix
[amcl-2] [INFO] [1775695013.333232905] [amcl]: Received a 2492 X 1993 map @ 0.050 m/pix
[amcl-2] [INFO] [1775695018.444241474] [amcl]: Received a 2492 X 1993 map @ 0.050 m/pix
[amcl-2] [INFO] [1775695023.315930640] [amcl]: Received a 2492 X 1993 map @ 0.050 m/pix
[amcl-2] [INFO] [1775695028.338816191] [amcl]: Received a 2492 X 1993 map @ 0.050 m/pix
[amcl-2] [INFO] [1775695033.329938784] [amcl]: Received a 2492 X 1993 map @ 0.050 m/pix
[amcl-2] [INFO] [1775695038.324972699] [amcl]: Received a 2492 X 1993 map @ 0.050 m/pix
[amcl-2] [INFO] [1775695043.324220894] [amcl]: Received a 2492 X 1993 map @ 0.050 m/pix
[amcl-2] [INFO] [1775695048.376998486] [amcl]: Received a 2492 X 1993 map @ 0.050 m/pix
[amcl-2] [INFO] [1775695053.318520620] [amcl]: Received a 2492 X 1993 map @ 0.050 m/pix
[amcl-2] [INFO] [1775695058.314696606] [amcl]: Received a 2492 X 1993 map @ 0.050 m/pix
[amcl-2] [INFO] [1775695063.321274713] [amcl]: Received a 2492 X 1993 map @ 0.050 m/pix
[amcl-2] [INFO] [1775695068.315602339] [amcl]: Received a 2492 X 1993 map @ 0.050 m/pix
[amcl-2] [INFO] [1775695073.318906701] [amcl]: Received a 2492 X 1993 map @ 0.050 m/pix
[amcl-2] [INFO] [1775695078.315697577] [amcl]: Received a 2492 X 1993 map @ 0.050 m/pix
[amcl-2] [INFO] [1775695083.320975407] [amcl]: Received a 2492 X 1993 map @ 0.050 m/pix
[amcl-2] [INFO] [1775695088.319471652] [amcl]: Received a 2492 X 1993 map @ 0.050 m/pix
[amcl-2] [INFO] [1775695093.316935493] [amcl]: Received a 2492 X 1993 map @ 0.050 m/pix
[amcl-2] [INFO] [1775695098.322709226] [amcl]: Received a 2492 X 1993 map @ 0.050 m/pix
[amcl-2] [INFO] [1775695103.336945959] [amcl]: Received a 2492 X 1993 map @ 0.050 m/pix
[amcl-2] [INFO] [1775695108.316695740] [amcl]: Received a 2492 X 1993 map @ 0.050 m/pix
[amcl-2] [INFO] [1775695113.315579775] [amcl]: Received a 2492 X 1993 map @ 0.050 m/pix
[amcl-2] [INFO] [1775695118.405173798] [amcl]: Received a 2492 X 1993 map @ 0.050 m/pix
[amcl-2] [INFO] [1775695123.315869248] [amcl]: Received a 2492 X 1993 map @ 0.050 m/pix
[amcl-2] [INFO] [1775695128.316794884] [amcl]: Received a 2492 X 1993 map @ 0.050 m/pix
[amcl-2] [INFO] [1775695133.315855129] [amcl]: Received a 2492 X 1993 map @ 0.050 m/pix
[amcl-2] [INFO] [1775695138.343588826] [amcl]: Received a 2492 X 1993 map @ 0.050 m/pix
[amcl-2] [INFO] [1775695143.313654048] [amcl]: Received a 2492 X 1993 map @ 0.050 m/pix
[amcl-2] [INFO] [1775695148.315433046] [amcl]: Received a 2492 X 1993 map @ 0.050 m/pix
[amcl-2] [INFO] [1775695153.344941103] [amcl]: Received a 2492 X 1993 map @ 0.050 m/pix
[amcl-2] [INFO] [1775695158.336945368] [amcl]: Received a 2492 X 1993 map @ 0.050 m/pix
[amcl-2] [INFO] [1775695163.318540216] [amcl]: Received a 2492 X 1993 map @ 0.050 m/pix
[amcl-2] [INFO] [1775695168.316855158] [amcl]: Received a 2492 X 1993 map @ 0.050 m/pix
[amcl-2] [INFO] [1775695173.317224167] [amcl]: Received a 2492 X 1993 map @ 0.050 m/pix
[amcl-2] [INFO] [1775695178.314186538] [amcl]: Received a 2492 X 1993 map @ 0.050 m/pix
[amcl-2] [INFO] [1775695183.348434335] [amcl]: Received a 2492 X 1993 map @ 0.050 m/pix
[amcl-2] [INFO] [1775695188.315211875] [amcl]: Received a 2492 X 1993 map @ 0.050 m/pix
[amcl-2] [INFO] [1775695193.315860441] [amcl]: Received a 2492 X 1993 map @ 0.050 m/pix
[amcl-2] [INFO] [1775695198.317489672] [amcl]: Received a 2492 X 1993 map @ 0.050 m/pix
[amcl-2] [INFO] [1775695203.314795909] [amcl]: Received a 2492 X 1993 map @ 0.050 m/pix
[amcl-2] [INFO] [1775695208.386865794] [amcl]: Received a 2492 X 1993 map @ 0.050 m/pix
[amcl-2] [INFO] [1775695213.334185481] [amcl]: Received a 2492 X 1993 map @ 0.050 m/pix
[amcl-2] [INFO] [1775695218.319520364] [amcl]: Received a 2492 X 1993 map @ 0.050 m/pix
[amcl-2] [INFO] [1775695223.328326921] [amcl]: Received a 2492 X 1993 map @ 0.050 m/pix
[amcl-2] [INFO] [1775695228.333848745] [amcl]: Received a 2492 X 1993 map @ 0.050 m/pix
[amcl-2] [INFO] [1775695233.319123117] [amcl]: Received a 2492 X 1993 map @ 0.050 m/pix
[amcl-2] [INFO] [1775695238.322923661] [amcl]: Received a 2492 X 1993 map @ 0.050 m/pix
