[INFO] [launch]: All log files can be found below /home/jetson/.ros/log/2026-04-06-03-36-40-346441-chandan-4458
[INFO] [launch]: Default logging verbosity is set to INFO
[INFO] [controller_server-1]: process started with pid [4467]
[INFO] [smoother_server-2]: process started with pid [4469]
[INFO] [planner_server-3]: process started with pid [4471]
[INFO] [behavior_server-4]: process started with pid [4473]
[INFO] [bt_navigator-5]: process started with pid [4475]
[INFO] [waypoint_follower-6]: process started with pid [4477]
[INFO] [velocity_smoother-7]: process started with pid [4479]
[INFO] [lifecycle_manager-8]: process started with pid [4481]
[planner_server-3] [INFO] [1775417800.908775665] [planner_server]: 
[planner_server-3] 	planner_server lifecycle node launched. 
[planner_server-3] 	Waiting on external lifecycle transitions to activate
[planner_server-3] 	See https://design.ros2.org/articles/node_lifecycle.html for more information.
[smoother_server-2] [INFO] [1775417800.937468174] [smoother_server]: 
[smoother_server-2] 	smoother_server lifecycle node launched. 
[smoother_server-2] 	Waiting on external lifecycle transitions to activate
[smoother_server-2] 	See https://design.ros2.org/articles/node_lifecycle.html for more information.
[smoother_server-2] [INFO] [1775417800.954626897] [smoother_server]: Creating smoother server
[lifecycle_manager-8] [INFO] [1775417800.959173702] [lifecycle_manager_navigation]: Creating
[planner_server-3] [INFO] [1775417800.967110492] [planner_server]: Creating
[lifecycle_manager-8] [INFO] [1775417800.980966529] [lifecycle_manager_navigation]: [34m[1mCreating and initializing lifecycle service clients[0m[0m
[controller_server-1] [INFO] [1775417800.983789878] [controller_server]: 
[controller_server-1] 	controller_server lifecycle node launched. 
[controller_server-1] 	Waiting on external lifecycle transitions to activate
[controller_server-1] 	See https://design.ros2.org/articles/node_lifecycle.html for more information.
[bt_navigator-5] [INFO] [1775417801.007366866] [bt_navigator]: 
[bt_navigator-5] 	bt_navigator lifecycle node launched. 
[bt_navigator-5] 	Waiting on external lifecycle transitions to activate
[bt_navigator-5] 	See https://design.ros2.org/articles/node_lifecycle.html for more information.
[bt_navigator-5] [INFO] [1775417801.010768593] [bt_navigator]: Creating
[controller_server-1] [INFO] [1775417801.044092820] [controller_server]: Creating controller server
[waypoint_follower-6] [INFO] [1775417801.052846357] [waypoint_follower]: 
[waypoint_follower-6] 	waypoint_follower lifecycle node launched. 
[waypoint_follower-6] 	Waiting on external lifecycle transitions to activate
[waypoint_follower-6] 	See https://design.ros2.org/articles/node_lifecycle.html for more information.
[waypoint_follower-6] [INFO] [1775417801.072401243] [waypoint_follower]: Creating
[behavior_server-4] [INFO] [1775417801.105533499] [behavior_server]: 
[behavior_server-4] 	behavior_server lifecycle node launched. 
[behavior_server-4] 	Waiting on external lifecycle transitions to activate
[behavior_server-4] 	See https://design.ros2.org/articles/node_lifecycle.html for more information.
[controller_server-1] [INFO] [1775417801.233195585] [local_costmap.local_costmap]: 
[controller_server-1] 	local_costmap lifecycle node launched. 
[controller_server-1] 	Waiting on external lifecycle transitions to activate
[controller_server-1] 	See https://design.ros2.org/articles/node_lifecycle.html for more information.
[controller_server-1] [INFO] [1775417801.282602347] [local_costmap.local_costmap]: Creating Costmap
[planner_server-3] [INFO] [1775417801.291644657] [global_costmap.global_costmap]: 
[planner_server-3] 	global_costmap lifecycle node launched. 
[planner_server-3] 	Waiting on external lifecycle transitions to activate
[planner_server-3] 	See https://design.ros2.org/articles/node_lifecycle.html for more information.
[planner_server-3] [INFO] [1775417801.303216037] [global_costmap.global_costmap]: Creating Costmap
[velocity_smoother-7] [INFO] [1775417801.389507988] [velocity_smoother]: 
[velocity_smoother-7] 	velocity_smoother lifecycle node launched. 
[velocity_smoother-7] 	Waiting on external lifecycle transitions to activate
[velocity_smoother-7] 	See https://design.ros2.org/articles/node_lifecycle.html for more information.
[lifecycle_manager-8] [INFO] [1775417801.962989132] [lifecycle_manager_navigation]: [34m[1mStarting managed nodes bringup...[0m[0m
[lifecycle_manager-8] [INFO] [1775417801.963162991] [lifecycle_manager_navigation]: [34m[1mConfiguring controller_server[0m[0m
[controller_server-1] [INFO] [1775417801.965451257] [controller_server]: Configuring controller interface
[controller_server-1] [INFO] [1775417801.966256904] [controller_server]: getting goal checker plugins..
[controller_server-1] [INFO] [1775417801.967109207] [controller_server]: Controller frequency set to 10.0000Hz
[controller_server-1] [INFO] [1775417801.967234650] [local_costmap.local_costmap]: Configuring
[controller_server-1] [INFO] [1775417801.992993458] [local_costmap.local_costmap]: Using plugin "obstacle_layer"
[controller_server-1] [INFO] [1775417802.037306129] [local_costmap.local_costmap]: Subscribed to Topics: scan
[controller_server-1] [INFO] [1775417802.050630463] [local_costmap.local_costmap]: Initialized plugin "obstacle_layer"
[controller_server-1] [INFO] [1775417802.050757698] [local_costmap.local_costmap]: Using plugin "inflation_layer"
[controller_server-1] [INFO] [1775417802.053165453] [local_costmap.local_costmap]: Initialized plugin "inflation_layer"
[controller_server-1] [INFO] [1775417802.093577567] [controller_server]: Created progress_checker : progress_checker of type nav2_controller::SimpleProgressChecker
[controller_server-1] [INFO] [1775417802.095876456] [controller_server]: Created goal checker : goal_checker of type nav2_controller::SimpleGoalChecker
[controller_server-1] [INFO] [1775417802.096927899] [controller_server]: Controller Server has goal_checker  goal checkers available.
[controller_server-1] [INFO] [1775417802.103795701] [controller_server]: Created controller : FollowPath of type dwb_core::DWBLocalPlanner
[controller_server-1] [INFO] [1775417802.107853726] [controller_server]: Setting transform_tolerance to 0.200000
[controller_server-1] [INFO] [1775417802.145269626] [controller_server]: Using critic "RotateToGoal" (dwb_critics::RotateToGoalCritic)
[controller_server-1] [INFO] [1775417802.147090587] [controller_server]: Critic plugin initialized
[controller_server-1] [INFO] [1775417802.147588260] [controller_server]: Using critic "Oscillation" (dwb_critics::OscillationCritic)
[controller_server-1] [INFO] [1775417802.149858220] [controller_server]: Critic plugin initialized
[controller_server-1] [INFO] [1775417802.150343541] [controller_server]: Using critic "BaseObstacle" (dwb_critics::BaseObstacleCritic)
[controller_server-1] [INFO] [1775417802.151171588] [controller_server]: Critic plugin initialized
[controller_server-1] [INFO] [1775417802.151623884] [controller_server]: Using critic "GoalAlign" (dwb_critics::GoalAlignCritic)
[controller_server-1] [INFO] [1775417802.152949604] [controller_server]: Critic plugin initialized
[controller_server-1] [INFO] [1775417802.153432844] [controller_server]: Using critic "PathAlign" (dwb_critics::PathAlignCritic)
[controller_server-1] [INFO] [1775417802.154697539] [controller_server]: Critic plugin initialized
[controller_server-1] [INFO] [1775417802.155178443] [controller_server]: Using critic "PathDist" (dwb_critics::PathDistCritic)
[controller_server-1] [INFO] [1775417802.156010362] [controller_server]: Critic plugin initialized
[controller_server-1] [INFO] [1775417802.156428674] [controller_server]: Using critic "GoalDist" (dwb_critics::GoalDistCritic)
[controller_server-1] [INFO] [1775417802.157555350] [controller_server]: Critic plugin initialized
[controller_server-1] [INFO] [1775417802.157621111] [controller_server]: Controller Server has FollowPath  controllers available.
[lifecycle_manager-8] [INFO] [1775417802.185545162] [lifecycle_manager_navigation]: [34m[1mConfiguring smoother_server[0m[0m
[smoother_server-2] [INFO] [1775417802.186187286] [smoother_server]: Configuring smoother server
[smoother_server-2] [INFO] [1775417802.222610624] [smoother_server]: Created smoother : simple_smoother of type nav2_smoother::SimpleSmoother
[smoother_server-2] [INFO] [1775417802.227085136] [smoother_server]: Smoother Server has simple_smoother  smoothers available.
[lifecycle_manager-8] [INFO] [1775417802.253134178] [lifecycle_manager_navigation]: [34m[1mConfiguring planner_server[0m[0m
[planner_server-3] [INFO] [1775417802.253657259] [planner_server]: Configuring
[planner_server-3] [INFO] [1775417802.253764845] [global_costmap.global_costmap]: Configuring
[planner_server-3] [INFO] [1775417802.270945280] [global_costmap.global_costmap]: Using plugin "static_layer"
[planner_server-3] [INFO] [1775417802.280964339] [global_costmap.global_costmap]: Subscribing to the map topic (/map) with transient local durability
[planner_server-3] [INFO] [1775417802.285308609] [global_costmap.global_costmap]: Initialized plugin "static_layer"
[planner_server-3] [INFO] [1775417802.315252888] [global_costmap.global_costmap]: StaticLayer: Resizing costmap to 185 X 172 at 0.050000 m/pix
[planner_server-3] [INFO] [1775417802.316397964] [planner_server]: Created global planner plugin GridBased of type nav2_navfn_planner/NavfnPlanner
[planner_server-3] [INFO] [1775417802.316471534] [planner_server]: Configuring plugin GridBased of type NavfnPlanner
[planner_server-3] [INFO] [1775417802.318219117] [planner_server]: Planner Server has GridBased  planners available.
[lifecycle_manager-8] [INFO] [1775417802.344036890] [lifecycle_manager_navigation]: [34m[1mConfiguring behavior_server[0m[0m
[behavior_server-4] [INFO] [1775417802.344611492] [behavior_server]: Configuring
[behavior_server-4] [INFO] [1775417802.380158944] [behavior_server]: Creating behavior plugin spin of type nav2_behaviors/Spin
[behavior_server-4] [INFO] [1775417802.383214934] [behavior_server]: Configuring spin
[behavior_server-4] [INFO] [1775417802.411224811] [behavior_server]: Creating behavior plugin backup of type nav2_behaviors/BackUp
[behavior_server-4] [INFO] [1775417802.414222528] [behavior_server]: Configuring backup
[behavior_server-4] [INFO] [1775417802.433440888] [behavior_server]: Creating behavior plugin drive_on_heading of type nav2_behaviors/DriveOnHeading
[behavior_server-4] [INFO] [1775417802.436522959] [behavior_server]: Configuring drive_on_heading
[behavior_server-4] [INFO] [1775417802.455430401] [behavior_server]: Creating behavior plugin assisted_teleop of type nav2_behaviors/AssistedTeleop
[behavior_server-4] [INFO] [1775417802.461694833] [behavior_server]: Configuring assisted_teleop
[behavior_server-4] [INFO] [1775417802.481579956] [behavior_server]: Creating behavior plugin wait of type nav2_behaviors/Wait
[behavior_server-4] [INFO] [1775417802.484213987] [behavior_server]: Configuring wait
[lifecycle_manager-8] [INFO] [1775417802.498445729] [lifecycle_manager_navigation]: [34m[1mConfiguring bt_navigator[0m[0m
[bt_navigator-5] [INFO] [1775417802.499218447] [bt_navigator]: Configuring
[lifecycle_manager-8] [INFO] [1775417802.730552373] [lifecycle_manager_navigation]: [34m[1mConfiguring waypoint_follower[0m[0m
[waypoint_follower-6] [INFO] [1775417802.731060190] [waypoint_follower]: Configuring
[waypoint_follower-6] [INFO] [1775417802.771159466] [waypoint_follower]: Created waypoint_task_executor : wait_at_waypoint of type nav2_waypoint_follower::WaitAtWaypoint
[waypoint_follower-6] [INFO] [1775417802.773006988] [waypoint_follower]: Waypoint pause duration is set to zero, disabling task executor plugin.
[lifecycle_manager-8] [INFO] [1775417802.774049950] [lifecycle_manager_navigation]: [34m[1mConfiguring velocity_smoother[0m[0m
[velocity_smoother-7] [INFO] [1775417802.774538695] [velocity_smoother]: Configuring velocity smoother
[lifecycle_manager-8] [INFO] [1775417802.787819668] [lifecycle_manager_navigation]: [34m[1mActivating controller_server[0m[0m
[controller_server-1] [INFO] [1775417802.788738661] [controller_server]: Activating
[controller_server-1] [INFO] [1775417802.788911976] [local_costmap.local_costmap]: Activating
[controller_server-1] [INFO] [1775417802.788956969] [local_costmap.local_costmap]: Checking transform
[controller_server-1] [INFO] [1775417802.789344143] [local_costmap.local_costmap]: start
[controller_server-1] [INFO] [1775417802.993207626] [controller_server]: Creating bond (controller_server) to lifecycle manager.
[lifecycle_manager-8] [INFO] [1775417803.106104799] [lifecycle_manager_navigation]: Server controller_server connected with bond.
[lifecycle_manager-8] [INFO] [1775417803.106260321] [lifecycle_manager_navigation]: [34m[1mActivating smoother_server[0m[0m
[smoother_server-2] [INFO] [1775417803.107044175] [smoother_server]: Activating
[smoother_server-2] [INFO] [1775417803.107176561] [smoother_server]: Creating bond (smoother_server) to lifecycle manager.
[lifecycle_manager-8] [INFO] [1775417803.229614021] [lifecycle_manager_navigation]: Server smoother_server connected with bond.
[lifecycle_manager-8] [INFO] [1775417803.229760487] [lifecycle_manager_navigation]: [34m[1mActivating planner_server[0m[0m
[planner_server-3] [INFO] [1775417803.230540469] [planner_server]: Activating
[planner_server-3] [INFO] [1775417803.230700632] [global_costmap.global_costmap]: Activating
[planner_server-3] [INFO] [1775417803.230760665] [global_costmap.global_costmap]: Checking transform
[planner_server-3] [INFO] [1775417803.231071198] [global_costmap.global_costmap]: start
[planner_server-3] [INFO] [1775417803.281326729] [planner_server]: Activating plugin GridBased of type NavfnPlanner
[planner_server-3] [INFO] [1775417803.284704164] [planner_server]: Creating bond (planner_server) to lifecycle manager.
[lifecycle_manager-8] [INFO] [1775417803.400875914] [lifecycle_manager_navigation]: Server planner_server connected with bond.
[lifecycle_manager-8] [INFO] [1775417803.401022445] [lifecycle_manager_navigation]: [34m[1mActivating behavior_server[0m[0m
[behavior_server-4] [INFO] [1775417803.402199553] [behavior_server]: Activating
[behavior_server-4] [INFO] [1775417803.402313315] [behavior_server]: Activating spin
[behavior_server-4] [INFO] [1775417803.402366820] [behavior_server]: Activating backup
[behavior_server-4] [INFO] [1775417803.402401861] [behavior_server]: Activating drive_on_heading
[behavior_server-4] [INFO] [1775417803.402431525] [behavior_server]: Activating assisted_teleop
[behavior_server-4] [INFO] [1775417803.402460230] [behavior_server]: Activating wait
[behavior_server-4] [INFO] [1775417803.402500039] [behavior_server]: Creating bond (behavior_server) to lifecycle manager.
[lifecycle_manager-8] [INFO] [1775417803.514747177] [lifecycle_manager_navigation]: Server behavior_server connected with bond.
[lifecycle_manager-8] [INFO] [1775417803.514890187] [lifecycle_manager_navigation]: [34m[1mActivating bt_navigator[0m[0m
[bt_navigator-5] [INFO] [1775417803.515671705] [bt_navigator]: Activating
[bt_navigator-5] [INFO] [1775417803.834268675] [bt_navigator]: Creating bond (bt_navigator) to lifecycle manager.
[lifecycle_manager-8] [INFO] [1775417803.949449369] [lifecycle_manager_navigation]: Server bt_navigator connected with bond.
[lifecycle_manager-8] [INFO] [1775417803.949596763] [lifecycle_manager_navigation]: [34m[1mActivating waypoint_follower[0m[0m
[waypoint_follower-6] [INFO] [1775417803.950869489] [waypoint_follower]: Activating
[waypoint_follower-6] [INFO] [1775417803.951008564] [waypoint_follower]: Creating bond (waypoint_follower) to lifecycle manager.
[lifecycle_manager-8] [INFO] [1775417804.063192092] [lifecycle_manager_navigation]: Server waypoint_follower connected with bond.
[lifecycle_manager-8] [INFO] [1775417804.063357343] [lifecycle_manager_navigation]: [34m[1mActivating velocity_smoother[0m[0m
[velocity_smoother-7] [INFO] [1775417804.064260046] [velocity_smoother]: Activating
[velocity_smoother-7] [INFO] [1775417804.064442033] [velocity_smoother]: Creating bond (velocity_smoother) to lifecycle manager.
[lifecycle_manager-8] [INFO] [1775417804.182695911] [lifecycle_manager_navigation]: Server velocity_smoother connected with bond.
[lifecycle_manager-8] [INFO] [1775417804.182836682] [lifecycle_manager_navigation]: [34m[1mManaged nodes are active[0m[0m
[lifecycle_manager-8] [INFO] [1775417804.182969420] [lifecycle_manager_navigation]: [34m[1mCreating bond timer...[0m[0m
[bt_navigator-5] [INFO] [1775417853.076160581] [bt_navigator]: Begin navigating from current location (0.00, -0.00) to (2.52, 3.04)
[controller_server-1] [INFO] [1775417853.098646029] [controller_server]: Received a goal, begin computing control effort.
[controller_server-1] [WARN] [1775417853.098814318] [controller_server]: No goal checker was specified in parameter 'current_goal_checker'. Server will use only plugin loaded goal_checker . This warning will appear once.
[controller_server-1] [INFO] [1775417854.199199123] [controller_server]: Passing new path to controller.
[controller_server-1] [INFO] [1775417855.199227421] [controller_server]: Passing new path to controller.
[controller_server-1] [INFO] [1775417856.199219086] [controller_server]: Passing new path to controller.
[controller_server-1] [INFO] [1775417857.299224199] [controller_server]: Passing new path to controller.
[controller_server-1] [INFO] [1775417858.299209193] [controller_server]: Passing new path to controller.
[controller_server-1] [INFO] [1775417859.299235740] [controller_server]: Passing new path to controller.
[controller_server-1] [INFO] [1775417860.399224423] [controller_server]: Passing new path to controller.
[controller_server-1] [INFO] [1775417861.399227867] [controller_server]: Passing new path to controller.
[controller_server-1] [INFO] [1775417862.399227399] [controller_server]: Passing new path to controller.
[controller_server-1] [INFO] [1775417863.399231981] [controller_server]: Passing new path to controller.
[controller_server-1] [INFO] [1775417864.499230393] [controller_server]: Passing new path to controller.
[controller_server-1] [INFO] [1775417865.499216820] [controller_server]: Passing new path to controller.
[controller_server-1] [INFO] [1775417866.499231471] [controller_server]: Passing new path to controller.
[controller_server-1] [INFO] [1775417867.599223844] [controller_server]: Passing new path to controller.
[controller_server-1] [INFO] [1775417868.599224001] [controller_server]: Passing new path to controller.
[controller_server-1] [INFO] [1775417869.599219684] [controller_server]: Passing new path to controller.
[controller_server-1] [INFO] [1775417870.699271990] [controller_server]: Passing new path to controller.
[controller_server-1] [INFO] [1775417871.699222567] [controller_server]: Passing new path to controller.
[controller_server-1] [INFO] [1775417872.699233381] [controller_server]: Passing new path to controller.
[controller_server-1] [INFO] [1775417873.699231023] [controller_server]: Passing new path to controller.
[controller_server-1] [INFO] [1775417874.799234363] [controller_server]: Passing new path to controller.
[controller_server-1] [INFO] [1775417875.799231681] [controller_server]: Passing new path to controller.
[controller_server-1] [INFO] [1775417876.799218586] [controller_server]: Passing new path to controller.
[controller_server-1] [INFO] [1775417877.899226314] [controller_server]: Passing new path to controller.
[controller_server-1] [INFO] [1775417878.899228135] [controller_server]: Passing new path to controller.
[controller_server-1] [INFO] [1775417879.899229531] [controller_server]: Passing new path to controller.
[controller_server-1] [INFO] [1775417880.999221567] [controller_server]: Passing new path to controller.
[controller_server-1] [INFO] [1775417881.999233472] [controller_server]: Passing new path to controller.
[controller_server-1] [INFO] [1775417882.999222876] [controller_server]: Passing new path to controller.
[controller_server-1] [INFO] [1775417883.999229396] [controller_server]: Passing new path to controller.
[controller_server-1] [INFO] [1775417885.099230510] [controller_server]: Passing new path to controller.
[controller_server-1] [INFO] [1775417886.099228253] [controller_server]: Passing new path to controller.
[controller_server-1] [INFO] [1775417887.099229515] [controller_server]: Passing new path to controller.
[controller_server-1] [INFO] [1775417888.199239478] [controller_server]: Passing new path to controller.
[controller_server-1] [INFO] [1775417889.199226274] [controller_server]: Passing new path to controller.
[controller_server-1] [INFO] [1775417890.199217489] [controller_server]: Passing new path to controller.
[controller_server-1] [INFO] [1775417891.299237942] [controller_server]: Passing new path to controller.
[controller_server-1] [INFO] [1775417892.299232425] [controller_server]: Passing new path to controller.
[controller_server-1] [INFO] [1775417893.299232578] [controller_server]: Passing new path to controller.
[controller_server-1] [INFO] [1775417894.299216192] [controller_server]: Passing new path to controller.
[controller_server-1] [INFO] [1775417895.399234829] [controller_server]: Passing new path to controller.
[controller_server-1] [INFO] [1775417896.399231543] [controller_server]: Passing new path to controller.
[controller_server-1] [INFO] [1775417897.399229833] [controller_server]: Passing new path to controller.
[controller_server-1] [INFO] [1775417898.499232422] [controller_server]: Passing new path to controller.
[controller_server-1] [INFO] [1775417899.499233897] [controller_server]: Passing new path to controller.
[controller_server-1] [INFO] [1775417900.499228086] [controller_server]: Passing new path to controller.
[controller_server-1] [INFO] [1775417901.599215978] [controller_server]: Passing new path to controller.
[controller_server-1] [INFO] [1775417902.599228204] [controller_server]: Passing new path to controller.
[controller_server-1] [INFO] [1775417903.599236443] [controller_server]: Passing new path to controller.
[controller_server-1] [INFO] [1775417904.599233175] [controller_server]: Passing new path to controller.
[controller_server-1] [INFO] [1775417905.699206740] [controller_server]: Passing new path to controller.
[controller_server-1] [INFO] [1775417906.699230922] [controller_server]: Passing new path to controller.
[controller_server-1] [INFO] [1775417907.699226320] [controller_server]: Passing new path to controller.
[controller_server-1] [INFO] [1775417908.799223955] [controller_server]: Passing new path to controller.
[controller_server-1] [INFO] [1775417909.799211862] [controller_server]: Passing new path to controller.
[controller_server-1] [INFO] [1775417910.799208425] [controller_server]: Passing new path to controller.
[controller_server-1] [INFO] [1775417911.799217422] [controller_server]: Passing new path to controller.
[controller_server-1] [INFO] [1775417912.899222700] [controller_server]: Passing new path to controller.
[controller_server-1] [INFO] [1775417913.899222611] [controller_server]: Passing new path to controller.
[controller_server-1] [INFO] [1775417914.899228556] [controller_server]: Passing new path to controller.
[controller_server-1] [INFO] [1775417915.999224668] [controller_server]: Passing new path to controller.
[controller_server-1] [INFO] [1775417916.999230809] [controller_server]: Passing new path to controller.
[controller_server-1] [INFO] [1775417917.999243563] [controller_server]: Passing new path to controller.
[controller_server-1] [INFO] [1775417919.099227440] [controller_server]: Passing new path to controller.
[controller_server-1] [INFO] [1775417920.099235560] [controller_server]: Passing new path to controller.
[controller_server-1] [INFO] [1775417921.099237302] [controller_server]: Passing new path to controller.
[controller_server-1] [INFO] [1775417922.099235705] [controller_server]: Passing new path to controller.
[controller_server-1] [INFO] [1775417923.199235436] [controller_server]: Passing new path to controller.
[controller_server-1] [INFO] [1775417924.199220985] [controller_server]: Passing new path to controller.
[controller_server-1] [INFO] [1775417925.199227452] [controller_server]: Passing new path to controller.
[controller_server-1] [INFO] [1775417926.299238703] [controller_server]: Passing new path to controller.
[controller_server-1] [INFO] [1775417927.299234110] [controller_server]: Passing new path to controller.
[controller_server-1] [INFO] [1775417928.299226437] [controller_server]: Passing new path to controller.
[controller_server-1] [INFO] [1775417929.399297721] [controller_server]: Passing new path to controller.
[controller_server-1] [INFO] [1775417930.399207918] [controller_server]: Passing new path to controller.
[controller_server-1] [INFO] [1775417931.399231515] [controller_server]: Passing new path to controller.
[controller_server-1] [INFO] [1775417932.399228096] [controller_server]: Passing new path to controller.
[controller_server-1] [INFO] [1775417933.499233168] [controller_server]: Passing new path to controller.
[controller_server-1] [INFO] [1775417934.499236390] [controller_server]: Passing new path to controller.
[controller_server-1] [INFO] [1775417935.499225173] [controller_server]: Passing new path to controller.
[controller_server-1] [INFO] [1775417936.599221197] [controller_server]: Passing new path to controller.
[controller_server-1] [INFO] [1775417937.599236909] [controller_server]: Passing new path to controller.
[controller_server-1] [INFO] [1775417938.599214599] [controller_server]: Passing new path to controller.
[controller_server-1] [INFO] [1775417939.699225833] [controller_server]: Passing new path to controller.
