[INFO] [launch]: All log files can be found below /home/jetson/.ros/log/2026-04-02-07-43-32-080789-chandan-54647
[INFO] [launch]: Default logging verbosity is set to INFO
[INFO] [component_container_isolated-1]: process started with pid [54661]
[component_container_isolated-1] [INFO] [1775087014.660200593] [nav2_container]: Load Library: /opt/ros/humble/lib/libcontroller_server_core.so
[component_container_isolated-1] [INFO] [1775087014.677038311] [nav2_container]: Found class: rclcpp_components::NodeFactoryTemplate<nav2_controller::ControllerServer>
[component_container_isolated-1] [INFO] [1775087014.677176106] [nav2_container]: Instantiate class: rclcpp_components::NodeFactoryTemplate<nav2_controller::ControllerServer>
[component_container_isolated-1] [INFO] [1775087014.731256289] [controller_server]: 
[component_container_isolated-1] 	controller_server lifecycle node launched. 
[component_container_isolated-1] 	Waiting on external lifecycle transitions to activate
[component_container_isolated-1] 	See https://design.ros2.org/articles/node_lifecycle.html for more information.
[component_container_isolated-1] [INFO] [1775087014.742227914] [controller_server]: Creating controller server
[component_container_isolated-1] [INFO] [1775087014.784981424] [local_costmap.local_costmap]: 
[component_container_isolated-1] 	local_costmap lifecycle node launched. 
[component_container_isolated-1] 	Waiting on external lifecycle transitions to activate
[component_container_isolated-1] 	See https://design.ros2.org/articles/node_lifecycle.html for more information.
[component_container_isolated-1] [INFO] [1775087014.786624920] [local_costmap.local_costmap]: Creating Costmap
[component_container_isolated-1] [INFO] [1775087014.789401307] [nav2_container]: Load Library: /opt/ros/humble/lib/libmap_server_core.so
[INFO] [launch_ros.actions.load_composable_nodes]: Loaded node '/controller_server' in container '/nav2_container'
[component_container_isolated-1] [INFO] [1775087014.804790190] [nav2_container]: Found class: rclcpp_components::NodeFactoryTemplate<nav2_map_server::CostmapFilterInfoServer>
[component_container_isolated-1] [INFO] [1775087014.804885584] [nav2_container]: Found class: rclcpp_components::NodeFactoryTemplate<nav2_map_server::MapSaver>
[component_container_isolated-1] [INFO] [1775087014.804900144] [nav2_container]: Found class: rclcpp_components::NodeFactoryTemplate<nav2_map_server::MapServer>
[component_container_isolated-1] [INFO] [1775087014.804915121] [nav2_container]: Instantiate class: rclcpp_components::NodeFactoryTemplate<nav2_map_server::MapServer>
[component_container_isolated-1] [INFO] [1775087014.832433928] [map_server]: 
[component_container_isolated-1] 	map_server lifecycle node launched. 
[component_container_isolated-1] 	Waiting on external lifecycle transitions to activate
[component_container_isolated-1] 	See https://design.ros2.org/articles/node_lifecycle.html for more information.
[component_container_isolated-1] [INFO] [1775087014.832559947] [map_server]: Creating
[component_container_isolated-1] [INFO] [1775087014.834647389] [nav2_container]: Load Library: /opt/ros/humble/lib/libsmoother_server_core.so
[INFO] [launch_ros.actions.load_composable_nodes]: Loaded node '/map_server' in container '/nav2_container'
[component_container_isolated-1] [INFO] [1775087014.837651238] [nav2_container]: Found class: rclcpp_components::NodeFactoryTemplate<nav2_smoother::SmootherServer>
[component_container_isolated-1] [INFO] [1775087014.837716327] [nav2_container]: Instantiate class: rclcpp_components::NodeFactoryTemplate<nav2_smoother::SmootherServer>
[component_container_isolated-1] [INFO] [1775087014.871743740] [smoother_server]: 
[component_container_isolated-1] 	smoother_server lifecycle node launched. 
[component_container_isolated-1] 	Waiting on external lifecycle transitions to activate
[component_container_isolated-1] 	See https://design.ros2.org/articles/node_lifecycle.html for more information.
[component_container_isolated-1] [INFO] [1775087014.874378555] [smoother_server]: Creating smoother server
[component_container_isolated-1] [INFO] [1775087014.875908864] [nav2_container]: Load Library: /opt/ros/humble/lib/libamcl_core.so
[INFO] [launch_ros.actions.load_composable_nodes]: Loaded node '/smoother_server' in container '/nav2_container'
[component_container_isolated-1] [INFO] [1775087014.879370899] [nav2_container]: Found class: rclcpp_components::NodeFactoryTemplate<nav2_amcl::AmclNode>
[component_container_isolated-1] [INFO] [1775087014.879441109] [nav2_container]: Instantiate class: rclcpp_components::NodeFactoryTemplate<nav2_amcl::AmclNode>
[component_container_isolated-1] [INFO] [1775087014.916619893] [amcl]: 
[component_container_isolated-1] 	amcl lifecycle node launched. 
[component_container_isolated-1] 	Waiting on external lifecycle transitions to activate
[component_container_isolated-1] 	See https://design.ros2.org/articles/node_lifecycle.html for more information.
[component_container_isolated-1] [INFO] [1775087014.917586764] [amcl]: Creating
[INFO] [launch_ros.actions.load_composable_nodes]: Loaded node '/amcl' in container '/nav2_container'
[component_container_isolated-1] [INFO] [1775087014.926770026] [nav2_container]: Load Library: /opt/ros/humble/lib/libplanner_server_core.so
[component_container_isolated-1] [INFO] [1775087014.928173132] [nav2_container]: Found class: rclcpp_components::NodeFactoryTemplate<nav2_planner::PlannerServer>
[component_container_isolated-1] [INFO] [1775087014.928214509] [nav2_container]: Instantiate class: rclcpp_components::NodeFactoryTemplate<nav2_planner::PlannerServer>
[component_container_isolated-1] [INFO] [1775087014.969128839] [planner_server]: 
[component_container_isolated-1] 	planner_server lifecycle node launched. 
[component_container_isolated-1] 	Waiting on external lifecycle transitions to activate
[component_container_isolated-1] 	See https://design.ros2.org/articles/node_lifecycle.html for more information.
[component_container_isolated-1] [INFO] [1775087014.972361557] [planner_server]: Creating
[component_container_isolated-1] [INFO] [1775087015.025175246] [global_costmap.global_costmap]: 
[component_container_isolated-1] 	global_costmap lifecycle node launched. 
[component_container_isolated-1] 	Waiting on external lifecycle transitions to activate
[component_container_isolated-1] 	See https://design.ros2.org/articles/node_lifecycle.html for more information.
[component_container_isolated-1] [INFO] [1775087015.026234631] [global_costmap.global_costmap]: Creating Costmap
[component_container_isolated-1] [INFO] [1775087015.031651530] [nav2_container]: Load Library: /opt/ros/humble/lib/libnav2_lifecycle_manager_core.so
[INFO] [launch_ros.actions.load_composable_nodes]: Loaded node '/planner_server' in container '/nav2_container'
[component_container_isolated-1] [INFO] [1775087015.032893608] [nav2_container]: Found class: rclcpp_components::NodeFactoryTemplate<nav2_lifecycle_manager::LifecycleManager>
[component_container_isolated-1] [INFO] [1775087015.032936969] [nav2_container]: Instantiate class: rclcpp_components::NodeFactoryTemplate<nav2_lifecycle_manager::LifecycleManager>
[component_container_isolated-1] [INFO] [1775087015.076280798] [lifecycle_manager_localization]: Creating
[INFO] [launch_ros.actions.load_composable_nodes]: Loaded node '/lifecycle_manager_localization' in container '/nav2_container'
[component_container_isolated-1] [INFO] [1775087015.088392673] [lifecycle_manager_localization]: [34m[1mCreating and initializing lifecycle service clients[0m[0m
[component_container_isolated-1] [INFO] [1775087015.088502628] [nav2_container]: Load Library: /opt/ros/humble/lib/libbehavior_server_core.so
[component_container_isolated-1] [INFO] [1775087015.095906871] [nav2_container]: Found class: rclcpp_components::NodeFactoryTemplate<behavior_server::BehaviorServer>
[component_container_isolated-1] [INFO] [1775087015.096015993] [nav2_container]: Instantiate class: rclcpp_components::NodeFactoryTemplate<behavior_server::BehaviorServer>
[component_container_isolated-1] [INFO] [1775087015.144892115] [lifecycle_manager_localization]: [34m[1mStarting managed nodes bringup...[0m[0m
[component_container_isolated-1] [INFO] [1775087015.145009974] [lifecycle_manager_localization]: [34m[1mConfiguring map_server[0m[0m
[component_container_isolated-1] [INFO] [1775087015.145525507] [map_server]: Configuring
[component_container_isolated-1] [INFO] [1775087015.145682342] [map_io]: Loading yaml file: /home/jetson/formica_map.yaml
[component_container_isolated-1] [INFO] [1775087015.146165298] [map_io]: resolution: 0.05
[component_container_isolated-1] [INFO] [1775087015.146194419] [map_io]: origin[0]: -5.9
[component_container_isolated-1] [INFO] [1775087015.146204275] [map_io]: origin[1]: -2.99
[component_container_isolated-1] [INFO] [1775087015.146210547] [map_io]: origin[2]: 0
[component_container_isolated-1] [INFO] [1775087015.146216755] [map_io]: free_thresh: 0.25
[component_container_isolated-1] [INFO] [1775087015.146222547] [map_io]: occupied_thresh: 0.65
[component_container_isolated-1] [INFO] [1775087015.146231028] [map_io]: mode: trinary
[component_container_isolated-1] [INFO] [1775087015.146239700] [map_io]: negate: 0
[component_container_isolated-1] [INFO] [1775087015.146592572] [map_io]: Loading image_file: /home/jetson/formica_map.pgm
[component_container_isolated-1] [INFO] [1775087015.152749105] [map_io]: Read map /home/jetson/formica_map.pgm: 185 X 172 map @ 0.05 m/cell
[component_container_isolated-1] [INFO] [1775087015.173194333] [lifecycle_manager_localization]: [34m[1mConfiguring amcl[0m[0m
[component_container_isolated-1] [INFO] [1775087015.175015881] [amcl]: Configuring
[component_container_isolated-1] [INFO] [1775087015.175229839] [amcl]: initTransforms
[component_container_isolated-1] [INFO] [1775087015.203812415] [behavior_server]: 
[component_container_isolated-1] 	behavior_server lifecycle node launched. 
[component_container_isolated-1] 	Waiting on external lifecycle transitions to activate
[component_container_isolated-1] 	See https://design.ros2.org/articles/node_lifecycle.html for more information.
[INFO] [launch_ros.actions.load_composable_nodes]: Loaded node '/behavior_server' in container '/nav2_container'
[component_container_isolated-1] [INFO] [1775087015.216513906] [amcl]: initPubSub
[component_container_isolated-1] [INFO] [1775087015.221066655] [nav2_container]: Load Library: /opt/ros/humble/lib/libbt_navigator_core.so
[component_container_isolated-1] [INFO] [1775087015.225269413] [nav2_container]: Found class: rclcpp_components::NodeFactoryTemplate<nav2_bt_navigator::BtNavigator>
[component_container_isolated-1] [INFO] [1775087015.225376327] [nav2_container]: Instantiate class: rclcpp_components::NodeFactoryTemplate<nav2_bt_navigator::BtNavigator>
[component_container_isolated-1] [INFO] [1775087015.235891717] [amcl]: Subscribed to map topic.
[component_container_isolated-1] [INFO] [1775087015.262906064] [amcl]: Received a 106 X 116 map @ 0.050 m/pix
[component_container_isolated-1] [INFO] [1775087015.263935561] [lifecycle_manager_localization]: [34m[1mActivating map_server[0m[0m
[component_container_isolated-1] [INFO] [1775087015.264353875] [map_server]: Activating
[component_container_isolated-1] [INFO] [1775087015.264804702] [map_server]: Creating bond (map_server) to lifecycle manager.
[component_container_isolated-1] [INFO] [1775087015.265744596] [amcl]: Received a 185 X 172 map @ 0.050 m/pix
[component_container_isolated-1] [INFO] [1775087015.315696008] [bt_navigator]: 
[component_container_isolated-1] 	bt_navigator lifecycle node launched. 
[component_container_isolated-1] 	Waiting on external lifecycle transitions to activate
[component_container_isolated-1] 	See https://design.ros2.org/articles/node_lifecycle.html for more information.
[component_container_isolated-1] [INFO] [1775087015.315849100] [bt_navigator]: Creating
[INFO] [launch_ros.actions.load_composable_nodes]: Loaded node '/bt_navigator' in container '/nav2_container'
[component_container_isolated-1] [INFO] [1775087015.321385265] [nav2_container]: Load Library: /opt/ros/humble/lib/libwaypoint_follower_core.so
[component_container_isolated-1] [INFO] [1775087015.322684337] [nav2_container]: Found class: rclcpp_components::NodeFactoryTemplate<nav2_waypoint_follower::WaypointFollower>
[component_container_isolated-1] [INFO] [1775087015.322746930] [nav2_container]: Instantiate class: rclcpp_components::NodeFactoryTemplate<nav2_waypoint_follower::WaypointFollower>
[component_container_isolated-1] [INFO] [1775087015.378512338] [waypoint_follower]: 
[component_container_isolated-1] 	waypoint_follower lifecycle node launched. 
[component_container_isolated-1] 	Waiting on external lifecycle transitions to activate
[component_container_isolated-1] 	See https://design.ros2.org/articles/node_lifecycle.html for more information.
[component_container_isolated-1] [INFO] [1775087015.379702383] [waypoint_follower]: Creating
[INFO] [launch_ros.actions.load_composable_nodes]: Loaded node '/waypoint_follower' in container '/nav2_container'
[component_container_isolated-1] [INFO] [1775087015.385771201] [nav2_container]: Load Library: /opt/ros/humble/lib/libvelocity_smoother_core.so
[component_container_isolated-1] [INFO] [1775087015.387071073] [lifecycle_manager_localization]: Server map_server connected with bond.
[component_container_isolated-1] [INFO] [1775087015.387132002] [lifecycle_manager_localization]: [34m[1mActivating amcl[0m[0m
[component_container_isolated-1] [INFO] [1775087015.387604045] [amcl]: Activating
[component_container_isolated-1] [INFO] [1775087015.387664719] [amcl]: Creating bond (amcl) to lifecycle manager.
[component_container_isolated-1] [INFO] [1775087015.389022608] [nav2_container]: Found class: rclcpp_components::NodeFactoryTemplate<nav2_velocity_smoother::VelocitySmoother>
[component_container_isolated-1] [INFO] [1775087015.389075857] [nav2_container]: Instantiate class: rclcpp_components::NodeFactoryTemplate<nav2_velocity_smoother::VelocitySmoother>
[component_container_isolated-1] [INFO] [1775087015.457904012] [velocity_smoother]: 
[INFO] [launch_ros.actions.load_composable_nodes]: Loaded node '/velocity_smoother' in container '/nav2_container'
[component_container_isolated-1] 	velocity_smoother lifecycle node launched. 
[component_container_isolated-1] 	Waiting on external lifecycle transitions to activate
[component_container_isolated-1] 	See https://design.ros2.org/articles/node_lifecycle.html for more information.
[component_container_isolated-1] [INFO] [1775087015.462490874] [nav2_container]: Found class: rclcpp_components::NodeFactoryTemplate<nav2_lifecycle_manager::LifecycleManager>
[component_container_isolated-1] [INFO] [1775087015.462613341] [nav2_container]: Instantiate class: rclcpp_components::NodeFactoryTemplate<nav2_lifecycle_manager::LifecycleManager>
[component_container_isolated-1] [INFO] [1775087015.500156646] [lifecycle_manager_localization]: Server amcl connected with bond.
[component_container_isolated-1] [INFO] [1775087015.500251593] [lifecycle_manager_localization]: [34m[1mManaged nodes are active[0m[0m
[component_container_isolated-1] [INFO] [1775087015.500285417] [lifecycle_manager_localization]: [34m[1mCreating bond timer...[0m[0m
[component_container_isolated-1] [INFO] [1775087015.501714028] [amcl]: createLaserObject
[component_container_isolated-1] [INFO] [1775087015.513859089] [lifecycle_manager_navigation]: Creating
[INFO] [launch_ros.actions.load_composable_nodes]: Loaded node '/lifecycle_manager_navigation' in container '/nav2_container'
[component_container_isolated-1] [INFO] [1775087015.528985117] [lifecycle_manager_navigation]: [34m[1mCreating and initializing lifecycle service clients[0m[0m
[component_container_isolated-1] [INFO] [1775087015.609257420] [lifecycle_manager_navigation]: [34m[1mStarting managed nodes bringup...[0m[0m
[component_container_isolated-1] [INFO] [1775087015.609396815] [lifecycle_manager_navigation]: [34m[1mConfiguring controller_server[0m[0m
[component_container_isolated-1] [INFO] [1775087015.609811673] [controller_server]: Configuring controller interface
[component_container_isolated-1] [INFO] [1775087015.610356295] [controller_server]: getting goal checker plugins..
[component_container_isolated-1] [INFO] [1775087015.610573260] [controller_server]: Controller frequency set to 20.0000Hz
[component_container_isolated-1] [INFO] [1775087015.610656942] [local_costmap.local_costmap]: Configuring
[component_container_isolated-1] [INFO] [1775087015.622473131] [local_costmap.local_costmap]: Using plugin "voxel_layer"
[component_container_isolated-1] [INFO] [1775087015.640549534] [local_costmap.local_costmap]: Subscribed to Topics: scan
[component_container_isolated-1] [INFO] [1775087015.669192401] [local_costmap.local_costmap]: Initialized plugin "voxel_layer"
[component_container_isolated-1] [INFO] [1775087015.669288979] [local_costmap.local_costmap]: Using plugin "inflation_layer"
[component_container_isolated-1] [INFO] [1775087015.672969740] [local_costmap.local_costmap]: Initialized plugin "inflation_layer"
[component_container_isolated-1] [INFO] [1775087015.711314536] [controller_server]: Created progress_checker : progress_checker of type nav2_controller::SimpleProgressChecker
[component_container_isolated-1] [INFO] [1775087015.716012089] [controller_server]: Created goal checker : general_goal_checker of type nav2_controller::SimpleGoalChecker
[component_container_isolated-1] [INFO] [1775087015.718441940] [controller_server]: Controller Server has general_goal_checker  goal checkers available.
[component_container_isolated-1] [INFO] [1775087015.721730051] [controller_server]: Created controller : FollowPath of type dwb_core::DWBLocalPlanner
[component_container_isolated-1] [INFO] [1775087015.729289817] [controller_server]: Setting transform_tolerance to 0.200000
[component_container_isolated-1] [INFO] [1775087015.775393488] [controller_server]: Using critic "RotateToGoal" (dwb_critics::RotateToGoalCritic)
[component_container_isolated-1] [INFO] [1775087015.778259862] [controller_server]: Critic plugin initialized
[component_container_isolated-1] [INFO] [1775087015.778874340] [controller_server]: Using critic "Oscillation" (dwb_critics::OscillationCritic)
[component_container_isolated-1] [INFO] [1775087015.781916590] [controller_server]: Critic plugin initialized
[component_container_isolated-1] [INFO] [1775087015.782422810] [controller_server]: Using critic "BaseObstacle" (dwb_critics::BaseObstacleCritic)
[component_container_isolated-1] [INFO] [1775087015.783520948] [controller_server]: Critic plugin initialized
[component_container_isolated-1] [INFO] [1775087015.784092034] [controller_server]: Using critic "GoalAlign" (dwb_critics::GoalAlignCritic)
[component_container_isolated-1] [INFO] [1775087015.785785099] [controller_server]: Critic plugin initialized
[component_container_isolated-1] [INFO] [1775087015.786458971] [controller_server]: Using critic "PathAlign" (dwb_critics::PathAlignCritic)
[component_container_isolated-1] [INFO] [1775087015.788469004] [controller_server]: Critic plugin initialized
[component_container_isolated-1] [INFO] [1775087015.789042329] [controller_server]: Using critic "PathDist" (dwb_critics::PathDistCritic)
[component_container_isolated-1] [INFO] [1775087015.790097459] [controller_server]: Critic plugin initialized
[component_container_isolated-1] [INFO] [1775087015.790565374] [controller_server]: Using critic "GoalDist" (dwb_critics::GoalDistCritic)
[component_container_isolated-1] [INFO] [1775087015.791521397] [controller_server]: Critic plugin initialized
[component_container_isolated-1] [INFO] [1775087015.791579159] [controller_server]: Controller Server has FollowPath  controllers available.
[component_container_isolated-1] [INFO] [1775087015.817594698] [lifecycle_manager_navigation]: [34m[1mConfiguring smoother_server[0m[0m
[component_container_isolated-1] [INFO] [1775087015.817868688] [smoother_server]: Configuring smoother server
[component_container_isolated-1] [INFO] [1775087015.838288476] [smoother_server]: Created smoother : simple_smoother of type nav2_smoother::SimpleSmoother
[component_container_isolated-1] [INFO] [1775087015.842074584] [smoother_server]: Smoother Server has simple_smoother  smoothers available.
[component_container_isolated-1] [INFO] [1775087015.861305255] [lifecycle_manager_navigation]: [34m[1mConfiguring planner_server[0m[0m
[component_container_isolated-1] [INFO] [1775087015.861686608] [planner_server]: Configuring
[component_container_isolated-1] [INFO] [1775087015.861768370] [global_costmap.global_costmap]: Configuring
[component_container_isolated-1] [INFO] [1775087015.875376346] [global_costmap.global_costmap]: Using plugin "static_layer"
[component_container_isolated-1] [INFO] [1775087015.880353170] [global_costmap.global_costmap]: Subscribing to the map topic (/map) with transient local durability
[component_container_isolated-1] [INFO] [1775087015.889382156] [global_costmap.global_costmap]: Initialized plugin "static_layer"
[component_container_isolated-1] [INFO] [1775087015.889484398] [global_costmap.global_costmap]: Using plugin "obstacle_layer"
[component_container_isolated-1] [INFO] [1775087015.899891721] [global_costmap.global_costmap]: Subscribed to Topics: scan
[component_container_isolated-1] [INFO] [1775087015.916739903] [global_costmap.global_costmap]: Initialized plugin "obstacle_layer"
[component_container_isolated-1] [INFO] [1775087015.916843586] [global_costmap.global_costmap]: Using plugin "inflation_layer"
[component_container_isolated-1] [INFO] [1775087015.921857755] [global_costmap.global_costmap]: Initialized plugin "inflation_layer"
[component_container_isolated-1] [INFO] [1775087015.953995073] [global_costmap.global_costmap]: StaticLayer: Resizing costmap to 106 X 116 at 0.050000 m/pix
[component_container_isolated-1] [INFO] [1775087015.954745587] [planner_server]: Created global planner plugin GridBased of type nav2_navfn_planner/NavfnPlanner
[component_container_isolated-1] [INFO] [1775087015.955902127] [planner_server]: Configuring plugin GridBased of type NavfnPlanner
[component_container_isolated-1] [INFO] [1775087015.961161486] [planner_server]: Planner Server has GridBased  planners available.
[component_container_isolated-1] [INFO] [1775087016.001007279] [lifecycle_manager_navigation]: [34m[1mConfiguring behavior_server[0m[0m
[component_container_isolated-1] [INFO] [1775087016.001571740] [behavior_server]: Configuring
[component_container_isolated-1] [INFO] [1775087016.029139541] [behavior_server]: Creating behavior plugin spin of type nav2_behaviors/Spin
[component_container_isolated-1] [INFO] [1775087016.032165214] [behavior_server]: Configuring spin
[component_container_isolated-1] [INFO] [1775087016.064415079] [behavior_server]: Creating behavior plugin backup of type nav2_behaviors/BackUp
[component_container_isolated-1] [INFO] [1775087016.066269812] [behavior_server]: Configuring backup
[component_container_isolated-1] [INFO] [1775087016.093852780] [behavior_server]: Creating behavior plugin drive_on_heading of type nav2_behaviors/DriveOnHeading
[component_container_isolated-1] [INFO] [1775087016.095443539] [behavior_server]: Configuring drive_on_heading
[component_container_isolated-1] [INFO] [1775087016.129895537] [behavior_server]: Creating behavior plugin assisted_teleop of type nav2_behaviors/AssistedTeleop
[component_container_isolated-1] [INFO] [1775087016.133000700] [behavior_server]: Configuring assisted_teleop
[component_container_isolated-1] [INFO] [1775087016.183743203] [behavior_server]: Creating behavior plugin wait of type nav2_behaviors/Wait
[component_container_isolated-1] [INFO] [1775087016.185284104] [behavior_server]: Configuring wait
[component_container_isolated-1] [INFO] [1775087016.217653333] [lifecycle_manager_navigation]: [34m[1mConfiguring bt_navigator[0m[0m
[component_container_isolated-1] [INFO] [1775087016.218132960] [bt_navigator]: Configuring
[component_container_isolated-1] [INFO] [1775087016.262773556] [amcl]: Message Filter dropping message: frame 'laser' at time 1775087015.092 for reason 'the timestamp on the message is earlier than all the data in the transform cache'
[component_container_isolated-1] [INFO] [1775087016.517673108] [lifecycle_manager_navigation]: [34m[1mConfiguring waypoint_follower[0m[0m
[component_container_isolated-1] [INFO] [1775087016.518134591] [waypoint_follower]: Configuring
[component_container_isolated-1] [INFO] [1775087016.552062129] [waypoint_follower]: Created waypoint_task_executor : wait_at_waypoint of type nav2_waypoint_follower::WaitAtWaypoint
[component_container_isolated-1] [INFO] [1775087016.555480355] [lifecycle_manager_navigation]: [34m[1mConfiguring velocity_smoother[0m[0m
[component_container_isolated-1] [INFO] [1775087016.555792139] [velocity_smoother]: Configuring velocity smoother
[component_container_isolated-1] [INFO] [1775087016.568561823] [lifecycle_manager_navigation]: [34m[1mActivating controller_server[0m[0m
[component_container_isolated-1] [INFO] [1775087016.568927144] [controller_server]: Activating
[component_container_isolated-1] [INFO] [1775087016.569016234] [local_costmap.local_costmap]: Activating
[component_container_isolated-1] [INFO] [1775087016.569060459] [local_costmap.local_costmap]: Checking transform
[component_container_isolated-1] [INFO] [1775087016.569271792] [local_costmap.local_costmap]: start
[component_container_isolated-1] [INFO] [1775087016.822224705] [controller_server]: Creating bond (controller_server) to lifecycle manager.
[component_container_isolated-1] [INFO] [1775087016.935700048] [lifecycle_manager_navigation]: Server controller_server connected with bond.
[component_container_isolated-1] [INFO] [1775087016.935838964] [lifecycle_manager_navigation]: [34m[1mActivating smoother_server[0m[0m
[component_container_isolated-1] [INFO] [1775087016.936860748] [smoother_server]: Activating
[component_container_isolated-1] [INFO] [1775087016.937003312] [smoother_server]: Creating bond (smoother_server) to lifecycle manager.
[component_container_isolated-1] [INFO] [1775087017.011026600] [amcl]: Received a 106 X 116 map @ 0.050 m/pix
[component_container_isolated-1] [INFO] [1775087017.057840336] [lifecycle_manager_navigation]: Server smoother_server connected with bond.
[component_container_isolated-1] [INFO] [1775087017.058006484] [lifecycle_manager_navigation]: [34m[1mActivating planner_server[0m[0m
[component_container_isolated-1] [INFO] [1775087017.058933867] [planner_server]: Activating
[component_container_isolated-1] [INFO] [1775087017.059093166] [global_costmap.global_costmap]: Activating
[component_container_isolated-1] [INFO] [1775087017.059144976] [global_costmap.global_costmap]: Checking transform
[component_container_isolated-1] [INFO] [1775087017.059456279] [global_costmap.global_costmap]: start
[component_container_isolated-1] [INFO] [1775087017.070384447] [amcl]: createLaserObject
[component_container_isolated-1] [WARN] [1775087017.206883641] [amcl]: AMCL cannot publish a pose or update the transform. Please set the initial pose...
[component_container_isolated-1] [INFO] [1775087018.062175265] [planner_server]: Activating plugin GridBased of type NavfnPlanner
[component_container_isolated-1] [INFO] [1775087018.068544570] [planner_server]: Creating bond (planner_server) to lifecycle manager.
[component_container_isolated-1] [INFO] [1775087018.177797828] [lifecycle_manager_navigation]: Server planner_server connected with bond.
[component_container_isolated-1] [INFO] [1775087018.177957672] [lifecycle_manager_navigation]: [34m[1mActivating behavior_server[0m[0m
[component_container_isolated-1] [INFO] [1775087018.179030818] [behavior_server]: Activating
[component_container_isolated-1] [INFO] [1775087018.179119332] [behavior_server]: Activating spin
[component_container_isolated-1] [INFO] [1775087018.179183589] [behavior_server]: Activating backup
[component_container_isolated-1] [INFO] [1775087018.179223654] [behavior_server]: Activating drive_on_heading
[component_container_isolated-1] [INFO] [1775087018.179257159] [behavior_server]: Activating assisted_teleop
[component_container_isolated-1] [INFO] [1775087018.179288200] [behavior_server]: Activating wait
[component_container_isolated-1] [INFO] [1775087018.179329033] [behavior_server]: Creating bond (behavior_server) to lifecycle manager.
[component_container_isolated-1] [INFO] [1775087018.293223810] [lifecycle_manager_navigation]: Server behavior_server connected with bond.
[component_container_isolated-1] [INFO] [1775087018.293385062] [lifecycle_manager_navigation]: [34m[1mActivating bt_navigator[0m[0m
[component_container_isolated-1] [INFO] [1775087018.294182617] [bt_navigator]: Activating
[component_container_isolated-1] [INFO] [1775087018.688961381] [bt_navigator]: Creating bond (bt_navigator) to lifecycle manager.
[component_container_isolated-1] [INFO] [1775087018.803086020] [lifecycle_manager_navigation]: Server bt_navigator connected with bond.
[component_container_isolated-1] [INFO] [1775087018.803233448] [lifecycle_manager_navigation]: [34m[1mActivating waypoint_follower[0m[0m
[component_container_isolated-1] [INFO] [1775087018.804302146] [waypoint_follower]: Activating
[component_container_isolated-1] [INFO] [1775087018.804441061] [waypoint_follower]: Creating bond (waypoint_follower) to lifecycle manager.
[component_container_isolated-1] [INFO] [1775087018.924627094] [lifecycle_manager_navigation]: Server waypoint_follower connected with bond.
[component_container_isolated-1] [INFO] [1775087018.924764281] [lifecycle_manager_navigation]: [34m[1mActivating velocity_smoother[0m[0m
[component_container_isolated-1] [INFO] [1775087018.925661615] [velocity_smoother]: Activating
[component_container_isolated-1] [INFO] [1775087018.925845587] [velocity_smoother]: Creating bond (velocity_smoother) to lifecycle manager.
[component_container_isolated-1] [INFO] [1775087019.044163447] [lifecycle_manager_navigation]: Server velocity_smoother connected with bond.
[component_container_isolated-1] [INFO] [1775087019.044331995] [lifecycle_manager_navigation]: [34m[1mManaged nodes are active[0m[0m
[component_container_isolated-1] [INFO] [1775087019.044375645] [lifecycle_manager_navigation]: [34m[1mCreating bond timer...[0m[0m
[component_container_isolated-1] [WARN] [1775087019.305271053] [amcl]: AMCL cannot publish a pose or update the transform. Please set the initial pose...
[component_container_isolated-1] [WARN] [1775087021.409899098] [amcl]: AMCL cannot publish a pose or update the transform. Please set the initial pose...
[component_container_isolated-1] [INFO] [1775087022.010892882] [amcl]: Received a 106 X 116 map @ 0.050 m/pix
[component_container_isolated-1] [INFO] [1775087022.069318162] [amcl]: createLaserObject
[component_container_isolated-1] [WARN] [1775087023.507718565] [amcl]: AMCL cannot publish a pose or update the transform. Please set the initial pose...
[component_container_isolated-1] [WARN] [1775087025.607738726] [amcl]: AMCL cannot publish a pose or update the transform. Please set the initial pose...
[component_container_isolated-1] [INFO] [1775087027.010764102] [amcl]: Received a 106 X 116 map @ 0.050 m/pix
[component_container_isolated-1] [INFO] [1775087027.057956696] [amcl]: createLaserObject
[component_container_isolated-1] [WARN] [1775087027.719323264] [amcl]: AMCL cannot publish a pose or update the transform. Please set the initial pose...
[component_container_isolated-1] [WARN] [1775087029.819619180] [amcl]: AMCL cannot publish a pose or update the transform. Please set the initial pose...
[component_container_isolated-1] [WARN] [1775087031.919141990] [amcl]: AMCL cannot publish a pose or update the transform. Please set the initial pose...
[component_container_isolated-1] [INFO] [1775087032.011160849] [amcl]: Received a 106 X 116 map @ 0.050 m/pix
[component_container_isolated-1] [INFO] [1775087032.054423396] [amcl]: createLaserObject
[component_container_isolated-1] [WARN] [1775087034.020083493] [amcl]: AMCL cannot publish a pose or update the transform. Please set the initial pose...
[component_container_isolated-1] [WARN] [1775087036.120303284] [amcl]: AMCL cannot publish a pose or update the transform. Please set the initial pose...
[component_container_isolated-1] [INFO] [1775087037.011084922] [amcl]: Received a 106 X 116 map @ 0.050 m/pix
[component_container_isolated-1] [INFO] [1775087037.041838720] [amcl]: createLaserObject
[component_container_isolated-1] [WARN] [1775087038.232952816] [amcl]: AMCL cannot publish a pose or update the transform. Please set the initial pose...
[component_container_isolated-1] [WARN] [1775087040.333767633] [amcl]: AMCL cannot publish a pose or update the transform. Please set the initial pose...
[component_container_isolated-1] [INFO] [1775087042.011010830] [amcl]: Received a 106 X 116 map @ 0.050 m/pix
[component_container_isolated-1] [INFO] [1775087042.040754395] [amcl]: createLaserObject
[component_container_isolated-1] [WARN] [1775087042.433152017] [amcl]: AMCL cannot publish a pose or update the transform. Please set the initial pose...
[component_container_isolated-1] [WARN] [1775087044.545470571] [amcl]: AMCL cannot publish a pose or update the transform. Please set the initial pose...
[component_container_isolated-1] [WARN] [1775087046.646196463] [amcl]: AMCL cannot publish a pose or update the transform. Please set the initial pose...
[component_container_isolated-1] [INFO] [1775087047.011486584] [amcl]: Received a 106 X 116 map @ 0.050 m/pix
[component_container_isolated-1] [INFO] [1775087047.039779970] [amcl]: createLaserObject
[component_container_isolated-1] [WARN] [1775087048.751325151] [amcl]: AMCL cannot publish a pose or update the transform. Please set the initial pose...
[component_container_isolated-1] [WARN] [1775087050.859858658] [amcl]: AMCL cannot publish a pose or update the transform. Please set the initial pose...
[component_container_isolated-1] [INFO] [1775087052.010828881] [amcl]: Received a 106 X 116 map @ 0.050 m/pix
[component_container_isolated-1] [INFO] [1775087052.039183933] [amcl]: createLaserObject
[component_container_isolated-1] [WARN] [1775087052.959429935] [amcl]: AMCL cannot publish a pose or update the transform. Please set the initial pose...
[component_container_isolated-1] [WARN] [1775087055.071530284] [amcl]: AMCL cannot publish a pose or update the transform. Please set the initial pose...
[component_container_isolated-1] [INFO] [1775087057.012389449] [amcl]: Received a 106 X 116 map @ 0.050 m/pix
[component_container_isolated-1] [INFO] [1775087057.036677587] [amcl]: createLaserObject
[component_container_isolated-1] [WARN] [1775087057.171477030] [amcl]: AMCL cannot publish a pose or update the transform. Please set the initial pose...
[component_container_isolated-1] [WARN] [1775087059.273043528] [amcl]: AMCL cannot publish a pose or update the transform. Please set the initial pose...
[component_container_isolated-1] [WARN] [1775087061.371566467] [amcl]: AMCL cannot publish a pose or update the transform. Please set the initial pose...
[component_container_isolated-1] [INFO] [1775087062.011444942] [amcl]: Received a 106 X 116 map @ 0.050 m/pix
[component_container_isolated-1] [INFO] [1775087062.036013118] [amcl]: createLaserObject
[component_container_isolated-1] [WARN] [1775087063.484310390] [amcl]: AMCL cannot publish a pose or update the transform. Please set the initial pose...
[component_container_isolated-1] [WARN] [1775087065.585424434] [amcl]: AMCL cannot publish a pose or update the transform. Please set the initial pose...
[component_container_isolated-1] [INFO] [1775087067.011050217] [amcl]: Received a 106 X 116 map @ 0.050 m/pix
[component_container_isolated-1] [INFO] [1775087067.023175758] [amcl]: createLaserObject
[component_container_isolated-1] [WARN] [1775087067.685686748] [amcl]: AMCL cannot publish a pose or update the transform. Please set the initial pose...
[component_container_isolated-1] [WARN] [1775087069.786061354] [amcl]: AMCL cannot publish a pose or update the transform. Please set the initial pose...
[component_container_isolated-1] [WARN] [1775087071.886188563] [amcl]: AMCL cannot publish a pose or update the transform. Please set the initial pose...
[component_container_isolated-1] [INFO] [1775087072.010977558] [amcl]: Received a 106 X 116 map @ 0.050 m/pix
[component_container_isolated-1] [INFO] [1775087072.021115370] [amcl]: createLaserObject
[component_container_isolated-1] [WARN] [1775087073.999010257] [amcl]: AMCL cannot publish a pose or update the transform. Please set the initial pose...
[component_container_isolated-1] [WARN] [1775087076.098998842] [amcl]: AMCL cannot publish a pose or update the transform. Please set the initial pose...
[component_container_isolated-1] [INFO] [1775087077.011009934] [amcl]: Received a 106 X 116 map @ 0.050 m/pix
[component_container_isolated-1] [INFO] [1775087077.020349840] [amcl]: createLaserObject
[component_container_isolated-1] [WARN] [1775087078.212579885] [amcl]: AMCL cannot publish a pose or update the transform. Please set the initial pose...
[component_container_isolated-1] [WARN] [1775087080.312149584] [amcl]: AMCL cannot publish a pose or update the transform. Please set the initial pose...
[component_container_isolated-1] [INFO] [1775087082.011154963] [amcl]: Received a 106 X 116 map @ 0.050 m/pix
[component_container_isolated-1] [INFO] [1775087082.020262414] [amcl]: createLaserObject
[component_container_isolated-1] [WARN] [1775087082.411972474] [amcl]: AMCL cannot publish a pose or update the transform. Please set the initial pose...
[component_container_isolated-1] [WARN] [1775087084.523592994] [amcl]: AMCL cannot publish a pose or update the transform. Please set the initial pose...
[component_container_isolated-1] [WARN] [1775087086.624646606] [amcl]: AMCL cannot publish a pose or update the transform. Please set the initial pose...
[component_container_isolated-1] [INFO] [1775087087.011019193] [amcl]: Received a 106 X 116 map @ 0.050 m/pix
[component_container_isolated-1] [INFO] [1775087087.018375083] [amcl]: createLaserObject
[component_container_isolated-1] [WARN] [1775087088.725129997] [amcl]: AMCL cannot publish a pose or update the transform. Please set the initial pose...
[component_container_isolated-1] [WARN] [1775087090.837915062] [amcl]: AMCL cannot publish a pose or update the transform. Please set the initial pose...
[component_container_isolated-1] [INFO] [1775087092.010806439] [amcl]: Received a 106 X 116 map @ 0.050 m/pix
[component_container_isolated-1] [INFO] [1775087092.016732854] [amcl]: createLaserObject
[component_container_isolated-1] [WARN] [1775087092.938368727] [amcl]: AMCL cannot publish a pose or update the transform. Please set the initial pose...
[component_container_isolated-1] [WARN] [1775087095.039400392] [amcl]: AMCL cannot publish a pose or update the transform. Please set the initial pose...
[component_container_isolated-1] [INFO] [1775087097.011066377] [amcl]: Received a 106 X 116 map @ 0.050 m/pix
[component_container_isolated-1] [INFO] [1775087097.015567189] [amcl]: createLaserObject
[component_container_isolated-1] [WARN] [1775087097.150742772] [amcl]: AMCL cannot publish a pose or update the transform. Please set the initial pose...
[component_container_isolated-1] [WARN] [1775087099.250861362] [amcl]: AMCL cannot publish a pose or update the transform. Please set the initial pose...
[component_container_isolated-1] [WARN] [1775087101.366010012] [amcl]: AMCL cannot publish a pose or update the transform. Please set the initial pose...
[component_container_isolated-1] [INFO] [1775087102.011289810] [amcl]: Received a 106 X 116 map @ 0.050 m/pix
[component_container_isolated-1] [INFO] [1775087102.014840776] [amcl]: createLaserObject
[component_container_isolated-1] [WARN] [1775087103.463860582] [amcl]: AMCL cannot publish a pose or update the transform. Please set the initial pose...
[component_container_isolated-1] [WARN] [1775087105.563735491] [amcl]: AMCL cannot publish a pose or update the transform. Please set the initial pose...
[component_container_isolated-1] [INFO] [1775087107.010691409] [amcl]: Received a 106 X 116 map @ 0.050 m/pix
[component_container_isolated-1] [INFO] [1775087107.013001065] [amcl]: createLaserObject
[component_container_isolated-1] [WARN] [1775087107.663483454] [amcl]: AMCL cannot publish a pose or update the transform. Please set the initial pose...
[component_container_isolated-1] [WARN] [1775087109.776980647] [amcl]: AMCL cannot publish a pose or update the transform. Please set the initial pose...
[component_container_isolated-1] [WARN] [1775087111.876922186] [amcl]: AMCL cannot publish a pose or update the transform. Please set the initial pose...
[component_container_isolated-1] [INFO] [1775087112.011097905] [amcl]: Received a 106 X 116 map @ 0.050 m/pix
[component_container_isolated-1] [INFO] [1775087112.013813170] [amcl]: createLaserObject
[component_container_isolated-1] [WARN] [1775087113.977413499] [amcl]: AMCL cannot publish a pose or update the transform. Please set the initial pose...
[component_container_isolated-1] [WARN] [1775087116.060822706] [amcl]: AMCL cannot publish a pose or update the transform. Please set the initial pose...
[component_container_isolated-1] [INFO] [1775087117.011176273] [amcl]: Received a 106 X 116 map @ 0.050 m/pix
[component_container_isolated-1] [INFO] [1775087117.133287189] [amcl]: createLaserObject
[component_container_isolated-1] [WARN] [1775087118.189719892] [amcl]: AMCL cannot publish a pose or update the transform. Please set the initial pose...
[component_container_isolated-1] [WARN] [1775087120.303116418] [amcl]: AMCL cannot publish a pose or update the transform. Please set the initial pose...
[component_container_isolated-1] [INFO] [1775087122.012378548] [amcl]: Received a 106 X 116 map @ 0.050 m/pix
[component_container_isolated-1] [INFO] [1775087122.144796561] [amcl]: createLaserObject
[component_container_isolated-1] [WARN] [1775087122.401996787] [amcl]: AMCL cannot publish a pose or update the transform. Please set the initial pose...
[component_container_isolated-1] [WARN] [1775087124.515135901] [amcl]: AMCL cannot publish a pose or update the transform. Please set the initial pose...
[component_container_isolated-1] [WARN] [1775087126.615469876] [amcl]: AMCL cannot publish a pose or update the transform. Please set the initial pose...
[component_container_isolated-1] [INFO] [1775087127.011689459] [amcl]: Received a 106 X 116 map @ 0.050 m/pix
[component_container_isolated-1] [INFO] [1775087127.012510055] [amcl]: createLaserObject
[component_container_isolated-1] [WARN] [1775087128.728109782] [amcl]: AMCL cannot publish a pose or update the transform. Please set the initial pose...
[component_container_isolated-1] [WARN] [1775087130.828679381] [amcl]: AMCL cannot publish a pose or update the transform. Please set the initial pose...
[component_container_isolated-1] [INFO] [1775087132.010989049] [amcl]: Received a 106 X 116 map @ 0.050 m/pix
[component_container_isolated-1] [INFO] [1775087132.019432549] [amcl]: createLaserObject
[component_container_isolated-1] [WARN] [1775087132.941048627] [amcl]: AMCL cannot publish a pose or update the transform. Please set the initial pose...
[component_container_isolated-1] [WARN] [1775087135.054227462] [amcl]: AMCL cannot publish a pose or update the transform. Please set the initial pose...
[component_container_isolated-1] [INFO] [1775087137.011146940] [amcl]: Received a 106 X 116 map @ 0.050 m/pix
[component_container_isolated-1] [INFO] [1775087137.030776630] [amcl]: createLaserObject
[component_container_isolated-1] [WARN] [1775087137.153713135] [amcl]: AMCL cannot publish a pose or update the transform. Please set the initial pose...
[component_container_isolated-1] [WARN] [1775087139.265822411] [amcl]: AMCL cannot publish a pose or update the transform. Please set the initial pose...
[component_container_isolated-1] [WARN] [1775087141.378907712] [amcl]: AMCL cannot publish a pose or update the transform. Please set the initial pose...
[component_container_isolated-1] [INFO] [1775087142.011000993] [amcl]: Received a 106 X 116 map @ 0.050 m/pix
[component_container_isolated-1] [INFO] [1775087142.029528736] [amcl]: createLaserObject
[component_container_isolated-1] [WARN] [1775087143.479047550] [amcl]: AMCL cannot publish a pose or update the transform. Please set the initial pose...
[component_container_isolated-1] [WARN] [1775087145.592529471] [amcl]: AMCL cannot publish a pose or update the transform. Please set the initial pose...
[component_container_isolated-1] [INFO] [1775087147.010824396] [amcl]: Received a 106 X 116 map @ 0.050 m/pix
[component_container_isolated-1] [INFO] [1775087147.041623604] [amcl]: createLaserObject
[component_container_isolated-1] [WARN] [1775087147.691270558] [amcl]: AMCL cannot publish a pose or update the transform. Please set the initial pose...
[component_container_isolated-1] [WARN] [1775087149.804535132] [amcl]: AMCL cannot publish a pose or update the transform. Please set the initial pose...
[component_container_isolated-1] [WARN] [1775087151.916905863] [amcl]: AMCL cannot publish a pose or update the transform. Please set the initial pose...
[component_container_isolated-1] [INFO] [1775087152.011056617] [amcl]: Received a 106 X 116 map @ 0.050 m/pix
[component_container_isolated-1] [INFO] [1775087152.051813794] [amcl]: createLaserObject
[component_container_isolated-1] [INFO] [1775087152.580756041] [amcl]: initialPoseReceived
[component_container_isolated-1] [WARN] [1775087152.581044368] [amcl]: Failed to transform initial pose in time (Lookup would require extrapolation into the future.  Requested time 1775087152.580896 but the latest data is at time 1775087152.554323, when looking up transform from frame [base_footprint] to frame [odom])
[component_container_isolated-1] [INFO] [1775087152.581098129] [amcl]: Setting pose (1775087152.581096): 0.000 0.000 0.000
[component_container_isolated-1] [INFO] [1775087157.011439954] [amcl]: Received a 106 X 116 map @ 0.050 m/pix
[component_container_isolated-1] [INFO] [1775087157.050383423] [amcl]: createLaserObject
[component_container_isolated-1] [INFO] [1775087162.010940173] [amcl]: Received a 106 X 116 map @ 0.050 m/pix
[component_container_isolated-1] [INFO] [1775087162.063468226] [amcl]: createLaserObject
[component_container_isolated-1] [INFO] [1775087167.011297445] [amcl]: Received a 106 X 116 map @ 0.050 m/pix
[component_container_isolated-1] [INFO] [1775087167.073479939] [amcl]: createLaserObject
[component_container_isolated-1] [INFO] [1775087172.011185721] [amcl]: Received a 106 X 116 map @ 0.050 m/pix
[component_container_isolated-1] [INFO] [1775087172.071812434] [amcl]: createLaserObject
[component_container_isolated-1] [INFO] [1775087177.010926321] [amcl]: Received a 106 X 116 map @ 0.050 m/pix
[component_container_isolated-1] [INFO] [1775087177.083218147] [amcl]: createLaserObject
[component_container_isolated-1] [INFO] [1775087182.011596007] [amcl]: Received a 106 X 116 map @ 0.050 m/pix
[component_container_isolated-1] [INFO] [1775087182.081909706] [amcl]: createLaserObject
[component_container_isolated-1] [INFO] [1775087187.011174666] [amcl]: Received a 106 X 116 map @ 0.050 m/pix
[component_container_isolated-1] [INFO] [1775087187.080459956] [amcl]: createLaserObject
[component_container_isolated-1] [INFO] [1775087192.011073276] [amcl]: Received a 106 X 116 map @ 0.050 m/pix
[component_container_isolated-1] [INFO] [1775087192.079810297] [amcl]: createLaserObject
[component_container_isolated-1] [INFO] [1775087192.215315492] [bt_navigator]: Begin navigating from current location (0.01, 0.01) to (3.50, 2.50)
[component_container_isolated-1] [ERROR] [1775087192.217944099] [planner_server]: worldToMap failed: mx,my: 115,103, size_x,size_y: 106,116
[component_container_isolated-1] [WARN] [1775087192.218137128] [planner_server]: The goal sent to the planner is off the global costmap. Planning will always fail to this goal.
[component_container_isolated-1] [WARN] [1775087192.218161192] [planner_server]: GridBased: failed to create plan with tolerance 0.50.
[component_container_isolated-1] [WARN] [1775087192.218178377] [planner_server]: Planning algorithm GridBased failed to generate a valid path to (3.50, 2.50)
[component_container_isolated-1] [WARN] [1775087192.218196233] [planner_server]: [compute_path_to_pose] [ActionServer] Aborting handle.
[component_container_isolated-1] [INFO] [1775087192.236164955] [global_costmap.global_costmap]: Received request to clear entirely the global_costmap
[component_container_isolated-1] [ERROR] [1775087193.068047874] [planner_server]: worldToMap failed: mx,my: 115,103, size_x,size_y: 106,116
[component_container_isolated-1] [WARN] [1775087193.068282407] [planner_server]: The goal sent to the planner is off the global costmap. Planning will always fail to this goal.
[component_container_isolated-1] [WARN] [1775087193.068330313] [planner_server]: GridBased: failed to create plan with tolerance 0.50.
[component_container_isolated-1] [WARN] [1775087193.068365513] [planner_server]: Planning algorithm GridBased failed to generate a valid path to (3.50, 2.50)
[component_container_isolated-1] [WARN] [1775087193.068400042] [planner_server]: [compute_path_to_pose] [ActionServer] Aborting handle.
[component_container_isolated-1] [INFO] [1775087193.086081366] [local_costmap.local_costmap]: Received request to clear entirely the local_costmap
[component_container_isolated-1] [INFO] [1775087193.087121647] [global_costmap.global_costmap]: Received request to clear entirely the global_costmap
[component_container_isolated-1] [ERROR] [1775087194.068437649] [planner_server]: worldToMap failed: mx,my: 115,103, size_x,size_y: 106,116
[component_container_isolated-1] [WARN] [1775087194.068680022] [planner_server]: The goal sent to the planner is off the global costmap. Planning will always fail to this goal.
[component_container_isolated-1] [WARN] [1775087194.068734936] [planner_server]: GridBased: failed to create plan with tolerance 0.50.
[component_container_isolated-1] [WARN] [1775087194.068767865] [planner_server]: Planning algorithm GridBased failed to generate a valid path to (3.50, 2.50)
[component_container_isolated-1] [WARN] [1775087194.068802425] [planner_server]: [compute_path_to_pose] [ActionServer] Aborting handle.
[component_container_isolated-1] [INFO] [1775087194.087329145] [global_costmap.global_costmap]: Received request to clear entirely the global_costmap
[component_container_isolated-1] [ERROR] [1775087195.068661532] [planner_server]: worldToMap failed: mx,my: 115,103, size_x,size_y: 106,116
[component_container_isolated-1] [WARN] [1775087195.068923618] [planner_server]: The goal sent to the planner is off the global costmap. Planning will always fail to this goal.
[component_container_isolated-1] [WARN] [1775087195.068975811] [planner_server]: GridBased: failed to create plan with tolerance 0.50.
[component_container_isolated-1] [WARN] [1775087195.069033573] [planner_server]: Planning algorithm GridBased failed to generate a valid path to (3.50, 2.50)
[component_container_isolated-1] [WARN] [1775087195.069075590] [planner_server]: [compute_path_to_pose] [ActionServer] Aborting handle.
[component_container_isolated-1] [INFO] [1775087195.086471274] [behavior_server]: Running spin
[component_container_isolated-1] [INFO] [1775087195.087688295] [behavior_server]: Turning 1.57 for spin behavior.
[component_container_isolated-1] [INFO] [1775087197.011430145] [amcl]: Received a 106 X 116 map @ 0.050 m/pix
[component_container_isolated-1] [INFO] [1775087197.090933474] [amcl]: createLaserObject
[component_container_isolated-1] [WARN] [1775087198.388244217] [behavior_server]: Collision Ahead - Exiting Spin
[component_container_isolated-1] [WARN] [1775087198.388382653] [behavior_server]: spin failed
[component_container_isolated-1] [WARN] [1775087198.388431006] [behavior_server]: [spin] [ActionServer] Aborting handle.
[component_container_isolated-1] [INFO] [1775087198.416718537] [behavior_server]: Running wait
[component_container_isolated-1] [INFO] [1775087202.011356898] [amcl]: Received a 106 X 116 map @ 0.050 m/pix
[component_container_isolated-1] [INFO] [1775087202.089895724] [amcl]: createLaserObject
[component_container_isolated-1] [INFO] [1775087203.417120632] [behavior_server]: wait completed successfully
[component_container_isolated-1] [ERROR] [1775087203.447007339] [planner_server]: worldToMap failed: mx,my: 115,103, size_x,size_y: 106,116
[component_container_isolated-1] [WARN] [1775087203.447247088] [planner_server]: The goal sent to the planner is off the global costmap. Planning will always fail to this goal.
[component_container_isolated-1] [WARN] [1775087203.447292369] [planner_server]: GridBased: failed to create plan with tolerance 0.50.
[component_container_isolated-1] [WARN] [1775087203.447326546] [planner_server]: Planning algorithm GridBased failed to generate a valid path to (3.50, 2.50)
[component_container_isolated-1] [WARN] [1775087203.447357587] [planner_server]: [compute_path_to_pose] [ActionServer] Aborting handle.
[component_container_isolated-1] [INFO] [1775087203.466168058] [global_costmap.global_costmap]: Received request to clear entirely the global_costmap
[component_container_isolated-1] [ERROR] [1775087204.067603617] [planner_server]: worldToMap failed: mx,my: 115,103, size_x,size_y: 106,116
[component_container_isolated-1] [WARN] [1775087204.067869416] [planner_server]: The goal sent to the planner is off the global costmap. Planning will always fail to this goal.
[component_container_isolated-1] [WARN] [1775087204.067920745] [planner_server]: GridBased: failed to create plan with tolerance 0.50.
[component_container_isolated-1] [WARN] [1775087204.067955018] [planner_server]: Planning algorithm GridBased failed to generate a valid path to (3.50, 2.50)
[component_container_isolated-1] [WARN] [1775087204.067995851] [planner_server]: [compute_path_to_pose] [ActionServer] Aborting handle.
[component_container_isolated-1] [INFO] [1775087204.086661070] [behavior_server]: Running backup
[component_container_isolated-1] [INFO] [1775087204.087090328] [behavior_server]: DriveOnHeading: no acceleration or deceleration limits set
[component_container_isolated-1] [INFO] [1775087205.225787897] [bt_navigator]: Received goal preemption request
[component_container_isolated-1] [INFO] [1775087205.226245924] [bt_navigator]: Begin navigating from current location (0.03, 0.01) to (3.50, 2.50)
[component_container_isolated-1] [INFO] [1775087207.011110182] [amcl]: Received a 106 X 116 map @ 0.050 m/pix
[component_container_isolated-1] [INFO] [1775087207.101932633] [amcl]: createLaserObject
[component_container_isolated-1] [WARN] [1775087210.887381054] [behavior_server]: Collision Ahead - Exiting DriveOnHeading
[component_container_isolated-1] [WARN] [1775087210.887527138] [behavior_server]: backup failed
[component_container_isolated-1] [WARN] [1775087210.887581027] [behavior_server]: [backup] [ActionServer] Aborting handle.
[component_container_isolated-1] [INFO] [1775087210.916255640] [local_costmap.local_costmap]: Received request to clear entirely the local_costmap
[component_container_isolated-1] [INFO] [1775087210.918302698] [global_costmap.global_costmap]: Received request to clear entirely the global_costmap
[component_container_isolated-1] [ERROR] [1775087211.070861137] [planner_server]: worldToMap failed: mx,my: 115,103, size_x,size_y: 106,116
[component_container_isolated-1] [WARN] [1775087211.071104631] [planner_server]: The goal sent to the planner is off the global costmap. Planning will always fail to this goal.
[component_container_isolated-1] [WARN] [1775087211.071150104] [planner_server]: GridBased: failed to create plan with tolerance 0.50.
[component_container_isolated-1] [WARN] [1775087211.071184633] [planner_server]: Planning algorithm GridBased failed to generate a valid path to (3.50, 2.50)
[component_container_isolated-1] [WARN] [1775087211.071219802] [planner_server]: [compute_path_to_pose] [ActionServer] Aborting handle.
[component_container_isolated-1] [INFO] [1775087211.086046528] [global_costmap.global_costmap]: Received request to clear entirely the global_costmap
[component_container_isolated-1] [INFO] [1775087212.010925715] [amcl]: Received a 106 X 116 map @ 0.050 m/pix
[component_container_isolated-1] [ERROR] [1775087212.067624301] [planner_server]: worldToMap failed: mx,my: 115,103, size_x,size_y: 106,116
[component_container_isolated-1] [WARN] [1775087212.067843539] [planner_server]: The goal sent to the planner is off the global costmap. Planning will always fail to this goal.
[component_container_isolated-1] [WARN] [1775087212.067878804] [planner_server]: GridBased: failed to create plan with tolerance 0.50.
[component_container_isolated-1] [WARN] [1775087212.067903956] [planner_server]: Planning algorithm GridBased failed to generate a valid path to (3.50, 2.50)
[component_container_isolated-1] [WARN] [1775087212.067928981] [planner_server]: [compute_path_to_pose] [ActionServer] Aborting handle.
[component_container_isolated-1] [INFO] [1775087212.086390451] [behavior_server]: Running spin
[component_container_isolated-1] [INFO] [1775087212.086909600] [behavior_server]: Turning 1.57 for spin behavior.
[component_container_isolated-1] [INFO] [1775087212.098985347] [amcl]: createLaserObject
[component_container_isolated-1] [WARN] [1775087216.987380882] [behavior_server]: Collision Ahead - Exiting Spin
[component_container_isolated-1] [WARN] [1775087216.987518646] [behavior_server]: spin failed
[component_container_isolated-1] [WARN] [1775087216.987561943] [behavior_server]: [spin] [ActionServer] Aborting handle.
[component_container_isolated-1] [INFO] [1775087217.011556219] [amcl]: Received a 106 X 116 map @ 0.050 m/pix
[component_container_isolated-1] [INFO] [1775087217.016377391] [behavior_server]: Running wait
[component_container_isolated-1] [INFO] [1775087217.098047173] [amcl]: createLaserObject
[component_container_isolated-1] [INFO] [1775087218.235780339] [bt_navigator]: Received goal preemption request
[component_container_isolated-1] [INFO] [1775087218.236352161] [bt_navigator]: Begin navigating from current location (0.00, 0.00) to (3.50, 2.50)
[component_container_isolated-1] [INFO] [1775087222.011420119] [amcl]: Received a 106 X 116 map @ 0.050 m/pix
[component_container_isolated-1] [INFO] [1775087222.016733111] [behavior_server]: wait completed successfully
[component_container_isolated-1] [ERROR] [1775087222.046885744] [planner_server]: worldToMap failed: mx,my: 115,103, size_x,size_y: 106,116
[component_container_isolated-1] [WARN] [1775087222.047376860] [planner_server]: The goal sent to the planner is off the global costmap. Planning will always fail to this goal.
[component_container_isolated-1] [WARN] [1775087222.047424125] [planner_server]: GridBased: failed to create plan with tolerance 0.50.
[component_container_isolated-1] [WARN] [1775087222.047449694] [planner_server]: Planning algorithm GridBased failed to generate a valid path to (3.50, 2.50)
[component_container_isolated-1] [WARN] [1775087222.047473662] [planner_server]: [compute_path_to_pose] [ActionServer] Aborting handle.
[component_container_isolated-1] [INFO] [1775087222.066066304] [global_costmap.global_costmap]: Received request to clear entirely the global_costmap
[component_container_isolated-1] [INFO] [1775087222.097087949] [amcl]: createLaserObject
[component_container_isolated-1] [ERROR] [1775087223.067387277] [planner_server]: worldToMap failed: mx,my: 115,103, size_x,size_y: 106,116
[component_container_isolated-1] [WARN] [1775087223.067640787] [planner_server]: The goal sent to the planner is off the global costmap. Planning will always fail to this goal.
[component_container_isolated-1] [WARN] [1775087223.067693620] [planner_server]: GridBased: failed to create plan with tolerance 0.50.
[component_container_isolated-1] [WARN] [1775087223.067730677] [planner_server]: Planning algorithm GridBased failed to generate a valid path to (3.50, 2.50)
[component_container_isolated-1] [WARN] [1775087223.067764470] [planner_server]: [compute_path_to_pose] [ActionServer] Aborting handle.
[component_container_isolated-1] [INFO] [1775087223.086574429] [behavior_server]: Running backup
[component_container_isolated-1] [WARN] [1775087224.387183726] [behavior_server]: Collision Ahead - Exiting DriveOnHeading
[component_container_isolated-1] [WARN] [1775087224.387319761] [behavior_server]: backup failed
[component_container_isolated-1] [WARN] [1775087224.387362610] [behavior_server]: [backup] [ActionServer] Aborting handle.
[component_container_isolated-1] [INFO] [1775087224.416050183] [local_costmap.local_costmap]: Received request to clear entirely the local_costmap
[component_container_isolated-1] [INFO] [1775087224.416651382] [global_costmap.global_costmap]: Received request to clear entirely the global_costmap
[component_container_isolated-1] [ERROR] [1775087225.068127867] [planner_server]: worldToMap failed: mx,my: 115,103, size_x,size_y: 106,116
[component_container_isolated-1] [WARN] [1775087225.068388673] [planner_server]: The goal sent to the planner is off the global costmap. Planning will always fail to this goal.
[component_container_isolated-1] [WARN] [1775087225.068437090] [planner_server]: GridBased: failed to create plan with tolerance 0.50.
[component_container_isolated-1] [WARN] [1775087225.068470499] [planner_server]: Planning algorithm GridBased failed to generate a valid path to (3.50, 2.50)
[component_container_isolated-1] [WARN] [1775087225.068503876] [planner_server]: [compute_path_to_pose] [ActionServer] Aborting handle.
[component_container_isolated-1] [INFO] [1775087225.085956970] [global_costmap.global_costmap]: Received request to clear entirely the global_costmap
[component_container_isolated-1] [ERROR] [1775087226.067356278] [planner_server]: worldToMap failed: mx,my: 115,103, size_x,size_y: 106,116
[component_container_isolated-1] [WARN] [1775087226.067602844] [planner_server]: The goal sent to the planner is off the global costmap. Planning will always fail to this goal.
[component_container_isolated-1] [WARN] [1775087226.067652318] [planner_server]: GridBased: failed to create plan with tolerance 0.50.
[component_container_isolated-1] [WARN] [1775087226.067691903] [planner_server]: Planning algorithm GridBased failed to generate a valid path to (3.50, 2.50)
[component_container_isolated-1] [WARN] [1775087226.067732159] [planner_server]: [compute_path_to_pose] [ActionServer] Aborting handle.
[component_container_isolated-1] [INFO] [1775087226.086577927] [behavior_server]: Running spin
[component_container_isolated-1] [INFO] [1775087226.088741307] [behavior_server]: Turning 1.57 for spin behavior.
[component_container_isolated-1] [INFO] [1775087227.011312794] [amcl]: Received a 106 X 116 map @ 0.050 m/pix
[component_container_isolated-1] [INFO] [1775087227.096936816] [amcl]: createLaserObject
[component_container_isolated-1] [WARN] [1775087228.689237134] [behavior_server]: Collision Ahead - Exiting Spin
[component_container_isolated-1] [WARN] [1775087228.689403378] [behavior_server]: spin failed
[component_container_isolated-1] [WARN] [1775087228.689449139] [behavior_server]: [spin] [ActionServer] Aborting handle.
[component_container_isolated-1] [INFO] [1775087228.716439424] [behavior_server]: Running wait
[component_container_isolated-1] [INFO] [1775087231.245833469] [bt_navigator]: Received goal preemption request
[component_container_isolated-1] [INFO] [1775087231.246390442] [bt_navigator]: Begin navigating from current location (0.00, -0.00) to (3.50, 2.50)
[component_container_isolated-1] [INFO] [1775087232.010898973] [amcl]: Received a 106 X 116 map @ 0.050 m/pix
[component_container_isolated-1] [INFO] [1775087232.095067472] [amcl]: createLaserObject
[component_container_isolated-1] [INFO] [1775087233.716827160] [behavior_server]: wait completed successfully
[component_container_isolated-1] [ERROR] [1775087233.747066195] [planner_server]: worldToMap failed: mx,my: 115,103, size_x,size_y: 106,116
[component_container_isolated-1] [WARN] [1775087233.747277848] [planner_server]: The goal sent to the planner is off the global costmap. Planning will always fail to this goal.
[component_container_isolated-1] [WARN] [1775087233.747308473] [planner_server]: GridBased: failed to create plan with tolerance 0.50.
[component_container_isolated-1] [WARN] [1775087233.747331962] [planner_server]: Planning algorithm GridBased failed to generate a valid path to (3.50, 2.50)
[component_container_isolated-1] [WARN] [1775087233.747353626] [planner_server]: [compute_path_to_pose] [ActionServer] Aborting handle.
[component_container_isolated-1] [INFO] [1775087233.766058078] [global_costmap.global_costmap]: Received request to clear entirely the global_costmap
[component_container_isolated-1] [ERROR] [1775087234.067380755] [planner_server]: worldToMap failed: mx,my: 115,103, size_x,size_y: 106,116
[component_container_isolated-1] [WARN] [1775087234.067622969] [planner_server]: The goal sent to the planner is off the global costmap. Planning will always fail to this goal.
[component_container_isolated-1] [WARN] [1775087234.067666074] [planner_server]: GridBased: failed to create plan with tolerance 0.50.
[component_container_isolated-1] [WARN] [1775087234.067699611] [planner_server]: Planning algorithm GridBased failed to generate a valid path to (3.50, 2.50)
[component_container_isolated-1] [WARN] [1775087234.067731580] [planner_server]: [compute_path_to_pose] [ActionServer] Aborting handle.
[component_container_isolated-1] [WARN] [1775087234.095860996] [bt_navigator]: [navigate_to_pose] [ActionServer] Aborting handle.
[component_container_isolated-1] [ERROR] [1775087234.096190412] [bt_navigator]: Goal failed
[component_container_isolated-1] [INFO] [1775087237.011836391] [amcl]: Received a 106 X 116 map @ 0.050 m/pix
[component_container_isolated-1] [INFO] [1775087237.094596120] [amcl]: createLaserObject
[component_container_isolated-1] [INFO] [1775087242.010762888] [amcl]: Received a 106 X 116 map @ 0.050 m/pix
[component_container_isolated-1] [INFO] [1775087242.104543747] [amcl]: createLaserObject
[component_container_isolated-1] [INFO] [1775087244.248010006] [bt_navigator]: Begin navigating from current location (0.00, 0.00) to (3.50, 2.50)
[component_container_isolated-1] [ERROR] [1775087244.248919340] [planner_server]: worldToMap failed: mx,my: 115,103, size_x,size_y: 106,116
[component_container_isolated-1] [WARN] [1775087244.249072304] [planner_server]: The goal sent to the planner is off the global costmap. Planning will always fail to this goal.
[component_container_isolated-1] [WARN] [1775087244.249107729] [planner_server]: GridBased: failed to create plan with tolerance 0.50.
[component_container_isolated-1] [WARN] [1775087244.249132754] [planner_server]: Planning algorithm GridBased failed to generate a valid path to (3.50, 2.50)
[component_container_isolated-1] [WARN] [1775087244.249153778] [planner_server]: [compute_path_to_pose] [ActionServer] Aborting handle.
[component_container_isolated-1] [INFO] [1775087244.268692363] [global_costmap.global_costmap]: Received request to clear entirely the global_costmap
[component_container_isolated-1] [ERROR] [1775087245.070801805] [planner_server]: worldToMap failed: mx,my: 115,103, size_x,size_y: 106,116
[component_container_isolated-1] [WARN] [1775087245.071073588] [planner_server]: The goal sent to the planner is off the global costmap. Planning will always fail to this goal.
[component_container_isolated-1] [WARN] [1775087245.071131861] [planner_server]: GridBased: failed to create plan with tolerance 0.50.
[component_container_isolated-1] [WARN] [1775087245.071173430] [planner_server]: Planning algorithm GridBased failed to generate a valid path to (3.50, 2.50)
[component_container_isolated-1] [WARN] [1775087245.071213175] [planner_server]: [compute_path_to_pose] [ActionServer] Aborting handle.
[component_container_isolated-1] [INFO] [1775087245.089411503] [behavior_server]: Running backup
[component_container_isolated-1] [WARN] [1775087245.090052095] [behavior_server]: Collision Ahead - Exiting DriveOnHeading
[component_container_isolated-1] [WARN] [1775087245.090130144] [behavior_server]: backup failed
[component_container_isolated-1] [WARN] [1775087245.090152769] [behavior_server]: [backup] [ActionServer] Aborting handle.
[component_container_isolated-1] [WARN] [1775087245.437339532] [BehaviorTreeEngine]: Behavior Tree tick rate 100.00 was exceeded!
[component_container_isolated-1] [INFO] [1775087245.439103830] [local_costmap.local_costmap]: Received request to clear entirely the local_costmap
[component_container_isolated-1] [INFO] [1775087245.442303268] [global_costmap.global_costmap]: Received request to clear entirely the global_costmap
[component_container_isolated-1] [ERROR] [1775087246.065087703] [planner_server]: worldToMap failed: mx,my: 115,103, size_x,size_y: 106,116
[component_container_isolated-1] [WARN] [1775087246.065365725] [planner_server]: The goal sent to the planner is off the global costmap. Planning will always fail to this goal.
[component_container_isolated-1] [WARN] [1775087246.065402654] [planner_server]: GridBased: failed to create plan with tolerance 0.50.
[component_container_isolated-1] [WARN] [1775087246.065430335] [planner_server]: Planning algorithm GridBased failed to generate a valid path to (3.50, 2.50)
[component_container_isolated-1] [WARN] [1775087246.065460128] [planner_server]: [compute_path_to_pose] [ActionServer] Aborting handle.
[component_container_isolated-1] [INFO] [1775087246.077683367] [global_costmap.global_costmap]: Received request to clear entirely the global_costmap
[component_container_isolated-1] [INFO] [1775087246.137506222] [bt_navigator]: Received goal preemption request
[component_container_isolated-1] [INFO] [1775087246.139532319] [bt_navigator]: Begin navigating from current location (-0.00, -0.00) to (3.50, 2.50)
[component_container_isolated-1] [INFO] [1775087246.147563649] [bt_navigator]: Received goal preemption request
[component_container_isolated-1] [INFO] [1775087246.147962698] [bt_navigator]: Begin navigating from current location (-0.00, -0.00) to (3.20, 2.50)
[component_container_isolated-1] [INFO] [1775087246.157547826] [bt_navigator]: Received goal preemption request
[component_container_isolated-1] [INFO] [1775087246.158533706] [bt_navigator]: Begin navigating from current location (-0.00, -0.00) to (2.80, 2.50)
[component_container_isolated-1] [ERROR] [1775087246.188663683] [bt_navigator_navigate_to_pose_rclcpp_node]: Failed to get result for compute_path_to_pose in node halt!
[component_container_isolated-1] [INFO] [1775087246.188964778] [bt_navigator]: [navigate_to_pose] [ActionServer] Client requested to cancel the goal. Cancelling.
[component_container_isolated-1] [INFO] [1775087246.189872800] [bt_navigator]: [navigate_to_pose] [ActionServer] Client requested to cancel the goal. Cancelling.
[component_container_isolated-1] [INFO] [1775087246.190077829] [bt_navigator]: Goal canceled
[component_container_isolated-1] [INFO] [1775087247.011632254] [amcl]: Received a 106 X 116 map @ 0.050 m/pix
[component_container_isolated-1] [ERROR] [1775087247.068874758] [planner_server]: worldToMap failed: mx,my: 115,103, size_x,size_y: 106,116
[component_container_isolated-1] [WARN] [1775087247.069105484] [planner_server]: The goal sent to the planner is off the global costmap. Planning will always fail to this goal.
[component_container_isolated-1] [WARN] [1775087247.069156141] [planner_server]: GridBased: failed to create plan with tolerance 0.50.
[component_container_isolated-1] [WARN] [1775087247.069195054] [planner_server]: Planning algorithm GridBased failed to generate a valid path to (3.50, 2.50)
[component_container_isolated-1] [INFO] [1775087247.069233039] [planner_server]: [compute_path_to_pose] [ActionServer] Client requested to cancel the goal. Cancelling.
[component_container_isolated-1] [INFO] [1775087247.104222173] [amcl]: createLaserObject
[component_container_isolated-1] [INFO] [1775087252.011351551] [amcl]: Received a 106 X 116 map @ 0.050 m/pix
[component_container_isolated-1] [INFO] [1775087252.103817243] [amcl]: createLaserObject
[component_container_isolated-1] [INFO] [1775087257.011059270] [amcl]: Received a 106 X 116 map @ 0.050 m/pix
[component_container_isolated-1] [INFO] [1775087257.101421423] [amcl]: createLaserObject
[component_container_isolated-1] [INFO] [1775087257.258478981] [bt_navigator]: Begin navigating from current location (0.00, -0.00) to (3.50, 2.50)
[component_container_isolated-1] [ERROR] [1775087257.260345362] [planner_server]: worldToMap failed: mx,my: 115,103, size_x,size_y: 106,116
[component_container_isolated-1] [WARN] [1775087257.262116445] [planner_server]: The goal sent to the planner is off the global costmap. Planning will always fail to this goal.
[component_container_isolated-1] [WARN] [1775087257.262175006] [planner_server]: GridBased: failed to create plan with tolerance 0.50.
[component_container_isolated-1] [WARN] [1775087257.262211871] [planner_server]: Planning algorithm GridBased failed to generate a valid path to (3.50, 2.50)
[component_container_isola