[INFO] [launch]: All log files can be found below /home/jetson/.ros/log/2026-04-06-00-17-34-348713-chandan-24320
[INFO] [launch]: Default logging verbosity is set to INFO
[INFO] [controller_server-1]: process started with pid [24322]
[INFO] [smoother_server-2]: process started with pid [24324]
[INFO] [planner_server-3]: process started with pid [24326]
[INFO] [behavior_server-4]: process started with pid [24328]
[INFO] [bt_navigator-5]: process started with pid [24330]
[INFO] [waypoint_follower-6]: process started with pid [24332]
[INFO] [velocity_smoother-7]: process started with pid [24355]
[INFO] [lifecycle_manager-8]: process started with pid [24365]
[planner_server-3] [INFO] [1775405854.999539582] [planner_server]: 
[planner_server-3] 	planner_server lifecycle node launched. 
[planner_server-3] 	Waiting on external lifecycle transitions to activate
[planner_server-3] 	See https://design.ros2.org/articles/node_lifecycle.html for more information.
[bt_navigator-5] [INFO] [1775405854.843936491] [bt_navigator]: 
[bt_navigator-5] 	bt_navigator lifecycle node launched. 
[bt_navigator-5] 	Waiting on external lifecycle transitions to activate
[bt_navigator-5] 	See https://design.ros2.org/articles/node_lifecycle.html for more information.
[bt_navigator-5] [INFO] [1775405854.844296307] [bt_navigator]: Creating
[planner_server-3] [INFO] [1775405855.092691697] [planner_server]: Creating
[behavior_server-4] [INFO] [1775405855.162699235] [behavior_server]: 
[behavior_server-4] 	behavior_server lifecycle node launched. 
[behavior_server-4] 	Waiting on external lifecycle transitions to activate
[behavior_server-4] 	See https://design.ros2.org/articles/node_lifecycle.html for more information.
[controller_server-1] [INFO] [1775405855.202719186] [controller_server]: 
[controller_server-1] 	controller_server lifecycle node launched. 
[controller_server-1] 	Waiting on external lifecycle transitions to activate
[controller_server-1] 	See https://design.ros2.org/articles/node_lifecycle.html for more information.
[smoother_server-2] [INFO] [1775405855.318752576] [smoother_server]: 
[smoother_server-2] 	smoother_server lifecycle node launched. 
[smoother_server-2] 	Waiting on external lifecycle transitions to activate
[smoother_server-2] 	See https://design.ros2.org/articles/node_lifecycle.html for more information.
[smoother_server-2] [INFO] [1775405855.410468849] [smoother_server]: Creating smoother server
[controller_server-1] [INFO] [1775405855.428452761] [controller_server]: Creating controller server
[velocity_smoother-7] [INFO] [1775405855.688735789] [velocity_smoother]: 
[velocity_smoother-7] 	velocity_smoother lifecycle node launched. 
[velocity_smoother-7] 	Waiting on external lifecycle transitions to activate
[velocity_smoother-7] 	See https://design.ros2.org/articles/node_lifecycle.html for more information.
[lifecycle_manager-8] [INFO] [1775405855.888793111] [lifecycle_manager_navigation]: Creating
[controller_server-1] [INFO] [1775405856.098571621] [local_costmap.local_costmap]: 
[controller_server-1] 	local_costmap lifecycle node launched. 
[controller_server-1] 	Waiting on external lifecycle transitions to activate
[controller_server-1] 	See https://design.ros2.org/articles/node_lifecycle.html for more information.
[controller_server-1] [INFO] [1775405856.136921484] [local_costmap.local_costmap]: Creating Costmap
[lifecycle_manager-8] [INFO] [1775405856.154670926] [lifecycle_manager_navigation]: [34m[1mCreating and initializing lifecycle service clients[0m[0m
[waypoint_follower-6] [INFO] [1775405856.236372083] [waypoint_follower]: 
[waypoint_follower-6] 	waypoint_follower lifecycle node launched. 
[waypoint_follower-6] 	Waiting on external lifecycle transitions to activate
[waypoint_follower-6] 	See https://design.ros2.org/articles/node_lifecycle.html for more information.
[waypoint_follower-6] [INFO] [1775405856.263887483] [waypoint_follower]: Creating
[planner_server-3] [INFO] [1775405856.924542979] [global_costmap.global_costmap]: 
[planner_server-3] 	global_costmap lifecycle node launched. 
[planner_server-3] 	Waiting on external lifecycle transitions to activate
[planner_server-3] 	See https://design.ros2.org/articles/node_lifecycle.html for more information.
[planner_server-3] [INFO] [1775405856.931542792] [global_costmap.global_costmap]: Creating Costmap
[lifecycle_manager-8] [INFO] [1775405858.354112316] [lifecycle_manager_navigation]: [34m[1mStarting managed nodes bringup...[0m[0m
[lifecycle_manager-8] [INFO] [1775405858.354280576] [lifecycle_manager_navigation]: [34m[1mConfiguring controller_server[0m[0m
[bt_navigator-5] [WARN] [1775405885.636847084] [rcl_lifecycle]: No transition matching activate found for current state unconfigured
[bt_navigator-5] [WARN] [1775405901.061652509] [rcl_lifecycle]: No transition matching activate found for current state unconfigured
[bt_navigator-5] [WARN] [1775405915.574692132] [rcl_lifecycle]: No transition matching activate found for current state unconfigured
[bt_navigator-5] [WARN] [1775405929.672261067] [rcl_lifecycle]: No transition matching activate found for current state unconfigured
[planner_server-3] [WARN] [1775405939.373081160] [planner_server.rclcpp]: failed to send response to /planner_server/get_state (timeout): client will not receive response, at ./src/rmw_response.cpp:154, at ./src/rcl/service.c:314
[bt_navigator-5] [WARN] [1775405951.629714921] [rcl_lifecycle]: No transition matching activate found for current state unconfigured
