[INFO] [launch]: All log files can be found below /home/jetson/.ros/log/2026-04-06-04-15-24-310583-chandan-22027
[INFO] [launch]: Default logging verbosity is set to INFO
[INFO] [map_server-1]: process started with pid [22029]
[INFO] [amcl-2]: process started with pid [22031]
[INFO] [lifecycle_manager-3]: process started with pid [22033]
[map_server-1] [INFO] [1775420124.809007097] [map_server]: 
[map_server-1] 	map_server lifecycle node launched. 
[map_server-1] 	Waiting on external lifecycle transitions to activate
[map_server-1] 	See https://design.ros2.org/articles/node_lifecycle.html for more information.
[map_server-1] [INFO] [1775420124.810408175] [map_server]: Creating
[lifecycle_manager-3] [INFO] [1775420125.035884599] [lifecycle_manager_localization]: Creating
[lifecycle_manager-3] [INFO] [1775420125.102543679] [lifecycle_manager_localization]: [34m[1mCreating and initializing lifecycle service clients[0m[0m
[amcl-2] [INFO] [1775420125.108671688] [amcl]: 
[amcl-2] 	amcl lifecycle node launched. 
[amcl-2] 	Waiting on external lifecycle transitions to activate
[amcl-2] 	See https://design.ros2.org/articles/node_lifecycle.html for more information.
[amcl-2] [INFO] [1775420125.124465601] [amcl]: Creating
[lifecycle_manager-3] [INFO] [1775420125.779913445] [lifecycle_manager_localization]: [34m[1mStarting managed nodes bringup...[0m[0m
[lifecycle_manager-3] [INFO] [1775420125.780065067] [lifecycle_manager_localization]: [34m[1mConfiguring map_server[0m[0m
[map_server-1] [INFO] [1775420125.782064183] [map_server]: Configuring
[map_server-1] [INFO] [1775420125.782253470] [map_io]: Loading yaml file: /home/jetson/formica_map.yaml
[map_server-1] [INFO] [1775420125.782824724] [map_io]: resolution: 0.05
[map_server-1] [INFO] [1775420125.782850549] [map_io]: origin[0]: -5.9
[map_server-1] [INFO] [1775420125.782859765] [map_io]: origin[1]: -2.99
[map_server-1] [INFO] [1775420125.782867573] [map_io]: origin[2]: 0
[map_server-1] [INFO] [1775420125.782874806] [map_io]: free_thresh: 0.25
[map_server-1] [INFO] [1775420125.782881686] [map_io]: occupied_thresh: 0.65
[map_server-1] [INFO] [1775420125.782890070] [map_io]: mode: trinary
[map_server-1] [INFO] [1775420125.782899606] [map_io]: negate: 0
[map_server-1] [INFO] [1775420125.783273253] [map_io]: Loading image_file: /home/jetson/formica_map.pgm
[map_server-1] [INFO] [1775420125.790382515] [map_io]: Read map /home/jetson/formica_map.pgm: 185 X 172 map @ 0.05 m/cell
[lifecycle_manager-3] [ERROR] [1775420125.841478283] [lifecycle_manager_localization]: Failed to change state for node: map_server
[lifecycle_manager-3] [ERROR] [1775420125.841765750] [lifecycle_manager_localization]: Failed to bring up all requested nodes. Aborting bringup.
[amcl-2] [WARN] [1775420416.142944216] [amcl.rclcpp]: failed to send response to /amcl/get_state (timeout): client will not receive response, at ./src/rmw_response.cpp:154, at ./src/rcl/service.c:314
[amcl-2] [INFO] [1775420614.975397979] [rclcpp]: signal_handler(SIGINT/SIGTERM)
[amcl-2] [INFO] [1775420614.975572223] [amcl]: Running Nav2 LifecycleNode rcl preshutdown (amcl)
[amcl-2] [INFO] [1775420614.975682594] [amcl]: Destroying bond (amcl) to lifecycle manager.
[lifecycle_manager-3] [INFO] [1775420614.975868263] [rclcpp]: signal_handler(SIGINT/SIGTERM)
[lifecycle_manager-3] [INFO] [1775420614.976030283] [lifecycle_manager_localization]: Running Nav2 LifecycleManager rcl preshutdown (lifecycle_manager_localization)
[map_server-1] [INFO] [1775420614.976174446] [rclcpp]: signal_handler(SIGINT/SIGTERM)
[map_server-1] [INFO] [1775420614.976327186] [map_server]: Running Nav2 LifecycleNode rcl preshutdown (map_server)
[map_server-1] [INFO] [1775420614.976463926] [map_server]: Cleaning up
[map_server-1] [INFO] [1775420614.980470266] [map_server]: Destroying bond (map_server) to lifecycle manager.
[amcl-2] [INFO] [1775420614.983600072] [amcl]: Destroying
[map_server-1] [INFO] [1775420615.016863080] [map_server]: Destroying
[lifecycle_manager-3] [INFO] [1775420615.039532670] [lifecycle_manager_localization]: Destroying lifecycle_manager_localization
[INFO] [lifecycle_manager-3]: process has finished cleanly [pid 22033]
[INFO] [amcl-2]: process has finished cleanly [pid 22031]
[INFO] [map_server-1]: process has finished cleanly [pid 22029]
