[INFO] [launch]: All log files can be found below /home/jetson/.ros/log/2026-04-05-23-46-15-535710-chandan-12694
[INFO] [launch]: Default logging verbosity is set to INFO
[INFO] [controller_server-1]: process started with pid [12703]
[INFO] [smoother_server-2]: process started with pid [12705]
[INFO] [planner_server-3]: process started with pid [12707]
[INFO] [behavior_server-4]: process started with pid [12709]
[INFO] [bt_navigator-5]: process started with pid [12711]
[INFO] [waypoint_follower-6]: process started with pid [12713]
[INFO] [velocity_smoother-7]: process started with pid [12715]
[INFO] [lifecycle_manager-8]: process started with pid [12717]
[waypoint_follower-6] [INFO] [1775403976.067605122] [waypoint_follower]: 
[waypoint_follower-6] 	waypoint_follower lifecycle node launched. 
[waypoint_follower-6] 	Waiting on external lifecycle transitions to activate
[waypoint_follower-6] 	See https://design.ros2.org/articles/node_lifecycle.html for more information.
[waypoint_follower-6] [INFO] [1775403976.094661310] [waypoint_follower]: Creating
[behavior_server-4] [INFO] [1775403976.118258736] [behavior_server]: 
[behavior_server-4] 	behavior_server lifecycle node launched. 
[behavior_server-4] 	Waiting on external lifecycle transitions to activate
[behavior_server-4] 	See https://design.ros2.org/articles/node_lifecycle.html for more information.
[lifecycle_manager-8] [INFO] [1775403976.153247634] [lifecycle_manager_navigation]: Creating
[lifecycle_manager-8] [INFO] [1775403976.191995300] [lifecycle_manager_navigation]: [34m[1mCreating and initializing lifecycle service clients[0m[0m
[bt_navigator-5] [INFO] [1775403976.219871025] [bt_navigator]: 
[bt_navigator-5] 	bt_navigator lifecycle node launched. 
[bt_navigator-5] 	Waiting on external lifecycle transitions to activate
[bt_navigator-5] 	See https://design.ros2.org/articles/node_lifecycle.html for more information.
[bt_navigator-5] [INFO] [1775403976.224608149] [bt_navigator]: Creating
[controller_server-1] [INFO] [1775403976.225718732] [controller_server]: 
[controller_server-1] 	controller_server lifecycle node launched. 
[controller_server-1] 	Waiting on external lifecycle transitions to activate
[controller_server-1] 	See https://design.ros2.org/articles/node_lifecycle.html for more information.
[controller_server-1] [INFO] [1775403976.248497005] [controller_server]: Creating controller server
[planner_server-3] [INFO] [1775403976.258664644] [planner_server]: 
[planner_server-3] 	planner_server lifecycle node launched. 
[planner_server-3] 	Waiting on external lifecycle transitions to activate
[planner_server-3] 	See https://design.ros2.org/articles/node_lifecycle.html for more information.
[velocity_smoother-7] [INFO] [1775403976.265417394] [velocity_smoother]: 
[velocity_smoother-7] 	velocity_smoother lifecycle node launched. 
[velocity_smoother-7] 	Waiting on external lifecycle transitions to activate
[velocity_smoother-7] 	See https://design.ros2.org/articles/node_lifecycle.html for more information.
[planner_server-3] [INFO] [1775403976.316707789] [planner_server]: Creating
[smoother_server-2] [INFO] [1775403976.381453700] [smoother_server]: 
[smoother_server-2] 	smoother_server lifecycle node launched. 
[smoother_server-2] 	Waiting on external lifecycle transitions to activate
[smoother_server-2] 	See https://design.ros2.org/articles/node_lifecycle.html for more information.
[smoother_server-2] [INFO] [1775403976.386081029] [smoother_server]: Creating smoother server
[planner_server-3] [INFO] [1775403976.589293095] [global_costmap.global_costmap]: 
[planner_server-3] 	global_costmap lifecycle node launched. 
[planner_server-3] 	Waiting on external lifecycle transitions to activate
[planner_server-3] 	See https://design.ros2.org/articles/node_lifecycle.html for more information.
[planner_server-3] [INFO] [1775403976.626808095] [global_costmap.global_costmap]: Creating Costmap
[controller_server-1] [INFO] [1775403976.651688684] [local_costmap.local_costmap]: 
[controller_server-1] 	local_costmap lifecycle node launched. 
[controller_server-1] 	Waiting on external lifecycle transitions to activate
[controller_server-1] 	See https://design.ros2.org/articles/node_lifecycle.html for more information.
[controller_server-1] [INFO] [1775403976.652815268] [local_costmap.local_costmap]: Creating Costmap
[lifecycle_manager-8] [INFO] [1775403977.185731089] [lifecycle_manager_navigation]: [34m[1mStarting managed nodes bringup...[0m[0m
[lifecycle_manager-8] [INFO] [1775403977.185940021] [lifecycle_manager_navigation]: [34m[1mConfiguring controller_server[0m[0m
[controller_server-1] [INFO] [1775403977.186736646] [controller_server]: Configuring controller interface
[controller_server-1] [INFO] [1775403977.187506518] [controller_server]: getting goal checker plugins..
[controller_server-1] [INFO] [1775403977.188221413] [controller_server]: Controller frequency set to 10.0000Hz
[controller_server-1] [INFO] [1775403977.188351304] [local_costmap.local_costmap]: Configuring
[controller_server-1] [INFO] [1775403977.212425859] [local_costmap.local_costmap]: Using plugin "obstacle_layer"
[controller_server-1] [INFO] [1775403977.252735029] [local_costmap.local_costmap]: Subscribed to Topics: scan
[controller_server-1] [INFO] [1775403977.266756605] [local_costmap.local_costmap]: Initialized plugin "obstacle_layer"
[controller_server-1] [INFO] [1775403977.267814035] [local_costmap.local_costmap]: Using plugin "inflation_layer"
[controller_server-1] [INFO] [1775403977.273498667] [local_costmap.local_costmap]: Initialized plugin "inflation_layer"
[controller_server-1] [INFO] [1775403977.315719813] [controller_server]: Created progress_checker : progress_checker of type nav2_controller::SimpleProgressChecker
[controller_server-1] [INFO] [1775403977.318760037] [controller_server]: Created goal checker : goal_checker of type nav2_controller::SimpleGoalChecker
[controller_server-1] [INFO] [1775403977.320607948] [controller_server]: Controller Server has goal_checker  goal checkers available.
[controller_server-1] [INFO] [1775403977.327924326] [controller_server]: Created controller : FollowPath of type dwb_core::DWBLocalPlanner
[controller_server-1] [INFO] [1775403977.332138495] [controller_server]: Setting transform_tolerance to 0.200000
[controller_server-1] [INFO] [1775403977.366392881] [controller_server]: Using critic "RotateToGoal" (dwb_critics::RotateToGoalCritic)
[controller_server-1] [INFO] [1775403977.369191692] [controller_server]: Critic plugin initialized
[controller_server-1] [INFO] [1775403977.369935516] [controller_server]: Using critic "Oscillation" (dwb_critics::OscillationCritic)
[controller_server-1] [INFO] [1775403977.371708705] [controller_server]: Critic plugin initialized
[controller_server-1] [INFO] [1775403977.372051337] [controller_server]: Using critic "BaseObstacle" (dwb_critics::BaseObstacleCritic)
[controller_server-1] [INFO] [1775403977.372568084] [controller_server]: Critic plugin initialized
[controller_server-1] [INFO] [1775403977.372874202] [controller_server]: Using critic "GoalAlign" (dwb_critics::GoalAlignCritic)
[controller_server-1] [INFO] [1775403977.374102868] [controller_server]: Critic plugin initialized
[controller_server-1] [INFO] [1775403977.374456571] [controller_server]: Using critic "PathAlign" (dwb_critics::PathAlignCritic)
[controller_server-1] [INFO] [1775403977.375339342] [controller_server]: Critic plugin initialized
[controller_server-1] [INFO] [1775403977.375710486] [controller_server]: Using critic "PathDist" (dwb_critics::PathDistCritic)
[controller_server-1] [INFO] [1775403977.376391140] [controller_server]: Critic plugin initialized
[controller_server-1] [INFO] [1775403977.376717611] [controller_server]: Using critic "GoalDist" (dwb_critics::GoalDistCritic)
[controller_server-1] [INFO] [1775403977.377353592] [controller_server]: Critic plugin initialized
[controller_server-1] [INFO] [1775403977.377409658] [controller_server]: Controller Server has FollowPath  controllers available.
[lifecycle_manager-8] [INFO] [1775403977.401704218] [lifecycle_manager_navigation]: [34m[1mConfiguring smoother_server[0m[0m
[smoother_server-2] [INFO] [1775403977.402208484] [smoother_server]: Configuring smoother server
[smoother_server-2] [INFO] [1775403977.434845428] [smoother_server]: Created smoother : simple_smoother of type nav2_smoother::SimpleSmoother
[smoother_server-2] [INFO] [1775403977.436897504] [smoother_server]: Smoother Server has simple_smoother  smoothers available.
[lifecycle_manager-8] [INFO] [1775403977.462728288] [lifecycle_manager_navigation]: [34m[1mConfiguring planner_server[0m[0m
[planner_server-3] [INFO] [1775403977.463312365] [planner_server]: Configuring
[planner_server-3] [INFO] [1775403977.463425743] [global_costmap.global_costmap]: Configuring
[planner_server-3] [INFO] [1775403977.479303902] [global_costmap.global_costmap]: Using plugin "static_layer"
[planner_server-3] [INFO] [1775403977.485675556] [global_costmap.global_costmap]: Subscribing to the map topic (/map) with transient local durability
[planner_server-3] [INFO] [1775403977.488752581] [global_costmap.global_costmap]: Initialized plugin "static_layer"
[planner_server-3] [INFO] [1775403977.488895208] [global_costmap.global_costmap]: Using plugin "obstacle_layer"
[planner_server-3] [INFO] [1775403977.490475241] [global_costmap.global_costmap]: Subscribed to Topics: scan
[planner_server-3] [INFO] [1775403977.498360880] [global_costmap.global_costmap]: Initialized plugin "obstacle_layer"
[planner_server-3] [INFO] [1775403977.498446321] [global_costmap.global_costmap]: Using plugin "inflation_layer"
[planner_server-3] [INFO] [1775403977.500409179] [global_costmap.global_costmap]: Initialized plugin "inflation_layer"
[planner_server-3] [INFO] [1775403977.526483552] [global_costmap.global_costmap]: StaticLayer: Resizing costmap to 185 X 172 at 0.050000 m/pix
[planner_server-3] [INFO] [1775403977.527394484] [planner_server]: Created global planner plugin GridBased of type nav2_navfn_planner/NavfnPlanner
[planner_server-3] [INFO] [1775403977.527472821] [planner_server]: Configuring plugin GridBased of type NavfnPlanner
[planner_server-3] [INFO] [1775403977.529671172] [planner_server]: Planner Server has GridBased  planners available.
[lifecycle_manager-8] [INFO] [1775403977.555331009] [lifecycle_manager_navigation]: [34m[1mConfiguring behavior_server[0m[0m
[behavior_server-4] [INFO] [1775403977.555840811] [behavior_server]: Configuring
[behavior_server-4] [INFO] [1775403977.585013938] [behavior_server]: Creating behavior plugin spin of type nav2_behaviors/Spin
[behavior_server-4] [INFO] [1775403977.587753036] [behavior_server]: Configuring spin
[behavior_server-4] [INFO] [1775403977.608808936] [behavior_server]: Creating behavior plugin backup of type nav2_behaviors/BackUp
[behavior_server-4] [INFO] [1775403977.611078040] [behavior_server]: Configuring backup
[behavior_server-4] [INFO] [1775403977.626241272] [behavior_server]: Creating behavior plugin drive_on_heading of type nav2_behaviors/DriveOnHeading
[behavior_server-4] [INFO] [1775403977.628589353] [behavior_server]: Configuring drive_on_heading
[behavior_server-4] [INFO] [1775403977.641486873] [behavior_server]: Creating behavior plugin assisted_teleop of type nav2_behaviors/AssistedTeleop
[behavior_server-4] [INFO] [1775403977.647151760] [behavior_server]: Configuring assisted_teleop
[behavior_server-4] [INFO] [1775403977.664554751] [behavior_server]: Creating behavior plugin wait of type nav2_behaviors/Wait
[behavior_server-4] [INFO] [1775403977.666859440] [behavior_server]: Configuring wait
[lifecycle_manager-8] [INFO] [1775403977.681349409] [lifecycle_manager_navigation]: [34m[1mConfiguring bt_navigator[0m[0m
[bt_navigator-5] [INFO] [1775403977.681871436] [bt_navigator]: Configuring
[lifecycle_manager-8] [INFO] [1775403977.897313482] [lifecycle_manager_navigation]: [34m[1mConfiguring waypoint_follower[0m[0m
[waypoint_follower-6] [INFO] [1775403977.897909431] [waypoint_follower]: Configuring
[waypoint_follower-6] [INFO] [1775403978.018699113] [waypoint_follower]: Created waypoint_task_executor : wait_at_waypoint of type nav2_waypoint_follower::WaitAtWaypoint
[waypoint_follower-6] [INFO] [1775403978.020972665] [waypoint_follower]: Waypoint pause duration is set to zero, disabling task executor plugin.
[lifecycle_manager-8] [INFO] [1775403978.022805504] [lifecycle_manager_navigation]: [34m[1mConfiguring velocity_smoother[0m[0m
[velocity_smoother-7] [INFO] [1775403978.023582608] [velocity_smoother]: Configuring velocity smoother
[lifecycle_manager-8] [INFO] [1775403978.040992575] [lifecycle_manager_navigation]: [34m[1mActivating controller_server[0m[0m
[controller_server-1] [INFO] [1775403978.041573739] [controller_server]: Activating
[controller_server-1] [INFO] [1775403978.041773167] [local_costmap.local_costmap]: Activating
[controller_server-1] [INFO] [1775403978.041829968] [local_costmap.local_costmap]: Checking transform
[controller_server-1] [INFO] [1775403978.042273562] [local_costmap.local_costmap]: start
[controller_server-1] [INFO] [1775403978.245220651] [controller_server]: Creating bond (controller_server) to lifecycle manager.
[lifecycle_manager-8] [INFO] [1775403978.359392303] [lifecycle_manager_navigation]: Server controller_server connected with bond.
[lifecycle_manager-8] [INFO] [1775403978.359531825] [lifecycle_manager_navigation]: [34m[1mActivating smoother_server[0m[0m
[smoother_server-2] [INFO] [1775403978.360288545] [smoother_server]: Activating
[smoother_server-2] [INFO] [1775403978.360433860] [smoother_server]: Creating bond (smoother_server) to lifecycle manager.
[lifecycle_manager-8] [INFO] [1775403978.483779082] [lifecycle_manager_navigation]: Server smoother_server connected with bond.
[lifecycle_manager-8] [INFO] [1775403978.483926509] [lifecycle_manager_navigation]: [34m[1mActivating planner_server[0m[0m
[planner_server-3] [INFO] [1775403978.484683197] [planner_server]: Activating
[planner_server-3] [INFO] [1775403978.484849280] [global_costmap.global_costmap]: Activating
[planner_server-3] [INFO] [1775403978.484915681] [global_costmap.global_costmap]: Checking transform
[planner_server-3] [INFO] [1775403978.485223816] [global_costmap.global_costmap]: start
[planner_server-3] [INFO] [1775403979.537343106] [planner_server]: Activating plugin GridBased of type NavfnPlanner
[planner_server-3] [INFO] [1775403979.540787659] [planner_server]: Creating bond (planner_server) to lifecycle manager.
[lifecycle_manager-8] [INFO] [1775403979.657747462] [lifecycle_manager_navigation]: Server planner_server connected with bond.
[lifecycle_manager-8] [INFO] [1775403979.657944362] [lifecycle_manager_navigation]: [34m[1mActivating behavior_server[0m[0m
[behavior_server-4] [INFO] [1775403979.659081602] [behavior_server]: Activating
[behavior_server-4] [INFO] [1775403979.659190052] [behavior_server]: Activating spin
[behavior_server-4] [INFO] [1775403979.659246310] [behavior_server]: Activating backup
[behavior_server-4] [INFO] [1775403979.659278054] [behavior_server]: Activating drive_on_heading
[behavior_server-4] [INFO] [1775403979.659305991] [behavior_server]: Activating assisted_teleop
[behavior_server-4] [INFO] [1775403979.659331271] [behavior_server]: Activating wait
[behavior_server-4] [INFO] [1775403979.659366088] [behavior_server]: Creating bond (behavior_server) to lifecycle manager.
[lifecycle_manager-8] [INFO] [1775403979.772000201] [lifecycle_manager_navigation]: Server behavior_server connected with bond.
[lifecycle_manager-8] [INFO] [1775403979.772145772] [lifecycle_manager_navigation]: [34m[1mActivating bt_navigator[0m[0m
[bt_navigator-5] [INFO] [1775403979.772925564] [bt_navigator]: Activating
[bt_navigator-5] [INFO] [1775403979.963382273] [bt_navigator]: Creating bond (bt_navigator) to lifecycle manager.
[lifecycle_manager-8] [INFO] [1775403980.076557099] [lifecycle_manager_navigation]: Server bt_navigator connected with bond.
[lifecycle_manager-8] [INFO] [1775403980.076720174] [lifecycle_manager_navigation]: [34m[1mActivating waypoint_follower[0m[0m
[waypoint_follower-6] [INFO] [1775403980.078347217] [waypoint_follower]: Activating
[waypoint_follower-6] [INFO] [1775403980.078490580] [waypoint_follower]: Creating bond (waypoint_follower) to lifecycle manager.
[lifecycle_manager-8] [INFO] [1775403980.200087085] [lifecycle_manager_navigation]: Server waypoint_follower connected with bond.
[lifecycle_manager-8] [INFO] [1775403980.200222736] [lifecycle_manager_navigation]: [34m[1mActivating velocity_smoother[0m[0m
[velocity_smoother-7] [INFO] [1775403980.201934484] [velocity_smoother]: Activating
[velocity_smoother-7] [INFO] [1775403980.202138392] [velocity_smoother]: Creating bond (velocity_smoother) to lifecycle manager.
[lifecycle_manager-8] [INFO] [1775403980.326470348] [lifecycle_manager_navigation]: Server velocity_smoother connected with bond.
[lifecycle_manager-8] [INFO] [1775403980.326600174] [lifecycle_manager_navigation]: [34m[1mManaged nodes are active[0m[0m
[lifecycle_manager-8] [INFO] [1775403980.326640271] [lifecycle_manager_navigation]: [34m[1mCreating bond timer...[0m[0m
