[INFO] [launch]: All log files can be found below /home/jetson/.ros/log/2026-04-06-00-04-11-582613-chandan-19333
[INFO] [launch]: Default logging verbosity is set to INFO
[INFO] [controller_server-1]: process started with pid [19335]
[INFO] [smoother_server-2]: process started with pid [19337]
[INFO] [planner_server-3]: process started with pid [19339]
[INFO] [behavior_server-4]: process started with pid [19341]
[INFO] [bt_navigator-5]: process started with pid [19343]
[INFO] [waypoint_follower-6]: process started with pid [19345]
[INFO] [velocity_smoother-7]: process started with pid [19347]
[INFO] [lifecycle_manager-8]: process started with pid [19363]
[controller_server-1] [INFO] [1775405052.743092505] [controller_server]: 
[controller_server-1] 	controller_server lifecycle node launched. 
[controller_server-1] 	Waiting on external lifecycle transitions to activate
[controller_server-1] 	See https://design.ros2.org/articles/node_lifecycle.html for more information.
[velocity_smoother-7] [INFO] [1775405052.849077204] [velocity_smoother]: 
[velocity_smoother-7] 	velocity_smoother lifecycle node launched. 
[velocity_smoother-7] 	Waiting on external lifecycle transitions to activate
[velocity_smoother-7] 	See https://design.ros2.org/articles/node_lifecycle.html for more information.
[lifecycle_manager-8] [INFO] [1775405052.870169784] [lifecycle_manager_navigation]: Creating
[bt_navigator-5] [INFO] [1775405052.912504908] [bt_navigator]: 
[bt_navigator-5] 	bt_navigator lifecycle node launched. 
[bt_navigator-5] 	Waiting on external lifecycle transitions to activate
[bt_navigator-5] 	See https://design.ros2.org/articles/node_lifecycle.html for more information.
[waypoint_follower-6] [INFO] [1775405052.949494457] [waypoint_follower]: 
[waypoint_follower-6] 	waypoint_follower lifecycle node launched. 
[waypoint_follower-6] 	Waiting on external lifecycle transitions to activate
[waypoint_follower-6] 	See https://design.ros2.org/articles/node_lifecycle.html for more information.
[bt_navigator-5] [INFO] [1775405052.951041578] [bt_navigator]: Creating
[smoother_server-2] [INFO] [1775405052.962839496] [smoother_server]: 
[smoother_server-2] 	smoother_server lifecycle node launched. 
[smoother_server-2] 	Waiting on external lifecycle transitions to activate
[smoother_server-2] 	See https://design.ros2.org/articles/node_lifecycle.html for more information.
[planner_server-3] [INFO] [1775405052.965238679] [planner_server]: 
[planner_server-3] 	planner_server lifecycle node launched. 
[planner_server-3] 	Waiting on external lifecycle transitions to activate
[planner_server-3] 	See https://design.ros2.org/articles/node_lifecycle.html for more information.
[behavior_server-4] [INFO] [1775405052.966997367] [behavior_server]: 
[behavior_server-4] 	behavior_server lifecycle node launched. 
[behavior_server-4] 	Waiting on external lifecycle transitions to activate
[behavior_server-4] 	See https://design.ros2.org/articles/node_lifecycle.html for more information.
[waypoint_follower-6] [INFO] [1775405052.983533711] [waypoint_follower]: Creating
[lifecycle_manager-8] [INFO] [1775405052.998653503] [lifecycle_manager_navigation]: [34m[1mCreating and initializing lifecycle service clients[0m[0m
[controller_server-1] [INFO] [1775405052.999095231] [controller_server]: Creating controller server
[planner_server-3] [INFO] [1775405053.050866075] [planner_server]: Creating
[smoother_server-2] [INFO] [1775405053.051789214] [smoother_server]: Creating smoother server
[planner_server-3] [INFO] [1775405054.043147319] [global_costmap.global_costmap]: 
[planner_server-3] 	global_costmap lifecycle node launched. 
[planner_server-3] 	Waiting on external lifecycle transitions to activate
[planner_server-3] 	See https://design.ros2.org/articles/node_lifecycle.html for more information.
[planner_server-3] [INFO] [1775405054.044764621] [global_costmap.global_costmap]: Creating Costmap
[controller_server-1] [INFO] [1775405054.354400963] [local_costmap.local_costmap]: 
[controller_server-1] 	local_costmap lifecycle node launched. 
[controller_server-1] 	Waiting on external lifecycle transitions to activate
[controller_server-1] 	See https://design.ros2.org/articles/node_lifecycle.html for more information.
[controller_server-1] [INFO] [1775405054.368096262] [local_costmap.local_costmap]: Creating Costmap
[lifecycle_manager-8] [INFO] [1775405056.148398220] [lifecycle_manager_navigation]: [34m[1mStarting managed nodes bringup...[0m[0m
[lifecycle_manager-8] [INFO] [1775405056.148526869] [lifecycle_manager_navigation]: [34m[1mConfiguring controller_server[0m[0m
[controller_server-1] [INFO] [1775405056.155319680] [controller_server]: Configuring controller interface
[controller_server-1] [INFO] [1775405056.156011218] [controller_server]: getting goal checker plugins..
[controller_server-1] [INFO] [1775405056.156592668] [controller_server]: Controller frequency set to 10.0000Hz
[controller_server-1] [INFO] [1775405056.156670753] [local_costmap.local_costmap]: Configuring
[lifecycle_manager-8] [ERROR] [1775405056.166543338] [lifecycle_manager_navigation]: Failed to change state for node: controller_server
[lifecycle_manager-8] [ERROR] [1775405056.166770587] [lifecycle_manager_navigation]: Failed to bring up all requested nodes. Aborting bringup.
[controller_server-1] [INFO] [1775405056.253882158] [local_costmap.local_costmap]: Using plugin "obstacle_layer"
[controller_server-1] [INFO] [1775405056.267175566] [local_costmap.local_costmap]: Subscribed to Topics: scan
[controller_server-1] [INFO] [1775405056.294901153] [local_costmap.local_costmap]: Initialized plugin "obstacle_layer"
[controller_server-1] [INFO] [1775405056.296530070] [local_costmap.local_costmap]: Using plugin "inflation_layer"
[controller_server-1] [INFO] [1775405056.303202264] [local_costmap.local_costmap]: Initialized plugin "inflation_layer"
[controller_server-1] [INFO] [1775405056.349220596] [controller_server]: Created progress_checker : progress_checker of type nav2_controller::SimpleProgressChecker
[controller_server-1] [INFO] [1775405056.354394281] [controller_server]: Created goal checker : goal_checker of type nav2_controller::SimpleGoalChecker
[controller_server-1] [INFO] [1775405056.358554838] [controller_server]: Controller Server has goal_checker  goal checkers available.
[controller_server-1] [INFO] [1775405056.362653950] [controller_server]: Created controller : FollowPath of type dwb_core::DWBLocalPlanner
[controller_server-1] [INFO] [1775405056.370312647] [controller_server]: Setting transform_tolerance to 0.200000
[controller_server-1] [INFO] [1775405056.433375793] [controller_server]: Using critic "RotateToGoal" (dwb_critics::RotateToGoalCritic)
[controller_server-1] [INFO] [1775405056.445579427] [controller_server]: Critic plugin initialized
[controller_server-1] [INFO] [1775405056.448020979] [controller_server]: Using critic "Oscillation" (dwb_critics::OscillationCritic)
[controller_server-1] [INFO] [1775405056.452479477] [controller_server]: Critic plugin initialized
[controller_server-1] [INFO] [1775405056.454465061] [controller_server]: Using critic "BaseObstacle" (dwb_critics::BaseObstacleCritic)
[controller_server-1] [INFO] [1775405056.456868370] [controller_server]: Critic plugin initialized
[controller_server-1] [INFO] [1775405056.459360262] [controller_server]: Using critic "GoalAlign" (dwb_critics::GoalAlignCritic)
[controller_server-1] [INFO] [1775405056.462474151] [controller_server]: Critic plugin initialized
[controller_server-1] [INFO] [1775405056.464427156] [controller_server]: Using critic "PathAlign" (dwb_critics::PathAlignCritic)
[controller_server-1] [INFO] [1775405056.467612634] [controller_server]: Critic plugin initialized
[controller_server-1] [INFO] [1775405056.469470208] [controller_server]: Using critic "PathDist" (dwb_critics::PathDistCritic)
[controller_server-1] [INFO] [1775405056.471913489] [controller_server]: Critic plugin initialized
[controller_server-1] [INFO] [1775405056.473913729] [controller_server]: Using critic "GoalDist" (dwb_critics::GoalDistCritic)
[controller_server-1] [INFO] [1775405056.476242121] [controller_server]: Critic plugin initialized
[controller_server-1] [INFO] [1775405056.477229361] [controller_server]: Controller Server has FollowPath  controllers available.
[bt_navigator-5] [WARN] [1775405073.586738184] [rcl_lifecycle]: No transition matching activate found for current state unconfigured
[bt_navigator-5] [WARN] [1775405073.694539025] [bt_navigator.rclcpp]: failed to send response to /bt_navigator/get_state (timeout): client will not receive response, at ./src/rmw_response.cpp:154, at ./src/rcl/service.c:314
[controller_server-1] [INFO] [1775405130.259387387] [local_costmap.local_costmap]: Received request to clear entirely the local_costmap
[controller_server-1] [INFO] [1775405141.282486894] [local_costmap.local_costmap]: Received request to clear entirely the local_costmap
[controller_server-1] [INFO] [1775405152.278704184] [local_costmap.local_costmap]: Received request to clear entirely the local_costmap
[controller_server-1] [INFO] [1775405160.289082796] [local_costmap.local_costmap]: Received request to clear entirely the local_costmap
[controller_server-1] [INFO] [1775405171.033599427] [local_costmap.local_costmap]: Received request to clear entirely the local_costmap
[controller_server-1] [INFO] [1775405174.287420545] [local_costmap.local_costmap]: Received request to clear entirely the local_costmap
[controller_server-1] [INFO] [1775405192.287479394] [local_costmap.local_costmap]: Received request to clear entirely the local_costmap
[controller_server-1] [INFO] [1775405200.687354702] [local_costmap.local_costmap]: Received request to clear entirely the local_costmap
[controller_server-1] [INFO] [1775405212.379398546] [local_costmap.local_costmap]: Received request to clear entirely the local_costmap
[controller_server-1] [INFO] [1775405220.280194576] [local_costmap.local_costmap]: Received request to clear entirely the local_costmap
[controller_server-1] [INFO] [1775405233.079359543] [local_costmap.local_costmap]: Received request to clear entirely the local_costmap
[controller_server-1] [INFO] [1775405244.284512069] [local_costmap.local_costmap]: Received request to clear entirely the local_costmap
[controller_server-1] [INFO] [1775405252.284427686] [local_costmap.local_costmap]: Received request to clear entirely the local_costmap
[controller_server-1] [INFO] [1775405261.384656704] [local_costmap.local_costmap]: Received request to clear entirely the local_costmap
[controller_server-1] [INFO] [1775405279.287418115] [local_costmap.local_costmap]: Received request to clear entirely the local_costmap
[controller_server-1] [INFO] [1775405290.687483795] [local_costmap.local_costmap]: Received request to clear entirely the local_costmap
[controller_server-1] [INFO] [1775405298.387423174] [local_costmap.local_costmap]: Received request to clear entirely the local_costmap
[controller_server-1] [INFO] [1775405315.287427010] [local_costmap.local_costmap]: Received request to clear entirely the local_costmap
[controller_server-1] [INFO] [1775405330.257506339] [local_costmap.local_costmap]: Received request to clear entirely the local_costmap
[controller_server-1] [INFO] [1775405349.255890197] [local_costmap.local_costmap]: Received request to clear entirely the local_costmap
[controller_server-1] [INFO] [1775405358.285968405] [local_costmap.local_costmap]: Received request to clear entirely the local_costmap
