[INFO] [launch]: All log files can be found below /home/jetson/.ros/log/2026-04-09-08-09-02-645653-chandan-14382
[INFO] [launch]: Default logging verbosity is set to INFO
[INFO] [map_server-1]: process started with pid [14384]
[INFO] [amcl-2]: process started with pid [14386]
[INFO] [lifecycle_manager-3]: process started with pid [14388]
[map_server-1] [INFO] [1775693343.409850613] [map_server]: 
[map_server-1] 	map_server lifecycle node launched. 
[map_server-1] 	Waiting on external lifecycle transitions to activate
[map_server-1] 	See https://design.ros2.org/articles/node_lifecycle.html for more information.
[map_server-1] [INFO] [1775693343.412990106] [map_server]: Creating
[lifecycle_manager-3] [INFO] [1775693343.587277172] [lifecycle_manager_localization]: Creating
[amcl-2] [INFO] [1775693343.680321131] [amcl]: 
[amcl-2] 	amcl lifecycle node launched. 
[amcl-2] 	Waiting on external lifecycle transitions to activate
[amcl-2] 	See https://design.ros2.org/articles/node_lifecycle.html for more information.
[amcl-2] [INFO] [1775693343.698496810] [amcl]: Creating
[lifecycle_manager-3] [INFO] [1775693343.705647032] [lifecycle_manager_localization]: [34m[1mCreating and initializing lifecycle service clients[0m[0m
[lifecycle_manager-3] [INFO] [1775693344.296344534] [lifecycle_manager_localization]: [34m[1mStarting managed nodes bringup...[0m[0m
[lifecycle_manager-3] [INFO] [1775693344.297135544] [lifecycle_manager_localization]: [34m[1mConfiguring map_server[0m[0m
[map_server-1] [INFO] [1775693344.303623178] [map_server]: Configuring
[map_server-1] [INFO] [1775693344.303789105] [map_io]: Loading yaml file: /home/jetson/formica_map.yaml
[map_server-1] [INFO] [1775693344.304298470] [map_io]: resolution: 0.05
[map_server-1] [INFO] [1775693344.304321063] [map_io]: origin[0]: -5.9
[map_server-1] [INFO] [1775693344.304329575] [map_io]: origin[1]: -2.99
[map_server-1] [INFO] [1775693344.304335432] [map_io]: origin[2]: 0
[map_server-1] [INFO] [1775693344.304341416] [map_io]: free_thresh: 0.25
[map_server-1] [INFO] [1775693344.304347272] [map_io]: occupied_thresh: 0.65
[map_server-1] [INFO] [1775693344.304354856] [map_io]: mode: trinary
[map_server-1] [INFO] [1775693344.304364265] [map_io]: negate: 0
[map_server-1] [INFO] [1775693344.304710743] [map_io]: Loading image_file: /home/jetson/formica_map.pgm
[map_server-1] [INFO] [1775693344.310945086] [map_io]: Read map /home/jetson/formica_map.pgm: 185 X 172 map @ 0.05 m/cell
[lifecycle_manager-3] [INFO] [1775693344.414152610] [lifecycle_manager_localization]: [34m[1mConfiguring amcl[0m[0m
[amcl-2] [INFO] [1775693344.414764443] [amcl]: Configuring
[amcl-2] [INFO] [1775693344.414998181] [amcl]: initTransforms
[amcl-2] [INFO] [1775693344.449767104] [amcl]: initPubSub
[amcl-2] [INFO] [1775693344.467531566] [amcl]: Subscribed to map topic.
[lifecycle_manager-3] [INFO] [1775693344.487733219] [lifecycle_manager_localization]: [34m[1mActivating map_server[0m[0m
[map_server-1] [INFO] [1775693344.488178197] [map_server]: Activating
[map_server-1] [INFO] [1775693344.488729869] [map_server]: Creating bond (map_server) to lifecycle manager.
[amcl-2] [INFO] [1775693344.494749163] [amcl]: Received a 185 X 172 map @ 0.050 m/pix
[lifecycle_manager-3] [INFO] [1775693345.103346492] [lifecycle_manager_localization]: Server map_server connected with bond.
[lifecycle_manager-3] [INFO] [1775693345.103504258] [lifecycle_manager_localization]: [34m[1mActivating amcl[0m[0m
[amcl-2] [INFO] [1775693345.104431210] [amcl]: Activating
[amcl-2] [INFO] [1775693345.104558607] [amcl]: Creating bond (amcl) to lifecycle manager.
[amcl-2] [INFO] [1775693345.196313935] [amcl]: createLaserObject
[lifecycle_manager-3] [INFO] [1775693345.216112466] [lifecycle_manager_localization]: Server amcl connected with bond.
[lifecycle_manager-3] [INFO] [1775693345.216252952] [lifecycle_manager_localization]: [34m[1mManaged nodes are active[0m[0m
[lifecycle_manager-3] [INFO] [1775693345.216300634] [lifecycle_manager_localization]: [34m[1mCreating bond timer...[0m[0m
[amcl-2] [INFO] [1775693345.495961522] [amcl]: Message Filter dropping message: frame 'laser' at time 1775693344.360 for reason 'the timestamp on the message is earlier than all the data in the transform cache'
[amcl-2] [WARN] [1775693346.436783748] [amcl]: AMCL cannot publish a pose or update the transform. Please set the initial pose...
[amcl-2] [INFO] [1775693348.301949611] [amcl]: Received a 2278 X 1906 map @ 0.050 m/pix
[amcl-2] [INFO] [1775693348.388590322] [amcl]: createLaserObject
[amcl-2] [WARN] [1775693350.426874840] [amcl]: AMCL cannot publish a pose or update the transform. Please set the initial pose...
[amcl-2] [WARN] [1775693352.572302973] [amcl]: AMCL cannot publish a pose or update the transform. Please set the initial pose...
[amcl-2] [INFO] [1775693353.294898796] [amcl]: Received a 2278 X 1906 map @ 0.050 m/pix
[amcl-2] [INFO] [1775693353.387439051] [amcl]: createLaserObject
[amcl-2] [WARN] [1775693355.410333747] [amcl]: AMCL cannot publish a pose or update the transform. Please set the initial pose...
[amcl-2] [WARN] [1775693357.563749234] [amcl]: AMCL cannot publish a pose or update the transform. Please set the initial pose...
[amcl-2] [INFO] [1775693358.290834423] [amcl]: Received a 2278 X 1906 map @ 0.050 m/pix
[amcl-2] [INFO] [1775693358.374337080] [amcl]: createLaserObject
[amcl-2] [WARN] [1775693360.471930008] [amcl]: AMCL cannot publish a pose or update the transform. Please set the initial pose...
[amcl-2] [WARN] [1775693362.526303057] [amcl]: AMCL cannot publish a pose or update the transform. Please set the initial pose...
[amcl-2] [INFO] [1775693363.325719800] [amcl]: Received a 2278 X 1906 map @ 0.050 m/pix
[amcl-2] [INFO] [1775693363.386290130] [amcl]: createLaserObject
[amcl-2] [WARN] [1775693365.465671837] [amcl]: AMCL cannot publish a pose or update the transform. Please set the initial pose...
[amcl-2] [WARN] [1775693367.512467266] [amcl]: AMCL cannot publish a pose or update the transform. Please set the initial pose...
[amcl-2] [INFO] [1775693368.295612051] [amcl]: Received a 2278 X 1906 map @ 0.050 m/pix
[amcl-2] [INFO] [1775693368.359516920] [amcl]: createLaserObject
[amcl-2] [WARN] [1775693370.475253547] [amcl]: AMCL cannot publish a pose or update the transform. Please set the initial pose...
[amcl-2] [INFO] [1775693370.731731780] [amcl]: initialPoseReceived
[amcl-2] [WARN] [1775693370.731965901] [amcl]: Failed to transform initial pose in time (Lookup would require extrapolation into the future.  Requested time 1775693370.731835 but the latest data is at time 1775693370.721399, when looking up transform from frame [base_footprint] to frame [odom])
[amcl-2] [INFO] [1775693370.732006255] [amcl]: Setting pose (1775693370.732005): 0.000 0.000 0.000
[amcl-2] [INFO] [1775693373.293524344] [amcl]: Received a 2278 X 1906 map @ 0.050 m/pix
[amcl-2] [INFO] [1775693373.351015759] [amcl]: createLaserObject
[amcl-2] [INFO] [1775693378.291787162] [amcl]: Received a 2278 X 1906 map @ 0.050 m/pix
[amcl-2] [INFO] [1775693378.361981159] [amcl]: createLaserObject
[amcl-2] [INFO] [1775693384.630025278] [amcl]: Received a 2278 X 1906 map @ 0.050 m/pix
[amcl-2] [INFO] [1775693384.723868559] [amcl]: createLaserObject
[amcl-2] [INFO] [1775693388.312312316] [amcl]: Received a 2278 X 1906 map @ 0.050 m/pix
[amcl-2] [INFO] [1775693388.371166218] [amcl]: createLaserObject
[amcl-2] [INFO] [1775693393.314470287] [amcl]: Received a 2278 X 1906 map @ 0.050 m/pix
[amcl-2] [INFO] [1775693393.368451407] [amcl]: createLaserObject
[amcl-2] [INFO] [1775693398.310338728] [amcl]: Received a 2278 X 1906 map @ 0.050 m/pix
[amcl-2] [INFO] [1775693398.372263382] [amcl]: createLaserObject
[amcl-2] [INFO] [1775693403.339207839] [amcl]: Received a 2278 X 1906 map @ 0.050 m/pix
[amcl-2] [INFO] [1775693403.405481763] [amcl]: createLaserObject
[amcl-2] [INFO] [1775693408.310182626] [amcl]: Received a 2278 X 1906 map @ 0.050 m/pix
[amcl-2] [INFO] [1775693408.437518191] [amcl]: createLaserObject
[amcl-2] [INFO] [1775693413.322371708] [amcl]: Received a 2278 X 1906 map @ 0.050 m/pix
[amcl-2] [INFO] [1775693413.399508488] [amcl]: createLaserObject
[amcl-2] [INFO] [1775693418.303535631] [amcl]: Received a 2278 X 1906 map @ 0.050 m/pix
[amcl-2] [INFO] [1775693418.398600525] [amcl]: createLaserObject
[amcl-2] [INFO] [1775693423.296868916] [amcl]: Received a 2278 X 1906 map @ 0.050 m/pix
[amcl-2] [INFO] [1775693423.385344060] [amcl]: createLaserObject
[amcl-2] [INFO] [1775693428.294936915] [amcl]: Received a 2278 X 1906 map @ 0.050 m/pix
[amcl-2] [INFO] [1775693428.372033532] [amcl]: createLaserObject
[amcl-2] [INFO] [1775693433.307491302] [amcl]: Received a 2278 X 1906 map @ 0.050 m/pix
[amcl-2] [INFO] [1775693433.419893594] [amcl]: createLaserObject
[amcl-2] [INFO] [1775693438.307463004] [amcl]: Received a 2278 X 1906 map @ 0.050 m/pix
[amcl-2] [INFO] [1775693438.432080815] [amcl]: createLaserObject
[amcl-2] [INFO] [1775693443.400305538] [amcl]: Received a 2334 X 1906 map @ 0.050 m/pix
[amcl-2] [INFO] [1775693443.463858256] [amcl]: createLaserObject
[amcl-2] [INFO] [1775693448.303549792] [amcl]: Received a 2334 X 1906 map @ 0.050 m/pix
[amcl-2] [INFO] [1775693448.354382647] [amcl]: createLaserObject
[amcl-2] [INFO] [1775693453.301633027] [amcl]: Received a 2351 X 1906 map @ 0.050 m/pix
[amcl-2] [INFO] [1775693453.367370924] [amcl]: createLaserObject
[amcl-2] [INFO] [1775693458.377382200] [amcl]: Received a 2351 X 1906 map @ 0.050 m/pix
[amcl-2] [INFO] [1775693458.451042925] [amcl]: createLaserObject
[amcl-2] [INFO] [1775693463.318923904] [amcl]: Received a 2351 X 1906 map @ 0.050 m/pix
[amcl-2] [INFO] [1775693463.438729189] [amcl]: createLaserObject
[amcl-2] [INFO] [1775693468.351718517] [amcl]: Received a 2361 X 1906 map @ 0.050 m/pix
[amcl-2] [INFO] [1775693468.437062834] [amcl]: createLaserObject
[amcl-2] [INFO] [1775693473.316390165] [amcl]: Received a 2361 X 1906 map @ 0.050 m/pix
[amcl-2] [INFO] [1775693473.425252524] [amcl]: createLaserObject
[amcl-2] [INFO] [1775693478.341505556] [amcl]: Received a 2361 X 1906 map @ 0.050 m/pix
[amcl-2] [INFO] [1775693478.434706489] [amcl]: createLaserObject
[amcl-2] [INFO] [1775693483.315397701] [amcl]: Received a 2361 X 1906 map @ 0.050 m/pix
[amcl-2] [INFO] [1775693483.380022075] [amcl]: createLaserObject
[amcl-2] [INFO] [1775693488.303398238] [amcl]: Received a 2361 X 1906 map @ 0.050 m/pix
[amcl-2] [INFO] [1775693488.368528681] [amcl]: createLaserObject
[amcl-2] [INFO] [1775693493.311308978] [amcl]: Received a 2361 X 1906 map @ 0.050 m/pix
[amcl-2] [INFO] [1775693493.443929194] [amcl]: createLaserObject
[amcl-2] [INFO] [1775693498.306557580] [amcl]: Received a 2361 X 1906 map @ 0.050 m/pix
[amcl-2] [INFO] [1775693498.405874158] [amcl]: createLaserObject
[amcl-2] [INFO] [1775693503.301644567] [amcl]: Received a 2361 X 1906 map @ 0.050 m/pix
[amcl-2] [INFO] [1775693503.381118202] [amcl]: createLaserObject
[amcl-2] [INFO] [1775693508.300577053] [amcl]: Received a 2361 X 1906 map @ 0.050 m/pix
[amcl-2] [INFO] [1775693508.369329374] [amcl]: createLaserObject
[amcl-2] [INFO] [1775693513.302547484] [amcl]: Received a 2361 X 1906 map @ 0.050 m/pix
[amcl-2] [INFO] [1775693513.365236222] [amcl]: createLaserObject
[amcl-2] [INFO] [1775693518.308937197] [amcl]: Received a 2361 X 1906 map @ 0.050 m/pix
[amcl-2] [INFO] [1775693518.367749133] [amcl]: createLaserObject
[amcl-2] [INFO] [1775693523.302333849] [amcl]: Received a 2361 X 1906 map @ 0.050 m/pix
[amcl-2] [INFO] [1775693523.395981355] [amcl]: createLaserObject
[amcl-2] [INFO] [1775693528.312863245] [amcl]: Received a 2361 X 1906 map @ 0.050 m/pix
[amcl-2] [INFO] [1775693528.412193548] [amcl]: createLaserObject
[amcl-2] [INFO] [1775693533.312785119] [amcl]: Received a 2361 X 1906 map @ 0.050 m/pix
[amcl-2] [INFO] [1775693533.382687406] [amcl]: createLaserObject
[amcl-2] [INFO] [1775693538.314141769] [amcl]: Received a 2361 X 1906 map @ 0.050 m/pix
[amcl-2] [INFO] [1775693538.388555348] [amcl]: createLaserObject
[amcl-2] [INFO] [1775693543.315357417] [amcl]: Received a 2361 X 1906 map @ 0.050 m/pix
[amcl-2] [INFO] [1775693543.421686027] [amcl]: createLaserObject
[amcl-2] [INFO] [1775693548.337003836] [amcl]: Received a 2361 X 1906 map @ 0.050 m/pix
[amcl-2] [INFO] [1775693548.415736314] [amcl]: createLaserObject
[amcl-2] [INFO] [1775693553.317940452] [amcl]: Received a 2361 X 1906 map @ 0.050 m/pix
[amcl-2] [INFO] [1775693553.380535422] [amcl]: createLaserObject
[amcl-2] [INFO] [1775693558.338008077] [amcl]: Received a 2361 X 1906 map @ 0.050 m/pix
[amcl-2] [INFO] [1775693558.430019414] [amcl]: createLaserObject
[amcl-2] [INFO] [1775693563.309888245] [amcl]: Received a 2361 X 1906 map @ 0.050 m/pix
[amcl-2] [INFO] [1775693563.373019397] [amcl]: createLaserObject
[amcl-2] [INFO] [1775693568.344332690] [amcl]: Received a 2361 X 1906 map @ 0.050 m/pix
[amcl-2] [INFO] [1775693568.440193146] [amcl]: createLaserObject
[amcl-2] [INFO] [1775693573.324060797] [amcl]: Received a 2361 X 1906 map @ 0.050 m/pix
[amcl-2] [INFO] [1775693573.386836989] [amcl]: createLaserObject
[amcl-2] [INFO] [1775693578.332264556] [amcl]: Received a 2361 X 1906 map @ 0.050 m/pix
[amcl-2] [INFO] [1775693578.408831757] [amcl]: createLaserObject
[amcl-2] [INFO] [1775693583.319065276] [amcl]: Received a 2361 X 1906 map @ 0.050 m/pix
[amcl-2] [INFO] [1775693583.400662926] [amcl]: createLaserObject
[amcl-2] [INFO] [1775693588.324648251] [amcl]: Received a 2361 X 1906 map @ 0.050 m/pix
[amcl-2] [INFO] [1775693588.397614692] [amcl]: createLaserObject
[amcl-2] [INFO] [1775693593.315937732] [amcl]: Received a 2361 X 1906 map @ 0.050 m/pix
[amcl-2] [INFO] [1775693593.423898786] [amcl]: createLaserObject
[amcl-2] [INFO] [1775693598.304806215] [amcl]: Received a 2361 X 1906 map @ 0.050 m/pix
[amcl-2] [INFO] [1775693598.366244910] [amcl]: createLaserObject
[amcl-2] [INFO] [1775693603.310973661] [amcl]: Received a 2361 X 1906 map @ 0.050 m/pix
[amcl-2] [INFO] [1775693603.432900706] [amcl]: createLaserObject
[amcl-2] [INFO] [1775693608.306466997] [amcl]: Received a 2361 X 1906 map @ 0.050 m/pix
[amcl-2] [INFO] [1775693608.371971877] [amcl]: createLaserObject
[amcl-2] [INFO] [1775693613.309568427] [amcl]: Received a 2361 X 1906 map @ 0.050 m/pix
[amcl-2] [INFO] [1775693613.384268474] [amcl]: createLaserObject
[amcl-2] [INFO] [1775693618.319605092] [amcl]: Received a 2361 X 1906 map @ 0.050 m/pix
[amcl-2] [INFO] [1775693618.387473461] [amcl]: createLaserObject
[amcl-2] [INFO] [1775693623.317664265] [amcl]: Received a 2361 X 1906 map @ 0.050 m/pix
[amcl-2] [INFO] [1775693623.380140217] [amcl]: createLaserObject
[amcl-2] [INFO] [1775693628.319672692] [amcl]: Received a 2361 X 1906 map @ 0.050 m/pix
[amcl-2] [INFO] [1775693628.388475340] [amcl]: createLaserObject
[amcl-2] [INFO] [1775693633.515632190] [amcl]: Received a 2361 X 1906 map @ 0.050 m/pix
[amcl-2] [INFO] [1775693633.648271645] [amcl]: createLaserObject
[amcl-2] [INFO] [1775693638.314489840] [amcl]: Received a 2361 X 1906 map @ 0.050 m/pix
[amcl-2] [INFO] [1775693638.378602531] [amcl]: createLaserObject
[amcl-2] [INFO] [1775693643.318306732] [amcl]: Received a 2361 X 1906 map @ 0.050 m/pix
[amcl-2] [INFO] [1775693643.399881559] [amcl]: createLaserObject
[amcl-2] [INFO] [1775693648.312823015] [amcl]: Received a 2361 X 1906 map @ 0.050 m/pix
[amcl-2] [INFO] [1775693648.402766735] [amcl]: createLaserObject
[amcl-2] [INFO] [1775693653.317876604] [amcl]: Received a 2361 X 1906 map @ 0.050 m/pix
[amcl-2] [INFO] [1775693653.411197072] [amcl]: createLaserObject
[amcl-2] [INFO] [1775693658.314969704] [amcl]: Received a 2361 X 1906 map @ 0.050 m/pix
[amcl-2] [INFO] [1775693658.446135494] [amcl]: createLaserObject
[amcl-2] [INFO] [1775693663.315190682] [amcl]: Received a 2361 X 1906 map @ 0.050 m/pix
[amcl-2] [INFO] [1775693663.377446238] [amcl]: createLaserObject
[amcl-2] [INFO] [1775693668.305936805] [amcl]: Received a 2361 X 1906 map @ 0.050 m/pix
[amcl-2] [INFO] [1775693668.383821331] [amcl]: createLaserObject
[amcl-2] [INFO] [1775693673.306170590] [amcl]: Received a 2361 X 1906 map @ 0.050 m/pix
[amcl-2] [INFO] [1775693673.393332880] [amcl]: createLaserObject
[amcl-2] [INFO] [1775693678.301766427] [amcl]: Received a 2361 X 1906 map @ 0.050 m/pix
[amcl-2] [INFO] [1775693678.404370159] [amcl]: createLaserObject
[amcl-2] [INFO] [1775693683.309081477] [amcl]: Received a 2361 X 1906 map @ 0.050 m/pix
[amcl-2] [INFO] [1775693683.428767232] [amcl]: createLaserObject
[amcl-2] [INFO] [1775693688.302977796] [amcl]: Received a 2361 X 1906 map @ 0.050 m/pix
[amcl-2] [INFO] [1775693688.390631656] [amcl]: createLaserObject
[amcl-2] [INFO] [1775693693.302310634] [amcl]: Received a 2361 X 1906 map @ 0.050 m/pix
[amcl-2] [INFO] [1775693693.364575052] [amcl]: createLaserObject
[amcl-2] [INFO] [1775693698.306167891] [amcl]: Received a 2361 X 1906 map @ 0.050 m/pix
[amcl-2] [INFO] [1775693698.372214194] [amcl]: createLaserObject
[amcl-2] [INFO] [1775693703.308558339] [amcl]: Received a 2361 X 1906 map @ 0.050 m/pix
[amcl-2] [INFO] [1775693703.369929215] [amcl]: createLaserObject
[amcl-2] [INFO] [1775693708.311653239] [amcl]: Received a 2361 X 1906 map @ 0.050 m/pix
[amcl-2] [INFO] [1775693708.378475222] [amcl]: createLaserObject
[amcl-2] [INFO] [1775693713.299548311] [amcl]: Received a 2361 X 1906 map @ 0.050 m/pix
[amcl-2] [INFO] [1775693713.397264348] [amcl]: createLaserObject
[amcl-2] [INFO] [1775693718.300681061] [amcl]: Received a 2361 X 1906 map @ 0.050 m/pix
[amcl-2] [INFO] [1775693718.359429395] [amcl]: createLaserObject
[amcl-2] [INFO] [1775693723.301237122] [amcl]: Received a 2361 X 1906 map @ 0.050 m/pix
[amcl-2] [INFO] [1775693723.366847629] [amcl]: createLaserObject
[amcl-2] [INFO] [1775693728.301696449] [amcl]: Received a 2361 X 1906 map @ 0.050 m/pix
[amcl-2] [INFO] [1775693728.418429788] [amcl]: createLaserObject
[amcl-2] [INFO] [1775693733.302439923] [amcl]: Received a 2361 X 1906 map @ 0.050 m/pix
[amcl-2] [INFO] [1775693733.360886132] [amcl]: createLaserObject
[amcl-2] [INFO] [1775693738.309450225] [amcl]: Received a 2361 X 1906 map @ 0.050 m/pix
[amcl-2] [INFO] [1775693738.379526838] [amcl]: createLaserObject
[amcl-2] [INFO] [1775693743.310701607] [amcl]: Received a 2361 X 1906 map @ 0.050 m/pix
[amcl-2] [INFO] [1775693743.415186595] [amcl]: createLaserObject
[amcl-2] [INFO] [1775693748.321604598] [amcl]: Received a 2361 X 1906 map @ 0.050 m/pix
[amcl-2] [INFO] [1775693748.387007160] [amcl]: createLaserObject
[amcl-2] [INFO] [1775693753.341967383] [amcl]: Received a 2361 X 1906 map @ 0.050 m/pix
[amcl-2] [INFO] [1775693753.412810874] [amcl]: createLaserObject
[amcl-2] [INFO] [1775693758.318566659] [amcl]: Received a 2361 X 1906 map @ 0.050 m/pix
[amcl-2] [INFO] [1775693758.399844120] [amcl]: createLaserObject
[amcl-2] [INFO] [1775693763.322304192] [amcl]: Received a 2361 X 1906 map @ 0.050 m/pix
[amcl-2] [INFO] [1775693763.447714944] [amcl]: createLaserObject
[amcl-2] [INFO] [1775693768.322800000] [amcl]: Received a 2361 X 1906 map @ 0.050 m/pix
[amcl-2] [INFO] [1775693768.380838221] [amcl]: createLaserObject
[amcl-2] [INFO] [1775693773.322038515] [amcl]: Received a 2361 X 1906 map @ 0.050 m/pix
[amcl-2] [INFO] [1775693773.397196169] [amcl]: createLaserObject
[amcl-2] [INFO] [1775693778.314288302] [amcl]: Received a 2361 X 1906 map @ 0.050 m/pix
[amcl-2] [INFO] [1775693778.407660888] [amcl]: createLaserObject
[amcl-2] [INFO] [1775693783.314396888] [amcl]: Received a 2361 X 1906 map @ 0.050 m/pix
[amcl-2] [INFO] [1775693783.444567004] [amcl]: createLaserObject
[amcl-2] [INFO] [1775693788.651909557] [amcl]: Received a 2361 X 1906 map @ 0.050 m/pix
[amcl-2] [INFO] [1775693788.761762284] [amcl]: createLaserObject
[amcl-2] [INFO] [1775693793.313098827] [amcl]: Received a 2361 X 1906 map @ 0.050 m/pix
[amcl-2] [INFO] [1775693793.382277510] [amcl]: createLaserObject
[amcl-2] [INFO] [1775693798.309202220] [amcl]: Received a 2361 X 1906 map @ 0.050 m/pix
[amcl-2] [INFO] [1775693798.416143656] [amcl]: createLaserObject
[amcl-2] [INFO] [1775693803.319406625] [amcl]: Received a 2361 X 1906 map @ 0.050 m/pix
[amcl-2] [INFO] [1775693803.393335713] [amcl]: createLaserObject
[amcl-2] [INFO] [1775693808.310674766] [amcl]: Received a 2361 X 1906 map @ 0.050 m/pix
[amcl-2] [INFO] [1775693808.371649076] [amcl]: createLaserObject
[amcl-2] [INFO] [1775693813.316586950] [amcl]: Received a 2361 X 1906 map @ 0.050 m/pix
[amcl-2] [INFO] [1775693813.377621454] [amcl]: createLaserObject
[amcl-2] [INFO] [1775693818.326765914] [amcl]: Received a 2361 X 1906 map @ 0.050 m/pix
[amcl-2] [INFO] [1775693818.411709891] [amcl]: createLaserObject
[amcl-2] [INFO] [1775693823.312433470] [amcl]: Received a 2361 X 1906 map @ 0.050 m/pix
[amcl-2] [INFO] [1775693823.435074725] [amcl]: createLaserObject
[amcl-2] [INFO] [1775693828.318127470] [amcl]: Received a 2361 X 1906 map @ 0.050 m/pix
[amcl-2] [INFO] [1775693828.377637430] [amcl]: createLaserObject
[amcl-2] [INFO] [1775693833.307107347] [amcl]: Received a 2361 X 1906 map @ 0.050 m/pix
[amcl-2] [INFO] [1775693833.396344525] [amcl]: createLaserObject
[amcl-2] [INFO] [1775693838.313907272] [amcl]: Received a 2361 X 1906 map @ 0.050 m/pix
[amcl-2] [INFO] [1775693838.398532322] [amcl]: createLaserObject
[amcl-2] [INFO] [1775693843.314685295] [amcl]: Received a 2361 X 1906 map @ 0.050 m/pix
[amcl-2] [INFO] [1775693843.431821742] [amcl]: createLaserObject
[amcl-2] [INFO] [1775693848.316481131] [amcl]: Received a 2361 X 1906 map @ 0.050 m/pix
[amcl-2] [INFO] [1775693848.397116863] [amcl]: createLaserObject
[amcl-2] [INFO] [1775693853.325367931] [amcl]: Received a 2361 X 1906 map @ 0.050 m/pix
[amcl-2] [INFO] [1775693853.401309067] [amcl]: createLaserObject
[amcl-2] [INFO] [1775693858.313960204] [amcl]: Received a 2361 X 1906 map @ 0.050 m/pix
[amcl-2] [INFO] [1775693858.379522349] [amcl]: createLaserObject
[amcl-2] [INFO] [1775693863.328230516] [amcl]: Received a 2361 X 1906 map @ 0.050 m/pix
[amcl-2] [INFO] [1775693863.414068638] [amcl]: createLaserObject
[amcl-2] [INFO] [1775693868.319140447] [amcl]: Received a 2361 X 1906 map @ 0.050 m/pix
[amcl-2] [INFO] [1775693868.450736340] [amcl]: createLaserObject
[amcl-2] [INFO] [1775693873.310048598] [amcl]: Received a 2361 X 1906 map @ 0.050 m/pix
[amcl-2] [INFO] [1775693873.396170604] [amcl]: createLaserObject
[amcl-2] [INFO] [1775693878.307516108] [amcl]: Received a 2361 X 1906 map @ 0.050 m/pix
[amcl-2] [INFO] [1775693878.376973134] [amcl]: createLaserObject
[amcl-2] [INFO] [1775693883.307847781] [amcl]: Received a 2361 X 1906 map @ 0.050 m/pix
[amcl-2] [INFO] [1775693883.397656243] [amcl]: createLaserObject
[amcl-2] [INFO] [1775693888.310069946] [amcl]: Received a 2361 X 1906 map @ 0.050 m/pix
[amcl-2] [INFO] [1775693888.434147446] [amcl]: createLaserObject
[amcl-2] [INFO] [1775693893.315911540] [amcl]: Received a 2361 X 1906 map @ 0.050 m/pix
[amcl-2] [INFO] [1775693893.379652520] [amcl]: createLaserObject
[amcl-2] [INFO] [1775693898.323999032] [amcl]: Received a 2361 X 1906 map @ 0.050 m/pix
[amcl-2] [INFO] [1775693898.398254624] [amcl]: createLaserObject
[amcl-2] [INFO] [1775693903.316201463] [amcl]: Received a 2361 X 1906 map @ 0.050 m/pix
[amcl-2] [INFO] [1775693903.381941278] [amcl]: createLaserObject
[amcl-2] [INFO] [1775693908.307152689] [amcl]: Received a 2361 X 1906 map @ 0.050 m/pix
[amcl-2] [INFO] [1775693908.404666525] [amcl]: createLaserObject
[amcl-2] [INFO] [1775693913.327954159] [amcl]: Received a 2361 X 1906 map @ 0.050 m/pix
[amcl-2] [INFO] [1775693914.428316495] [amcl]: Message Filter dropping message: frame 'laser' at time 1775693913.293 for reason 'the timestamp on the message is earlier than all the data in the transform cache'
[amcl-2] [INFO] [1775693915.855859949] [amcl]: createLaserObject
[amcl-2] [INFO] [1775693918.167448221] [amcl]: Message Filter dropping message: frame 'laser' at time 1775693914.928 for reason 'the timestamp on the message is earlier than all the data in the transform cache'
[amcl-2] [INFO] [1775693918.315874888] [amcl]: Received a 2361 X 1906 map @ 0.050 m/pix
[amcl-2] [INFO] [1775693918.376321138] [amcl]: createLaserObject
[amcl-2] [INFO] [1775693923.335108962] [amcl]: Received a 2361 X 1906 map @ 0.050 m/pix
[amcl-2] [INFO] [1775693923.406177829] [amcl]: createLaserObject
[amcl-2] [INFO] [1775693928.314915113] [amcl]: Received a 2361 X 1906 map @ 0.050 m/pix
[amcl-2] [INFO] [1775693928.380811541] [amcl]: createLaserObject
[amcl-2] [INFO] [1775693933.312154961] [amcl]: Received a 2361 X 1906 map @ 0.050 m/pix
[amcl-2] [INFO] [1775693933.399509398] [amcl]: createLaserObject
[amcl-2] [INFO] [1775693938.307612671] [amcl]: Received a 2361 X 1906 map @ 0.050 m/pix
[amcl-2] [INFO] [1775693938.423773806] [amcl]: createLaserObject
[amcl-2] [INFO] [1775693943.347699574] [amcl]: Received a 2361 X 1906 map @ 0.050 m/pix
[amcl-2] [INFO] [1775693943.446389424] [amcl]: createLaserObject
[amcl-2] [INFO] [1775693948.318844114] [amcl]: Received a 2361 X 1906 map @ 0.050 m/pix
[amcl-2] [INFO] [1775693948.382001708] [amcl]: createLaserObject
[amcl-2] [INFO] [1775693953.326924858] [amcl]: Received a 2361 X 1906 map @ 0.050 m/pix
[amcl-2] [INFO] [1775693953.398004956] [amcl]: createLaserObject
[amcl-2] [INFO] [1775693958.309015708] [amcl]: Received a 2361 X 1906 map @ 0.050 m/pix
[amcl-2] [INFO] [1775693958.381621181] [amcl]: createLaserObject
[amcl-2] [INFO] [1775693963.317882020] [amcl]: Received a 2361 X 1906 map @ 0.050 m/pix
[amcl-2] [INFO] [1775693963.405311531] [amcl]: createLaserObject
[amcl-2] [INFO] [1775693968.310159181] [amcl]: Received a 2361 X 1906 map @ 0.050 m/pix
[amcl-2] [INFO] [1775693968.429461628] [amcl]: createLaserObject
[amcl-2] [INFO] [1775693973.326233248] [amcl]: Received a 2361 X 1906 map @ 0.050 m/pix
[amcl-2] [INFO] [1775693973.440262196] [amcl]: createLaserObject
[amcl-2] [INFO] [1775693978.315501421] [amcl]: Received a 2361 X 1906 map @ 0.050 m/pix
[amcl-2] [INFO] [1775693978.388228850] [amcl]: createLaserObject
[amcl-2] [INFO] [1775693983.309320743] [amcl]: Received a 2361 X 1906 map @ 0.050 m/pix
[amcl-2] [INFO] [1775693983.390887962] [amcl]: createLaserObject
[amcl-2] [INFO] [1775693988.319649854] [amcl]: Received a 2361 X 1906 map @ 0.050 m/pix
[amcl-2] [INFO] [1775693988.383284042] [amcl]: createLaserObject
[amcl-2] [INFO] [1775693993.308322821] [amcl]: Received a 2361 X 1906 map @ 0.050 m/pix
[amcl-2] [INFO] [1775693993.386671282] [amcl]: createLaserObject
[amcl-2] [INFO] [1775693998.313306497] [amcl]: Received a 2361 X 1906 map @ 0.050 m/pix
[amcl-2] [INFO] [1775693998.410759845] [amcl]: createLaserObject
[amcl-2] [INFO] [1775694003.326118962] [amcl]: Received a 2361 X 1906 map @ 0.050 m/pix
[amcl-2] [INFO] [1775694003.421274678] [amcl]: createLaserObject
[amcl-2] [INFO] [1775694008.321352316] [amcl]: Received a 2361 X 1906 map @ 0.050 m/pix
[amcl-2] [INFO] [1775694008.445850591] [amcl]: createLaserObject
[amcl-2] [INFO] [1775694013.343109762] [amcl]: Received a 2361 X 1906 map @ 0.050 m/pix
[amcl-2] [INFO] [1775694013.455994116] [amcl]: createLaserObject
[amcl-2] [INFO] [1775694018.316841973] [amcl]: Received a 2361 X 1906 map @ 0.050 m/pix
[amcl-2] [INFO] [1775694018.379719201] [amcl]: createLaserObject
[amcl-2] [INFO] [1775694023.312271741] [amcl]: Received a 2361 X 1906 map @ 0.050 m/pix
[amcl-2] [INFO] [1775694023.406409462] [amcl]: createLaserObject
[amcl-2] [INFO] [1775694028.322922669] [amcl]: Received a 2361 X 1906 map @ 0.050 m/pix
[amcl-2] [INFO] [1775694028.403363151] [amcl]: createLaserObject
[amcl-2] [INFO] [1775694033.314956588] [amcl]: Received a 2361 X 1906 map @ 0.050 m/pix
[amcl-2] [INFO] [1775694033.390362845] [amcl]: createLaserObject
[amcl-2] [INFO] [1775694038.311620764] [amcl]: Received a 2361 X 1906 map @ 0.050 m/pix
[amcl-2] [INFO] [1775694038.413798274] [amcl]: createLaserObject
[amcl-2] [INFO] [1775694043.339424777] [amcl]: Received a 2361 X 1906 map @ 0.050 m/pix
[amcl-2] [INFO] [1775694043.425028480] [amcl]: createLaserObject
[amcl-2] [INFO] [1775694048.310853514] [amcl]: Received a 2361 X 1906 map @ 0.050 m/pix
[amcl-2] [INFO] [1775694048.369120693] [amcl]: createLaserObject
[amcl-2] [INFO] [1775694053.314760894] [amcl]: Received a 2361 X 1906 map @ 0.050 m/pix
[amcl-2] [INFO] [1775694053.372570134] [amcl]: createLaserObject
[amcl-2] [INFO] [1775694058.311156782] [amcl]: Received a 2361 X 1906 map @ 0.050 m/pix
[amcl-2] [INFO] [1775694058.378629110] [amcl]: createLaserObject
[amcl-2] [INFO] [1775694063.311344942] [amcl]: Received a 2361 X 1906 map @ 0.050 m/pix
[amcl-2] [INFO] [1775694063.379938564] [amcl]: createLaserObject
[amcl-2] [INFO] [1775694068.317476599] [amcl]: Received a 2361 X 1906 map @ 0.050 m/pix
[amcl-2] [INFO] [1775694068.398616244] [amcl]: createLaserObject
[amcl-2] [INFO] [1775694073.310857891] [amcl]: Received a 2361 X 1906 map @ 0.050 m/pix
[amcl-2] [INFO] [1775694073.399236172] [amcl]: createLaserObject
[amcl-2] [INFO] [1775694078.312406164] [amcl]: Received a 2361 X 1906 map @ 0.050 m/pix
[amcl-2] [INFO] [1775694078.392864981] [amcl]: createLaserObject
[amcl-2] [INFO] [1775694083.332730338] [amcl]: Received a 2361 X 1906 map @ 0.050 m/pix
[amcl-2] [INFO] [1775694083.404257521] [amcl]: createLaserObject
[amcl-2] [INFO] [1775694088.310741069] [amcl]: Received a 2361 X 1906 map @ 0.050 m/pix
[amcl-2] [INFO] [1775694088.415206126] [amcl]: createLaserObject
[amcl-2] [INFO] [1775694093.311656959] [amcl]: Received a 2361 X 1906 map @ 0.050 m/pix
[amcl-2] [INFO] [1775694093.426491181] [amcl]: createLaserObject
[amcl-2] [INFO] [1775694098.314372591] [amcl]: Received a 2361 X 1906 map @ 0.050 m/pix
[amcl-2] [INFO] [1775694098.438540510] [amcl]: createLaserObject
[amcl-2] [INFO] [1775694103.309689408] [amcl]: Received a 2361 X 1906 map @ 0.050 m/pix
[amcl-2] [INFO] [1775694103.376875899] [amcl]: createLaserObject
[amcl-2] [INFO] [1775694108.316477345] [amcl]: Received a 2361 X 1906 map @ 0.050 m/pix
[amcl-2] [INFO] [1775694108.379456525] [amcl]: createLaserObject
[amcl-2] [INFO] [1775694113.324474183] [amcl]: Received a 2361 X 1906 map @ 0.050 m/pix
[amcl-2] [INFO] [1775694113.388319799] [amcl]: createLaserObject
[amcl-2] [INFO] [1775694118.333884188] [amcl]: Received a 2361 X 1906 map @ 0.050 m/pix
[amcl-2] [INFO] [1775694118.404457186] [amcl]: createLaserObject
[amcl-2] [INFO] [1775694123.350679126] [amcl]: Received a 2361 X 1906 map @ 0.050 m/pix
[amcl-2] [INFO] [1775694123.410407068] [amcl]: createLaserObject
[amcl-2] [INFO] [1775694128.346585734] [amcl]: Received a 2361 X 1906 map @ 0.050 m/pix
[amcl-2] [INFO] [1775694128.418108755] [amcl]: createLaserObject
[amcl-2] [INFO] [1775694133.318335267] [amcl]: Received a 2361 X 1906 map @ 0.050 m/pix
[amcl-2] [INFO] [1775694133.379216408] [amcl]: createLaserObject
[amcl-2] [INFO] [1775694138.326620859] [amcl]: Received a 2361 X 1906 map @ 0.050 m/pix
[amcl-2] [INFO] [1775694138.383894267] [amcl]: createLaserObject
[amcl-2] [INFO] [1775694143.374201953] [amcl]: Received a 2361 X 1906 map @ 0.050 m/pix
[amcl-2] [INFO] [1775694143.458393177] [amcl]: createLaserObject
[amcl-2] [INFO] [1775694148.308530481] [amcl]: Received a 2361 X 1906 map @ 0.050 m/pix
[amcl-2] [INFO] [1775694148.378198193] [amcl]: createLaserObject
[amcl-2] [INFO] [1775694153.308351274] [amcl]: Received a 2361 X 1906 map @ 0.050 m/pix
[amcl-2] [INFO] [1775694153.389423330] [amcl]: createLaserObject
[amcl-2] [INFO] [1775694158.309184034] [amcl]: Received a 2361 X 1906 map @ 0.050 m/pix
[amcl-2] [INFO] [1775694158.388197060] [amcl]: createLaserObject
[amcl-2] [INFO] [1775694163.319425716] [amcl]: Received a 2361 X 1906 map @ 0.050 m/pix
[amcl-2] [INFO] [1775694163.402937360] [amcl]: createLaserObject
[amcl-2] [INFO] [1775694168.326841639] [amcl]: Received a 2361 X 1906 map @ 0.050 m/pix
[amcl-2] [INFO] [1775694168.398945579] [amcl]: createLaserObject
[amcl-2] [INFO] [1775694173.335985366] [amcl]: Received a 2361 X 1906 map @ 0.050 m/pix
[amcl-2] [INFO] [1775694173.411916056] [amcl]: createLaserObject
[amcl-2] [INFO] [1775694178.315101890] [amcl]: Received a 2361 X 1906 map @ 0.050 m/pix
[amcl-2] [INFO] [1775694178.410020853] [amcl]: createLaserObject
[amcl-2] [INFO] [1775694183.316943375] [amcl]: Received a 2361 X 1906 map @ 0.050 m/pix
[amcl-2] [INFO] [1775694183.408569465] [amcl]: createLaserObject
[amcl-2] [INFO] [1775694188.311270235] [amcl]: Received a 2361 X 1906 map @ 0.050 m/pix
[amcl-2] [INFO] [1775694188.407229912] [amcl]: createLaserObject
[amcl-2] [INFO] [1775694193.329811141] [amcl]: Received a 2361 X 1906 map @ 0.050 m/pix
[amcl-2] [INFO] [1775694193.405981904] [amcl]: createLaserObject
[amcl-2] [INFO] [1775694198.315466422] [amcl]: Received a 2361 X 1906 map @ 0.050 m/pix
[amcl-2] [INFO] [1775694198.404289900] [amcl]: createLaserObject
[amcl-2] [INFO] [1775694203.310422558] [amcl]: Received a 2361 X 1906 map @ 0.050 m/pix
[amcl-2] [INFO] [1775694203.403374111] [amcl]: createLaserObject
[amcl-2] [INFO] [1775694208.314664988] [amcl]: Received a 2361 X 1906 map @ 0.050 m/pix
[amcl-2] [INFO] [1775694208.402114905] [amcl]: createLaserObject
[amcl-2] [INFO] [1775694213.310624121] [amcl]: Received a 2361 X 1906 map @ 0.050 m/pix
[amcl-2] [INFO] [1775694213.402555215] [amcl]: createLaserObject
[amcl-2] [INFO] [1775694218.366708385] [amcl]: Received a 2361 X 1906 map @ 0.050 m/pix
[amcl-2] [INFO] [1775694218.442937070] [amcl]: createLaserObject
[amcl-2] [INFO] [1775694223.380407336] [amcl]: Received a 2361 X 1906 map @ 0.050 m/pix
[amcl-2] [INFO] [1775694223.457976268] [amcl]: createLaserObject
[amcl-2] [INFO] [1775694228.405749350] [amcl]: Received a 2361 X 1906 map @ 0.050 m/pix
[amcl-2] [INFO] [1775694228.578960441] [amcl]: createLaserObject
[amcl-2] [INFO] [1775694233.371390873] [amcl]: Received a 2361 X 1906 map @ 0.050 m/pix
[amcl-2] [INFO] [1775694233.564501313] [amcl]: createLaserObject
[amcl-2] [INFO] [1775694238.372295155] [amcl]: Received a 2361 X 1906 map @ 0.050 m/pix
[amcl-2] [INFO] [1775694238.487479688] [amcl]: createLaserObject
[amcl-2] [INFO] [1775694243.345778743] [amcl]: Received a 2361 X 1906 map @ 0.050 m/pix
[amcl-2] [INFO] [1775694243.408675485] [amcl]: createLaserObject
[amcl-2] [INFO] [1775694248.415326066] [amcl]: Received a 2361 X 1906 map @ 0.050 m/pix
[amcl-2] [INFO] [1775694248.864242302] [amcl]: createLaserObject
[amcl-2] [INFO] [1775694251.035608455] [amcl]: Message Filter dropping message: frame 'laser' at time 1775694248.517 for reason 'the timestamp on the message is earlier than all the data in the transform cache'
[amcl-2] [INFO] [1775694253.318493484] [amcl]: Received a 2361 X 1906 map @ 0.050 m/pix
[amcl-2] [INFO] [1775694253.388069318] [amcl]: createLaserObject
[amcl-2] [INFO] [1775694258.310105314] [amcl]: Received a 2361 X 1906 map @ 0.050 m/pix
[amcl-2] [INFO] [1775694258.379476467] [amcl]: createLaserObject
[amcl-2] [INFO] [1775694263.310310387] [amcl]: Received a 2361 X 1906 map @ 0.050 m/pix
[amcl-2] [INFO] [1775694263.386495740] [amcl]: createLaserObject
[amcl-2] [INFO] [1775694268.310838503] [amcl]: Received a 2361 X 1906 map @ 0.050 m/pix
[amcl-2] [INFO] [1775694268.377417700] [amcl]: createLaserObject
