[INFO] [launch]: All log files can be found below /home/jetson/.ros/log/2026-04-05-23-52-05-434639-chandan-14784
[INFO] [launch]: Default logging verbosity is set to INFO
[INFO] [map_server-1]: process started with pid [14786]
[INFO] [amcl-2]: process started with pid [14788]
[INFO] [lifecycle_manager-3]: process started with pid [14790]
[map_server-1] [INFO] [1775404325.932734722] [map_server]: 
[map_server-1] 	map_server lifecycle node launched. 
[map_server-1] 	Waiting on external lifecycle transitions to activate
[map_server-1] 	See https://design.ros2.org/articles/node_lifecycle.html for more information.
[map_server-1] [INFO] [1775404325.933110088] [map_server]: Creating
[lifecycle_manager-3] [INFO] [1775404325.942127127] [lifecycle_manager_localization]: Creating
[lifecycle_manager-3] [INFO] [1775404325.950490556] [lifecycle_manager_localization]: [34m[1mCreating and initializing lifecycle service clients[0m[0m
[amcl-2] [INFO] [1775404326.227187569] [amcl]: 
[amcl-2] 	amcl lifecycle node launched. 
[amcl-2] 	Waiting on external lifecycle transitions to activate
[amcl-2] 	See https://design.ros2.org/articles/node_lifecycle.html for more information.
[amcl-2] [INFO] [1775404326.237827994] [amcl]: Creating
[lifecycle_manager-3] [INFO] [1775404326.755678317] [lifecycle_manager_localization]: [34m[1mStarting managed nodes bringup...[0m[0m
[lifecycle_manager-3] [INFO] [1775404326.755850960] [lifecycle_manager_localization]: [34m[1mConfiguring map_server[0m[0m
[map_server-1] [INFO] [1775404326.857210589] [map_server]: Configuring
[map_server-1] [INFO] [1775404326.857376480] [map_io]: Loading yaml file: /home/jetson/formica_map.yaml
[map_server-1] [INFO] [1775404326.857902632] [map_io]: resolution: 0.05
[map_server-1] [INFO] [1775404326.857926889] [map_io]: origin[0]: -5.9
[map_server-1] [INFO] [1775404326.857935081] [map_io]: origin[1]: -2.99
[map_server-1] [INFO] [1775404326.857941257] [map_io]: origin[2]: 0
[map_server-1] [INFO] [1775404326.857947593] [map_io]: free_thresh: 0.25
[map_server-1] [INFO] [1775404326.857953801] [map_io]: occupied_thresh: 0.65
[map_server-1] [INFO] [1775404326.857960841] [map_io]: mode: trinary
[map_server-1] [INFO] [1775404326.857969770] [map_io]: negate: 0
[map_server-1] [INFO] [1775404326.858283887] [map_io]: Loading image_file: /home/jetson/formica_map.pgm
[lifecycle_manager-3] [ERROR] [1775404326.858082219] [lifecycle_manager_localization]: Failed to change state for node: map_server
[lifecycle_manager-3] [ERROR] [1775404326.858225486] [lifecycle_manager_localization]: Failed to bring up all requested nodes. Aborting bringup.
[map_server-1] [INFO] [1775404326.865531490] [map_io]: Read map /home/jetson/formica_map.pgm: 185 X 172 map @ 0.05 m/cell
