[INFO] [launch]: All log files can be found below /home/jetson/.ros/log/2026-04-06-00-42-34-376522-chandan-29280
[INFO] [launch]: Default logging verbosity is set to INFO
[INFO] [map_server-1]: process started with pid [29282]
[INFO] [amcl-2]: process started with pid [29284]
[INFO] [lifecycle_manager-3]: process started with pid [29286]
[amcl-2] [INFO] [1775407354.994544965] [amcl]: 
[amcl-2] 	amcl lifecycle node launched. 
[amcl-2] 	Waiting on external lifecycle transitions to activate
[amcl-2] 	See https://design.ros2.org/articles/node_lifecycle.html for more information.
[amcl-2] [INFO] [1775407355.005381764] [amcl]: Creating
[lifecycle_manager-3] [INFO] [1775407355.096884011] [lifecycle_manager_localization]: Creating
[lifecycle_manager-3] [INFO] [1775407355.207748282] [lifecycle_manager_localization]: [34m[1mCreating and initializing lifecycle service clients[0m[0m
[map_server-1] [INFO] [1775407355.375990510] [map_server]: 
[map_server-1] 	map_server lifecycle node launched. 
[map_server-1] 	Waiting on external lifecycle transitions to activate
[map_server-1] 	See https://design.ros2.org/articles/node_lifecycle.html for more information.
[map_server-1] [INFO] [1775407355.377452976] [map_server]: Creating
[lifecycle_manager-3] [INFO] [1775407355.708460503] [lifecycle_manager_localization]: [34m[1mStarting managed nodes bringup...[0m[0m
[lifecycle_manager-3] [INFO] [1775407355.710751309] [lifecycle_manager_localization]: [34m[1mConfiguring map_server[0m[0m
[map_server-1] [INFO] [1775407356.033771224] [map_server]: Configuring
[map_server-1] [INFO] [1775407356.033983325] [map_io]: Loading yaml file: /home/jetson/formica_map.yaml
[map_server-1] [INFO] [1775407356.034485288] [map_io]: resolution: 0.05
[map_server-1] [INFO] [1775407356.034510985] [map_io]: origin[0]: -5.9
[map_server-1] [INFO] [1775407356.034519849] [map_io]: origin[1]: -2.99
[map_server-1] [INFO] [1775407356.034526761] [map_io]: origin[2]: 0
[map_server-1] [INFO] [1775407356.034533194] [map_io]: free_thresh: 0.25
[map_server-1] [INFO] [1775407356.034539114] [map_io]: occupied_thresh: 0.65
[map_server-1] [INFO] [1775407356.034546378] [map_io]: mode: trinary
[map_server-1] [INFO] [1775407356.034555146] [map_io]: negate: 0
[map_server-1] [INFO] [1775407356.034857521] [map_io]: Loading image_file: /home/jetson/formica_map.pgm
[map_server-1] [INFO] [1775407356.072080348] [map_io]: Read map /home/jetson/formica_map.pgm: 185 X 172 map @ 0.05 m/cell
[lifecycle_manager-3] [INFO] [1775407356.156301144] [lifecycle_manager_localization]: [34m[1mConfiguring amcl[0m[0m
