[INFO] [launch]: All log files can be found below /home/jetson/.ros/log/2026-04-09-08-09-39-108853-chandan-14508
[INFO] [launch]: Default logging verbosity is set to INFO
[INFO] [controller_server-1]: process started with pid [14510]
[INFO] [smoother_server-2]: process started with pid [14512]
[INFO] [planner_server-3]: process started with pid [14514]
[INFO] [behavior_server-4]: process started with pid [14516]
[INFO] [bt_navigator-5]: process started with pid [14518]
[INFO] [waypoint_follower-6]: process started with pid [14520]
[INFO] [velocity_smoother-7]: process started with pid [14533]
[INFO] [lifecycle_manager-8]: process started with pid [14541]
[smoother_server-2] [INFO] [1775693379.996847983] [smoother_server]: 
[smoother_server-2] 	smoother_server lifecycle node launched. 
[smoother_server-2] 	Waiting on external lifecycle transitions to activate
[smoother_server-2] 	See https://design.ros2.org/articles/node_lifecycle.html for more information.
[smoother_server-2] [INFO] [1775693380.060169242] [smoother_server]: Creating smoother server
[controller_server-1] [INFO] [1775693380.216076642] [controller_server]: 
[controller_server-1] 	controller_server lifecycle node launched. 
[controller_server-1] 	Waiting on external lifecycle transitions to activate
[controller_server-1] 	See https://design.ros2.org/articles/node_lifecycle.html for more information.
[controller_server-1] [INFO] [1775693380.284172950] [controller_server]: Creating controller server
[lifecycle_manager-8] [INFO] [1775693380.364430027] [lifecycle_manager_navigation]: Creating
[waypoint_follower-6] [INFO] [1775693380.382657483] [waypoint_follower]: 
[waypoint_follower-6] 	waypoint_follower lifecycle node launched. 
[waypoint_follower-6] 	Waiting on external lifecycle transitions to activate
[waypoint_follower-6] 	See https://design.ros2.org/articles/node_lifecycle.html for more information.
[waypoint_follower-6] [INFO] [1775693380.432659749] [waypoint_follower]: Creating
[bt_navigator-5] [INFO] [1775693380.521431168] [bt_navigator]: 
[bt_navigator-5] 	bt_navigator lifecycle node launched. 
[bt_navigator-5] 	Waiting on external lifecycle transitions to activate
[bt_navigator-5] 	See https://design.ros2.org/articles/node_lifecycle.html for more information.
[bt_navigator-5] [INFO] [1775693380.522224930] [bt_navigator]: Creating
[lifecycle_manager-8] [INFO] [1775693380.535199108] [lifecycle_manager_navigation]: [34m[1mCreating and initializing lifecycle service clients[0m[0m
[behavior_server-4] [INFO] [1775693380.734875104] [behavior_server]: 
[behavior_server-4] 	behavior_server lifecycle node launched. 
[behavior_server-4] 	Waiting on external lifecycle transitions to activate
[behavior_server-4] 	See https://design.ros2.org/articles/node_lifecycle.html for more information.
[planner_server-3] [INFO] [1775693381.004260755] [planner_server]: 
[planner_server-3] 	planner_server lifecycle node launched. 
[planner_server-3] 	Waiting on external lifecycle transitions to activate
[planner_server-3] 	See https://design.ros2.org/articles/node_lifecycle.html for more information.
[planner_server-3] [INFO] [1775693381.115269399] [planner_server]: Creating
[velocity_smoother-7] [INFO] [1775693381.147200568] [velocity_smoother]: 
[velocity_smoother-7] 	velocity_smoother lifecycle node launched. 
[velocity_smoother-7] 	Waiting on external lifecycle transitions to activate
[velocity_smoother-7] 	See https://design.ros2.org/articles/node_lifecycle.html for more information.
[controller_server-1] [INFO] [1775693382.020810102] [local_costmap.local_costmap]: 
[controller_server-1] 	local_costmap lifecycle node launched. 
[controller_server-1] 	Waiting on external lifecycle transitions to activate
[controller_server-1] 	See https://design.ros2.org/articles/node_lifecycle.html for more information.
[controller_server-1] [INFO] [1775693382.022250707] [local_costmap.local_costmap]: Creating Costmap
[planner_server-3] [INFO] [1775693382.402218231] [global_costmap.global_costmap]: 
[planner_server-3] 	global_costmap lifecycle node launched. 
[planner_server-3] 	Waiting on external lifecycle transitions to activate
[planner_server-3] 	See https://design.ros2.org/articles/node_lifecycle.html for more information.
[planner_server-3] [INFO] [1775693382.413075617] [global_costmap.global_costmap]: Creating Costmap
[lifecycle_manager-8] [INFO] [1775693382.612603061] [lifecycle_manager_navigation]: Waiting for service controller_server/get_state...
[lifecycle_manager-8] [INFO] [1775693383.505536158] [lifecycle_manager_navigation]: [34m[1mStarting managed nodes bringup...[0m[0m
[lifecycle_manager-8] [INFO] [1775693383.505679428] [lifecycle_manager_navigation]: [34m[1mConfiguring controller_server[0m[0m
[controller_server-1] [INFO] [1775693383.507466576] [controller_server]: Configuring controller interface
[controller_server-1] [INFO] [1775693383.508755526] [controller_server]: getting goal checker plugins..
[controller_server-1] [INFO] [1775693383.509323742] [controller_server]: Controller frequency set to 5.0000Hz
[controller_server-1] [INFO] [1775693383.509426146] [local_costmap.local_costmap]: Configuring
[controller_server-1] [INFO] [1775693383.722127649] [local_costmap.local_costmap]: Using plugin "obstacle_layer"
[controller_server-1] [INFO] [1775693383.743575848] [local_costmap.local_costmap]: Subscribed to Topics: scan
[controller_server-1] [INFO] [1775693383.797776179] [local_costmap.local_costmap]: Initialized plugin "obstacle_layer"
[controller_server-1] [INFO] [1775693383.800478917] [local_costmap.local_costmap]: Using plugin "inflation_layer"
[controller_server-1] [INFO] [1775693383.810153084] [local_costmap.local_costmap]: Initialized plugin "inflation_layer"
[controller_server-1] [INFO] [1775693383.933945498] [controller_server]: Created progress_checker : progress_checker of type nav2_controller::PoseProgressChecker
[controller_server-1] [INFO] [1775693383.940660661] [controller_server]: Created goal checker : goal_checker of type nav2_controller::SimpleGoalChecker
[controller_server-1] [INFO] [1775693383.944715072] [controller_server]: Controller Server has goal_checker  goal checkers available.
[controller_server-1] [INFO] [1775693383.948173265] [controller_server]: Created controller : FollowPath of type dwb_core::DWBLocalPlanner
[controller_server-1] [INFO] [1775693383.961443488] [controller_server]: Setting transform_tolerance to 0.200000
[controller_server-1] [INFO] [1775693384.053729423] [controller_server]: Using critic "RotateToGoal" (dwb_critics::RotateToGoalCritic)
[controller_server-1] [INFO] [1775693384.060611185] [controller_server]: Critic plugin initialized
[controller_server-1] [INFO] [1775693384.062821614] [controller_server]: Using critic "Oscillation" (dwb_critics::OscillationCritic)
[controller_server-1] [INFO] [1775693384.070002844] [controller_server]: Critic plugin initialized
[controller_server-1] [INFO] [1775693384.073236005] [controller_server]: Using critic "BaseObstacle" (dwb_critics::BaseObstacleCritic)
[controller_server-1] [INFO] [1775693384.076152511] [controller_server]: Critic plugin initialized
[controller_server-1] [INFO] [1775693384.077602876] [controller_server]: Using critic "GoalAlign" (dwb_critics::GoalAlignCritic)
[controller_server-1] [INFO] [1775693384.081832815] [controller_server]: Critic plugin initialized
[controller_server-1] [INFO] [1775693384.083324301] [controller_server]: Using critic "PathAlign" (dwb_critics::PathAlignCritic)
[controller_server-1] [INFO] [1775693384.087535103] [controller_server]: Critic plugin initialized
[controller_server-1] [INFO] [1775693384.089594486] [controller_server]: Using critic "PathDist" (dwb_critics::PathDistCritic)
[controller_server-1] [INFO] [1775693384.093634976] [controller_server]: Critic plugin initialized
[controller_server-1] [INFO] [1775693384.095104574] [controller_server]: Using critic "GoalDist" (dwb_critics::GoalDistCritic)
[controller_server-1] [INFO] [1775693384.098037881] [controller_server]: Critic plugin initialized
[controller_server-1] [INFO] [1775693384.098118493] [controller_server]: Controller Server has FollowPath  controllers available.
[lifecycle_manager-8] [INFO] [1775693384.149743547] [lifecycle_manager_navigation]: [34m[1mConfiguring smoother_server[0m[0m
[smoother_server-2] [INFO] [1775693384.150532572] [smoother_server]: Configuring smoother server
[smoother_server-2] [INFO] [1775693384.217492192] [smoother_server]: Created smoother : simple_smoother of type nav2_smoother::SimpleSmoother
[smoother_server-2] [INFO] [1775693384.231340263] [smoother_server]: Smoother Server has simple_smoother  smoothers available.
[lifecycle_manager-8] [INFO] [1775693384.283302356] [lifecycle_manager_navigation]: [34m[1mConfiguring planner_server[0m[0m
[planner_server-3] [INFO] [1775693384.283838410] [planner_server]: Configuring
[planner_server-3] [INFO] [1775693384.283942703] [global_costmap.global_costmap]: Configuring
[planner_server-3] [INFO] [1775693384.318042859] [global_costmap.global_costmap]: Using plugin "static_layer"
[planner_server-3] [INFO] [1775693384.333448948] [global_costmap.global_costmap]: Subscribing to the map topic (/map) with transient local durability
[planner_server-3] [INFO] [1775693384.340462235] [global_costmap.global_costmap]: Initialized plugin "static_layer"
[planner_server-3] [INFO] [1775693384.413322520] [planner_server]: Created global planner plugin GridBased of type nav2_navfn_planner/NavfnPlanner
[planner_server-3] [INFO] [1775693384.413470494] [planner_server]: Configuring plugin GridBased of type NavfnPlanner
[planner_server-3] [INFO] [1775693384.415224200] [global_costmap.global_costmap]: StaticLayer: Resizing costmap to 2278 X 1906 at 0.050000 m/pix
[planner_server-3] [INFO] [1775693384.421532433] [planner_server]: Planner Server has GridBased  planners available.
[lifecycle_manager-8] [INFO] [1775693384.494864066] [lifecycle_manager_navigation]: [34m[1mConfiguring behavior_server[0m[0m
[behavior_server-4] [INFO] [1775693384.495444858] [behavior_server]: Configuring
[behavior_server-4] [INFO] [1775693384.595726586] [behavior_server]: Creating behavior plugin spin of type nav2_behaviors/Spin
[behavior_server-4] [INFO] [1775693384.599297008] [behavior_server]: Configuring spin
[behavior_server-4] [INFO] [1775693384.666501023] [behavior_server]: Creating behavior plugin backup of type nav2_behaviors/BackUp
[behavior_server-4] [INFO] [1775693384.669941744] [behavior_server]: Configuring backup
[behavior_server-4] [INFO] [1775693384.705842200] [behavior_server]: Creating behavior plugin drive_on_heading of type nav2_behaviors/DriveOnHeading
[behavior_server-4] [INFO] [1775693384.707521278] [behavior_server]: Configuring drive_on_heading
[behavior_server-4] [INFO] [1775693384.752602025] [behavior_server]: Creating behavior plugin assisted_teleop of type nav2_behaviors/AssistedTeleop
[behavior_server-4] [INFO] [1775693384.758544931] [behavior_server]: Configuring assisted_teleop
[behavior_server-4] [INFO] [1775693384.805995122] [behavior_server]: Creating behavior plugin wait of type nav2_behaviors/Wait
[behavior_server-4] [INFO] [1775693384.809345375] [behavior_server]: Configuring wait
[lifecycle_manager-8] [INFO] [1775693384.847465636] [lifecycle_manager_navigation]: [34m[1mConfiguring bt_navigator[0m[0m
[bt_navigator-5] [INFO] [1775693384.853808943] [bt_navigator]: Configuring
[lifecycle_manager-8] [INFO] [1775693385.209715772] [lifecycle_manager_navigation]: [34m[1mConfiguring waypoint_follower[0m[0m
[waypoint_follower-6] [INFO] [1775693385.210615778] [waypoint_follower]: Configuring
[waypoint_follower-6] [INFO] [1775693385.320483701] [waypoint_follower]: Created waypoint_task_executor : wait_at_waypoint of type nav2_waypoint_follower::WaitAtWaypoint
[waypoint_follower-6] [INFO] [1775693385.324187313] [waypoint_follower]: Waypoint pause duration is set to zero, disabling task executor plugin.
[lifecycle_manager-8] [INFO] [1775693385.326693595] [lifecycle_manager_navigation]: [34m[1mConfiguring velocity_smoother[0m[0m
[velocity_smoother-7] [INFO] [1775693385.327610817] [velocity_smoother]: Configuring velocity smoother
[lifecycle_manager-8] [INFO] [1775693385.354613427] [lifecycle_manager_navigation]: [34m[1mActivating controller_server[0m[0m
[controller_server-1] [INFO] [1775693385.355074086] [controller_server]: Activating
[controller_server-1] [INFO] [1775693385.355178762] [local_costmap.local_costmap]: Activating
[controller_server-1] [INFO] [1775693385.355210252] [local_costmap.local_costmap]: Checking transform
[controller_server-1] [INFO] [1775693385.355697984] [local_costmap.local_costmap]: start
[controller_server-1] [INFO] [1775693385.558178704] [controller_server]: Creating bond (controller_server) to lifecycle manager.
[lifecycle_manager-8] [INFO] [1775693385.670846105] [lifecycle_manager_navigation]: Server controller_server connected with bond.
[lifecycle_manager-8] [INFO] [1775693385.670970398] [lifecycle_manager_navigation]: [34m[1mActivating smoother_server[0m[0m
[smoother_server-2] [INFO] [1775693385.671915174] [smoother_server]: Activating
[smoother_server-2] [INFO] [1775693385.672026666] [smoother_server]: Creating bond (smoother_server) to lifecycle manager.
[lifecycle_manager-8] [INFO] [1775693385.788736765] [lifecycle_manager_navigation]: Server smoother_server connected with bond.
[lifecycle_manager-8] [INFO] [1775693385.788856898] [lifecycle_manager_navigation]: [34m[1mActivating planner_server[0m[0m
[planner_server-3] [INFO] [1775693385.790006387] [planner_server]: Activating
[planner_server-3] [INFO] [1775693385.790130424] [global_costmap.global_costmap]: Activating
[planner_server-3] [INFO] [1775693385.790165562] [global_costmap.global_costmap]: Checking transform
[planner_server-3] [INFO] [1775693385.790383587] [global_costmap.global_costmap]: start
[planner_server-3] [INFO] [1775693386.840574853] [planner_server]: Activating plugin GridBased of type NavfnPlanner
[planner_server-3] [INFO] [1775693386.844559053] [planner_server]: Creating bond (planner_server) to lifecycle manager.
[lifecycle_manager-8] [INFO] [1775693386.966954767] [lifecycle_manager_navigation]: Server planner_server connected with bond.
[lifecycle_manager-8] [INFO] [1775693386.967084373] [lifecycle_manager_navigation]: [34m[1mActivating behavior_server[0m[0m
[behavior_server-4] [INFO] [1775693386.968038685] [behavior_server]: Activating
[behavior_server-4] [INFO] [1775693386.968125057] [behavior_server]: Activating spin
[behavior_server-4] [INFO] [1775693386.968154882] [behavior_server]: Activating backup
[behavior_server-4] [INFO] [1775693386.968175619] [behavior_server]: Activating drive_on_heading
[behavior_server-4] [INFO] [1775693386.968196452] [behavior_server]: Activating assisted_teleop
[behavior_server-4] [INFO] [1775693386.968215268] [behavior_server]: Activating wait
[behavior_server-4] [INFO] [1775693386.968244326] [behavior_server]: Creating bond (behavior_server) to lifecycle manager.
[lifecycle_manager-8] [INFO] [1775693387.087134548] [lifecycle_manager_navigation]: Server behavior_server connected with bond.
[lifecycle_manager-8] [INFO] [1775693387.087306875] [lifecycle_manager_navigation]: [34m[1mActivating bt_navigator[0m[0m
[bt_navigator-5] [INFO] [1775693387.088307718] [bt_navigator]: Activating
[bt_navigator-5] [INFO] [1775693387.344221534] [bt_navigator]: Creating bond (bt_navigator) to lifecycle manager.
[lifecycle_manager-8] [INFO] [1775693387.454377725] [lifecycle_manager_navigation]: Server bt_navigator connected with bond.
[lifecycle_manager-8] [INFO] [1775693387.454672841] [lifecycle_manager_navigation]: [34m[1mActivating waypoint_follower[0m[0m
[waypoint_follower-6] [INFO] [1775693387.455853211] [waypoint_follower]: Activating
[waypoint_follower-6] [INFO] [1775693387.455997697] [waypoint_follower]: Creating bond (waypoint_follower) to lifecycle manager.
[lifecycle_manager-8] [INFO] [1775693387.582033469] [lifecycle_manager_navigation]: Server waypoint_follower connected with bond.
[lifecycle_manager-8] [INFO] [1775693387.582195683] [lifecycle_manager_navigation]: [34m[1mActivating velocity_smoother[0m[0m
[velocity_smoother-7] [INFO] [1775693387.583461977] [velocity_smoother]: Activating
[velocity_smoother-7] [INFO] [1775693387.583664833] [velocity_smoother]: Creating bond (velocity_smoother) to lifecycle manager.
[lifecycle_manager-8] [INFO] [1775693387.721323046] [lifecycle_manager_navigation]: Server velocity_smoother connected with bond.
[lifecycle_manager-8] [INFO] [1775693387.723606342] [lifecycle_manager_navigation]: [34m[1mManaged nodes are active[0m[0m
[lifecycle_manager-8] [INFO] [1775693387.725184809] [lifecycle_manager_navigation]: [34m[1mCreating bond timer...[0m[0m
[planner_server-3] [INFO] [1775693443.790606797] [global_costmap.global_costmap]: StaticLayer: Resizing costmap to 2334 X 1906 at 0.050000 m/pix
[planner_server-3] [INFO] [1775693453.790590391] [global_costmap.global_costmap]: StaticLayer: Resizing costmap to 2351 X 1906 at 0.050000 m/pix
[bt_navigator-5] [INFO] [1775693466.870598664] [bt_navigator]: Begin navigating from current location (-20.74, -7.75) to (2.52, 3.04)
[controller_server-1] [INFO] [1775693467.023877641] [controller_server]: Received a goal, begin computing control effort.
[controller_server-1] [WARN] [1775693467.025897150] [controller_server]: No goal checker was specified in parameter 'current_goal_checker'. Server will use only plugin loaded goal_checker . This warning will appear once.
[controller_server-1] [WARN] [1775693467.026806084] [controller_server]: Resulting plan has 0 poses in it.
[controller_server-1] [WARN] [1775693467.227062424] [controller_server]: Resulting plan has 0 poses in it.
[controller_server-1] [WARN] [1775693467.426845112] [controller_server]: Resulting plan has 0 poses in it.
[controller_server-1] [WARN] [1775693467.626862498] [controller_server]: Resulting plan has 0 poses in it.
[controller_server-1] [ERROR] [1775693467.627060618] [controller_server]: Controller patience exceeded
[controller_server-1] [WARN] [1775693467.627397752] [controller_server]: [follow_path] [ActionServer] Aborting handle.
[controller_server-1] [INFO] [1775693467.721904182] [local_costmap.local_costmap]: Received request to clear entirely the local_costmap
[controller_server-1] [INFO] [1775693467.725652308] [controller_server]: Received a goal, begin computing control effort.
[controller_server-1] [WARN] [1775693467.766536391] [controller_server]: Resulting plan has 0 poses in it.
[controller_server-1] [WARN] [1775693467.926383292] [controller_server]: Resulting plan has 0 poses in it.
[controller_server-1] [WARN] [1775693468.126430855] [controller_server]: Resulting plan has 0 poses in it.
[controller_server-1] [INFO] [1775693468.326178917] [controller_server]: Passing new path to controller.
[controller_server-1] [WARN] [1775693468.326904067] [controller_server]: Resulting plan has 0 poses in it.
[controller_server-1] [ERROR] [1775693468.327015176] [controller_server]: Controller patience exceeded
[controller_server-1] [WARN] [1775693468.327219249] [controller_server]: [follow_path] [ActionServer] Aborting handle.
[controller_server-1] [INFO] [1775693468.471854950] [local_costmap.local_costmap]: Received request to clear entirely the local_costmap
[planner_server-3] [INFO] [1775693468.473892668] [global_costmap.global_costmap]: Received request to clear entirely the global_costmap
[controller_server-1] [INFO] [1775693468.481984751] [controller_server]: Received a goal, begin computing control effort.
[controller_server-1] [WARN] [1775693468.562549668] [controller_server]: Resulting plan has 0 poses in it.
[controller_server-1] [ERROR] [1775693468.682807291] [GoalDistCritic]: None of the points of the global plan were in the local costmap.
[controller_server-1] [WARN] [1775693468.683045989] [DWBLocalPlanner]: A scoring function failed to prepare
[controller_server-1] [ERROR] [1775693468.683107815] [PathDistCritic]: None of the 15 first of 15 (15) points of the global plan were in the local costmap and free
[controller_server-1] [WARN] [1775693468.683155689] [DWBLocalPlanner]: A scoring function failed to prepare
[controller_server-1] [ERROR] [1775693468.683194731] [PathDistCritic]: None of the 15 first of 15 (15) points of the global plan were in the local costmap and free
[controller_server-1] [WARN] [1775693468.683223308] [DWBLocalPlanner]: A scoring function failed to prepare
[controller_server-1] [ERROR] [1775693468.683260494] [GoalDistCritic]: None of the points of the global plan were in the local costmap.
[controller_server-1] [WARN] [1775693468.683286095] [DWBLocalPlanner]: A scoring function failed to prepare
[controller_server-1] [WARN] [1775693468.688333090] [controller_server]: No valid trajectories out of 155! 
[planner_server-3] [INFO] [1775693468.790706154] [global_costmap.global_costmap]: StaticLayer: Resizing costmap to 2361 X 1906 at 0.050000 m/pix
[controller_server-1] [WARN] [1775693468.882624668] [controller_server]: Resulting plan has 0 poses in it.
[controller_server-1] [WARN] [1775693469.082702984] [controller_server]: Resulting plan has 0 poses in it.
[controller_server-1] [ERROR] [1775693469.082905200] [controller_server]: Controller patience exceeded
[controller_server-1] [WARN] [1775693469.083206205] [controller_server]: [follow_path] [ActionServer] Aborting handle.
[controller_server-1] [INFO] [1775693469.171351440] [local_costmap.local_costmap]: Received request to clear entirely the local_costmap
[controller_server-1] [INFO] [1775693469.176556842] [controller_server]: Received a goal, begin computing control effort.
[controller_server-1] [WARN] [1775693469.357166853] [controller_server]: Resulting plan has 0 poses in it.
[controller_server-1] [WARN] [1775693469.377397750] [controller_server]: Resulting plan has 0 poses in it.
[controller_server-1] [WARN] [1775693469.577215031] [controller_server]: Resulting plan has 0 poses in it.
[controller_server-1] [INFO] [1775693469.776902546] [controller_server]: Passing new path to controller.
[controller_server-1] [WARN] [1775693470.777262571] [controller_server]: Resulting plan has 0 poses in it.
[controller_server-1] [INFO] [1775693470.979198596] [controller_server]: Passing new path to controller.
[controller_server-1] [WARN] [1775693470.980413815] [controller_server]: Resulting plan has 0 poses in it.
[controller_server-1] [ERROR] [1775693471.178341480] [GoalDistCritic]: None of the points of the global plan were in the local costmap.
[controller_server-1] [WARN] [1775693471.178582226] [DWBLocalPlanner]: A scoring function failed to prepare
[controller_server-1] [ERROR] [1775693471.178662774] [PathDistCritic]: None of the 152 first of 152 (152) points of the global plan were in the local costmap and free
[controller_server-1] [WARN] [1775693471.178712184] [DWBLocalPlanner]: A scoring function failed to prepare
[controller_server-1] [ERROR] [1775693471.178757338] [PathDistCritic]: None of the 152 first of 152 (152) points of the global plan were in the local costmap and free
[controller_server-1] [WARN] [1775693471.178827165] [DWBLocalPlanner]: A scoring function failed to prepare
[controller_server-1] [ERROR] [1775693471.178872446] [GoalDistCritic]: None of the points of the global plan were in the local costmap.
[controller_server-1] [WARN] [1775693471.178900128] [DWBLocalPlanner]: A scoring function failed to prepare
[controller_server-1] [WARN] [1775693471.190596682] [controller_server]: No valid trajectories out of 155! 
[controller_server-1] [ERROR] [1775693471.190731376] [controller_server]: Controller patience exceeded
[controller_server-1] [WARN] [1775693471.191384171] [controller_server]: [follow_path] [ActionServer] Aborting handle.
[behavior_server-4] [INFO] [1775693471.272748897] [behavior_server]: Running spin
[behavior_server-4] [INFO] [1775693471.273391196] [behavior_server]: Turning 1.57 for spin behavior.
[behavior_server-4] [WARN] [1775693473.274091142] [behavior_server]: Collision Ahead - Exiting Spin
[behavior_server-4] [WARN] [1775693473.274241036] [behavior_server]: spin failed
[behavior_server-4] [WARN] [1775693473.274305423] [behavior_server]: [spin] [ActionServer] Aborting handle.
[behavior_server-4] [INFO] [1775693473.422424021] [behavior_server]: Running wait
[behavior_server-4] [INFO] [1775693478.422781957] [behavior_server]: wait completed successfully
[controller_server-1] [INFO] [1775693478.672760539] [controller_server]: Received a goal, begin computing control effort.
[controller_server-1] [WARN] [1775693478.674876852] [controller_server]: Resulting plan has 0 poses in it.
[controller_server-1] [WARN] [1775693478.874985246] [controller_server]: Resulting plan has 0 poses in it.
[controller_server-1] [WARN] [1775693479.074999460] [controller_server]: Resulting plan has 0 poses in it.
[controller_server-1] [WARN] [1775693479.274989033] [controller_server]: Resulting plan has 0 poses in it.
[controller_server-1] [ERROR] [1775693479.275118126] [controller_server]: Controller patience exceeded
[controller_server-1] [WARN] [1775693479.275309494] [controller_server]: [follow_path] [ActionServer] Aborting handle.
[controller_server-1] [INFO] [1775693479.371579772] [local_costmap.local_costmap]: Received request to clear entirely the local_costmap
[controller_server-1] [INFO] [1775693479.375455039] [controller_server]: Received a goal, begin computing control effort.
[controller_server-1] [WARN] [1775693479.566379432] [controller_server]: Resulting plan has 0 poses in it.
[controller_server-1] [WARN] [1775693479.576414541] [controller_server]: Resulting plan has 0 poses in it.
[controller_server-1] [WARN] [1775693479.776495893] [controller_server]: Resulting plan has 0 poses in it.
[controller_server-1] [INFO] [1775693479.976089769] [controller_server]: Passing new path to controller.
[controller_server-1] [ERROR] [1775693480.777024964] [GoalDistCritic]: None of the points of the global plan were in the local costmap.
[controller_server-1] [WARN] [1775693480.777247534] [DWBLocalPlanner]: A scoring function failed to prepare
[controller_server-1] [ERROR] [1775693480.777380851] [PathDistCritic]: None of the 74 first of 74 (74) points of the global plan were in the local costmap and free
[controller_server-1] [WARN] [1775693480.777433141] [DWBLocalPlanner]: A scoring function failed to prepare
[controller_server-1] [ERROR] [1775693480.777596316] [PathDistCritic]: None of the 74 first of 74 (74) points of the global plan were in the local costmap and free
[controller_server-1] [WARN] [1775693480.777647870] [DWBLocalPlanner]: A scoring function failed to prepare
[controller_server-1] [ERROR] [1775693480.777780196] [GoalDistCritic]: None of the points of the global plan were in the local costmap.
[controller_server-1] [WARN] [1775693480.777815654] [DWBLocalPlanner]: A scoring function failed to prepare
[controller_server-1] [WARN] [1775693480.782745556] [controller_server]: No valid trajectories out of 155! 
[controller_server-1] [INFO] [1775693480.976090594] [controller_server]: Passing new path to controller.
[controller_server-1] [WARN] [1775693480.977077195] [controller_server]: Resulting plan has 0 poses in it.
[controller_server-1] [WARN] [1775693481.376523165] [controller_server]: Resulting plan has 0 poses in it.
[controller_server-1] [WARN] [1775693481.776370400] [controller_server]: Resulting plan has 0 poses in it.
[controller_server-1] [WARN] [1775693481.976369221] [controller_server]: Resulting plan has 0 poses in it.
[controller_server-1] [WARN] [1775693482.176351816] [controller_server]: Received plan with zero length
[controller_server-1] [ERROR] [1775693482.176566353] [controller_server]: Controller patience exceeded
[controller_server-1] [WARN] [1775693482.177528314] [controller_server]: [follow_path] [ActionServer] Aborting handle.
[behavior_server-4] [INFO] [1775693482.274997522] [behavior_server]: Running backup
[behavior_server-4] [INFO] [1775693482.275889879] [behavior_server]: DriveOnHeading: no acceleration or deceleration limits set
[behavior_server-4] [WARN] [1775693483.575681417] [behavior_server]: Collision Ahead - Exiting DriveOnHeading
[behavior_server-4] [WARN] [1775693483.575787886] [behavior_server]: backup failed
[behavior_server-4] [WARN] [1775693483.575818351] [behavior_server]: [backup] [ActionServer] Aborting handle.
[controller_server-1] [INFO] [1775693483.721450411] [local_costmap.local_costmap]: Received request to clear entirely the local_costmap
[planner_server-3] [INFO] [1775693483.722284590] [global_costmap.global_costmap]: Received request to clear entirely the global_costmap
[controller_server-1] [INFO] [1775693483.726196082] [controller_server]: Received a goal, begin computing control effort.
[controller_server-1] [WARN] [1775693483.757291242] [controller_server]: Resulting plan has 0 poses in it.
[controller_server-1] [WARN] [1775693484.127194275] [controller_server]: Resulting plan has 0 poses in it.
[controller_server-1] [WARN] [1775693484.327133349] [controller_server]: Resulting plan has 0 poses in it.
[controller_server-1] [WARN] [1775693484.527048101] [controller_server]: Received plan with zero length
[controller_server-1] [ERROR] [1775693484.527176042] [controller_server]: Controller patience exceeded
[controller_server-1] [WARN] [1775693484.527415444] [controller_server]: [follow_path] [ActionServer] Aborting handle.
[controller_server-1] [INFO] [1775693484.621491741] [local_costmap.local_costmap]: Received request to clear entirely the local_costmap
[controller_server-1] [INFO] [1775693484.622860855] [controller_server]: Received a goal, begin computing control effort.
[controller_server-1] [WARN] [1775693484.763578564] [controller_server]: Resulting plan has 0 poses in it.
[controller_server-1] [WARN] [1775693484.823552215] [controller_server]: Resulting plan has 0 poses in it.
[controller_server-1] [WARN] [1775693485.023520346] [controller_server]: Resulting plan has 0 poses in it.
[controller_server-1] [WARN] [1775693485.223592096] [controller_server]: Resulting plan has 0 poses in it.
[controller_server-1] [ERROR] [1775693485.223724486] [controller_server]: Controller patience exceeded
[controller_server-1] [WARN] [1775693485.223982096] [controller_server]: [follow_path] [ActionServer] Aborting handle.
[behavior_server-4] [INFO] [1775693485.321895834] [behavior_server]: Running spin
[behavior_server-4] [INFO] [1775693485.323458364] [behavior_server]: Turning 1.57 for spin behavior.
[behavior_server-4] [WARN] [1775693487.625096003] [behavior_server]: Collision Ahead - Exiting Spin
[behavior_server-4] [WARN] [1775693487.625277739] [behavior_server]: spin failed
[behavior_server-4] [WARN] [1775693487.625336301] [behavior_server]: [spin] [ActionServer] Aborting handle.
[behavior_server-4] [INFO] [1775693487.771954257] [behavior_server]: Running wait
[behavior_server-4] [INFO] [1775693492.773530624] [behavior_server]: wait completed successfully
[controller_server-1] [INFO] [1775693492.923662678] [controller_server]: Received a goal, begin computing control effort.
[controller_server-1] [WARN] [1775693492.924214445] [controller_server]: Resulting plan has 0 poses in it.
[controller_server-1] [WARN] [1775693493.124657953] [controller_server]: Resulting plan has 0 poses in it.
[controller_server-1] [WARN] [1775693493.524309172] [controller_server]: Resulting plan has 0 poses in it.
[controller_server-1] [WARN] [1775693493.724437274] [controller_server]: Resulting plan has 0 poses in it.
[controller_server-1] [WARN] [1775693493.924336534] [controller_server]: Received plan with zero length
[controller_server-1] [ERROR] [1775693493.924494557] [controller_server]: Controller patience exceeded
[controller_server-1] [WARN] [1775693493.924769257] [controller_server]: [follow_path] [ActionServer] Aborting handle.
[controller_server-1] [INFO] [1775693494.022362020] [local_costmap.local_costmap]: Received request to clear entirely the local_costmap
[controller_server-1] [INFO] [1775693494.024868653] [controller_server]: Received a goal, begin computing control effort.
[controller_server-1] [WARN] [1775693494.158720344] [controller_server]: Resulting plan has 0 poses in it.
[controller_server-1] [WARN] [1775693494.228790450] [controller_server]: Resulting plan has 0 poses in it.
[controller_server-1] [WARN] [1775693494.428841141] [controller_server]: Resulting plan has 0 poses in it.
[controller_server-1] [WARN] [1775693494.628715536] [controller_server]: Resulting plan has 0 poses in it.
[controller_server-1] [ERROR] [1775693494.628892599] [controller_server]: Controller patience exceeded
[controller_server-1] [WARN] [1775693494.629211781] [controller_server]: [follow_path] [ActionServer] Aborting handle.
[behavior_server-4] [INFO] [1775693494.722440585] [behavior_server]: Running backup
[behavior_server-4] [WARN] [1775693494.723718014] [behavior_server]: Collision Ahead - Exiting DriveOnHeading
[behavior_server-4] [WARN] [1775693494.723786241] [behavior_server]: backup failed
[behavior_server-4] [WARN] [1775693494.723816451] [behavior_server]: [backup] [ActionServer] Aborting handle.
[controller_server-1] [INFO] [1775693494.871459504] [local_costmap.local_costmap]: Received request to clear entirely the local_costmap
[planner_server-3] [INFO] [1775693494.876800560] [global_costmap.global_costmap]: Received request to clear entirely the global_costmap
[controller_server-1] [INFO] [1775693494.882190834] [controller_server]: Received a goal, begin computing control effort.
[controller_server-1] [WARN] [1775693494.962788165] [controller_server]: Resulting plan has 0 poses in it.
[controller_server-1] [WARN] [1775693495.082869423] [controller_server]: Resulting plan has 0 poses in it.
[controller_server-1] [WARN] [1775693495.282955154] [controller_server]: Resulting plan has 0 poses in it.
[controller_server-1] [WARN] [1775693495.482946866] [controller_server]: Resulting plan has 0 poses in it.
[controller_server-1] [ERROR] [1775693495.483133434] [controller_server]: Controller patience exceeded
[controller_server-1] [WARN] [1775693495.483431527] [controller_server]: [follow_path] [ActionServer] Aborting handle.
[controller_server-1] [INFO] [1775693495.571482066] [local_costmap.local_costmap]: Received request to clear entirely the local_costmap
[controller_server-1] [INFO] [1775693495.578061989] [controller_server]: Received a goal, begin computing control effort.
[controller_server-1] [WARN] [1775693495.758643096] [controller_server]: Resulting plan has 0 poses in it.
[controller_server-1] [WARN] [1775693495.778655358] [controller_server]: Resulting plan has 0 poses in it.
[controller_server-1] [WARN] [1775693495.978661663] [controller_server]: Resulting plan has 0 poses in it.
[controller_server-1] [WARN] [1775693496.178643678] [controller_server]: Resulting plan has 0 poses in it.
[controller_server-1] [ERROR] [1775693496.178850887] [controller_server]: Controller patience exceeded
[controller_server-1] [WARN] [1775693496.179172116] [controller_server]: [follow_path] [ActionServer] Aborting handle.
[behavior_server-4] [INFO] [1775693496.272276339] [behavior_server]: Running spin
[behavior_server-4] [INFO] [1775693496.272475067] [behavior_server]: Turning 1.57 for spin behavior.
[behavior_server-4] [WARN] [1775693499.272890468] [behavior_server]: Collision Ahead - Exiting Spin
[behavior_server-4] [WARN] [1775693499.272998152] [behavior_server]: spin failed
[behavior_server-4] [WARN] [1775693499.273027178] [behavior_server]: [spin] [ActionServer] Aborting handle.
[behavior_server-4] [INFO] [1775693499.422552581] [behavior_server]: Running wait
[behavior_server-4] [INFO] [1775693504.423094028] [behavior_server]: wait completed successfully
[controller_server-1] [INFO] [1775693504.575346297] [controller_server]: Received a goal, begin computing control effort.
[controller_server-1] [WARN] [1775693504.575850670] [controller_server]: Resulting plan has 0 poses in it.
[controller_server-1] [WARN] [1775693504.775969968] [controller_server]: Resulting plan has 0 poses in it.
[controller_server-1] [WARN] [1775693504.976023472] [controller_server]: Resulting plan has 0 poses in it.
[controller_server-1] [WARN] [1775693505.175987307] [controller_server]: Resulting plan has 0 poses in it.
[controller_server-1] [ERROR] [1775693505.176136113] [controller_server]: Controller patience exceeded
[controller_server-1] [WARN] [1775693505.176439422] [controller_server]: [follow_path] [ActionServer] Aborting handle.
[controller_server-1] [INFO] [1775693505.271312390] [local_costmap.local_costmap]: Received request to clear entirely the local_costmap
[controller_server-1] [INFO] [1775693505.273434559] [controller_server]: Received a goal, begin computing control effort.
[controller_server-1] [WARN] [1775693505.364337568] [controller_server]: Resulting plan has 0 poses in it.
[controller_server-1] [WARN] [1775693505.474424293] [controller_server]: Resulting plan has 0 poses in it.
[controller_server-1] [WARN] [1775693505.674325502] [controller_server]: Resulting plan has 0 poses in it.
[controller_server-1] [WARN] [1775693505.874430111] [controller_server]: Resulting plan has 0 poses in it.
[controller_server-1] [ERROR] [1775693505.874616263] [controller_server]: Controller patience exceeded
[controller_server-1] [WARN] [1775693505.878999935] [controller_server]: [follow_path] [ActionServer] Aborting handle.
[bt_navigator-5] [WARN] [1775693506.021059456] [bt_navigator]: [navigate_to_pose] [ActionServer] Aborting handle.
[bt_navigator-5] [ERROR] [1775693506.021966118] [bt_navigator]: Goal failed
[bt_navigator-5] [INFO] [1775693509.038977688] [bt_navigator]: Begin navigating from current location (-23.04, -7.10) to (2.52, 3.04)
[controller_server-1] [INFO] [1775693509.140655132] [controller_server]: Received a goal, begin computing control effort.
[controller_server-1] [WARN] [1775693509.141095375] [controller_server]: Resulting plan has 0 poses in it.
[controller_server-1] [WARN] [1775693509.341304659] [controller_server]: Resulting plan has 0 poses in it.
[controller_server-1] [WARN] [1775693509.541304047] [controller_server]: Resulting plan has 0 poses in it.
[controller_server-1] [WARN] [1775693509.741255209] [controller_server]: Resulting plan has 0 poses in it.
[controller_server-1] [ERROR] [1775693509.741379694] [controller_server]: Controller patience exceeded
[controller_server-1] [WARN] [1775693509.741566998] [controller_server]: [follow_path] [ActionServer] Aborting handle.
[controller_server-1] [INFO] [1775693509.839856268] [local_costmap.local_costmap]: Received request to clear entirely the local_costmap
[controller_server-1] [INFO] [1775693509.842952750] [controller_server]: Received a goal, begin computing control effort.
[controller_server-1] [WARN] [1775693509.964668473] [controller_server]: Resulting plan has 0 poses in it.
[controller_server-1] [WARN] [1775693510.044553836] [controller_server]: Resulting plan has 0 poses in it.
[controller_server-1] [WARN] [1775693510.244683757] [controller_server]: Resulting plan has 0 poses in it.
[controller_server-1] [INFO] [1775693510.444361019] [controller_server]: Passing new path to controller.
[controller_server-1] [WARN] [1775693510.844604988] [controller_server]: Resulting plan has 0 poses in it.
[controller_server-1] [WARN] [1775693511.044559606] [controller_server]: Resulting plan has 0 poses in it.
[controller_server-1] [WARN] [1775693511.244586194] [controller_server]: Resulting plan has 0 poses in it.
[controller_server-1] [ERROR] [1775693511.244738009] [controller_server]: Controller patience exceeded
[controller_server-1] [WARN] [1775693511.244974050] [controller_server]: [follow_path] [ActionServer] Aborting handle.
[behavior_server-4] [INFO] [1775693511.367320072] [behavior_server]: Running backup
[behavior_server-4] [WARN] [1775693517.468321827] [behavior_server]: Collision Ahead - Exiting DriveOnHeading
[behavior_server-4] [WARN] [1775693517.468486410] [behavior_server]: backup failed
[behavior_server-4] [WARN] [1775693517.468542412] [behavior_server]: [backup] [ActionServer] Aborting handle.
[controller_server-1] [INFO] [1775693517.589795363] [local_costmap.local_costmap]: Received request to clear entirely the local_costmap
[planner_server-3] [INFO] [1775693517.591709459] [global_costmap.global_costmap]: Received request to clear entirely the global_costmap
[planner_server-3] [WARN] [1775693517.875368445] [planner_server]: Planner loop missed its desired rate of 20.0000 Hz. Current loop rate is 3.5713 Hz
[controller_server-1] [INFO] [1775693517.940644555] [controller_server]: Received a goal, begin computing control effort.
[controller_server-1] [ERROR] [1775693517.941806300] [GoalDistCritic]: None of the points of the global plan were in the local costmap.
[controller_server-1] [WARN] [1775693517.942298992] [DWBLocalPlanner]: A scoring function failed to prepare
[controller_server-1] [ERROR] [1775693517.942349395] [PathDistCritic]: None of the 22 first of 22 (22) points of the global plan were in the local costmap and free
[controller_server-1] [WARN] [1775693517.942521146] [DWBLocalPlanner]: A scoring function failed to prepare
[controller_server-1] [ERROR] [1775693517.942568412] [PathDistCritic]: None of the 22 first of 22 (22) points of the global plan were in the local costmap and free
[controller_server-1] [WARN] [1775693517.942725506] [DWBLocalPlanner]: A scoring function failed to prepare
[controller_server-1] [ERROR] [1775693517.942763876] [GoalDistCritic]: None of the points of the global plan were in the local costmap.
[controller_server-1] [WARN] [1775693517.943044848] [DWBLocalPlanner]: A scoring function failed to prepare
[controller_server-1] [WARN] [1775693517.946603141] [controller_server]: No valid trajectories out of 155! 
[controller_server-1] [ERROR] [1775693518.142309930] [GoalDistCritic]: None of the points of the global plan were in the local costmap.
[controller_server-1] [WARN] [1775693518.142475569] [DWBLocalPlanner]: A scoring function failed to prepare
[controller_server-1] [ERROR] [1775693518.142508978] [PathDistCritic]: None of the 161 first of 161 (161) points of the global plan were in the local costmap and free
[controller_server-1] [WARN] [1775693518.142576629] [DWBLocalPlanner]: A scoring function failed to prepare
[controller_server-1] [ERROR] [1775693518.142601430] [PathDistCritic]: None of the 161 first of 161 (161) points of the global plan were in the local costmap and free
[controller_server-1] [WARN] [1775693518.142616759] [DWBLocalPlanner]: A scoring function failed to prepare
[controller_server-1] [ERROR] [1775693518.142638776] [GoalDistCritic]: None of the points of the global plan were in the local costmap.
[controller_server-1] [WARN] [1775693518.142652632] [DWBLocalPlanner]: A scoring function failed to prepare
[controller_server-1] [WARN] [1775693518.144822067] [controller_server]: No valid trajectories out of 155! 
[controller_server-1] [WARN] [1775693518.341711722] [controller_server]: Resulting plan has 0 poses in it.
[controller_server-1] [WARN] [1775693518.541538844] [controller_server]: Resulting plan has 0 poses in it.
[controller_server-1] [ERROR] [1775693518.541662625] [controller_server]: Controller patience exceeded
[controller_server-1] [WARN] [1775693518.541855081] [controller_server]: [follow_path] [ActionServer] Aborting handle.
[controller_server-1] [INFO] [1775693518.639997112] [local_costmap.local_costmap]: Received request to clear entirely the local_costmap
[controller_server-1] [INFO] [1775693518.641742241] [controller_server]: Received a goal, begin computing control effort.
[controller_server-1] [WARN] [1775693518.762294970] [controller_server]: Resulting plan has 0 poses in it.
[controller_server-1] [WARN] [1775693518.845011811] [controller_server]: Resulting plan has 0 poses in it.
[controller_server-1] [WARN] [1775693519.042335244] [controller_server]: Resulting plan has 0 poses in it.
[controller_server-1] [INFO] [1775693519.242037976] [controller_server]: Passing new path to controller.
[controller_server-1] [INFO] [1775693520.242016210] [controller_server]: Passing new path to controller.
[controller_server-1] [WARN] [1775693520.842373450] [controller_server]: Resulting plan has 0 poses in it.
[controller_server-1] [ERROR] [1775693521.042502344] [GoalDistCritic]: None of the points of the global plan were in the local costmap.
[controller_server-1] [WARN] [1775693521.042714641] [DWBLocalPlanner]: A scoring function failed to prepare
[controller_server-1] [ERROR] [1775693521.042877016] [PathDistCritic]: None of the 13 first of 13 (13) points of the global plan were in the local costmap and free
[controller_server-1] [WARN] [1775693521.042937498] [DWBLocalPlanner]: A scoring function failed to prepare
[controller_server-1] [ERROR] [1775693521.043047455] [PathDistCritic]: None of the 13 first of 13 (13) points of the global plan were in the local costmap and free
[controller_server-1] [WARN] [1775693521.043085665] [DWBLocalPlanner]: A scoring function failed to prepare
[controller_server-1] [ERROR] [1775693521.043218982] [GoalDistCritic]: None of the points of the global plan were in the local costmap.
[controller_server-1] [WARN] [1775693521.043252840] [DWBLocalPlanner]: A scoring function failed to prepare
[controller_server-1] [WARN] [1775693521.047695234] [controller_server]: No valid trajectories out of 155! 
[controller_server-1] [WARN] [1775693521.242424669] [controller_server]: Resulting plan has 0 poses in it.
[controller_server-1] [ERROR] [1775693521.242604645] [controller_server]: Controller patience exceeded
[controller_server-1] [WARN] [1775693521.243259264] [controller_server]: [follow_path] [ActionServer] Aborting handle.
[behavior_server-4] [INFO] [1775693521.340925690] [behavior_server]: Running spin
[behavior_server-4] [INFO] [1775693521.341188933] [behavior_server]: Turning 1.57 for spin behavior.
[behavior_server-4] [WARN] [1775693521.741736493] [behavior_server]: Collision Ahead - Exiting Spin
[behavior_server-4] [WARN] [1775693521.741847281] [behavior_server]: spin failed
[behavior_server-4] [WARN] [1775693521.741880819] [behavior_server]: [spin] [ActionServer] Aborting handle.
[behavior_server-4] [INFO] [1775693521.892957418] [behavior_server]: Running wait
[behavior_server-4] [INFO] [1775693526.893337983] [behavior_server]: wait completed successfully
[controller_server-1] [INFO] [1775693527.141315599] [controller_server]: Received a goal, begin computing control effort.
[controller_server-1] [ERROR] [1775693527.142449566] [GoalDistCritic]: None of the points of the global plan were in the local costmap.
[controller_server-1] [WARN] [1775693527.142878896] [DWBLocalPlanner]: A scoring function failed to prepare
[controller_server-1] [ERROR] [1775693527.142934162] [PathDistCritic]: None of the 159 first of 159 (159) points of the global plan were in the local costmap and free
[controller_server-1] [WARN] [1775693527.143217278] [DWBLocalPlanner]: A scoring function failed to prepare
[controller_server-1] [ERROR] [1775693527.143264704] [PathDistCritic]: None of the 159 first of 159 (159) points of the global plan were in the local costmap and free
[controller_server-1] [WARN] [1775693527.143446216] [DWBLocalPlanner]: A scoring function failed to prepare
[controller_server-1] [ERROR] [1775693527.143721811] [GoalDistCritic]: None of the points of the global plan were in the local costmap.
[controller_server-1] [WARN] [1775693527.143909851] [DWBLocalPlanner]: A scoring function failed to prepare
[controller_server-1] [WARN] [1775693527.146421284] [controller_server]: No valid trajectories out of 155! 
[controller_server-1] [ERROR] [1775693527.342593914] [GoalDistCritic]: None of the points of the global plan were in the local costmap.
[controller_server-1] [WARN] [1775693527.342803139] [DWBLocalPlanner]: A scoring function failed to prepare
[controller_server-1] [ERROR] [1775693527.342852517] [PathDistCritic]: None of the 98 first of 98 (98) points of the global plan were in the local costmap and free
[controller_server-1] [WARN] [1775693527.342887879] [DWBLocalPlanner]: A scoring function failed to prepare
[controller_server-1] [ERROR] [1775693527.342921832] [PathDistCritic]: None of the 98 first of 98 (98) points of the global plan were in the local costmap and free
[controller_server-1] [WARN] [1775693527.342946281] [DWBLocalPlanner]: A scoring function failed to prepare
[controller_server-1] [ERROR] [1775693527.342977994] [GoalDistCritic]: None of the points of the global plan were in the local costmap.
[controller_server-1] [WARN] [1775693527.343000075] [DWBLocalPlanner]: A scoring function failed to prepare
[controller_server-1] [WARN] [1775693527.346345752] [controller_server]: No valid trajectories out of 155! 
[controller_server-1] [WARN] [1775693527.542125693] [controller_server]: Resulting plan has 0 poses in it.
[controller_server-1] [WARN] [1775693527.742025871] [controller_server]: Resulting plan has 0 poses in it.
[controller_server-1] [ERROR] [1775693527.742203895] [controller_server]: Controller patience exceeded
[controller_server-1] [WARN] [1775693527.742512676] [controller_server]: [follow_path] [ActionServer] Aborting handle.
[controller_server-1] [INFO] [1775693527.839838575] [local_costmap.local_costmap]: Received request to clear entirely the local_costmap
[controller_server-1] [INFO] [1775693527.842455420] [controller_server]: Received a goal, begin computing control effort.
[controller_server-1] [WARN] [1775693527.963167643] [controller_server]: Resulting plan has 0 poses in it.
[controller_server-1] [WARN] [1775693528.043167953] [controller_server]: Resulting plan has 0 poses in it.
[controller_server-1] [WARN] [1775693528.243076419] [controller_server]: Resulting plan has 0 poses in it.
[controller_server-1] [INFO] [1775693528.442859696] [controller_server]: Passing new path to controller.
[controller_server-1] [WARN] [1775693528.443712115] [controller_server]: Resulting plan has 0 poses in it.
[controller_server-1] [ERROR] [1775693528.443828888] [controller_server]: Controller patience exceeded
[controller_server-1] [WARN] [1775693528.444068226] [controller_server]: [follow_path] [ActionServer] Aborting handle.
[behavior_server-4] [INFO] [1775693528.591600900] [behavior_server]: Running backup
[behavior_server-4] [WARN] [1775693529.793830500] [behavior_server]: Collision Ahead - Exiting DriveOnHeading
[behavior_server-4] [WARN] [1775693529.793943753] [behavior_server]: backup failed
[behavior_server-4] [WARN] [1775693529.793972042] [behavior_server]: [backup] [ActionServer] Aborting handle.
[controller_server-1] [INFO] [1775693529.939592635] [local_costmap.local_costmap]: Received request to clear entirely the local_costmap
[planner_server-3] [INFO] [1775693529.940142866] [global_costmap.global_costmap]: Received request to clear entirely the global_costmap
[controller_server-1] [INFO] [1775693529.943007082] [controller_server]: Received a goal, begin computing control effort.
[controller_server-1] [ERROR] [1775693530.943892442] [GoalDistCritic]: None of the points of the global plan were in the local costmap.
[controller_server-1] [WARN] [1775693530.944064225] [DWBLocalPlanner]: A scoring function failed to prepare
[controller_server-1] [ERROR] [1775693530.944200583] [PathDistCritic]: None of the 21 first of 21 (21) points of the global plan were in the local costmap and free
[controller_server-1] [WARN] [1775693530.944240585] [DWBLocalPlanner]: A scoring function failed to prepare
[controller_server-1] [ERROR] [1775693530.944344237] [PathDistCritic]: None of the 21 first of 21 (21) points of the global plan were in the local costmap and free
[controller_server-1] [WARN] [1775693530.944372238] [DWBLocalPlanner]: A scoring function failed to prepare
[controller_server-1] [ERROR] [1775693530.944480019] [GoalDistCritic]: None of the points of the global plan were in the local costmap.
[controller_server-1] [WARN] [1775693530.944505684] [DWBLocalPlanner]: A scoring function failed to prepare
[controller_server-1] [WARN] [1775693530.948094602] [controller_server]: No valid trajectories out of 155! 
[controller_server-1] [INFO] [1775693531.143414523] [controller_server]: Passing new path to controller.
[controller_server-1] [ERROR] [1775693531.145739229] [GoalDistCritic]: None of the points of the global plan were in the local costmap.
[controller_server-1] [WARN] [1775693531.145877539] [DWBLocalPlanner]: A scoring function failed to prepare
[controller_server-1] [ERROR] [1775693531.145946053] [PathDistCritic]: None of the 160 first of 160 (160) points of the global plan were in the local costmap and free
[controller_server-1] [WARN] [1775693531.145984839] [DWBLocalPlanner]: A scoring function failed to prepare
[controller_server-1] [ERROR] [1775693531.146028585] [PathDistCritic]: None of the 160 first of 160 (160) points of the global plan were in the local costmap and free
[controller_server-1] [WARN] [1775693531.146056714] [DWBLocalPlanner]: A scoring function failed to prepare
[controller_server-1] [ERROR] [1775693531.146097932] [GoalDistCritic]: None of the points of the global plan were in the local costmap.
[controller_server-1] [WARN] [1775693531.146122893] [DWBLocalPlanner]: A scoring function failed to prepare
[controller_server-1] [WARN] [1775693531.150501540] [controller_server]: No valid trajectories out of 155! 
[controller_server-1] [WARN] [1775693531.343767775] [controller_server]: Resulting plan has 0 poses in it.
[controller_server-1] [ERROR] [1775693531.343946055] [controller_server]: Controller patience exceeded
[controller_server-1] [WARN] [1775693531.344309526] [controller_server]: [follow_path] [ActionServer] Aborting handle.
[controller_server-1] [INFO] [1775693531.439804820] [local_costmap.local_costmap]: Received request to clear entirely the local_costmap
[controller_server-1] [INFO] [1775693531.442212761] [controller_server]: Received a goal, begin computing control effort.
[controller_server-1] [WARN] [1775693531.562849651] [controller_server]: Resulting plan has 0 poses in it.
[controller_server-1] [WARN] [1775693531.642924652] [controller_server]: Resulting plan has 0 poses in it.
[controller_server-1] [WARN] [1775693531.842867455] [controller_server]: Resulting plan has 0 poses in it.
[controller_server-1] [WARN] [1775693532.042854675] [controller_server]: Resulting plan has 0 poses in it.
[controller_server-1] [ERROR] [1775693532.043050235] [controller_server]: Controller patience exceeded
[controller_server-1] [WARN] [1775693532.043366185] [controller_server]: [follow_path] [ActionServer] Aborting handle.
[behavior_server-4] [INFO] [1775693532.180035074] [behavior_server]: Running spin
[behavior_server-4] [INFO] [1775693532.180282636] [behavior_server]: Turning 1.57 for spin behavior.
[behavior_server-4] [WARN] [1775693534.480997575] [behavior_server]: Collision Ahead - Exiting Spin
[behavior_server-4] [WARN] [1775693534.481173935] [behavior_server]: spin failed
[behavior_server-4] [WARN] [1775693534.481235601] [behavior_server]: [spin] [ActionServer] Aborting handle.
[behavior_server-4] [INFO] [1775693534.591182348] [behavior_server]: Running wait
[behavior_server-4] [INFO] [1775693539.593092708] [behavior_server]: wait completed successfully
[controller_server-1] [INFO] [1775693539.841554179] [controller_server]: Received a goal, begin computing control effort.
[controller_server-1] [ERROR] [1775693540.842916409] [GoalDistCritic]: None of the points of the global plan were in the local costmap.
[controller_server-1] [WARN] [1775693540.843159459] [DWBLocalPlanner]: A scoring function failed to prepare
[controller_server-1] [ERROR] [1775693540.843309065] [PathDistCritic]: None of the 66 first of 66 (66) points of the global plan were in the local costmap and free
[controller_server-1] [WARN] [1775693540.843362987] [DWBLocalPlanner]: A scoring function failed to prepare
[controller_server-1] [ERROR] [1775693540.843487185] [PathDistCritic]: None of the 66 first of 66 (66) points of the global plan were in the local costmap and free
[controller_server-1] [WARN] [1775693540.843704474] [DWBLocalPlanner]: A scoring function failed to prepare
[controller_server-1] [ERROR] [1775693540.843851520] [GoalDistCritic]: None of the points of the global plan were in the local costmap.
[controller_server-1] [WARN] [1775693540.843893250] [DWBLocalPlanner]: A scoring function failed to prepare
[controller_server-1] [WARN] [1775693540.848692523] [controller_server]: No valid trajectories out of 155! 
[controller_server-1] [INFO] [1775693541.041915777] [controller_server]: Passing new path to controller.
[controller_server-1] [ERROR] [1775693541.043138517] [GoalDistCritic]: None of the points of the global plan were in the local costmap.
[controller_server-1] [WARN] [1775693541.043239545] [DWBLocalPlanner]: A scoring function failed to prepare
[controller_server-1] [ERROR] [1775693541.043278138] [PathDistCritic]: None of the 90 first of 90 (90) points of the global plan were in the local costmap and free
[controller_server-1] [WARN] [1775693541.043303867] [DWBLocalPlanner]: A scoring function failed to prepare
[controller_server-1] [ERROR] [1775693541.043330525] [PathDistCritic]: None of the 90 first of 90 (90) points of the global plan were in the local costmap and free
[controller_server-1] [WARN] [1775693541.043349181] [DWBLocalPlanner]: A scoring function failed to prepare
[controller_server-1] [ERROR] [1775693541.043374046] [GoalDistCritic]: None of the points of the global plan were in the local costmap.
[controller_server-1] [WARN] [1775693541.043393407] [DWBLocalPlanner]: A scoring function failed to prepare
[controller_server-1] [WARN] [1775693541.046159091] [controller_server]: No valid trajectories out of 155! 
[controller_server-1] [WARN] [1775693541.242262018] [controller_server]: Resulting plan has 0 poses in it.
[controller_server-1] [ERROR] [1775693541.242440842] [controller_server]: Controller patience exceeded
[controller_server-1] [WARN] [1775693541.242768183] [controller_server]: [follow_path] [ActionServer] Aborting handle.
[controller_server-1] [INFO] [1775693541.339829749] [local_costmap.local_costmap]: Received request to clear entirely the local_costmap
[controller_server-1] [INFO] [1775693541.342048818] [controller_server]: Received a goal, begin computing control effort.
[controller_server-1] [ERROR] [1775693541.363555318] [GoalDistCritic]: None of the points of the global plan were in the local costmap.
[controller_server-1] [WARN] [1775693541.363692924] [DWBLocalPlanner]: A scoring function failed to prepare
[controller_server-1] [ERROR] [1775693541.363738942] [PathDistCritic]: None of the 160 first of 160 (160) points of the global plan were in the local costmap and free
[controller_server-1] [WARN] [1775693541.363769695] [DWBLocalPlanner]: A scoring function failed to prepare
[controller_server-1] [ERROR] [1775693541.363802913] [PathDistCritic]: None of the 160 first of 160 (160) points of the global plan were in the local costmap and free
[controller_server-1] [WARN] [1775693541.363869636] [DWBLocalPlanner]: A scoring function failed to prepare
[controller_server-1] [ERROR] [1775693541.363902661] [GoalDistCritic]: None of the points of the global plan were in the local costmap.
[controller_server-1] [WARN] [1775693541.363922662] [DWBLocalPlanner]: A scoring function failed to prepare
[controller_server-1] [WARN] [1775693541.367025000] [controller_server]: No valid trajectories out of 155! 
[controller_server-1] [WARN] [1775693541.542818437] [controller_server]: Resulting plan has 0 poses in it.
[controller_server-1] [WARN] [1775693541.743072674] [controller_server]: Resulting plan has 0 poses in it.
[controller_server-1] [WARN] [1775693541.942778568] [controller_server]: Resulting plan has 0 poses in it.
[controller_server-1] [ERROR] [1775693541.942967535] [controller_server]: Controller patience exceeded
[controller_server-1] [WARN] [1775693541.943383649] [controller_server]: [follow_path] [ActionServer] Aborting handle.
[behavior_server-4] [INFO] [1775693542.076404544] [behavior_server]: Running backup
[behavior_server-4] [INFO] [1775693547.777163259] [behavior_server]: backup completed successfully
[controller_server-1] [INFO] [1775693547.991883316] [controller_server]: Received a goal, begin computing control effort.
[controller_server-1] [ERROR] [1775693547.992874685] [GoalDistCritic]: None of the points of the global plan were in the local costmap.
[controller_server-1] [WARN] [1775693547.993266702] [DWBLocalPlanner]: A scoring function failed to prepare
[controller_server-1] [ERROR] [1775693547.993327376] [PathDistCritic]: None of the 73 first of 73 (73) points of the global plan were in the local costmap and free
[controller_server-1] [WARN] [1775693547.993536281] [DWBLocalPlanner]: A scoring function failed to prepare
[controller_server-1] [ERROR] [1775693547.993592219] [PathDistCritic]: None of the 73 first of 73 (73) points of the global plan were in the local costmap and free
[controller_server-1] [WARN] [1775693547.993638909] [DWBLocalPlanner]: A scoring function failed to prepare
[controller_server-1] [ERROR] [1775693547.993666462] [GoalDistCritic]: None of the points of the global plan were in the local costmap.
[controller_server-1] [WARN] [1775693547.993689855] [DWBLocalPlanner]: A scoring function failed to prepare
[controller_server-1] [WARN] [1775693547.997095054] [controller_server]: No valid trajectories out of 155! 
[controller_server-1] [ERROR] [1775693548.193041172] [GoalDistCritic]: None of the points of the global plan were in the local costmap.
[controller_server-1] [WARN] [1775693548.193224348] [DWBLocalPlanner]: A scoring function failed to prepare
[controller_server-1] [ERROR] [1775693548.193261470] [PathDistCritic]: None of the 160 first of 160 (160) points of the global plan were in the local costmap and free
[controller_server-1] [WARN] [1775693548.193284319] [DWBLocalPlanner]: A scoring function failed to prepare
[controller_server-1] [ERROR] [1775693548.193305312] [PathDistCritic]: None of the 160 first of 160 (160) points of the global plan were in the local costmap and free
[controller_server-1] [WARN] [1775693548.193318880] [DWBLocalPlanner]: A scoring function failed to prepare
[controller_server-1] [ERROR] [1775693548.193338625] [GoalDistCritic]: None of the points of the global plan were in the local costmap.
[controller_server-1] [WARN] [1775693548.193351745] [DWBLocalPlanner]: A scoring function failed to prepare
[controller_server-1] [WARN] [1775693548.195275346] [controller_server]: No valid trajectories out of 155! 
[controller_server-1] [WARN] [1775693548.392510991] [controller_server]: Resulting plan has 0 poses in it.
[controller_server-1] [WARN] [1775693548.592491902] [controller_server]: Resulting plan has 0 poses in it.
[controller_server-1] [ERROR] [1775693548.592628612] [controller_server]: Controller patience exceeded
[controller_server-1] [WARN] [1775693548.592872782] [controller_server]: [follow_path] [ActionServer] Aborting handle.
[controller_server-1] [INFO] [1775693548.689671264] [local_costmap.local_costmap]: Received request to clear entirely the local_costmap
[controller_server-1] [INFO] [1775693548.691137213] [controller_server]: Received a goal, begin computing control effort.
[controller_server-1] [WARN] [1775693548.761658180] [controller_server]: Resulting plan has 0 poses in it.
[controller_server-1] [WARN] [1775693548.891698565] [controller_server]: Resulting plan has 0 poses in it.
[controller_server-1] [WARN] [1775693549.091658996] [controller_server]: Resulting plan has 0 poses in it.
[controller_server-1] [INFO] [1775693549.291485468] [controller_server]: Passing new path to controller.
[controller_server-1] [WARN] [1775693549.292156888] [controller_server]: Resulting plan has 0 poses in it.
[controller_server-1] [ERROR] [1775693549.292267517] [controller_server]: Controller patience exceeded
[controller_server-1] [WARN] [1775693549.295819602] [controller_server]: [follow_path] [ActionServer] Aborting handle.
[controller_server-1] [INFO] [1775693549.439815354] [local_costmap.local_costmap]: Received request to clear entirely the local_costmap
[planner_server-3] [INFO] [1775693549.440389010] [global_costmap.global_costmap]: Received request to clear entirely the global_costmap
[controller_server-1] [INFO] [1775693549.444075981] [controller_server]: Received a goal, begin computing control effort.
[controller_server-1] [WARN] [1775693549.564621728] [controller_server]: Resulting plan has 0 poses in it.
[controller_server-1] [WARN] [1775693549.644678230] [controller_server]: Resulting plan has 0 poses in it.
[controller_server-1] [WARN] [1775693549.844621059] [controller_server]: Resulting plan has 0 poses in it.
[controller_server-1] [WARN] [1775693550.044623955] [controller_server]: Resulting plan has 0 poses in it.
[controller_server-1] [ERROR] [1775693550.044780218] [controller_server]: Controller patience exceeded
[controller_server-1] [WARN] [1775693550.045039333] [controller_server]: [follow_path] [ActionServer] Aborting handle.
[controller_server-1] [INFO] [1775693550.139679068] [local_costmap.local_costmap]: Received request to clear entirely the local_costmap
[controller_server-1] [INFO] [1775693550.141368035] [controller_server]: Received a goal, begin computing control effort.
[controller_server-1] [WARN] [1775693550.161898302] [controller_server]: Resulting plan has 0 poses in it.
[controller_server-1] [WARN] [1775693550.341933674] [controller_server]: Resulting plan has 0 poses in it.
[controller_server-1] [WARN] [1775693550.541972828] [controller_server]: Resulting plan has 0 poses in it.
[controller_server-1] [INFO] [1775693550.741706752] [controller_server]: Passing new path to controller.
[controller_server-1] [ERROR] [1775693550.742572196] [GoalDistCritic]: None of the points of the global plan were in the local costmap.
[controller_server-1] [WARN] [1775693550.742691977] [DWBLocalPlanner]: A scoring function failed to prepare
[controller_server-1] [ERROR] [1775693550.742718570] [PathDistCritic]: None of the 68 first of 68 (68) points of the global plan were in the local costmap and free
[controller_server-1] [WARN] [1775693550.742739723] [DWBLocalPlanner]: A scoring function failed to prepare
[controller_server-1] [ERROR] [1775693550.742758252] [PathDistCritic]: None of the 68 first of 68 (68) points of the global plan were in the local costmap and free
[controller_server-1] [WARN] [1775693550.742772653] [DWBLocalPlanner]: A scoring function failed to prepare
[controller_server-1] [ERROR] [1775693550.742790861] [GoalDistCritic]: None of the points of the global plan were in the local costmap.
[controller_server-1] [WARN] [1775693550.742804686] [DWBLocalPlanner]: A scoring function failed to prepare
[controller_server-1] [WARN] [1775693550.744775745] [controller_server]: No valid trajectories out of 155! 
[controller_server-1] [ERROR] [1775693550.744880677] [controller_server]: Controller patience exceeded
[controller_server-1] [WARN] [1775693550.745027051] [controller_server]: [follow_path] [ActionServer] Aborting handle.
[bt_navigator-5] [WARN] [1775693550.939303179] [bt_navigator]: [navigate_to_pose] [ActionServer] Aborting handle.
[bt_navigator-5] [ERROR] [1775693550.940023305] [bt_navigator]: Goal failed
[bt_navigator-5] [INFO] [1775693553.947624074] [bt_navigator]: Begin navigating from current location (-11.23, -4.69) to (2.52, 3.04)
[controller_server-1] [INFO] [1775693554.049957795] [controller_server]: Received a goal, begin computing control effort.
[controller_server-1] [WARN] [1775693554.052485837] [controller_server]: Resulting plan has 0 poses in it.
[controller_server-1] [WARN] [1775693554.252581343] [controller_server]: Resulting plan has 0 poses in it.
[controller_server-1] [WARN] [1775693554.452644080] [controller_server]: Resulting plan has 0 poses in it.
[controller_server-1] [WARN] [1775693554.652640927] [controller_server]: Resulting plan has 0 poses in it.
[controller_server-1] [ERROR] [1775693554.652778629] [controller_server]: Controller patience exceeded
[controller_server-1] [WARN] [1775693554.653016943] [controller_server]: [follow_path] [ActionServer] Aborting handle.
[controller_server-1] [INFO] [1775693554.748411045] [local_costmap.local_costmap]: Received request to clear entirely the local_costmap
[controller_server-1] [INFO] [1775693554.750095852] [controller_server]: Received a goal, begin computing control effort.
[controller_server-1] [WARN] [1775693554.760615876] [controller_server]: Resulting plan has 0 poses in it.
[controller_server-1] [WARN] [1775693554.950598543] [controller_server]: Resulting plan has 0 poses in it.
[controller_server-1] [WARN] [1775693555.150587581] [controller_server]: Resulting plan has 0 poses in it.
[controller_server-1] [INFO] [1775693555.350373826] [controller_server]: Passing new path to controller.
[controller_server-1] [ERROR] [1775693555.751147391] [GoalDistCritic]: None of the points of the global plan were in the local costmap.
[controller_server-1] [WARN] [1775693555.751351720] [DWBLocalPlanner]: A scoring function failed to prepare
[controller_server-1] [ERROR] [1775693555.751750073] [PathDistCritic]: None of the 79 first of 79 (79) points of the global plan were in the local costmap and free
[controller_server-1] [WARN] [1775693555.751818171] [DWBLocalPlanner]: A scoring function failed to prepare
[controller_server-1] [ERROR] [1775693555.751909599] [PathDistCritic]: None of the 79 first of 79 (79) points of the global plan were in the local costmap and free
[controller_server-1] [WARN] [1775693555.752019012] [DWBLocalPlanner]: A scoring function failed to prepare
[controller_server-1] [ERROR] [1775693555.752127560] [GoalDistCritic]: None of the points of the global plan were in the local costmap.
[controller_server-1] [WARN] [1775693555.752159306] [DWBLocalPlanner]: A scoring function failed to prepare
[controller_server-1] [WARN] [1775693555.755429330] [controller_server]: No valid trajectories out of 155! 
[controller_server-1] [WARN] [1775693555.950634136] [controller_server]: Resulting plan has 0 poses in it.
[controller_server-1] [WARN] [1775693556.150689961] [controller_server]: Resulting plan has 0 poses in it.
[controller_server-1] [ERROR] [1775693556.150904817] [controller_server]: Controller patience exceeded
[controller_server-1] [WARN] [1775693556.151231455] [controller_server]: [follow_path] [ActionServer] Aborting handle.
[behavior_server-4] [INFO] [1775693556.251429246] [behavior_server]: Running spin
[behavior_server-4] [INFO] [1775693556.251618662] [behavior_server]: Turning 1.57 for spin behavior.
[behavior_server-4] [WARN] [1775693557.052360797] [behavior_server]: Collision Ahead - Exiting Spin
[behavior_server-4] [WARN] [1775693557.052499011] [behavior_server]: spin failed
[behavior_server-4] [WARN] [1775693557.052546629] [behavior_server]: [spin] [ActionServer] Aborting handle.
[behavior_server-4] [INFO] [1775693557.199238109] [behavior_server]: Running wait
[behavior_server-4] [INFO] [1775693562.199675766] [behavior_server]: wait completed successfully
[controller_server-1] [INFO] [1775693562.354354171] [controller_server]: Received a goal, begin computing control effort.
[controller_server-1] [WARN] [1775693562.354843728] [controller_server]: Resulting plan has 0 poses in it.
[controller_server-1] [WARN] [1775693562.555325648] [controller_server]: Resulting plan has 0 poses in it.
[controller_server-1] [WARN] [1775693562.755425761] [controller_server]: Resulting plan has 0 poses in it.
[controller_server-1] [WARN] [1775693562.955045949] [controller_server]: Resulting plan has 0 poses in it.
[controller_server-1] [ERROR] [1775693562.955227557] [controller_server]: Controller patience exceeded
[controller_server-1] [WARN] [1775693562.955505392] [controller_server]: [follow_path] [ActionServer] Aborting handle.
[controller_server-1] [INFO] [1775693563.048625895] [local_costmap.local_costmap]: Received request to clear entirely the local_costmap
[controller_server-1] [INFO] [1775693563.051259285] [controller_server]: Received a goal, begin computing control effort.
[controller_server-1] [ERROR] [1775693563.162246550] [GoalDistCritic]: None of the points of the global plan were in the local costmap.
[controller_server-1] [WARN] [1775693563.162387324] [DWBLocalPlanner]: A scoring function failed to prepare
[controller_server-1] [ERROR] [1775693563.162424158] [PathDistCritic]: None of the 134 first of 134 (134) points of the global plan were in the local costmap and free
[controller_server-1] [WARN] [1775693563.162445407] [DWBLocalPlanner]: A scoring function failed to prepare
[controller_server-1] [ERROR] [1775693563.162467295] [PathDistCritic]: None of the 134 first of 134 (134) points of the global plan were in the local costmap and free
[controller_server-1] [WARN] [1775693563.162482560] [DWBLocalPlanner]: A scoring function failed to prepare
[controller_server-1] [ERROR] [1775693563.162501793] [GoalDistCritic]: None of the points of the global plan were in the local costmap.
[controller_server-1] [WARN] [1775693563.162514945] [DWBLocalPlanner]: A scoring function failed to prepare
[controller_server-1] [WARN] [1775693563.164394832] [controller_server]: No valid trajectories out of 155! 
[controller_server-1] [WARN] [1775693563.251932669] [controller_server]: Resulting plan has 0 poses in it.
[controller_server-1] [ERROR] [1775693563.451902120] [GoalDistCritic]: None of the points of the global plan were in the local costmap.
[controller_server-1] [WARN] [1775693563.452082479] [DWBLocalPlanner]: A scoring function failed to prepare
[controller_server-1] [ERROR] [1775693563.452130193] [PathDistCritic]: None of the 1 first of 1 (1) points of the global plan were in the local costmap and free
[controller_server-1] [WARN] [1775693563.452165971] [DWBLocalPlanner]: A scoring function failed to prepare
[controller_server-1] [ERROR] [1775693563.452202452] [PathDistCritic]: None of the 1 first of 1 (1) points of the global plan were in the local costmap and free
[controller_server-1] [WARN] [1775693563.452226677] [DWBLocalPlanner]: A scoring function failed to prepare
[controller_server-1] [ERROR] [1775693563.452260087] [GoalDistCritic]: None of the points of the global plan were in the local costmap.
[controller_server-1] [WARN] [1775693563.452282360] [DWBLocalPlanner]: A scoring function failed to prepare
[controller_server-1] [WARN] [1775693563.456257342] [controller_server]: No valid trajectories out of 155! 
[controller_server-1] [WARN] [1775693563.651834961] [controller_server]: Resulting plan has 0 poses in it.
[controller_server-1] [ERROR] [1775693563.651973303] [controller_server]: Controller patience exceeded
[controller_server-1] [WARN] [1775693563.652296612] [controller_server]: [follow_path] [ActionServer] Aborting handle.
[behavior_server-4] [INFO] [1775693563.748763494] [behavior_server]: Running backup
[behavior_server-4] [WARN] [1775693566.149541651] [behavior_server]: Collision Ahead - Exiting DriveOnHeading
[behavior_server-4] [WARN] [1775693566.149690905] [behavior_server]: backup failed
[behavior_server-4] [WARN] [1775693566.149746651] [behavior_server]: [backup] [ActionServer] Aborting handle.
[controller_server-1] [INFO] [1775693566.298436901] [local_costmap.local_costmap]: Received request to clear entirely the local_costmap
[planner_server-3] [INFO] [1775693566.299348107] [global_costmap.global_costmap]: Received request to clear entirely the global_costmap
[controller_server-1] [INFO] [1775693566.304539268] [controller_server]: Received a goal, begin computing control effort.
[controller_server-1] [ERROR] [1775693566.365949548] [GoalDistCritic]: None of the points of the global plan were in the local costmap.
[controller_server-1] [WARN] [1775693566.366180566] [DWBLocalPlanner]: A scoring function failed to prepare
[controller_server-1] [ERROR] [1775693566.366244728] [PathDistCritic]: None of the 97 first of 97 (97) points of the global plan were in the local costmap and free
[controller_server-1] [WARN] [1775693566.366285626] [DWBLocalPlanner]: A scoring function failed to prepare
[controller_server-1] [ERROR] [1775693566.366328988] [PathDistCritic]: None of the 97 first of 97 (97) points of the global plan were in the local costmap and free
[controller_server-1] [WARN] [1775693566.366359357] [DWBLocalPlanner]: A scoring function failed to prepare
[controller_server-1] [ERROR] [1775693566.366400927] [GoalDistCritic]: None of the points of the global plan were in the local costmap.
[controller_server-1] [WARN] [1775693566.366428960] [DWBLocalPlanner]: A scoring function failed to prepare
[controller_server-1] [WARN] [1775693566.371045089] [controller_server]: No valid trajectories out of 155! 
[controller_server-1] [ERROR] [1775693566.506296505] [GoalDistCritic]: None of the points of the global plan were in the local costmap.
[controller_server-1] [WARN] [1775693566.508004128] [DWBLocalPlanner]: A scoring function failed to prepare
[controller_server-1] [ERROR] [1775693566.508087620] [PathDistCritic]: None of the 129 first of 129 (129) points of the global plan were in the local costmap and free
[controller_server-1] [WARN] [1775693566.508193064] [DWBLocalPlanner]: A scoring function failed to prepare
[controller_server-1] [ERROR] [1775693566.508261675] [PathDistCritic]: None of the 129 first of 129 (129) points of the global plan were in the local costmap and free
[controller_server-1] [WARN] [1775693566.508301709] [DWBLocalPlanner]: A scoring function failed to prepare
[controller_server-1] [ERROR] [1775693566.508346350] [GoalDistCritic]: None of the points of the global plan were in the local costmap.
[controller_server-1] [WARN] [1775693566.508374448] [DWBLocalPlanner]: A scoring function failed to prepare
[controller_server-1] [WARN] [1775693566.514617013] [controller_server]: No valid trajectories out of 155! 
[controller_server-1] [WARN] [1775693566.705349852] [controller_server]: Resulting plan has 0 poses in it.
[controller_server-1] [WARN] [1775693566.905308582] [controller_server]: Resulting plan has 0 poses in it.
[controller_server-1] [ERROR] [1775693566.905493197] [controller_server]: Controller patience exceeded
[controller_server-1] [WARN] [1775693566.905775449] [controller_server]: [follow_path] [ActionServer] Aborting handle.
[controller_server-1] [INFO] [1775693566.998570242] [local_costmap.local_costmap]: Received request to clear entirely the local_costmap
[controller_server-1] [INFO] [1775693567.001065514] [controller_server]: Received a goal, begin computing control effort.
[controller_server-1] [WARN] [1775693567.162370627] [controller_server]: Resulting plan has 0 poses in it.
[controller_server-1] [WARN] [1775693567.202383564] [controller_server]: Resulting plan has 0 poses in it.
[controller_server-1] [WARN] [1775693567.402401400] [controller_server]: Resulting plan has 0 poses in it.
[controller_server-1] [WARN] [1775693567.602419331] [controller_server]: Resulting plan has 0 poses in it.
[controller_server-1] [ERROR] [1775693567.602610187] [controller_server]: Controller patience exceeded
[controller_server-1] [WARN] [1775693567.602924504] [controller_server]: [follow_path] [ActionServer] Aborting handle.
[behavior_server-4] [INFO] [1775693567.699059084] [behavior_server]: Running spin
[behavior_server-4] [INFO] [1775693567.699290166] [behavior_server]: Turning 1.57 for spin behavior.
[behavior_server-4] [WARN] [1775693577.699601951] [behavior_server]: Exceeded time allowance before reaching the Spin goal - Exiting Spin
[behavior_server-4] [WARN] [1775693577.699752037] [behavior_server]: spin failed
[behavior_server-4] [WARN] [1775693577.699803271] [behavior_server]: [spin] [ActionServer] Aborting handle.
[behavior_server-4] [INFO] [1775693577.798886581] [behavior_server]: Running wait
[behavior_server-4] [INFO] [1775693582.800063553] [behavior_server]: wait completed successfully
[controller_server-1] [INFO] [1775693582.951821895] [controller_server]: Received a goal, begin computing control effort.
[controller_server-1] [WARN] [1775693582.953005465] [controller_server]: Resulting plan has 0 poses in it.
[controller_server-1] [WARN] [1775693583.153133381] [controller_server]: Resulting plan has 0 poses in it.
[controller_server-1] [WARN] [1775693583.353101354] [controller_server]: Resulting plan has 0 poses in it.
[controller_server-1] [WARN] [1775693583.553124594] [controller_server]: Resulting plan has 0 poses in it.
[controller_server-1] [ERROR] [1775693583.553285176] [controller_server]: Controller patience exceeded
[controller_server-1] [WARN] [1775693583.553517666] [controller_server]: [follow_path] [ActionServer] Aborting handle.
[controller_server-1] [INFO] [1775693583.648354366] [local_costmap.local_costmap]: Received request to clear entirely the local_costmap
[controller_server-1] [INFO] [1775693583.650445077] [controller_server]: Received a goal, begin computing control effort.
[controller_server-1] [WARN] [1775693583.761229835] [controller_server]: Resulting plan has 0 poses in it.
[controller_server-1] [ERROR] [1775693583.851181978] [GoalDistCritic]: None of the points of the global plan were in the local costmap.
[controller_server-1] [WARN] [1775693583.851359970] [DWBLocalPlanner]: A scoring function failed to prepare
[controller_server-1] [ERROR] [1775693583.851410020] [PathDistCritic]: None of the 4 first of 4 (4) points of the global plan were in the local costmap and free
[controller_server-1] [WARN] [1775693583.851500520] [DWBLocalPlanner]: A scoring function failed to prepare
[controller_server-1] [ERROR] [1775693583.851540201] [PathDistCritic]: None of the 4 first of 4 (4) points of the global plan were in the local costmap and free
[controller_server-1] [WARN] [1775693583.851568170] [DWBLocalPlanner]: A scoring function failed to prepare
[controller_server-1] [ERROR] [1775693583.851604428] [GoalDistCritic]: None of the points of the global plan were in the local costmap.
[controller_server-1] [WARN] [1775693583.851628781] [DWBLocalPlanner]: A scoring function failed to prepare
[controller_server-1] [WARN] [1775693583.856779876] [controller_server]: No valid trajectories out of 155! 
[controller_server-1] [WARN] [1775693584.051193985] [controller_server]: Resulting plan has 0 poses in it.
[controller_server-1] [INFO] [1775693584.250910620] [controller_server]: Passing new path to controller.
[controller_server-1] [INFO] [1775693585.250896187] [controller_server]: Passing new path to controller.
[controller_server-1] [WARN] [1775693585.851208090] [controller_server]: Resulting plan has 0 poses in it.
[controller_server-1] [WARN] [1775693586.051204320] [controller_server]: Resulting plan has 0 poses in it.
[controller_server-1] [WARN] [1775693586.251322731] [controller_server]: Resulting plan has 0 poses in it.
[controller_server-1] [ERROR] [1775693586.251501490] [controller_server]: Controller patience exceeded
[controller_server-1] [WARN] [1775693586.251808927] [controller_server]: [follow_path] [ActionServer] Aborting handle.
[behavior_server-4] [INFO] [1775693586.350045320] [behavior_server]: Running backup
[behavior_server-4] [WARN] [1775693596.350494654] [behavior_server]: Exceeded time allowance before reaching the DriveOnHeading goal - Exiting DriveOnHeading
[behavior_server-4] [WARN] [1775693596.350650148] [behavior_server]: backup failed
[behavior_server-4] [WARN] [1775693596.350704231] [behavior_server]: [backup] [ActionServer] Aborting handle.
[controller_server-1] [INFO] [1775693596.448404440] [local_costmap.local_costmap]: Received request to clear entirely the local_costmap
[planner_server-3] [INFO] [1775693596.449451012] [global_costmap.global_costmap]: Received request to clear entirely the global_costmap
[planner_server-3] [WARN] [1775693596.858886005] [planner_server]: Planner loop missed its desired rate of 20.0000 Hz. Current loop rate is 2.4578 Hz
[controller_server-1] [INFO] [1775693596.949670661] [controller_server]: Received a goal, begin computing control effort.
[controller_server-1] [ERROR] [1775693596.951678297] [GoalDistCritic]: None of the points of the global plan were in the local costmap.
[controller_server-1] [WARN] [1775693596.951805374] [DWBLocalPlanner]: A scoring function failed to prepare
[controller_server-1] [ERROR] [1775693596.951841984] [PathDistCritic]: None of the 156 first of 156 (156) points of the global plan were in the local costmap and free
[controller_server-1] [WARN] [1775693596.951868673] [DWBLocalPlanner]: A scoring function failed to prepare
[controller_server-1] [ERROR] [1775693596.951894562] [PathDistCritic]: None of the 156 first of 156 (156) points of the global plan were in the local costmap and free
[controller_server-1] [WARN] [1775693596.951913091] [DWBLocalPlanner]: A scoring function failed to prepare
[controller_server-1] [ERROR] [1775693596.951939204] [GoalDistCritic]: None of the points of the global plan were in the local costmap.
[controller_server-1] [WARN] [1775693596.951956837] [DWBLocalPlanner]: A scoring function failed to prepare
[controller_server-1] [WARN] [1775693596.954733593] [controller_server]: No valid trajectories out of 155! 
[controller_server-1] [WARN] [1775693597.151144070] [controller_server]: Resulting plan has 0 poses in it.
[controller_server-1] [WARN] [1775693597.351125448] [controller_server]: Resulting plan has 0 poses in it.
[controller_server-1] [WARN] [1775693597.551131467] [controller_server]: Resulting plan has 0 poses in it.
[controller_server-1] [ERROR] [1775693597.551298962] [controller_server]: Controller patience exceeded
[controller_server-1] [WARN] [1775693597.551834920] [controller_server]: [follow_path] [ActionServer] Aborting handle.
[controller_server-1] [INFO] [1775693597.648522640] [local_costmap.local_costmap]: Received request to clear entirely the local_costmap
[controller_server-1] [INFO] [1775693597.650374205] [controller_server]: Received a goal, begin computing control effort.
[controller_server-1] [WARN] [1775693597.760983722] [controller_server]: Resulting plan has 0 poses in it.
[controller_server-1] [WARN] [1775693597.850991194] [controller_server]: Resulting plan has 0 poses in it.
[controller_server-1] [WARN] [1775693598.050975196] [controller_server]: Resulting plan has 0 poses in it.
[controller_server-1] [WARN] [1775693598.251018240] [controller_server]: Resulting plan has 0 poses in it.
[controller_server-1] [ERROR] [1775693598.251199624] [controller_server]: Controller patience exceeded
[controller_server-1] [WARN] [1775693598.251655739] [controller_server]: [follow_path] [ActionServer] Aborting handle.
[behavior_server-4] [INFO] [1775693598.349007582] [behavior_server]: Running spin
[behavior_server-4] [INFO] [1775693598.349260552] [behavior_server]: Turning 1.57 for spin behavior.
[behavior_server-4] [WARN] [1775693608.249744692] [behavior_server]: Collision Ahead - Exiting Spin
[behavior_server-4] [WARN] [1775693608.249853817] [behavior_server]: spin failed
[behavior_server-4] [WARN] [1775693608.249883514] [behavior_server]: [spin] [ActionServer] Aborting handle.
[behavior_server-4] [INFO] [1775693608.398871880] [behavior_server]: Running wait
[behavior_server-4] [INFO] [1775693613.399249644] [behavior_server]: wait completed successfully
[controller_server-1] [INFO] [1775693613.550324944] [controller_server]: Received a goal, begin computing control effort.
[controller_server-1] [WARN] [1775693613.550960682] [controller_server]: Resulting plan has 0 poses in it.
[controller_server-1] [WARN] [1775693613.750855845] [controller_server]: Resulting plan has 0 poses in it.
[controller_server-1] [ERROR] [1775693613.951226227] [GoalDistCritic]: None of the points of the global plan were in the local costmap.
[controller_server-1] [WARN] [1775693613.951373241] [DWBLocalPlanner]: A scoring function failed to prepare
[controller_server-1] [ERROR] [1775693613.951402619] [PathDistCritic]: None of the 116 first of 116 (116) points of the global plan were in the local costmap and free
[controller_server-1] [WARN] [1775693613.951457405] [DWBLocalPlanner]: A scoring function failed to prepare
[controller_server-1] [ERROR] [1775693613.951478974] [PathDistCritic]: None of the 116 first of 116 (116) points of the global plan were in the local costmap and free
[controller_server-1] [WARN] [1775693613.951493150] [DWBLocalPlanner]: A scoring function failed to prepare
[controller_server-1] [ERROR] [1775693613.951512319] [GoalDistCritic]: None of the points of the global plan were in the local costmap.
[controller_server-1] [WARN] [1775693613.951524608] [DWBLocalPlanner]: A scoring function failed to prepare
[controller_server-1] [WARN] [1775693613.953466385] [controller_server]: No valid trajectories out of 155! 
[controller_server-1] [WARN] [1775693614.150971847] [controller_server]: Resulting plan has 0 poses in it.
[controller_server-1] [ERROR] [1775693614.151116077] [controller_server]: Controller patience exceeded
[controller_server-1] [WARN] [1775693614.151334838] [controller_server]: [follow_path] [ActionServer] Aborting handle.
[controller_server-1] [INFO] [1775693614.248445773] [local_costmap.local_costmap]: Received request to clear entirely the local_costmap
[controller_server-1] [INFO] [1775693614.250033231] [controller_server]: Received a goal, begin computing control effort.
[controller_server-1] [WARN] [1775693614.360485683] [controller_server]: Resulting plan has 0 poses in it.
[controller_server-1] [WARN] [1775693614.450532291] [controller_server]: Resulting plan has 0 poses in it.
[controller_server-1] [WARN] [1775693614.650514049] [controller_server]: Resulting plan has 0 poses in it.
[controller_server-1] [WARN] [1775693614.850516575] [controller_server]: Resulting plan has 0 poses in it.
[controller_server-1] [ERROR] [1775693614.850643493] [controller_server]: Controller patience exceeded
[controller_server-1] [WARN] [1775693614.850840717] [controller_server]: [follow_path] [ActionServer] Aborting handle.
[behavior_server-4] [INFO] [1775693614.948930637] [behavior_server]: Running backup
[behavior_server-4] [WARN] [1775693624.949429305] [behavior_server]: Exceeded time allowance before reaching the DriveOnHeading goal - Exiting DriveOnHeading
[behavior_server-4] [WARN] [1775693624.949539997] [behavior_server]: backup failed
[behavior_server-4] [WARN] [1775693624.949567550] [behavior_server]: [backup] [ActionServer] Aborting handle.
[controller_server-1] [INFO] [1775693625.048302328] [local_costmap.local_costmap]: Received request to clear entirely the local_costmap
[planner_server-3] [INFO] [1775693625.049070936] [global_costmap.global_costmap]: Received request to clear entirely the global_costmap
[controller_server-1] [INFO] [1775693625.052272925] [controller_server]: Received a goal, begin computing control effort.
[controller_server-1] [WARN] [1775693625.162870630] [controller_server]: Resulting plan has 0 poses in it.
[controller_server-1] [WARN] [1775693625.252943253] [controller_server]: Resulting plan has 0 poses in it.
[controller_server-1] [WARN] [1775693625.452904719] [controller_server]: Resulting plan has 0 poses in it.
[controller_server-1] [WARN] [1775693625.652939373] [controller_server]: Resulting plan has 0 poses in it.
[controller_server-1] [ERROR] [1775693625.653069426] [controller_server]: Controller patience exceeded
[controller_server-1] [WARN] [1775693625.653333885] [controller_server]: [follow_path] [ActionServer] Aborting handle.
[controller_server-1] [INFO] [1775693625.748437919] [local_costmap.local_costmap]: Received request to clear entirely the local_costmap
[controller_server-1] [INFO] [1775693625.750136230] [controller_server]: Received a goal, begin computing control effort.
[controller_server-1] [WARN] [1775693625.760636380] [controller_server]: Resulting plan has 0 poses in it.
[controller_server-1] [WARN] [1775693625.950742939] [controller_server]: Resulting plan has 0 poses in it.
[controller_server-1] [WARN] [1775693626.150737942] [controller_server]: Resulting plan has 0 poses in it.
[controller_server-1] [WARN] [1775693626.350744626] [controller_server]: Resulting plan has 0 poses in it.
[controller_server-1] [ERROR] [1775693626.350935194] [controller_server]: Controller patience exceeded
[controller_server-1] [WARN] [1775693626.351237095] [controller_server]: [follow_path] [ActionServer] Aborting handle.
[bt_navigator-5] [WARN] [1775693626.497921681] [bt_navigator]: [navigate_to_pose] [ActionServer] Aborting handle.
[bt_navigator-5] [ERROR] [1775693626.498693457] [bt_navigator]: Goal failed
