[INFO] [launch]: All log files can be found below /home/jetson/.ros/log/2026-04-06-03-51-37-604923-chandan-13055
[INFO] [launch]: Default logging verbosity is set to INFO
[INFO] [controller_server-1]: process started with pid [13057]
[INFO] [smoother_server-2]: process started with pid [13059]
[INFO] [planner_server-3]: process started with pid [13061]
[INFO] [behavior_server-4]: process started with pid [13063]
[INFO] [bt_navigator-5]: process started with pid [13065]
[INFO] [waypoint_follower-6]: process started with pid [13067]
[INFO] [velocity_smoother-7]: process started with pid [13069]
[INFO] [lifecycle_manager-8]: process started with pid [13089]
[waypoint_follower-6] [INFO] [1775418698.348674188] [waypoint_follower]: 
[waypoint_follower-6] 	waypoint_follower lifecycle node launched. 
[waypoint_follower-6] 	Waiting on external lifecycle transitions to activate
[waypoint_follower-6] 	See https://design.ros2.org/articles/node_lifecycle.html for more information.
[waypoint_follower-6] [INFO] [1775418698.375536618] [waypoint_follower]: Creating
[lifecycle_manager-8] [INFO] [1775418698.395659791] [lifecycle_manager_navigation]: Creating
[lifecycle_manager-8] [INFO] [1775418698.433560109] [lifecycle_manager_navigation]: [34m[1mCreating and initializing lifecycle service clients[0m[0m
[planner_server-3] [INFO] [1775418698.470883696] [planner_server]: 
[planner_server-3] 	planner_server lifecycle node launched. 
[planner_server-3] 	Waiting on external lifecycle transitions to activate
[planner_server-3] 	See https://design.ros2.org/articles/node_lifecycle.html for more information.
[controller_server-1] [INFO] [1775418698.502007667] [controller_server]: 
[controller_server-1] 	controller_server lifecycle node launched. 
[controller_server-1] 	Waiting on external lifecycle transitions to activate
[controller_server-1] 	See https://design.ros2.org/articles/node_lifecycle.html for more information.
[planner_server-3] [INFO] [1775418698.514387057] [planner_server]: Creating
[velocity_smoother-7] [INFO] [1775418698.514531704] [velocity_smoother]: 
[velocity_smoother-7] 	velocity_smoother lifecycle node launched. 
[velocity_smoother-7] 	Waiting on external lifecycle transitions to activate
[velocity_smoother-7] 	See https://design.ros2.org/articles/node_lifecycle.html for more information.
[controller_server-1] [INFO] [1775418698.534551000] [controller_server]: Creating controller server
[bt_navigator-5] [INFO] [1775418698.604485092] [bt_navigator]: 
[bt_navigator-5] 	bt_navigator lifecycle node launched. 
[bt_navigator-5] 	Waiting on external lifecycle transitions to activate
[bt_navigator-5] 	See https://design.ros2.org/articles/node_lifecycle.html for more information.
[bt_navigator-5] [INFO] [1775418698.604956442] [bt_navigator]: Creating
[behavior_server-4] [INFO] [1775418698.769219324] [behavior_server]: 
[behavior_server-4] 	behavior_server lifecycle node launched. 
[behavior_server-4] 	Waiting on external lifecycle transitions to activate
[behavior_server-4] 	See https://design.ros2.org/articles/node_lifecycle.html for more information.
[smoother_server-2] [INFO] [1775418698.879486550] [smoother_server]: 
[smoother_server-2] 	smoother_server lifecycle node launched. 
[smoother_server-2] 	Waiting on external lifecycle transitions to activate
[smoother_server-2] 	See https://design.ros2.org/articles/node_lifecycle.html for more information.
[smoother_server-2] [INFO] [1775418698.907432198] [smoother_server]: Creating smoother server
[controller_server-1] [INFO] [1775418699.048717592] [local_costmap.local_costmap]: 
[controller_server-1] 	local_costmap lifecycle node launched. 
[controller_server-1] 	Waiting on external lifecycle transitions to activate
[controller_server-1] 	See https://design.ros2.org/articles/node_lifecycle.html for more information.
[planner_server-3] [INFO] [1775418699.043493638] [global_costmap.global_costmap]: 
[planner_server-3] 	global_costmap lifecycle node launched. 
[planner_server-3] 	Waiting on external lifecycle transitions to activate
[planner_server-3] 	See https://design.ros2.org/articles/node_lifecycle.html for more information.
[controller_server-1] [INFO] [1775418699.049901007] [local_costmap.local_costmap]: Creating Costmap
[planner_server-3] [INFO] [1775418699.049919888] [global_costmap.global_costmap]: Creating Costmap
[lifecycle_manager-8] [INFO] [1775418699.426897287] [lifecycle_manager_navigation]: [34m[1mStarting managed nodes bringup...[0m[0m
[lifecycle_manager-8] [INFO] [1775418699.427031021] [lifecycle_manager_navigation]: [34m[1mConfiguring controller_server[0m[0m
[controller_server-1] [INFO] [1775418699.427680523] [controller_server]: Configuring controller interface
[controller_server-1] [INFO] [1775418699.428395116] [controller_server]: getting goal checker plugins..
[controller_server-1] [INFO] [1775418699.429098508] [controller_server]: Controller frequency set to 10.0000Hz
[controller_server-1] [INFO] [1775418699.429202865] [local_costmap.local_costmap]: Configuring
[controller_server-1] [INFO] [1775418699.455666425] [local_costmap.local_costmap]: Using plugin "obstacle_layer"
[controller_server-1] [INFO] [1775418699.465446109] [local_costmap.local_costmap]: Subscribed to Topics: scan
[controller_server-1] [INFO] [1775418699.479358720] [local_costmap.local_costmap]: Initialized plugin "obstacle_layer"
[controller_server-1] [INFO] [1775418699.479476166] [local_costmap.local_costmap]: Using plugin "inflation_layer"
[controller_server-1] [INFO] [1775418699.481804178] [local_costmap.local_costmap]: Initialized plugin "inflation_layer"
[controller_server-1] [INFO] [1775418699.548825357] [controller_server]: Created progress_checker : progress_checker of type nav2_controller::PoseProgressChecker
[controller_server-1] [INFO] [1775418699.552836454] [controller_server]: Created goal checker : goal_checker of type nav2_controller::SimpleGoalChecker
[controller_server-1] [INFO] [1775418699.555545699] [controller_server]: Controller Server has goal_checker  goal checkers available.
[controller_server-1] [INFO] [1775418699.561222442] [controller_server]: Created controller : FollowPath of type dwb_core::DWBLocalPlanner
[controller_server-1] [INFO] [1775418699.566996917] [controller_server]: Setting transform_tolerance to 0.200000
[controller_server-1] [INFO] [1775418699.607372064] [controller_server]: Using critic "RotateToGoal" (dwb_critics::RotateToGoalCritic)
[controller_server-1] [INFO] [1775418699.609736589] [controller_server]: Critic plugin initialized
[controller_server-1] [INFO] [1775418699.610488816] [controller_server]: Using critic "Oscillation" (dwb_critics::OscillationCritic)
[controller_server-1] [INFO] [1775418699.612917600] [controller_server]: Critic plugin initialized
[controller_server-1] [INFO] [1775418699.613397014] [controller_server]: Using critic "BaseObstacle" (dwb_critics::BaseObstacleCritic)
[controller_server-1] [INFO] [1775418699.614126520] [controller_server]: Critic plugin initialized
[controller_server-1] [INFO] [1775418699.614575021] [controller_server]: Using critic "GoalAlign" (dwb_critics::GoalAlignCritic)
[controller_server-1] [INFO] [1775418699.615829863] [controller_server]: Critic plugin initialized
[controller_server-1] [INFO] [1775418699.616504966] [controller_server]: Using critic "PathAlign" (dwb_critics::PathAlignCritic)
[controller_server-1] [INFO] [1775418699.617757888] [controller_server]: Critic plugin initialized
[controller_server-1] [INFO] [1775418699.618238006] [controller_server]: Using critic "PathDist" (dwb_critics::PathDistCritic)
[controller_server-1] [INFO] [1775418699.619046619] [controller_server]: Critic plugin initialized
[controller_server-1] [INFO] [1775418699.619519537] [controller_server]: Using critic "GoalDist" (dwb_critics::GoalDistCritic)
[controller_server-1] [INFO] [1775418699.620367097] [controller_server]: Critic plugin initialized
[controller_server-1] [INFO] [1775418699.620421915] [controller_server]: Controller Server has FollowPath  controllers available.
[lifecycle_manager-8] [INFO] [1775418699.651099078] [lifecycle_manager_navigation]: [34m[1mConfiguring smoother_server[0m[0m
[smoother_server-2] [INFO] [1775418699.651796390] [smoother_server]: Configuring smoother server
[smoother_server-2] [INFO] [1775418699.685749256] [smoother_server]: Created smoother : simple_smoother of type nav2_smoother::SimpleSmoother
[smoother_server-2] [INFO] [1775418699.688973021] [smoother_server]: Smoother Server has simple_smoother  smoothers available.
[lifecycle_manager-8] [INFO] [1775418699.720772859] [lifecycle_manager_navigation]: [34m[1mConfiguring planner_server[0m[0m
[planner_server-3] [INFO] [1775418699.721457051] [planner_server]: Configuring
[planner_server-3] [INFO] [1775418699.721572768] [global_costmap.global_costmap]: Configuring
[planner_server-3] [INFO] [1775418699.744389919] [global_costmap.global_costmap]: Using plugin "static_layer"
[planner_server-3] [INFO] [1775418699.755962838] [global_costmap.global_costmap]: Subscribing to the map topic (/map) with transient local durability
[planner_server-3] [INFO] [1775418699.761177928] [global_costmap.global_costmap]: Initialized plugin "static_layer"
[planner_server-3] [INFO] [1775418699.804390198] [global_costmap.global_costmap]: StaticLayer: Resizing costmap to 185 X 172 at 0.050000 m/pix
[planner_server-3] [INFO] [1775418699.804916622] [planner_server]: Created global planner plugin GridBased of type nav2_navfn_planner/NavfnPlanner
[planner_server-3] [INFO] [1775418699.804977617] [planner_server]: Configuring plugin GridBased of type NavfnPlanner
[planner_server-3] [INFO] [1775418699.807613643] [planner_server]: Planner Server has GridBased  planners available.
[lifecycle_manager-8] [INFO] [1775418699.845780431] [lifecycle_manager_navigation]: [34m[1mConfiguring behavior_server[0m[0m
[behavior_server-4] [INFO] [1775418699.846445198] [behavior_server]: Configuring
[behavior_server-4] [INFO] [1775418699.892869233] [behavior_server]: Creating behavior plugin spin of type nav2_behaviors/Spin
[behavior_server-4] [INFO] [1775418699.894512701] [behavior_server]: Configuring spin
[behavior_server-4] [INFO] [1775418699.924009105] [behavior_server]: Creating behavior plugin backup of type nav2_behaviors/BackUp
[behavior_server-4] [INFO] [1775418699.925740257] [behavior_server]: Configuring backup
[behavior_server-4] [INFO] [1775418699.946099758] [behavior_server]: Creating behavior plugin drive_on_heading of type nav2_behaviors/DriveOnHeading
[behavior_server-4] [INFO] [1775418699.947688280] [behavior_server]: Configuring drive_on_heading
[behavior_server-4] [INFO] [1775418699.965776188] [behavior_server]: Creating behavior plugin assisted_teleop of type nav2_behaviors/AssistedTeleop
[behavior_server-4] [INFO] [1775418699.969135767] [behavior_server]: Configuring assisted_teleop
[behavior_server-4] [INFO] [1775418699.990326571] [behavior_server]: Creating behavior plugin wait of type nav2_behaviors/Wait
[behavior_server-4] [INFO] [1775418699.991793071] [behavior_server]: Configuring wait
[lifecycle_manager-8] [INFO] [1775418700.013018819] [lifecycle_manager_navigation]: [34m[1mConfiguring bt_navigator[0m[0m
[bt_navigator-5] [INFO] [1775418700.013666721] [bt_navigator]: Configuring
[lifecycle_manager-8] [INFO] [1775418700.240161675] [lifecycle_manager_navigation]: [34m[1mConfiguring waypoint_follower[0m[0m
[waypoint_follower-6] [INFO] [1775418700.240789704] [waypoint_follower]: Configuring
[waypoint_follower-6] [INFO] [1775418700.296467630] [waypoint_follower]: Created waypoint_task_executor : wait_at_waypoint of type nav2_waypoint_follower::WaitAtWaypoint
[waypoint_follower-6] [INFO] [1775418700.299107112] [waypoint_follower]: Waypoint pause duration is set to zero, disabling task executor plugin.
[lifecycle_manager-8] [INFO] [1775418700.300831096] [lifecycle_manager_navigation]: [34m[1mConfiguring velocity_smoother[0m[0m
[velocity_smoother-7] [INFO] [1775418700.301489046] [velocity_smoother]: Configuring velocity smoother
[lifecycle_manager-8] [INFO] [1775418700.314345191] [lifecycle_manager_navigation]: [34m[1mActivating controller_server[0m[0m
[controller_server-1] [INFO] [1775418700.314987588] [controller_server]: Activating
[controller_server-1] [INFO] [1775418700.315136043] [local_costmap.local_costmap]: Activating
[controller_server-1] [INFO] [1775418700.315183725] [local_costmap.local_costmap]: Checking transform
[controller_server-1] [INFO] [1775418700.315499068] [local_costmap.local_costmap]: start
[controller_server-1] [INFO] [1775418700.518379941] [controller_server]: Creating bond (controller_server) to lifecycle manager.
[lifecycle_manager-8] [INFO] [1775418700.635440441] [lifecycle_manager_navigation]: Server controller_server connected with bond.
[lifecycle_manager-8] [INFO] [1775418700.635592000] [lifecycle_manager_navigation]: [34m[1mActivating smoother_server[0m[0m
[smoother_server-2] [INFO] [1775418700.636586958] [smoother_server]: Activating
[smoother_server-2] [INFO] [1775418700.636721908] [smoother_server]: Creating bond (smoother_server) to lifecycle manager.
[lifecycle_manager-8] [INFO] [1775418700.755157608] [lifecycle_manager_navigation]: Server smoother_server connected with bond.
[lifecycle_manager-8] [INFO] [1775418700.755299023] [lifecycle_manager_navigation]: [34m[1mActivating planner_server[0m[0m
[planner_server-3] [INFO] [1775418700.756187640] [planner_server]: Activating
[planner_server-3] [INFO] [1775418700.756364000] [global_costmap.global_costmap]: Activating
[planner_server-3] [INFO] [1775418700.756440644] [global_costmap.global_costmap]: Checking transform
[planner_server-3] [INFO] [1775418700.756757394] [global_costmap.global_costmap]: start
[planner_server-3] [INFO] [1775418700.807003711] [planner_server]: Activating plugin GridBased of type NavfnPlanner
[planner_server-3] [INFO] [1775418700.812453658] [planner_server]: Creating bond (planner_server) to lifecycle manager.
[lifecycle_manager-8] [INFO] [1775418700.928320791] [lifecycle_manager_navigation]: Server planner_server connected with bond.
[lifecycle_manager-8] [INFO] [1775418700.928469854] [lifecycle_manager_navigation]: [34m[1mActivating behavior_server[0m[0m
[behavior_server-4] [INFO] [1775418700.929378504] [behavior_server]: Activating
[behavior_server-4] [INFO] [1775418700.929495918] [behavior_server]: Activating spin
[behavior_server-4] [INFO] [1775418700.929546096] [behavior_server]: Activating backup
[behavior_server-4] [INFO] [1775418700.929583282] [behavior_server]: Activating drive_on_heading
[behavior_server-4] [INFO] [1775418700.929614803] [behavior_server]: Activating assisted_teleop
[behavior_server-4] [INFO] [1775418700.929640948] [behavior_server]: Activating wait
[behavior_server-4] [INFO] [1775418700.929678070] [behavior_server]: Creating bond (behavior_server) to lifecycle manager.
[lifecycle_manager-8] [INFO] [1775418701.050808096] [lifecycle_manager_navigation]: Server behavior_server connected with bond.
[lifecycle_manager-8] [INFO] [1775418701.050993512] [lifecycle_manager_navigation]: [34m[1mActivating bt_navigator[0m[0m
[bt_navigator-5] [INFO] [1775418701.051974133] [bt_navigator]: Activating
[bt_navigator-5] [INFO] [1775418701.285176308] [bt_navigator]: Creating bond (bt_navigator) to lifecycle manager.
[lifecycle_manager-8] [INFO] [1775418701.398746712] [lifecycle_manager_navigation]: Server bt_navigator connected with bond.
[lifecycle_manager-8] [INFO] [1775418701.398900159] [lifecycle_manager_navigation]: [34m[1mActivating waypoint_follower[0m[0m
[waypoint_follower-6] [INFO] [1775418701.400353794] [waypoint_follower]: Activating
[waypoint_follower-6] [INFO] [1775418701.400497801] [waypoint_follower]: Creating bond (waypoint_follower) to lifecycle manager.
[lifecycle_manager-8] [INFO] [1775418701.522920675] [lifecycle_manager_navigation]: Server waypoint_follower connected with bond.
[lifecycle_manager-8] [INFO] [1775418701.523065162] [lifecycle_manager_navigation]: [34m[1mActivating velocity_smoother[0m[0m
[velocity_smoother-7] [INFO] [1775418701.524074264] [velocity_smoother]: Activating
[velocity_smoother-7] [INFO] [1775418701.524271586] [velocity_smoother]: Creating bond (velocity_smoother) to lifecycle manager.
[lifecycle_manager-8] [INFO] [1775418701.657537359] [lifecycle_manager_navigation]: Server velocity_smoother connected with bond.
[lifecycle_manager-8] [INFO] [1775418701.657678613] [lifecycle_manager_navigation]: [34m[1mManaged nodes are active[0m[0m
[lifecycle_manager-8] [INFO] [1775418701.657727160] [lifecycle_manager_navigation]: [34m[1mCreating bond timer...[0m[0m
[bt_navigator-5] [INFO] [1775418748.810007684] [bt_navigator]: Begin navigating from current location (0.01, -0.01) to (2.52, 3.04)
[controller_server-1] [INFO] [1775418748.912968577] [controller_server]: Received a goal, begin computing control effort.
[controller_server-1] [WARN] [1775418748.913153256] [controller_server]: No goal checker was specified in parameter 'current_goal_checker'. Server will use only plugin loaded goal_checker . This warning will appear once.
[controller_server-1] [INFO] [1775418750.113599133] [controller_server]: Passing new path to controller.
[controller_server-1] [INFO] [1775418751.213604786] [controller_server]: Passing new path to controller.
[controller_server-1] [INFO] [1775418752.413598104] [controller_server]: Passing new path to controller.
[controller_server-1] [INFO] [1775418753.513607827] [controller_server]: Passing new path to controller.
[controller_server-1] [INFO] [1775418754.713613003] [controller_server]: Passing new path to controller.
[controller_server-1] [INFO] [1775418755.813615726] [controller_server]: Passing new path to controller.
[controller_server-1] [INFO] [1775418757.013610423] [controller_server]: Passing new path to controller.
[controller_server-1] [INFO] [1775418758.113605114] [controller_server]: Passing new path to controller.
[controller_server-1] [INFO] [1775418759.313598692] [controller_server]: Passing new path to controller.
[controller_server-1] [INFO] [1775418760.413607477] [controller_server]: Passing new path to controller.
[controller_server-1] [INFO] [1775418761.613606072] [controller_server]: Passing new path to controller.
[controller_server-1] [INFO] [1775418762.713728830] [controller_server]: Passing new path to controller.
[controller_server-1] [INFO] [1775418763.913605720] [controller_server]: Passing new path to controller.
[controller_server-1] [INFO] [1775418765.013617578] [controller_server]: Passing new path to controller.
[controller_server-1] [INFO] [1775418766.213607696] [controller_server]: Passing new path to controller.
[controller_server-1] [INFO] [1775418767.313601293] [controller_server]: Passing new path to controller.
[controller_server-1] [INFO] [1775418768.513605141] [controller_server]: Passing new path to controller.
[controller_server-1] [INFO] [1775418769.613693388] [controller_server]: Passing new path to controller.
[controller_server-1] [INFO] [1775418770.813602196] [controller_server]: Passing new path to controller.
[controller_server-1] [INFO] [1775418771.913600161] [controller_server]: Passing new path to controller.
[controller_server-1] [INFO] [1775418773.113610791] [controller_server]: Passing new path to controller.
[controller_server-1] [INFO] [1775418774.213614534] [controller_server]: Passing new path to controller.
[controller_server-1] [INFO] [1775418775.413610282] [controller_server]: Passing new path to controller.
[controller_server-1] [INFO] [1775418776.513605159] [controller_server]: Passing new path to controller.
[controller_server-1] [INFO] [1775418777.713603574] [controller_server]: Passing new path to controller.
[controller_server-1] [INFO] [1775418778.813614164] [controller_server]: Passing new path to controller.
[controller_server-1] [INFO] [1775418780.013611024] [controller_server]: Passing new path to controller.
[controller_server-1] [INFO] [1775418781.113596357] [controller_server]: Passing new path to controller.
[controller_server-1] [INFO] [1775418782.313626111] [controller_server]: Passing new path to controller.
[controller_server-1] [INFO] [1775418783.413605946] [controller_server]: Passing new path to controller.
[controller_server-1] [INFO] [1775418784.613613764] [controller_server]: Passing new path to controller.
[controller_server-1] [INFO] [1775418785.713597254] [controller_server]: Passing new path to controller.
[controller_server-1] [INFO] [1775418786.913608869] [controller_server]: Passing new path to controller.
[controller_server-1] [INFO] [1775418788.013601008] [controller_server]: Passing new path to controller.
[controller_server-1] [INFO] [1775418789.213600818] [controller_server]: Passing new path to controller.
[controller_server-1] [INFO] [1775418790.313606753] [controller_server]: Passing new path to controller.
[controller_server-1] [INFO] [1775418791.513606140] [controller_server]: Passing new path to controller.
[controller_server-1] [INFO] [1775418792.613599288] [controller_server]: Passing new path to controller.
[controller_server-1] [INFO] [1775418793.813608016] [controller_server]: Passing new path to controller.
[controller_server-1] [INFO] [1775418794.913684542] [controller_server]: Passing new path to controller.
[controller_server-1] [INFO] [1775418796.113612263] [controller_server]: Passing new path to controller.
[controller_server-1] [INFO] [1775418797.213599099] [controller_server]: Passing new path to controller.
[controller_server-1] [INFO] [1775418798.413610174] [controller_server]: Passing new path to controller.
[controller_server-1] [INFO] [1775418799.513616168] [controller_server]: Passing new path to controller.
[controller_server-1] [INFO] [1775418800.713607853] [controller_server]: Passing new path to controller.
[controller_server-1] [INFO] [1775418801.813597580] [controller_server]: Passing new path to controller.
[controller_server-1] [INFO] [1775418803.013603318] [controller_server]: Passing new path to controller.
[controller_server-1] [INFO] [1775418804.113604069] [controller_server]: Passing new path to controller.
[controller_server-1] [INFO] [1775418805.313599396] [controller_server]: Passing new path to controller.
[controller_server-1] [INFO] [1775418806.413604974] [controller_server]: Passing new path to controller.
[controller_server-1] [INFO] [1775418807.613610518] [controller_server]: Passing new path to controller.
[controller_server-1] [INFO] [1775418808.713609085] [controller_server]: Passing new path to controller.
[controller_server-1] [INFO] [1775418809.913600593] [controller_server]: Passing new path to controller.
[controller_server-1] [INFO] [1775418811.013615317] [controller_server]: Passing new path to controller.
[controller_server-1] [INFO] [1775418812.213611813] [controller_server]: Passing new path to controller.
[controller_server-1] [INFO] [1775418813.313601122] [controller_server]: Passing new path to controller.
[controller_server-1] [INFO] [1775418814.513608642] [controller_server]: Passing new path to controller.
[controller_server-1] [INFO] [1775418815.613611490] [controller_server]: Passing new path to controller.
[controller_server-1] [INFO] [1775418816.813612308] [controller_server]: Passing new path to controller.
[controller_server-1] [INFO] [1775418817.913599768] [controller_server]: Passing new path to controller.
[controller_server-1] [INFO] [1775418819.113612245] [controller_server]: Passing new path to controller.
[controller_server-1] [INFO] [1775418820.213601111] [controller_server]: Passing new path to controller.
[controller_server-1] [INFO] [1775418821.413614147] [controller_server]: Passing new path to controller.
[controller_server-1] [INFO] [1775418822.513602894] [controller_server]: Passing new path to controller.
[controller_server-1] [INFO] [1775418823.713607922] [controller_server]: Passing new path to controller.
[controller_server-1] [INFO] [1775418824.813599656] [controller_server]: Passing new path to controller.
[controller_server-1] [INFO] [1775418826.013620422] [controller_server]: Passing new path to controller.
[controller_server-1] [INFO] [1775418827.113604799] [controller_server]: Passing new path to controller.
[controller_server-1] [INFO] [1775418828.313598089] [controller_server]: Passing new path to controller.
[controller_server-1] [INFO] [1775418829.413611154] [controller_server]: Passing new path to controller.
[controller_server-1] [INFO] [1775418830.613612027] [controller_server]: Passing new path to controller.
[controller_server-1] [INFO] [1775418831.713597203] [controller_server]: Passing new path to controller.
[controller_server-1] [INFO] [1775418832.913599836] [controller_server]: Passing new path to controller.
[controller_server-1] [INFO] [1775418834.013590278] [controller_server]: Passing new path to controller.
[controller_server-1] [INFO] [1775418835.213607618] [controller_server]: Passing new path to controller.
[controller_server-1] [INFO] [1775418836.313606072] [controller_server]: Passing new path to controller.
[controller_server-1] [INFO] [1775418837.513606297] [controller_server]: Passing new path to controller.
[controller_server-1] [INFO] [1775418838.613609221] [controller_server]: Passing new path to controller.
[controller_server-1] [INFO] [1775418839.813604300] [controller_server]: Passing new path to controller.
[controller_server-1] [INFO] [1775418840.913603600] [controller_server]: Passing new path to controller.
[controller_server-1] [INFO] [1775418842.113605815] [controller_server]: Passing new path to controller.
[controller_server-1] [INFO] [1775418843.213606316] [controller_server]: Passing new path to controller.
[controller_server-1] [INFO] [1775418844.413598422] [controller_server]: Passing new path to controller.
[controller_server-1] [INFO] [1775418845.513605959] [controller_server]: Passing new path to controller.
[controller_server-1] [ERROR] [1775418846.013824008] [controller_server]: Failed to make progress
[controller_server-1] [WARN] [1775418846.014216980] [controller_server]: [follow_path] [ActionServer] Aborting handle.
[controller_server-1] [INFO] [1775418846.110938291] [local_costmap.local_costmap]: Received request to clear entirely the local_costmap
[controller_server-1] [INFO] [1775418846.112964017] [controller_server]: Received a goal, begin computing control effort.
[controller_server-1] [INFO] [1775418846.713569500] [controller_server]: Passing new path to controller.
[controller_server-1] [INFO] [1775418847.813559561] [controller_server]: Passing new path to controller.
[controller_server-1] [INFO] [1775418849.013565230] [controller_server]: Passing new path to controller.
[controller_server-1] [INFO] [1775418850.113565234] [controller_server]: Passing new path to controller.
[controller_server-1] [INFO] [1775418851.313574136] [controller_server]: Passing new path to controller.
[controller_server-1] [INFO] [1775418852.413558044] [controller_server]: Passing new path to controller.
[controller_server-1] [INFO] [1775418853.613570005] [controller_server]: Passing new path to controller.
[controller_server-1] [INFO] [1775418854.713558907] [controller_server]: Passing new path to controller.
[controller_server-1] [INFO] [1775418855.913574087] [controller_server]: Passing new path to controller.
[controller_server-1] [INFO] [1775418857.013564177] [controller_server]: Passing new path to controller.
[controller_server-1] [INFO] [1775418858.213564484] [controller_server]: Passing new path to controller.
[controller_server-1] [INFO] [1775418859.313576557] [controller_server]: Passing new path to controller.
[controller_server-1] [INFO] [1775418860.513560406] [controller_server]: Passing new path to controller.
[controller_server-1] [INFO] [1775418861.613565543] [controller_server]: Passing new path to controller.
[controller_server-1] [INFO] [1775418862.813572170] [controller_server]: Passing new path to controller.
[controller_server-1] [INFO] [1775418863.913560515] [controller_server]: Passing new path to controller.
[controller_server-1] [INFO] [1775418865.113569882] [controller_server]: Passing new path to controller.
[controller_server-1] [INFO] [1775418866.213552053] [controller_server]: Passing new path to controller.
[controller_server-1] [INFO] [1775418867.413556514] [controller_server]: Passing new path to controller.
[controller_server-1] [INFO] [1775418868.513554923] [controller_server]: Passing new path to controller.
[controller_server-1] [INFO] [1775418869.713567990] [controller_server]: Passing new path to controller.
[controller_server-1] [INFO] [1775418870.813538604] [controller_server]: Passing new path to controller.
[controller_server-1] [INFO] [1775418872.013549655] [controller_server]: Passing new path to controller.
[controller_server-1] [INFO] [1775418873.113570742] [controller_server]: Passing new path to controller.
[controller_server-1] [INFO] [1775418874.313570262] [controller_server]: Passing new path to controller.
[controller_server-1] [INFO] [1775418875.413541572] [controller_server]: Passing new path to controller.
[controller_server-1] [INFO] [1775418876.613564808] [controller_server]: Passing new path to controller.
[controller_server-1] [INFO] [1775418877.713557706] [controller_server]: Passing new path to controller.
[controller_server-1] [INFO] [1775418878.913544531] [controller_server]: Passing new path to controller.
[controller_server-1] [WARN] [1775418880.082809999] [controller_server]: Control loop missed its desired rate of 10.0000Hz
[controller_server-1] [INFO] [1775418880.084702340] [controller_server]: Passing new path to controller.
[controller_server-1] [WARN] [1775418880.159334115] [controller_server]: Control loop missed its desired rate of 10.0000Hz
[controller_server-1] [WARN] [1775418880.219278978] [controller_server]: Control loop missed its desired rate of 10.0000Hz
[controller_server-1] [INFO] [1775418881.213561099] [controller_server]: Passing new path to controller.
[controller_server-1] [INFO] [1775418882.413549198] [controller_server]: Passing new path to controller.
[controller_server-1] [INFO] [1775418883.513561371] [controller_server]: Passing new path to controller.
[controller_server-1] [INFO] [1775418884.713555911] [controller_server]: Passing new path to controller.
[controller_server-1] [INFO] [1775418885.813565772] [controller_server]: Passing new path to controller.
[controller_server-1] [INFO] [1775418887.013550403] [controller_server]: Passing new path to controller.
[controller_server-1] [INFO] [1775418888.113557627] [controller_server]: Passing new path to controller.
[controller_server-1] [INFO] [1775418889.313556306] [controller_server]: Passing new path to controller.
[controller_server-1] [INFO] [1775418890.413561765] [controller_server]: Passing new path to controller.
[controller_server-1] [INFO] [1775418891.613544747] [controller_server]: Passing new path to controller.
[controller_server-1] [INFO] [1775418892.713574554] [controller_server]: Passing new path to controller.
[controller_server-1] [INFO] [1775418893.913550896] [controller_server]: Passing new path to controller.
[controller_server-1] [INFO] [1775418895.013566748] [controller_server]: Passing new path to controller.
[controller_server-1] [INFO] [1775418896.213567095] [controller_server]: Passing new path to controller.
[controller_server-1] [INFO] [1775418897.313566717] [controller_server]: Passing new path to controller.
[controller_server-1] [INFO] [1775418898.513565323] [controller_server]: Passing new path to controller.
[controller_server-1] [INFO] [1775418899.613565425] [controller_server]: Passing new path to controller.
[controller_server-1] [INFO] [1775418900.813564884] [controller_server]: Passing new path to controller.
[controller_server-1] [INFO] [1775418901.913549532] [controller_server]: Passing new path to controller.
[controller_server-1] [INFO] [1775418903.113554447] [controller_server]: Passing new path to controller.
[controller_server-1] [INFO] [1775418904.213550324] [controller_server]: Passing new path to controller.
[controller_server-1] [INFO] [1775418905.413571994] [controller_server]: Passing new path to controller.
[controller_server-1] [INFO] [1775418906.513569476] [controller_server]: Passing new path to controller.
[controller_server-1] [INFO] [1775418907.713570050] [controller_server]: Passing new path to controller.
[controller_server-1] [INFO] [1775418908.813566835] [controller_server]: Passing new path to controller.
[controller_server-1] [INFO] [1775418910.013570796] [controller_server]: Passing new path to controller.
[controller_server-1] [INFO] [1775418911.113554782] [controller_server]: Passing new path to controller.
[controller_server-1] [INFO] [1775418912.313566824] [controller_server]: Passing new path to controller.
[controller_server-1] [INFO] [1775418913.413570532] [controller_server]: Passing new path to controller.
[controller_server-1] [INFO] [1775418914.613561579] [controller_server]: Passing new path to controller.
[controller_server-1] [INFO] [1775418915.713557521] [controller_server]: Passing new path to controller.
[controller_server-1] [INFO] [1775418916.913561527] [controller_server]: Passing new path to controller.
[controller_server-1] [INFO] [1775418918.013588234] [controller_server]: Passing new path to controller.
[controller_server-1] [INFO] [1775418919.213565060] [controller_server]: Passing new path to controller.
[controller_server-1] [INFO] [1775418920.313551261] [controller_server]: Passing new path to controller.
[controller_server-1] [INFO] [1775418921.513569499] [controller_server]: Passing new path to controller.
[controller_server-1] [INFO] [1775418922.613571907] [controller_server]: Passing new path to controller.
[controller_server-1] [INFO] [1775418923.813568483] [controller_server]: Passing new path to controller.
[controller_server-1] [INFO] [1775418924.913562363] [controller_server]: Passing new path to controller.
[controller_server-1] [INFO] [1775418926.113564794] [controller_server]: Passing new path to controller.
[controller_server-1] [INFO] [1775418927.213556125] [controller_server]: Passing new path to controller.
[controller_server-1] [INFO] [1775418928.413567326] [controller_server]: Passing new path to controller.
[controller_server-1] [INFO] [1775418928.913565702] [controller_server]: Goal was canceled. Stopping the robot.
[controller_server-1] [INFO] [1775418928.913719562] [controller_server]: [follow_path] [ActionServer] Client requested to cancel the goal. Cancelling.
[bt_navigator-5] [INFO] [1775418928.914369082] [bt_navigator]: [navigate_to_pose] [ActionServer] Client requested to cancel the goal. Cancelling.
[bt_navigator-5] [INFO] [1775418928.915063436] [bt_navigator]: Goal canceled
[bt_navigator-5] [INFO] [1775418931.823487741] [bt_navigator]: Begin navigating from current location (0.11, 0.03) to (2.52, 3.04)
[controller_server-1] [INFO] [1775418931.925708134] [controller_server]: Received a goal, begin computing control effort.
[controller_server-1] [INFO] [1775418933.126363290] [controller_server]: Passing new path to controller.
[controller_server-1] [INFO] [1775418934.226354668] [controller_server]: Passing new path to controller.
[controller_server-1] [INFO] [1775418935.426351990] [controller_server]: Passing new path to controller.
[controller_server-1] [INFO] [1775418936.526348670] [controller_server]: Passing new path to controller.
[controller_server-1] [INFO] [1775418937.726343092] [controller_server]: Passing new path to controller.
[controller_server-1] [INFO] [1775418938.826334228] [controller_server]: Passing new path to controller.
[controller_server-1] [INFO] [1775418940.026355222] [controller_server]: Passing new path to controller.
[controller_server-1] [INFO] [1775418941.126338505] [controller_server]: Passing new path to controller.
[controller_server-1] [INFO] [1775418942.326344272] [controller_server]: Passing new path to controller.
[controller_server-1] [INFO] [1775418943.426345436] [controller_server]: Passing new path to controller.
[controller_server-1] [INFO] [1775418944.626350003] [controller_server]: Passing new path to controller.
[controller_server-1] [INFO] [1775418945.726353947] [controller_server]: Passing new path to controller.
[controller_server-1] [INFO] [1775418946.926334722] [controller_server]: Passing new path to controller.
[controller_server-1] [INFO] [1775418948.026342789] [controller_server]: Passing new path to controller.
[controller_server-1] [INFO] [1775418949.226344213] [controller_server]: Passing new path to controller.
[controller_server-1] [INFO] [1775418950.326336689] [controller_server]: Passing new path to controller.
[controller_server-1] [INFO] [1775418951.526339476] [controller_server]: Passing new path to controller.
[controller_server-1] [INFO] [1775418952.626385008] [controller_server]: Passing new path to controller.
[controller_server-1] [INFO] [1775418953.826351111] [controller_server]: Passing new path to controller.
[controller_server-1] [INFO] [1775418954.926342529] [controller_server]: Passing new path to controller.
[controller_server-1] [INFO] [1775418956.126347913] [controller_server]: Passing new path to controller.
[controller_server-1] [INFO] [1775418957.226347231] [controller_server]: Passing new path to controller.
[controller_server-1] [INFO] [1775418958.426345755] [controller_server]: Passing new path to controller.
[controller_server-1] [INFO] [1775418959.526353363] [controller_server]: Passing new path to controller.
[controller_server-1] [INFO] [1775418960.726346727] [controller_server]: Passing new path to controller.
[controller_server-1] [INFO] [1775418961.826342082] [controller_server]: Passing new path to controller.
[controller_server-1] [INFO] [1775418963.026337903] [controller_server]: Passing new path to controller.
[controller_server-1] [INFO] [1775418964.126351658] [controller_server]: Passing new path to controller.
[controller_server-1] [INFO] [1775418965.326322152] [controller_server]: Passing new path to controller.
[controller_server-1] [INFO] [1775418966.426327432] [controller_server]: Passing new path to controller.
