[INFO] [launch]: All log files can be found below /home/jetson/.ros/log/2026-04-07-06-01-31-428442-chandan-5152
[INFO] [launch]: Default logging verbosity is set to INFO
[INFO] [map_server-1]: process started with pid [5156]
[INFO] [amcl-2]: process started with pid [5158]
[INFO] [lifecycle_manager-3]: process started with pid [5160]
[lifecycle_manager-3] [INFO] [1775512891.840807005] [lifecycle_manager_localization]: Creating
[lifecycle_manager-3] [INFO] [1775512891.847312107] [lifecycle_manager_localization]: [34m[1mCreating and initializing lifecycle service clients[0m[0m
[lifecycle_manager-3] [INFO] [1775512891.874371742] [lifecycle_manager_localization]: [34m[1mStarting managed nodes bringup...[0m[0m
[lifecycle_manager-3] [INFO] [1775512891.874477825] [lifecycle_manager_localization]: [34m[1mConfiguring map_server[0m[0m
[amcl-2] [INFO] [1775512891.880426496] [amcl]: 
[amcl-2] 	amcl lifecycle node launched. 
[amcl-2] 	Waiting on external lifecycle transitions to activate
[amcl-2] 	See https://design.ros2.org/articles/node_lifecycle.html for more information.
[amcl-2] [INFO] [1775512891.881814021] [amcl]: Creating
[map_server-1] [INFO] [1775512891.904484676] [map_server]: 
[map_server-1] 	map_server lifecycle node launched. 
[map_server-1] 	Waiting on external lifecycle transitions to activate
[map_server-1] 	See https://design.ros2.org/articles/node_lifecycle.html for more information.
[map_server-1] [INFO] [1775512891.904876302] [map_server]: Creating
[amcl-2] [WARN] [1775513740.942757339] [amcl.rclcpp]: failed to send response to /amcl/get_state (timeout): client will not receive response, at ./src/rmw_response.cpp:154, at ./src/rcl/service.c:314
[amcl-2] [WARN] [1775513820.734168059] [amcl.rclcpp]: failed to send response to /amcl/get_state (timeout): client will not receive response, at ./src/rmw_response.cpp:154, at ./src/rcl/service.c:314
[amcl-2] [WARN] [1775513841.669596820] [amcl.rclcpp]: failed to send response to /amcl/get_state (timeout): client will not receive response, at ./src/rmw_response.cpp:154, at ./src/rcl/service.c:314
[map_server-1] [WARN] [1775513928.476955798] [map_server.rclcpp]: failed to send response to /map_server/get_state (timeout): client will not receive response, at ./src/rmw_response.cpp:154, at ./src/rcl/service.c:314
[amcl-2] [WARN] [1775514001.529539997] [amcl.rclcpp]: failed to send response to /amcl/get_state (timeout): client will not receive response, at ./src/rmw_response.cpp:154, at ./src/rcl/service.c:314
[map_server-1] [WARN] [1775514051.438016779] [map_server.rclcpp]: failed to send response to /map_server/get_state (timeout): client will not receive response, at ./src/rmw_response.cpp:154, at ./src/rcl/service.c:314
[map_server-1] [WARN] [1775514185.927930857] [map_server.rclcpp]: failed to send response to /map_server/get_state (timeout): client will not receive response, at ./src/rmw_response.cpp:154, at ./src/rcl/service.c:314
[map_server-1] [WARN] [1775514224.567973230] [map_server.rclcpp]: failed to send response to /map_server/get_state (timeout): client will not receive response, at ./src/rmw_response.cpp:154, at ./src/rcl/service.c:314
[map_server-1] [WARN] [1775514271.346035580] [map_server.rclcpp]: failed to send response to /map_server/get_state (timeout): client will not receive response, at ./src/rmw_response.cpp:154, at ./src/rcl/service.c:314
[map_server-1] [WARN] [1775514280.840921541] [map_server.rclcpp]: failed to send response to /map_server/get_state (timeout): client will not receive response, at ./src/rmw_response.cpp:154, at ./src/rcl/service.c:314
[map_server-1] [WARN] [1775514320.138049960] [map_server.rclcpp]: failed to send response to /map_server/get_state (timeout): client will not receive response, at ./src/rmw_response.cpp:154, at ./src/rcl/service.c:314
[map_server-1] [WARN] [1775514450.343158065] [map_server.rclcpp]: failed to send response to /map_server/get_state (timeout): client will not receive response, at ./src/rmw_response.cpp:154, at ./src/rcl/service.c:314
[map_server-1] [WARN] [1775514673.881883661] [map_server.rclcpp]: failed to send response to /map_server/get_state (timeout): client will not receive response, at ./src/rmw_response.cpp:154, at ./src/rcl/service.c:314
