[INFO] [launch]: All log files can be found below /home/jetson/.ros/log/2026-04-06-04-40-26-521076-chandan-30248
[INFO] [launch]: Default logging verbosity is set to INFO
[INFO] [map_server-1]: process started with pid [30258]
[INFO] [amcl-2]: process started with pid [30260]
[INFO] [lifecycle_manager-3]: process started with pid [30262]
[lifecycle_manager-3] [INFO] [1775421626.953826247] [lifecycle_manager_localization]: Creating
[amcl-2] [INFO] [1775421626.968170761] [amcl]: 
[amcl-2] 	amcl lifecycle node launched. 
[amcl-2] 	Waiting on external lifecycle transitions to activate
[amcl-2] 	See https://design.ros2.org/articles/node_lifecycle.html for more information.
[amcl-2] [INFO] [1775421626.969292573] [amcl]: Creating
[lifecycle_manager-3] [INFO] [1775421626.973696365] [lifecycle_manager_localization]: [34m[1mCreating and initializing lifecycle service clients[0m[0m
[map_server-1] [INFO] [1775421626.991291177] [map_server]: 
[map_server-1] 	map_server lifecycle node launched. 
[map_server-1] 	Waiting on external lifecycle transitions to activate
[map_server-1] 	See https://design.ros2.org/articles/node_lifecycle.html for more information.
[map_server-1] [INFO] [1775421626.991652912] [map_server]: Creating
[lifecycle_manager-3] [INFO] [1775421627.990756865] [lifecycle_manager_localization]: [34m[1mStarting managed nodes bringup...[0m[0m
[lifecycle_manager-3] [INFO] [1775421627.990884868] [lifecycle_manager_localization]: [34m[1mConfiguring map_server[0m[0m
[map_server-1] [INFO] [1775421627.991651089] [map_server]: Configuring
[map_server-1] [INFO] [1775421627.991837013] [map_io]: Loading yaml file: /home/jetson/formica_map.yaml
[map_server-1] [INFO] [1775421627.992523073] [map_io]: resolution: 0.05
[map_server-1] [INFO] [1775421627.992554338] [map_io]: origin[0]: -5.9
[map_server-1] [INFO] [1775421627.992565666] [map_io]: origin[1]: -2.99
[map_server-1] [INFO] [1775421627.992574050] [map_io]: origin[2]: 0
[map_server-1] [INFO] [1775421627.992582818] [map_io]: free_thresh: 0.25
[map_server-1] [INFO] [1775421627.992592098] [map_io]: occupied_thresh: 0.65
[map_server-1] [INFO] [1775421627.992602243] [map_io]: mode: trinary
[map_server-1] [INFO] [1775421627.992613411] [map_io]: negate: 0
[map_server-1] [INFO] [1775421627.993027786] [map_io]: Loading image_file: /home/jetson/formica_map.pgm
[map_server-1] [INFO] [1775421628.001024506] [map_io]: Read map /home/jetson/formica_map.pgm: 185 X 172 map @ 0.05 m/cell
[lifecycle_manager-3] [INFO] [1775421628.012109505] [lifecycle_manager_localization]: [34m[1mConfiguring amcl[0m[0m
[amcl-2] [INFO] [1775421628.012805838] [amcl]: Configuring
[amcl-2] [INFO] [1775421628.013087187] [amcl]: initTransforms
[amcl-2] [INFO] [1775421628.034021835] [amcl]: initPubSub
[amcl-2] [INFO] [1775421628.042243583] [amcl]: Subscribed to map topic.
[lifecycle_manager-3] [INFO] [1775421628.050546645] [lifecycle_manager_localization]: [34m[1mActivating map_server[0m[0m
[map_server-1] [INFO] [1775421628.050892315] [map_server]: Activating
[map_server-1] [INFO] [1775421628.051249473] [map_server]: Creating bond (map_server) to lifecycle manager.
[amcl-2] [INFO] [1775421628.051564839] [amcl]: Received a 185 X 172 map @ 0.050 m/pix
[lifecycle_manager-3] [INFO] [1775421628.159191766] [lifecycle_manager_localization]: Server map_server connected with bond.
[lifecycle_manager-3] [INFO] [1775421628.159309017] [lifecycle_manager_localization]: [34m[1mActivating amcl[0m[0m
[amcl-2] [INFO] [1775421628.160082791] [amcl]: Activating
[amcl-2] [INFO] [1775421628.160205481] [amcl]: Creating bond (amcl) to lifecycle manager.
[lifecycle_manager-3] [INFO] [1775421628.272109317] [lifecycle_manager_localization]: Server amcl connected with bond.
[lifecycle_manager-3] [INFO] [1775421628.272248392] [lifecycle_manager_localization]: [34m[1mManaged nodes are active[0m[0m
[lifecycle_manager-3] [INFO] [1775421628.272301417] [lifecycle_manager_localization]: [34m[1mCreating bond timer...[0m[0m
[amcl-2] [INFO] [1775421628.286083552] [amcl]: createLaserObject
[amcl-2] [INFO] [1775421629.151542156] [amcl]: Message Filter dropping message: frame 'laser' at time 1775421628.016 for reason 'the timestamp on the message is earlier than all the data in the transform cache'
[amcl-2] [WARN] [1775421630.054313717] [amcl]: AMCL cannot publish a pose or update the transform. Please set the initial pose...
[amcl-2] [WARN] [1775421632.105370848] [amcl]: AMCL cannot publish a pose or update the transform. Please set the initial pose...
[amcl-2] [WARN] [1775421634.156848584] [amcl]: AMCL cannot publish a pose or update the transform. Please set the initial pose...
[amcl-2] [WARN] [1775421636.207849471] [amcl]: AMCL cannot publish a pose or update the transform. Please set the initial pose...
[amcl-2] [WARN] [1775421638.246415949] [amcl]: AMCL cannot publish a pose or update the transform. Please set the initial pose...
[amcl-2] [WARN] [1775421640.297908347] [amcl]: AMCL cannot publish a pose or update the transform. Please set the initial pose...
[amcl-2] [WARN] [1775421642.336463447] [amcl]: AMCL cannot publish a pose or update the transform. Please set the initial pose...
[amcl-2] [WARN] [1775421644.387456074] [amcl]: AMCL cannot publish a pose or update the transform. Please set the initial pose...
[amcl-2] [WARN] [1775421646.438699512] [amcl]: AMCL cannot publish a pose or update the transform. Please set the initial pose...
[amcl-2] [WARN] [1775421648.477968486] [amcl]: AMCL cannot publish a pose or update the transform. Please set the initial pose...
[amcl-2] [WARN] [1775421650.529133857] [amcl]: AMCL cannot publish a pose or update the transform. Please set the initial pose...
[amcl-2] [WARN] [1775421652.567568943] [amcl]: AMCL cannot publish a pose or update the transform. Please set the initial pose...
[amcl-2] [INFO] [1775421654.508174299] [amcl]: initialPoseReceived
[amcl-2] [WARN] [1775421654.508521153] [amcl]: Failed to transform initial pose in time (Lookup would require extrapolation into the future.  Requested time 1775421654.508339 but the latest data is at time 1775421654.463143, when looking up transform from frame [base_footprint] to frame [odom])
[amcl-2] [INFO] [1775421654.508595010] [amcl]: Setting pose (1775421654.508592): 0.000 0.000 0.000
[map_server-1] [INFO] [1775421910.550049461] [rclcpp]: signal_handler(SIGINT/SIGTERM)
[map_server-1] [INFO] [1775421910.550162969] [map_server]: Running Nav2 LifecycleNode rcl preshutdown (map_server)
[map_server-1] [INFO] [1775421910.550270396] [map_server]: Deactivating
[map_server-1] [INFO] [1775421910.550299517] [map_server]: Destroying bond (map_server) to lifecycle manager.
[lifecycle_manager-3] [INFO] [1775421910.550505220] [rclcpp]: signal_handler(SIGINT/SIGTERM)
[lifecycle_manager-3] [INFO] [1775421910.550608872] [lifecycle_manager_localization]: Running Nav2 LifecycleManager rcl preshutdown (lifecycle_manager_localization)
[lifecycle_manager-3] [INFO] [1775421910.550664586] [lifecycle_manager_localization]: [34m[1mTerminating bond timer...[0m[0m
[amcl-2] [INFO] [1775421910.551519495] [rclcpp]: signal_handler(SIGINT/SIGTERM)
[amcl-2] [INFO] [1775421910.551621450] [amcl]: Running Nav2 LifecycleNode rcl preshutdown (amcl)
[amcl-2] [INFO] [1775421910.551709293] [amcl]: Deactivating
[amcl-2] [INFO] [1775421910.551748238] [amcl]: Destroying bond (amcl) to lifecycle manager.
[amcl-2] [INFO] [1775421910.563073356] [amcl]: Cleaning up
[map_server-1] [INFO] [1775421910.563352470] [map_server]: Cleaning up
[map_server-1] [INFO] [1775421910.563463545] [map_server]: Destroying bond (map_server) to lifecycle manager.
[map_server-1] [INFO] [1775421910.643107928] [map_server]: Destroying
[lifecycle_manager-3] [INFO] [1775421910.678320123] [lifecycle_manager_localization]: Destroying lifecycle_manager_localization
[amcl-2] [INFO] [1775421910.695500447] [amcl]: Destroying bond (amcl) to lifecycle manager.
[amcl-2] [INFO] [1775421910.721406377] [amcl]: Destroying
[INFO] [lifecycle_manager-3]: process has finished cleanly [pid 30262]
[INFO] [amcl-2]: process has finished cleanly [pid 30260]
[INFO] [map_server-1]: process has finished cleanly [pid 30258]
