[INFO] [launch]: All log files can be found below /home/jetson/.ros/log/2026-04-04-02-36-01-766942-chandan-22332
[INFO] [launch]: Default logging verbosity is set to INFO
[INFO] [map_server-1]: process started with pid [22334]
[INFO] [amcl-2]: process started with pid [22336]
[INFO] [lifecycle_manager-3]: process started with pid [22338]
[amcl-2] [INFO] [1775241362.377786441] [amcl]: 
[amcl-2] 	amcl lifecycle node launched. 
[amcl-2] 	Waiting on external lifecycle transitions to activate
[amcl-2] 	See https://design.ros2.org/articles/node_lifecycle.html for more information.
[amcl-2] [INFO] [1775241362.384240520] [amcl]: Creating
[lifecycle_manager-3] [INFO] [1775241362.404578241] [lifecycle_manager_localization]: Creating
[lifecycle_manager-3] [INFO] [1775241362.607846043] [lifecycle_manager_localization]: [34m[1mCreating and initializing lifecycle service clients[0m[0m
[map_server-1] [INFO] [1775241362.874762734] [map_server]: 
[map_server-1] 	map_server lifecycle node launched. 
[map_server-1] 	Waiting on external lifecycle transitions to activate
[map_server-1] 	See https://design.ros2.org/articles/node_lifecycle.html for more information.
[map_server-1] [INFO] [1775241362.875357632] [map_server]: Creating
[lifecycle_manager-3] [INFO] [1775241363.124400545] [lifecycle_manager_localization]: [34m[1mStarting managed nodes bringup...[0m[0m
[lifecycle_manager-3] [INFO] [1775241363.124532101] [lifecycle_manager_localization]: [34m[1mConfiguring map_server[0m[0m
[map_server-1] [INFO] [1775241363.533483129] [map_server]: Configuring
[map_server-1] [INFO] [1775241363.533714848] [map_io]: Loading yaml file: /home/jetson/formica_map.yaml
[map_server-1] [INFO] [1775241363.535069480] [map_io]: resolution: 0.05
[map_server-1] [INFO] [1775241363.535121353] [map_io]: origin[0]: -5.9
[map_server-1] [INFO] [1775241363.535142186] [map_io]: origin[1]: -2.99
[map_server-1] [INFO] [1775241363.535157482] [map_io]: origin[2]: 0
[map_server-1] [INFO] [1775241363.535171979] [map_io]: free_thresh: 0.25
[map_server-1] [INFO] [1775241363.535185963] [map_io]: occupied_thresh: 0.65
[map_server-1] [INFO] [1775241363.535202060] [map_io]: mode: trinary
[map_server-1] [INFO] [1775241363.535218284] [map_io]: negate: 0
[map_server-1] [INFO] [1775241363.535798397] [map_io]: Loading image_file: /home/jetson/formica_map.pgm
[map_server-1] [INFO] [1775241363.575370767] [map_io]: Read map /home/jetson/formica_map.pgm: 185 X 172 map @ 0.05 m/cell
[lifecycle_manager-3] [INFO] [1775241363.651298226] [lifecycle_manager_localization]: [34m[1mConfiguring amcl[0m[0m
[amcl-2] [INFO] [1775241363.654762009] [amcl]: Configuring
[amcl-2] [INFO] [1775241363.655010688] [amcl]: initTransforms
[amcl-2] [INFO] [1775241363.689643007] [amcl]: initPubSub
[amcl-2] [INFO] [1775241363.707174981] [amcl]: Subscribed to map topic.
[lifecycle_manager-3] [INFO] [1775241363.723134589] [lifecycle_manager_localization]: [34m[1mActivating map_server[0m[0m
[map_server-1] [INFO] [1775241363.723530569] [map_server]: Activating
[map_server-1] [INFO] [1775241363.723902260] [map_server]: Creating bond (map_server) to lifecycle manager.
[amcl-2] [INFO] [1775241363.724152187] [amcl]: Received a 185 X 172 map @ 0.050 m/pix
[lifecycle_manager-3] [INFO] [1775241363.839978745] [lifecycle_manager_localization]: Server map_server connected with bond.
[lifecycle_manager-3] [INFO] [1775241363.840104125] [lifecycle_manager_localization]: [34m[1mActivating amcl[0m[0m
[amcl-2] [INFO] [1775241363.841400260] [amcl]: Activating
[amcl-2] [INFO] [1775241363.841504391] [amcl]: Creating bond (amcl) to lifecycle manager.
[amcl-2] [INFO] [1775241363.879251650] [amcl]: initialPoseReceived
[amcl-2] [INFO] [1775241363.879644942] [amcl]: Setting pose (1775241363.879642): 0.000 0.000 0.000
[amcl-2] [INFO] [1775241363.953324239] [amcl]: createLaserObject
[lifecycle_manager-3] [INFO] [1775241363.954160583] [lifecycle_manager_localization]: Server amcl connected with bond.
[lifecycle_manager-3] [INFO] [1775241363.954288363] [lifecycle_manager_localization]: [34m[1mManaged nodes are active[0m[0m
[lifecycle_manager-3] [INFO] [1775241363.954333805] [lifecycle_manager_localization]: [34m[1mCreating bond timer...[0m[0m
[amcl-2] [INFO] [1775241364.818613250] [amcl]: Message Filter dropping message: frame 'laser' at time 1775241363.682 for reason 'the timestamp on the message is earlier than all the data in the transform cache'
[amcl-2] [INFO] [1775241375.149173016] [amcl]: initialPoseReceived
[amcl-2] [WARN] [1775241375.149388959] [amcl]: Failed to transform initial pose in time (Lookup would require extrapolation into the future.  Requested time 1775241375.149295 but the latest data is at time 1775241375.101121, when looking up transform from frame [base_footprint] to frame [odom])
[amcl-2] [INFO] [1775241375.149422303] [amcl]: Setting pose (1775241375.149421): 0.000 0.000 0.000
