[INFO] [launch]: All log files can be found below /home/jetson/.ros/log/2026-04-06-02-53-07-157208-chandan-52504
[INFO] [launch]: Default logging verbosity is set to INFO
[INFO] [controller_server-1]: process started with pid [52506]
[INFO] [smoother_server-2]: process started with pid [52508]
[INFO] [planner_server-3]: process started with pid [52510]
[INFO] [behavior_server-4]: process started with pid [52512]
[INFO] [bt_navigator-5]: process started with pid [52514]
[INFO] [waypoint_follower-6]: process started with pid [52516]
[INFO] [velocity_smoother-7]: process started with pid [52518]
[INFO] [lifecycle_manager-8]: process started with pid [52538]
[smoother_server-2] [INFO] [1775415187.633660408] [smoother_server]: 
[smoother_server-2] 	smoother_server lifecycle node launched. 
[smoother_server-2] 	Waiting on external lifecycle transitions to activate
[smoother_server-2] 	See https://design.ros2.org/articles/node_lifecycle.html for more information.
[smoother_server-2] [INFO] [1775415187.652066175] [smoother_server]: Creating smoother server
[waypoint_follower-6] [INFO] [1775415187.769349091] [waypoint_follower]: 
[waypoint_follower-6] 	waypoint_follower lifecycle node launched. 
[waypoint_follower-6] 	Waiting on external lifecycle transitions to activate
[waypoint_follower-6] 	See https://design.ros2.org/articles/node_lifecycle.html for more information.
[waypoint_follower-6] [INFO] [1775415187.770627180] [waypoint_follower]: Creating
[controller_server-1] [INFO] [1775415187.850190373] [controller_server]: 
[controller_server-1] 	controller_server lifecycle node launched. 
[controller_server-1] 	Waiting on external lifecycle transitions to activate
[controller_server-1] 	See https://design.ros2.org/articles/node_lifecycle.html for more information.
[controller_server-1] [INFO] [1775415187.864370310] [controller_server]: Creating controller server
[controller_server-1] [INFO] [1775415187.871594859] [local_costmap.local_costmap]: 
[controller_server-1] 	local_costmap lifecycle node launched. 
[controller_server-1] 	Waiting on external lifecycle transitions to activate
[controller_server-1] 	See https://design.ros2.org/articles/node_lifecycle.html for more information.
[controller_server-1] [INFO] [1775415187.874513383] [local_costmap.local_costmap]: Creating Costmap
[lifecycle_manager-8] [INFO] [1775415188.077465574] [lifecycle_manager_navigation]: Creating
[velocity_smoother-7] [INFO] [1775415188.108828904] [velocity_smoother]: 
[velocity_smoother-7] 	velocity_smoother lifecycle node launched. 
[velocity_smoother-7] 	Waiting on external lifecycle transitions to activate
[velocity_smoother-7] 	See https://design.ros2.org/articles/node_lifecycle.html for more information.
[lifecycle_manager-8] [INFO] [1775415188.226239856] [lifecycle_manager_navigation]: [34m[1mCreating and initializing lifecycle service clients[0m[0m
[planner_server-3] [INFO] [1775415188.452375310] [planner_server]: 
[planner_server-3] 	planner_server lifecycle node launched. 
[planner_server-3] 	Waiting on external lifecycle transitions to activate
[planner_server-3] 	See https://design.ros2.org/articles/node_lifecycle.html for more information.
[behavior_server-4] [INFO] [1775415188.454083876] [behavior_server]: 
[behavior_server-4] 	behavior_server lifecycle node launched. 
[behavior_server-4] 	Waiting on external lifecycle transitions to activate
[behavior_server-4] 	See https://design.ros2.org/articles/node_lifecycle.html for more information.
[planner_server-3] [INFO] [1775415188.525468186] [planner_server]: Creating
[planner_server-3] [INFO] [1775415188.989778706] [global_costmap.global_costmap]: 
[planner_server-3] 	global_costmap lifecycle node launched. 
[planner_server-3] 	Waiting on external lifecycle transitions to activate
[planner_server-3] 	See https://design.ros2.org/articles/node_lifecycle.html for more information.
[planner_server-3] [INFO] [1775415188.990922903] [global_costmap.global_costmap]: Creating Costmap
[bt_navigator-5] [INFO] [1775415189.650762180] [bt_navigator]: 
[bt_navigator-5] 	bt_navigator lifecycle node launched. 
[bt_navigator-5] 	Waiting on external lifecycle transitions to activate
[bt_navigator-5] 	See https://design.ros2.org/articles/node_lifecycle.html for more information.
[bt_navigator-5] [INFO] [1775415189.651169841] [bt_navigator]: Creating
[lifecycle_manager-8] [INFO] [1775415190.385349108] [lifecycle_manager_navigation]: Waiting for service controller_server/get_state...
[lifecycle_manager-8] [INFO] [1775415192.385937251] [lifecycle_manager_navigation]: Waiting for service controller_server/get_state...
[lifecycle_manager-8] [INFO] [1775415194.426534610] [lifecycle_manager_navigation]: [34m[1mStarting managed nodes bringup...[0m[0m
[lifecycle_manager-8] [INFO] [1775415194.426685814] [lifecycle_manager_navigation]: [34m[1mConfiguring controller_server[0m[0m
[controller_server-1] [INFO] [1775415194.428046274] [controller_server]: Configuring controller interface
[controller_server-1] [INFO] [1775415194.428752312] [controller_server]: getting goal checker plugins..
[controller_server-1] [INFO] [1775415194.429549105] [controller_server]: Controller frequency set to 10.0000Hz
[controller_server-1] [INFO] [1775415194.429658101] [local_costmap.local_costmap]: Configuring
[controller_server-1] [INFO] [1775415194.656440042] [local_costmap.local_costmap]: Using plugin "obstacle_layer"
[controller_server-1] [INFO] [1775415194.727479030] [local_costmap.local_costmap]: Subscribed to Topics: scan
[controller_server-1] [INFO] [1775415194.846614679] [local_costmap.local_costmap]: Initialized plugin "obstacle_layer"
[controller_server-1] [INFO] [1775415194.846725019] [local_costmap.local_costmap]: Using plugin "inflation_layer"
[controller_server-1] [INFO] [1775415194.878770835] [local_costmap.local_costmap]: Initialized plugin "inflation_layer"
[controller_server-1] [INFO] [1775415195.007059734] [controller_server]: Created progress_checker : progress_checker of type nav2_controller::SimpleProgressChecker
[controller_server-1] [INFO] [1775415195.018445823] [controller_server]: Created goal checker : goal_checker of type nav2_controller::SimpleGoalChecker
[controller_server-1] [INFO] [1775415195.034601087] [controller_server]: Controller Server has goal_checker  goal checkers available.
[controller_server-1] [INFO] [1775415195.040004458] [controller_server]: Created controller : FollowPath of type dwb_core::DWBLocalPlanner
[controller_server-1] [INFO] [1775415195.091123711] [controller_server]: Setting transform_tolerance to 0.200000
[controller_server-1] [INFO] [1775415195.257805924] [controller_server]: Using critic "RotateToGoal" (dwb_critics::RotateToGoalCritic)
[controller_server-1] [INFO] [1775415195.279158825] [controller_server]: Critic plugin initialized
[controller_server-1] [INFO] [1775415195.284096421] [controller_server]: Using critic "Oscillation" (dwb_critics::OscillationCritic)
[controller_server-1] [INFO] [1775415195.295698421] [controller_server]: Critic plugin initialized
[controller_server-1] [INFO] [1775415195.297254150] [controller_server]: Using critic "BaseObstacle" (dwb_critics::BaseObstacleCritic)
[controller_server-1] [INFO] [1775415195.299847161] [controller_server]: Critic plugin initialized
[controller_server-1] [INFO] [1775415195.301080672] [controller_server]: Using critic "GoalAlign" (dwb_critics::GoalAlignCritic)
[controller_server-1] [INFO] [1775415195.305279685] [controller_server]: Critic plugin initialized
[controller_server-1] [INFO] [1775415195.306889912] [controller_server]: Using critic "PathAlign" (dwb_critics::PathAlignCritic)
[controller_server-1] [INFO] [1775415195.310768755] [controller_server]: Critic plugin initialized
[controller_server-1] [INFO] [1775415195.312024635] [controller_server]: Using critic "PathDist" (dwb_critics::PathDistCritic)
[controller_server-1] [INFO] [1775415195.315787826] [controller_server]: Critic plugin initialized
[controller_server-1] [INFO] [1775415195.316836499] [controller_server]: Using critic "GoalDist" (dwb_critics::GoalDistCritic)
[controller_server-1] [INFO] [1775415195.319216767] [controller_server]: Critic plugin initialized
[controller_server-1] [INFO] [1775415195.319313986] [controller_server]: Controller Server has FollowPath  controllers available.
[lifecycle_manager-8] [INFO] [1775415195.427000440] [lifecycle_manager_navigation]: [34m[1mConfiguring smoother_server[0m[0m
[smoother_server-2] [INFO] [1775415195.427601355] [smoother_server]: Configuring smoother server
[smoother_server-2] [INFO] [1775415195.507278633] [smoother_server]: Created smoother : simple_smoother of type nav2_smoother::SimpleSmoother
[smoother_server-2] [INFO] [1775415195.512961405] [smoother_server]: Smoother Server has simple_smoother  smoothers available.
[lifecycle_manager-8] [INFO] [1775415195.579615967] [lifecycle_manager_navigation]: [34m[1mConfiguring planner_server[0m[0m
[planner_server-3] [INFO] [1775415195.580243667] [planner_server]: Configuring
[planner_server-3] [INFO] [1775415195.580345110] [global_costmap.global_costmap]: Configuring
[planner_server-3] [INFO] [1775415195.622411563] [global_costmap.global_costmap]: Using plugin "static_layer"
[planner_server-3] [INFO] [1775415195.633172897] [global_costmap.global_costmap]: Subscribing to the map topic (/map) with transient local durability
[planner_server-3] [INFO] [1775415195.639982041] [global_costmap.global_costmap]: Initialized plugin "static_layer"
[planner_server-3] [INFO] [1775415195.709202059] [planner_server]: Created global planner plugin GridBased of type nav2_navfn_planner/NavfnPlanner
[planner_server-3] [INFO] [1775415195.709410482] [planner_server]: Configuring plugin GridBased of type NavfnPlanner
[planner_server-3] [INFO] [1775415195.712551893] [planner_server]: Planner Server has GridBased  planners available.
[planner_server-3] [INFO] [1775415195.714221162] [global_costmap.global_costmap]: StaticLayer: Resizing costmap to 185 X 172 at 0.050000 m/pix
[lifecycle_manager-8] [INFO] [1775415195.773726377] [lifecycle_manager_navigation]: [34m[1mConfiguring behavior_server[0m[0m
[behavior_server-4] [INFO] [1775415195.774497825] [behavior_server]: Configuring
[behavior_server-4] [INFO] [1775415195.844527854] [behavior_server]: Creating behavior plugin spin of type nav2_behaviors/Spin
[behavior_server-4] [INFO] [1775415195.848394088] [behavior_server]: Configuring spin
[behavior_server-4] [INFO] [1775415195.893766919] [behavior_server]: Creating behavior plugin backup of type nav2_behaviors/BackUp
[behavior_server-4] [INFO] [1775415195.896946636] [behavior_server]: Configuring backup
[behavior_server-4] [INFO] [1775415195.937236361] [behavior_server]: Creating behavior plugin drive_on_heading of type nav2_behaviors/DriveOnHeading
[behavior_server-4] [INFO] [1775415195.940521841] [behavior_server]: Configuring drive_on_heading
[behavior_server-4] [INFO] [1775415195.993239801] [behavior_server]: Creating behavior plugin assisted_teleop of type nav2_behaviors/AssistedTeleop
[behavior_server-4] [INFO] [1775415196.000055761] [behavior_server]: Configuring assisted_teleop
[behavior_server-4] [INFO] [1775415196.065607663] [behavior_server]: Creating behavior plugin wait of type nav2_behaviors/Wait
[behavior_server-4] [INFO] [1775415196.070564396] [behavior_server]: Configuring wait
[lifecycle_manager-8] [INFO] [1775415196.106337915] [lifecycle_manager_navigation]: [34m[1mConfiguring bt_navigator[0m[0m
[bt_navigator-5] [INFO] [1775415196.107206486] [bt_navigator]: Configuring
[lifecycle_manager-8] [INFO] [1775415196.501214531] [lifecycle_manager_navigation]: [34m[1mConfiguring waypoint_follower[0m[0m
[waypoint_follower-6] [INFO] [1775415196.502944922] [waypoint_follower]: Configuring
[waypoint_follower-6] [INFO] [1775415196.612545165] [waypoint_follower]: Created waypoint_task_executor : wait_at_waypoint of type nav2_waypoint_follower::WaitAtWaypoint
[waypoint_follower-6] [INFO] [1775415196.616985274] [waypoint_follower]: Waypoint pause duration is set to zero, disabling task executor plugin.
[lifecycle_manager-8] [INFO] [1775415196.618935032] [lifecycle_manager_navigation]: [34m[1mConfiguring velocity_smoother[0m[0m
[velocity_smoother-7] [INFO] [1775415196.619726577] [velocity_smoother]: Configuring velocity smoother
[lifecycle_manager-8] [INFO] [1775415196.653738375] [lifecycle_manager_navigation]: [34m[1mActivating controller_server[0m[0m
[controller_server-1] [INFO] [1775415196.654307193] [controller_server]: Activating
[controller_server-1] [INFO] [1775415196.654419933] [local_costmap.local_costmap]: Activating
[controller_server-1] [INFO] [1775415196.654455710] [local_costmap.local_costmap]: Checking transform
[controller_server-1] [INFO] [1775415196.654663781] [local_costmap.local_costmap]: start
[controller_server-1] [INFO] [1775415196.860832782] [controller_server]: Creating bond (controller_server) to lifecycle manager.
[lifecycle_manager-8] [INFO] [1775415196.983301209] [lifecycle_manager_navigation]: Server controller_server connected with bond.
[lifecycle_manager-8] [INFO] [1775415196.983448670] [lifecycle_manager_navigation]: [34m[1mActivating smoother_server[0m[0m
[smoother_server-2] [INFO] [1775415196.984835082] [smoother_server]: Activating
[smoother_server-2] [INFO] [1775415196.984976430] [smoother_server]: Creating bond (smoother_server) to lifecycle manager.
[lifecycle_manager-8] [INFO] [1775415197.065021752] [lifecycle_manager_navigation]: Server smoother_server connected with bond.
[lifecycle_manager-8] [INFO] [1775415197.065194142] [lifecycle_manager_navigation]: [34m[1mActivating planner_server[0m[0m
[planner_server-3] [INFO] [1775415197.067008951] [planner_server]: Activating
[planner_server-3] [INFO] [1775415197.067178397] [global_costmap.global_costmap]: Activating
[planner_server-3] [INFO] [1775415197.067232830] [global_costmap.global_costmap]: Checking transform
[planner_server-3] [INFO] [1775415197.067583498] [global_costmap.global_costmap]: start
[planner_server-3] [INFO] [1775415197.117830851] [planner_server]: Activating plugin GridBased of type NavfnPlanner
[planner_server-3] [INFO] [1775415197.128900994] [planner_server]: Creating bond (planner_server) to lifecycle manager.
[lifecycle_manager-8] [INFO] [1775415197.259712054] [lifecycle_manager_navigation]: Server planner_server connected with bond.
[lifecycle_manager-8] [INFO] [1775415197.259863835] [lifecycle_manager_navigation]: [34m[1mActivating behavior_server[0m[0m
[behavior_server-4] [INFO] [1775415197.261493455] [behavior_server]: Activating
[behavior_server-4] [INFO] [1775415197.261602610] [behavior_server]: Activating spin
[behavior_server-4] [INFO] [1775415197.261652756] [behavior_server]: Activating backup
[behavior_server-4] [INFO] [1775415197.261688629] [behavior_server]: Activating drive_on_heading
[behavior_server-4] [INFO] [1775415197.261717590] [behavior_server]: Activating assisted_teleop
[behavior_server-4] [INFO] [1775415197.261742838] [behavior_server]: Activating wait
[behavior_server-4] [INFO] [1775415197.261779256] [behavior_server]: Creating bond (behavior_server) to lifecycle manager.
[lifecycle_manager-8] [INFO] [1775415197.385943641] [lifecycle_manager_navigation]: Server behavior_server connected with bond.
[lifecycle_manager-8] [INFO] [1775415197.386761747] [lifecycle_manager_navigation]: [34m[1mActivating bt_navigator[0m[0m
[bt_navigator-5] [INFO] [1775415197.388121086] [bt_navigator]: Activating
[bt_navigator-5] [INFO] [1775415197.828591405] [bt_navigator]: Creating bond (bt_navigator) to lifecycle manager.
[lifecycle_manager-8] [INFO] [1775415197.945632397] [lifecycle_manager_navigation]: Server bt_navigator connected with bond.
[lifecycle_manager-8] [INFO] [1775415197.945768849] [lifecycle_manager_navigation]: [34m[1mActivating waypoint_follower[0m[0m
[waypoint_follower-6] [INFO] [1775415197.948051961] [waypoint_follower]: Activating
[waypoint_follower-6] [INFO] [1775415197.948196062] [waypoint_follower]: Creating bond (waypoint_follower) to lifecycle manager.
[lifecycle_manager-8] [INFO] [1775415198.093487581] [lifecycle_manager_navigation]: Server waypoint_follower connected with bond.
[lifecycle_manager-8] [INFO] [1775415198.093677667] [lifecycle_manager_navigation]: [34m[1mActivating velocity_smoother[0m[0m
[velocity_smoother-7] [INFO] [1775415198.095174195] [velocity_smoother]: Activating
[velocity_smoother-7] [INFO] [1775415198.095376057] [velocity_smoother]: Creating bond (velocity_smoother) to lifecycle manager.
[lifecycle_manager-8] [INFO] [1775415198.249003297] [lifecycle_manager_navigation]: Server velocity_smoother connected with bond.
[lifecycle_manager-8] [INFO] [1775415198.249154534] [lifecycle_manager_navigation]: [34m[1mManaged nodes are active[0m[0m
[lifecycle_manager-8] [INFO] [1775415198.249206440] [lifecycle_manager_navigation]: [34m[1mCreating bond timer...[0m[0m
[bt_navigator-5] [INFO] [1775415249.205752840] [bt_navigator]: Begin navigating from current location (0.01, 0.02) to (2.52, 3.04)
[controller_server-1] [INFO] [1775415249.227762245] [controller_server]: Received a goal, begin computing control effort.
[controller_server-1] [WARN] [1775415249.227961067] [controller_server]: No goal checker was specified in parameter 'current_goal_checker'. Server will use only plugin loaded goal_checker . This warning will appear once.
[controller_server-1] [INFO] [1775415250.328329797] [controller_server]: Passing new path to controller.
[controller_server-1] [INFO] [1775415251.328320741] [controller_server]: Passing new path to controller.
[controller_server-1] [INFO] [1775415252.328323272] [controller_server]: Passing new path to controller.
[controller_server-1] [INFO] [1775415253.428327102] [controller_server]: Passing new path to controller.
[controller_server-1] [INFO] [1775415254.428318437] [controller_server]: Passing new path to controller.
[controller_server-1] [INFO] [1775415255.428327408] [controller_server]: Passing new path to controller.
[controller_server-1] [INFO] [1775415256.528327597] [controller_server]: Passing new path to controller.
[controller_server-1] [INFO] [1775415257.528332636] [controller_server]: Passing new path to controller.
[controller_server-1] [INFO] [1775415258.528330829] [controller_server]: Passing new path to controller.
[controller_server-1] [INFO] [1775415259.528328001] [controller_server]: Passing new path to controller.
[controller_server-1] [INFO] [1775415260.628332585] [controller_server]: Passing new path to controller.
[controller_server-1] [INFO] [1775415261.628335777] [controller_server]: Passing new path to controller.
[controller_server-1] [INFO] [1775415262.628331643] [controller_server]: Passing new path to controller.
[controller_server-1] [INFO] [1775415263.728315626] [controller_server]: Passing new path to controller.
[controller_server-1] [INFO] [1775415264.728327050] [controller_server]: Passing new path to controller.
[controller_server-1] [INFO] [1775415265.728333036] [controller_server]: Passing new path to controller.
[controller_server-1] [INFO] [1775415266.828323651] [controller_server]: Passing new path to controller.
[controller_server-1] [INFO] [1775415267.828321666] [controller_server]: Passing new path to controller.
[controller_server-1] [INFO] [1775415268.828331192] [controller_server]: Passing new path to controller.
[controller_server-1] [INFO] [1775415269.828325917] [controller_server]: Passing new path to controller.
[controller_server-1] [INFO] [1775415270.928341270] [controller_server]: Passing new path to controller.
[controller_server-1] [INFO] [1775415271.928333201] [controller_server]: Passing new path to controller.
[controller_server-1] [INFO] [1775415272.928328937] [controller_server]: Passing new path to controller.
[controller_server-1] [INFO] [1775415274.028330572] [controller_server]: Passing new path to controller.
[controller_server-1] [INFO] [1775415275.028326240] [controller_server]: Passing new path to controller.
[controller_server-1] [INFO] [1775415276.028319250] [controller_server]: Passing new path to controller.
[controller_server-1] [INFO] [1775415277.128324376] [controller_server]: Passing new path to controller.
[controller_server-1] [INFO] [1775415278.128331755] [controller_server]: Passing new path to controller.
[controller_server-1] [INFO] [1775415279.128331101] [controller_server]: Passing new path to controller.
[controller_server-1] [INFO] [1775415280.128334065] [controller_server]: Passing new path to controller.
[controller_server-1] [INFO] [1775415281.228331896] [controller_server]: Passing new path to controller.
[controller_server-1] [INFO] [1775415282.228331982] [controller_server]: Passing new path to controller.
[controller_server-1] [INFO] [1775415283.229440225] [controller_server]: Passing new path to controller.
[controller_server-1] [INFO] [1775415284.328330775] [controller_server]: Passing new path to controller.
[controller_server-1] [INFO] [1775415285.328341498] [controller_server]: Passing new path to controller.
[controller_server-1] [INFO] [1775415286.328329437] [controller_server]: Passing new path to controller.
[controller_server-1] [INFO] [1775415287.328329896] [controller_server]: Passing new path to controller.
[controller_server-1] [INFO] [1775415288.428317676] [controller_server]: Passing new path to controller.
[controller_server-1] [INFO] [1775415289.428327174] [controller_server]: Passing new path to controller.
[controller_server-1] [INFO] [1775415290.428324517] [controller_server]: Passing new path to controller.
[controller_server-1] [INFO] [1775415291.528329703] [controller_server]: Passing new path to controller.
[controller_server-1] [INFO] [1775415292.528324888] [controller_server]: Passing new path to controller.
[controller_server-1] [INFO] [1775415293.528332373] [controller_server]: Passing new path to controller.
[controller_server-1] [INFO] [1775415294.628339607] [controller_server]: Passing new path to controller.
[controller_server-1] [INFO] [1775415295.628334567] [controller_server]: Passing new path to controller.
[controller_server-1] [INFO] [1775415296.628331233] [controller_server]: Passing new path to controller.
[controller_server-1] [INFO] [1775415297.628460421] [controller_server]: Passing new path to controller.
[controller_server-1] [INFO] [1775415298.728328155] [controller_server]: Passing new path to controller.
[controller_server-1] [INFO] [1775415299.728501539] [controller_server]: Passing new path to controller.
[controller_server-1] [INFO] [1775415300.729119545] [controller_server]: Passing new path to controller.
[controller_server-1] [INFO] [1775415301.828336397] [controller_server]: Passing new path to controller.
[controller_server-1] [INFO] [1775415302.828332312] [controller_server]: Passing new path to controller.
[controller_server-1] [INFO] [1775415303.828343670] [controller_server]: Passing new path to controller.
[controller_server-1] [INFO] [1775415304.928997402] [controller_server]: Passing new path to controller.
[controller_server-1] [INFO] [1775415305.929081226] [controller_server]: Passing new path to controller.
[controller_server-1] [INFO] [1775415306.928324371] [controller_server]: Passing new path to controller.
[controller_server-1] [INFO] [1775415307.928434924] [controller_server]: Passing new path to controller.
[controller_server-1] [INFO] [1775415309.028326384] [controller_server]: Passing new path to controller.
[controller_server-1] [INFO] [1775415310.028338908] [controller_server]: Passing new path to controller.
[controller_server-1] [INFO] [1775415311.029214040] [controller_server]: Passing new path to controller.
[controller_server-1] [INFO] [1775415312.128342947] [controller_server]: Passing new path to controller.
[controller_server-1] [INFO] [1775415313.128401240] [controller_server]: Passing new path to controller.
[controller_server-1] [INFO] [1775415314.128368142] [controller_server]: Passing new path to controller.
[controller_server-1] [INFO] [1775415315.228331832] [controller_server]: Passing new path to controller.
[controller_server-1] [INFO] [1775415316.228569720] [controller_server]: Passing new path to controller.
[controller_server-1] [INFO] [1775415317.228342571] [controller_server]: Passing new path to controller.
[controller_server-1] [INFO] [1775415318.228996563] [controller_server]: Passing new path to controller.
[controller_server-1] [INFO] [1775415319.328382377] [controller_server]: Passing new path to controller.
[controller_server-1] [INFO] [1775415320.328473003] [controller_server]: Passing new path to controller.
[controller_server-1] [INFO] [1775415321.329552507] [controller_server]: Passing new path to controller.
[controller_server-1] [INFO] [1775415322.428621957] [controller_server]: Passing new path to controller.
[controller_server-1] [INFO] [1775415323.428890174] [controller_server]: Passing new path to controller.
[controller_server-1] [INFO] [1775415324.428320799] [controller_server]: Passing new path to controller.
[controller_server-1] [INFO] [1775415325.428814079] [controller_server]: Passing new path to controller.
[controller_server-1] [INFO] [1775415326.528395252] [controller_server]: Passing new path to controller.
[controller_server-1] [INFO] [1775415327.528330587] [controller_server]: Passing new path to controller.
[controller_server-1] [INFO] [1775415328.528325452] [controller_server]: Passing new path to controller.
[controller_server-1] [INFO] [1775415329.628334755] [controller_server]: Passing new path to controller.
[controller_server-1] [INFO] [1775415330.628331413] [controller_server]: Passing new path to controller.
[controller_server-1] [INFO] [1775415331.628334376] [controller_server]: Passing new path to controller.
[controller_server-1] [INFO] [1775415332.628326296] [controller_server]: Passing new path to controller.
[controller_server-1] [INFO] [1775415333.728322235] [controller_server]: Passing new path to controller.
[controller_server-1] [INFO] [1775415334.728326227] [controller_server]: Passing new path to controller.
[controller_server-1] [INFO] [1775415335.728866238] [controller_server]: Passing new path to controller.
[controller_server-1] [INFO] [1775415336.828326178] [controller_server]: Passing new path to controller.
[controller_server-1] [INFO] [1775415337.828328676] [controller_server]: Passing new path to controller.
[controller_server-1] [INFO] [1775415338.828333577] [controller_server]: Passing new path to controller.
[controller_server-1] [INFO] [1775415339.828334482] [controller_server]: Passing new path to controller.
[controller_server-1] [INFO] [1775415340.928345098] [controller_server]: Passing new path to controller.
[controller_server-1] [INFO] [1775415341.928332541] [controller_server]: Passing new path to controller.
[controller_server-1] [INFO] [1775415342.928552391] [controller_server]: Passing new path to controller.
[controller_server-1] [INFO] [1775415343.928340765] [controller_server]: Passing new path to controller.
[controller_server-1] [INFO] [1775415345.028330900] [controller_server]: Passing new path to controller.
[controller_server-1] [INFO] [1775415346.028336427] [controller_server]: Passing new path to controller.
[controller_server-1] [INFO] [1775415347.028461282] [controller_server]: Passing new path to controller.
[controller_server-1] [INFO] [1775415348.128586219] [controller_server]: Passing new path to controller.
[controller_server-1] [INFO] [1775415349.128346284] [controller_server]: Passing new path to controller.
[controller_server-1] [INFO] [1775415350.128335207] [controller_server]: Passing new path to controller.
[controller_server-1] [INFO] [1775415351.128975858] [controller_server]: Passing new path to controller.
[controller_server-1] [INFO] [1775415352.228389829] [controller_server]: Passing new path to controller.
[controller_server-1] [INFO] [1775415353.228340893] [controller_server]: Passing new path to controller.
[controller_server-1] [INFO] [1775415354.228341643] [controller_server]: Passing new path to controller.
[controller_server-1] [INFO] [1775415355.328361360] [controller_server]: Passing new path to controller.
[controller_server-1] [INFO] [1775415356.329385005] [controller_server]: Passing new path to controller.
[controller_server-1] [INFO] [1775415357.328326029] [controller_server]: Passing new path to controller.
[controller_server-1] [INFO] [1775415358.428461860] [controller_server]: Passing new path to controller.
[controller_server-1] [INFO] [1775415359.428328675] [controller_server]: Passing new path to controller.
[controller_server-1] [INFO] [1775415360.428320618] [controller_server]: Passing new path to controller.
[controller_server-1] [INFO] [1775415361.428329061] [controller_server]: Passing new path to controller.
[controller_server-1] [INFO] [1775415362.528334839] [controller_server]: Passing new path to controller.
[controller_server-1] [INFO] [1775415363.528332246] [controller_server]: Passing new path to controller.
[controller_server-1] [INFO] [1775415364.528323237] [controller_server]: Passing new path to controller.
[controller_server-1] [INFO] [1775415365.628335553] [controller_server]: Passing new path to controller.
[controller_server-1] [INFO] [1775415366.628332315] [controller_server]: Passing new path to controller.
[controller_server-1] [INFO] [1775415367.628328745] [controller_server]: Passing new path to controller.
[controller_server-1] [INFO] [1775415368.628337901] [controller_server]: Passing new path to controller.
[controller_server-1] [INFO] [1775415369.728325163] [controller_server]: Passing new path to controller.
[controller_server-1] [INFO] [1775415370.728321147] [controller_server]: Passing new path to controller.
[controller_server-1] [INFO] [1775415371.728377739] [controller_server]: Passing new path to controller.
[controller_server-1] [INFO] [1775415372.828333881] [controller_server]: Passing new path to controller.
[controller_server-1] [INFO] [1775415373.828336464] [controller_server]: Passing new path to controller.
[controller_server-1] [INFO] [1775415374.828325083] [controller_server]: Passing new path to controller.
[controller_server-1] [INFO] [1775415375.928333037] [controller_server]: Passing new path to controller.
[controller_server-1] [INFO] [1775415376.928334479] [controller_server]: Passing new path to controller.
[controller_server-1] [INFO] [1775415377.928342250] [controller_server]: Passing new path to controller.
[controller_server-1] [INFO] [1775415378.928326874] [controller_server]: Passing new path to controller.
[controller_server-1] [INFO] [1775415380.028341541] [controller_server]: Passing new path to controller.
[controller_server-1] [INFO] [1775415381.028470730] [controller_server]: Passing new path to controller.
[controller_server-1] [INFO] [1775415382.028549536] [controller_server]: Passing new path to controller.
[controller_server-1] [INFO] [1775415383.128784522] [controller_server]: Passing new path to controller.
[controller_server-1] [INFO] [1775415384.128353400] [controller_server]: Passing new path to controller.
[controller_server-1] [INFO] [1775415385.128326963] [controller_server]: Passing new path to controller.
[controller_server-1] [INFO] [1775415386.228338334] [controller_server]: Passing new path to controller.
[controller_server-1] [INFO] [1775415387.228329629] [controller_server]: Passing new path to controller.
[controller_server-1] [INFO] [1775415388.228327962] [controller_server]: Passing new path to controller.
[controller_server-1] [INFO] [1775415389.228336792] [controller_server]: Passing new path to controller.
[bt_navigator-5] [WARN] [1775415389.976284669] [BehaviorTreeEngine]: Behavior Tree tick rate 100.00 was exceeded!
[controller_server-1] [INFO] [1775415390.328333848] [controller_server]: Passing new path to controller.
[controller_server-1] [INFO] [1775415391.328333656] [controller_server]: Passing new path to controller.
[controller_server-1] [INFO] [1775415392.328325719] [controller_server]: Passing new path to controller.
[controller_server-1] [INFO] [1775415393.428337074] [controller_server]: Passing new path to controller.
[controller_server-1] [INFO] [1775415394.428324695] [controller_server]: Passing new path to controller.
[controller_server-1] [INFO] [1775415395.428317727] [controller_server]: Passing new path to controller.
[controller_server-1] [INFO] [1775415396.528334809] [controller_server]: Passing new path to controller.
[controller_server-1] [INFO] [1775415397.528340045] [controller_server]: Passing new path to controller.
[controller_server-1] [INFO] [1775415398.528335874] [controller_server]: Passing new path to controller.
[controller_server-1] [INFO] [1775415399.528345564] [controller_server]: Passing new path to controller.
[controller_server-1] [INFO] [1775415400.628332350] [controller_server]: Passing new path to controller.
[controller_server-1] [INFO] [1775415401.628332870] [controller_server]: Passing new path to controller.
[controller_server-1] [INFO] [1775415402.628326289] [controller_server]: Passing new path to controller.
[controller_server-1] [INFO] [1775415403.728338946] [controller_server]: Passing new path to controller.
[controller_server-1] [INFO] [1775415404.728337056] [controller_server]: Passing new path to controller.
[controller_server-1] [INFO] [1775415405.728325732] [controller_server]: Passing new path to controller.
[controller_server-1] [INFO] [1775415406.828336900] [controller_server]: Passing new path to controller.
[controller_server-1] [INFO] [1775415407.828323741] [controller_server]: Passing new path to controller.
[controller_server-1] [INFO] [1775415408.828325313] [controller_server]: Passing new path to controller.
[controller_server-1] [INFO] [1775415409.828475754] [controller_server]: Passing new path to controller.
[controller_server-1] [INFO] [1775415410.928345812] [controller_server]: Passing new path to controller.
[controller_server-1] [INFO] [1775415411.928329079] [controller_server]: Passing new path to controller.
[controller_server-1] [INFO] [1775415412.928336520] [controller_server]: Passing new path to controller.
[controller_server-1] [INFO] [1775415414.028329246] [controller_server]: Passing new path to controller.
[controller_server-1] [INFO] [1775415415.028319433] [controller_server]: Passing new path to controller.
[controller_server-1] [INFO] [1775415416.028336708] [controller_server]: Passing new path to controller.
[controller_server-1] [INFO] [1775415417.128320550] [controller_server]: Passing new path to controller.
[controller_server-1] [INFO] [1775415418.128334719] [controller_server]: Passing new path to controller.
[controller_server-1] [INFO] [1775415419.128329281] [controller_server]: Passing new path to controller.
[controller_server-1] [INFO] [1775415420.128311535] [controller_server]: Passing new path to controller.
[controller_server-1] [INFO] [1775415421.228325137] [controller_server]: Passing new path to controller.
[controller_server-1] [INFO] [1775415422.228331782] [controller_server]: Passing new path to controller.
[controller_server-1] [INFO] [1775415423.228325992] [controller_server]: Passing new path to controller.
[controller_server-1] [INFO] [1775415424.328327572] [controller_server]: Passing new path to controller.
[controller_server-1] [INFO] [1775415425.328327390] [controller_server]: Passing new path to controller.
[controller_server-1] [INFO] [1775415426.328331610] [controller_server]: Passing new path to controller.
[controller_server-1] [INFO] [1775415427.328332101] [controller_server]: Passing new path to controller.
[controller_server-1] [INFO] [1775415428.428407977] [controller_server]: Passing new path to controller.
[controller_server-1] [INFO] [1775415429.228320846] [controller_server]: Goal was canceled. Stopping the robot.
[controller_server-1] [INFO] [1775415429.228513521] [controller_server]: [follow_path] [ActionServer] Client requested to cancel the goal. Cancelling.
[bt_navigator-5] [INFO] [1775415429.229062391] [bt_navigator]: [navigate_to_pose] [ActionServer] Client requested to cancel the goal. Cancelling.
[bt_navigator-5] [INFO] [1775415429.229786078] [bt_navigator]: Goal canceled
[bt_navigator-5] [INFO] [1775415432.220341706] [bt_navigator]: Begin navigating from current location (1.17, 0.77) to (2.52, 3.04)
[controller_server-1] [INFO] [1775415432.241701438] [controller_server]: Received a goal, begin computing control effort.
[controller_server-1] [INFO] [1775415433.342283259] [controller_server]: Passing new path to controller.
[controller_server-1] [INFO] [1775415434.342303818] [controller_server]: Passing new path to controller.
[controller_server-1] [INFO] [1775415435.342280773] [controller_server]: Passing new path to controller.
[controller_server-1] [INFO] [1775415436.442290102] [controller_server]: Passing new path to controller.
[controller_server-1] [INFO] [1775415437.442569436] [controller_server]: Passing new path to controller.
[controller_server-1] [INFO] [1775415438.442290768] [controller_server]: Passing new path to controller.
[controller_server-1] [INFO] [1775415439.542301829] [controller_server]: Passing new path to controller.
[controller_server-1] [INFO] [1775415440.542294465] [controller_server]: Passing new path to controller.
[controller_server-1] [INFO] [1775415441.542286963] [controller_server]: Passing new path to controller.
[controller_server-1] [INFO] [1775415442.542299105] [controller_server]: Passing new path to controller.
[controller_server-1] [INFO] [1775415443.642294333] [controller_server]: Passing new path to controller.
[controller_server-1] [INFO] [1775415444.642298787] [controller_server]: Passing new path to controller.
[controller_server-1] [INFO] [1775415445.642288928] [controller_server]: Passing new path to controller.
[controller_server-1] [INFO] [1775415446.742292780] [controller_server]: Passing new path to controller.
[controller_server-1] [INFO] [1775415447.742294663] [controller_server]: Passing new path to controller.
[controller_server-1] [INFO] [1775415448.742412338] [controller_server]: Passing new path to controller.
[controller_server-1] [INFO] [1775415449.742301392] [controller_server]: Passing new path to controller.
[bt_navigator-5] [WARN] [1775415450.004441069] [BehaviorTreeEngine]: Behavior Tree tick rate 100.00 was exceeded!
[controller_server-1] [INFO] [1775415450.842297908] [controller_server]: Passing new path to controller.
[controller_server-1] [INFO] [1775415451.842293157] [controller_server]: Passing new path to controller.
[controller_server-1] [INFO] [1775415452.842296436] [controller_server]: Passing new path to controller.
[controller_server-1] [INFO] [1775415453.942807247] [controller_server]: Passing new path to controller.
[controller_server-1] [INFO] [1775415454.942304357] [controller_server]: Passing new path to controller.
[controller_server-1] [INFO] [1775415455.942467698] [controller_server]: Passing new path to controller.
[controller_server-1] [INFO] [1775415456.943103474] [controller_server]: Passing new path to controller.
[controller_server-1] [INFO] [1775415458.042294141] [controller_server]: Passing new path to controller.
[controller_server-1] [INFO] [1775415459.042679767] [controller_server]: Passing new path to controller.
[controller_server-1] [INFO] [1775415460.042351728] [controller_server]: Passing new path to controller.
[controller_server-1] [INFO] [1775415461.142354212] [controller_server]: Passing new path to controller.
[controller_server-1] [INFO] [1775415462.142344223] [controller_server]: Passing new path to controller.
[controller_server-1] [INFO] [1775415463.142298965] [controller_server]: Passing new path to controller.
[controller_server-1] [INFO] [1775415464.242293777] [controller_server]: Passing new path to controller.
[controller_server-1] [INFO] [1775415465.242292443] [controller_server]: Passing new path to controller.
[controller_server-1] [INFO] [1775415466.242298058] [controller_server]: Passing new path to controller.
[controller_server-1] [INFO] [1775415467.242274165] [controller_server]: Passing new path to controller.
[controller_server-1] [INFO] [1775415468.342293840] [controller_server]: Passing new path to controller.
[controller_server-1] [INFO] [1775415469.342297393] [controller_server]: Passing new path to controller.
[controller_server-1] [INFO] [1775415470.342299862] [controller_server]: Passing new path to controller.
[controller_server-1] [INFO] [1775415471.442302626] [controller_server]: Passing new path to controller.
[controller_server-1] [ERROR] [1775415471.443977034] [GoalDistCritic]: None of the points of the global plan were in the local costmap.
[controller_server-1] [WARN] [1775415471.444139654] [DWBLocalPlanner]: A scoring function failed to prepare
[controller_server-1] [ERROR] [1775415471.444180589] [PathDistCritic]: None of the 42 first of 42 (42) points of the global plan were in the local costmap and free
[controller_server-1] [WARN] [1775415471.444213491] [DWBLocalPlanner]: A scoring function failed to prepare
[controller_server-1] [ERROR] [1775415471.444237399] [PathDistCritic]: None of the 42 first of 42 (42) points of the global plan were in the local costmap and free
[controller_server-1] [WARN] [1775415471.444259195] [DWBLocalPlanner]: A scoring function failed to prepare
[controller_server-1] [ERROR] [1775415471.444279903] [GoalDistCritic]: None of the points of the global plan were in the local costmap.
[controller_server-1] [WARN] [1775415471.444299714] [DWBLocalPlanner]: A scoring function failed to prepare
[controller_server-1] [ERROR] [1775415471.458340718] [DWBLocalPlanner]: No valid trajectories out of 419! 
[controller_server-1] [ERROR] [1775415471.458499178] [DWBLocalPlanner]: 0.24: BaseObstacle/Trajectory Hits Obstacle.
[controller_server-1] [ERROR] [1775415471.458543218] [DWBLocalPlanner]: 0.76:   PathDist/Trajectory Hits Unreachable Area.
[controller_server-1] [WARN] [1775415471.489875687] [controller_server]: No valid trajectories out of 419! 
[controller_server-1] [WARN] [1775415471.542544815] [controller_server]: Resulting plan has 0 poses in it.
[controller_server-1] [WARN] [1775415471.642528271] [controller_server]: Resulting plan has 0 poses in it.
[controller_server-1] [WARN] [1775415471.742508302] [controller_server]: Received plan with zero length
[controller_server-1] [WARN] [1775415471.842514193] [controller_server]: Received plan with zero length
[controller_server-1] [WARN] [1775415471.942508691] [controller_server]: Received plan with zero length
[controller_server-1] [ERROR] [1775415471.942701109] [controller_server]: Controller patience exceeded
[controller_server-1] [WARN] [1775415471.942963555] [controller_server]: [follow_path] [ActionServer] Aborting handle.
[controller_server-1] [INFO] [1775415471.961226904] [local_costmap.local_costmap]: Received request to clear entirely the local_costmap
[controller_server-1] [INFO] [1775415471.963927028] [controller_server]: Received a goal, begin computing control effort.
[controller_server-1] [WARN] [1775415472.064441988] [controller_server]: Resulting plan has 0 poses in it.
[controller_server-1] [WARN] [1775415472.064966913] [controller_server]: Control loop missed its desired rate of 10.0000Hz
[controller_server-1] [WARN] [1775415472.065144288] [controller_server]: Resulting plan has 0 poses in it.
[controller_server-1] [WARN] [1775415472.164454227] [controller_server]: Received plan with zero length
[controller_server-1] [WARN] [1775415472.264405207] [controller_server]: Received plan with zero length
[controller_server-1] [WARN] [1775415472.364684469] [controller_server]: Received plan with zero length
[controller_server-1] [INFO] [1775415472.464221584] [controller_server]: Passing new path to controller.
[controller_server-1] [INFO] [1775415473.464230538] [controller_server]: Passing new path to controller.
[controller_server-1] [INFO] [1775415474.464231338] [controller_server]: Passing new path to controller.
[controller_server-1] [INFO] [1775415475.564235995] [controller_server]: Passing new path to controller.
[controller_server-1] [INFO] [1775415476.564233105] [controller_server]: Passing new path to controller.
[controller_server-1] [INFO] [1775415477.564220652] [controller_server]: Passing new path to controller.
[controller_server-1] [INFO] [1775415478.664231645] [controller_server]: Passing new path to controller.
[controller_server-1] [INFO] [1775415479.664229715] [controller_server]: Passing new path to controller.
[controller_server-1] [INFO] [1775415480.664230419] [controller_server]: Passing new path to controller.
[controller_server-1] [INFO] [1775415481.664227483] [controller_server]: Passing new path to controller.
[controller_server-1] [INFO] [1775415482.764229697] [controller_server]: Passing new path to controller.
[controller_server-1] [INFO] [1775415483.764266381] [controller_server]: Passing new path to controller.
[controller_server-1] [INFO] [1775415484.764229269] [controller_server]: Passing new path to controller.
[controller_server-1] [INFO] [1775415485.864238981] [controller_server]: Passing new path to controller.
[controller_server-1] [INFO] [1775415486.864332356] [controller_server]: Passing new path to controller.
[controller_server-1] [INFO] [1775415487.864235950] [controller_server]: Passing new path to controller.
[controller_server-1] [ERROR] [1775415488.281150501] [DWBLocalPlanner]: No valid trajectories out of 419! 
[controller_server-1] [ERROR] [1775415488.281384653] [DWBLocalPlanner]: 1.00: BaseObstacle/Trajectory Hits Obstacle.
[controller_server-1] [WARN] [1775415488.282300907] [controller_server]: No valid trajectories out of 419! 
[controller_server-1] [INFO] [1775415488.964245962] [controller_server]: Passing new path to controller.
[controller_server-1] [INFO] [1775415489.964234758] [controller_server]: Passing new path to controller.
[controller_server-1] [INFO] [1775415490.964551751] [controller_server]: Passing new path to controller.
[controller_server-1] [INFO] [1775415491.964231815] [controller_server]: Passing new path to controller.
[controller_server-1] [INFO] [1775415493.064348594] [controller_server]: Passing new path to controller.
[controller_server-1] [INFO] [1775415494.064222427] [controller_server]: Passing new path to controller.
[controller_server-1] [INFO] [1775415495.064233353] [controller_server]: Passing new path to controller.
[controller_server-1] [INFO] [1775415496.164236818] [controller_server]: Passing new path to controller.
[controller_server-1] [INFO] [1775415497.164236456] [controller_server]: Passing new path to controller.
[controller_server-1] [INFO] [1775415498.164243695] [controller_server]: Passing new path to controller.
[controller_server-1] [INFO] [1775415499.164556698] [controller_server]: Passing new path to controller.
[controller_server-1] [INFO] [1775415500.264260711] [controller_server]: Passing new path to controller.
[controller_server-1] [INFO] [1775415501.264227075] [controller_server]: Passing new path to controller.
[controller_server-1] [INFO] [1775415502.264231928] [controller_server]: Passing new path to controller.
[controller_server-1] [INFO] [1775415503.364394804] [controller_server]: Passing new path to controller.
[controller_server-1] [INFO] [1775415504.364246782] [controller_server]: Passing new path to controller.
[controller_server-1] [INFO] [1775415505.364277176] [controller_server]: Passing new path to controller.
[controller_server-1] [INFO] [1775415506.464228758] [controller_server]: Passing new path to controller.
[controller_server-1] [INFO] [1775415507.464238558] [controller_server]: Passing new path to controller.
[controller_server-1] [INFO] [1775415508.464237209] [controller_server]: Passing new path to controller.
[controller_server-1] [INFO] [1775415509.465308444] [controller_server]: Passing new path to controller.
[controller_server-1] [INFO] [1775415510.564227125] [controller_server]: Passing new path to controller.
[controller_server-1] [INFO] [1775415511.564734222] [controller_server]: Passing new path to controller.
[controller_server-1] [INFO] [1775415512.564287228] [controller_server]: Passing new path to controller.
[controller_server-1] [INFO] [1775415513.664354565] [controller_server]: Passing new path to controller.
[controller_server-1] [INFO] [1775415514.664647432] [controller_server]: Passing new path to controller.
[controller_server-1] [INFO] [1775415515.664218504] [controller_server]: Passing new path to controller.
[controller_server-1] [INFO] [1775415516.764226043] [controller_server]: Passing new path to controller.
[controller_server-1] [INFO] [1775415517.764421438] [controller_server]: Passing new path to controller.
[controller_server-1] [INFO] [1775415518.764225144] [controller_server]: Passing new path to controller.
[controller_server-1] [INFO] [1775415519.764231724] [controller_server]: Passing new path to controller.
[controller_server-1] [INFO] [1775415520.864224698] [controller_server]: Passing new path to controller.
[controller_server-1] [INFO] [1775415521.864240013] [controller_server]: Passing new path to controller.
[controller_server-1] [INFO] [1775415522.864231126] [controller_server]: Passing new path to controller.
[controller_server-1] [INFO] [1775415523.964259335] [controller_server]: Passing new path to controller.
[controller_server-1] [INFO] [1775415524.964227212] [controller_server]: Passing new path to controller.
[controller_server-1] [INFO] [1775415525.964228114] [controller_server]: Passing new path to controller.
[controller_server-1] [INFO] [1775415527.064214513] [controller_server]: Passing new path to controller.
[controller_server-1] [INFO] [1775415528.064244830] [controller_server]: Passing new path to controller.
[controller_server-1] [INFO] [1775415529.064226399] [controller_server]: Passing new path to controller.
[controller_server-1] [INFO] [1775415530.064231712] [controller_server]: Passing new path to controller.
[controller_server-1] [INFO] [1775415531.164234023] [controller_server]: Passing new path to controller.
[controller_server-1] [INFO] [1775415532.164239950] [controller_server]: Passing new path to controller.
[controller_server-1] [INFO] [1775415533.164224911] [controller_server]: Passing new path to controller.
[controller_server-1] [INFO] [1775415534.264215326] [controller_server]: Passing new path to controller.
[controller_server-1] [INFO] [1775415535.264211401] [controller_server]: Passing new path to controller.
[controller_server-1] [INFO] [1775415536.264250202] [controller_server]: Passing new path to controller.
[controller_server-1] [INFO] [1775415537.364231702] [controller_server]: Passing new path to controller.
[controller_server-1] [INFO] [1775415538.364807561] [controller_server]: Passing new path to controller.
[controller_server-1] [INFO] [1775415539.364231873] [controller_server]: Passing new path to controller.
[controller_server-1] [INFO] [1775415540.464242165] [controller_server]: Passing new path to controller.
[controller_server-1] [INFO] [1775415541.464261690] [controller_server]: Passing new path to controller.
[controller_server-1] [INFO] [1775415542.464282946] [controller_server]: Passing new path to controller.
[controller_server-1] [INFO] [1775415543.464517581] [controller_server]: Passing new path to controller.
[controller_server-1] [INFO] [1775415544.564240536] [controller_server]: Passing new path to controller.
[controller_server-1] [INFO] [1775415545.564225580] [controller_server]: Passing new path to controller.
[controller_server-1] [INFO] [1775415546.564230790] [controller_server]: Passing new path to controller.
[controller_server-1] [INFO] [1775415547.664225912] [controller_server]: Passing new path to controller.
[controller_server-1] [INFO] [1775415548.664925173] [controller_server]: Passing new path to controller.
[controller_server-1] [INFO] [1775415549.664236374] [controller_server]: Passing new path to controller.
[controller_server-1] [INFO] [1775415550.764317621] [controller_server]: Passing new path to controller.
[smoother_server-2] [INFO] [1775415551.569439735] [rclcpp]: signal_handler(SIGINT/SIGTERM)
[smoother_server-2] [INFO] [1775415551.569637047] [smoother_server]: Running Nav2 LifecycleNode rcl preshutdown (smoother_server)
[smoother_server-2] [INFO] [1775415551.569815699] [smoother_server]: Deactivating
[smoother_server-2] [INFO] [1775415551.569942823] [smoother_server]: Destroying bond (smoother_server) to lifecycle manager.
[velocity_smoother-7] [INFO] [1775415551.569493568] [rclcpp]: signal_handler(SIGINT/SIGTERM)
[velocity_smoother-7] [INFO] [1775415551.569666395] [velocity_smoother]: Running Nav2 LifecycleNode rcl preshutdown (velocity_smoother)
[velocity_smoother-7] [INFO] [1775415551.569797296] [velocity_smoother]: Deactivating
[planner_server-3] [INFO] [1775415551.569686206] [rclcpp]: signal_handler(SIGINT/SIGTERM)
[planner_server-3] [INFO] [1775415551.569840567] [planner_server]: Running Nav2 LifecycleNode rcl preshutdown (planner_server)
[planner_server-3] [INFO] [1775415551.570013139] [planner_server]: Deactivating
[waypoint_follower-6] [INFO] [1775415551.569821492] [rclcpp]: signal_handler(SIGINT/SIGTERM)
[waypoint_follower-6] [INFO] [1775415551.569954889] [waypoint_follower]: Running Nav2 LifecycleNode rcl preshutdown (waypoint_follower)
[waypoint_follower-6] [INFO] [1775415551.570056218] [waypoint_follower]: Deactivating
[waypoint_follower-6] [INFO] [1775415551.570095360] [waypoint_follower]: Destroying bond (waypoint_follower) to lifecycle manager.
[controller_server-1] [INFO] [1775415551.570676541] [rclcpp]: signal_handler(SIGINT/SIGTERM)
[controller_server-1] [INFO] [1775415551.570788079] [controller_server]: Running Nav2 LifecycleNode rcl preshutdown (controller_server)
[controller_server-1] [INFO] [1775415551.570884606] [controller_server]: Deactivating
[controller_server-1] [WARN] [1775415551.570922212] [controller_server]: [follow_path] [ActionServer] Requested to deactivate server but goal is still executing. Should check if action server is running before deactivating.
[behavior_server-4] [INFO] [1775415551.576409203] [rclcpp]: signal_handler(SIGINT/SIGTERM)
[behavior_server-4] [INFO] [1775415551.576640632] [behavior_server]: Running Nav2 LifecycleNode rcl preshutdown (behavior_server)
[behavior_server-4] [INFO] [1775415551.576805682] [behavior_server]: Deactivating
[behavior_server-4] [INFO] [1775415551.576879038] [behavior_server]: Destroying bond (behavior_server) to lifecycle manager.
[velocity_smoother-7] [INFO] [1775415551.577762604] [velocity_smoother]: Destroying bond (velocity_smoother) to lifecycle manager.
[planner_server-3] [INFO] [1775415551.600404469] [global_costmap.global_costmap]: Deactivating
[smoother_server-2] [INFO] [1775415551.620875107] [smoother_server]: Cleaning up
[bt_navigator-5] [INFO] [1775415551.645287400] [rclcpp]: signal_handler(SIGINT/SIGTERM)
[bt_navigator-5] [INFO] [1775415551.645498505] [bt_navigator]: Running Nav2 LifecycleNode rcl preshutdown (bt_navigator)
[lifecycle_manager-8] [INFO] [1775415551.648782615] [rclcpp]: signal_handler(SIGINT/SIGTERM)
[lifecycle_manager-8] [INFO] [1775415551.648987384] [lifecycle_manager_navigation]: Running Nav2 LifecycleManager rcl preshutdown (lifecycle_manager_navigation)
[lifecycle_manager-8] [INFO] [1775415551.649044321] [lifecycle_manager_navigation]: [34m[1mTerminating bond timer...[0m[0m
[controller_server-1] [WARN] [1775415551.664461798] [controller_server]: [follow_path] [ActionServer] Stopping the thread per request.
[controller_server-1] [WARN] [1775415551.664776088] [controller_server]: [follow_path] [ActionServer] Aborting handle.
[controller_server-1] [INFO] [1775415551.666926769] [local_costmap.local_costmap]: Deactivating
[waypoint_follower-6] [INFO] [1775415551.670872808] [waypoint_follower]: Cleaning up
[velocity_smoother-7] [INFO] [1775415551.678600606] [velocity_smoother]: Cleaning up
[velocity_smoother-7] [INFO] [1775415551.678706575] [velocity_smoother]: Destroying bond (velocity_smoother) to lifecycle manager.
[bt_navigator-5] [INFO] [1775415551.703838471] [bt_navigator]: Deactivating
[bt_navigator-5] [WARN] [1775415551.703920180] [bt_navigator]: [navigate_to_pose] [ActionServer] Requested to deactivate server but goal is still executing. Should check if action server is running before deactivating.
[bt_navigator-5] [WARN] [1775415551.703839271] [BehaviorTreeEngine]: Behavior Tree tick rate 100.00 was exceeded!
[bt_navigator-5] [WARN] [1775415551.727402372] [bt_navigator]: [navigate_to_pose] [ActionServer] Aborting handle.
[bt_navigator-5] [INFO] [1775415551.727746907] [bt_navigator]: Goal canceled
[bt_navigator-5] [WARN] [1775415551.727791682] [bt_navigator]: [navigate_to_pose] [ActionServer] Stopping the thread per request.
[bt_navigator-5] [INFO] [1775415551.729287762] [bt_navigator]: Destroying bond (bt_navigator) to lifecycle manager.
[behavior_server-4] [INFO] [1775415551.762036878] [behavior_server]: Cleaning up
[waypoint_follower-6] [INFO] [1775415551.811760775] [waypoint_follower]: Destroying bond (waypoint_follower) to lifecycle manager.
[velocity_smoother-7] [INFO] [1775415551.820335044] [velocity_smoother]: Destroying
[bt_navigator-5] [INFO] [1775415551.830068059] [bt_navigator]: Cleaning up
[controller_server-1] [INFO] [1775415551.855272062] [controller_server]: Destroying bond (controller_server) to lifecycle manager.
[controller_server-1] [INFO] [1775415551.966746744] [local_costmap.local_costmap]: Message Filter dropping message: frame 'laser' at time 1775415551.513 for reason 'the timestamp on the message is earlier than all the data in the transform cache'
[controller_server-1] [INFO] [1775415551.967726293] [controller_server]: Cleaning up
[controller_server-1] [INFO] [1775415551.968307698] [local_costmap.local_costmap]: Cleaning up
[behavior_server-4] [INFO] [1775415551.984172254] [behavior_server]: Destroying bond (behavior_server) to lifecycle manager.
[smoother_server-2] [INFO] [1775415552.008376193] [smoother_server]: Destroying bond (smoother_server) to lifecycle manager.
[waypoint_follower-6] [INFO] [1775415552.022287986] [waypoint_follower]: Destroying
[smoother_server-2] [INFO] [1775415552.053537272] [smoother_server]: Destroying
[planner_server-3] [INFO] [1775415552.068235942] [planner_server]: Deactivating plugin GridBased of type NavfnPlanner
[planner_server-3] [INFO] [1775415552.068381438] [planner_server]: Destroying bond (planner_server) to lifecycle manager.
[planner_server-3] [INFO] [1775415552.169124334] [planner_server]: Cleaning up
[planner_server-3] [INFO] [1775415552.475215272] [global_costmap.global_costmap]: Cleaning up
[controller_server-1] [INFO] [1775415552.510864077] [controller_server]: Destroying bond (controller_server) to lifecycle manager.
[controller_server-1] [INFO] [1775415552.517730039] [local_costmap.local_costmap]: Destroying
[INFO] [velocity_smoother-7]: process has finished cleanly [pid 52518]
[planner_server-3] [INFO] [1775415552.697043133] [planner_server]: Cleaning up plugin GridBased of type NavfnPlanner
[planner_server-3] [INFO] [1775415552.700978131] [planner_server]: Destroying plugin GridBased of type NavfnPlanner
[controller_server-1] [INFO] [1775415552.717987827] [controller_server]: Destroying
[lifecycle_manager-8] [INFO] [1775415552.734727464] [lifecycle_manager_navigation]: Destroying lifecycle_manager_navigation
[planner_server-3] [INFO] [1775415552.771834647] [planner_server]: Destroying bond (planner_server) to lifecycle manager.
[planner_server-3] [INFO] [1775415552.804262329] [global_costmap.global_costmap]: Destroying
[INFO] [smoother_server-2]: process has finished cleanly [pid 52508]
[INFO] [lifecycle_manager-8]: process has finished cleanly [pid 52538]
[INFO] [waypoint_follower-6]: process has finished cleanly [pid 52516]
[INFO] [controller_server-1]: process has finished cleanly [pid 52506]
[behavior_server-4] [INFO] [1775415553.117779746] [rclcpp]: signal_handler(SIGINT/SIGTERM)
[planner_server-3] [INFO] [1775415553.137406945] [planner_server]: Destroying
[behavior_server-4] [INFO] [1775415553.138306353] [behavior_server]: Destroying
[bt_navigator-5] [INFO] [1775415553.149263079] [bt_navigator]: Completed Cleaning up
[bt_navigator-5] [INFO] [1775415553.150282058] [bt_navigator]: Destroying bond (bt_navigator) to lifecycle manager.
[bt_navigator-5] [INFO] [1775415553.156607389] [rclcpp]: signal_handler(SIGINT/SIGTERM)
[bt_navigator-5] [INFO] [1775415553.317543145] [bt_navigator]: Destroying
[INFO] [behavior_server-4]: process has finished cleanly [pid 52512]
[INFO] [planner_server-3]: process has finished cleanly [pid 52510]
[INFO] [bt_navigator-5]: process has finished cleanly [pid 52514]
