[INFO] [launch]: All log files can be found below /home/jetson/.ros/log/2026-04-05-23-51-51-264488-chandan-14619
[INFO] [launch]: Default logging verbosity is set to INFO
[INFO] [map_server-1]: process started with pid [14625]
[INFO] [amcl-2]: process started with pid [14627]
[INFO] [lifecycle_manager-3]: process started with pid [14629]
[amcl-2] [INFO] [1775404311.753190875] [amcl]: 
[amcl-2] 	amcl lifecycle node launched. 
[amcl-2] 	Waiting on external lifecycle transitions to activate
[amcl-2] 	See https://design.ros2.org/articles/node_lifecycle.html for more information.
[amcl-2] [INFO] [1775404311.754892246] [amcl]: Creating
[map_server-1] [INFO] [1775404311.796175596] [map_server]: 
[map_server-1] 	map_server lifecycle node launched. 
[map_server-1] 	Waiting on external lifecycle transitions to activate
[map_server-1] 	See https://design.ros2.org/articles/node_lifecycle.html for more information.
[map_server-1] [INFO] [1775404311.796520081] [map_server]: Creating
[lifecycle_manager-3] [INFO] [1775404311.812764342] [lifecycle_manager_localization]: Creating
[lifecycle_manager-3] [INFO] [1775404311.835969673] [lifecycle_manager_localization]: [34m[1mCreating and initializing lifecycle service clients[0m[0m
[lifecycle_manager-3] [INFO] [1775404311.934678999] [lifecycle_manager_localization]: [34m[1mStarting managed nodes bringup...[0m[0m
[lifecycle_manager-3] [INFO] [1775404311.934806489] [lifecycle_manager_localization]: [34m[1mConfiguring map_server[0m[0m
[map_server-1] [INFO] [1775404312.814806153] [map_server]: Configuring
[map_server-1] [INFO] [1775404312.815009004] [map_io]: Loading yaml file: /home/jetson/formica_map.yaml
[map_server-1] [INFO] [1775404312.815573109] [map_io]: resolution: 0.05
[map_server-1] [INFO] [1775404312.815600598] [map_io]: origin[0]: -5.9
[map_server-1] [INFO] [1775404312.815615126] [map_io]: origin[1]: -2.99
[map_server-1] [INFO] [1775404312.815624534] [map_io]: origin[2]: 0
[map_server-1] [INFO] [1775404312.815632982] [map_io]: free_thresh: 0.25
[map_server-1] [INFO] [1775404312.815640854] [map_io]: occupied_thresh: 0.65
[map_server-1] [INFO] [1775404312.815650038] [map_io]: mode: trinary
[map_server-1] [INFO] [1775404312.815660374] [map_io]: negate: 0
[map_server-1] [INFO] [1775404312.816025852] [map_io]: Loading image_file: /home/jetson/formica_map.pgm
[map_server-1] [INFO] [1775404312.823382226] [map_io]: Read map /home/jetson/formica_map.pgm: 185 X 172 map @ 0.05 m/cell
[lifecycle_manager-3] [INFO] [1775404312.847414611] [lifecycle_manager_localization]: [34m[1mConfiguring amcl[0m[0m
[amcl-2] [INFO] [1775404312.847989756] [amcl]: Configuring
[amcl-2] [INFO] [1775404312.848173919] [amcl]: initTransforms
[amcl-2] [INFO] [1775404312.888577190] [amcl]: initPubSub
[amcl-2] [INFO] [1775404312.901897340] [amcl]: Subscribed to map topic.
[lifecycle_manager-3] [INFO] [1775404312.915776634] [lifecycle_manager_localization]: [34m[1mActivating map_server[0m[0m
[map_server-1] [INFO] [1775404312.916561543] [map_server]: Activating
[map_server-1] [INFO] [1775404312.916998830] [map_server]: Creating bond (map_server) to lifecycle manager.
[amcl-2] [INFO] [1775404312.917352403] [amcl]: Received a 185 X 172 map @ 0.050 m/pix
[lifecycle_manager-3] [INFO] [1775404313.033310324] [lifecycle_manager_localization]: Server map_server connected with bond.
[lifecycle_manager-3] [INFO] [1775404313.033468567] [lifecycle_manager_localization]: [34m[1mActivating amcl[0m[0m
[amcl-2] [INFO] [1775404313.034859373] [amcl]: Activating
[amcl-2] [INFO] [1775404313.034993711] [amcl]: Creating bond (amcl) to lifecycle manager.
[amcl-2] [INFO] [1775404313.127951136] [amcl]: createLaserObject
[lifecycle_manager-3] [INFO] [1775404313.151621947] [lifecycle_manager_localization]: Server amcl connected with bond.
[lifecycle_manager-3] [INFO] [1775404313.151762141] [lifecycle_manager_localization]: [34m[1mManaged nodes are active[0m[0m
[lifecycle_manager-3] [INFO] [1775404313.151808734] [lifecycle_manager_localization]: [34m[1mCreating bond timer...[0m[0m
[amcl-2] [INFO] [1775404313.992715700] [amcl]: Message Filter dropping message: frame 'laser' at time 1775404312.857 for reason 'the timestamp on the message is earlier than all the data in the transform cache'
[amcl-2] [WARN] [1775404314.933247679] [amcl]: AMCL cannot publish a pose or update the transform. Please set the initial pose...
[amcl-2] [WARN] [1775404317.008404706] [amcl]: AMCL cannot publish a pose or update the transform. Please set the initial pose...
[amcl-2] [WARN] [1775404319.084488883] [amcl]: AMCL cannot publish a pose or update the transform. Please set the initial pose...
[amcl-2] [WARN] [1775404321.160198848] [amcl]: AMCL cannot publish a pose or update the transform. Please set the initial pose...
[amcl-2] [WARN] [1775404323.235676011] [amcl]: AMCL cannot publish a pose or update the transform. Please set the initial pose...
[amcl-2] [WARN] [1775404325.310713648] [amcl]: AMCL cannot publish a pose or update the transform. Please set the initial pose...
[amcl-2] [INFO] [1775404326.140588271] [amcl]: initialPoseReceived
[amcl-2] [WARN] [1775404326.140857043] [amcl]: Failed to transform initial pose in time (Lookup would require extrapolation into the future.  Requested time 1775404326.140719 but the latest data is at time 1775404326.110036, when looking up transform from frame [base_footprint] to frame [odom])
[amcl-2] [INFO] [1775404326.140899476] [amcl]: Setting pose (1775404326.140897): 0.000 0.000 0.000
[map_server-1] [WARN] [1775404326.856988410] [rcl_lifecycle]: No transition matching 1 found for current state active
[map_server-1] [WARN] [1775404326.857084283] [rcl_lifecycle]: No transition matching 1 found for current state active
[map_server-1] [ERROR] [1775404326.857247486] [map_server]: Unable to start transition 1 from current state active: Transition is not registered., at ./src/rcl_lifecycle.c:355
[amcl-2] [INFO] [1775404339.715201191] [amcl]: initialPoseReceived
[amcl-2] [WARN] [1775404339.715489068] [amcl]: Failed to transform initial pose in time (Lookup would require extrapolation into the future.  Requested time 1775404339.715364 but the latest data is at time 1775404339.661105, when looking up transform from frame [base_footprint] to frame [odom])
[amcl-2] [INFO] [1775404339.715547853] [amcl]: Setting pose (1775404339.715546): 0.000 0.000 0.000
