[INFO] [1775413431.429594593] [exp4_maze_navigation]: Experiment 4 — Maze Navigation starting ...
[INFO] [1775413431.434130938] [exp4_maze_navigation]:   S=(0.0, 0.0)  T=(2.525, 3.035)  Euclidean=3.95 m  MaxPath=5.92 m
[INFO] [1775413434.549049136] [exp4_maze_navigation]: 
--- Trial 1/2 ---
[INFO] [1775413434.550714914] [exp4_maze_navigation]: Return robot to S=(0.0, 0.0) and verify AMCL localisation. Auto-starting trial in 3 seconds ...
[INFO] [1775413474.208495187] [exp4_maze_navigation]:   FAIL  Path=1.40 m  Time=36.7 s  Replans=9  Failure=nav2_status_6  Running efficiency=0.0 %
[INFO] [1775413474.210086027] [exp4_maze_navigation]: 
--- Trial 2/2 ---
[INFO] [1775413474.211878625] [exp4_maze_navigation]: Return robot to S=(0.0, 0.0) and verify AMCL localisation. Auto-starting trial in 3 seconds ...
[INFO] [1775413528.164791211] [exp4_maze_navigation]:   FAIL  Path=1.86 m  Time=50.9 s  Replans=20  Failure=nav2_status_6  Running efficiency=0.0 %
[DataLogger] Writing to /home/jetson/formica_experiments/data/exp4_maze_20260405_182351.csv

============================================================
  Experiment 4 — Final Navigation Efficiency
============================================================
  Trials: 2  Successes: 0
  Efficiency: 0.0 %  (target ≥ 89.0 %)  FAIL
============================================================


============================================================
  EXPERIMENT SUMMARY — EXP 4 — Maze Navigation
============================================================
  Trial    Metric                         Value        Unit
------------------------------------------------------------
  1        path_length                    1.3958       m
  1        time_to_target                 36.6523      s
  1        replan_events                  9.0000       
  2        path_length                    1.8607       m
  2        time_to_target                 50.9472      s
  2        replan_events                  20.0000      
  0        Final efficiency               0.0000       %
============================================================

[DataLogger] Closed /home/jetson/formica_experiments/data/exp4_maze_20260405_182351.csv
