[INFO] [launch]: All log files can be found below /home/jetson/.ros/log/2026-04-06-03-01-04-557088-chandan-55942
[INFO] [launch]: Default logging verbosity is set to INFO
[INFO] [map_server-1]: process started with pid [55973]
[INFO] [amcl-2]: process started with pid [55975]
[INFO] [lifecycle_manager-3]: process started with pid [55977]
[lifecycle_manager-3] [INFO] [1775415665.669777995] [lifecycle_manager_localization]: Creating
[lifecycle_manager-3] [INFO] [1775415665.747253717] [lifecycle_manager_localization]: [34m[1mCreating and initializing lifecycle service clients[0m[0m
[amcl-2] [INFO] [1775415665.877197700] [amcl]: 
[amcl-2] 	amcl lifecycle node launched. 
[amcl-2] 	Waiting on external lifecycle transitions to activate
[amcl-2] 	See https://design.ros2.org/articles/node_lifecycle.html for more information.
[amcl-2] [INFO] [1775415665.883769730] [amcl]: Creating
[map_server-1] [INFO] [1775415666.283910097] [map_server]: 
[map_server-1] 	map_server lifecycle node launched. 
[map_server-1] 	Waiting on external lifecycle transitions to activate
[map_server-1] 	See https://design.ros2.org/articles/node_lifecycle.html for more information.
[map_server-1] [INFO] [1775415666.284341742] [map_server]: Creating
[lifecycle_manager-3] [INFO] [1775415667.619643836] [lifecycle_manager_localization]: [34m[1mStarting managed nodes bringup...[0m[0m
[lifecycle_manager-3] [INFO] [1775415667.621955873] [lifecycle_manager_localization]: [34m[1mConfiguring map_server[0m[0m
[map_server-1] [INFO] [1775415667.627621022] [map_server]: Configuring
[map_server-1] [INFO] [1775415667.627797783] [map_io]: Loading yaml file: /home/jetson/formica_map.yaml
[map_server-1] [INFO] [1775415667.628308671] [map_io]: resolution: 0.05
[map_server-1] [INFO] [1775415667.628342595] [map_io]: origin[0]: -5.9
[map_server-1] [INFO] [1775415667.628353573] [map_io]: origin[1]: -2.99
[map_server-1] [INFO] [1775415667.628360326] [map_io]: origin[2]: 0
[map_server-1] [INFO] [1775415667.628366183] [map_io]: free_thresh: 0.25
[map_server-1] [INFO] [1775415667.628371911] [map_io]: occupied_thresh: 0.65
[map_server-1] [INFO] [1775415667.628379496] [map_io]: mode: trinary
[map_server-1] [INFO] [1775415667.628388650] [map_io]: negate: 0
[map_server-1] [INFO] [1775415667.628738523] [map_io]: Loading image_file: /home/jetson/formica_map.pgm
[map_server-1] [INFO] [1775415667.635449355] [map_io]: Read map /home/jetson/formica_map.pgm: 185 X 172 map @ 0.05 m/cell
[lifecycle_manager-3] [INFO] [1775415667.673314138] [lifecycle_manager_localization]: [34m[1mConfiguring amcl[0m[0m
[amcl-2] [INFO] [1775415667.677329999] [amcl]: Configuring
[amcl-2] [INFO] [1775415667.677557006] [amcl]: initTransforms
[amcl-2] [INFO] [1775415667.739722968] [amcl]: initPubSub
[amcl-2] [INFO] [1775415667.772456692] [amcl]: Subscribed to map topic.
[lifecycle_manager-3] [INFO] [1775415667.807785310] [lifecycle_manager_localization]: [34m[1mActivating map_server[0m[0m
[map_server-1] [INFO] [1775415667.809709069] [map_server]: Activating
[map_server-1] [INFO] [1775415667.810509181] [map_server]: Creating bond (map_server) to lifecycle manager.
[amcl-2] [INFO] [1775415667.810817833] [amcl]: Received a 185 X 172 map @ 0.050 m/pix
[lifecycle_manager-3] [INFO] [1775415667.933348222] [lifecycle_manager_localization]: Server map_server connected with bond.
[lifecycle_manager-3] [INFO] [1775415667.933458701] [lifecycle_manager_localization]: [34m[1mActivating amcl[0m[0m
[amcl-2] [INFO] [1775415667.935114518] [amcl]: Activating
[amcl-2] [INFO] [1775415667.935228646] [amcl]: Creating bond (amcl) to lifecycle manager.
[lifecycle_manager-3] [INFO] [1775415668.055620934] [lifecycle_manager_localization]: Server amcl connected with bond.
[lifecycle_manager-3] [INFO] [1775415668.055785597] [lifecycle_manager_localization]: [34m[1mManaged nodes are active[0m[0m
[lifecycle_manager-3] [INFO] [1775415668.055817474] [lifecycle_manager_localization]: [34m[1mCreating bond timer...[0m[0m
[amcl-2] [INFO] [1775415668.850414318] [amcl]: Message Filter dropping message: frame 'laser' at time 1775415667.715 for reason 'the timestamp on the message is earlier than all the data in the transform cache'
[amcl-2] [INFO] [1775415671.417282075] [amcl]: Message Filter dropping message: frame 'laser' at time 1775415670.282 for reason 'the timestamp on the message is earlier than all the data in the transform cache'
[amcl-2] [INFO] [1775415673.984699485] [amcl]: Message Filter dropping message: frame 'laser' at time 1775415672.849 for reason 'the timestamp on the message is earlier than all the data in the transform cache'
[amcl-2] [INFO] [1775415676.539598946] [amcl]: Message Filter dropping message: frame 'laser' at time 1775415675.405 for reason 'the timestamp on the message is earlier than all the data in the transform cache'
[amcl-2] [INFO] [1775415679.121605437] [amcl]: Message Filter dropping message: frame 'laser' at time 1775415677.972 for reason 'the timestamp on the message is earlier than all the data in the transform cache'
[amcl-2] [INFO] [1775415681.675044511] [amcl]: Message Filter dropping message: frame 'laser' at time 1775415680.539 for reason 'the timestamp on the message is earlier than all the data in the transform cache'
[amcl-2] [INFO] [1775415684.242143002] [amcl]: Message Filter dropping message: frame 'laser' at time 1775415683.106 for reason 'the timestamp on the message is earlier than all the data in the transform cache'
[amcl-2] [INFO] [1775415686.808973143] [amcl]: Message Filter dropping message: frame 'laser' at time 1775415685.674 for reason 'the timestamp on the message is earlier than all the data in the transform cache'
[amcl-2] [INFO] [1775415689.363716123] [amcl]: Message Filter dropping message: frame 'laser' at time 1775415688.228 for reason 'the timestamp on the message is earlier than all the data in the transform cache'
[map_server-1] [WARN] [1775415691.309730876] [rcl_lifecycle]: No transition matching 1 found for current state active
[map_server-1] [WARN] [1775415691.312210768] [rcl_lifecycle]: No transition matching 1 found for current state active
[map_server-1] [ERROR] [1775415691.314309680] [map_server]: Unable to start transition 1 from current state active: Transition is not registered., at ./src/rcl_lifecycle.c:355
[amcl-2] [INFO] [1775415691.940589124] [amcl]: Message Filter dropping message: frame 'laser' at time 1775415690.796 for reason 'the timestamp on the message is earlier than all the data in the transform cache'
[amcl-2] [INFO] [1775415694.498644212] [amcl]: Message Filter dropping message: frame 'laser' at time 1775415693.363 for reason 'the timestamp on the message is earlier than all the data in the transform cache'
[amcl-2] [INFO] [1775415696.658778346] [amcl]: initialPoseReceived
[amcl-2] [INFO] [1775415696.664225778] [amcl]: Setting pose (1775415696.664222): 0.000 0.000 0.000
[amcl-2] [INFO] [1775415697.065408771] [amcl]: Message Filter dropping message: frame 'laser' at time 1775415695.930 for reason 'the timestamp on the message is earlier than all the data in the transform cache'
[amcl-2] [INFO] [1775415699.633608796] [amcl]: Message Filter dropping message: frame 'laser' at time 1775415698.498 for reason 'the timestamp on the message is earlier than all the data in the transform cache'
[amcl-2] [INFO] [1775415702.187715602] [amcl]: Message Filter dropping message: frame 'laser' at time 1775415701.052 for reason 'the timestamp on the message is earlier than all the data in the transform cache'
[amcl-2] [INFO] [1775415704.755860604] [amcl]: Message Filter dropping message: frame 'laser' at time 1775415703.620 for reason 'the timestamp on the message is earlier than all the data in the transform cache'
[amcl-2] [INFO] [1775415707.323707020] [amcl]: Message Filter dropping message: frame 'laser' at time 1775415706.187 for reason 'the timestamp on the message is earlier than all the data in the transform cache'
[amcl-2] [INFO] [1775415710.004393361] [amcl]: Message Filter dropping message: frame 'laser' at time 1775415708.754 for reason 'the timestamp on the message is earlier than all the data in the transform cache'
[amcl-2] [INFO] [1775415712.597769300] [amcl]: Message Filter dropping message: frame 'laser' at time 1775415711.444 for reason 'the timestamp on the message is earlier than all the data in the transform cache'
[amcl-2] [INFO] [1775415715.188300122] [amcl]: Message Filter dropping message: frame 'laser' at time 1775415714.012 for reason 'the timestamp on the message is earlier than all the data in the transform cache'
[amcl-2] [INFO] [1775415717.714171466] [amcl]: Message Filter dropping message: frame 'laser' at time 1775415716.579 for reason 'the timestamp on the message is earlier than all the data in the transform cache'
[amcl-2] [INFO] [1775415720.269551673] [amcl]: Message Filter dropping message: frame 'laser' at time 1775415719.134 for reason 'the timestamp on the message is earlier than all the data in the transform cache'
[amcl-2] [INFO] [1775415722.836321860] [amcl]: Message Filter dropping message: frame 'laser' at time 1775415721.701 for reason 'the timestamp on the message is earlier than all the data in the transform cache'
[amcl-2] [INFO] [1775415725.405730670] [amcl]: Message Filter dropping message: frame 'laser' at time 1775415724.268 for reason 'the timestamp on the message is earlier than all the data in the transform cache'
[amcl-2] [INFO] [1775415727.960296435] [amcl]: Message Filter dropping message: frame 'laser' at time 1775415726.823 for reason 'the timestamp on the message is earlier than all the data in the transform cache'
[amcl-2] [INFO] [1775415730.526286652] [amcl]: Message Filter dropping message: frame 'laser' at time 1775415729.390 for reason 'the timestamp on the message is earlier than all the data in the transform cache'
[amcl-2] [INFO] [1775415733.092871463] [amcl]: Message Filter dropping message: frame 'laser' at time 1775415731.958 for reason 'the timestamp on the message is earlier than all the data in the transform cache'
[amcl-2] [INFO] [1775415735.648101995] [amcl]: Message Filter dropping message: frame 'laser' at time 1775415734.513 for reason 'the timestamp on the message is earlier than all the data in the transform cache'
[amcl-2] [INFO] [1775415738.218397627] [amcl]: Message Filter dropping message: frame 'laser' at time 1775415737.080 for reason 'the timestamp on the message is earlier than all the data in the transform cache'
[amcl-2] [INFO] [1775415740.786358459] [amcl]: Message Filter dropping message: frame 'laser' at time 1775415739.647 for reason 'the timestamp on the message is earlier than all the data in the transform cache'
[amcl-2] [INFO] [1775415743.337321982] [amcl]: Message Filter dropping message: frame 'laser' at time 1775415742.202 for reason 'the timestamp on the message is earlier than all the data in the transform cache'
[amcl-2] [INFO] [1775415745.908851317] [amcl]: Message Filter dropping message: frame 'laser' at time 1775415744.770 for reason 'the timestamp on the message is earlier than all the data in the transform cache'
[amcl-2] [INFO] [1775415748.476833662] [amcl]: Message Filter dropping message: frame 'laser' at time 1775415747.338 for reason 'the timestamp on the message is earlier than all the data in the transform cache'
[amcl-2] [INFO] [1775415751.026890347] [amcl]: Message Filter dropping message: frame 'laser' at time 1775415749.892 for reason 'the timestamp on the message is earlier than all the data in the transform cache'
[amcl-2] [INFO] [1775415753.594048830] [amcl]: Message Filter dropping message: frame 'laser' at time 1775415752.459 for reason 'the timestamp on the message is earlier than all the data in the transform cache'
[amcl-2] [INFO] [1775415756.176792152] [amcl]: Message Filter dropping message: frame 'laser' at time 1775415755.033 for reason 'the timestamp on the message is earlier than all the data in the transform cache'
[amcl-2] [INFO] [1775415758.718271385] [amcl]: Message Filter dropping message: frame 'laser' at time 1775415757.581 for reason 'the timestamp on the message is earlier than all the data in the transform cache'
[amcl-2] [INFO] [1775415761.283790264] [amcl]: Message Filter dropping message: frame 'laser' at time 1775415760.148 for reason 'the timestamp on the message is earlier than all the data in the transform cache'
[amcl-2] [INFO] [1775415763.842129846] [amcl]: Message Filter dropping message: frame 'laser' at time 1775415762.703 for reason 'the timestamp on the message is earlier than all the data in the transform cache'
