[INFO] [launch]: All log files can be found below /home/jetson/.ros/log/2026-04-06-04-50-34-015663-chandan-34320
[INFO] [launch]: Default logging verbosity is set to INFO
[INFO] [controller_server-1]: process started with pid [34322]
[INFO] [smoother_server-2]: process started with pid [34324]
[INFO] [planner_server-3]: process started with pid [34326]
[INFO] [behavior_server-4]: process started with pid [34328]
[INFO] [bt_navigator-5]: process started with pid [34330]
[INFO] [waypoint_follower-6]: process started with pid [34332]
[INFO] [velocity_smoother-7]: process started with pid [34357]
[INFO] [lifecycle_manager-8]: process started with pid [34369]
[planner_server-3] [INFO] [1775422234.689451188] [planner_server]: 
[planner_server-3] 	planner_server lifecycle node launched. 
[planner_server-3] 	Waiting on external lifecycle transitions to activate
[planner_server-3] 	See https://design.ros2.org/articles/node_lifecycle.html for more information.
[planner_server-3] [INFO] [1775422234.695458038] [planner_server]: Creating
[bt_navigator-5] [INFO] [1775422234.699393344] [bt_navigator]: 
[bt_navigator-5] 	bt_navigator lifecycle node launched. 
[bt_navigator-5] 	Waiting on external lifecycle transitions to activate
[bt_navigator-5] 	See https://design.ros2.org/articles/node_lifecycle.html for more information.
[bt_navigator-5] [INFO] [1775422234.699760650] [bt_navigator]: Creating
[smoother_server-2] [INFO] [1775422234.719846472] [smoother_server]: 
[smoother_server-2] 	smoother_server lifecycle node launched. 
[smoother_server-2] 	Waiting on external lifecycle transitions to activate
[smoother_server-2] 	See https://design.ros2.org/articles/node_lifecycle.html for more information.
[smoother_server-2] [INFO] [1775422234.782387678] [smoother_server]: Creating smoother server
[controller_server-1] [INFO] [1775422234.839075734] [controller_server]: 
[controller_server-1] 	controller_server lifecycle node launched. 
[controller_server-1] 	Waiting on external lifecycle transitions to activate
[controller_server-1] 	See https://design.ros2.org/articles/node_lifecycle.html for more information.
[behavior_server-4] [INFO] [1775422234.921142971] [behavior_server]: 
[behavior_server-4] 	behavior_server lifecycle node launched. 
[behavior_server-4] 	Waiting on external lifecycle transitions to activate
[behavior_server-4] 	See https://design.ros2.org/articles/node_lifecycle.html for more information.
[controller_server-1] [INFO] [1775422234.987185616] [controller_server]: Creating controller server
[lifecycle_manager-8] [INFO] [1775422235.237064925] [lifecycle_manager_navigation]: Creating
[waypoint_follower-6] [INFO] [1775422235.260951009] [waypoint_follower]: 
[waypoint_follower-6] 	waypoint_follower lifecycle node launched. 
[waypoint_follower-6] 	Waiting on external lifecycle transitions to activate
[waypoint_follower-6] 	See https://design.ros2.org/articles/node_lifecycle.html for more information.
[waypoint_follower-6] [INFO] [1775422235.308475618] [waypoint_follower]: Creating
[lifecycle_manager-8] [INFO] [1775422235.325689873] [lifecycle_manager_navigation]: [34m[1mCreating and initializing lifecycle service clients[0m[0m
[planner_server-3] [INFO] [1775422235.487342902] [global_costmap.global_costmap]: 
[planner_server-3] 	global_costmap lifecycle node launched. 
[planner_server-3] 	Waiting on external lifecycle transitions to activate
[planner_server-3] 	See https://design.ros2.org/articles/node_lifecycle.html for more information.
[planner_server-3] [INFO] [1775422235.488987106] [global_costmap.global_costmap]: Creating Costmap
[velocity_smoother-7] [INFO] [1775422235.517579364] [velocity_smoother]: 
[velocity_smoother-7] 	velocity_smoother lifecycle node launched. 
[velocity_smoother-7] 	Waiting on external lifecycle transitions to activate
[velocity_smoother-7] 	See https://design.ros2.org/articles/node_lifecycle.html for more information.
[controller_server-1] [INFO] [1775422235.948854794] [local_costmap.local_costmap]: 
[controller_server-1] 	local_costmap lifecycle node launched. 
[controller_server-1] 	Waiting on external lifecycle transitions to activate
[controller_server-1] 	See https://design.ros2.org/articles/node_lifecycle.html for more information.
[controller_server-1] [INFO] [1775422235.960291166] [local_costmap.local_costmap]: Creating Costmap
[lifecycle_manager-8] [INFO] [1775422236.226172856] [lifecycle_manager_navigation]: [34m[1mStarting managed nodes bringup...[0m[0m
[lifecycle_manager-8] [INFO] [1775422236.226421726] [lifecycle_manager_navigation]: [34m[1mConfiguring controller_server[0m[0m
[controller_server-1] [INFO] [1775422236.227142738] [controller_server]: Configuring controller interface
[controller_server-1] [INFO] [1775422236.230003743] [controller_server]: getting goal checker plugins..
[controller_server-1] [INFO] [1775422236.230630928] [controller_server]: Controller frequency set to 10.0000Hz
[controller_server-1] [INFO] [1775422236.230745299] [local_costmap.local_costmap]: Configuring
[controller_server-1] [INFO] [1775422236.330892764] [local_costmap.local_costmap]: Using plugin "obstacle_layer"
[controller_server-1] [INFO] [1775422236.412496338] [local_costmap.local_costmap]: Subscribed to Topics: scan
[controller_server-1] [INFO] [1775422236.485358300] [local_costmap.local_costmap]: Initialized plugin "obstacle_layer"
[controller_server-1] [INFO] [1775422236.485550881] [local_costmap.local_costmap]: Using plugin "inflation_layer"
[controller_server-1] [INFO] [1775422236.504876458] [local_costmap.local_costmap]: Initialized plugin "inflation_layer"
[controller_server-1] [INFO] [1775422236.828884320] [controller_server]: Created progress_checker : progress_checker of type nav2_controller::PoseProgressChecker
[controller_server-1] [INFO] [1775422236.847719675] [controller_server]: Created goal checker : goal_checker of type nav2_controller::SimpleGoalChecker
[controller_server-1] [INFO] [1775422236.855075329] [controller_server]: Controller Server has goal_checker  goal checkers available.
[controller_server-1] [INFO] [1775422236.864041875] [controller_server]: Created controller : FollowPath of type dwb_core::DWBLocalPlanner
[controller_server-1] [INFO] [1775422236.873934781] [controller_server]: Setting transform_tolerance to 0.200000
[controller_server-1] [INFO] [1775422236.999778426] [controller_server]: Using critic "RotateToGoal" (dwb_critics::RotateToGoalCritic)
[controller_server-1] [INFO] [1775422237.006415597] [controller_server]: Critic plugin initialized
[controller_server-1] [INFO] [1775422237.007817715] [controller_server]: Using critic "Oscillation" (dwb_critics::OscillationCritic)
[controller_server-1] [INFO] [1775422237.014140381] [controller_server]: Critic plugin initialized
[controller_server-1] [INFO] [1775422237.015684327] [controller_server]: Using critic "BaseObstacle" (dwb_critics::BaseObstacleCritic)
[controller_server-1] [INFO] [1775422237.018362287] [controller_server]: Critic plugin initialized
[controller_server-1] [INFO] [1775422237.020161535] [controller_server]: Using critic "GoalAlign" (dwb_critics::GoalAlignCritic)
[controller_server-1] [INFO] [1775422237.024568598] [controller_server]: Critic plugin initialized
[controller_server-1] [INFO] [1775422237.025535760] [controller_server]: Using critic "PathAlign" (dwb_critics::PathAlignCritic)
[controller_server-1] [INFO] [1775422237.029858756] [controller_server]: Critic plugin initialized
[controller_server-1] [INFO] [1775422237.031618644] [controller_server]: Using critic "PathDist" (dwb_critics::PathDistCritic)
[controller_server-1] [INFO] [1775422237.034903436] [controller_server]: Critic plugin initialized
[controller_server-1] [INFO] [1775422237.036299666] [controller_server]: Using critic "GoalDist" (dwb_critics::GoalDistCritic)
[controller_server-1] [INFO] [1775422237.039026651] [controller_server]: Critic plugin initialized
[controller_server-1] [INFO] [1775422237.039120669] [controller_server]: Controller Server has FollowPath  controllers available.
[lifecycle_manager-8] [INFO] [1775422237.088959323] [lifecycle_manager_navigation]: [34m[1mConfiguring smoother_server[0m[0m
[smoother_server-2] [INFO] [1775422237.089517034] [smoother_server]: Configuring smoother server
[smoother_server-2] [INFO] [1775422237.128151002] [smoother_server]: Created smoother : simple_smoother of type nav2_smoother::SimpleSmoother
[smoother_server-2] [INFO] [1775422237.135029619] [smoother_server]: Smoother Server has simple_smoother  smoothers available.
[lifecycle_manager-8] [INFO] [1775422237.169580437] [lifecycle_manager_navigation]: [34m[1mConfiguring planner_server[0m[0m
[planner_server-3] [INFO] [1775422237.170088227] [planner_server]: Configuring
[planner_server-3] [INFO] [1775422237.170190566] [global_costmap.global_costmap]: Configuring
[planner_server-3] [INFO] [1775422237.198869289] [global_costmap.global_costmap]: Using plugin "static_layer"
[planner_server-3] [INFO] [1775422237.208718067] [global_costmap.global_costmap]: Subscribing to the map topic (/map) with transient local durability
[planner_server-3] [INFO] [1775422237.215582059] [global_costmap.global_costmap]: Initialized plugin "static_layer"
[planner_server-3] [INFO] [1775422237.272698957] [global_costmap.global_costmap]: StaticLayer: Resizing costmap to 185 X 172 at 0.050000 m/pix
[planner_server-3] [INFO] [1775422237.273076535] [planner_server]: Created global planner plugin GridBased of type nav2_navfn_planner/NavfnPlanner
[planner_server-3] [INFO] [1775422237.273153273] [planner_server]: Configuring plugin GridBased of type NavfnPlanner
[planner_server-3] [INFO] [1775422237.274569311] [planner_server]: Planner Server has GridBased  planners available.
[lifecycle_manager-8] [INFO] [1775422237.334910775] [lifecycle_manager_navigation]: [34m[1mConfiguring behavior_server[0m[0m
[behavior_server-4] [INFO] [1775422237.335473542] [behavior_server]: Configuring
[behavior_server-4] [INFO] [1775422237.377193353] [behavior_server]: Creating behavior plugin spin of type nav2_behaviors/Spin
[behavior_server-4] [INFO] [1775422237.380063735] [behavior_server]: Configuring spin
[behavior_server-4] [INFO] [1775422237.424031926] [behavior_server]: Creating behavior plugin backup of type nav2_behaviors/BackUp
[behavior_server-4] [INFO] [1775422237.428110148] [behavior_server]: Configuring backup
[behavior_server-4] [INFO] [1775422237.462399743] [behavior_server]: Creating behavior plugin drive_on_heading of type nav2_behaviors/DriveOnHeading
[behavior_server-4] [INFO] [1775422237.464424886] [behavior_server]: Configuring drive_on_heading
[behavior_server-4] [INFO] [1775422237.492591116] [behavior_server]: Creating behavior plugin assisted_teleop of type nav2_behaviors/AssistedTeleop
[behavior_server-4] [INFO] [1775422237.497502768] [behavior_server]: Configuring assisted_teleop
[behavior_server-4] [INFO] [1775422237.518384354] [behavior_server]: Creating behavior plugin wait of type nav2_behaviors/Wait
[behavior_server-4] [INFO] [1775422237.519997901] [behavior_server]: Configuring wait
[lifecycle_manager-8] [INFO] [1775422237.552843137] [lifecycle_manager_navigation]: [34m[1mConfiguring bt_navigator[0m[0m
[bt_navigator-5] [INFO] [1775422237.553802939] [bt_navigator]: Configuring
[lifecycle_manager-8] [INFO] [1775422237.816292661] [lifecycle_manager_navigation]: [34m[1mConfiguring waypoint_follower[0m[0m
[waypoint_follower-6] [INFO] [1775422237.816983015] [waypoint_follower]: Configuring
[waypoint_follower-6] [INFO] [1775422237.888944632] [waypoint_follower]: Created waypoint_task_executor : wait_at_waypoint of type nav2_waypoint_follower::WaitAtWaypoint
[waypoint_follower-6] [INFO] [1775422237.891949321] [waypoint_follower]: Waypoint pause duration is set to zero, disabling task executor plugin.
[lifecycle_manager-8] [INFO] [1775422237.894097059] [lifecycle_manager_navigation]: [34m[1mConfiguring velocity_smoother[0m[0m
[velocity_smoother-7] [INFO] [1775422237.895342565] [velocity_smoother]: Configuring velocity smoother
[lifecycle_manager-8] [INFO] [1775422237.922234937] [lifecycle_manager_navigation]: [34m[1mActivating controller_server[0m[0m
[controller_server-1] [INFO] [1775422237.922767975] [controller_server]: Activating
[controller_server-1] [INFO] [1775422237.922880426] [local_costmap.local_costmap]: Activating
[controller_server-1] [INFO] [1775422237.922919179] [local_costmap.local_costmap]: Checking transform
[controller_server-1] [INFO] [1775422237.923179954] [local_costmap.local_costmap]: start
[controller_server-1] [INFO] [1775422238.125547511] [controller_server]: Creating bond (controller_server) to lifecycle manager.
[lifecycle_manager-8] [INFO] [1775422238.237801667] [lifecycle_manager_navigation]: Server controller_server connected with bond.
[lifecycle_manager-8] [INFO] [1775422238.237953703] [lifecycle_manager_navigation]: [34m[1mActivating smoother_server[0m[0m
[smoother_server-2] [INFO] [1775422238.239400334] [smoother_server]: Activating
[smoother_server-2] [INFO] [1775422238.239535538] [smoother_server]: Creating bond (smoother_server) to lifecycle manager.
[lifecycle_manager-8] [INFO] [1775422238.355284252] [lifecycle_manager_navigation]: Server smoother_server connected with bond.
[lifecycle_manager-8] [INFO] [1775422238.355430048] [lifecycle_manager_navigation]: [34m[1mActivating planner_server[0m[0m
[planner_server-3] [INFO] [1775422238.356468316] [planner_server]: Activating
[planner_server-3] [INFO] [1775422238.356642240] [global_costmap.global_costmap]: Activating
[planner_server-3] [INFO] [1775422238.356691042] [global_costmap.global_costmap]: Checking transform
[planner_server-3] [INFO] [1775422238.357314450] [global_costmap.global_costmap]: start
[planner_server-3] [INFO] [1775422239.407574763] [planner_server]: Activating plugin GridBased of type NavfnPlanner
[planner_server-3] [INFO] [1775422239.413612845] [planner_server]: Creating bond (planner_server) to lifecycle manager.
[lifecycle_manager-8] [INFO] [1775422239.529168880] [lifecycle_manager_navigation]: Server planner_server connected with bond.
[lifecycle_manager-8] [INFO] [1775422239.529335253] [lifecycle_manager_navigation]: [34m[1mActivating behavior_server[0m[0m
[behavior_server-4] [INFO] [1775422239.530374961] [behavior_server]: Activating
[behavior_server-4] [INFO] [1775422239.530477300] [behavior_server]: Activating spin
[behavior_server-4] [INFO] [1775422239.530529621] [behavior_server]: Activating backup
[behavior_server-4] [INFO] [1775422239.530567926] [behavior_server]: Activating drive_on_heading
[behavior_server-4] [INFO] [1775422239.530605495] [behavior_server]: Activating assisted_teleop
[behavior_server-4] [INFO] [1775422239.530641144] [behavior_server]: Activating wait
[behavior_server-4] [INFO] [1775422239.530689113] [behavior_server]: Creating bond (behavior_server) to lifecycle manager.
[lifecycle_manager-8] [INFO] [1775422239.653624643] [lifecycle_manager_navigation]: Server behavior_server connected with bond.
[lifecycle_manager-8] [INFO] [1775422239.653772903] [lifecycle_manager_navigation]: [34m[1mActivating bt_navigator[0m[0m
[bt_navigator-5] [INFO] [1775422239.654922726] [bt_navigator]: Activating
[bt_navigator-5] [INFO] [1775422239.908207552] [bt_navigator]: Creating bond (bt_navigator) to lifecycle manager.
[lifecycle_manager-8] [INFO] [1775422240.025650293] [lifecycle_manager_navigation]: Server bt_navigator connected with bond.
[lifecycle_manager-8] [INFO] [1775422240.025811066] [lifecycle_manager_navigation]: [34m[1mActivating waypoint_follower[0m[0m
[waypoint_follower-6] [INFO] [1775422240.026990713] [waypoint_follower]: Activating
[waypoint_follower-6] [INFO] [1775422240.027118941] [waypoint_follower]: Creating bond (waypoint_follower) to lifecycle manager.
[lifecycle_manager-8] [INFO] [1775422240.160151764] [lifecycle_manager_navigation]: Server waypoint_follower connected with bond.
[lifecycle_manager-8] [INFO] [1775422240.160296632] [lifecycle_manager_navigation]: [34m[1mActivating velocity_smoother[0m[0m
[velocity_smoother-7] [INFO] [1775422240.161419638] [velocity_smoother]: Activating
[velocity_smoother-7] [INFO] [1775422240.161638332] [velocity_smoother]: Creating bond (velocity_smoother) to lifecycle manager.
[lifecycle_manager-8] [INFO] [1775422240.295265731] [lifecycle_manager_navigation]: Server velocity_smoother connected with bond.
[lifecycle_manager-8] [INFO] [1775422240.295409062] [lifecycle_manager_navigation]: [34m[1mManaged nodes are active[0m[0m
[lifecycle_manager-8] [INFO] [1775422240.295456264] [lifecycle_manager_navigation]: [34m[1mCreating bond timer...[0m[0m
[bt_navigator-5] [INFO] [1775422316.345289859] [bt_navigator]: Begin navigating from current location (0.01, -0.02) to (2.52, 3.04)
[controller_server-1] [INFO] [1775422316.447669815] [controller_server]: Received a goal, begin computing control effort.
[controller_server-1] [WARN] [1775422316.447902237] [controller_server]: No goal checker was specified in parameter 'current_goal_checker'. Server will use only plugin loaded goal_checker . This warning will appear once.
[controller_server-1] [INFO] [1775422736.448562527] [controller_server]: Goal was canceled. Stopping the robot.
[controller_server-1] [INFO] [1775422736.448742307] [controller_server]: [follow_path] [ActionServer] Client requested to cancel the goal. Cancelling.
[bt_navigator-5] [INFO] [1775422736.451543169] [bt_navigator]: [navigate_to_pose] [ActionServer] Client requested to cancel the goal. Cancelling.
[bt_navigator-5] [INFO] [1775422736.452249617] [bt_navigator]: Goal canceled
[bt_navigator-5] [INFO] [1775422739.359158571] [bt_navigator]: Begin navigating from current location (1.15, 0.74) to (2.52, 3.04)
[controller_server-1] [INFO] [1775422739.460761463] [controller_server]: Received a goal, begin computing control effort.
[controller_server-1] [WARN] [1775422923.163258976] [controller_server]: Resulting plan has 0 poses in it.
[controller_server-1] [WARN] [1775422923.262815464] [controller_server]: Resulting plan has 0 poses in it.
[controller_server-1] [WARN] [1775422923.362595669] [controller_server]: Received plan with zero length
[controller_server-1] [WARN] [1775422923.462532934] [controller_server]: Received plan with zero length
[controller_server-1] [WARN] [1775422923.562581497] [controller_server]: Received plan with zero length
[controller_server-1] [WARN] [1775422923.662532617] [controller_server]: Received plan with zero length
[controller_server-1] [ERROR] [1775422923.662733774] [controller_server]: Controller patience exceeded
[controller_server-1] [WARN] [1775422923.663040980] [controller_server]: [follow_path] [ActionServer] Aborting handle.
[controller_server-1] [INFO] [1775422923.760103175] [local_costmap.local_costmap]: Received request to clear entirely the local_costmap
[controller_server-1] [INFO] [1775422923.761976559] [controller_server]: Received a goal, begin computing control effort.
[controller_server-1] [WARN] [1775422923.947564288] [controller_server]: Control loop missed its desired rate of 10.0000Hz
[smoother_server-2] [INFO] [1775422997.440165929] [rclcpp]: signal_handler(SIGINT/SIGTERM)
[smoother_server-2] [INFO] [1775422997.440349389] [smoother_server]: Running Nav2 LifecycleNode rcl preshutdown (smoother_server)
[smoother_server-2] [INFO] [1775422997.440519313] [smoother_server]: Deactivating
[smoother_server-2] [INFO] [1775422997.440590322] [smoother_server]: Destroying bond (smoother_server) to lifecycle manager.
[waypoint_follower-6] [INFO] [1775422997.441953807] [rclcpp]: signal_handler(SIGINT/SIGTERM)
[waypoint_follower-6] [INFO] [1775422997.442129779] [waypoint_follower]: Running Nav2 LifecycleNode rcl preshutdown (waypoint_follower)
[waypoint_follower-6] [INFO] [1775422997.442246357] [waypoint_follower]: Deactivating
[waypoint_follower-6] [INFO] [1775422997.442286518] [waypoint_follower]: Destroying bond (waypoint_follower) to lifecycle manager.
[planner_server-3] [INFO] [1775422997.443166568] [rclcpp]: signal_handler(SIGINT/SIGTERM)
[planner_server-3] [INFO] [1775422997.443290219] [planner_server]: Running Nav2 LifecycleNode rcl preshutdown (planner_server)
[planner_server-3] [INFO] [1775422997.443395021] [planner_server]: Deactivating
[planner_server-3] [INFO] [1775422997.443450254] [global_costmap.global_costmap]: Deactivating
[velocity_smoother-7] [INFO] [1775422997.446528047] [rclcpp]: signal_handler(SIGINT/SIGTERM)
[velocity_smoother-7] [INFO] [1775422997.446740148] [velocity_smoother]: Running Nav2 LifecycleNode rcl preshutdown (velocity_smoother)
[velocity_smoother-7] [INFO] [1775422997.446899927] [velocity_smoother]: Deactivating
[velocity_smoother-7] [INFO] [1775422997.446975480] [velocity_smoother]: Destroying bond (velocity_smoother) to lifecycle manager.
[behavior_server-4] [INFO] [1775422997.449113989] [rclcpp]: signal_handler(SIGINT/SIGTERM)
[behavior_server-4] [INFO] [1775422997.449318762] [behavior_server]: Running Nav2 LifecycleNode rcl preshutdown (behavior_server)
[behavior_server-4] [INFO] [1775422997.449482637] [behavior_server]: Deactivating
[behavior_server-4] [INFO] [1775422997.449560655] [behavior_server]: Destroying bond (behavior_server) to lifecycle manager.
[controller_server-1] [INFO] [1775422997.458129827] [rclcpp]: signal_handler(SIGINT/SIGTERM)
[controller_server-1] [INFO] [1775422997.458377960] [controller_server]: Running Nav2 LifecycleNode rcl preshutdown (controller_server)
[controller_server-1] [INFO] [1775422997.458536428] [controller_server]: Deactivating
[controller_server-1] [WARN] [1775422997.458591661] [controller_server]: [follow_path] [ActionServer] Requested to deactivate server but goal is still executing. Should check if action server is running before deactivating.
[controller_server-1] [WARN] [1775422997.485453762] [controller_server]: [follow_path] [ActionServer] Stopping the thread per request.
[controller_server-1] [WARN] [1775422997.485597285] [controller_server]: [follow_path] [ActionServer] Aborting handle.
[lifecycle_manager-8] [INFO] [1775422997.486604282] [rclcpp]: signal_handler(SIGINT/SIGTERM)
[lifecycle_manager-8] [INFO] [1775422997.486806462] [lifecycle_manager_navigation]: Running Nav2 LifecycleManager rcl preshutdown (lifecycle_manager_navigation)
[lifecycle_manager-8] [INFO] [1775422997.486866719] [lifecycle_manager_navigation]: [34m[1mTerminating bond timer...[0m[0m
[bt_navigator-5] [INFO] [1775422997.486640731] [rclcpp]: signal_handler(SIGINT/SIGTERM)
[bt_navigator-5] [INFO] [1775422997.486809022] [bt_navigator]: Running Nav2 LifecycleNode rcl preshutdown (bt_navigator)
[bt_navigator-5] [INFO] [1775422997.486949345] [bt_navigator]: Deactivating
[bt_navigator-5] [WARN] [1775422997.486995746] [bt_navigator]: [navigate_to_pose] [ActionServer] Requested to deactivate server but goal is still executing. Should check if action server is running before deactivating.
[controller_server-1] [INFO] [1775422997.495441684] [local_costmap.local_costmap]: Deactivating
[bt_navigator-5] [WARN] [1775422997.509601757] [bt_navigator]: [navigate_to_pose] [ActionServer] Aborting handle.
[bt_navigator-5] [INFO] [1775422997.510018150] [bt_navigator]: Goal canceled
[bt_navigator-5] [WARN] [1775422997.510074919] [bt_navigator]: [navigate_to_pose] [ActionServer] Stopping the thread per request.
[bt_navigator-5] [INFO] [1775422997.510532689] [bt_navigator]: Destroying bond (bt_navigator) to lifecycle manager.
[controller_server-1] [INFO] [1775422997.523794984] [controller_server]: Destroying bond (controller_server) to lifecycle manager.
[smoother_server-2] [INFO] [1775422997.531290950] [smoother_server]: Cleaning up
[waypoint_follower-6] [INFO] [1775422997.532852934] [waypoint_follower]: Cleaning up
[behavior_server-4] [INFO] [1775422997.552550917] [behavior_server]: Cleaning up
[velocity_smoother-7] [INFO] [1775422997.553047087] [velocity_smoother]: Cleaning up
[velocity_smoother-7] [INFO] [1775422997.553145873] [velocity_smoother]: Destroying bond (velocity_smoother) to lifecycle manager.
[waypoint_follower-6] [INFO] [1775422997.557335337] [waypoint_follower]: Destroying bond (waypoint_follower) to lifecycle manager.
[smoother_server-2] [INFO] [1775422997.577393199] [smoother_server]: Destroying bond (smoother_server) to lifecycle manager.
[smoother_server-2] [INFO] [1775422997.603774938] [smoother_server]: Destroying
[bt_navigator-5] [INFO] [1775422997.611321049] [bt_navigator]: Cleaning up
[velocity_smoother-7] [INFO] [1775422997.621836022] [velocity_smoother]: Destroying
[controller_server-1] [INFO] [1775422997.627492557] [controller_server]: Cleaning up
[controller_server-1] [INFO] [1775422997.628266653] [local_costmap.local_costmap]: Cleaning up
[behavior_server-4] [INFO] [1775422997.638620855] [behavior_server]: Destroying bond (behavior_server) to lifecycle manager.
[waypoint_follower-6] [INFO] [1775422997.661836767] [waypoint_follower]: Destroying
[lifecycle_manager-8] [INFO] [1775422997.756004763] [lifecycle_manager_navigation]: Destroying lifecycle_manager_navigation
[controller_server-1] [INFO] [1775422997.773200613] [controller_server]: Destroying bond (controller_server) to lifecycle manager.
[controller_server-1] [INFO] [1775422997.804623226] [local_costmap.local_costmap]: Destroying
[controller_server-1] [INFO] [1775422997.825178730] [controller_server]: Destroying
[INFO] [lifecycle_manager-8]: process has finished cleanly [pid 34369]
[behavior_server-4] [INFO] [1775422997.900622621] [behavior_server]: Destroying
[INFO] [smoother_server-2]: process has finished cleanly [pid 34324]
[bt_navigator-5] [INFO] [1775422997.961379226] [bt_navigator]: Completed Cleaning up
[bt_navigator-5] [INFO] [1775422997.962761367] [bt_navigator]: Destroying bond (bt_navigator) to lifecycle manager.
[INFO] [waypoint_follower-6]: process has finished cleanly [pid 34332]
[INFO] [controller_server-1]: process has finished cleanly [pid 34322]
[bt_navigator-5] [INFO] [1775422997.981019255] [bt_navigator]: Destroying
[INFO] [velocity_smoother-7]: process has finished cleanly [pid 34357]
[INFO] [behavior_server-4]: process has finished cleanly [pid 34328]
[INFO] [bt_navigator-5]: process has finished cleanly [pid 34330]
[planner_server-3] [INFO] [1775422998.357951405] [planner_server]: Deactivating plugin GridBased of type NavfnPlanner
[planner_server-3] [INFO] [1775422998.358092240] [planner_server]: Destroying bond (planner_server) to lifecycle manager.
[planner_server-3] [INFO] [1775422998.368421129] [planner_server]: Cleaning up
[planner_server-3] [INFO] [1775422998.379702422] [global_costmap.global_costmap]: Cleaning up
[planner_server-3] [INFO] [1775422998.385430415] [planner_server]: Cleaning up plugin GridBased of type NavfnPlanner
[planner_server-3] [INFO] [1775422998.386650057] [planner_server]: Destroying plugin GridBased of type NavfnPlanner
[planner_server-3] [INFO] [1775422998.395498275] [planner_server]: Destroying bond (planner_server) to lifecycle manager.
[planner_server-3] [INFO] [1775422998.400839059] [global_costmap.global_costmap]: Destroying
[planner_server-3] [INFO] [1775422998.413568543] [planner_server]: Destroying
[INFO] [planner_server-3]: process has finished cleanly [pid 34326]
