[INFO] [launch]: All log files can be found below /home/jetson/.ros/log/2026-04-04-02-59-35-083428-chandan-27616
[INFO] [launch]: Default logging verbosity is set to INFO
[INFO] [map_server-1]: process started with pid [27618]
[INFO] [amcl-2]: process started with pid [27620]
[INFO] [lifecycle_manager-3]: process started with pid [27622]
[lifecycle_manager-3] [INFO] [1775242775.586892705] [lifecycle_manager_localization]: Creating
[lifecycle_manager-3] [INFO] [1775242775.605902883] [lifecycle_manager_localization]: [34m[1mCreating and initializing lifecycle service clients[0m[0m
[map_server-1] [INFO] [1775242775.720148854] [map_server]: 
[map_server-1] 	map_server lifecycle node launched. 
[map_server-1] 	Waiting on external lifecycle transitions to activate
[map_server-1] 	See https://design.ros2.org/articles/node_lifecycle.html for more information.
[map_server-1] [INFO] [1775242775.720456861] [map_server]: Creating
[amcl-2] [INFO] [1775242776.088445344] [amcl]: 
[amcl-2] 	amcl lifecycle node launched. 
[amcl-2] 	Waiting on external lifecycle transitions to activate
[amcl-2] 	See https://design.ros2.org/articles/node_lifecycle.html for more information.
[amcl-2] [INFO] [1775242776.089902528] [amcl]: Creating
[lifecycle_manager-3] [INFO] [1775242776.391532526] [lifecycle_manager_localization]: [34m[1mStarting managed nodes bringup...[0m[0m
[lifecycle_manager-3] [INFO] [1775242776.392994575] [lifecycle_manager_localization]: [34m[1mConfiguring map_server[0m[0m
[map_server-1] [INFO] [1775242776.395368867] [map_server]: Configuring
[map_server-1] [INFO] [1775242776.395521894] [map_io]: Loading yaml file: /home/jetson/formica_map.yaml
[map_server-1] [INFO] [1775242776.396003985] [map_io]: resolution: 0.05
[map_server-1] [INFO] [1775242776.396024433] [map_io]: origin[0]: -5.9
[map_server-1] [INFO] [1775242776.396032113] [map_io]: origin[1]: -2.99
[map_server-1] [INFO] [1775242776.396038289] [map_io]: origin[2]: 0
[map_server-1] [INFO] [1775242776.396044082] [map_io]: free_thresh: 0.25
[map_server-1] [INFO] [1775242776.396049810] [map_io]: occupied_thresh: 0.65
[map_server-1] [INFO] [1775242776.396057010] [map_io]: mode: trinary
[map_server-1] [INFO] [1775242776.396065586] [map_io]: negate: 0
[map_server-1] [INFO] [1775242776.396386489] [map_io]: Loading image_file: /home/jetson/formica_map.pgm
[map_server-1] [INFO] [1775242776.402030229] [map_io]: Read map /home/jetson/formica_map.pgm: 185 X 172 map @ 0.05 m/cell
[lifecycle_manager-3] [INFO] [1775242776.475494566] [lifecycle_manager_localization]: [34m[1mConfiguring amcl[0m[0m
