[INFO] [launch]: All log files can be found below /home/jetson/.ros/log/2026-04-04-02-36-19-986800-chandan-22428
[INFO] [launch]: Default logging verbosity is set to INFO
[INFO] [controller_server-1]: process started with pid [22430]
[INFO] [smoother_server-2]: process started with pid [22432]
[INFO] [planner_server-3]: process started with pid [22434]
[INFO] [behavior_server-4]: process started with pid [22436]
[INFO] [bt_navigator-5]: process started with pid [22438]
[INFO] [waypoint_follower-6]: process started with pid [22440]
[INFO] [velocity_smoother-7]: process started with pid [22448]
[INFO] [lifecycle_manager-8]: process started with pid [22470]
[smoother_server-2] [INFO] [1775241380.865928879] [smoother_server]: 
[smoother_server-2] 	smoother_server lifecycle node launched. 
[smoother_server-2] 	Waiting on external lifecycle transitions to activate
[smoother_server-2] 	See https://design.ros2.org/articles/node_lifecycle.html for more information.
[planner_server-3] [INFO] [1775241380.899337858] [planner_server]: 
[planner_server-3] 	planner_server lifecycle node launched. 
[planner_server-3] 	Waiting on external lifecycle transitions to activate
[planner_server-3] 	See https://design.ros2.org/articles/node_lifecycle.html for more information.
[smoother_server-2] [INFO] [1775241380.909612398] [smoother_server]: Creating smoother server
[planner_server-3] [INFO] [1775241380.912766603] [planner_server]: Creating
[bt_navigator-5] [INFO] [1775241381.050466603] [bt_navigator]: 
[bt_navigator-5] 	bt_navigator lifecycle node launched. 
[bt_navigator-5] 	Waiting on external lifecycle transitions to activate
[bt_navigator-5] 	See https://design.ros2.org/articles/node_lifecycle.html for more information.
[bt_navigator-5] [INFO] [1775241381.051249474] [bt_navigator]: Creating
[controller_server-1] [INFO] [1775241381.317975649] [controller_server]: 
[controller_server-1] 	controller_server lifecycle node launched. 
[controller_server-1] 	Waiting on external lifecycle transitions to activate
[controller_server-1] 	See https://design.ros2.org/articles/node_lifecycle.html for more information.
[controller_server-1] [INFO] [1775241381.326348534] [controller_server]: Creating controller server
[waypoint_follower-6] [INFO] [1775241381.434667705] [waypoint_follower]: 
[waypoint_follower-6] 	waypoint_follower lifecycle node launched. 
[waypoint_follower-6] 	Waiting on external lifecycle transitions to activate
[waypoint_follower-6] 	See https://design.ros2.org/articles/node_lifecycle.html for more information.
[waypoint_follower-6] [INFO] [1775241381.441488832] [waypoint_follower]: Creating
[velocity_smoother-7] [INFO] [1775241381.478652000] [velocity_smoother]: 
[velocity_smoother-7] 	velocity_smoother lifecycle node launched. 
[velocity_smoother-7] 	Waiting on external lifecycle transitions to activate
[velocity_smoother-7] 	See https://design.ros2.org/articles/node_lifecycle.html for more information.
[lifecycle_manager-8] [INFO] [1775241381.499385311] [lifecycle_manager_navigation]: Creating
[planner_server-3] [INFO] [1775241381.568144476] [global_costmap.global_costmap]: 
[planner_server-3] 	global_costmap lifecycle node launched. 
[planner_server-3] 	Waiting on external lifecycle transitions to activate
[planner_server-3] 	See https://design.ros2.org/articles/node_lifecycle.html for more information.
[planner_server-3] [INFO] [1775241381.569304446] [global_costmap.global_costmap]: Creating Costmap
[behavior_server-4] [INFO] [1775241381.612231046] [behavior_server]: 
[behavior_server-4] 	behavior_server lifecycle node launched. 
[behavior_server-4] 	Waiting on external lifecycle transitions to activate
[behavior_server-4] 	See https://design.ros2.org/articles/node_lifecycle.html for more information.
[lifecycle_manager-8] [INFO] [1775241381.637993720] [lifecycle_manager_navigation]: [34m[1mCreating and initializing lifecycle service clients[0m[0m
[controller_server-1] [INFO] [1775241383.711555338] [local_costmap.local_costmap]: 
[controller_server-1] 	local_costmap lifecycle node launched. 
[controller_server-1] 	Waiting on external lifecycle transitions to activate
[controller_server-1] 	See https://design.ros2.org/articles/node_lifecycle.html for more information.
[controller_server-1] [INFO] [1775241383.713426977] [local_costmap.local_costmap]: Creating Costmap
[lifecycle_manager-8] [INFO] [1775241383.768322406] [lifecycle_manager_navigation]: [34m[1mStarting managed nodes bringup...[0m[0m
[lifecycle_manager-8] [INFO] [1775241383.768469195] [lifecycle_manager_navigation]: [34m[1mConfiguring controller_server[0m[0m
[controller_server-1] [INFO] [1775241383.773087666] [controller_server]: Configuring controller interface
[controller_server-1] [INFO] [1775241383.773511934] [controller_server]: getting goal checker plugins..
[controller_server-1] [INFO] [1775241383.773809607] [controller_server]: Controller frequency set to 10.0000Hz
[controller_server-1] [INFO] [1775241383.773898889] [local_costmap.local_costmap]: Configuring
[controller_server-1] [INFO] [1775241383.802031008] [local_costmap.local_costmap]: Using plugin "obstacle_layer"
[controller_server-1] [INFO] [1775241383.811199756] [local_costmap.local_costmap]: Subscribed to Topics: scan
[controller_server-1] [INFO] [1775241383.828079578] [local_costmap.local_costmap]: Initialized plugin "obstacle_layer"
[controller_server-1] [INFO] [1775241383.828182685] [local_costmap.local_costmap]: Using plugin "inflation_layer"
[controller_server-1] [INFO] [1775241383.832473754] [local_costmap.local_costmap]: Initialized plugin "inflation_layer"
[controller_server-1] [INFO] [1775241383.883549776] [controller_server]: Created progress_checker : progress_checker of type nav2_controller::SimpleProgressChecker
[controller_server-1] [INFO] [1775241383.886685195] [controller_server]: Created goal checker : goal_checker of type nav2_controller::SimpleGoalChecker
[controller_server-1] [INFO] [1775241383.889045584] [controller_server]: Controller Server has goal_checker  goal checkers available.
[controller_server-1] [INFO] [1775241383.892511574] [controller_server]: Created controller : FollowPath of type dwb_core::DWBLocalPlanner
[controller_server-1] [INFO] [1775241383.901611616] [controller_server]: Setting transform_tolerance to 0.200000
[controller_server-1] [INFO] [1775241383.953914041] [controller_server]: Using critic "RotateToGoal" (dwb_critics::RotateToGoalCritic)
[controller_server-1] [INFO] [1775241383.957797803] [controller_server]: Critic plugin initialized
[controller_server-1] [INFO] [1775241383.958810408] [controller_server]: Using critic "Oscillation" (dwb_critics::OscillationCritic)
[controller_server-1] [INFO] [1775241383.965264037] [controller_server]: Critic plugin initialized
[controller_server-1] [INFO] [1775241383.988597999] [controller_server]: Using critic "BaseObstacle" (dwb_critics::BaseObstacleCritic)
[controller_server-1] [INFO] [1775241383.990423109] [controller_server]: Critic plugin initialized
[controller_server-1] [INFO] [1775241383.991263485] [controller_server]: Using critic "GoalAlign" (dwb_critics::GoalAlignCritic)
[controller_server-1] [INFO] [1775241383.993682212] [controller_server]: Critic plugin initialized
[controller_server-1] [INFO] [1775241383.994575358] [controller_server]: Using critic "PathAlign" (dwb_critics::PathAlignCritic)
[controller_server-1] [INFO] [1775241383.998201096] [controller_server]: Critic plugin initialized
[controller_server-1] [INFO] [1775241383.999113411] [controller_server]: Using critic "PathDist" (dwb_critics::PathDistCritic)
[controller_server-1] [INFO] [1775241384.000547309] [controller_server]: Critic plugin initialized
[controller_server-1] [INFO] [1775241384.001310691] [controller_server]: Using critic "GoalDist" (dwb_critics::GoalDistCritic)
[controller_server-1] [INFO] [1775241384.002910002] [controller_server]: Critic plugin initialized
[controller_server-1] [INFO] [1775241384.002986228] [controller_server]: Controller Server has FollowPath  controllers available.
[lifecycle_manager-8] [INFO] [1775241384.054936546] [lifecycle_manager_navigation]: [34m[1mConfiguring smoother_server[0m[0m
[smoother_server-2] [INFO] [1775241384.055646967] [smoother_server]: Configuring smoother server
[smoother_server-2] [INFO] [1775241384.104244739] [smoother_server]: Created smoother : simple_smoother of type nav2_smoother::SimpleSmoother
[smoother_server-2] [INFO] [1775241384.110809187] [smoother_server]: Smoother Server has simple_smoother  smoothers available.
[lifecycle_manager-8] [INFO] [1775241384.150553805] [lifecycle_manager_navigation]: [34m[1mConfiguring planner_server[0m[0m
[planner_server-3] [INFO] [1775241384.151138526] [planner_server]: Configuring
[planner_server-3] [INFO] [1775241384.151254721] [global_costmap.global_costmap]: Configuring
[planner_server-3] [INFO] [1775241384.191433719] [global_costmap.global_costmap]: Using plugin "static_layer"
[planner_server-3] [INFO] [1775241384.210581287] [global_costmap.global_costmap]: Subscribing to the map topic (/map) with transient local durability
[planner_server-3] [INFO] [1775241384.218938523] [global_costmap.global_costmap]: Initialized plugin "static_layer"
[planner_server-3] [INFO] [1775241384.219074335] [global_costmap.global_costmap]: Using plugin "obstacle_layer"
[planner_server-3] [INFO] [1775241384.221913618] [global_costmap.global_costmap]: Subscribed to Topics: scan
[planner_server-3] [INFO] [1775241384.241204870] [global_costmap.global_costmap]: Initialized plugin "obstacle_layer"
[planner_server-3] [INFO] [1775241384.241297673] [global_costmap.global_costmap]: Using plugin "inflation_layer"
[planner_server-3] [INFO] [1775241384.243694895] [global_costmap.global_costmap]: Initialized plugin "inflation_layer"
[planner_server-3] [INFO] [1775241384.294648224] [planner_server]: Created global planner plugin GridBased of type nav2_navfn_planner/NavfnPlanner
[planner_server-3] [INFO] [1775241384.294753667] [planner_server]: Configuring plugin GridBased of type NavfnPlanner
[planner_server-3] [INFO] [1775241384.294980906] [global_costmap.global_costmap]: StaticLayer: Resizing costmap to 185 X 172 at 0.050000 m/pix
[planner_server-3] [INFO] [1775241384.297855934] [planner_server]: Planner Server has GridBased  planners available.
[lifecycle_manager-8] [INFO] [1775241384.346943032] [lifecycle_manager_navigation]: [34m[1mConfiguring behavior_server[0m[0m
[behavior_server-4] [INFO] [1775241384.347836466] [behavior_server]: Configuring
[behavior_server-4] [INFO] [1775241384.383079896] [behavior_server]: Creating behavior plugin spin of type nav2_behaviors/Spin
[behavior_server-4] [INFO] [1775241384.384689063] [behavior_server]: Configuring spin
[behavior_server-4] [INFO] [1775241384.432698946] [behavior_server]: Creating behavior plugin backup of type nav2_behaviors/BackUp
[behavior_server-4] [INFO] [1775241384.434699357] [behavior_server]: Configuring backup
[behavior_server-4] [INFO] [1775241384.470190954] [behavior_server]: Creating behavior plugin drive_on_heading of type nav2_behaviors/DriveOnHeading
[behavior_server-4] [INFO] [1775241384.471859675] [behavior_server]: Configuring drive_on_heading
[behavior_server-4] [INFO] [1775241384.505183721] [behavior_server]: Creating behavior plugin assisted_teleop of type nav2_behaviors/AssistedTeleop
[behavior_server-4] [INFO] [1775241384.513766852] [behavior_server]: Configuring assisted_teleop
[behavior_server-4] [INFO] [1775241384.544020824] [behavior_server]: Creating behavior plugin wait of type nav2_behaviors/Wait
[behavior_server-4] [INFO] [1775241384.545841005] [behavior_server]: Configuring wait
[lifecycle_manager-8] [INFO] [1775241384.568091031] [lifecycle_manager_navigation]: [34m[1mConfiguring bt_navigator[0m[0m
[bt_navigator-5] [INFO] [1775241384.568631463] [bt_navigator]: Configuring
[lifecycle_manager-8] [INFO] [1775241384.801525278] [lifecycle_manager_navigation]: [34m[1mConfiguring waypoint_follower[0m[0m
[waypoint_follower-6] [INFO] [1775241384.802116879] [waypoint_follower]: Configuring
[waypoint_follower-6] [INFO] [1775241384.868397152] [waypoint_follower]: Created waypoint_task_executor : wait_at_waypoint of type nav2_waypoint_follower::WaitAtWaypoint
[waypoint_follower-6] [INFO] [1775241384.870406363] [waypoint_follower]: Waypoint pause duration is set to zero, disabling task executor plugin.
[lifecycle_manager-8] [INFO] [1775241384.871663199] [lifecycle_manager_navigation]: [34m[1mConfiguring velocity_smoother[0m[0m
[velocity_smoother-7] [INFO] [1775241384.872233040] [velocity_smoother]: Configuring velocity smoother
[lifecycle_manager-8] [INFO] [1775241384.886929630] [lifecycle_manager_navigation]: [34m[1mActivating controller_server[0m[0m
[controller_server-1] [INFO] [1775241384.887414540] [controller_server]: Activating
[controller_server-1] [INFO] [1775241384.887512399] [local_costmap.local_costmap]: Activating
[controller_server-1] [INFO] [1775241384.887560304] [local_costmap.local_costmap]: Checking transform
[controller_server-1] [INFO] [1775241384.887756086] [local_costmap.local_costmap]: start
[controller_server-1] [INFO] [1775241385.089804325] [controller_server]: Creating bond (controller_server) to lifecycle manager.
[lifecycle_manager-8] [INFO] [1775241385.209329897] [lifecycle_manager_navigation]: Server controller_server connected with bond.
[lifecycle_manager-8] [INFO] [1775241385.209487277] [lifecycle_manager_navigation]: [34m[1mActivating smoother_server[0m[0m
[smoother_server-2] [INFO] [1775241385.210550476] [smoother_server]: Activating
[smoother_server-2] [INFO] [1775241385.210678224] [smoother_server]: Creating bond (smoother_server) to lifecycle manager.
[lifecycle_manager-8] [INFO] [1775241385.265341197] [lifecycle_manager_navigation]: Server smoother_server connected with bond.
[lifecycle_manager-8] [INFO] [1775241385.265494065] [lifecycle_manager_navigation]: [34m[1mActivating planner_server[0m[0m
[planner_server-3] [INFO] [1775241385.266442157] [planner_server]: Activating
[planner_server-3] [INFO] [1775241385.266665235] [global_costmap.global_costmap]: Activating
[planner_server-3] [INFO] [1775241385.266732693] [global_costmap.global_costmap]: Checking transform
[planner_server-3] [INFO] [1775241385.267033534] [global_costmap.global_costmap]: start
[planner_server-3] [INFO] [1775241386.270899557] [planner_server]: Activating plugin GridBased of type NavfnPlanner
[planner_server-3] [INFO] [1775241386.280639458] [planner_server]: Creating bond (planner_server) to lifecycle manager.
[lifecycle_manager-8] [INFO] [1775241386.419767904] [lifecycle_manager_navigation]: Server planner_server connected with bond.
[lifecycle_manager-8] [INFO] [1775241386.419932292] [lifecycle_manager_navigation]: [34m[1mActivating behavior_server[0m[0m
[behavior_server-4] [INFO] [1775241386.422989310] [behavior_server]: Activating
[behavior_server-4] [INFO] [1775241386.423105505] [behavior_server]: Activating spin
[behavior_server-4] [INFO] [1775241386.423152866] [behavior_server]: Activating backup
[behavior_server-4] [INFO] [1775241386.423185219] [behavior_server]: Activating drive_on_heading
[behavior_server-4] [INFO] [1775241386.423215204] [behavior_server]: Activating assisted_teleop
[behavior_server-4] [INFO] [1775241386.423243525] [behavior_server]: Activating wait
[behavior_server-4] [INFO] [1775241386.423281862] [behavior_server]: Creating bond (behavior_server) to lifecycle manager.
[lifecycle_manager-8] [INFO] [1775241386.497306839] [lifecycle_manager_navigation]: Server behavior_server connected with bond.
[lifecycle_manager-8] [INFO] [1775241386.497598208] [lifecycle_manager_navigation]: [34m[1mActivating bt_navigator[0m[0m
[bt_navigator-5] [INFO] [1775241386.498727713] [bt_navigator]: Activating
[bt_navigator-5] [ERROR] [1775241386.499634299] [bt_navigator]: Exception when loading BT: Error at line 12: -> Node not recognized: RemovePassedGoals
[bt_navigator-5] [ERROR] [1775241386.499814753] [bt_navigator]: Error loading XML file: /opt/ros/humble/share/nav2_bt_navigator/behavior_trees/navigate_through_poses_w_replanning_and_recovery.xml
[lifecycle_manager-8] [ERROR] [1775241386.502260456] [lifecycle_manager_navigation]: Failed to change state for node: bt_navigator
[lifecycle_manager-8] [ERROR] [1775241386.502441709] [lifecycle_manager_navigation]: Failed to bring up all requested nodes. Aborting bringup.
[bt_navigator-5] [INFO] [1775241405.370236858] [bt_navigator]: Activating
[bt_navigator-5] [ERROR] [1775241405.370887949] [bt_navigator]: Exception when loading BT: Error at line 12: -> Node not recognized: RemovePassedGoals
[bt_navigator-5] [ERROR] [1775241405.371073842] [bt_navigator]: Error loading XML file: /opt/ros/humble/share/nav2_bt_navigator/behavior_trees/navigate_through_poses_w_replanning_and_recovery.xml
[bt_navigator-5] [INFO] [1775241423.483691055] [bt_navigator]: Activating
[bt_navigator-5] [ERROR] [1775241423.484391523] [bt_navigator]: Exception when loading BT: Error at line 12: -> Node not recognized: RemovePassedGoals
[bt_navigator-5] [ERROR] [1775241423.484593929] [bt_navigator]: Error loading XML file: /opt/ros/humble/share/nav2_bt_navigator/behavior_trees/navigate_through_poses_w_replanning_and_recovery.xml
[bt_navigator-5] [INFO] [1775241441.343634962] [bt_navigator]: Activating
[bt_navigator-5] [ERROR] [1775241441.344094911] [bt_navigator]: Exception when loading BT: Error at line 12: -> Node not recognized: RemovePassedGoals
[bt_navigator-5] [ERROR] [1775241441.344240931] [bt_navigator]: Error loading XML file: /opt/ros/humble/share/nav2_bt_navigator/behavior_trees/navigate_through_poses_w_replanning_and_recovery.xml
[bt_navigator-5] [INFO] [1775241463.534146788] [bt_navigator]: Activating
[bt_navigator-5] [ERROR] [1775241463.534620306] [bt_navigator]: Exception when loading BT: Error at line 12: -> Node not recognized: RemovePassedGoals
[bt_navigator-5] [ERROR] [1775241463.534767030] [bt_navigator]: Error loading XML file: /opt/ros/humble/share/nav2_bt_navigator/behavior_trees/navigate_through_poses_w_replanning_and_recovery.xml
[bt_navigator-5] [INFO] [1775241478.748769421] [bt_navigator]: Activating
[bt_navigator-5] [ERROR] [1775241478.749294747] [bt_navigator]: Exception when loading BT: Error at line 12: -> Node not recognized: RemovePassedGoals
[bt_navigator-5] [ERROR] [1775241478.749438623] [bt_navigator]: Error loading XML file: /opt/ros/humble/share/nav2_bt_navigator/behavior_trees/navigate_through_poses_w_replanning_and_recovery.xml
