[INFO] [1775413713.607646865] [exp4_maze_navigation]: Experiment 4 — Maze Navigation starting ...
[INFO] [1775413713.608669306] [exp4_maze_navigation]:   S=(0.0, 0.0)  T=(2.525, 3.035)  Euclidean=3.95 m  MaxPath=5.92 m
[INFO] [1775413717.895951400] [exp4_maze_navigation]: 
--- Trial 1/2 ---
[INFO] [1775413717.897499223] [exp4_maze_navigation]: Return robot to S=(0.0, 0.0) and verify AMCL localisation. Auto-starting trial in 3 seconds ...
[INFO] [1775413745.006812279] [exp4_maze_navigation]:   FAIL  Path=0.92 m  Time=24.1 s  Replans=0  Failure=nav2_status_6  Running efficiency=0.0 %
[INFO] [1775413745.008333191] [exp4_maze_navigation]: 
--- Trial 2/2 ---
[INFO] [1775413745.009978713] [exp4_maze_navigation]: Return robot to S=(0.0, 0.0) and verify AMCL localisation. Auto-starting trial in 3 seconds ...
[INFO] [1775413773.011154150] [exp4_maze_navigation]:   FAIL  Path=0.80 m  Time=25.0 s  Replans=0  Failure=nav2_status_6  Running efficiency=0.0 %
[DataLogger] Writing to /home/jetson/formica_experiments/data/exp4_maze_20260405_182833.csv

============================================================
  Experiment 4 — Final Navigation Efficiency
============================================================
  Trials: 2  Successes: 0
  Efficiency: 0.0 %  (target ≥ 89.0 %)  FAIL
============================================================


============================================================
  EXPERIMENT SUMMARY — EXP 4 — Maze Navigation
============================================================
  Trial    Metric                         Value        Unit
------------------------------------------------------------
  1        path_length                    0.9207       m
  1        time_to_target                 24.1060      s
  1        replan_events                  0.0000       
  2        path_length                    0.8037       m
  2        time_to_target                 24.9961      s
  2        replan_events                  0.0000       
  0        Final efficiency               0.0000       %
============================================================

[DataLogger] Closed /home/jetson/formica_experiments/data/exp4_maze_20260405_182833.csv
