[INFO] [launch]: All log files can be found below /home/jetson/.ros/log/2026-04-06-03-01-26-442788-chandan-56212
[INFO] [launch]: Default logging verbosity is set to INFO
[INFO] [map_server-1]: process started with pid [56263]
[INFO] [amcl-2]: process started with pid [56265]
[INFO] [lifecycle_manager-3]: process started with pid [56267]
[amcl-2] [INFO] [1775415688.396390749] [amcl]: 
[amcl-2] 	amcl lifecycle node launched. 
[amcl-2] 	Waiting on external lifecycle transitions to activate
[amcl-2] 	See https://design.ros2.org/articles/node_lifecycle.html for more information.
[amcl-2] [INFO] [1775415688.419516907] [amcl]: Creating
[lifecycle_manager-3] [INFO] [1775415688.641700952] [lifecycle_manager_localization]: Creating
[lifecycle_manager-3] [INFO] [1775415688.772257061] [lifecycle_manager_localization]: [34m[1mCreating and initializing lifecycle service clients[0m[0m
[map_server-1] [INFO] [1775415688.839506794] [map_server]: 
[map_server-1] 	map_server lifecycle node launched. 
[map_server-1] 	Waiting on external lifecycle transitions to activate
[map_server-1] 	See https://design.ros2.org/articles/node_lifecycle.html for more information.
[map_server-1] [INFO] [1775415688.839922756] [map_server]: Creating
[lifecycle_manager-3] [INFO] [1775415690.402202238] [lifecycle_manager_localization]: [34m[1mStarting managed nodes bringup...[0m[0m
[lifecycle_manager-3] [INFO] [1775415690.402340401] [lifecycle_manager_localization]: [34m[1mConfiguring map_server[0m[0m
[map_server-1] [INFO] [1775415691.306920794] [map_server]: Configuring
[map_server-1] [INFO] [1775415691.307102995] [map_io]: Loading yaml file: /home/jetson/formica_map.yaml
[map_server-1] [INFO] [1775415691.307582229] [map_io]: resolution: 0.05
[map_server-1] [INFO] [1775415691.307607512] [map_io]: origin[0]: -5.9
[map_server-1] [INFO] [1775415691.307615994] [map_io]: origin[1]: -2.99
[map_server-1] [INFO] [1775415691.307622106] [map_io]: origin[2]: 0
[map_server-1] [INFO] [1775415691.307628251] [map_io]: free_thresh: 0.25
[map_server-1] [INFO] [1775415691.307634044] [map_io]: occupied_thresh: 0.65
[map_server-1] [INFO] [1775415691.307640733] [map_io]: mode: trinary
[map_server-1] [INFO] [1775415691.307649406] [map_io]: negate: 0
[map_server-1] [INFO] [1775415691.307949735] [map_io]: Loading image_file: /home/jetson/formica_map.pgm
[map_server-1] [INFO] [1775415691.321660032] [map_io]: Read map /home/jetson/formica_map.pgm: 185 X 172 map @ 0.05 m/cell
[lifecycle_manager-3] [ERROR] [1775415691.341540135] [lifecycle_manager_localization]: Failed to change state for node: map_server
[lifecycle_manager-3] [ERROR] [1775415691.341774247] [lifecycle_manager_localization]: Failed to bring up all requested nodes. Aborting bringup.
