[INFO] [1775698856.253875200] [exp5_obstacle_fault]: Experiment 5 — Obstacle & Fault Tolerance starting ...
[INFO] [1775698859.534710171] [exp5_obstacle_fault]: 
=== CONDITION A: Dynamic Obstacle Injection ===
[INFO] [1775698859.535618912] [exp5_obstacle_fault]:   Obstacle Trial 1/10
[INFO] [1775698859.536310717] [exp5_obstacle_fault]:   Return robot to S=(0.0, 0.0). Press Enter when ready ...
[DataLogger] Writing to /home/jetson/formica_experiments/data/exp5_fault_20260409_014056.csv
[WARN] [1775698869.540617373] [exp5_obstacle_fault]: Goal rejected (attempt 1/3).
[WARN] [1775698880.045469028] [exp5_obstacle_fault]: Goal rejected (attempt 2/3).
[WARN] [1775698890.551253578] [exp5_obstacle_fault]: Goal rejected (attempt 3/3).
[INFO] [1775698891.054145618] [exp5_obstacle_fault]:   Obstacle Trial 2/10
[INFO] [1775698891.055679312] [exp5_obstacle_fault]:   Return robot to S=(0.0, 0.0). Press Enter when ready ...
[WARN] [1775698901.060151724] [exp5_obstacle_fault]: Goal rejected (attempt 1/3).
[WARN] [1775698911.566063456] [exp5_obstacle_fault]: Goal rejected (attempt 2/3).
[WARN] [1775698922.071381771] [exp5_obstacle_fault]: Goal rejected (attempt 3/3).
[INFO] [1775698922.574071200] [exp5_obstacle_fault]:   Obstacle Trial 3/10
[INFO] [1775698922.575589917] [exp5_obstacle_fault]:   Return robot to S=(0.0, 0.0). Press Enter when ready ...
[WARN] [1775698932.579818253] [exp5_obstacle_fault]: Goal rejected (attempt 1/3).
[WARN] [1775698943.084897602] [exp5_obstacle_fault]: Goal rejected (attempt 2/3).
[WARN] [1775698953.590350859] [exp5_obstacle_fault]: Goal rejected (attempt 3/3).
[INFO] [1775698954.093047192] [exp5_obstacle_fault]:   Obstacle Trial 4/10
[INFO] [1775698954.094623638] [exp5_obstacle_fault]:   Return robot to S=(0.0, 0.0). Press Enter when ready ...
[WARN] [1775698964.099170200] [exp5_obstacle_fault]: Goal rejected (attempt 1/3).
[WARN] [1775698974.604179898] [exp5_obstacle_fault]: Goal rejected (attempt 2/3).
[WARN] [1775698985.109374695] [exp5_obstacle_fault]: Goal rejected (attempt 3/3).
[INFO] [1775698985.612257281] [exp5_obstacle_fault]:   Obstacle Trial 5/10
[INFO] [1775698985.613860734] [exp5_obstacle_fault]:   Return robot to S=(0.0, 0.0). Press Enter when ready ...
[WARN] [1775698995.618393939] [exp5_obstacle_fault]: Goal rejected (attempt 1/3).
[WARN] [1775699006.122563558] [exp5_obstacle_fault]: Goal rejected (attempt 2/3).
[WARN] [1775699016.627375421] [exp5_obstacle_fault]: Goal rejected (attempt 3/3).
[INFO] [1775699017.130099856] [exp5_obstacle_fault]:   Obstacle Trial 6/10
[INFO] [1775699017.131578696] [exp5_obstacle_fault]:   Return robot to S=(0.0, 0.0). Press Enter when ready ...
[WARN] [1775699027.134641613] [exp5_obstacle_fault]: Goal rejected (attempt 1/3).
[WARN] [1775699037.639463943] [exp5_obstacle_fault]: Goal rejected (attempt 2/3).
[WARN] [1775699048.144478044] [exp5_obstacle_fault]: Goal rejected (attempt 3/3).
[INFO] [1775699048.647182012] [exp5_obstacle_fault]:   Obstacle Trial 7/10
[INFO] [1775699048.648752695] [exp5_obstacle_fault]:   Return robot to S=(0.0, 0.0). Press Enter when ready ...
[WARN] [1775699058.653794059] [exp5_obstacle_fault]: Goal rejected (attempt 1/3).
[WARN] [1775699069.161793169] [exp5_obstacle_fault]: Goal rejected (attempt 2/3).
[WARN] [1775699079.668666427] [exp5_obstacle_fault]: Goal rejected (attempt 3/3).
[INFO] [1775699080.172384869] [exp5_obstacle_fault]:   Obstacle Trial 8/10
[INFO] [1775699080.174658328] [exp5_obstacle_fault]:   Return robot to S=(0.0, 0.0). Press Enter when ready ...
[WARN] [1775699090.179377033] [exp5_obstacle_fault]: Goal rejected (attempt 1/3).
[WARN] [1775699100.684465670] [exp5_obstacle_fault]: Goal rejected (attempt 2/3).
[WARN] [1775699111.189507591] [exp5_obstacle_fault]: Goal rejected (attempt 3/3).
[INFO] [1775699111.692121755] [exp5_obstacle_fault]:   Obstacle Trial 9/10
[INFO] [1775699111.693702516] [exp5_obstacle_fault]:   Return robot to S=(0.0, 0.0). Press Enter when ready ...
[WARN] [1775699121.698221174] [exp5_obstacle_fault]: Goal rejected (attempt 1/3).
[WARN] [1775699132.203267154] [exp5_obstacle_fault]: Goal rejected (attempt 2/3).
[WARN] [1775699142.708349282] [exp5_obstacle_fault]: Goal rejected (attempt 3/3).
[INFO] [1775699143.211119648] [exp5_obstacle_fault]:   Obstacle Trial 10/10
[INFO] [1775699143.212683096] [exp5_obstacle_fault]:   Return robot to S=(0.0, 0.0). Press Enter when ready ...
[WARN] [1775699153.216963175] [exp5_obstacle_fault]: Goal rejected (attempt 1/3).
[WARN] [1775699163.720683160] [exp5_obstacle_fault]: Goal rejected (attempt 2/3).
[WARN] [1775699174.225309317] [exp5_obstacle_fault]: Goal rejected (attempt 3/3).
[INFO] [1775699174.727941905] [exp5_obstacle_fault]: 
  Condition A rerouting success rate: 0.0 %
[INFO] [1775699174.729465478] [exp5_obstacle_fault]: 
=== CONDITION B: Sensor Failure Simulation ===
[INFO] [1775699174.730873720] [exp5_obstacle_fault]: 
  Sensor failure type: LiDAR
[INFO] [1775699174.731893564] [exp5_obstacle_fault]:   Sensor Trial 1/5 (LiDAR)
[INFO] [1775699174.732522226] [exp5_obstacle_fault]:   Return robot to S=(0.0, 0.0). Press Enter when ready ...
[WARN] [1775699184.736128040] [exp5_obstacle_fault]: Goal rejected (attempt 1/3).
[WARN] [1775699195.241057370] [exp5_obstacle_fault]: Goal rejected (attempt 2/3).
[WARN] [1775699205.746005066] [exp5_obstacle_fault]: Goal rejected (attempt 3/3).
[INFO] [1775699206.248996099] [exp5_obstacle_fault]:   Sensor Trial 2/5 (LiDAR)
[INFO] [1775699206.250835075] [exp5_obstacle_fault]:   Return robot to S=(0.0, 0.0). Press Enter when ready ...
[WARN] [1775699216.255500404] [exp5_obstacle_fault]: Goal rejected (attempt 1/3).
[WARN] [1775699226.760383449] [exp5_obstacle_fault]: Goal rejected (attempt 2/3).
[WARN] [1775699237.265781993] [exp5_obstacle_fault]: Goal rejected (attempt 3/3).
[INFO] [1775699237.768451365] [exp5_obstacle_fault]:   Sensor Trial 3/5 (LiDAR)
[INFO] [1775699237.770504748] [exp5_obstacle_fault]:   Return robot to S=(0.0, 0.0). Press Enter when ready ...
[WARN] [1775699247.775377728] [exp5_obstacle_fault]: Goal rejected (attempt 1/3).
[WARN] [1775699258.280636118] [exp5_obstacle_fault]: Goal rejected (attempt 2/3).
[WARN] [1775699268.785577457] [exp5_obstacle_fault]: Goal rejected (attempt 3/3).
[INFO] [1775699269.288240295] [exp5_obstacle_fault]:   Sensor Trial 4/5 (LiDAR)
[INFO] [1775699269.289864255] [exp5_obstacle_fault]:   Return robot to S=(0.0, 0.0). Press Enter when ready ...
[WARN] [1775699279.294389946] [exp5_obstacle_fault]: Goal rejected (attempt 1/3).
[WARN] [1775699289.799487981] [exp5_obstacle_fault]: Goal rejected (attempt 2/3).
[WARN] [1775699300.304809192] [exp5_obstacle_fault]: Goal rejected (attempt 3/3).
[INFO] [1775699300.807744206] [exp5_obstacle_fault]:   Sensor Trial 5/5 (LiDAR)
[INFO] [1775699300.809397830] [exp5_obstacle_fault]:   Return robot to S=(0.0, 0.0). Press Enter when ready ...
[WARN] [1775699310.813899804] [exp5_obstacle_fault]: Goal rejected (attempt 1/3).
[WARN] [1775699321.319297097] [exp5_obstacle_fault]: Goal rejected (attempt 2/3).
[WARN] [1775699331.823673954] [exp5_obstacle_fault]: Goal rejected (attempt 3/3).
[INFO] [1775699332.326451060] [exp5_obstacle_fault]:   LiDAR failure success rate: 0.0 %
[INFO] [1775699332.328040233] [exp5_obstacle_fault]: 
  Sensor failure type: Camera
[INFO] [1775699332.329547387] [exp5_obstacle_fault]:   Sensor Trial 1/5 (Camera)
[INFO] [1775699332.330934409] [exp5_obstacle_fault]:   Return robot to S=(0.0, 0.0). Press Enter when ready ...
[WARN] [1775699342.334190123] [exp5_obstacle_fault]: Goal rejected (attempt 1/3).
[WARN] [1775699352.839071320] [exp5_obstacle_fault]: Goal rejected (attempt 2/3).
[WARN] [1775699363.344014492] [exp5_obstacle_fault]: Goal rejected (attempt 3/3).
[INFO] [1775699363.846756650] [exp5_obstacle_fault]:   Sensor Trial 2/5 (Camera)
[INFO] [1775699363.848319901] [exp5_obstacle_fault]:   Return robot to S=(0.0, 0.0). Press Enter when ready ...
[WARN] [1775699373.852671527] [exp5_obstacle_fault]: Goal rejected (attempt 1/3).
[WARN] [1775699384.357644508] [exp5_obstacle_fault]: Goal rejected (attempt 2/3).
[WARN] [1775699394.862880979] [exp5_obstacle_fault]: Goal rejected (attempt 3/3).
[INFO] [1775699395.365669255] [exp5_obstacle_fault]:   Sensor Trial 3/5 (Camera)
[INFO] [1775699395.368001011] [exp5_obstacle_fault]:   Return robot to S=(0.0, 0.0). Press Enter when ready ...
[WARN] [1775699405.372351297] [exp5_obstacle_fault]: Goal rejected (attempt 1/3).
[WARN] [1775699415.876590890] [exp5_obstacle_fault]: Goal rejected (attempt 2/3).
[WARN] [1775699426.383399485] [exp5_obstacle_fault]: Goal rejected (attempt 3/3).
[INFO] [1775699426.886176833] [exp5_obstacle_fault]:   Sensor Trial 4/5 (Camera)
[INFO] [1775699426.887715699] [exp5_obstacle_fault]:   Return robot to S=(0.0, 0.0). Press Enter when ready ...
[WARN] [1775699436.892647245] [exp5_obstacle_fault]: Goal rejected (attempt 1/3).
[WARN] [1775699447.397613010] [exp5_obstacle_fault]: Goal rejected (attempt 2/3).
[WARN] [1775699457.902675887] [exp5_obstacle_fault]: Goal rejected (attempt 3/3).
[INFO] [1775699458.405396328] [exp5_obstacle_fault]:   Sensor Trial 5/5 (Camera)
[INFO] [1775699458.406930777] [exp5_obstacle_fault]:   Return robot to S=(0.0, 0.0). Press Enter when ready ...
[WARN] [1775699468.411297157] [exp5_obstacle_fault]: Goal rejected (attempt 1/3).
[WARN] [1775699478.916315810] [exp5_obstacle_fault]: Goal rejected (attempt 2/3).
[WARN] [1775699489.421445646] [exp5_obstacle_fault]: Goal rejected (attempt 3/3).
[INFO] [1775699489.924124775] [exp5_obstacle_fault]:   Camera failure success rate: 0.0 %
[INFO] [1775699489.925696825] [exp5_obstacle_fault]: 
  Sensor failure type: LineSensor
[INFO] [1775699489.927194152] [exp5_obstacle_fault]:   Sensor Trial 1/5 (LineSensor)
[INFO] [1775699489.928603957] [exp5_obstacle_fault]:   Return robot to S=(0.0, 0.0). Press Enter when ready ...
[WARN] [1775699499.932787423] [exp5_obstacle_fault]: Goal rejected (attempt 1/3).
[WARN] [1775699510.437651441] [exp5_obstacle_fault]: Goal rejected (attempt 2/3).
[WARN] [1775699520.942572967] [exp5_obstacle_fault]: Goal rejected (attempt 3/3).
[INFO] [1775699521.445289703] [exp5_obstacle_fault]:   Sensor Trial 2/5 (LineSensor)
[INFO] [1775699521.447105249] [exp5_obstacle_fault]:   Return robot to S=(0.0, 0.0). Press Enter when ready ...
[WARN] [1775699531.451808598] [exp5_obstacle_fault]: Goal rejected (attempt 1/3).
[WARN] [1775699541.956712673] [exp5_obstacle_fault]: Goal rejected (attempt 2/3).
[WARN] [1775699552.461777474] [exp5_obstacle_fault]: Goal rejected (attempt 3/3).
[INFO] [1775699552.964300620] [exp5_obstacle_fault]:   Sensor Trial 3/5 (LineSensor)
[INFO] [1775699552.965612757] [exp5_obstacle_fault]:   Return robot to S=(0.0, 0.0). Press Enter when ready ...
[WARN] [1775699562.969865925] [exp5_obstacle_fault]: Goal rejected (attempt 1/3).
[WARN] [1775699573.474886586] [exp5_obstacle_fault]: Goal rejected (attempt 2/3).
[WARN] [1775699583.979906641] [exp5_obstacle_fault]: Goal rejected (attempt 3/3).
[INFO] [1775699584.482740153] [exp5_obstacle_fault]:   Sensor Trial 4/5 (LineSensor)
[INFO] [1775699584.484311146] [exp5_obstacle_fault]:   Return robot to S=(0.0, 0.0). Press Enter when ready ...
[WARN] [1775699594.488600394] [exp5_obstacle_fault]: Goal rejected (attempt 1/3).
[WARN] [1775699604.993780309] [exp5_obstacle_fault]: Goal rejected (attempt 2/3).
[WARN] [1775699615.498884875] [exp5_obstacle_fault]: Goal rejected (attempt 3/3).
[INFO] [1775699616.001529066] [exp5_obstacle_fault]:   Sensor Trial 5/5 (LineSensor)
[INFO] [1775699616.003874227] [exp5_obstacle_fault]:   Return robot to S=(0.0, 0.0). Press Enter when ready ...
[WARN] [1775699626.009434885] [exp5_obstacle_fault]: Goal rejected (attempt 1/3).
[WARN] [1775699636.515129906] [exp5_obstacle_fault]: Goal rejected (attempt 2/3).
[WARN] [1775699647.021270980] [exp5_obstacle_fault]: Goal rejected (attempt 3/3).
[INFO] [1775699647.524199469] [exp5_obstacle_fault]:   LineSensor failure success rate: 0.0 %

============================================================
  EXPERIMENT SUMMARY — EXP 5 — Obstacle & Fault Tolerance
============================================================
  Trial    Metric                         Value        Unit
------------------------------------------------------------
============================================================

[DataLogger] Closed /home/jetson/formica_experiments/data/exp5_fault_20260409_014056.csv
