[INFO] [1775695479.705015108] [exp5_obstacle_fault]: Experiment 5 — Obstacle & Fault Tolerance starting ...
[INFO] [1775695483.723451364] [exp5_obstacle_fault]: 
=== CONDITION A: Dynamic Obstacle Injection ===
[INFO] [1775695483.724308265] [exp5_obstacle_fault]:   Obstacle Trial 1/10
[INFO] [1775695483.725033389] [exp5_obstacle_fault]:   Return robot to S=(0.0, 0.0). Press Enter when ready ...
[DataLogger] Writing to /home/jetson/formica_experiments/data/exp5_fault_20260409_004440.csv
[WARN] [1775695493.729969901] [exp5_obstacle_fault]: Goal rejected.
[INFO] [1775695493.731159860] [exp5_obstacle_fault]:   Obstacle Trial 2/10
[INFO] [1775695493.732511292] [exp5_obstacle_fault]:   Return robot to S=(0.0, 0.0). Press Enter when ready ...
[WARN] [1775695503.735091754] [exp5_obstacle_fault]: Goal rejected.
[INFO] [1775695503.736041232] [exp5_obstacle_fault]:   Obstacle Trial 3/10
[INFO] [1775695503.736711220] [exp5_obstacle_fault]:   Return robot to S=(0.0, 0.0). Press Enter when ready ...
[WARN] [1775695513.739535873] [exp5_obstacle_fault]: Goal rejected.
[INFO] [1775695513.740725769] [exp5_obstacle_fault]:   Obstacle Trial 4/10
[INFO] [1775695513.743259449] [exp5_obstacle_fault]:   Return robot to S=(0.0, 0.0). Press Enter when ready ...
[WARN] [1775695523.746124906] [exp5_obstacle_fault]: Goal rejected.
[INFO] [1775695523.747293778] [exp5_obstacle_fault]:   Obstacle Trial 5/10
[INFO] [1775695523.748572251] [exp5_obstacle_fault]:   Return robot to S=(0.0, 0.0). Press Enter when ready ...
[WARN] [1775695533.753371234] [exp5_obstacle_fault]: Goal rejected.
[INFO] [1775695533.754264552] [exp5_obstacle_fault]:   Obstacle Trial 6/10
[INFO] [1775695533.754892109] [exp5_obstacle_fault]:   Return robot to S=(0.0, 0.0). Press Enter when ready ...
[WARN] [1775695543.757796437] [exp5_obstacle_fault]: Goal rejected.
[INFO] [1775695543.758891901] [exp5_obstacle_fault]:   Obstacle Trial 7/10
[INFO] [1775695543.759717667] [exp5_obstacle_fault]:   Return robot to S=(0.0, 0.0). Press Enter when ready ...
[WARN] [1775695553.762331584] [exp5_obstacle_fault]: Goal rejected.
[INFO] [1775695553.763186663] [exp5_obstacle_fault]:   Obstacle Trial 8/10
[INFO] [1775695553.763797675] [exp5_obstacle_fault]:   Return robot to S=(0.0, 0.0). Press Enter when ready ...
[WARN] [1775695563.766271590] [exp5_obstacle_fault]: Goal rejected.
[INFO] [1775695563.768697882] [exp5_obstacle_fault]:   Obstacle Trial 9/10
[INFO] [1775695563.770687018] [exp5_obstacle_fault]:   Return robot to S=(0.0, 0.0). Press Enter when ready ...
[WARN] [1775695573.774706364] [exp5_obstacle_fault]: Goal rejected.
[INFO] [1775695573.775775972] [exp5_obstacle_fault]:   Obstacle Trial 10/10
[INFO] [1775695573.776558891] [exp5_obstacle_fault]:   Return robot to S=(0.0, 0.0). Press Enter when ready ...
[WARN] [1775695583.782488643] [exp5_obstacle_fault]: Goal rejected.
[INFO] [1775695583.783980431] [exp5_obstacle_fault]: 
  Condition A rerouting success rate: 0.0 %
[INFO] [1775695583.784680341] [exp5_obstacle_fault]: 
=== CONDITION B: Sensor Failure Simulation ===
[INFO] [1775695583.785762942] [exp5_obstacle_fault]: 
  Sensor failure type: LiDAR
[INFO] [1775695583.786702438] [exp5_obstacle_fault]:   Sensor Trial 1/5 (LiDAR)
[INFO] [1775695583.787679823] [exp5_obstacle_fault]:   Return robot to S=(0.0, 0.0). Press Enter when ready ...
[WARN] [1775695593.790319245] [exp5_obstacle_fault]: Goal rejected.
[INFO] [1775695593.791622776] [exp5_obstacle_fault]:   Sensor Trial 2/5 (LiDAR)
[INFO] [1775695593.793813420] [exp5_obstacle_fault]:   Return robot to S=(0.0, 0.0). Press Enter when ready ...
[WARN] [1775695603.796981117] [exp5_obstacle_fault]: Goal rejected.
[INFO] [1775695603.797833477] [exp5_obstacle_fault]:   Sensor Trial 3/5 (LiDAR)
[INFO] [1775695603.798506667] [exp5_obstacle_fault]:   Return robot to S=(0.0, 0.0). Press Enter when ready ...
[WARN] [1775695613.801920667] [exp5_obstacle_fault]: Goal rejected.
[INFO] [1775695613.802882276] [exp5_obstacle_fault]:   Sensor Trial 4/5 (LiDAR)
[INFO] [1775695613.803595210] [exp5_obstacle_fault]:   Return robot to S=(0.0, 0.0). Press Enter when ready ...
[WARN] [1775695623.806490081] [exp5_obstacle_fault]: Goal rejected.
[INFO] [1775695623.807389353] [exp5_obstacle_fault]:   Sensor Trial 5/5 (LiDAR)
[INFO] [1775695623.808090288] [exp5_obstacle_fault]:   Return robot to S=(0.0, 0.0). Press Enter when ready ...
[WARN] [1775695633.813518715] [exp5_obstacle_fault]: Goal rejected.
[INFO] [1775695633.814432035] [exp5_obstacle_fault]:   LiDAR failure success rate: 0.0 %
[INFO] [1775695633.815143050] [exp5_obstacle_fault]: 
  Sensor failure type: Camera
[INFO] [1775695633.816163700] [exp5_obstacle_fault]:   Sensor Trial 1/5 (Camera)
[INFO] [1775695633.817264767] [exp5_obstacle_fault]:   Return robot to S=(0.0, 0.0). Press Enter when ready ...
[WARN] [1775695643.821203337] [exp5_obstacle_fault]: Goal rejected.
[INFO] [1775695643.826294780] [exp5_obstacle_fault]:   Sensor Trial 2/5 (Camera)
[INFO] [1775695643.827125508] [exp5_obstacle_fault]:   Return robot to S=(0.0, 0.0). Press Enter when ready ...
[WARN] [1775695653.830056579] [exp5_obstacle_fault]: Goal rejected.
[INFO] [1775695653.830955244] [exp5_obstacle_fault]:   Sensor Trial 3/5 (Camera)
[INFO] [1775695653.838966142] [exp5_obstacle_fault]:   Return robot to S=(0.0, 0.0). Press Enter when ready ...
[WARN] [1775695663.842487861] [exp5_obstacle_fault]: Goal rejected.
[INFO] [1775695663.843416126] [exp5_obstacle_fault]:   Sensor Trial 4/5 (Camera)
[INFO] [1775695663.844122374] [exp5_obstacle_fault]:   Return robot to S=(0.0, 0.0). Press Enter when ready ...
[WARN] [1775695673.846875065] [exp5_obstacle_fault]: Goal rejected.
[INFO] [1775695673.847717026] [exp5_obstacle_fault]:   Sensor Trial 5/5 (Camera)
[INFO] [1775695673.848877743] [exp5_obstacle_fault]:   Return robot to S=(0.0, 0.0). Press Enter when ready ...
[WARN] [1775695683.852752040] [exp5_obstacle_fault]: Goal rejected.
[INFO] [1775695683.853681170] [exp5_obstacle_fault]:   Camera failure success rate: 0.0 %
[INFO] [1775695683.854355609] [exp5_obstacle_fault]: 
  Sensor failure type: LineSensor
[INFO] [1775695683.854984256] [exp5_obstacle_fault]:   Sensor Trial 1/5 (LineSensor)
[INFO] [1775695683.855586855] [exp5_obstacle_fault]:   Return robot to S=(0.0, 0.0). Press Enter when ready ...
[WARN] [1775695693.861770632] [exp5_obstacle_fault]: Goal rejected.
[INFO] [1775695693.862633682] [exp5_obstacle_fault]:   Sensor Trial 2/5 (LineSensor)
[INFO] [1775695693.863369530] [exp5_obstacle_fault]:   Return robot to S=(0.0, 0.0). Press Enter when ready ...
[WARN] [1775695703.868878618] [exp5_obstacle_fault]: Goal rejected.
[INFO] [1775695703.869783332] [exp5_obstacle_fault]:   Sensor Trial 3/5 (LineSensor)
[INFO] [1775695703.870536493] [exp5_obstacle_fault]:   Return robot to S=(0.0, 0.0). Press Enter when ready ...
[WARN] [1775695713.873864785] [exp5_obstacle_fault]: Goal rejected.
[INFO] [1775695713.876315789] [exp5_obstacle_fault]:   Sensor Trial 4/5 (LineSensor)
[INFO] [1775695713.877088150] [exp5_obstacle_fault]:   Return robot to S=(0.0, 0.0). Press Enter when ready ...
[WARN] [1775695723.879923080] [exp5_obstacle_fault]: Goal rejected.
[INFO] [1775695723.880772498] [exp5_obstacle_fault]:   Sensor Trial 5/5 (LineSensor)
[INFO] [1775695723.881466810] [exp5_obstacle_fault]:   Return robot to S=(0.0, 0.0). Press Enter when ready ...
[WARN] [1775695733.885249315] [exp5_obstacle_fault]: Goal rejected.
[INFO] [1775695733.886445393] [exp5_obstacle_fault]:   LineSensor failure success rate: 0.0 %

============================================================
  EXPERIMENT SUMMARY — EXP 5 — Obstacle & Fault Tolerance
============================================================
  Trial    Metric                         Value        Unit
------------------------------------------------------------
============================================================

[DataLogger] Closed /home/jetson/formica_experiments/data/exp5_fault_20260409_004440.csv
