[INFO] [1775694744.515407217] [exp5_obstacle_fault]: Experiment 5 — Obstacle & Fault Tolerance starting ...
[INFO] [1775694747.590919788] [exp5_obstacle_fault]: 
=== CONDITION A: Dynamic Obstacle Injection ===
[INFO] [1775694747.591718566] [exp5_obstacle_fault]:   Obstacle Trial 1/10
[INFO] [1775694747.592358440] [exp5_obstacle_fault]:   Return robot to S=(0.0, 0.0). Press Enter when ready ...
[DataLogger] Writing to /home/jetson/formica_experiments/data/exp5_fault_20260409_003224.csv
[WARN] [1775694757.626018192] [exp5_obstacle_fault]: Goal rejected.
[INFO] [1775694757.626932422] [exp5_obstacle_fault]:   Obstacle Trial 2/10
[INFO] [1775694757.627585321] [exp5_obstacle_fault]:   Return robot to S=(0.0, 0.0). Press Enter when ready ...
[WARN] [1775694767.630881971] [exp5_obstacle_fault]: Goal rejected.
[INFO] [1775694767.631998209] [exp5_obstacle_fault]:   Obstacle Trial 3/10
[INFO] [1775694767.632663044] [exp5_obstacle_fault]:   Return robot to S=(0.0, 0.0). Press Enter when ready ...
[WARN] [1775694777.635067783] [exp5_obstacle_fault]: Goal rejected.
[INFO] [1775694777.636100570] [exp5_obstacle_fault]:   Obstacle Trial 4/10
[INFO] [1775694777.636867642] [exp5_obstacle_fault]:   Return robot to S=(0.0, 0.0). Press Enter when ready ...
[WARN] [1775694787.639097374] [exp5_obstacle_fault]: Goal rejected.
[INFO] [1775694787.640011896] [exp5_obstacle_fault]:   Obstacle Trial 5/10
[INFO] [1775694787.640695228] [exp5_obstacle_fault]:   Return robot to S=(0.0, 0.0). Press Enter when ready ...
[WARN] [1775694797.643918328] [exp5_obstacle_fault]: Goal rejected.
[INFO] [1775694797.645618323] [exp5_obstacle_fault]:   Obstacle Trial 6/10
[INFO] [1775694797.647025466] [exp5_obstacle_fault]:   Return robot to S=(0.0, 0.0). Press Enter when ready ...
[WARN] [1775694807.655286178] [exp5_obstacle_fault]: Goal rejected.
[INFO] [1775694807.656187839] [exp5_obstacle_fault]:   Obstacle Trial 7/10
[INFO] [1775694807.656847205] [exp5_obstacle_fault]:   Return robot to S=(0.0, 0.0). Press Enter when ready ...
[WARN] [1775694817.660064377] [exp5_obstacle_fault]: Goal rejected.
[INFO] [1775694817.660936184] [exp5_obstacle_fault]:   Obstacle Trial 8/10
[INFO] [1775694817.661597375] [exp5_obstacle_fault]:   Return robot to S=(0.0, 0.0). Press Enter when ready ...
[WARN] [1775694827.664803183] [exp5_obstacle_fault]: Goal rejected.
[INFO] [1775694827.666904385] [exp5_obstacle_fault]:   Obstacle Trial 9/10
[INFO] [1775694827.668752477] [exp5_obstacle_fault]:   Return robot to S=(0.0, 0.0). Press Enter when ready ...
[WARN] [1775694837.676989236] [exp5_obstacle_fault]: Goal rejected.
[INFO] [1775694837.678391618] [exp5_obstacle_fault]:   Obstacle Trial 10/10
[INFO] [1775694837.679501530] [exp5_obstacle_fault]:   Return robot to S=(0.0, 0.0). Press Enter when ready ...
[WARN] [1775694847.682035549] [exp5_obstacle_fault]: Goal rejected.
[INFO] [1775694847.682969597] [exp5_obstacle_fault]: 
  Condition A rerouting success rate: 0.0 %
[INFO] [1775694847.683625574] [exp5_obstacle_fault]: 
=== CONDITION B: Sensor Failure Simulation ===
[INFO] [1775694847.684264112] [exp5_obstacle_fault]: 
  Sensor failure type: LiDAR
[INFO] [1775694847.684878843] [exp5_obstacle_fault]:   Sensor Trial 1/5 (LiDAR)
[INFO] [1775694847.685537828] [exp5_obstacle_fault]:   Return robot to S=(0.0, 0.0). Press Enter when ready ...
[WARN] [1775694857.689103395] [exp5_obstacle_fault]: Goal rejected.
[INFO] [1775694857.690748108] [exp5_obstacle_fault]:   Sensor Trial 2/5 (LiDAR)
[INFO] [1775694857.692115870] [exp5_obstacle_fault]:   Return robot to S=(0.0, 0.0). Press Enter when ready ...
[WARN] [1775694867.694834083] [exp5_obstacle_fault]: Goal rejected.
[INFO] [1775694867.696124473] [exp5_obstacle_fault]:   Sensor Trial 3/5 (LiDAR)
[INFO] [1775694867.697326610] [exp5_obstacle_fault]:   Return robot to S=(0.0, 0.0). Press Enter when ready ...
[WARN] [1775694877.700866132] [exp5_obstacle_fault]: Goal rejected.
[INFO] [1775694877.702535263] [exp5_obstacle_fault]:   Sensor Trial 4/5 (LiDAR)
[INFO] [1775694877.703931059] [exp5_obstacle_fault]:   Return robot to S=(0.0, 0.0). Press Enter when ready ...
[WARN] [1775694887.708099915] [exp5_obstacle_fault]: Goal rejected.
[INFO] [1775694887.710334375] [exp5_obstacle_fault]:   Sensor Trial 5/5 (LiDAR)
[INFO] [1775694887.711885784] [exp5_obstacle_fault]:   Return robot to S=(0.0, 0.0). Press Enter when ready ...
[WARN] [1775694897.714957045] [exp5_obstacle_fault]: Goal rejected.
[INFO] [1775694897.715876026] [exp5_obstacle_fault]:   LiDAR failure success rate: 0.0 %
[INFO] [1775694897.716621092] [exp5_obstacle_fault]: 
  Sensor failure type: Camera
[INFO] [1775694897.717354223] [exp5_obstacle_fault]:   Sensor Trial 1/5 (Camera)
[INFO] [1775694897.718024699] [exp5_obstacle_fault]:   Return robot to S=(0.0, 0.0). Press Enter when ready ...
[WARN] [1775694907.720970708] [exp5_obstacle_fault]: Goal rejected.
[INFO] [1775694907.721871483] [exp5_obstacle_fault]:   Sensor Trial 2/5 (Camera)
[INFO] [1775694907.722585158] [exp5_obstacle_fault]:   Return robot to S=(0.0, 0.0). Press Enter when ready ...
[WARN] [1775694917.724924900] [exp5_obstacle_fault]: Goal rejected.
[INFO] [1775694917.725823019] [exp5_obstacle_fault]:   Sensor Trial 3/5 (Camera)
[INFO] [1775694917.726471386] [exp5_obstacle_fault]:   Return robot to S=(0.0, 0.0). Press Enter when ready ...
[WARN] [1775694927.730914292] [exp5_obstacle_fault]: Goal rejected.
[INFO] [1775694927.732865120] [exp5_obstacle_fault]:   Sensor Trial 4/5 (Camera)
[INFO] [1775694927.734572563] [exp5_obstacle_fault]:   Return robot to S=(0.0, 0.0). Press Enter when ready ...
[WARN] [1775694937.738235836] [exp5_obstacle_fault]: Goal rejected.
[INFO] [1775694937.739883090] [exp5_obstacle_fault]:   Sensor Trial 5/5 (Camera)
[INFO] [1775694937.741325421] [exp5_obstacle_fault]:   Return robot to S=(0.0, 0.0). Press Enter when ready ...
[WARN] [1775694947.745085209] [exp5_obstacle_fault]: Goal rejected.
[INFO] [1775694947.746689202] [exp5_obstacle_fault]:   Camera failure success rate: 0.0 %
[INFO] [1775694947.748059504] [exp5_obstacle_fault]: 
  Sensor failure type: LineSensor
[INFO] [1775694947.749456750] [exp5_obstacle_fault]:   Sensor Trial 1/5 (LineSensor)
[INFO] [1775694947.750823596] [exp5_obstacle_fault]:   Return robot to S=(0.0, 0.0). Press Enter when ready ...
[WARN] [1775694957.754477679] [exp5_obstacle_fault]: Goal rejected.
[INFO] [1775694957.756059850] [exp5_obstacle_fault]:   Sensor Trial 2/5 (LineSensor)
[INFO] [1775694957.757457576] [exp5_obstacle_fault]:   Return robot to S=(0.0, 0.0). Press Enter when ready ...
[WARN] [1775694967.761513059] [exp5_obstacle_fault]: Goal rejected.
[INFO] [1775694967.763102111] [exp5_obstacle_fault]:   Sensor Trial 3/5 (LineSensor)
[INFO] [1775694967.764476255] [exp5_obstacle_fault]:   Return robot to S=(0.0, 0.0). Press Enter when ready ...
[WARN] [1775694977.768098232] [exp5_obstacle_fault]: Goal rejected.
[INFO] [1775694977.769756148] [exp5_obstacle_fault]:   Sensor Trial 4/5 (LineSensor)
[INFO] [1775694977.771157109] [exp5_obstacle_fault]:   Return robot to S=(0.0, 0.0). Press Enter when ready ...
[WARN] [1775694987.774739545] [exp5_obstacle_fault]: Goal rejected.
[INFO] [1775694987.776319736] [exp5_obstacle_fault]:   Sensor Trial 5/5 (LineSensor)
[INFO] [1775694987.777720698] [exp5_obstacle_fault]:   Return robot to S=(0.0, 0.0). Press Enter when ready ...
[WARN] [1775694997.781723290] [exp5_obstacle_fault]: Goal rejected.
[INFO] [1775694997.783304346] [exp5_obstacle_fault]:   LineSensor failure success rate: 0.0 %

============================================================
  EXPERIMENT SUMMARY — EXP 5 — Obstacle & Fault Tolerance
============================================================
  Trial    Metric                         Value        Unit
------------------------------------------------------------
============================================================

[DataLogger] Closed /home/jetson/formica_experiments/data/exp5_fault_20260409_003224.csv
