[INFO] [1775698391.663974400] [exp5_obstacle_fault]: Experiment 5 — Obstacle & Fault Tolerance starting ...
[INFO] [1775698394.697482688] [exp5_obstacle_fault]: 
=== CONDITION A: Dynamic Obstacle Injection ===
[INFO] [1775698394.699028424] [exp5_obstacle_fault]:   Obstacle Trial 1/10
[INFO] [1775698394.700443245] [exp5_obstacle_fault]:   Return robot to S=(0.0, 0.0). Press Enter when ready ...
[DataLogger] Writing to /home/jetson/formica_experiments/data/exp5_fault_20260409_013311.csv
[WARN] [1775698404.705346727] [exp5_obstacle_fault]: Goal rejected (attempt 1/3).
[WARN] [1775698415.210144671] [exp5_obstacle_fault]: Goal rejected (attempt 2/3).
[WARN] [1775698425.741121824] [exp5_obstacle_fault]: Goal rejected (attempt 3/3).
[INFO] [1775698426.244054740] [exp5_obstacle_fault]:   Obstacle Trial 2/10
[INFO] [1775698426.245598235] [exp5_obstacle_fault]:   Return robot to S=(0.0, 0.0). Press Enter when ready ...
[WARN] [1775698436.250107664] [exp5_obstacle_fault]: Goal rejected (attempt 1/3).
[WARN] [1775698446.755317225] [exp5_obstacle_fault]: Goal rejected (attempt 2/3).
[WARN] [1775698457.259858528] [exp5_obstacle_fault]: Goal rejected (attempt 3/3).
[INFO] [1775698457.762557048] [exp5_obstacle_fault]:   Obstacle Trial 3/10
[INFO] [1775698457.764558924] [exp5_obstacle_fault]:   Return robot to S=(0.0, 0.0). Press Enter when ready ...
[WARN] [1775698467.768890843] [exp5_obstacle_fault]: Goal rejected (attempt 1/3).
[WARN] [1775698478.274161704] [exp5_obstacle_fault]: Goal rejected (attempt 2/3).
[WARN] [1775698488.779163110] [exp5_obstacle_fault]: Goal rejected (attempt 3/3).
[INFO] [1775698489.281846091] [exp5_obstacle_fault]:   Obstacle Trial 4/10
[INFO] [1775698489.283353874] [exp5_obstacle_fault]:   Return robot to S=(0.0, 0.0). Press Enter when ready ...
[WARN] [1775698499.287980544] [exp5_obstacle_fault]: Goal rejected (attempt 1/3).
[WARN] [1775698509.792991379] [exp5_obstacle_fault]: Goal rejected (attempt 2/3).
[WARN] [1775698520.298002630] [exp5_obstacle_fault]: Goal rejected (attempt 3/3).
[INFO] [1775698520.800827131] [exp5_obstacle_fault]:   Obstacle Trial 5/10
[INFO] [1775698520.802404676] [exp5_obstacle_fault]:   Return robot to S=(0.0, 0.0). Press Enter when ready ...
[WARN] [1775698530.806660792] [exp5_obstacle_fault]: Goal rejected (attempt 1/3).
[WARN] [1775698541.311583246] [exp5_obstacle_fault]: Goal rejected (attempt 2/3).
[WARN] [1775698551.816453161] [exp5_obstacle_fault]: Goal rejected (attempt 3/3).
[INFO] [1775698552.319069447] [exp5_obstacle_fault]:   Obstacle Trial 6/10
[INFO] [1775698552.320532685] [exp5_obstacle_fault]:   Return robot to S=(0.0, 0.0). Press Enter when ready ...
[WARN] [1775698562.325035692] [exp5_obstacle_fault]: Goal rejected (attempt 1/3).
[WARN] [1775698572.830134562] [exp5_obstacle_fault]: Goal rejected (attempt 2/3).
[WARN] [1775698583.335008672] [exp5_obstacle_fault]: Goal rejected (attempt 3/3).
[INFO] [1775698583.837721424] [exp5_obstacle_fault]:   Obstacle Trial 7/10
[INFO] [1775698583.839287832] [exp5_obstacle_fault]:   Return robot to S=(0.0, 0.0). Press Enter when ready ...
[WARN] [1775698593.843727408] [exp5_obstacle_fault]: Goal rejected (attempt 1/3).
[WARN] [1775698604.348744244] [exp5_obstacle_fault]: Goal rejected (attempt 2/3).
[WARN] [1775698614.854510400] [exp5_obstacle_fault]: Goal rejected (attempt 3/3).
[INFO] [1775698615.357193792] [exp5_obstacle_fault]:   Obstacle Trial 8/10
[INFO] [1775698615.358696455] [exp5_obstacle_fault]:   Return robot to S=(0.0, 0.0). Press Enter when ready ...
[WARN] [1775698625.362873701] [exp5_obstacle_fault]: Goal rejected (attempt 1/3).
[WARN] [1775698635.868012785] [exp5_obstacle_fault]: Goal rejected (attempt 2/3).
[WARN] [1775698646.373110211] [exp5_obstacle_fault]: Goal rejected (attempt 3/3).
[INFO] [1775698646.875823692] [exp5_obstacle_fault]:   Obstacle Trial 9/10
[INFO] [1775698646.877440379] [exp5_obstacle_fault]:   Return robot to S=(0.0, 0.0). Press Enter when ready ...
[WARN] [1775698656.882376750] [exp5_obstacle_fault]: Goal rejected (attempt 1/3).
[WARN] [1775698667.387309033] [exp5_obstacle_fault]: Goal rejected (attempt 2/3).
[WARN] [1775698677.892525338] [exp5_obstacle_fault]: Goal rejected (attempt 3/3).
[INFO] [1775698678.395204714] [exp5_obstacle_fault]:   Obstacle Trial 10/10
[INFO] [1775698678.396747059] [exp5_obstacle_fault]:   Return robot to S=(0.0, 0.0). Press Enter when ready ...
[WARN] [1775698688.401275238] [exp5_obstacle_fault]: Goal rejected (attempt 1/3).
[WARN] [1775698698.906418268] [exp5_obstacle_fault]: Goal rejected (attempt 2/3).
[WARN] [1775698709.411776410] [exp5_obstacle_fault]: Goal rejected (attempt 3/3).
[INFO] [1775698709.914665549] [exp5_obstacle_fault]: 
  Condition A rerouting success rate: 0.0 %
[INFO] [1775698709.916221813] [exp5_obstacle_fault]: 
=== CONDITION B: Sensor Failure Simulation ===
[INFO] [1775698709.917609141] [exp5_obstacle_fault]: 
  Sensor failure type: LiDAR
[INFO] [1775698709.919130235] [exp5_obstacle_fault]:   Sensor Trial 1/5 (LiDAR)
[INFO] [1775698709.919872317] [exp5_obstacle_fault]:   Return robot to S=(0.0, 0.0). Press Enter when ready ...
[WARN] [1775698719.924305821] [exp5_obstacle_fault]: Goal rejected (attempt 1/3).
[WARN] [1775698730.429659126] [exp5_obstacle_fault]: Goal rejected (attempt 2/3).
[WARN] [1775698740.933946877] [exp5_obstacle_fault]: Goal rejected (attempt 3/3).
[INFO] [1775698741.436587125] [exp5_obstacle_fault]:   Sensor Trial 2/5 (LiDAR)
[INFO] [1775698741.438206270] [exp5_obstacle_fault]:   Return robot to S=(0.0, 0.0). Press Enter when ready ...
[WARN] [1775698751.441695518] [exp5_obstacle_fault]: Goal rejected (attempt 1/3).
[WARN] [1775698761.946872834] [exp5_obstacle_fault]: Goal rejected (attempt 2/3).
[WARN] [1775698772.452242403] [exp5_obstacle_fault]: Goal rejected (attempt 3/3).
[INFO] [1775698772.955881669] [exp5_obstacle_fault]:   Sensor Trial 3/5 (LiDAR)
[INFO] [1775698772.957474315] [exp5_obstacle_fault]:   Return robot to S=(0.0, 0.0). Press Enter when ready ...
[WARN] [1775698782.963088798] [exp5_obstacle_fault]: Goal rejected (attempt 1/3).
[WARN] [1775698793.468264036] [exp5_obstacle_fault]: Goal rejected (attempt 2/3).
[WARN] [1775698803.973660523] [exp5_obstacle_fault]: Goal rejected (attempt 3/3).
[INFO] [1775698804.476794502] [exp5_obstacle_fault]:   Sensor Trial 4/5 (LiDAR)
[INFO] [1775698804.478455949] [exp5_obstacle_fault]:   Return robot to S=(0.0, 0.0). Press Enter when ready ...
[WARN] [1775698814.482989160] [exp5_obstacle_fault]: Goal rejected (attempt 1/3).
[WARN] [1775698824.988123570] [exp5_obstacle_fault]: Goal rejected (attempt 2/3).
[WARN] [1775698835.493083530] [exp5_obstacle_fault]: Goal rejected (attempt 3/3).
[INFO] [1775698835.995785197] [exp5_obstacle_fault]:   Sensor Trial 5/5 (LiDAR)
[INFO] [1775698835.997397649] [exp5_obstacle_fault]:   Return robot to S=(0.0, 0.0). Press Enter when ready ...
[WARN] [1775698846.002200723] [exp5_obstacle_fault]: Goal rejected (attempt 1/3).
[WARN] [1775698856.507486862] [exp5_obstacle_fault]: Goal rejected (attempt 2/3).
[WARN] [1775698867.020279710] [exp5_obstacle_fault]: Goal rejected (attempt 3/3).
[INFO] [1775698867.522855973] [exp5_obstacle_fault]:   LiDAR failure success rate: 0.0 %
[INFO] [1775698867.524329633] [exp5_obstacle_fault]: 
  Sensor failure type: Camera
[INFO] [1775698867.525703098] [exp5_obstacle_fault]:   Sensor Trial 1/5 (Camera)
[INFO] [1775698867.527078227] [exp5_obstacle_fault]:   Return robot to S=(0.0, 0.0). Press Enter when ready ...
[WARN] [1775698877.531415861] [exp5_obstacle_fault]: Goal rejected (attempt 1/3).
[WARN] [1775698888.035077840] [exp5_obstacle_fault]: Goal rejected (attempt 2/3).
[WARN] [1775698898.540149352] [exp5_obstacle_fault]: Goal rejected (attempt 3/3).
[INFO] [1775698899.043064748] [exp5_obstacle_fault]:   Sensor Trial 2/5 (Camera)
[INFO] [1775698899.044655148] [exp5_obstacle_fault]:   Return robot to S=(0.0, 0.0). Press Enter when ready ...
[WARN] [1775698909.049475798] [exp5_obstacle_fault]: Goal rejected (attempt 1/3).
[WARN] [1775698919.555621785] [exp5_obstacle_fault]: Goal rejected (attempt 2/3).
[WARN] [1775698930.060720299] [exp5_obstacle_fault]: Goal rejected (attempt 3/3).
[INFO] [1775698930.563390913] [exp5_obstacle_fault]:   Sensor Trial 3/5 (Camera)
[INFO] [1775698930.565429522] [exp5_obstacle_fault]:   Return robot to S=(0.0, 0.0). Press Enter when ready ...
[WARN] [1775698940.570146955] [exp5_obstacle_fault]: Goal rejected (attempt 1/3).
[WARN] [1775698951.074970678] [exp5_obstacle_fault]: Goal rejected (attempt 2/3).
[WARN] [1775698961.579833231] [exp5_obstacle_fault]: Goal rejected (attempt 3/3).
[INFO] [1775698962.082555172] [exp5_obstacle_fault]:   Sensor Trial 4/5 (Camera)
[INFO] [1775698962.084089920] [exp5_obstacle_fault]:   Return robot to S=(0.0, 0.0). Press Enter when ready ...
[WARN] [1775698972.089014166] [exp5_obstacle_fault]: Goal rejected (attempt 1/3).
[WARN] [1775698982.594147792] [exp5_obstacle_fault]: Goal rejected (attempt 2/3).
[WARN] [1775698993.099282161] [exp5_obstacle_fault]: Goal rejected (attempt 3/3).
[INFO] [1775698993.602265627] [exp5_obstacle_fault]:   Sensor Trial 5/5 (Camera)
[INFO] [1775698993.603817686] [exp5_obstacle_fault]:   Return robot to S=(0.0, 0.0). Press Enter when ready ...
[WARN] [1775699003.608115056] [exp5_obstacle_fault]: Goal rejected (attempt 1/3).
[WARN] [1775699014.112994300] [exp5_obstacle_fault]: Goal rejected (attempt 2/3).
[WARN] [1775699024.617826133] [exp5_obstacle_fault]: Goal rejected (attempt 3/3).
[INFO] [1775699025.120461782] [exp5_obstacle_fault]:   Camera failure success rate: 0.0 %
[INFO] [1775699025.122020017] [exp5_obstacle_fault]: 
  Sensor failure type: LineSensor
[INFO] [1775699025.123376708] [exp5_obstacle_fault]:   Sensor Trial 1/5 (LineSensor)
[INFO] [1775699025.124737879] [exp5_obstacle_fault]:   Return robot to S=(0.0, 0.0). Press Enter when ready ...
[WARN] [1775699035.129327207] [exp5_obstacle_fault]: Goal rejected (attempt 1/3).
[WARN] [1775699045.634296713] [exp5_obstacle_fault]: Goal rejected (attempt 2/3).
[WARN] [1775699056.139161724] [exp5_obstacle_fault]: Goal rejected (attempt 3/3).
[INFO] [1775699056.641813168] [exp5_obstacle_fault]:   Sensor Trial 2/5 (LineSensor)
[INFO] [1775699056.643360458] [exp5_obstacle_fault]:   Return robot to S=(0.0, 0.0). Press Enter when ready ...
[WARN] [1775699066.647658031] [exp5_obstacle_fault]: Goal rejected (attempt 1/3).
[WARN] [1775699077.152657193] [exp5_obstacle_fault]: Goal rejected (attempt 2/3).
[WARN] [1775699087.657808661] [exp5_obstacle_fault]: Goal rejected (attempt 3/3).
[INFO] [1775699088.160501588] [exp5_obstacle_fault]:   Sensor Trial 3/5 (LineSensor)
[INFO] [1775699088.162091534] [exp5_obstacle_fault]:   Return robot to S=(0.0, 0.0). Press Enter when ready ...
[WARN] [1775699098.166703008] [exp5_obstacle_fault]: Goal rejected (attempt 1/3).
[WARN] [1775699108.671877949] [exp5_obstacle_fault]: Goal rejected (attempt 2/3).
[WARN] [1775699119.177263621] [exp5_obstacle_fault]: Goal rejected (attempt 3/3).
[INFO] [1775699119.680141985] [exp5_obstacle_fault]:   Sensor Trial 4/5 (LineSensor)
[INFO] [1775699119.681901632] [exp5_obstacle_fault]:   Return robot to S=(0.0, 0.0). Press Enter when ready ...
[WARN] [1775699129.686693219] [exp5_obstacle_fault]: Goal rejected (attempt 1/3).
[WARN] [1775699140.191966136] [exp5_obstacle_fault]: Goal rejected (attempt 2/3).
[WARN] [1775699150.697300446] [exp5_obstacle_fault]: Goal rejected (attempt 3/3).
[INFO] [1775699151.200164642] [exp5_obstacle_fault]:   Sensor Trial 5/5 (LineSensor)
[INFO] [1775699151.201759578] [exp5_obstacle_fault]:   Return robot to S=(0.0, 0.0). Press Enter when ready ...
[WARN] [1775699161.206022285] [exp5_obstacle_fault]: Goal rejected (attempt 1/3).
[WARN] [1775699171.710949289] [exp5_obstacle_fault]: Goal rejected (attempt 2/3).
[WARN] [1775699182.215967326] [exp5_obstacle_fault]: Goal rejected (attempt 3/3).
[INFO] [1775699182.717797780] [exp5_obstacle_fault]:   LineSensor failure success rate: 0.0 %

============================================================
  EXPERIMENT SUMMARY — EXP 5 — Obstacle & Fault Tolerance
============================================================
  Trial    Metric                         Value        Unit
------------------------------------------------------------
============================================================

[DataLogger] Closed /home/jetson/formica_experiments/data/exp5_fault_20260409_013311.csv
