[INFO] [1775695966.207650066] [exp5_obstacle_fault]: Experiment 5 — Obstacle & Fault Tolerance starting ...
[INFO] [1775695969.575507175] [exp5_obstacle_fault]: 
=== CONDITION A: Dynamic Obstacle Injection ===
[INFO] [1775695969.576348020] [exp5_obstacle_fault]:   Obstacle Trial 1/10
[INFO] [1775695969.577026846] [exp5_obstacle_fault]:   Return robot to S=(0.0, 0.0). Press Enter when ready ...
[DataLogger] Writing to /home/jetson/formica_experiments/data/exp5_fault_20260409_005246.csv
[WARN] [1775695979.581181666] [exp5_obstacle_fault]: Goal rejected.
[INFO] [1775695979.582216242] [exp5_obstacle_fault]:   Obstacle Trial 2/10
[INFO] [1775695979.584937181] [exp5_obstacle_fault]:   Return robot to S=(0.0, 0.0). Press Enter when ready ...
[WARN] [1775695989.589087100] [exp5_obstacle_fault]: Goal rejected.
[INFO] [1775695989.590484082] [exp5_obstacle_fault]:   Obstacle Trial 3/10
[INFO] [1775695989.591562787] [exp5_obstacle_fault]:   Return robot to S=(0.0, 0.0). Press Enter when ready ...
[WARN] [1775695999.594850455] [exp5_obstacle_fault]: Goal rejected.
[INFO] [1775695999.596112140] [exp5_obstacle_fault]:   Obstacle Trial 4/10
[INFO] [1775695999.599031482] [exp5_obstacle_fault]:   Return robot to S=(0.0, 0.0). Press Enter when ready ...
[WARN] [1775696009.607626801] [exp5_obstacle_fault]: Goal rejected.
[INFO] [1775696009.608916902] [exp5_obstacle_fault]:   Obstacle Trial 5/10
[INFO] [1775696009.611649074] [exp5_obstacle_fault]:   Return robot to S=(0.0, 0.0). Press Enter when ready ...
[WARN] [1775696019.616663142] [exp5_obstacle_fault]: Goal rejected.
[INFO] [1775696019.617888473] [exp5_obstacle_fault]:   Obstacle Trial 6/10
[INFO] [1775696019.619250447] [exp5_obstacle_fault]:   Return robot to S=(0.0, 0.0). Press Enter when ready ...
[WARN] [1775696029.628364390] [exp5_obstacle_fault]: Goal rejected.
[INFO] [1775696029.630194468] [exp5_obstacle_fault]:   Obstacle Trial 7/10
[INFO] [1775696029.631343735] [exp5_obstacle_fault]:   Return robot to S=(0.0, 0.0). Press Enter when ready ...
[WARN] [1775696039.634582809] [exp5_obstacle_fault]: Goal rejected.
[INFO] [1775696039.635796557] [exp5_obstacle_fault]:   Obstacle Trial 8/10
[INFO] [1775696039.636624858] [exp5_obstacle_fault]:   Return robot to S=(0.0, 0.0). Press Enter when ready ...
[WARN] [1775696049.646048343] [exp5_obstacle_fault]: Goal rejected.
[INFO] [1775696049.647608561] [exp5_obstacle_fault]:   Obstacle Trial 9/10
[INFO] [1775696049.648795301] [exp5_obstacle_fault]:   Return robot to S=(0.0, 0.0). Press Enter when ready ...
[WARN] [1775696059.653071245] [exp5_obstacle_fault]: Goal rejected.
[INFO] [1775696059.654334050] [exp5_obstacle_fault]:   Obstacle Trial 10/10
[INFO] [1775696059.655292210] [exp5_obstacle_fault]:   Return robot to S=(0.0, 0.0). Press Enter when ready ...
[WARN] [1775696069.659370691] [exp5_obstacle_fault]: Goal rejected.
[INFO] [1775696069.660434069] [exp5_obstacle_fault]: 
  Condition A rerouting success rate: 0.0 %
[INFO] [1775696069.662600665] [exp5_obstacle_fault]: 
=== CONDITION B: Sensor Failure Simulation ===
[INFO] [1775696069.665269542] [exp5_obstacle_fault]: 
  Sensor failure type: LiDAR
[INFO] [1775696069.666086611] [exp5_obstacle_fault]:   Sensor Trial 1/5 (LiDAR)
[INFO] [1775696069.666983554] [exp5_obstacle_fault]:   Return robot to S=(0.0, 0.0). Press Enter when ready ...
[WARN] [1775696079.670350719] [exp5_obstacle_fault]: Goal rejected.
[INFO] [1775696079.671414097] [exp5_obstacle_fault]:   Sensor Trial 2/5 (LiDAR)
[INFO] [1775696079.672278304] [exp5_obstacle_fault]:   Return robot to S=(0.0, 0.0). Press Enter when ready ...
[WARN] [1775696089.675383196] [exp5_obstacle_fault]: Goal rejected.
[INFO] [1775696089.676547824] [exp5_obstacle_fault]:   Sensor Trial 3/5 (LiDAR)
[INFO] [1775696089.679861896] [exp5_obstacle_fault]:   Return robot to S=(0.0, 0.0). Press Enter when ready ...
[WARN] [1775696099.683457725] [exp5_obstacle_fault]: Goal rejected.
[INFO] [1775696099.684371020] [exp5_obstacle_fault]:   Sensor Trial 4/5 (LiDAR)
[INFO] [1775696099.685033336] [exp5_obstacle_fault]:   Return robot to S=(0.0, 0.0). Press Enter when ready ...
[WARN] [1775696109.688199619] [exp5_obstacle_fault]: Goal rejected.
[INFO] [1775696109.689296214] [exp5_obstacle_fault]:   Sensor Trial 5/5 (LiDAR)
[INFO] [1775696109.692865747] [exp5_obstacle_fault]:   Return robot to S=(0.0, 0.0). Press Enter when ready ...
[WARN] [1775696119.698480499] [exp5_obstacle_fault]: Goal rejected.
[INFO] [1775696119.699940237] [exp5_obstacle_fault]:   LiDAR failure success rate: 0.0 %
[INFO] [1775696119.701129953] [exp5_obstacle_fault]: 
  Sensor failure type: Camera
[INFO] [1775696119.711299536] [exp5_obstacle_fault]:   Sensor Trial 1/5 (Camera)
[INFO] [1775696119.712100062] [exp5_obstacle_fault]:   Return robot to S=(0.0, 0.0). Press Enter when ready ...
[WARN] [1775696129.715019914] [exp5_obstacle_fault]: Goal rejected.
[INFO] [1775696129.716142334] [exp5_obstacle_fault]:   Sensor Trial 2/5 (Camera)
[INFO] [1775696129.716989612] [exp5_obstacle_fault]:   Return robot to S=(0.0, 0.0). Press Enter when ready ...
[WARN] [1775696139.725962281] [exp5_obstacle_fault]: Goal rejected.
[INFO] [1775696139.727019099] [exp5_obstacle_fault]:   Sensor Trial 3/5 (Camera)
[INFO] [1775696139.727838602] [exp5_obstacle_fault]:   Return robot to S=(0.0, 0.0). Press Enter when ready ...
[WARN] [1775696149.732661460] [exp5_obstacle_fault]: Goal rejected.
[INFO] [1775696149.733658565] [exp5_obstacle_fault]:   Sensor Trial 4/5 (Camera)
[INFO] [1775696149.734477908] [exp5_obstacle_fault]:   Return robot to S=(0.0, 0.0). Press Enter when ready ...
[WARN] [1775696159.737809768] [exp5_obstacle_fault]: Goal rejected.
[INFO] [1775696159.738854011] [exp5_obstacle_fault]:   Sensor Trial 5/5 (Camera)
[INFO] [1775696159.739736170] [exp5_obstacle_fault]:   Return robot to S=(0.0, 0.0). Press Enter when ready ...
[WARN] [1775696169.745339162] [exp5_obstacle_fault]: Goal rejected.
[INFO] [1775696169.747347582] [exp5_obstacle_fault]:   Camera failure success rate: 0.0 %
[INFO] [1775696169.750182160] [exp5_obstacle_fault]: 
  Sensor failure type: LineSensor
[INFO] [1775696169.751532552] [exp5_obstacle_fault]:   Sensor Trial 1/5 (LineSensor)
[INFO] [1775696169.753210309] [exp5_obstacle_fault]:   Return robot to S=(0.0, 0.0). Press Enter when ready ...
[WARN] [1775696179.756906296] [exp5_obstacle_fault]: Goal rejected.
[INFO] [1775696179.758869562] [exp5_obstacle_fault]:   Sensor Trial 2/5 (LineSensor)
[INFO] [1775696179.759690441] [exp5_obstacle_fault]:   Return robot to S=(0.0, 0.0). Press Enter when ready ...
[WARN] [1775696189.762916454] [exp5_obstacle_fault]: Goal rejected.
[INFO] [1775696189.763837750] [exp5_obstacle_fault]:   Sensor Trial 3/5 (LineSensor)
[INFO] [1775696189.764495074] [exp5_obstacle_fault]:   Return robot to S=(0.0, 0.0). Press Enter when ready ...
[WARN] [1775696199.768758484] [exp5_obstacle_fault]: Goal rejected.
[INFO] [1775696199.769973321] [exp5_obstacle_fault]:   Sensor Trial 4/5 (LineSensor)
[INFO] [1775696199.770834809] [exp5_obstacle_fault]:   Return robot to S=(0.0, 0.0). Press Enter when ready ...
[WARN] [1775696209.774813753] [exp5_obstacle_fault]: Goal rejected.
[INFO] [1775696209.776174641] [exp5_obstacle_fault]:   Sensor Trial 5/5 (LineSensor)
[INFO] [1775696209.779021700] [exp5_obstacle_fault]:   Return robot to S=(0.0, 0.0). Press Enter when ready ...
[WARN] [1775696219.783020585] [exp5_obstacle_fault]: Goal rejected.
[INFO] [1775696219.784756712] [exp5_obstacle_fault]:   LineSensor failure success rate: 0.0 %

============================================================
  EXPERIMENT SUMMARY — EXP 5 — Obstacle & Fault Tolerance
============================================================
  Trial    Metric                         Value        Unit
------------------------------------------------------------
============================================================

[DataLogger] Closed /home/jetson/formica_experiments/data/exp5_fault_20260409_005246.csv
