[INFO] [1775693632.504257185] [exp7_pheromone_trail]: Experiment 7 — mock_sensors=True auto_run=True
[DataLogger] Writing to /home/jetson/formica_experiments/data/exp7_pheromone_20260409_001352.csv
[INFO] [1775693635.523239133] [exp7_pheromone_trail]: === Sub-experiment A: Straight trail ===
[INFO] [1775693635.524006525] [exp7_pheromone_trail]: [auto_run] Trial 1/1 (straight): place robot at START, LED full; confirm TCRT > 1500 ADC. Press Enter ...
[INFO] [1775693667.970980504] [exp7_pheromone_trail]: Trial 1: mean_lat=0.04 cm  trail_loss=0  time=32.1s  PASS (target ≤ 1.5 cm, no loss)
[INFO] [1775693667.972039173] [exp7_pheromone_trail]: straight overall mean lateral: 0.04 ± 0.00 cm
[INFO] [1775693667.972940202] [exp7_pheromone_trail]: === Sub-experiment B: Curved trail ===
[INFO] [1775693667.973888690] [exp7_pheromone_trail]: [auto_run] Trial 1/1 (curved): place robot at START, LED full; confirm TCRT > 1500 ADC. Press Enter ...
[INFO] [1775693711.057961463] [exp7_pheromone_trail]: Trial 1: mean_lat=0.07 cm  trail_loss=0  time=42.8s  PASS (target ≤ 2.0 cm, no loss)
[INFO] [1775693711.059573371] [exp7_pheromone_trail]: curved overall mean lateral: 0.07 ± 0.00 cm
[INFO] [1775693711.061128027] [exp7_pheromone_trail]: === Sub-experiment C: SNR / chemical switchover ===
[INFO] [1775693711.063072812] [exp7_pheromone_trail]: [auto_run] SNR trial 1/1: robot on trail, ambient LOW, MQ-135 primed; Enter ...
[WARN] [1775693735.537439919] [exp7_pheromone_trail]: SNR < 6 dB switching to chemical backup
[WARN] [1775693735.539147766] [exp7_pheromone_trail]:   (SNR=5.99 dB)
[INFO] [1775693735.540508463] [exp7_pheromone_trail]: Chemical backup active: latency=0.004 s  gas_adc=520.0
[INFO] [1775693735.543759926] [exp7_pheromone_trail]: === Sub-experiment D: Pheromone decay (LED PWM) ===
[INFO] [1775693735.855279067] [exp7_pheromone_trail]: [auto_run] Sub-exp D: robot centred on trail; Enter to step PWM 100%→10% ...
[INFO] [1775693736.157949583] [exp7_pheromone_trail]: D step 1: LED PWM = 1.00
[INFO] [1775693738.362623094] [exp7_pheromone_trail]:   ADC=[2000,2000,2000,2000]  any>1500=True  SNR=52.04 dB
[INFO] [1775693738.363990351] [exp7_pheromone_trail]: D step 2: LED PWM = 0.90
[INFO] [1775693740.568975678] [exp7_pheromone_trail]:   ADC=[1820,1820,1820,1820]  any>1500=True  SNR=51.22 dB
[INFO] [1775693740.570597730] [exp7_pheromone_trail]: D step 3: LED PWM = 0.80
[INFO] [1775693742.775596173] [exp7_pheromone_trail]:   ADC=[1640,1640,1640,1640]  any>1500=True  SNR=50.32 dB
[INFO] [1775693742.777323189] [exp7_pheromone_trail]: D step 4: LED PWM = 0.70
[INFO] [1775693744.981086536] [exp7_pheromone_trail]:   ADC=[1460,1460,1460,1460]  any>1500=False  SNR=49.31 dB
[INFO] [1775693744.981895690] [exp7_pheromone_trail]: Minimum detectable PWM (last any-sensor-on step): 0.80
[INFO] [1775693744.982605031] [exp7_pheromone_trail]: Done decay: min detectable PWM ≈ 0.80 (link τ_evaporation=0.08/s model in Ch.3)

============================================================
  EXPERIMENT SUMMARY — EXP 7 — Pheromone Trail
============================================================
  Trial    Metric                         Value        Unit
------------------------------------------------------------
  1        straight mean lateral (m)      0.0004       m
  1        straight trail_loss_count      0.0000       
  1        straight time_s                32.1423      s
  1        curved mean lateral (m)        0.0007       m
  1        curved trail_loss_count        0.0000       
  1        curved time_s                  42.7782      s
  1        C switchover_latency_s         0.0037       s
  1        C ambient_at_breach_frac       0.0000       
  0        D min_detectable_pwm           0.8000       
============================================================

[DataLogger] Closed /home/jetson/formica_experiments/data/exp7_pheromone_20260409_001352.csv
[INFO] [1775693744.983461483] [exp7_pheromone_trail]: EXP7 complete.
[exp7] Post-processing /home/jetson/formica_experiments/data/exp7_pheromone_20260409_001352.csv ...
[A] /home/jetson/exp1_logs/figure7_A_straight_lateral_20260409_001352.png
[B] /home/jetson/exp1_logs/figure7_B_curved_lateral_20260409_001352.png
[C] /home/jetson/exp1_logs/table7_C_snr_switchover_20260409_001352.csv
[D] /home/jetson/exp1_logs/figure7_D_led_adc_decay_20260409_001352.png
[exp7] Done run_tag=20260409_081350 exp7_exit=0 postprocess_exit=0 final_exit=0
