[INFO] [1775515237.065850656] [exp7_pheromone_trail]: Experiment 7 — mock_sensors=True auto_run=True
[INFO] [1775515240.530495524] [exp7_pheromone_trail]: === Sub-experiment A: Straight trail ===
[INFO] [1775515240.531973995] [exp7_pheromone_trail]: [auto_run] Trial 1/1 (straight): place robot at START, LED full; confirm TCRT > 1500 ADC. Press Enter ...
[INFO] [1775515274.205389785] [exp7_pheromone_trail]: Trial 1: mean_lat=0.04 cm  trail_loss=0  time=33.4s  PASS (target ≤ 1.5 cm, no loss)
[INFO] [1775515274.207068964] [exp7_pheromone_trail]: straight overall mean lateral: 0.04 ± 0.00 cm
[INFO] [1775515274.208777104] [exp7_pheromone_trail]: === Sub-experiment B: Curved trail ===
[INFO] [1775515274.210662241] [exp7_pheromone_trail]: [auto_run] Trial 1/1 (curved): place robot at START, LED full; confirm TCRT > 1500 ADC. Press Enter ...
[INFO] [1775515317.432419978] [exp7_pheromone_trail]: Trial 1: mean_lat=0.07 cm  trail_loss=0  time=42.9s  PASS (target ≤ 2.0 cm, no loss)
[INFO] [1775515317.434062932] [exp7_pheromone_trail]: curved overall mean lateral: 0.07 ± 0.00 cm
[INFO] [1775515317.435683197] [exp7_pheromone_trail]: === Sub-experiment C: SNR / chemical switchover ===
[INFO] [1775515317.437112322] [exp7_pheromone_trail]: [auto_run] SNR trial 1/1: robot on trail, ambient LOW, MQ-135 primed; Enter ...
[WARN] [1775515341.837409371] [exp7_pheromone_trail]: SNR < 6 dB switching to chemical backup
[WARN] [1775515341.839165160] [exp7_pheromone_trail]:   (SNR=5.99 dB)
[INFO] [1775515341.840558219] [exp7_pheromone_trail]: Chemical backup active: latency=0.004 s  gas_adc=520.0
[INFO] [1775515341.845296931] [exp7_pheromone_trail]: === Sub-experiment D: Pheromone decay (LED PWM) ===
[INFO] [1775515342.161531292] [exp7_pheromone_trail]: [auto_run] Sub-exp D: robot centred on trail; Enter to step PWM 100%→10% ...
[INFO] [1775515342.464086138] [exp7_pheromone_trail]: D step 1: LED PWM = 1.00
[INFO] [1775515344.669063317] [exp7_pheromone_trail]:   ADC=[2000,2000,2000,2000]  any>1500=True  SNR=52.04 dB
[INFO] [1775515344.670795457] [exp7_pheromone_trail]: D step 2: LED PWM = 0.90
[INFO] [1775515346.874712798] [exp7_pheromone_trail]:   ADC=[1820,1820,1820,1820]  any>1500=True  SNR=51.22 dB
[INFO] [1775515346.876365352] [exp7_pheromone_trail]: D step 3: LED PWM = 0.80
[INFO] [1775515349.081035603] [exp7_pheromone_trail]:   ADC=[1640,1640,1640,1640]  any>1500=True  SNR=50.32 dB
[INFO] [1775515349.082720190] [exp7_pheromone_trail]: D step 4: LED PWM = 0.70
[INFO] [1775515351.287497447] [exp7_pheromone_trail]:   ADC=[1460,1460,1460,1460]  any>1500=False  SNR=49.31 dB
[INFO] [1775515351.288962028] [exp7_pheromone_trail]: Minimum detectable PWM (last any-sensor-on step): 0.80
[INFO] [1775515351.291731762] [exp7_pheromone_trail]: Done decay: min detectable PWM ≈ 0.80 (link τ_evaporation=0.08/s model in Ch.3)
[INFO] [1775515351.324316999] [exp7_pheromone_trail]: EXP7 complete.
