[INFO] [1775516124.031765828] [exp7_pheromone_trail]: Experiment 7 — mock_sensors=True auto_run=True
[INFO] [1775516127.090932962] [exp7_pheromone_trail]: === Sub-experiment A: Straight trail ===
[INFO] [1775516127.091774421] [exp7_pheromone_trail]: [auto_run] Trial 1/1 (straight): place robot at START, LED full; confirm TCRT > 1500 ADC. Press Enter ...
[INFO] [1775516161.508548233] [exp7_pheromone_trail]: Trial 1: mean_lat=0.04 cm  trail_loss=0  time=34.1s  PASS (target ≤ 1.5 cm, no loss)
[INFO] [1775516161.510733594] [exp7_pheromone_trail]: straight overall mean lateral: 0.04 ± 0.00 cm
[INFO] [1775516161.515951214] [exp7_pheromone_trail]: === Sub-experiment B: Curved trail ===
[INFO] [1775516161.517571442] [exp7_pheromone_trail]: [auto_run] Trial 1/1 (curved): place robot at START, LED full; confirm TCRT > 1500 ADC. Press Enter ...
[INFO] [1775516205.127030669] [exp7_pheromone_trail]: Trial 1: mean_lat=0.07 cm  trail_loss=0  time=43.3s  PASS (target ≤ 2.0 cm, no loss)
[INFO] [1775516205.128671314] [exp7_pheromone_trail]: curved overall mean lateral: 0.07 ± 0.00 cm
[INFO] [1775516205.130085489] [exp7_pheromone_trail]: === Sub-experiment C: SNR / chemical switchover ===
[INFO] [1775516205.137494645] [exp7_pheromone_trail]: [auto_run] SNR trial 1/1: robot on trail, ambient LOW, MQ-135 primed; Enter ...
[WARN] [1775516229.543528952] [exp7_pheromone_trail]: SNR < 6 dB switching to chemical backup
[WARN] [1775516229.545235262] [exp7_pheromone_trail]:   (SNR=5.98 dB)
[INFO] [1775516229.548169567] [exp7_pheromone_trail]: Chemical backup active: latency=0.004 s  gas_adc=520.0
[INFO] [1775516229.550184299] [exp7_pheromone_trail]: === Sub-experiment D: Pheromone decay (LED PWM) ===
[INFO] [1775516229.875239172] [exp7_pheromone_trail]: [auto_run] Sub-exp D: robot centred on trail; Enter to step PWM 100%→10% ...
[INFO] [1775516230.178534395] [exp7_pheromone_trail]: D step 1: LED PWM = 1.00
[INFO] [1775516232.382884095] [exp7_pheromone_trail]:   ADC=[2000,2000,2000,2000]  any>1500=True  SNR=52.04 dB
[INFO] [1775516232.385417175] [exp7_pheromone_trail]: D step 2: LED PWM = 0.90
[INFO] [1775516234.590650921] [exp7_pheromone_trail]:   ADC=[1820,1820,1820,1820]  any>1500=True  SNR=51.22 dB
[INFO] [1775516234.592258445] [exp7_pheromone_trail]: D step 3: LED PWM = 0.80
[INFO] [1775516236.795867700] [exp7_pheromone_trail]:   ADC=[1640,1640,1640,1640]  any>1500=True  SNR=50.32 dB
[INFO] [1775516236.797474359] [exp7_pheromone_trail]: D step 4: LED PWM = 0.70
[INFO] [1775516239.001638885] [exp7_pheromone_trail]:   ADC=[1460,1460,1460,1460]  any>1500=False  SNR=49.31 dB
[INFO] [1775516239.003186855] [exp7_pheromone_trail]: Minimum detectable PWM (last any-sensor-on step): 0.80
[INFO] [1775516239.004707977] [exp7_pheromone_trail]: Done decay: min detectable PWM ≈ 0.80 (link τ_evaporation=0.08/s model in Ch.3)
[INFO] [1775516239.006531057] [exp7_pheromone_trail]: EXP7 complete.
