[INFO] [1775515488.970074511] [arduino_base_controller]: Connected to Arduino on /dev/ttyCH341USB1
[INFO] [1775515490.168802734] [arduino_base_controller]: Arduino Base Controller started.
[INFO] [1775515490.373657762] [arduino_base_controller]: RAW SERIAL FROM ARDUINO: "s,857,866,0,67"
[INFO] [1775515490.482614683] [arduino_base_controller]: RAW SERIAL FROM ARDUINO: "s,858,867,0,67"
[INFO] [1775515490.679808438] [arduino_base_controller]: RAW SERIAL FROM ARDUINO: "s,857,866,0,67"
[INFO] [1775515490.979442859] [arduino_base_controller]: RAW SERIAL FROM ARDUINO: "s,857,866,0,67"
[INFO] [1775515491.173804767] [arduino_base_controller]: RAW SERIAL FROM ARDUINO: "s,857,866,0,66"
[INFO] [1775515491.610398260] [arduino_base_controller]: RAW SERIAL FROM ARDUINO: "s,857,866,0,67"
[INFO] [1775515491.796885353] [arduino_base_controller]: RAW SERIAL FROM ARDUINO: "s,857,866,0,67"
[INFO] [1775515491.883212859] [arduino_base_controller]: RAW SERIAL FROM ARDUINO: "s,856,865,0,67"
[INFO] [1775515492.419979152] [arduino_base_controller]: RAW SERIAL FROM ARDUINO: "s,857,865,0,67"
[INFO] [1775515492.526207174] [arduino_base_controller]: RAW SERIAL FROM ARDUINO: "s,856,865,0,67"
[INFO] [1775515568.481830616] [arduino_base_controller]: >>> Received first cmd_vel! Movement integration active.
[WARN] [1775515607.786474369] [arduino_base_controller]: Parse error on line "s,881,888,0,70s,880,887,0,71": could not convert string to float: '70s'
[WARN] [1775515627.398433578] [arduino_base_controller]: Parse error on line "s,881,888,0,8s,880,887,0,200": could not convert string to float: '8s'
[WARN] [1775515635.500181775] [arduino_base_controller]: Parse error on line "s,8s,884,890,0,200": could not convert string to float: '8s'
[WARN] [1775515637.796641097] [arduino_base_controller]: Parse error on line "s,883,890,0,200s,882,890,0,199": could not convert string to float: '200s'
[WARN] [1775515732.393064100] [arduino_base_controller]: Parse error on line "s,s,207,592,0,73": could not convert string to float: 's'
[WARN] [1775515798.187566409] [arduino_base_controller]: Parse error on line "s,117s,118,470,0,68": could not convert string to float: '117s'
[WARN] [1775515884.195890868] [arduino_base_controller]: Parse error on line "s,s,259,523,0,139": could not convert string to float: 's'
[WARN] [1775515889.487042458] [arduino_base_controller]: Parse error on line "s,s,353,573,0,12": could not convert string to float: 's'
[WARN] [1775516200.194808935] [arduino_base_controller]: Parse error on line "s,s,40,268,0,55": could not convert string to float: 's'
[WARN] [1775516223.883302211] [arduino_base_controller]: Parse error on line "s,39,2s,38,255,0,56": could not convert string to float: '2s'
