[INFO] [1776187649.561268759] [exp7_pheromone_trail]: Experiment 7 — mock_sensors=True auto_run=True 
[INFO] [1776187652.577279440] [exp7_pheromone_trail]: === Sub-experiment A: Straight trail ===
[INFO] [1776187652.579086963] [exp7_pheromone_trail]: [auto_run] Trial 1/10 (straight): place robot at START, LED full; confirm TCRT > 1500 ADC. Press Enter ...
[INFO] [1776187684.468030094] [exp7_pheromone_trail]: Trial 1: mean_lat=0.04 cm  trail_loss=0  time=31.6s  PASS (target ≤ 1.5 cm, no loss)
[INFO] [1776187684.468895167] [exp7_pheromone_trail]: [auto_run] Trial 2/10 (straight): place robot at START, LED full; confirm TCRT > 1500 ADC. Press Enter ...
[INFO] [1776187716.388087326] [exp7_pheromone_trail]: Trial 2: mean_lat=0.04 cm  trail_loss=0  time=31.6s  PASS (target ≤ 1.5 cm, no loss)
[INFO] [1776187716.389578077] [exp7_pheromone_trail]: [auto_run] Trial 3/10 (straight): place robot at START, LED full; confirm TCRT > 1500 ADC. Press Enter ...
[INFO] [1776187748.210619243] [exp7_pheromone_trail]: Trial 3: mean_lat=0.04 cm  trail_loss=0  time=31.5s  PASS (target ≤ 1.5 cm, no loss)
[INFO] [1776187748.212045801] [exp7_pheromone_trail]: [auto_run] Trial 4/10 (straight): place robot at START, LED full; confirm TCRT > 1500 ADC. Press Enter ...
[INFO] [1776187780.003559239] [exp7_pheromone_trail]: Trial 4: mean_lat=0.04 cm  trail_loss=0  time=31.5s  PASS (target ≤ 1.5 cm, no loss)
[INFO] [1776187780.004321079] [exp7_pheromone_trail]: [auto_run] Trial 5/10 (straight): place robot at START, LED full; confirm TCRT > 1500 ADC. Press Enter ...
[INFO] [1776187811.377682765] [exp7_pheromone_trail]: Trial 5: mean_lat=0.04 cm  trail_loss=0  time=31.1s  PASS (target ≤ 1.5 cm, no loss)
[INFO] [1776187811.378532480] [exp7_pheromone_trail]: [auto_run] Trial 6/10 (straight): place robot at START, LED full; confirm TCRT > 1500 ADC. Press Enter ...
[INFO] [1776187842.678011877] [exp7_pheromone_trail]: Trial 6: mean_lat=0.04 cm  trail_loss=0  time=31.0s  PASS (target ≤ 1.5 cm, no loss)
[INFO] [1776187842.679674506] [exp7_pheromone_trail]: [auto_run] Trial 7/10 (straight): place robot at START, LED full; confirm TCRT > 1500 ADC. Press Enter ...
[INFO] [1776187874.088795595] [exp7_pheromone_trail]: Trial 7: mean_lat=0.04 cm  trail_loss=0  time=31.1s  PASS (target ≤ 1.5 cm, no loss)
[INFO] [1776187874.089518267] [exp7_pheromone_trail]: [auto_run] Trial 8/10 (straight): place robot at START, LED full; confirm TCRT > 1500 ADC. Press Enter ...
[INFO] [1776187905.672589383] [exp7_pheromone_trail]: Trial 8: mean_lat=0.04 cm  trail_loss=0  time=31.3s  PASS (target ≤ 1.5 cm, no loss)
[INFO] [1776187905.673935495] [exp7_pheromone_trail]: [auto_run] Trial 9/10 (straight): place robot at START, LED full; confirm TCRT > 1500 ADC. Press Enter ...
[INFO] [1776187937.262095024] [exp7_pheromone_trail]: Trial 9: mean_lat=0.04 cm  trail_loss=0  time=31.3s  PASS (target ≤ 1.5 cm, no loss)
[INFO] [1776187937.263001957] [exp7_pheromone_trail]: [auto_run] Trial 10/10 (straight): place robot at START, LED full; confirm TCRT > 1500 ADC. Press Enter ...
[INFO] [1776187968.884600123] [exp7_pheromone_trail]: Trial 10: mean_lat=0.04 cm  trail_loss=0  time=31.3s  PASS (target ≤ 1.5 cm, no loss)
[INFO] [1776187968.886344453] [exp7_pheromone_trail]: straight overall mean lateral: 0.04 ± 0.00 cm
[INFO] [1776187968.887355901] [exp7_pheromone_trail]: === Sub-experiment B: Curved trail ===
[INFO] [1776187968.888542745] [exp7_pheromone_trail]: [auto_run] Trial 1/10 (curved): place robot at START, LED full; confirm TCRT > 1500 ADC. Press Enter ...
[INFO] [1776188010.984081739] [exp7_pheromone_trail]: Trial 1: mean_lat=0.07 cm  trail_loss=0  time=41.8s  PASS (target ≤ 2.0 cm, no loss)
[INFO] [1776188010.984820669] [exp7_pheromone_trail]: [auto_run] Trial 2/10 (curved): place robot at START, LED full; confirm TCRT > 1500 ADC. Press Enter ...
[INFO] [1776188053.072327694] [exp7_pheromone_trail]: Trial 2: mean_lat=0.07 cm  trail_loss=0  time=41.8s  PASS (target ≤ 2.0 cm, no loss)
[INFO] [1776188053.073381128] [exp7_pheromone_trail]: [auto_run] Trial 3/10 (curved): place robot at START, LED full; confirm TCRT > 1500 ADC. Press Enter ...
[INFO] [1776188095.746221966] [exp7_pheromone_trail]: Trial 3: mean_lat=0.07 cm  trail_loss=0  time=42.4s  PASS (target ≤ 2.0 cm, no loss)
[INFO] [1776188095.746942432] [exp7_pheromone_trail]: [auto_run] Trial 4/10 (curved): place robot at START, LED full; confirm TCRT > 1500 ADC. Press Enter ...
[INFO] [1776188138.047365969] [exp7_pheromone_trail]: Trial 4: mean_lat=0.07 cm  trail_loss=0  time=42.0s  PASS (target ≤ 2.0 cm, no loss)
[INFO] [1776188138.048254599] [exp7_pheromone_trail]: [auto_run] Trial 5/10 (curved): place robot at START, LED full; confirm TCRT > 1500 ADC. Press Enter ...
[INFO] [1776188180.270632452] [exp7_pheromone_trail]: Trial 5: mean_lat=0.07 cm  trail_loss=0  time=41.9s  PASS (target ≤ 2.0 cm, no loss)
[INFO] [1776188180.271362743] [exp7_pheromone_trail]: [auto_run] Trial 6/10 (curved): place robot at START, LED full; confirm TCRT > 1500 ADC. Press Enter ...
[INFO] [1776188222.704162400] [exp7_pheromone_trail]: Trial 6: mean_lat=0.07 cm  trail_loss=0  time=42.1s  PASS (target ≤ 2.0 cm, no loss)
[INFO] [1776188222.704861554] [exp7_pheromone_trail]: [auto_run] Trial 7/10 (curved): place robot at START, LED full; confirm TCRT > 1500 ADC. Press Enter ...
[INFO] [1776188265.454574604] [exp7_pheromone_trail]: Trial 7: mean_lat=0.07 cm  trail_loss=0  time=42.4s  PASS (target ≤ 2.0 cm, no loss)
[INFO] [1776188265.456210679] [exp7_pheromone_trail]: [auto_run] Trial 8/10 (curved): place robot at START, LED full; confirm TCRT > 1500 ADC. Press Enter ...
[INFO] [1776188308.037557103] [exp7_pheromone_trail]: Trial 8: mean_lat=0.07 cm  trail_loss=0  time=42.3s  PASS (target ≤ 2.0 cm, no loss)
[INFO] [1776188308.038540041] [exp7_pheromone_trail]: [auto_run] Trial 9/10 (curved): place robot at START, LED full; confirm TCRT > 1500 ADC. Press Enter ...
[INFO] [1776188351.098896828] [exp7_pheromone_trail]: Trial 9: mean_lat=0.07 cm  trail_loss=0  time=42.8s  PASS (target ≤ 2.0 cm, no loss)
[INFO] [1776188351.099789107] [exp7_pheromone_trail]: [auto_run] Trial 10/10 (curved): place robot at START, LED full; confirm TCRT > 1500 ADC. Press Enter ...
[INFO] [1776188396.770174467] [exp7_pheromone_trail]: Trial 10: mean_lat=0.07 cm  trail_loss=0  time=45.4s  PASS (target ≤ 2.0 cm, no loss)
[INFO] [1776188396.771187006] [exp7_pheromone_trail]: curved overall mean lateral: 0.07 ± 0.00 cm
[INFO] [1776188396.771832464] [exp7_pheromone_trail]: === Sub-experiment C: SNR / chemical switchover ===
[INFO] [1776188396.772501090] [exp7_pheromone_trail]: [auto_run] SNR trial 1/10: robot on trail, ambient LOW, MQ-135 primed; Enter ...
[WARN] [1776188421.106847990] [exp7_pheromone_trail]: SNR < 6 dB switching to chemical backup
[WARN] [1776188421.108956047] [exp7_pheromone_trail]:   (SNR=5.99 dB)
[INFO] [1776188421.109643458] [exp7_pheromone_trail]: Chemical backup active: latency=0.003 s  gas_adc=520.0
[INFO] [1776188421.110612540] [exp7_pheromone_trail]: [auto_run] SNR trial 2/10: robot on trail, ambient LOW, MQ-135 primed; Enter ...
[WARN] [1776188445.371278408] [exp7_pheromone_trail]: SNR < 6 dB switching to chemical backup
[WARN] [1776188445.372515593] [exp7_pheromone_trail]:   (SNR=6.00 dB)
[INFO] [1776188445.373518052] [exp7_pheromone_trail]: Chemical backup active: latency=0.003 s  gas_adc=520.0
[INFO] [1776188445.374866697] [exp7_pheromone_trail]: [auto_run] SNR trial 3/10: robot on trail, ambient LOW, MQ-135 primed; Enter ...
[WARN] [1776188469.824065726] [exp7_pheromone_trail]: SNR < 6 dB switching to chemical backup
[WARN] [1776188469.825243934] [exp7_pheromone_trail]:   (SNR=5.99 dB)
[INFO] [1776188469.825959058] [exp7_pheromone_trail]: Chemical backup active: latency=0.002 s  gas_adc=520.0
[INFO] [1776188469.826980109] [exp7_pheromone_trail]: [auto_run] SNR trial 4/10: robot on trail, ambient LOW, MQ-135 primed; Enter ...
[WARN] [1776188494.144097537] [exp7_pheromone_trail]: SNR < 6 dB switching to chemical backup
[WARN] [1776188494.144986138] [exp7_pheromone_trail]:   (SNR=5.98 dB)
[INFO] [1776188494.146212667] [exp7_pheromone_trail]: Chemical backup active: latency=0.002 s  gas_adc=520.0
[INFO] [1776188494.147177429] [exp7_pheromone_trail]: [auto_run] SNR trial 5/10: robot on trail, ambient LOW, MQ-135 primed; Enter ...
[WARN] [1776188518.525868304] [exp7_pheromone_trail]: SNR < 6 dB switching to chemical backup
[WARN] [1776188518.527671490] [exp7_pheromone_trail]:   (SNR=6.00 dB)
[INFO] [1776188518.529173643] [exp7_pheromone_trail]: Chemical backup active: latency=0.003 s  gas_adc=520.0
[INFO] [1776188518.531163425] [exp7_pheromone_trail]: [auto_run] SNR trial 6/10: robot on trail, ambient LOW, MQ-135 primed; Enter ...
[WARN] [1776188542.914304139] [exp7_pheromone_trail]: SNR < 6 dB switching to chemical backup
[WARN] [1776188542.915207524] [exp7_pheromone_trail]:   (SNR=5.99 dB)
[INFO] [1776188542.915904215] [exp7_pheromone_trail]: Chemical backup active: latency=0.002 s  gas_adc=520.0
[INFO] [1776188542.927051593] [exp7_pheromone_trail]: [auto_run] SNR trial 7/10: robot on trail, ambient LOW, MQ-135 primed; Enter ...
[WARN] [1776188567.210670546] [exp7_pheromone_trail]: SNR < 6 dB switching to chemical backup
[WARN] [1776188567.211615436] [exp7_pheromone_trail]:   (SNR=5.99 dB)
[INFO] [1776188567.212320831] [exp7_pheromone_trail]: Chemical backup active: latency=0.002 s  gas_adc=520.0
[INFO] [1776188567.213259705] [exp7_pheromone_trail]: [auto_run] SNR trial 8/10: robot on trail, ambient LOW, MQ-135 primed; Enter ...
[WARN] [1776188591.669923990] [exp7_pheromone_trail]: SNR < 6 dB switching to chemical backup
[WARN] [1776188591.670790862] [exp7_pheromone_trail]:   (SNR=5.99 dB)
[INFO] [1776188591.671437792] [exp7_pheromone_trail]: Chemical backup active: latency=0.002 s  gas_adc=520.0
[INFO] [1776188591.675656468] [exp7_pheromone_trail]: [auto_run] SNR trial 9/10: robot on trail, ambient LOW, MQ-135 primed; Enter ...
[WARN] [1776188615.967125690] [exp7_pheromone_trail]: SNR < 6 dB switching to chemical backup
[WARN] [1776188615.968103765] [exp7_pheromone_trail]:   (SNR=6.00 dB)
[INFO] [1776188615.968820713] [exp7_pheromone_trail]: Chemical backup active: latency=0.002 s  gas_adc=520.0
[INFO] [1776188615.997986960] [exp7_pheromone_trail]: [auto_run] SNR trial 10/10: robot on trail, ambient LOW, MQ-135 primed; Enter ...
[WARN] [1776188640.344228517] [exp7_pheromone_trail]: SNR < 6 dB switching to chemical backup
[WARN] [1776188640.345052156] [exp7_pheromone_trail]:   (SNR=6.00 dB)
[INFO] [1776188640.345671469] [exp7_pheromone_trail]: Chemical backup active: latency=0.002 s  gas_adc=520.0
[INFO] [1776188640.346562150] [exp7_pheromone_trail]: === Sub-experiment D: Pheromone decay (LED PWM) ===
[INFO] [1776188640.655277475] [exp7_pheromone_trail]: [auto_run] Sub-exp D: robot centred on trail; Enter to step PWM 100%→10% ...
[INFO] [1776188640.956917500] [exp7_pheromone_trail]: D step 1: LED PWM = 1.00
[INFO] [1776188643.160767991] [exp7_pheromone_trail]:   ADC=[2000,2000,2000,2000]  any>1500=True  SNR=52.04 dB
[INFO] [1776188643.161621743] [exp7_pheromone_trail]: D step 2: LED PWM = 0.90
[INFO] [1776188645.365541305] [exp7_pheromone_trail]:   ADC=[1820,1820,1820,1820]  any>1500=True  SNR=51.22 dB
[INFO] [1776188645.366427058] [exp7_pheromone_trail]: D step 3: LED PWM = 0.80
[INFO] [1776188647.570115523] [exp7_pheromone_trail]:   ADC=[1640,1640,1640,1640]  any>1500=True  SNR=50.32 dB
[INFO] [1776188647.570947547] [exp7_pheromone_trail]: D step 4: LED PWM = 0.70
[INFO] [1776188649.774123083] [exp7_pheromone_trail]:   ADC=[1460,1460,1460,1460]  any>1500=False  SNR=49.31 dB
[INFO] [1776188649.774841983] [exp7_pheromone_trail]: Minimum detectable PWM (last any-sensor-on step): 0.80
[INFO] [1776188649.775533266] [exp7_pheromone_trail]: Done decay: min detectable PWM ≈ 0.80 (link τ_evaporation=0.08/s model in Ch.3)
[INFO] [1776188649.776651793] [exp7_pheromone_trail]: EXP7 complete.
[DataLogger] Writing to /home/jetson/formica_experiments/data/exp7_pheromone_20260414_172729.csv

============================================================
  EXPERIMENT SUMMARY — EXP 7 — Pheromone Trail
============================================================
  Trial    Metric                         Value        Unit
------------------------------------------------------------
  1        straight mean lateral (m)      0.0004       m
  1        straight trail_loss_count      0.0000       
  1        straight time_s                31.5863      s
  2        straight mean lateral (m)      0.0004       m
  2        straight trail_loss_count      0.0000       
  2        straight time_s                31.6146      s
  3        straight mean lateral (m)      0.0004       m
  3        straight trail_loss_count      0.0000       
  3        straight time_s                31.5183      s
  4        straight mean lateral (m)      0.0004       m
  4        straight trail_loss_count      0.0000       
  4        straight time_s                31.4888      s
  5        straight mean lateral (m)      0.0004       m
  5        straight trail_loss_count      0.0000       
  5        straight time_s                31.0709      s
  6        straight mean lateral (m)      0.0004       m
  6        straight trail_loss_count      0.0000       
  6        straight time_s                30.9950      s
  7        straight mean lateral (m)      0.0004       m
  7        straight trail_loss_count      0.0000       
  7        straight time_s                31.1068      s
  8        straight mean lateral (m)      0.0004       m
  8        straight trail_loss_count      0.0000       
  8        straight time_s                31.2787      s
  9        straight mean lateral (m)      0.0004       m
  9        straight trail_loss_count      0.0000       
  9        straight time_s                31.2857      s
  10       straight mean lateral (m)      0.0004       m
  10       straight trail_loss_count      0.0000       
  10       straight time_s                31.3188      s
  1        curved mean lateral (m)        0.0007       m
  1        curved trail_loss_count        0.0000       
  1        curved time_s                  41.7922      s
  2        curved mean lateral (m)        0.0007       m
  2        curved trail_loss_count        0.0000       
  2        curved time_s                  41.7847      s
  3        curved mean lateral (m)        0.0007       m
  3        curved trail_loss_count        0.0000       
  3        curved time_s                  42.3694      s
  4        curved mean lateral (m)        0.0007       m
  4        curved trail_loss_count        0.0000       
  4        curved time_s                  41.9974      s
  5        curved mean lateral (m)        0.0007       m
  5        curved trail_loss_count        0.0000       
  5        curved time_s                  41.9196      s
  6        curved mean lateral (m)        0.0007       m
  6        curved trail_loss_count        0.0000       
  6        curved time_s                  42.1300      s
  7        curved mean lateral (m)        0.0007       m
  7        curved trail_loss_count        0.0000       
  7        curved time_s                  42.4440      s
  8        curved mean lateral (m)        0.0007       m
  8        curved trail_loss_count        0.0000       
  8        curved time_s                  42.2777      s
  9        curved mean lateral (m)        0.0007       m
  9        curved trail_loss_count        0.0000       
  9        curved time_s                  42.7575      s
  10       curved mean lateral (m)        0.0007       m
  10       curved trail_loss_count        0.0000       
  10       curved time_s                  45.3677      s
  1        C switchover_latency_s         0.0033       s
  1        C ambient_at_breach_frac       0.0000       
  2        C switchover_latency_s         0.0027       s
  2        C ambient_at_breach_frac       0.0000       
  3        C switchover_latency_s         0.0024       s
  3        C ambient_at_breach_frac       0.0000       
  4        C switchover_latency_s         0.0020       s
  4        C ambient_at_breach_frac       0.0000       
  5        C switchover_latency_s         0.0034       s
  5        C ambient_at_breach_frac       0.0000       
  6        C switchover_latency_s         0.0020       s
  6        C ambient_at_breach_frac       0.0000       
  7        C switchover_latency_s         0.0021       s
  7        C ambient_at_breach_frac       0.0000       
  8        C switchover_latency_s         0.0020       s
  8        C ambient_at_breach_frac       0.0000       
  9        C switchover_latency_s         0.0022       s
  9        C ambient_at_breach_frac       0.0000       
  10       C switchover_latency_s         0.0019       s
  10       C ambient_at_breach_frac       0.0000       
  0        D min_detectable_pwm           0.8000       
============================================================

[DataLogger] Closed /home/jetson/formica_experiments/data/exp7_pheromone_20260414_172729.csv
