[INFO] [1775516756.563225888] [exp7_pheromone_trail]: Experiment 7 — mock_sensors=True auto_run=True
[INFO] [1775516759.882379940] [exp7_pheromone_trail]: === Sub-experiment A: Straight trail ===
[INFO] [1775516759.914342617] [exp7_pheromone_trail]: [auto_run] Trial 1/1 (straight): place robot at START, LED full; confirm TCRT > 1500 ADC. Press Enter ...
[INFO] [1775516794.608227010] [exp7_pheromone_trail]: Trial 1: mean_lat=0.04 cm  trail_loss=0  time=34.4s  PASS (target ≤ 1.5 cm, no loss)
[INFO] [1775516794.609542174] [exp7_pheromone_trail]: straight overall mean lateral: 0.04 ± 0.00 cm
[INFO] [1775516794.613096011] [exp7_pheromone_trail]: === Sub-experiment B: Curved trail ===
[INFO] [1775516794.616217935] [exp7_pheromone_trail]: [auto_run] Trial 1/1 (curved): place robot at START, LED full; confirm TCRT > 1500 ADC. Press Enter ...
[INFO] [1775516837.798194863] [exp7_pheromone_trail]: Trial 1: mean_lat=0.07 cm  trail_loss=0  time=42.9s  PASS (target ≤ 2.0 cm, no loss)
[INFO] [1775516837.800511460] [exp7_pheromone_trail]: curved overall mean lateral: 0.07 ± 0.00 cm
[INFO] [1775516837.803047936] [exp7_pheromone_trail]: === Sub-experiment C: SNR / chemical switchover ===
[INFO] [1775516837.807236760] [exp7_pheromone_trail]: [auto_run] SNR trial 1/1: robot on trail, ambient LOW, MQ-135 primed; Enter ...
[WARN] [1775516862.077097828] [exp7_pheromone_trail]: SNR < 6 dB switching to chemical backup
[WARN] [1775516862.080317495] [exp7_pheromone_trail]:   (SNR=6.00 dB)
[INFO] [1775516862.081663911] [exp7_pheromone_trail]: Chemical backup active: latency=0.005 s  gas_adc=520.0
[INFO] [1775516862.089058575] [exp7_pheromone_trail]: === Sub-experiment D: Pheromone decay (LED PWM) ===
[INFO] [1775516862.421502818] [exp7_pheromone_trail]: [auto_run] Sub-exp D: robot centred on trail; Enter to step PWM 100%→10% ...
[INFO] [1775516862.724087497] [exp7_pheromone_trail]: D step 1: LED PWM = 1.00
[INFO] [1775516864.928737649] [exp7_pheromone_trail]:   ADC=[2000,2000,2000,2000]  any>1500=True  SNR=52.04 dB
[INFO] [1775516864.931901218] [exp7_pheromone_trail]: D step 2: LED PWM = 0.90
[INFO] [1775516867.138275061] [exp7_pheromone_trail]:   ADC=[1820,1820,1820,1820]  any>1500=True  SNR=51.22 dB
[INFO] [1775516867.139989586] [exp7_pheromone_trail]: D step 3: LED PWM = 0.80
[INFO] [1775516869.345314639] [exp7_pheromone_trail]:   ADC=[1640,1640,1640,1640]  any>1500=True  SNR=50.32 dB
[INFO] [1775516869.347250196] [exp7_pheromone_trail]: D step 4: LED PWM = 0.70
[INFO] [1775516871.552471712] [exp7_pheromone_trail]:   ADC=[1460,1460,1460,1460]  any>1500=False  SNR=49.31 dB
[INFO] [1775516871.553939668] [exp7_pheromone_trail]: Minimum detectable PWM (last any-sensor-on step): 0.80
[INFO] [1775516871.558582106] [exp7_pheromone_trail]: Done decay: min detectable PWM ≈ 0.80 (link τ_evaporation=0.08/s model in Ch.3)
[INFO] [1775516871.561275321] [exp7_pheromone_trail]: EXP7 complete.
[DataLogger] Writing to /home/jetson/formica_experiments/data/exp7_pheromone_20260406_230556.csv

============================================================
  EXPERIMENT SUMMARY — EXP 7 — Pheromone Trail
============================================================
  Trial    Metric                         Value        Unit
------------------------------------------------------------
  1        straight mean lateral (m)      0.0004       m
  1        straight trail_loss_count      0.0000       
  1        straight time_s                34.3867      s
  1        curved mean lateral (m)        0.0007       m
  1        curved trail_loss_count        0.0000       
  1        curved time_s                  42.8746      s
  1        C switchover_latency_s         0.0052       s
  1        C ambient_at_breach_frac       0.0000       
  0        D min_detectable_pwm           0.8000       
============================================================

[DataLogger] Closed /home/jetson/formica_experiments/data/exp7_pheromone_20260406_230556.csv
[exp7] Post-processing /home/jetson/formica_experiments/data/exp7_pheromone_20260406_230556.csv ...
[A] /home/jetson/exp1_logs/figure7_A_straight_lateral_20260406_230556.png
[B] /home/jetson/exp1_logs/figure7_B_curved_lateral_20260406_230556.png
[C] /home/jetson/exp1_logs/table7_C_snr_switchover_20260406_230556.csv
[D] /home/jetson/exp1_logs/figure7_D_led_adc_decay_20260406_230556.png
[exp7] Done run_tag=20260407_070554 exp7_exit=0 postprocess_exit=0 final_exit=0
