[INFO] [1776187937.221513012] [exp7_pheromone_trail]: Experiment 7 — mock_sensors=True auto_run=True 
[INFO] [1776187940.242962942] [exp7_pheromone_trail]: === Sub-experiment A: Straight trail ===
[INFO] [1776187940.244193467] [exp7_pheromone_trail]: [auto_run] Trial 1/10 (straight): place robot at START, LED full; confirm TCRT > 1500 ADC. Press Enter ...
[INFO] [1776187971.934356645] [exp7_pheromone_trail]: Trial 1: mean_lat=0.04 cm  trail_loss=0  time=31.4s  PASS (target ≤ 1.5 cm, no loss)
[INFO] [1776187971.935153560] [exp7_pheromone_trail]: [auto_run] Trial 2/10 (straight): place robot at START, LED full; confirm TCRT > 1500 ADC. Press Enter ...
[INFO] [1776188003.598966053] [exp7_pheromone_trail]: Trial 2: mean_lat=0.04 cm  trail_loss=0  time=31.4s  PASS (target ≤ 1.5 cm, no loss)
[INFO] [1776188003.600211363] [exp7_pheromone_trail]: [auto_run] Trial 3/10 (straight): place robot at START, LED full; confirm TCRT > 1500 ADC. Press Enter ...
[INFO] [1776188035.125258179] [exp7_pheromone_trail]: Trial 3: mean_lat=0.04 cm  trail_loss=0  time=31.2s  PASS (target ≤ 1.5 cm, no loss)
[INFO] [1776188035.127464377] [exp7_pheromone_trail]: [auto_run] Trial 4/10 (straight): place robot at START, LED full; confirm TCRT > 1500 ADC. Press Enter ...
[INFO] [1776188066.941413998] [exp7_pheromone_trail]: Trial 4: mean_lat=0.04 cm  trail_loss=0  time=31.5s  PASS (target ≤ 1.5 cm, no loss)
[INFO] [1776188066.942605995] [exp7_pheromone_trail]: [auto_run] Trial 5/10 (straight): place robot at START, LED full; confirm TCRT > 1500 ADC. Press Enter ...
[INFO] [1776188098.797478446] [exp7_pheromone_trail]: Trial 5: mean_lat=0.04 cm  trail_loss=0  time=31.6s  PASS (target ≤ 1.5 cm, no loss)
[INFO] [1776188098.798956115] [exp7_pheromone_trail]: [auto_run] Trial 6/10 (straight): place robot at START, LED full; confirm TCRT > 1500 ADC. Press Enter ...
[INFO] [1776188130.554750621] [exp7_pheromone_trail]: Trial 6: mean_lat=0.04 cm  trail_loss=0  time=31.5s  PASS (target ≤ 1.5 cm, no loss)
[INFO] [1776188130.555661876] [exp7_pheromone_trail]: [auto_run] Trial 7/10 (straight): place robot at START, LED full; confirm TCRT > 1500 ADC. Press Enter ...
[INFO] [1776188162.288314153] [exp7_pheromone_trail]: Trial 7: mean_lat=0.04 cm  trail_loss=0  time=31.4s  PASS (target ≤ 1.5 cm, no loss)
[INFO] [1776188162.289692909] [exp7_pheromone_trail]: [auto_run] Trial 8/10 (straight): place robot at START, LED full; confirm TCRT > 1500 ADC. Press Enter ...
[INFO] [1776188194.030765954] [exp7_pheromone_trail]: Trial 8: mean_lat=0.04 cm  trail_loss=0  time=31.4s  PASS (target ≤ 1.5 cm, no loss)
[INFO] [1776188194.031645368] [exp7_pheromone_trail]: [auto_run] Trial 9/10 (straight): place robot at START, LED full; confirm TCRT > 1500 ADC. Press Enter ...
[INFO] [1776188225.904990425] [exp7_pheromone_trail]: Trial 9: mean_lat=0.04 cm  trail_loss=0  time=31.6s  PASS (target ≤ 1.5 cm, no loss)
[INFO] [1776188225.905874320] [exp7_pheromone_trail]: [auto_run] Trial 10/10 (straight): place robot at START, LED full; confirm TCRT > 1500 ADC. Press Enter ...
[INFO] [1776188258.213002796] [exp7_pheromone_trail]: Trial 10: mean_lat=0.04 cm  trail_loss=0  time=32.0s  PASS (target ≤ 1.5 cm, no loss)
[INFO] [1776188258.214417649] [exp7_pheromone_trail]: straight overall mean lateral: 0.04 ± 0.00 cm
[INFO] [1776188258.215461644] [exp7_pheromone_trail]: === Sub-experiment B: Curved trail ===
[INFO] [1776188258.216472775] [exp7_pheromone_trail]: [auto_run] Trial 1/10 (curved): place robot at START, LED full; confirm TCRT > 1500 ADC. Press Enter ...
[INFO] [1776188300.613032814] [exp7_pheromone_trail]: Trial 1: mean_lat=0.07 cm  trail_loss=0  time=42.1s  PASS (target ≤ 2.0 cm, no loss)
[INFO] [1776188300.614506133] [exp7_pheromone_trail]: [auto_run] Trial 2/10 (curved): place robot at START, LED full; confirm TCRT > 1500 ADC. Press Enter ...
[INFO] [1776188343.677561728] [exp7_pheromone_trail]: Trial 2: mean_lat=0.07 cm  trail_loss=0  time=42.8s  PASS (target ≤ 2.0 cm, no loss)
[INFO] [1776188343.678281235] [exp7_pheromone_trail]: [auto_run] Trial 3/10 (curved): place robot at START, LED full; confirm TCRT > 1500 ADC. Press Enter ...
[INFO] [1776188388.074295142] [exp7_pheromone_trail]: Trial 3: mean_lat=0.07 cm  trail_loss=0  time=44.1s  PASS (target ≤ 2.0 cm, no loss)
[INFO] [1776188388.075685675] [exp7_pheromone_trail]: [auto_run] Trial 4/10 (curved): place robot at START, LED full; confirm TCRT > 1500 ADC. Press Enter ...
[INFO] [1776188431.051965721] [exp7_pheromone_trail]: Trial 4: mean_lat=0.07 cm  trail_loss=0  time=42.7s  PASS (target ≤ 2.0 cm, no loss)
[INFO] [1776188431.053403616] [exp7_pheromone_trail]: [auto_run] Trial 5/10 (curved): place robot at START, LED full; confirm TCRT > 1500 ADC. Press Enter ...
[INFO] [1776188474.049396076] [exp7_pheromone_trail]: Trial 5: mean_lat=0.07 cm  trail_loss=0  time=42.6s  PASS (target ≤ 2.0 cm, no loss)
[INFO] [1776188474.052628388] [exp7_pheromone_trail]: [auto_run] Trial 6/10 (curved): place robot at START, LED full; confirm TCRT > 1500 ADC. Press Enter ...
[INFO] [1776188517.492163292] [exp7_pheromone_trail]: Trial 6: mean_lat=0.07 cm  trail_loss=0  time=43.1s  PASS (target ≤ 2.0 cm, no loss)
[INFO] [1776188517.493621476] [exp7_pheromone_trail]: [auto_run] Trial 7/10 (curved): place robot at START, LED full; confirm TCRT > 1500 ADC. Press Enter ...
[INFO] [1776188561.026445122] [exp7_pheromone_trail]: Trial 7: mean_lat=0.07 cm  trail_loss=0  time=43.2s  PASS (target ≤ 2.0 cm, no loss)
[INFO] [1776188561.031440940] [exp7_pheromone_trail]: [auto_run] Trial 8/10 (curved): place robot at START, LED full; confirm TCRT > 1500 ADC. Press Enter ...
[INFO] [1776188605.456134535] [exp7_pheromone_trail]: Trial 8: mean_lat=0.07 cm  trail_loss=0  time=44.1s  PASS (target ≤ 2.0 cm, no loss)
[INFO] [1776188605.457804117] [exp7_pheromone_trail]: [auto_run] Trial 9/10 (curved): place robot at START, LED full; confirm TCRT > 1500 ADC. Press Enter ...
[INFO] [1776188650.507398058] [exp7_pheromone_trail]: Trial 9: mean_lat=0.07 cm  trail_loss=0  time=44.7s  PASS (target ≤ 2.0 cm, no loss)
[INFO] [1776188650.509070424] [exp7_pheromone_trail]: [auto_run] Trial 10/10 (curved): place robot at START, LED full; confirm TCRT > 1500 ADC. Press Enter ...
[INFO] [1776188694.945767809] [exp7_pheromone_trail]: Trial 10: mean_lat=0.07 cm  trail_loss=0  time=44.1s  PASS (target ≤ 2.0 cm, no loss)
[INFO] [1776188694.947415407] [exp7_pheromone_trail]: curved overall mean lateral: 0.07 ± 0.00 cm
[INFO] [1776188694.951489249] [exp7_pheromone_trail]: === Sub-experiment C: SNR / chemical switchover ===
[INFO] [1776188694.952843142] [exp7_pheromone_trail]: [auto_run] SNR trial 1/10: robot on trail, ambient LOW, MQ-135 primed; Enter ...
