[INFO] [1775515560.576612503] [exp7_pheromone_trail]: Experiment 7 — mock_sensors=True auto_run=True
[INFO] [1775515563.841526598] [exp7_pheromone_trail]: === Sub-experiment A: Straight trail ===
[INFO] [1775515563.842394522] [exp7_pheromone_trail]: [auto_run] Trial 1/1 (straight): place robot at START, LED full; confirm TCRT > 1500 ADC. Press Enter ...
[INFO] [1775515598.487500290] [exp7_pheromone_trail]: Trial 1: mean_lat=0.04 cm  trail_loss=0  time=34.3s  PASS (target ≤ 1.5 cm, no loss)
[INFO] [1775515598.491211163] [exp7_pheromone_trail]: straight overall mean lateral: 0.04 ± 0.00 cm
[INFO] [1775515598.493056358] [exp7_pheromone_trail]: === Sub-experiment B: Curved trail ===
[INFO] [1775515598.494519337] [exp7_pheromone_trail]: [auto_run] Trial 1/1 (curved): place robot at START, LED full; confirm TCRT > 1500 ADC. Press Enter ...
[INFO] [1775515641.776886444] [exp7_pheromone_trail]: Trial 1: mean_lat=0.07 cm  trail_loss=0  time=43.0s  PASS (target ≤ 2.0 cm, no loss)
[INFO] [1775515641.783290115] [exp7_pheromone_trail]: curved overall mean lateral: 0.07 ± 0.00 cm
[INFO] [1775515641.784818983] [exp7_pheromone_trail]: === Sub-experiment C: SNR / chemical switchover ===
[INFO] [1775515641.786136614] [exp7_pheromone_trail]: [auto_run] SNR trial 1/1: robot on trail, ambient LOW, MQ-135 primed; Enter ...
[WARN] [1775515666.259800752] [exp7_pheromone_trail]: SNR < 6 dB switching to chemical backup
[WARN] [1775515666.263583721] [exp7_pheromone_trail]:   (SNR=5.99 dB)
[INFO] [1775515666.265986082] [exp7_pheromone_trail]: Chemical backup active: latency=0.006 s  gas_adc=520.0
[INFO] [1775515666.268825444] [exp7_pheromone_trail]: === Sub-experiment D: Pheromone decay (LED PWM) ===
[INFO] [1775515666.606759939] [exp7_pheromone_trail]: [auto_run] Sub-exp D: robot centred on trail; Enter to step PWM 100%→10% ...
[INFO] [1775515666.909304451] [exp7_pheromone_trail]: D step 1: LED PWM = 1.00
[INFO] [1775515669.113462881] [exp7_pheromone_trail]:   ADC=[2000,2000,2000,2000]  any>1500=True  SNR=52.04 dB
[INFO] [1775515669.115192329] [exp7_pheromone_trail]: D step 2: LED PWM = 0.90
[INFO] [1775515671.320309802] [exp7_pheromone_trail]:   ADC=[1820,1820,1820,1820]  any>1500=True  SNR=51.22 dB
[INFO] [1775515671.321952240] [exp7_pheromone_trail]: D step 3: LED PWM = 0.80
[INFO] [1775515673.526371086] [exp7_pheromone_trail]:   ADC=[1640,1640,1640,1640]  any>1500=True  SNR=50.32 dB
[INFO] [1775515673.527984563] [exp7_pheromone_trail]: D step 4: LED PWM = 0.70
[INFO] [1775515675.732200057] [exp7_pheromone_trail]:   ADC=[1460,1460,1460,1460]  any>1500=False  SNR=49.31 dB
[INFO] [1775515675.733696572] [exp7_pheromone_trail]: Minimum detectable PWM (last any-sensor-on step): 0.80
[INFO] [1775515675.735745356] [exp7_pheromone_trail]: Done decay: min detectable PWM ≈ 0.80 (link τ_evaporation=0.08/s model in Ch.3)
[INFO] [1775515675.738700113] [exp7_pheromone_trail]: EXP7 complete.
