[INFO] [1775516519.780720853] [exp7_pheromone_trail]: Experiment 7 — mock_sensors=True auto_run=True
[INFO] [1775516523.295714498] [exp7_pheromone_trail]: === Sub-experiment A: Straight trail ===
[INFO] [1775516523.302974080] [exp7_pheromone_trail]: [auto_run] Trial 1/1 (straight): place robot at START, LED full; confirm TCRT > 1500 ADC. Press Enter ...
[INFO] [1775516556.019725221] [exp7_pheromone_trail]: Trial 1: mean_lat=0.04 cm  trail_loss=0  time=32.4s  PASS (target ≤ 1.5 cm, no loss)
[INFO] [1775516556.022192027] [exp7_pheromone_trail]: straight overall mean lateral: 0.04 ± 0.00 cm
[INFO] [1775516556.025105178] [exp7_pheromone_trail]: === Sub-experiment B: Curved trail ===
[INFO] [1775516556.026338133] [exp7_pheromone_trail]: [auto_run] Trial 1/1 (curved): place robot at START, LED full; confirm TCRT > 1500 ADC. Press Enter ...
[INFO] [1775516599.214999275] [exp7_pheromone_trail]: Trial 1: mean_lat=0.07 cm  trail_loss=0  time=42.9s  PASS (target ≤ 2.0 cm, no loss)
[INFO] [1775516599.216543949] [exp7_pheromone_trail]: curved overall mean lateral: 0.07 ± 0.00 cm
[INFO] [1775516599.218088462] [exp7_pheromone_trail]: === Sub-experiment C: SNR / chemical switchover ===
[INFO] [1775516599.219518382] [exp7_pheromone_trail]: [auto_run] SNR trial 1/1: robot on trail, ambient LOW, MQ-135 primed; Enter ...
[WARN] [1775516623.604866993] [exp7_pheromone_trail]: SNR < 6 dB switching to chemical backup
[WARN] [1775516623.606666232] [exp7_pheromone_trail]:   (SNR=6.00 dB)
[INFO] [1775516623.608121976] [exp7_pheromone_trail]: Chemical backup active: latency=0.004 s  gas_adc=520.0
[INFO] [1775516623.610350313] [exp7_pheromone_trail]: === Sub-experiment D: Pheromone decay (LED PWM) ===
[INFO] [1775516623.956482070] [exp7_pheromone_trail]: [auto_run] Sub-exp D: robot centred on trail; Enter to step PWM 100%→10% ...
[INFO] [1775516624.259207923] [exp7_pheromone_trail]: D step 1: LED PWM = 1.00
[INFO] [1775516626.466353817] [exp7_pheromone_trail]:   ADC=[2000,2000,2000,2000]  any>1500=True  SNR=52.04 dB
[INFO] [1775516626.468096287] [exp7_pheromone_trail]: D step 2: LED PWM = 0.90
[INFO] [1775516628.673567133] [exp7_pheromone_trail]:   ADC=[1820,1820,1820,1820]  any>1500=True  SNR=51.22 dB
[INFO] [1775516628.676022067] [exp7_pheromone_trail]: D step 3: LED PWM = 0.80
[INFO] [1775516630.881499182] [exp7_pheromone_trail]:   ADC=[1640,1640,1640,1640]  any>1500=True  SNR=50.32 dB
[INFO] [1775516630.883065840] [exp7_pheromone_trail]: D step 4: LED PWM = 0.70
[INFO] [1775516633.087403952] [exp7_pheromone_trail]:   ADC=[1460,1460,1460,1460]  any>1500=False  SNR=49.31 dB
[INFO] [1775516633.088801486] [exp7_pheromone_trail]: Minimum detectable PWM (last any-sensor-on step): 0.80
[INFO] [1775516633.089975144] [exp7_pheromone_trail]: Done decay: min detectable PWM ≈ 0.80 (link τ_evaporation=0.08/s model in Ch.3)
[INFO] [1775516633.091859473] [exp7_pheromone_trail]: EXP7 complete.
