[exp4stack] No trials this run. For exp4_maze: bash /home/jetson/exp1_logs/run_exp4_stack.sh --with-trials
[exp4stack] Restarting ros2 daemon (avoids stale graph after pkill; fixes empty lifecycle get).
The daemon is not running
The daemon has been started
[exp4stack] Base controller started.
[exp4stack] LiDAR candidates (by-id): /dev/serial/by-id/usb-Silicon_Labs_CP2102_USB_to_UART_Bridge_Controller_0001-if00-port0 /dev/serial/by-id/usb-Silicon_Labs_CP2102_USB_to_UART_Bridge_Controller_IG14859004F004A-if00-port0
[exp4stack] Probing LiDAR on /dev/serial/by-id/usb-Silicon_Labs_CP2102_USB_to_UART_Bridge_Controller_0001-if00-port0 ...
[exp4stack] LiDAR launch serial_port=/dev/serial/by-id/usb-Silicon_Labs_CP2102_USB_to_UART_Bridge_Controller_0001-if00-port0 (log /home/jetson/exp1_logs/exp4stack_lidar_20260407_060001_dev_serial_by-id_usb-Silicon_Labs_CP2102_USB_to_UART_Bridge_Controller_0001-if00-port0.log)
[exp4stack] /scan is publishing.
[exp4stack] Starting localization (map_server + amcl) ...
[exp4stack] Waiting for map_server + AMCL active (localization lifecycle) ...
[exp4stack] Restarting ros2 daemon (avoids stale graph after pkill; fixes empty lifecycle get).
The daemon has been stopped
The daemon has been started
[exp4stack] Base controller started.
[exp4stack] LiDAR candidates (by-id): /dev/serial/by-id/usb-Silicon_Labs_CP2102_USB_to_UART_Bridge_Controller_0001-if00-port0 /dev/serial/by-id/usb-Silicon_Labs_CP2102_USB_to_UART_Bridge_Controller_IG14859004F004A-if00-port0
[exp4stack] Probing LiDAR on /dev/serial/by-id/usb-Silicon_Labs_CP2102_USB_to_UART_Bridge_Controller_0001-if00-port0 ...
[exp4stack] LiDAR launch serial_port=/dev/serial/by-id/usb-Silicon_Labs_CP2102_USB_to_UART_Bridge_Controller_0001-if00-port0 (log /home/jetson/exp1_logs/exp4stack_lidar_20260407_060057_dev_serial_by-id_usb-Silicon_Labs_CP2102_USB_to_UART_Bridge_Controller_0001-if00-port0.log)
[exp4stack] /scan is publishing.
[exp4stack] Starting localization (map_server + amcl) ...
[exp4stack] Waiting for map_server + AMCL active (localization lifecycle) ...
