==========================================
FormicaBot 实验 1-7 自动化运行
时间: Wed Apr 15 02:09:01 AM CST 2026
日志目录: /home/jetson/exp1_logs
==========================================

>>> [1/7] Experiment 1 - 传感器标定

==========================================
开始: Experiment 1 - 传感器标定
==========================================
[INFO] [exp1_sensor_calibration] Starting Experiment 1 full calibration workflow.
[INFO] [exp1_sensor_calibration] Task 1: System bring-up verification.
[INFO] [exp1_sensor_calibration] /scan rate: 6.97 Hz (target >= 8.0)
[INFO] [exp1_sensor_calibration] /imu/data rate: 101.16 Hz (target >= 50.0)
[INFO] [exp1_sensor_calibration] Task 2: LiDAR range calibration.
[DataLogger] Writing to /home/jetson/formica_experiments/data/exp1_calibration_20260414_180902.csv

Place robot exactly 0.50 m from wall, then press ENTER.
[INFO] [exp1_sensor_calibration] LiDAR @ 0.50 m -> mean 2.3611 m | err 1.8611 m

Place robot exactly 1.00 m from wall, then press ENTER.
[INFO] [exp1_sensor_calibration] LiDAR @ 1.00 m -> mean 2.3595 m | err 1.3595 m

Place robot exactly 1.50 m from wall, then press ENTER.
[INFO] [exp1_sensor_calibration] LiDAR @ 1.50 m -> mean 2.3704 m | err 0.8704 m

Place robot exactly 2.00 m from wall, then press ENTER.
[INFO] [exp1_sensor_calibration] LiDAR @ 2.00 m -> mean 2.3683 m | err 0.3683 m
[INFO] [exp1_sensor_calibration] LiDAR RMSE: 1.2455 m (target <= 0.02)
[INFO] [exp1_sensor_calibration] Task 3: IMU angular drift calibration.
Keep robot stationary on flat surface, then press ENTER.
[INFO] [exp1_sensor_calibration] IMU drift: 3189.2368 deg/min (target <= 0.50)
[INFO] [exp1_sensor_calibration] Task 4: Wheel odometry calibration.
[INFO] [exp1_sensor_calibration] Odom trial 1: measured 2.0947 m | error 4.73%
[INFO] [exp1_sensor_calibration] Odom trial 2: measured 2.0895 m | error 4.48%
[INFO] [exp1_sensor_calibration] Odom trial 3: measured 2.0777 m | error 3.88%
[INFO] [exp1_sensor_calibration] Odom trial 4: measured 2.0736 m | error 3.68%
[INFO] [exp1_sensor_calibration] Odom trial 5: measured 2.0922 m | error 4.61%
[INFO] [exp1_sensor_calibration] Odom trial 6: measured 2.0699 m | error 3.50%
[INFO] [exp1_sensor_calibration] Odom trial 7: measured 2.0872 m | error 4.36%
[INFO] [exp1_sensor_calibration] Odom trial 8: measured 2.0838 m | error 4.19%
[INFO] [exp1_sensor_calibration] Odom trial 9: measured 2.0761 m | error 3.80%
[INFO] [exp1_sensor_calibration] Odom trial 10: measured 2.0774 m | error 3.87%
[INFO] [exp1_sensor_calibration] Odom mean +- SD: 4.11% +- 0.42%
[INFO] [exp1_sensor_calibration] Task 5: RGB-D checkerboard calibration.

Run in another terminal:
ros2 run camera_calibration cameracalibrator --size 9x7 --square 0.025 image:=/rgb/image_raw camera:=/rgb
Move checkerboard through at least 30 poses.
When calibrator displays reprojection error, type it now and press ENTER in this terminal.
Enter RGB-D reprojection error (pixels): [INFO] [exp1_sensor_calibration] RGB-D reprojection: 0.3000 px (target <= 0.50)
[INFO] [exp1_sensor_calibration] Task 6: TCRT5000 line sensor SNR calibration.

Turn OFF 620nm LED strip for ambient-noise capture, then press ENTER.
Place all line sensors over 620nm LED strip at 5 cm and press ENTER.
Place all line sensors over 620nm LED strip at 10 cm and press ENTER.
Place all line sensors over 620nm LED strip at 15 cm and press ENTER.
[INFO] [exp1_sensor_calibration] TCRT5000 SNR: 19.20 dB (target >= 6.0)
[INFO] [exp1_sensor_calibration] Table 6.1 written to: /home/jetson/formica_experiments/data/exp1_table6_1_20260414_180902.csv
[INFO] [exp1_sensor_calibration] Experiment 1 finished.

--- Experiment 1 - 传感器标定 完成 ---
日志: /home/jetson/exp1_logs/exp1_calibration_20260415_020901.log

>>> [2/7] Experiment 2 - 功率分析

==========================================
开始: Experiment 2 - 功率分析
==========================================
[INFO] [exp2_power_profiling] Exp2: mission 300.0s, cycle 17.0s (TRANSIT 10.2s, DECISION 5.1s, STANDBY 1.7s)
[INFO] [exp2_power_profiling] Waiting for /power_monitor (10 Hz) …
[ERROR] [exp2_power_profiling] No /power_monitor topic detected after 20 s startup. Connect INA219 hardware on I2C bus 1 and restart.
[INFO] [exp2_power_profiling] First /power_monitor received — mission clock started.

--- Experiment 2 - 功率分析 完成 ---
日志: /home/jetson/exp1_logs/exp2_power_20260415_020901.log

>>> [3/7] Experiment 3 - SLAM建图

==========================================
开始: Experiment 3 - SLAM建图
==========================================
[INFO] [exp3_slam_mapping] Experiment 3 — SLAM Mapping starting ...
[WARN] [exp3_slam_mapping] NavigateToPose action server not available. Switching to /cmd_vel autonomous mapping mode.
[INFO] [exp3_slam_mapping] 
--- Trial 1/10 ---
[INFO] [exp3_slam_mapping]   Mapping … coverage 0.0% (target 95.0%), elapsed 0s / 900s
[INFO] [exp3_slam_mapping]   Mapping … coverage 0.0% (target 95.0%), elapsed 18s / 900s
[INFO] [exp3_slam_mapping]   Mapping … coverage 0.0% (target 95.0%), elapsed 36s / 900s
[INFO] [exp3_slam_mapping]   Mapping … coverage 0.0% (target 95.0%), elapsed 54s / 900s
[INFO] [exp3_slam_mapping]   Mapping … coverage 0.0% (target 95.0%), elapsed 72s / 900s
[INFO] [exp3_slam_mapping]   Mapping … coverage 0.0% (target 95.0%), elapsed 90s / 900s
[INFO] [exp3_slam_mapping]   Mapping … coverage 0.0% (target 95.0%), elapsed 109s / 900s
[INFO] [exp3_slam_mapping]   Mapping … coverage 0.0% (target 95.0%), elapsed 127s / 900s
[INFO] [exp3_slam_mapping]   Mapping … coverage 0.0% (target 95.0%), elapsed 145s / 900s
[INFO] [exp3_slam_mapping]   Mapping … coverage 0.0% (target 95.0%), elapsed 163s / 900s
[INFO] [exp3_slam_mapping]   Mapping … coverage 0.0% (target 95.0%), elapsed 181s / 900s
[INFO] [exp3_slam_mapping]   Mapping … coverage 0.0% (target 95.0%), elapsed 199s / 900s
[INFO] [exp3_slam_mapping]   Mapping … coverage 0.0% (target 95.0%), elapsed 217s / 900s
[INFO] [exp3_slam_mapping]   Mapping … coverage 0.0% (target 95.0%), elapsed 235s / 900s
[INFO] [exp3_slam_mapping]   Mapping … coverage 0.0% (target 95.0%), elapsed 254s / 900s
[INFO] [exp3_slam_mapping]   Mapping … coverage 0.0% (target 95.0%), elapsed 272s / 900s
[INFO] [exp3_slam_mapping]   Mapping … coverage 0.0% (target 95.0%), elapsed 290s / 900s
[INFO] [exp3_slam_mapping]   Mapping … coverage 0.0% (target 95.0%), elapsed 308s / 900s
[INFO] [exp3_slam_mapping]   Mapping … coverage 0.0% (target 95.0%), elapsed 326s / 900s
[INFO] [exp3_slam_mapping]   Mapping … coverage 0.0% (target 95.0%), elapsed 344s / 900s
[INFO] [exp3_slam_mapping]   Mapping … coverage 0.0% (target 95.0%), elapsed 362s / 900s
[INFO] [exp3_slam_mapping]   Mapping … coverage 0.0% (target 95.0%), elapsed 381s / 900s
[INFO] [exp3_slam_mapping]   Mapping … coverage 0.0% (target 95.0%), elapsed 399s / 900s
[INFO] [exp3_slam_mapping]   Mapping … coverage 0.0% (target 95.0%), elapsed 417s / 900s
[INFO] [exp3_slam_mapping]   Mapping … coverage 0.0% (target 95.0%), elapsed 435s / 900s
[INFO] [exp3_slam_mapping]   Mapping … coverage 0.0% (target 95.0%), elapsed 453s / 900s
[INFO] [exp3_slam_mapping]   Mapping … coverage 0.0% (target 95.0%), elapsed 471s / 900s
[INFO] [exp3_slam_mapping]   Mapping … coverage 0.0% (target 95.0%), elapsed 489s / 900s
[INFO] [exp3_slam_mapping]   Mapping … coverage 0.0% (target 95.0%), elapsed 508s / 900s
[INFO] [exp3_slam_mapping]   Mapping … coverage 0.0% (target 95.0%), elapsed 526s / 900s
[INFO] [exp3_slam_mapping]   Mapping … coverage 0.0% (target 95.0%), elapsed 544s / 900s
[INFO] [exp3_slam_mapping]   Mapping … coverage 0.0% (target 95.0%), elapsed 562s / 900s
[INFO] [exp3_slam_mapping]   Mapping … coverage 0.0% (target 95.0%), elapsed 580s / 900s

--- Experiment 3 - SLAM建图 完成 ---
日志: /home/jetson/exp1_logs/exp3_slam_20260415_020901.log

>>> [4/7] Experiment 4 - 迷宫导航

==========================================
开始: Experiment 4 - 迷宫导航
==========================================
[INFO] [exp4_maze_navigation] Experiment 4 — Maze Navigation starting ...
[INFO] [exp4_maze_navigation]   S=(0.0, 0.0)  T=(2.525, 3.035)  Euclidean=3.95 m  MaxPath=5.92 m
[ERROR] [exp4_maze_navigation] NavigateToPose server not available. Start nav2_bringup launch file before running this experiment.
[DataLogger] Writing to /home/jetson/formica_experiments/data/exp4_maze_20260414_182923.csv

--- Experiment 4 - 迷宫导航 完成 ---
日志: /home/jetson/exp1_logs/exp4_maze_20260415_020901.log

>>> [5/7] Experiment 5 - 障碍容错

==========================================
开始: Experiment 5 - 障碍容错
==========================================
[INFO] [exp5_obstacle_fault] Experiment 5 — Obstacle & Fault Tolerance starting ...
[ERROR] [exp5_obstacle_fault] NavigateToPose server not available.
[DataLogger] Writing to /home/jetson/formica_experiments/data/exp5_fault_20260414_182957.csv

--- Experiment 5 - 障碍容错 完成 ---
日志: /home/jetson/exp1_logs/exp5_fault_20260415_020901.log

>>> [6/7] Experiment 6 - CNN检测

==========================================
开始: Experiment 6 - CNN检测
==========================================
[INFO] [exp6_cnn_detection] Experiment 6 — CNN Target Recognition starting ...
[WARN] [exp6_cnn_detection] TensorRT engine not found at /home/jetson/models/formica_target_det.trt. Using HSV colour-blob fallback.
[INFO] [exp6_cnn_detection] 
  Condition: normal  Class: red_cube
[INFO] [exp6_cnn_detection]     Set up red_cube at 0.5 m under "normal" lighting. Press Enter ...
[DataLogger] Writing to /home/jetson/formica_experiments/data/exp6_cnn_20260414_183012.csv
[WARN] [exp6_cnn_detection] Camera timeout.
[WARN] [exp6_cnn_detection] Camera timeout.
[WARN] [exp6_cnn_detection] Camera timeout.
[WARN] [exp6_cnn_detection] Camera timeout.
[WARN] [exp6_cnn_detection] Camera timeout.
[WARN] [exp6_cnn_detection] Camera timeout.
[WARN] [exp6_cnn_detection] Camera timeout.
[WARN] [exp6_cnn_detection] Camera timeout.
[WARN] [exp6_cnn_detection] Camera timeout.
[WARN] [exp6_cnn_detection] Camera timeout.
[WARN] [exp6_cnn_detection] Camera timeout.
[WARN] [exp6_cnn_detection] Camera timeout.
[WARN] [exp6_cnn_detection] Camera timeout.
[WARN] [exp6_cnn_detection] Camera timeout.
[WARN] [exp6_cnn_detection] Camera timeout.
[WARN] [exp6_cnn_detection] Camera timeout.
[WARN] [exp6_cnn_detection] Camera timeout.
[WARN] [exp6_cnn_detection] Camera timeout.
[WARN] [exp6_cnn_detection] Camera timeout.
[WARN] [exp6_cnn_detection] Camera timeout.
[WARN] [exp6_cnn_detection] Camera timeout.
[WARN] [exp6_cnn_detection] Camera timeout.
[WARN] [exp6_cnn_detection] Camera timeout.
[WARN] [exp6_cnn_detection] Camera timeout.
[WARN] [exp6_cnn_detection] Camera timeout.
[WARN] [exp6_cnn_detection] Camera timeout.
[WARN] [exp6_cnn_detection] Camera timeout.
[WARN] [exp6_cnn_detection] Camera timeout.
[WARN] [exp6_cnn_detection] Camera timeout.
[WARN] [exp6_cnn_detection] Camera timeout.
[INFO] [exp6_cnn_detection]     P=0.000  R=0.000  F1=0.000  AP=0.000
[INFO] [exp6_cnn_detection]     Set up red_cube at 1.0 m under "normal" lighting. Press Enter ...
[WARN] [exp6_cnn_detection] Camera timeout.
[WARN] [exp6_cnn_detection] Camera timeout.
[WARN] [exp6_cnn_detection] Camera timeout.
[WARN] [exp6_cnn_detection] Camera timeout.
[WARN] [exp6_cnn_detection] Camera timeout.
[WARN] [exp6_cnn_detection] Camera timeout.
[WARN] [exp6_cnn_detection] Camera timeout.
[WARN] [exp6_cnn_detection] Camera timeout.
[WARN] [exp6_cnn_detection] Camera timeout.
[WARN] [exp6_cnn_detection] Camera timeout.
[WARN] [exp6_cnn_detection] Camera timeout.
[WARN] [exp6_cnn_detection] Camera timeout.
[WARN] [exp6_cnn_detection] Camera timeout.
[WARN] [exp6_cnn_detection] Camera timeout.
[WARN] [exp6_cnn_detection] Camera timeout.
[WARN] [exp6_cnn_detection] Camera timeout.
[WARN] [exp6_cnn_detection] Camera timeout.
[WARN] [exp6_cnn_detection] Camera timeout.
[WARN] [exp6_cnn_detection] Camera timeout.
[WARN] [exp6_cnn_detection] Camera timeout.
[WARN] [exp6_cnn_detection] Camera timeout.
[WARN] [exp6_cnn_detection] Camera timeout.
[WARN] [exp6_cnn_detection] Camera timeout.
[WARN] [exp6_cnn_detection] Camera timeout.
[WARN] [exp6_cnn_detection] Camera timeout.
[WARN] [exp6_cnn_detection] Camera timeout.
[WARN] [exp6_cnn_detection] Camera timeout.
[WARN] [exp6_cnn_detection] Camera timeout.
[WARN] [exp6_cnn_detection] Camera timeout.
[WARN] [exp6_cnn_detection] Camera timeout.
[INFO] [exp6_cnn_detection]     P=0.000  R=0.000  F1=0.000  AP=0.000
[INFO] [exp6_cnn_detection]     Set up red_cube at 1.5 m under "normal" lighting. Press Enter ...
[WARN] [exp6_cnn_detection] Camera timeout.
[WARN] [exp6_cnn_detection] Camera timeout.
[WARN] [exp6_cnn_detection] Camera timeout.
[WARN] [exp6_cnn_detection] Camera timeout.
[WARN] [exp6_cnn_detection] Camera timeout.
[WARN] [exp6_cnn_detection] Camera timeout.
[WARN] [exp6_cnn_detection] Camera timeout.
[WARN] [exp6_cnn_detection] Camera timeout.
[WARN] [exp6_cnn_detection] Camera timeout.
[WARN] [exp6_cnn_detection] Camera timeout.
[WARN] [exp6_cnn_detection] Camera timeout.
[WARN] [exp6_cnn_detection] Camera timeout.
[WARN] [exp6_cnn_detection] Camera timeout.
[WARN] [exp6_cnn_detection] Camera timeout.
[WARN] [exp6_cnn_detection] Camera timeout.
[WARN] [exp6_cnn_detection] Camera timeout.
[WARN] [exp6_cnn_detection] Camera timeout.
[WARN] [exp6_cnn_detection] Camera timeout.
[WARN] [exp6_cnn_detection] Camera timeout.
[WARN] [exp6_cnn_detection] Camera timeout.
[WARN] [exp6_cnn_detection] Camera timeout.
[WARN] [exp6_cnn_detection] Camera timeout.
[WARN] [exp6_cnn_detection] Camera timeout.
[WARN] [exp6_cnn_detection] Camera timeout.
[WARN] [exp6_cnn_detection] Camera timeout.
[WARN] [exp6_cnn_detection] Camera timeout.
[WARN] [exp6_cnn_detection] Camera timeout.
[WARN] [exp6_cnn_detection] Camera timeout.
[WARN] [exp6_cnn_detection] Camera timeout.
[WARN] [exp6_cnn_detection] Camera timeout.
[INFO] [exp6_cnn_detection]     P=0.000  R=0.000  F1=0.000  AP=0.000
[INFO] [exp6_cnn_detection]     Set up red_cube at 2.0 m under "normal" lighting. Press Enter ...
[WARN] [exp6_cnn_detection] Camera timeout.
[WARN] [exp6_cnn_detection] Camera timeout.
[WARN] [exp6_cnn_detection] Camera timeout.
[WARN] [exp6_cnn_detection] Camera timeout.
[WARN] [exp6_cnn_detection] Camera timeout.
[WARN] [exp6_cnn_detection] Camera timeout.
[WARN] [exp6_cnn_detection] Camera timeout.
[WARN] [exp6_cnn_detection] Camera timeout.
[WARN] [exp6_cnn_detection] Camera timeout.
[WARN] [exp6_cnn_detection] Camera timeout.
[WARN] [exp6_cnn_detection] Camera timeout.
[WARN] [exp6_cnn_detection] Camera timeout.
[WARN] [exp6_cnn_detection] Camera timeout.
[WARN] [exp6_cnn_detection] Camera timeout.
[WARN] [exp6_cnn_detection] Camera timeout.
[WARN] [exp6_cnn_detection] Camera timeout.
[WARN] [exp6_cnn_detection] Camera timeout.
[WARN] [exp6_cnn_detection] Camera timeout.
[WARN] [exp6_cnn_detection] Camera timeout.
[WARN] [exp6_cnn_detection] Camera timeout.
[WARN] [exp6_cnn_detection] Camera timeout.
[WARN] [exp6_cnn_detection] Camera timeout.
[WARN] [exp6_cnn_detection] Camera timeout.
[WARN] [exp6_cnn_detection] Camera timeout.
[WARN] [exp6_cnn_detection] Camera timeout.
[WARN] [exp6_cnn_detection] Camera timeout.
[WARN] [exp6_cnn_detection] Camera timeout.
[WARN] [exp6_cnn_detection] Camera timeout.

--- Experiment 6 - CNN检测 完成 ---
日志: /home/jetson/exp1_logs/exp6_cnn_20260415_020901.log

>>> [7/7] Experiment 7 - 信息素轨迹

==========================================
开始: Experiment 7 - 信息素轨迹
==========================================
[INFO] [exp7_pheromone_trail] Experiment 7 — mock_sensors=True auto_run=True 
[INFO] [exp7_pheromone_trail] === Sub-experiment A: Straight trail ===
[INFO] [exp7_pheromone_trail] [auto_run] Trial 1/10 (straight): place robot at START, LED full; confirm TCRT > 1500 ADC. Press Enter ...
[INFO] [exp7_pheromone_trail] Trial 1: mean_lat=0.04 cm  trail_loss=0  time=31.1s  PASS (target ≤ 1.5 cm, no loss)
[INFO] [exp7_pheromone_trail] [auto_run] Trial 2/10 (straight): place robot at START, LED full; confirm TCRT > 1500 ADC. Press Enter ...
[INFO] [exp7_pheromone_trail] Trial 2: mean_lat=0.04 cm  trail_loss=0  time=31.1s  PASS (target ≤ 1.5 cm, no loss)
[INFO] [exp7_pheromone_trail] [auto_run] Trial 3/10 (straight): place robot at START, LED full; confirm TCRT > 1500 ADC. Press Enter ...
[INFO] [exp7_pheromone_trail] Trial 3: mean_lat=0.04 cm  trail_loss=0  time=31.3s  PASS (target ≤ 1.5 cm, no loss)
[INFO] [exp7_pheromone_trail] [auto_run] Trial 4/10 (straight): place robot at START, LED full; confirm TCRT > 1500 ADC. Press Enter ...
[INFO] [exp7_pheromone_trail] Trial 4: mean_lat=0.04 cm  trail_loss=0  time=31.2s  PASS (target ≤ 1.5 cm, no loss)
[INFO] [exp7_pheromone_trail] [auto_run] Trial 5/10 (straight): place robot at START, LED full; confirm TCRT > 1500 ADC. Press Enter ...
[INFO] [exp7_pheromone_trail] Trial 5: mean_lat=0.04 cm  trail_loss=0  time=31.0s  PASS (target ≤ 1.5 cm, no loss)
[INFO] [exp7_pheromone_trail] [auto_run] Trial 6/10 (straight): place robot at START, LED full; confirm TCRT > 1500 ADC. Press Enter ...
[INFO] [exp7_pheromone_trail] Trial 6: mean_lat=0.04 cm  trail_loss=0  time=31.1s  PASS (target ≤ 1.5 cm, no loss)
[INFO] [exp7_pheromone_trail] [auto_run] Trial 7/10 (straight): place robot at START, LED full; confirm TCRT > 1500 ADC. Press Enter ...
[INFO] [exp7_pheromone_trail] Trial 7: mean_lat=0.04 cm  trail_loss=0  time=31.1s  PASS (target ≤ 1.5 cm, no loss)
[INFO] [exp7_pheromone_trail] [auto_run] Trial 8/10 (straight): place robot at START, LED full; confirm TCRT > 1500 ADC. Press Enter ...
[INFO] [exp7_pheromone_trail] Trial 8: mean_lat=0.04 cm  trail_loss=0  time=31.1s  PASS (target ≤ 1.5 cm, no loss)
[INFO] [exp7_pheromone_trail] [auto_run] Trial 9/10 (straight): place robot at START, LED full; confirm TCRT > 1500 ADC. Press Enter ...
[INFO] [exp7_pheromone_trail] Trial 9: mean_lat=0.04 cm  trail_loss=0  time=31.2s  PASS (target ≤ 1.5 cm, no loss)
[INFO] [exp7_pheromone_trail] [auto_run] Trial 10/10 (straight): place robot at START, LED full; confirm TCRT > 1500 ADC. Press Enter ...
[INFO] [exp7_pheromone_trail] Trial 10: mean_lat=0.04 cm  trail_loss=0  time=31.1s  PASS (target ≤ 1.5 cm, no loss)
[INFO] [exp7_pheromone_trail] straight overall mean lateral: 0.04 ± 0.00 cm
[INFO] [exp7_pheromone_trail] === Sub-experiment B: Curved trail ===
[INFO] [exp7_pheromone_trail] [auto_run] Trial 1/10 (curved): place robot at START, LED full; confirm TCRT > 1500 ADC. Press Enter ...
[INFO] [exp7_pheromone_trail] Trial 1: mean_lat=0.07 cm  trail_loss=0  time=41.4s  PASS (target ≤ 2.0 cm, no loss)
[INFO] [exp7_pheromone_trail] [auto_run] Trial 2/10 (curved): place robot at START, LED full; confirm TCRT > 1500 ADC. Press Enter ...
[INFO] [exp7_pheromone_trail] Trial 2: mean_lat=0.07 cm  trail_loss=0  time=41.5s  PASS (target ≤ 2.0 cm, no loss)
[INFO] [exp7_pheromone_trail] [auto_run] Trial 3/10 (curved): place robot at START, LED full; confirm TCRT > 1500 ADC. Press Enter ...
[INFO] [exp7_pheromone_trail] Trial 3: mean_lat=0.07 cm  trail_loss=0  time=41.5s  PASS (target ≤ 2.0 cm, no loss)
[INFO] [exp7_pheromone_trail] [auto_run] Trial 4/10 (curved): place robot at START, LED full; confirm TCRT > 1500 ADC. Press Enter ...
[INFO] [exp7_pheromone_trail] Trial 4: mean_lat=0.07 cm  trail_loss=0  time=41.4s  PASS (target ≤ 2.0 cm, no loss)
[INFO] [exp7_pheromone_trail] [auto_run] Trial 5/10 (curved): place robot at START, LED full; confirm TCRT > 1500 ADC. Press Enter ...
[INFO] [exp7_pheromone_trail] Trial 5: mean_lat=0.07 cm  trail_loss=0  time=41.6s  PASS (target ≤ 2.0 cm, no loss)
[INFO] [exp7_pheromone_trail] [auto_run] Trial 6/10 (curved): place robot at START, LED full; confirm TCRT > 1500 ADC. Press Enter ...
[INFO] [exp7_pheromone_trail] Trial 6: mean_lat=0.07 cm  trail_loss=0  time=41.4s  PASS (target ≤ 2.0 cm, no loss)
[INFO] [exp7_pheromone_trail] [auto_run] Trial 7/10 (curved): place robot at START, LED full; confirm TCRT > 1500 ADC. Press Enter ...

--- Experiment 7 - 信息素轨迹 完成 ---
日志: /home/jetson/exp1_logs/exp7_pheromone_20260415_020901.log

==========================================
所有实验运行完成！
完成时间: Wed Apr 15 02:50:11 AM CST 2026
==========================================

--- 生成的日志文件 ---
-rw-rw-r-- 1 jetson jetson 3.3K Apr 15 02:11 /home/jetson/exp1_logs/exp1_calibration_20260415_020901.log
-rw-rw-r-- 1 jetson jetson  399 Apr 15 02:15 /home/jetson/exp1_logs/exp2_power_20260415_020901.log
-rw-rw-r-- 1 jetson jetson 3.2K Apr 15 02:29 /home/jetson/exp1_logs/exp3_slam_20260415_020901.log
-rw-rw-r-- 1 jetson jetson  396 Apr 15 02:29 /home/jetson/exp1_logs/exp4_maze_20260415_020901.log
-rw-rw-r-- 1 jetson jetson  246 Apr 15 02:30 /home/jetson/exp1_logs/exp5_fault_20260415_020901.log
-rw-rw-r-- 1 jetson jetson 6.1K Apr 15 02:40 /home/jetson/exp1_logs/exp6_cnn_20260415_020901.log
-rw-rw-r-- 1 jetson jetson 4.4K Apr 15 02:49 /home/jetson/exp1_logs/exp7_pheromone_20260415_020901.log

--- 实验数据目录 ---
-rw-rw-r--  1 jetson jetson  187 Apr  7 06:39 exp7_pheromone_20260406_223928.csv
-rw-rw-r--  1 jetson jetson 7.4K Apr  7 06:42 exp7_pheromone_20260406_224037.csv
-rw-rw-r--  1 jetson jetson  268 Apr  7 06:46 exp7_pheromone_20260406_224458.csv
-rw-rw-r--  1 jetson jetson 7.4K Apr  7 06:47 exp7_pheromone_20260406_224600.csv
-rw-rw-r--  1 jetson jetson 7.4K Apr  7 06:52 exp7_pheromone_20260406_225056.csv
-rw-rw-r--  1 jetson jetson 7.4K Apr  7 06:57 exp7_pheromone_20260406_225524.csv
-rw-rw-r--  1 jetson jetson 7.4K Apr  7 07:03 exp7_pheromone_20260406_230200.csv
-rw-rw-r--  1 jetson jetson 5.6K Apr  7 07:05 exp7_pheromone_20260406_230454.csv
-rw-rw-r--  1 jetson jetson 7.4K Apr  7 07:07 exp7_pheromone_20260406_230556.csv
-rw-rw-r--  1 jetson jetson  285 Apr  7 07:19 exp7_pheromone_20260406_231945.csv
-rw-rw-r--  1 jetson jetson 7.4K Apr  7 07:22 exp7_pheromone_20260406_232018.csv
-rw-rw-r--  1 jetson jetson 7.4K Apr  9 08:15 exp7_pheromone_20260409_001352.csv
-rw-rw-r--  1 jetson jetson  70K Apr 15 01:44 exp7_pheromone_20260414_172729.csv
-rw-rw-r--  1 jetson jetson  68K Apr 15 01:44 exp7_pheromone_20260414_173217.csv
-rw-rw-r--  1 jetson jetson  56K Apr 15 02:50 exp7_pheromone_20260414_184012.csv
-rw-rw-r--  1 jetson jetson 3.0K Mar 31 03:13 exp7_task2_mq_ethanol_20260330_191306_baseline.csv
-rw-rw-r--  1 jetson jetson  21K Mar 31 03:14 exp7_task2_mq_ethanol_20260330_191306_ethanol_60s.csv
-rw-rw-r--  1 jetson jetson  35K Mar 31 03:16 exp7_task2_mq_ethanol_20260330_191306_residual.csv
-rw-rw-r--  1 jetson jetson  56K Mar 31 03:18 FINAL_task2_exposure_plus_residual.csv
-rw-rw-r--  1 jetson jetson  35K Mar 31 03:18 FINAL_task2_residual_only.csv
