[INFO] [1775691109.490231231] [jetson_camera_publisher]: Trying GStreamer (MJPEG /dev/video0 1280x720@30): v4l2src device=/dev/video0 ! image/jpeg,width=1280,height=720,framerate=30/1 ! jpegdec ! videoconvert ! video/x-raw,format=BGR ! appsink drop=true sync=false
[ WARN:0@0.786] global cap_gstreamer.cpp:2839 handleMessage OpenCV | GStreamer warning: Embedded video playback halted; module v4l2src0 reported: Device '/dev/video0' is busy
[ WARN:0@0.787] global cap_gstreamer.cpp:1698 open OpenCV | GStreamer warning: unable to start pipeline
[ WARN:0@0.787] global cap_gstreamer.cpp:1173 isPipelinePlaying OpenCV | GStreamer warning: GStreamer: pipeline have not been created
[ WARN:0@0.787] global cap.cpp:204 open VIDEOIO(GSTREAMER): backend is generally available but can't be used to capture by name
[WARN] [1775691109.609778666] [jetson_camera_publisher]: MJPEG GStreamer failed; trying 640x480@30 ...
[INFO] [1775691109.610663872] [jetson_camera_publisher]: Trying GStreamer (MJPEG fallback 640x480): v4l2src device=/dev/video0 ! image/jpeg,width=640,height=480,framerate=30/1 ! jpegdec ! videoconvert ! video/x-raw,format=BGR ! appsink drop=true sync=false
[ WARN:0@0.857] global cap_gstreamer.cpp:2839 handleMessage OpenCV | GStreamer warning: Embedded video playback halted; module v4l2src1 reported: Device '/dev/video0' is busy
[ WARN:0@0.858] global cap_gstreamer.cpp:1698 open OpenCV | GStreamer warning: unable to start pipeline
[ WARN:0@0.858] global cap_gstreamer.cpp:1173 isPipelinePlaying OpenCV | GStreamer warning: GStreamer: pipeline have not been created
[ WARN:0@0.858] global cap.cpp:204 open VIDEOIO(GSTREAMER): backend is generally available but can't be used to capture by name
[ERROR] [1775691109.680254462] [jetson_camera_publisher]: Could not open camera. Checks: (1) camera plugged in, (2) try -p camera_device:=/dev/video0 or /dev/video1, (3) v4l2-ctl -d /dev/video0 --list-formats-ext, (4) -p capture_backend:=v4l2
[INFO] [1775691660.976402359] [jetson_camera_publisher]: Shutting down, releasing camera.
Failed to publish log message to rosout: publisher's context is invalid, at ./src/rcl/publisher.c:389
Traceback (most recent call last):
  File "/home/jetson/ros2_ws/build/formica_experiments/formica_experiments/jetson_camera_publisher.py", line 159, in main
    rclpy.spin(camera_publisher)
  File "/opt/ros/humble/local/lib/python3.10/dist-packages/rclpy/__init__.py", line 229, in spin
    executor.spin_once()
  File "/opt/ros/humble/local/lib/python3.10/dist-packages/rclpy/executors.py", line 808, in spin_once
    self._spin_once_impl(timeout_sec)
  File "/opt/ros/humble/local/lib/python3.10/dist-packages/rclpy/executors.py", line 797, in _spin_once_impl
    handler, entity, node = self.wait_for_ready_callbacks(timeout_sec=timeout_sec)
  File "/opt/ros/humble/local/lib/python3.10/dist-packages/rclpy/executors.py", line 780, in wait_for_ready_callbacks
    return next(self._cb_iter)
  File "/opt/ros/humble/local/lib/python3.10/dist-packages/rclpy/executors.py", line 681, in _wait_for_ready_callbacks
    raise ExternalShutdownException()
rclpy.executors.ExternalShutdownException

During handling of the above exception, another exception occurred:

Traceback (most recent call last):
  File "/home/jetson/ros2_ws/install/formica_experiments/lib/formica_experiments/jetson_camera", line 33, in <module>
    sys.exit(load_entry_point('formica-experiments', 'console_scripts', 'jetson_camera')())
  File "/home/jetson/ros2_ws/build/formica_experiments/formica_experiments/jetson_camera_publisher.py", line 165, in main
    rclpy.shutdown()
  File "/opt/ros/humble/local/lib/python3.10/dist-packages/rclpy/__init__.py", line 130, in shutdown
    _shutdown(context=context)
  File "/opt/ros/humble/local/lib/python3.10/dist-packages/rclpy/utilities.py", line 58, in shutdown
    return context.shutdown()
  File "/opt/ros/humble/local/lib/python3.10/dist-packages/rclpy/context.py", line 102, in shutdown
    self.__context.shutdown()
rclpy._rclpy_pybind11.RCLError: failed to shutdown: rcl_shutdown already called on the given context, at ./src/rcl/init.c:241
